[0.052s] Invoking command in '/home/jetson/robot_ws/build/nav2_amcl': AMENT_PREFIX_PATH=/home/jetson/robot_ws/install/nav2_util:/home/jetson/robot_ws/install/nav2_msgs:/home/jetson/robot_ws/install/nav2_common:${AMENT_PREFIX_PATH} CMAKE_PREFIX_PATH=/home/jetson/robot_ws/install/nav2_util:/home/jetson/robot_ws/install/nav2_msgs:/home/jetson/robot_ws/install/nav2_common:/home/jetson/robot_ws/install/servicerobot_joy:/opt/ros/humble LD_LIBRARY_PATH=/home/jetson/robot_ws/install/nav2_util/lib:/home/jetson/robot_ws/install/nav2_msgs/lib:${LD_LIBRARY_PATH} PYTHONPATH=/home/jetson/robot_ws/install/nav2_msgs/local/lib/python3.10/dist-packages:/home/jetson/robot_ws/install/nav2_common/local/lib/python3.10/dist-packages:${PYTHONPATH} /usr/bin/cmake /home/jetson/robot_ws/src/navigation2/nav2_amcl -DCMAKE_INSTALL_PREFIX=/home/jetson/robot_ws/install/nav2_amcl
[0.190s] -- The C compiler identification is GNU 11.4.0
[0.332s] -- The CXX compiler identification is GNU 11.4.0
[0.346s] -- Detecting C compiler ABI info
[0.507s] -- Detecting C compiler ABI info - done
[0.520s] -- Check for working C compiler: /usr/bin/cc - skipped
[0.520s] -- Detecting C compile features
[0.521s] -- Detecting C compile features - done
[0.529s] -- Detecting CXX compiler ABI info
[0.721s] -- Detecting CXX compiler ABI info - done
[0.733s] -- Check for working CXX compiler: /usr/bin/c++ - skipped
[0.733s] -- Detecting CXX compile features
[0.734s] -- Detecting CXX compile features - done
[0.739s] -- Found ament_cmake: 1.3.12 (/opt/ros/humble/share/ament_cmake/cmake)
[1.123s] -- Found Python3: /usr/bin/python3 (found version "3.10.12") found components: Interpreter 
[1.331s] -- Found nav2_common: 1.1.20 (/home/jetson/robot_ws/install/nav2_common/share/nav2_common/cmake)
[1.334s] -- Found rclcpp: 16.0.15 (/opt/ros/humble/share/rclcpp/cmake)
[1.413s] -- Found rosidl_generator_c: 3.1.7 (/opt/ros/humble/share/rosidl_generator_c/cmake)
[1.422s] -- Found rosidl_adapter: 3.1.7 (/opt/ros/humble/share/rosidl_adapter/cmake)
[1.438s] -- Found rosidl_generator_cpp: 3.1.7 (/opt/ros/humble/share/rosidl_generator_cpp/cmake)
[1.460s] -- Using all available rosidl_typesupport_c: rosidl_typesupport_fastrtps_c;rosidl_typesupport_introspection_c
[1.490s] -- Using all available rosidl_typesupport_cpp: rosidl_typesupport_fastrtps_cpp;rosidl_typesupport_introspection_cpp
[1.572s] -- Found rmw_implementation_cmake: 6.1.2 (/opt/ros/humble/share/rmw_implementation_cmake/cmake)
[1.578s] -- Found rmw_fastrtps_cpp: 6.2.9 (/opt/ros/humble/share/rmw_fastrtps_cpp/cmake)
[1.785s] -- Found OpenSSL: /usr/lib/aarch64-linux-gnu/libcrypto.so (found version "3.0.2")  
[1.845s] -- Found FastRTPS: /opt/ros/humble/include  
[1.944s] -- Using RMW implementation 'rmw_fastrtps_cpp' as default
[1.960s] -- Looking for pthread.h
[2.119s] -- Looking for pthread.h - found
[2.119s] -- Performing Test CMAKE_HAVE_LIBC_PTHREAD
[2.323s] -- Performing Test CMAKE_HAVE_LIBC_PTHREAD - Success
[2.324s] -- Found Threads: TRUE  
[2.454s] -- Found rclcpp_lifecycle: 16.0.15 (/opt/ros/humble/share/rclcpp_lifecycle/cmake)
[2.502s] -- Found rclcpp_components: 16.0.15 (/opt/ros/humble/share/rclcpp_components/cmake)
[2.557s] -- Found message_filters: 4.3.11 (/opt/ros/humble/share/message_filters/cmake)
[2.567s] -- Found tf2_geometry_msgs: 0.25.16 (/opt/ros/humble/share/tf2_geometry_msgs/cmake)
[2.625s] -- Found eigen3_cmake_module: 0.1.1 (/opt/ros/humble/share/eigen3_cmake_module/cmake)
[2.628s] -- Found Eigen3: TRUE (found version "3.4.0") 
[2.629s] -- Ensuring Eigen3 include directory is part of orocos-kdl CMake target
[2.779s] -- Found nav_msgs: 4.9.0 (/opt/ros/humble/share/nav_msgs/cmake)
[2.816s] -- Found sensor_msgs: 4.9.0 (/opt/ros/humble/share/sensor_msgs/cmake)
[2.850s] -- Found std_srvs: 4.9.0 (/opt/ros/humble/share/std_srvs/cmake)
[2.871s] -- Found nav2_util: 1.1.20 (/home/jetson/robot_ws/install/nav2_util/share/nav2_util/cmake)
[2.986s] -- Found pluginlib: 5.1.2 (/opt/ros/humble/share/pluginlib/cmake)
[3.038s] -- Setting build type to Release as none was specified.
[3.039s] -- Looking for drand48
[3.296s] -- Looking for drand48 - found
[3.631s] -- Found ament_lint_auto: 0.12.14 (/opt/ros/humble/share/ament_lint_auto/cmake)
[3.961s] -- Added test 'cppcheck' to perform static code analysis on C / C++ code
[3.963s] -- Configured cppcheck include dirs: /home/jetson/robot_ws/src/navigation2/nav2_amcl/include;/home/jetson/robot_ws/src/navigation2/nav2_amcl/src/include
[3.963s] -- Configured cppcheck exclude dirs and/or files: 
[3.967s] -- Added test 'lint_cmake' to check CMake code style
[3.972s] -- Added test 'uncrustify' to check C / C++ code style
[3.972s] -- Configured uncrustify additional arguments: 
[3.973s] -- Added test 'xmllint' to check XML markup files
[3.979s] -- Configuring done
[4.185s] -- Generating done
[4.219s] -- Build files have been written to: /home/jetson/robot_ws/build/nav2_amcl
[4.290s] Invoked command in '/home/jetson/robot_ws/build/nav2_amcl' returned '0': AMENT_PREFIX_PATH=/home/jetson/robot_ws/install/nav2_util:/home/jetson/robot_ws/install/nav2_msgs:/home/jetson/robot_ws/install/nav2_common:${AMENT_PREFIX_PATH} CMAKE_PREFIX_PATH=/home/jetson/robot_ws/install/nav2_util:/home/jetson/robot_ws/install/nav2_msgs:/home/jetson/robot_ws/install/nav2_common:/home/jetson/robot_ws/install/servicerobot_joy:/opt/ros/humble LD_LIBRARY_PATH=/home/jetson/robot_ws/install/nav2_util/lib:/home/jetson/robot_ws/install/nav2_msgs/lib:${LD_LIBRARY_PATH} PYTHONPATH=/home/jetson/robot_ws/install/nav2_msgs/local/lib/python3.10/dist-packages:/home/jetson/robot_ws/install/nav2_common/local/lib/python3.10/dist-packages:${PYTHONPATH} /usr/bin/cmake /home/jetson/robot_ws/src/navigation2/nav2_amcl -DCMAKE_INSTALL_PREFIX=/home/jetson/robot_ws/install/nav2_amcl
[4.292s] Invoking command in '/home/jetson/robot_ws/build/nav2_amcl': AMENT_PREFIX_PATH=/home/jetson/robot_ws/install/nav2_util:/home/jetson/robot_ws/install/nav2_msgs:/home/jetson/robot_ws/install/nav2_common:${AMENT_PREFIX_PATH} CMAKE_PREFIX_PATH=/home/jetson/robot_ws/install/nav2_util:/home/jetson/robot_ws/install/nav2_msgs:/home/jetson/robot_ws/install/nav2_common:/home/jetson/robot_ws/install/servicerobot_joy:/opt/ros/humble LD_LIBRARY_PATH=/home/jetson/robot_ws/install/nav2_util/lib:/home/jetson/robot_ws/install/nav2_msgs/lib:${LD_LIBRARY_PATH} PYTHONPATH=/home/jetson/robot_ws/install/nav2_msgs/local/lib/python3.10/dist-packages:/home/jetson/robot_ws/install/nav2_common/local/lib/python3.10/dist-packages:${PYTHONPATH} /usr/bin/cmake --build /home/jetson/robot_ws/build/nav2_amcl -- -j6 -l6
[4.683s] [  4%] [32mBuilding C object src/map/CMakeFiles/map_lib.dir/map.c.o[0m
[4.716s] [  8%] [32mBuilding C object src/map/CMakeFiles/map_lib.dir/map_range.c.o[0m
[4.727s] [ 12%] [32mBuilding CXX object src/map/CMakeFiles/map_lib.dir/map_cspace.cpp.o[0m
[4.728s] [ 16%] [32mBuilding C object src/map/CMakeFiles/map_lib.dir/map_draw.c.o[0m
[4.737s] [ 20%] [32mBuilding C object src/pf/CMakeFiles/pf_lib.dir/pf_kdtree.c.o[0m
[4.751s] [ 25%] [32mBuilding C object src/pf/CMakeFiles/pf_lib.dir/pf.c.o[0m
[4.986s] [ 29%] [32mBuilding C object src/pf/CMakeFiles/pf_lib.dir/pf_pdf.c.o[0m
[5.301s] [ 33%] [32mBuilding C object src/pf/CMakeFiles/pf_lib.dir/pf_vector.c.o[0m
[5.385s] [ 37%] [32mBuilding C object src/pf/CMakeFiles/pf_lib.dir/eig3.c.o[0m
[5.540s] [ 41%] [32mBuilding C object src/pf/CMakeFiles/pf_lib.dir/pf_draw.c.o[0m
[7.466s] [ 45%] [32m[1mLinking C shared library libpf_lib.so[0m
[8.048s] [ 45%] Built target pf_lib
[8.388s] [ 50%] [32mBuilding CXX object src/motion_model/CMakeFiles/motions_lib.dir/omni_motion_model.cpp.o[0m
[8.488s] [ 54%] [32mBuilding CXX object src/motion_model/CMakeFiles/motions_lib.dir/differential_motion_model.cpp.o[0m
[8.665s] [ 58%] [32m[1mLinking CXX shared library libmap_lib.so[0m
[9.007s] [ 58%] Built target map_lib
[9.359s] [ 62%] [32mBuilding CXX object src/sensors/CMakeFiles/sensors_lib.dir/laser/laser.cpp.o[0m
[9.367s] [ 66%] [32mBuilding CXX object src/sensors/CMakeFiles/sensors_lib.dir/laser/beam_model.cpp.o[0m
[9.441s] [ 70%] [32mBuilding CXX object src/sensors/CMakeFiles/sensors_lib.dir/laser/likelihood_field_model.cpp.o[0m
[9.446s] [ 75%] [32mBuilding CXX object src/sensors/CMakeFiles/sensors_lib.dir/laser/likelihood_field_model_prob.cpp.o[0m
[15.150s] [ 79%] [32m[1mLinking CXX shared library libsensors_lib.so[0m
[16.133s] [ 79%] Built target sensors_lib
[18.588s] [ 83%] [32m[1mLinking CXX shared library libmotions_lib.so[0m
[19.637s] [ 83%] Built target motions_lib
[19.803s] [ 87%] [32mBuilding CXX object CMakeFiles/amcl_core.dir/src/amcl_node.cpp.o[0m
[123.506s] [ 91%] [32m[1mLinking CXX shared library libamcl_core.so[0m
[124.467s] [ 91%] Built target amcl_core
[124.509s] [ 95%] [32mBuilding CXX object CMakeFiles/amcl.dir/src/main.cpp.o[0m
[135.783s] [100%] [32m[1mLinking CXX executable amcl[0m
[136.629s] [100%] Built target amcl
[136.654s] Invoked command in '/home/jetson/robot_ws/build/nav2_amcl' returned '0': AMENT_PREFIX_PATH=/home/jetson/robot_ws/install/nav2_util:/home/jetson/robot_ws/install/nav2_msgs:/home/jetson/robot_ws/install/nav2_common:${AMENT_PREFIX_PATH} CMAKE_PREFIX_PATH=/home/jetson/robot_ws/install/nav2_util:/home/jetson/robot_ws/install/nav2_msgs:/home/jetson/robot_ws/install/nav2_common:/home/jetson/robot_ws/install/servicerobot_joy:/opt/ros/humble LD_LIBRARY_PATH=/home/jetson/robot_ws/install/nav2_util/lib:/home/jetson/robot_ws/install/nav2_msgs/lib:${LD_LIBRARY_PATH} PYTHONPATH=/home/jetson/robot_ws/install/nav2_msgs/local/lib/python3.10/dist-packages:/home/jetson/robot_ws/install/nav2_common/local/lib/python3.10/dist-packages:${PYTHONPATH} /usr/bin/cmake --build /home/jetson/robot_ws/build/nav2_amcl -- -j6 -l6
[136.658s] Invoking command in '/home/jetson/robot_ws/build/nav2_amcl': AMENT_PREFIX_PATH=/home/jetson/robot_ws/install/nav2_util:/home/jetson/robot_ws/install/nav2_msgs:/home/jetson/robot_ws/install/nav2_common:${AMENT_PREFIX_PATH} CMAKE_PREFIX_PATH=/home/jetson/robot_ws/install/nav2_util:/home/jetson/robot_ws/install/nav2_msgs:/home/jetson/robot_ws/install/nav2_common:/home/jetson/robot_ws/install/servicerobot_joy:/opt/ros/humble LD_LIBRARY_PATH=/home/jetson/robot_ws/install/nav2_util/lib:/home/jetson/robot_ws/install/nav2_msgs/lib:${LD_LIBRARY_PATH} PYTHONPATH=/home/jetson/robot_ws/install/nav2_msgs/local/lib/python3.10/dist-packages:/home/jetson/robot_ws/install/nav2_common/local/lib/python3.10/dist-packages:${PYTHONPATH} /usr/bin/cmake --install /home/jetson/robot_ws/build/nav2_amcl
[136.673s] -- Install configuration: "Release"
[136.673s] -- Installing: /home/jetson/robot_ws/install/nav2_amcl/lib/libamcl_core.so
[136.684s] -- Set runtime path of "/home/jetson/robot_ws/install/nav2_amcl/lib/libamcl_core.so" to ""
[136.684s] -- Installing: /home/jetson/robot_ws/install/nav2_amcl/lib/nav2_amcl/amcl
[136.688s] -- Set runtime path of "/home/jetson/robot_ws/install/nav2_amcl/lib/nav2_amcl/amcl" to ""
[136.689s] -- Installing: /home/jetson/robot_ws/install/nav2_amcl/include/
[136.689s] -- Installing: /home/jetson/robot_ws/install/nav2_amcl/include//nav2_amcl
[136.689s] -- Installing: /home/jetson/robot_ws/install/nav2_amcl/include//nav2_amcl/amcl_node.hpp
[136.689s] -- Installing: /home/jetson/robot_ws/install/nav2_amcl/include//nav2_amcl/map
[136.689s] -- Installing: /home/jetson/robot_ws/install/nav2_amcl/include//nav2_amcl/map/map.hpp
[136.690s] -- Installing: /home/jetson/robot_ws/install/nav2_amcl/include//nav2_amcl/portable_utils.hpp
[136.690s] -- Installing: /home/jetson/robot_ws/install/nav2_amcl/include//nav2_amcl/motion_model
[136.690s] -- Installing: /home/jetson/robot_ws/install/nav2_amcl/include//nav2_amcl/motion_model/omni_motion_model.hpp
[136.691s] -- Installing: /home/jetson/robot_ws/install/nav2_amcl/include//nav2_amcl/motion_model/differential_motion_model.hpp
[136.691s] -- Installing: /home/jetson/robot_ws/install/nav2_amcl/include//nav2_amcl/motion_model/motion_model.hpp
[136.691s] -- Installing: /home/jetson/robot_ws/install/nav2_amcl/include//nav2_amcl/pf
[136.691s] -- Installing: /home/jetson/robot_ws/install/nav2_amcl/include//nav2_amcl/pf/eig3.hpp
[136.692s] -- Installing: /home/jetson/robot_ws/install/nav2_amcl/include//nav2_amcl/pf/pf.hpp
[136.692s] -- Installing: /home/jetson/robot_ws/install/nav2_amcl/include//nav2_amcl/pf/pf_vector.hpp
[136.692s] -- Installing: /home/jetson/robot_ws/install/nav2_amcl/include//nav2_amcl/pf/pf_kdtree.hpp
[136.693s] -- Installing: /home/jetson/robot_ws/install/nav2_amcl/include//nav2_amcl/pf/pf_pdf.hpp
[136.694s] -- Installing: /home/jetson/robot_ws/install/nav2_amcl/include//nav2_amcl/angleutils.hpp
[136.694s] -- Installing: /home/jetson/robot_ws/install/nav2_amcl/include//nav2_amcl/sensors
[136.694s] -- Installing: /home/jetson/robot_ws/install/nav2_amcl/include//nav2_amcl/sensors/laser
[136.694s] -- Installing: /home/jetson/robot_ws/install/nav2_amcl/include//nav2_amcl/sensors/laser/laser.hpp
[136.695s] -- Installing: /home/jetson/robot_ws/install/nav2_amcl/share/nav2_amcl/environment/library_path.sh
[136.697s] -- Installing: /home/jetson/robot_ws/install/nav2_amcl/share/nav2_amcl/environment/library_path.dsv
[136.698s] -- Installing: /home/jetson/robot_ws/install/nav2_amcl/share/nav2_amcl/plugins.xml
[136.699s] -- Installing: /home/jetson/robot_ws/install/nav2_amcl/share/ament_index/resource_index/package_run_dependencies/nav2_amcl
[136.700s] -- Installing: /home/jetson/robot_ws/install/nav2_amcl/share/ament_index/resource_index/parent_prefix_path/nav2_amcl
[136.700s] -- Installing: /home/jetson/robot_ws/install/nav2_amcl/share/nav2_amcl/environment/ament_prefix_path.sh
[136.700s] -- Installing: /home/jetson/robot_ws/install/nav2_amcl/share/nav2_amcl/environment/ament_prefix_path.dsv
[136.701s] -- Installing: /home/jetson/robot_ws/install/nav2_amcl/share/nav2_amcl/environment/path.sh
[136.701s] -- Installing: /home/jetson/robot_ws/install/nav2_amcl/share/nav2_amcl/environment/path.dsv
[136.702s] -- Installing: /home/jetson/robot_ws/install/nav2_amcl/share/nav2_amcl/local_setup.bash
[136.702s] -- Installing: /home/jetson/robot_ws/install/nav2_amcl/share/nav2_amcl/local_setup.sh
[136.702s] -- Installing: /home/jetson/robot_ws/install/nav2_amcl/share/nav2_amcl/local_setup.zsh
[136.702s] -- Installing: /home/jetson/robot_ws/install/nav2_amcl/share/nav2_amcl/local_setup.dsv
[136.703s] -- Installing: /home/jetson/robot_ws/install/nav2_amcl/share/nav2_amcl/package.dsv
[136.703s] -- Installing: /home/jetson/robot_ws/install/nav2_amcl/share/ament_index/resource_index/packages/nav2_amcl
[136.704s] -- Installing: /home/jetson/robot_ws/install/nav2_amcl/share/ament_index/resource_index/nav2_amcl__pluginlib__plugin/nav2_amcl
[136.705s] -- Installing: /home/jetson/robot_ws/install/nav2_amcl/share/ament_index/resource_index/rclcpp_components/nav2_amcl
[136.705s] -- Installing: /home/jetson/robot_ws/install/nav2_amcl/share/nav2_amcl/cmake/ament_cmake_export_include_directories-extras.cmake
[136.705s] -- Installing: /home/jetson/robot_ws/install/nav2_amcl/share/nav2_amcl/cmake/ament_cmake_export_libraries-extras.cmake
[136.705s] -- Installing: /home/jetson/robot_ws/install/nav2_amcl/share/nav2_amcl/cmake/ament_cmake_export_dependencies-extras.cmake
[136.706s] -- Installing: /home/jetson/robot_ws/install/nav2_amcl/share/nav2_amcl/cmake/nav2_amclConfig.cmake
[136.706s] -- Installing: /home/jetson/robot_ws/install/nav2_amcl/share/nav2_amcl/cmake/nav2_amclConfig-version.cmake
[136.707s] -- Installing: /home/jetson/robot_ws/install/nav2_amcl/share/nav2_amcl/package.xml
[136.708s] -- Installing: /home/jetson/robot_ws/install/nav2_amcl/lib/libpf_lib.so
[136.708s] -- Installing: /home/jetson/robot_ws/install/nav2_amcl/lib/libmap_lib.so
[136.709s] -- Installing: /home/jetson/robot_ws/install/nav2_amcl/lib/libmotions_lib.so
[136.710s] -- Set runtime path of "/home/jetson/robot_ws/install/nav2_amcl/lib/libmotions_lib.so" to ""
[136.710s] -- Installing: /home/jetson/robot_ws/install/nav2_amcl/lib/libsensors_lib.so
[136.711s] -- Set runtime path of "/home/jetson/robot_ws/install/nav2_amcl/lib/libsensors_lib.so" to ""
[136.727s] Invoked command in '/home/jetson/robot_ws/build/nav2_amcl' returned '0': AMENT_PREFIX_PATH=/home/jetson/robot_ws/install/nav2_util:/home/jetson/robot_ws/install/nav2_msgs:/home/jetson/robot_ws/install/nav2_common:${AMENT_PREFIX_PATH} CMAKE_PREFIX_PATH=/home/jetson/robot_ws/install/nav2_util:/home/jetson/robot_ws/install/nav2_msgs:/home/jetson/robot_ws/install/nav2_common:/home/jetson/robot_ws/install/servicerobot_joy:/opt/ros/humble LD_LIBRARY_PATH=/home/jetson/robot_ws/install/nav2_util/lib:/home/jetson/robot_ws/install/nav2_msgs/lib:${LD_LIBRARY_PATH} PYTHONPATH=/home/jetson/robot_ws/install/nav2_msgs/local/lib/python3.10/dist-packages:/home/jetson/robot_ws/install/nav2_common/local/lib/python3.10/dist-packages:${PYTHONPATH} /usr/bin/cmake --install /home/jetson/robot_ws/build/nav2_amcl
