[0.068s] Invoking command in '/home/jetson/robot_ws/build/nav2_common': CMAKE_PREFIX_PATH=/opt/ros/humble /usr/bin/cmake /home/jetson/robot_ws/src/navigation2/nav2_common -DCMAKE_INSTALL_PREFIX=/home/jetson/robot_ws/install/nav2_common
[0.721s] -- Found ament_cmake_core: 1.3.12 (/opt/ros/humble/share/ament_cmake_core/cmake)
[0.722s] -- Found Python3: /usr/bin/python3 (found version "3.10.12") found components: Interpreter 
[0.803s] -- Found ament_cmake_python: 1.3.12 (/opt/ros/humble/share/ament_cmake_python/cmake)
[1.475s] -- Configuring done
[1.482s] -- Generating done
[1.496s] -- Build files have been written to: /home/jetson/robot_ws/build/nav2_common
[1.517s] Invoked command in '/home/jetson/robot_ws/build/nav2_common' returned '0': CMAKE_PREFIX_PATH=/opt/ros/humble /usr/bin/cmake /home/jetson/robot_ws/src/navigation2/nav2_common -DCMAKE_INSTALL_PREFIX=/home/jetson/robot_ws/install/nav2_common
[1.521s] Invoking command in '/home/jetson/robot_ws/build/nav2_common': CMAKE_PREFIX_PATH=/opt/ros/humble /usr/bin/cmake --build /home/jetson/robot_ws/build/nav2_common -- -j6 -l6
[1.860s] Built target ament_cmake_python_copy_nav2_common
[2.713s] running egg_info
[2.714s] creating nav2_common.egg-info
[2.715s] writing nav2_common.egg-info/PKG-INFO
[2.715s] writing dependency_links to nav2_common.egg-info/dependency_links.txt
[2.715s] writing top-level names to nav2_common.egg-info/top_level.txt
[2.716s] writing manifest file 'nav2_common.egg-info/SOURCES.txt'
[2.720s] reading manifest file 'nav2_common.egg-info/SOURCES.txt'
[2.721s] writing manifest file 'nav2_common.egg-info/SOURCES.txt'
[2.850s] Built target ament_cmake_python_build_nav2_common_egg
[2.896s] Invoked command in '/home/jetson/robot_ws/build/nav2_common' returned '0': CMAKE_PREFIX_PATH=/opt/ros/humble /usr/bin/cmake --build /home/jetson/robot_ws/build/nav2_common -- -j6 -l6
[2.970s] Invoking command in '/home/jetson/robot_ws/build/nav2_common': CMAKE_PREFIX_PATH=/opt/ros/humble /usr/bin/cmake --install /home/jetson/robot_ws/build/nav2_common
[3.151s] -- Install configuration: ""
[3.151s] -- Installing: /home/jetson/robot_ws/install/nav2_common/share/nav2_common/environment/pythonpath.sh
[3.151s] -- Installing: /home/jetson/robot_ws/install/nav2_common/share/nav2_common/environment/pythonpath.dsv
[3.152s] -- Installing: /home/jetson/robot_ws/install/nav2_common/local/lib/python3.10/dist-packages/nav2_common-1.1.20-py3.10.egg-info
[3.152s] -- Installing: /home/jetson/robot_ws/install/nav2_common/local/lib/python3.10/dist-packages/nav2_common-1.1.20-py3.10.egg-info/top_level.txt
[3.152s] -- Installing: /home/jetson/robot_ws/install/nav2_common/local/lib/python3.10/dist-packages/nav2_common-1.1.20-py3.10.egg-info/SOURCES.txt
[3.153s] -- Installing: /home/jetson/robot_ws/install/nav2_common/local/lib/python3.10/dist-packages/nav2_common-1.1.20-py3.10.egg-info/PKG-INFO
[3.153s] -- Installing: /home/jetson/robot_ws/install/nav2_common/local/lib/python3.10/dist-packages/nav2_common-1.1.20-py3.10.egg-info/dependency_links.txt
[3.153s] -- Installing: /home/jetson/robot_ws/install/nav2_common/local/lib/python3.10/dist-packages/nav2_common
[3.153s] -- Installing: /home/jetson/robot_ws/install/nav2_common/local/lib/python3.10/dist-packages/nav2_common/launch
[3.154s] -- Installing: /home/jetson/robot_ws/install/nav2_common/local/lib/python3.10/dist-packages/nav2_common/launch/replace_string.py
[3.154s] -- Installing: /home/jetson/robot_ws/install/nav2_common/local/lib/python3.10/dist-packages/nav2_common/launch/parse_multirobot_pose.py
[3.154s] -- Installing: /home/jetson/robot_ws/install/nav2_common/local/lib/python3.10/dist-packages/nav2_common/launch/has_node_params.py
[3.154s] -- Installing: /home/jetson/robot_ws/install/nav2_common/local/lib/python3.10/dist-packages/nav2_common/launch/rewritten_yaml.py
[3.154s] -- Installing: /home/jetson/robot_ws/install/nav2_common/local/lib/python3.10/dist-packages/nav2_common/launch/__init__.py
[3.154s] -- Installing: /home/jetson/robot_ws/install/nav2_common/local/lib/python3.10/dist-packages/nav2_common/__init__.py
[3.154s] Listing '/home/jetson/robot_ws/install/nav2_common/local/lib/python3.10/dist-packages/nav2_common'...
[3.154s] Compiling '/home/jetson/robot_ws/install/nav2_common/local/lib/python3.10/dist-packages/nav2_common/__init__.py'...
[3.154s] Listing '/home/jetson/robot_ws/install/nav2_common/local/lib/python3.10/dist-packages/nav2_common/launch'...
[3.155s] Compiling '/home/jetson/robot_ws/install/nav2_common/local/lib/python3.10/dist-packages/nav2_common/launch/__init__.py'...
[3.155s] Compiling '/home/jetson/robot_ws/install/nav2_common/local/lib/python3.10/dist-packages/nav2_common/launch/has_node_params.py'...
[3.155s] Compiling '/home/jetson/robot_ws/install/nav2_common/local/lib/python3.10/dist-packages/nav2_common/launch/parse_multirobot_pose.py'...
[3.155s] Compiling '/home/jetson/robot_ws/install/nav2_common/local/lib/python3.10/dist-packages/nav2_common/launch/replace_string.py'...
[3.155s] Compiling '/home/jetson/robot_ws/install/nav2_common/local/lib/python3.10/dist-packages/nav2_common/launch/rewritten_yaml.py'...
[3.155s] -- Installing: /home/jetson/robot_ws/install/nav2_common/share/ament_index/resource_index/package_run_dependencies/nav2_common
[3.155s] -- Installing: /home/jetson/robot_ws/install/nav2_common/share/ament_index/resource_index/parent_prefix_path/nav2_common
[3.155s] -- Installing: /home/jetson/robot_ws/install/nav2_common/share/nav2_common/environment/ament_prefix_path.sh
[3.155s] -- Installing: /home/jetson/robot_ws/install/nav2_common/share/nav2_common/environment/ament_prefix_path.dsv
[3.155s] -- Installing: /home/jetson/robot_ws/install/nav2_common/share/nav2_common/environment/path.sh
[3.156s] -- Installing: /home/jetson/robot_ws/install/nav2_common/share/nav2_common/environment/path.dsv
[3.156s] -- Installing: /home/jetson/robot_ws/install/nav2_common/share/nav2_common/local_setup.bash
[3.156s] -- Installing: /home/jetson/robot_ws/install/nav2_common/share/nav2_common/local_setup.sh
[3.156s] -- Installing: /home/jetson/robot_ws/install/nav2_common/share/nav2_common/local_setup.zsh
[3.156s] -- Installing: /home/jetson/robot_ws/install/nav2_common/share/nav2_common/local_setup.dsv
[3.156s] -- Installing: /home/jetson/robot_ws/install/nav2_common/share/nav2_common/package.dsv
[3.156s] -- Installing: /home/jetson/robot_ws/install/nav2_common/share/ament_index/resource_index/packages/nav2_common
[3.156s] -- Installing: /home/jetson/robot_ws/install/nav2_common/share/nav2_common/cmake/nav2_common-extras.cmake
[3.156s] -- Installing: /home/jetson/robot_ws/install/nav2_common/share/nav2_common/cmake/nav2_commonConfig.cmake
[3.156s] -- Installing: /home/jetson/robot_ws/install/nav2_common/share/nav2_common/cmake/nav2_commonConfig-version.cmake
[3.157s] -- Installing: /home/jetson/robot_ws/install/nav2_common/share/nav2_common/package.xml
[3.157s] -- Up-to-date: /home/jetson/robot_ws/install/nav2_common/share/nav2_common/cmake
[3.157s] -- Installing: /home/jetson/robot_ws/install/nav2_common/share/nav2_common/cmake/nav2_package.cmake
[3.201s] Invoked command in '/home/jetson/robot_ws/build/nav2_common' returned '0': CMAKE_PREFIX_PATH=/opt/ros/humble /usr/bin/cmake --install /home/jetson/robot_ws/build/nav2_common
