[1.090s] Invoking command in '/home/jetson/robot_ws/src/servicerobot_teleop': PYTHONPATH=/home/jetson/robot_ws/build/servicerobot_teleop/prefix_override:/usr/lib/python3/dist-packages/colcon_core/task/python/colcon_distutils_commands:/home/jetson/robot_ws/install/servicerobot_teleop/lib/python3.10/site-packages:${PYTHONPATH} /usr/bin/python3 -W ignore:setup.py install is deprecated -W ignore:easy_install command is deprecated setup.py egg_info --egg-base ../../build/servicerobot_teleop build --build-base /home/jetson/robot_ws/build/servicerobot_teleop/build install --record /home/jetson/robot_ws/build/servicerobot_teleop/install.log --single-version-externally-managed install_data
[1.531s] running egg_info
[1.532s] writing ../../build/servicerobot_teleop/servicerobot_teleop.egg-info/PKG-INFO
[1.533s] writing dependency_links to ../../build/servicerobot_teleop/servicerobot_teleop.egg-info/dependency_links.txt
[1.533s] writing entry points to ../../build/servicerobot_teleop/servicerobot_teleop.egg-info/entry_points.txt
[1.534s] writing requirements to ../../build/servicerobot_teleop/servicerobot_teleop.egg-info/requires.txt
[1.534s] writing top-level names to ../../build/servicerobot_teleop/servicerobot_teleop.egg-info/top_level.txt
[1.538s] reading manifest file '../../build/servicerobot_teleop/servicerobot_teleop.egg-info/SOURCES.txt'
[1.540s] writing manifest file '../../build/servicerobot_teleop/servicerobot_teleop.egg-info/SOURCES.txt'
[1.540s] running build
[1.540s] running build_py
[1.540s] copying servicerobot_teleop/teleop_node.py -> /home/jetson/robot_ws/build/servicerobot_teleop/build/lib/servicerobot_teleop
[1.541s] running install
[1.541s] running install_lib
[1.543s] copying /home/jetson/robot_ws/build/servicerobot_teleop/build/lib/servicerobot_teleop/teleop_node.py -> /home/jetson/robot_ws/install/servicerobot_teleop/lib/python3.10/site-packages/servicerobot_teleop
[1.544s] byte-compiling /home/jetson/robot_ws/install/servicerobot_teleop/lib/python3.10/site-packages/servicerobot_teleop/teleop_node.py to teleop_node.cpython-310.pyc
[1.546s] running install_data
[1.546s] running install_egg_info
[1.550s] removing '/home/jetson/robot_ws/install/servicerobot_teleop/lib/python3.10/site-packages/servicerobot_teleop-0.0.0-py3.10.egg-info' (and everything under it)
[1.551s] Copying ../../build/servicerobot_teleop/servicerobot_teleop.egg-info to /home/jetson/robot_ws/install/servicerobot_teleop/lib/python3.10/site-packages/servicerobot_teleop-0.0.0-py3.10.egg-info
[1.553s] running install_scripts
[1.592s] Installing teleop_node script to /home/jetson/robot_ws/install/servicerobot_teleop/lib/servicerobot_teleop
[1.592s] writing list of installed files to '/home/jetson/robot_ws/build/servicerobot_teleop/install.log'
[1.658s] Invoked command in '/home/jetson/robot_ws/src/servicerobot_teleop' returned '0': PYTHONPATH=/home/jetson/robot_ws/build/servicerobot_teleop/prefix_override:/usr/lib/python3/dist-packages/colcon_core/task/python/colcon_distutils_commands:/home/jetson/robot_ws/install/servicerobot_teleop/lib/python3.10/site-packages:${PYTHONPATH} /usr/bin/python3 -W ignore:setup.py install is deprecated -W ignore:easy_install command is deprecated setup.py egg_info --egg-base ../../build/servicerobot_teleop build --build-base /home/jetson/robot_ws/build/servicerobot_teleop/build install --record /home/jetson/robot_ws/build/servicerobot_teleop/install.log --single-version-externally-managed install_data
