[0.049s] Invoking command in '/home/jetson/robot_ws/build/nav2_waypoint_follower': AMENT_PREFIX_PATH=/home/jetson/robot_ws/install/nav2_core:/home/jetson/robot_ws/install/nav2_costmap_2d:/home/jetson/robot_ws/install/nav2_map_server:/home/jetson/robot_ws/install/nav2_lifecycle_manager:/home/jetson/robot_ws/install/nav2_util:/home/jetson/robot_ws/install/nav2_voxel_grid:/home/jetson/robot_ws/install/nav2_msgs:/home/jetson/robot_ws/install/nav2_common:${AMENT_PREFIX_PATH} CMAKE_PREFIX_PATH=/home/jetson/robot_ws/install/nav2_core:/home/jetson/robot_ws/install/nav2_costmap_2d:/home/jetson/robot_ws/install/nav2_map_server:/home/jetson/robot_ws/install/nav2_lifecycle_manager:/home/jetson/robot_ws/install/nav2_util:/home/jetson/robot_ws/install/nav2_voxel_grid:/home/jetson/robot_ws/install/nav2_msgs:/home/jetson/robot_ws/install/nav2_common:/opt/ros/humble LD_LIBRARY_PATH=/home/jetson/robot_ws/install/nav2_costmap_2d/lib:/home/jetson/robot_ws/install/nav2_map_server/lib:/home/jetson/robot_ws/install/nav2_lifecycle_manager/lib:/home/jetson/robot_ws/install/nav2_util/lib:/home/jetson/robot_ws/install/nav2_voxel_grid/lib:/home/jetson/robot_ws/install/nav2_msgs/lib:${LD_LIBRARY_PATH} PYTHONPATH=/home/jetson/robot_ws/install/nav2_msgs/local/lib/python3.10/dist-packages:/home/jetson/robot_ws/install/nav2_common/local/lib/python3.10/dist-packages:${PYTHONPATH} /usr/bin/cmake /home/jetson/robot_ws/src/navigation2/nav2_waypoint_follower -DCMAKE_INSTALL_PREFIX=/home/jetson/robot_ws/install/nav2_waypoint_follower
[80.592s] -- The C compiler identification is GNU 11.4.0
[80.593s] -- The CXX compiler identification is GNU 11.4.0
[80.593s] -- Detecting C compiler ABI info
[80.593s] -- Detecting C compiler ABI info - done
[80.593s] -- Check for working C compiler: /usr/bin/cc - skipped
[80.593s] -- Detecting C compile features
[80.593s] -- Detecting C compile features - done
[80.593s] -- Detecting CXX compiler ABI info
[80.593s] -- Detecting CXX compiler ABI info - done
[80.593s] -- Check for working CXX compiler: /usr/bin/c++ - skipped
[80.593s] -- Detecting CXX compile features
[80.594s] -- Detecting CXX compile features - done
[80.594s] -- Found OpenCV version 4.8.0
[80.594s] -- Found image_transport: 3.1.12 (/opt/ros/humble/share/image_transport/cmake)
[80.594s] -- Found Python3: /usr/bin/python3 (found version "3.10.12") found components: Interpreter 
[80.594s] -- Found rosidl_generator_c: 3.1.7 (/opt/ros/humble/share/rosidl_generator_c/cmake)
[80.594s] -- Found rosidl_adapter: 3.1.7 (/opt/ros/humble/share/rosidl_adapter/cmake)
[80.594s] -- Found rosidl_generator_cpp: 3.1.7 (/opt/ros/humble/share/rosidl_generator_cpp/cmake)
[80.594s] -- Using all available rosidl_typesupport_c: rosidl_typesupport_fastrtps_c;rosidl_typesupport_introspection_c
[80.594s] -- Using all available rosidl_typesupport_cpp: rosidl_typesupport_fastrtps_cpp;rosidl_typesupport_introspection_cpp
[80.594s] -- Found rmw_implementation_cmake: 6.1.2 (/opt/ros/humble/share/rmw_implementation_cmake/cmake)
[80.595s] -- Found rmw_fastrtps_cpp: 6.2.9 (/opt/ros/humble/share/rmw_fastrtps_cpp/cmake)
[80.595s] -- Found OpenSSL: /usr/lib/aarch64-linux-gnu/libcrypto.so (found version "3.0.2")  
[80.595s] -- Found FastRTPS: /opt/ros/humble/include  
[80.595s] -- Using RMW implementation 'rmw_fastrtps_cpp' as default
[80.595s] -- Looking for pthread.h
[80.595s] -- Looking for pthread.h - found
[80.595s] -- Performing Test CMAKE_HAVE_LIBC_PTHREAD
[80.595s] -- Performing Test CMAKE_HAVE_LIBC_PTHREAD - Success
[80.595s] -- Found Threads: TRUE  
[80.595s] -- Found cv_bridge: 3.2.1 (/opt/ros/humble/share/cv_bridge/cmake)
[80.595s] -- Found nav2_common: 1.1.20 (/home/jetson/robot_ws/install/nav2_common/share/nav2_common/cmake)
[80.596s] -- Found rclcpp_action: 16.0.15 (/opt/ros/humble/share/rclcpp_action/cmake)
[80.596s] -- Found rclcpp_lifecycle: 16.0.15 (/opt/ros/humble/share/rclcpp_lifecycle/cmake)
[80.600s] -- Found rclcpp_components: 16.0.15 (/opt/ros/humble/share/rclcpp_components/cmake)
[80.601s] -- Found nav_msgs: 4.9.0 (/opt/ros/humble/share/nav_msgs/cmake)
[80.601s] -- Found nav2_msgs: 1.1.20 (/home/jetson/robot_ws/install/nav2_msgs/share/nav2_msgs/cmake)
[80.601s] -- Found nav2_util: 1.1.20 (/home/jetson/robot_ws/install/nav2_util/share/nav2_util/cmake)
[80.601s] -- Found eigen3_cmake_module: 0.1.1 (/opt/ros/humble/share/eigen3_cmake_module/cmake)
[80.601s] -- Found Eigen3: TRUE (found version "3.4.0") 
[80.601s] -- Ensuring Eigen3 include directory is part of orocos-kdl CMake target
[80.601s] -- Found nav2_core: 1.1.20 (/home/jetson/robot_ws/install/nav2_core/share/nav2_core/cmake)
[80.601s] -- Setting build type to Release as none was specified.
[80.602s] -- Found ament_lint_auto: 0.12.14 (/opt/ros/humble/share/ament_lint_auto/cmake)
[80.602s] -- Found ament_cmake_gtest: 1.3.12 (/opt/ros/humble/share/ament_cmake_gtest/cmake)
[80.602s] -- Found gtest sources under '/opt/ros/humble/src/gtest_vendor': C++ tests using 'Google Test' will be built
[80.602s] -- Added test 'copyright' to check source files copyright and LICENSE
[80.602s] -- Added test 'cppcheck' to perform static code analysis on C / C++ code
[80.602s] -- Configured cppcheck include dirs: /home/jetson/robot_ws/src/navigation2/nav2_waypoint_follower/include
[80.602s] -- Configured cppcheck exclude dirs and/or files: 
[80.602s] -- Added test 'cpplint' to check C / C++ code against the Google style
[80.602s] -- Configured cpplint exclude dirs and/or files: 
[80.602s] -- Added test 'lint_cmake' to check CMake code style
[80.602s] -- Added test 'uncrustify' to check C / C++ code style
[80.603s] -- Configured uncrustify additional arguments: 
[80.603s] -- Added test 'xmllint' to check XML markup files
[80.603s] -- Configuring done
[80.603s] -- Generating done
[80.603s] -- Build files have been written to: /home/jetson/robot_ws/build/nav2_waypoint_follower
[80.626s] Invoked command in '/home/jetson/robot_ws/build/nav2_waypoint_follower' returned '0': AMENT_PREFIX_PATH=/home/jetson/robot_ws/install/nav2_core:/home/jetson/robot_ws/install/nav2_costmap_2d:/home/jetson/robot_ws/install/nav2_map_server:/home/jetson/robot_ws/install/nav2_lifecycle_manager:/home/jetson/robot_ws/install/nav2_util:/home/jetson/robot_ws/install/nav2_voxel_grid:/home/jetson/robot_ws/install/nav2_msgs:/home/jetson/robot_ws/install/nav2_common:${AMENT_PREFIX_PATH} CMAKE_PREFIX_PATH=/home/jetson/robot_ws/install/nav2_core:/home/jetson/robot_ws/install/nav2_costmap_2d:/home/jetson/robot_ws/install/nav2_map_server:/home/jetson/robot_ws/install/nav2_lifecycle_manager:/home/jetson/robot_ws/install/nav2_util:/home/jetson/robot_ws/install/nav2_voxel_grid:/home/jetson/robot_ws/install/nav2_msgs:/home/jetson/robot_ws/install/nav2_common:/opt/ros/humble LD_LIBRARY_PATH=/home/jetson/robot_ws/install/nav2_costmap_2d/lib:/home/jetson/robot_ws/install/nav2_map_server/lib:/home/jetson/robot_ws/install/nav2_lifecycle_manager/lib:/home/jetson/robot_ws/install/nav2_util/lib:/home/jetson/robot_ws/install/nav2_voxel_grid/lib:/home/jetson/robot_ws/install/nav2_msgs/lib:${LD_LIBRARY_PATH} PYTHONPATH=/home/jetson/robot_ws/install/nav2_msgs/local/lib/python3.10/dist-packages:/home/jetson/robot_ws/install/nav2_common/local/lib/python3.10/dist-packages:${PYTHONPATH} /usr/bin/cmake /home/jetson/robot_ws/src/navigation2/nav2_waypoint_follower -DCMAKE_INSTALL_PREFIX=/home/jetson/robot_ws/install/nav2_waypoint_follower
[80.627s] Invoking command in '/home/jetson/robot_ws/build/nav2_waypoint_follower': AMENT_PREFIX_PATH=/home/jetson/robot_ws/install/nav2_core:/home/jetson/robot_ws/install/nav2_costmap_2d:/home/jetson/robot_ws/install/nav2_map_server:/home/jetson/robot_ws/install/nav2_lifecycle_manager:/home/jetson/robot_ws/install/nav2_util:/home/jetson/robot_ws/install/nav2_voxel_grid:/home/jetson/robot_ws/install/nav2_msgs:/home/jetson/robot_ws/install/nav2_common:${AMENT_PREFIX_PATH} CMAKE_PREFIX_PATH=/home/jetson/robot_ws/install/nav2_core:/home/jetson/robot_ws/install/nav2_costmap_2d:/home/jetson/robot_ws/install/nav2_map_server:/home/jetson/robot_ws/install/nav2_lifecycle_manager:/home/jetson/robot_ws/install/nav2_util:/home/jetson/robot_ws/install/nav2_voxel_grid:/home/jetson/robot_ws/install/nav2_msgs:/home/jetson/robot_ws/install/nav2_common:/opt/ros/humble LD_LIBRARY_PATH=/home/jetson/robot_ws/install/nav2_costmap_2d/lib:/home/jetson/robot_ws/install/nav2_map_server/lib:/home/jetson/robot_ws/install/nav2_lifecycle_manager/lib:/home/jetson/robot_ws/install/nav2_util/lib:/home/jetson/robot_ws/install/nav2_voxel_grid/lib:/home/jetson/robot_ws/install/nav2_msgs/lib:${LD_LIBRARY_PATH} PYTHONPATH=/home/jetson/robot_ws/install/nav2_msgs/local/lib/python3.10/dist-packages:/home/jetson/robot_ws/install/nav2_common/local/lib/python3.10/dist-packages:${PYTHONPATH} /usr/bin/cmake --build /home/jetson/robot_ws/build/nav2_waypoint_follower -- -j6 -l6
[80.776s] [  5%] [32mBuilding CXX object CMakeFiles/waypoint_follower_core.dir/src/waypoint_follower.cpp.o[0m
[113.037s] [ 11%] [32m[1mLinking CXX shared library libwaypoint_follower_core.so[0m
[113.851s] [ 11%] Built target waypoint_follower_core
[113.891s] [ 16%] [32mBuilding CXX object gtest/CMakeFiles/gtest.dir/src/gtest-all.cc.o[0m
[130.653s] [ 22%] [32m[1mLinking CXX static library libgtest.a[0m
[130.745s] [ 22%] Built target gtest
[130.792s] [ 27%] [32mBuilding CXX object CMakeFiles/waypoint_follower.dir/src/main.cpp.o[0m
[139.963s] [ 33%] [32m[1mLinking CXX executable waypoint_follower[0m
[140.657s] [ 33%] Built target waypoint_follower
[140.701s] [ 38%] [32mBuilding CXX object gtest/CMakeFiles/gtest_main.dir/src/gtest_main.cc.o[0m
[142.810s] [ 44%] [32m[1mLinking CXX static library libgtest_main.a[0m
[142.897s] [ 44%] Built target gtest_main
[142.959s] [ 50%] [32mBuilding CXX object CMakeFiles/input_at_waypoint.dir/plugins/input_at_waypoint.cpp.o[0m
[170.219s] [ 55%] [32m[1mLinking CXX shared library libinput_at_waypoint.so[0m
[171.307s] [ 55%] Built target input_at_waypoint
[171.427s] [ 61%] [32mBuilding CXX object test/CMakeFiles/test_dynamic_parameters.dir/test_dynamic_parameters.cpp.o[0m
[190.096s] [ 66%] [32m[1mLinking CXX executable test_dynamic_parameters[0m
[191.373s] [ 66%] Built target test_dynamic_parameters
[191.499s] [ 72%] [32mBuilding CXX object CMakeFiles/photo_at_waypoint.dir/plugins/photo_at_waypoint.cpp.o[0m
[222.360s] [ 77%] [32m[1mLinking CXX shared library libphoto_at_waypoint.so[0m
[223.100s] [ 77%] Built target photo_at_waypoint
[223.147s] [ 83%] [32mBuilding CXX object CMakeFiles/wait_at_waypoint.dir/plugins/wait_at_waypoint.cpp.o[0m
[231.672s] [ 88%] [32m[1mLinking CXX shared library libwait_at_waypoint.so[0m
[232.225s] [ 88%] Built target wait_at_waypoint
[232.283s] [ 94%] [32mBuilding CXX object test/CMakeFiles/test_task_executors.dir/test_task_executors.cpp.o[0m
[255.736s] [100%] [32m[1mLinking CXX executable test_task_executors[0m
[257.311s] [100%] Built target test_task_executors
[257.337s] Invoked command in '/home/jetson/robot_ws/build/nav2_waypoint_follower' returned '0': AMENT_PREFIX_PATH=/home/jetson/robot_ws/install/nav2_core:/home/jetson/robot_ws/install/nav2_costmap_2d:/home/jetson/robot_ws/install/nav2_map_server:/home/jetson/robot_ws/install/nav2_lifecycle_manager:/home/jetson/robot_ws/install/nav2_util:/home/jetson/robot_ws/install/nav2_voxel_grid:/home/jetson/robot_ws/install/nav2_msgs:/home/jetson/robot_ws/install/nav2_common:${AMENT_PREFIX_PATH} CMAKE_PREFIX_PATH=/home/jetson/robot_ws/install/nav2_core:/home/jetson/robot_ws/install/nav2_costmap_2d:/home/jetson/robot_ws/install/nav2_map_server:/home/jetson/robot_ws/install/nav2_lifecycle_manager:/home/jetson/robot_ws/install/nav2_util:/home/jetson/robot_ws/install/nav2_voxel_grid:/home/jetson/robot_ws/install/nav2_msgs:/home/jetson/robot_ws/install/nav2_common:/opt/ros/humble LD_LIBRARY_PATH=/home/jetson/robot_ws/install/nav2_costmap_2d/lib:/home/jetson/robot_ws/install/nav2_map_server/lib:/home/jetson/robot_ws/install/nav2_lifecycle_manager/lib:/home/jetson/robot_ws/install/nav2_util/lib:/home/jetson/robot_ws/install/nav2_voxel_grid/lib:/home/jetson/robot_ws/install/nav2_msgs/lib:${LD_LIBRARY_PATH} PYTHONPATH=/home/jetson/robot_ws/install/nav2_msgs/local/lib/python3.10/dist-packages:/home/jetson/robot_ws/install/nav2_common/local/lib/python3.10/dist-packages:${PYTHONPATH} /usr/bin/cmake --build /home/jetson/robot_ws/build/nav2_waypoint_follower -- -j6 -l6
[257.340s] Invoking command in '/home/jetson/robot_ws/build/nav2_waypoint_follower': AMENT_PREFIX_PATH=/home/jetson/robot_ws/install/nav2_core:/home/jetson/robot_ws/install/nav2_costmap_2d:/home/jetson/robot_ws/install/nav2_map_server:/home/jetson/robot_ws/install/nav2_lifecycle_manager:/home/jetson/robot_ws/install/nav2_util:/home/jetson/robot_ws/install/nav2_voxel_grid:/home/jetson/robot_ws/install/nav2_msgs:/home/jetson/robot_ws/install/nav2_common:${AMENT_PREFIX_PATH} CMAKE_PREFIX_PATH=/home/jetson/robot_ws/install/nav2_core:/home/jetson/robot_ws/install/nav2_costmap_2d:/home/jetson/robot_ws/install/nav2_map_server:/home/jetson/robot_ws/install/nav2_lifecycle_manager:/home/jetson/robot_ws/install/nav2_util:/home/jetson/robot_ws/install/nav2_voxel_grid:/home/jetson/robot_ws/install/nav2_msgs:/home/jetson/robot_ws/install/nav2_common:/opt/ros/humble LD_LIBRARY_PATH=/home/jetson/robot_ws/install/nav2_costmap_2d/lib:/home/jetson/robot_ws/install/nav2_map_server/lib:/home/jetson/robot_ws/install/nav2_lifecycle_manager/lib:/home/jetson/robot_ws/install/nav2_util/lib:/home/jetson/robot_ws/install/nav2_voxel_grid/lib:/home/jetson/robot_ws/install/nav2_msgs/lib:${LD_LIBRARY_PATH} PYTHONPATH=/home/jetson/robot_ws/install/nav2_msgs/local/lib/python3.10/dist-packages:/home/jetson/robot_ws/install/nav2_common/local/lib/python3.10/dist-packages:${PYTHONPATH} /usr/bin/cmake --install /home/jetson/robot_ws/build/nav2_waypoint_follower
[257.355s] -- Install configuration: "Release"
[257.356s] -- Installing: /home/jetson/robot_ws/install/nav2_waypoint_follower/lib/libwaypoint_follower_core.so
[257.359s] -- Set runtime path of "/home/jetson/robot_ws/install/nav2_waypoint_follower/lib/libwaypoint_follower_core.so" to ""
[257.359s] -- Installing: /home/jetson/robot_ws/install/nav2_waypoint_follower/lib/libwait_at_waypoint.so
[257.359s] -- Set runtime path of "/home/jetson/robot_ws/install/nav2_waypoint_follower/lib/libwait_at_waypoint.so" to ""
[257.360s] -- Installing: /home/jetson/robot_ws/install/nav2_waypoint_follower/lib/libphoto_at_waypoint.so
[257.362s] -- Set runtime path of "/home/jetson/robot_ws/install/nav2_waypoint_follower/lib/libphoto_at_waypoint.so" to ""
[257.362s] -- Installing: /home/jetson/robot_ws/install/nav2_waypoint_follower/lib/libinput_at_waypoint.so
[257.366s] -- Set runtime path of "/home/jetson/robot_ws/install/nav2_waypoint_follower/lib/libinput_at_waypoint.so" to ""
[257.366s] -- Installing: /home/jetson/robot_ws/install/nav2_waypoint_follower/lib/nav2_waypoint_follower/waypoint_follower
[257.366s] -- Set runtime path of "/home/jetson/robot_ws/install/nav2_waypoint_follower/lib/nav2_waypoint_follower/waypoint_follower" to ""
[257.366s] -- Installing: /home/jetson/robot_ws/install/nav2_waypoint_follower/include/
[257.366s] -- Installing: /home/jetson/robot_ws/install/nav2_waypoint_follower/include//nav2_waypoint_follower
[257.366s] -- Installing: /home/jetson/robot_ws/install/nav2_waypoint_follower/include//nav2_waypoint_follower/plugins
[257.367s] -- Installing: /home/jetson/robot_ws/install/nav2_waypoint_follower/include//nav2_waypoint_follower/plugins/photo_at_waypoint.hpp
[257.367s] -- Installing: /home/jetson/robot_ws/install/nav2_waypoint_follower/include//nav2_waypoint_follower/plugins/input_at_waypoint.hpp
[257.367s] -- Installing: /home/jetson/robot_ws/install/nav2_waypoint_follower/include//nav2_waypoint_follower/plugins/wait_at_waypoint.hpp
[257.367s] -- Installing: /home/jetson/robot_ws/install/nav2_waypoint_follower/include//nav2_waypoint_follower/waypoint_follower.hpp
[257.367s] -- Installing: /home/jetson/robot_ws/install/nav2_waypoint_follower/share/nav2_waypoint_follower/environment/library_path.sh
[257.368s] -- Installing: /home/jetson/robot_ws/install/nav2_waypoint_follower/share/nav2_waypoint_follower/environment/library_path.dsv
[257.368s] -- Installing: /home/jetson/robot_ws/install/nav2_waypoint_follower/share/nav2_waypoint_follower/plugins.xml
[257.369s] -- Installing: /home/jetson/robot_ws/install/nav2_waypoint_follower/share/ament_index/resource_index/package_run_dependencies/nav2_waypoint_follower
[257.369s] -- Installing: /home/jetson/robot_ws/install/nav2_waypoint_follower/share/ament_index/resource_index/parent_prefix_path/nav2_waypoint_follower
[257.369s] -- Installing: /home/jetson/robot_ws/install/nav2_waypoint_follower/share/nav2_waypoint_follower/environment/ament_prefix_path.sh
[257.370s] -- Installing: /home/jetson/robot_ws/install/nav2_waypoint_follower/share/nav2_waypoint_follower/environment/ament_prefix_path.dsv
[257.370s] -- Installing: /home/jetson/robot_ws/install/nav2_waypoint_follower/share/nav2_waypoint_follower/environment/path.sh
[257.370s] -- Installing: /home/jetson/robot_ws/install/nav2_waypoint_follower/share/nav2_waypoint_follower/environment/path.dsv
[257.370s] -- Installing: /home/jetson/robot_ws/install/nav2_waypoint_follower/share/nav2_waypoint_follower/local_setup.bash
[257.371s] -- Installing: /home/jetson/robot_ws/install/nav2_waypoint_follower/share/nav2_waypoint_follower/local_setup.sh
[257.371s] -- Installing: /home/jetson/robot_ws/install/nav2_waypoint_follower/share/nav2_waypoint_follower/local_setup.zsh
[257.371s] -- Installing: /home/jetson/robot_ws/install/nav2_waypoint_follower/share/nav2_waypoint_follower/local_setup.dsv
[257.371s] -- Installing: /home/jetson/robot_ws/install/nav2_waypoint_follower/share/nav2_waypoint_follower/package.dsv
[257.372s] -- Installing: /home/jetson/robot_ws/install/nav2_waypoint_follower/share/ament_index/resource_index/packages/nav2_waypoint_follower
[257.372s] -- Installing: /home/jetson/robot_ws/install/nav2_waypoint_follower/share/ament_index/resource_index/nav2_waypoint_follower__pluginlib__plugin/nav2_waypoint_follower
[257.372s] -- Installing: /home/jetson/robot_ws/install/nav2_waypoint_follower/share/ament_index/resource_index/rclcpp_components/nav2_waypoint_follower
[257.373s] -- Installing: /home/jetson/robot_ws/install/nav2_waypoint_follower/share/nav2_waypoint_follower/cmake/ament_cmake_export_include_directories-extras.cmake
[257.373s] -- Installing: /home/jetson/robot_ws/install/nav2_waypoint_follower/share/nav2_waypoint_follower/cmake/ament_cmake_export_libraries-extras.cmake
[257.373s] -- Installing: /home/jetson/robot_ws/install/nav2_waypoint_follower/share/nav2_waypoint_follower/cmake/ament_cmake_export_dependencies-extras.cmake
[257.373s] -- Installing: /home/jetson/robot_ws/install/nav2_waypoint_follower/share/nav2_waypoint_follower/cmake/nav2_waypoint_followerConfig.cmake
[257.373s] -- Installing: /home/jetson/robot_ws/install/nav2_waypoint_follower/share/nav2_waypoint_follower/cmake/nav2_waypoint_followerConfig-version.cmake
[257.374s] -- Installing: /home/jetson/robot_ws/install/nav2_waypoint_follower/share/nav2_waypoint_follower/package.xml
[257.381s] Invoked command in '/home/jetson/robot_ws/build/nav2_waypoint_follower' returned '0': AMENT_PREFIX_PATH=/home/jetson/robot_ws/install/nav2_core:/home/jetson/robot_ws/install/nav2_costmap_2d:/home/jetson/robot_ws/install/nav2_map_server:/home/jetson/robot_ws/install/nav2_lifecycle_manager:/home/jetson/robot_ws/install/nav2_util:/home/jetson/robot_ws/install/nav2_voxel_grid:/home/jetson/robot_ws/install/nav2_msgs:/home/jetson/robot_ws/install/nav2_common:${AMENT_PREFIX_PATH} CMAKE_PREFIX_PATH=/home/jetson/robot_ws/install/nav2_core:/home/jetson/robot_ws/install/nav2_costmap_2d:/home/jetson/robot_ws/install/nav2_map_server:/home/jetson/robot_ws/install/nav2_lifecycle_manager:/home/jetson/robot_ws/install/nav2_util:/home/jetson/robot_ws/install/nav2_voxel_grid:/home/jetson/robot_ws/install/nav2_msgs:/home/jetson/robot_ws/install/nav2_common:/opt/ros/humble LD_LIBRARY_PATH=/home/jetson/robot_ws/install/nav2_costmap_2d/lib:/home/jetson/robot_ws/install/nav2_map_server/lib:/home/jetson/robot_ws/install/nav2_lifecycle_manager/lib:/home/jetson/robot_ws/install/nav2_util/lib:/home/jetson/robot_ws/install/nav2_voxel_grid/lib:/home/jetson/robot_ws/install/nav2_msgs/lib:${LD_LIBRARY_PATH} PYTHONPATH=/home/jetson/robot_ws/install/nav2_msgs/local/lib/python3.10/dist-packages:/home/jetson/robot_ws/install/nav2_common/local/lib/python3.10/dist-packages:${PYTHONPATH} /usr/bin/cmake --install /home/jetson/robot_ws/build/nav2_waypoint_follower
