[0.102s] Invoking command in '/home/jetson/robot_ws/build/nav2_behaviors': AMENT_PREFIX_PATH=/home/jetson/robot_ws/install/nav2_core:/home/jetson/robot_ws/install/nav2_costmap_2d:/home/jetson/robot_ws/install/nav2_map_server:/home/jetson/robot_ws/install/nav2_lifecycle_manager:/home/jetson/robot_ws/install/nav2_behavior_tree:/home/jetson/robot_ws/install/nav2_util:/home/jetson/robot_ws/install/nav2_voxel_grid:/home/jetson/robot_ws/install/nav2_msgs:/home/jetson/robot_ws/install/nav2_common:${AMENT_PREFIX_PATH} CMAKE_PREFIX_PATH=/home/jetson/robot_ws/install/nav2_core:/home/jetson/robot_ws/install/nav2_costmap_2d:/home/jetson/robot_ws/install/nav2_map_server:/home/jetson/robot_ws/install/nav2_lifecycle_manager:/home/jetson/robot_ws/install/nav2_behavior_tree:/home/jetson/robot_ws/install/nav2_util:/home/jetson/robot_ws/install/nav2_voxel_grid:/home/jetson/robot_ws/install/nav2_msgs:/home/jetson/robot_ws/install/nav2_common:/home/jetson/robot_ws/install/servicerobot_joy:/opt/ros/humble LD_LIBRARY_PATH=/home/jetson/robot_ws/install/nav2_costmap_2d/lib:/home/jetson/robot_ws/install/nav2_map_server/lib:/home/jetson/robot_ws/install/nav2_lifecycle_manager/lib:/home/jetson/robot_ws/install/nav2_behavior_tree/lib:/home/jetson/robot_ws/install/nav2_util/lib:/home/jetson/robot_ws/install/nav2_voxel_grid/lib:/home/jetson/robot_ws/install/nav2_msgs/lib:${LD_LIBRARY_PATH} PYTHONPATH=/home/jetson/robot_ws/install/nav2_msgs/local/lib/python3.10/dist-packages:/home/jetson/robot_ws/install/nav2_common/local/lib/python3.10/dist-packages:${PYTHONPATH} /usr/bin/cmake /home/jetson/robot_ws/src/navigation2/nav2_behaviors -DCMAKE_INSTALL_PREFIX=/home/jetson/robot_ws/install/nav2_behaviors
[47.556s] -- The C compiler identification is GNU 11.4.0
[47.556s] -- The CXX compiler identification is GNU 11.4.0
[47.556s] -- Detecting C compiler ABI info
[47.557s] -- Detecting C compiler ABI info - done
[47.557s] -- Check for working C compiler: /usr/bin/cc - skipped
[47.557s] -- Detecting C compile features
[47.557s] -- Detecting C compile features - done
[47.557s] -- Detecting CXX compiler ABI info
[47.557s] -- Detecting CXX compiler ABI info - done
[47.557s] -- Check for working CXX compiler: /usr/bin/c++ - skipped
[47.557s] -- Detecting CXX compile features
[47.557s] -- Detecting CXX compile features - done
[47.557s] -- Found ament_cmake: 1.3.12 (/opt/ros/humble/share/ament_cmake/cmake)
[47.558s] -- Found Python3: /usr/bin/python3 (found version "3.10.12") found components: Interpreter 
[47.558s] -- Found nav2_common: 1.1.20 (/home/jetson/robot_ws/install/nav2_common/share/nav2_common/cmake)
[47.558s] -- Found rclcpp: 16.0.15 (/opt/ros/humble/share/rclcpp/cmake)
[47.558s] -- Found rosidl_generator_c: 3.1.7 (/opt/ros/humble/share/rosidl_generator_c/cmake)
[47.558s] -- Found rosidl_adapter: 3.1.7 (/opt/ros/humble/share/rosidl_adapter/cmake)
[47.558s] -- Found rosidl_generator_cpp: 3.1.7 (/opt/ros/humble/share/rosidl_generator_cpp/cmake)
[47.558s] -- Using all available rosidl_typesupport_c: rosidl_typesupport_fastrtps_c;rosidl_typesupport_introspection_c
[47.558s] -- Using all available rosidl_typesupport_cpp: rosidl_typesupport_fastrtps_cpp;rosidl_typesupport_introspection_cpp
[47.558s] -- Found rmw_implementation_cmake: 6.1.2 (/opt/ros/humble/share/rmw_implementation_cmake/cmake)
[47.558s] -- Found rmw_fastrtps_cpp: 6.2.9 (/opt/ros/humble/share/rmw_fastrtps_cpp/cmake)
[47.558s] -- Found OpenSSL: /usr/lib/aarch64-linux-gnu/libcrypto.so (found version "3.0.2")  
[47.559s] -- Found FastRTPS: /opt/ros/humble/include  
[47.559s] -- Using RMW implementation 'rmw_fastrtps_cpp' as default
[47.559s] -- Looking for pthread.h
[47.559s] -- Looking for pthread.h - found
[47.559s] -- Performing Test CMAKE_HAVE_LIBC_PTHREAD
[47.559s] -- Performing Test CMAKE_HAVE_LIBC_PTHREAD - Success
[47.559s] -- Found Threads: TRUE  
[47.559s] -- Found rclcpp_action: 16.0.15 (/opt/ros/humble/share/rclcpp_action/cmake)
[47.559s] -- Found rclcpp_lifecycle: 16.0.15 (/opt/ros/humble/share/rclcpp_lifecycle/cmake)
[47.560s] -- Found rclcpp_components: 16.0.15 (/opt/ros/humble/share/rclcpp_components/cmake)
[47.560s] -- Found nav2_behavior_tree: 1.1.20 (/home/jetson/robot_ws/install/nav2_behavior_tree/share/nav2_behavior_tree/cmake)
[47.560s] -- Found eigen3_cmake_module: 0.1.1 (/opt/ros/humble/share/eigen3_cmake_module/cmake)
[47.560s] -- Found Eigen3: TRUE (found version "3.4.0") 
[47.560s] -- Ensuring Eigen3 include directory is part of orocos-kdl CMake target
[47.560s] -- Found nav2_costmap_2d: 1.1.20 (/home/jetson/robot_ws/install/nav2_costmap_2d/share/nav2_costmap_2d/cmake)
[47.560s] -- Found nav2_core: 1.1.20 (/home/jetson/robot_ws/install/nav2_core/share/nav2_core/cmake)
[47.560s] -- Setting build type to Release as none was specified.
[47.560s] -- Found ament_lint_auto: 0.12.14 (/opt/ros/humble/share/ament_lint_auto/cmake)
[47.560s] -- Found gtest sources under '/opt/ros/humble/src/gtest_vendor': C++ tests using 'Google Test' will be built
[47.561s] -- Added test 'copyright' to check source files copyright and LICENSE
[47.561s] -- Added test 'cppcheck' to perform static code analysis on C / C++ code
[47.561s] -- Configured cppcheck include dirs: /home/jetson/robot_ws/src/navigation2/nav2_behaviors/include
[47.561s] -- Configured cppcheck exclude dirs and/or files: 
[47.561s] -- Added test 'cpplint' to check C / C++ code against the Google style
[47.561s] -- Configured cpplint exclude dirs and/or files: 
[47.561s] -- Added test 'lint_cmake' to check CMake code style
[47.561s] -- Added test 'uncrustify' to check C / C++ code style
[47.561s] -- Configured uncrustify additional arguments: 
[47.561s] -- Added test 'xmllint' to check XML markup files
[47.561s] -- Configuring done
[47.562s] -- Generating done
[47.562s] -- Build files have been written to: /home/jetson/robot_ws/build/nav2_behaviors
[47.571s] Invoked command in '/home/jetson/robot_ws/build/nav2_behaviors' returned '0': AMENT_PREFIX_PATH=/home/jetson/robot_ws/install/nav2_core:/home/jetson/robot_ws/install/nav2_costmap_2d:/home/jetson/robot_ws/install/nav2_map_server:/home/jetson/robot_ws/install/nav2_lifecycle_manager:/home/jetson/robot_ws/install/nav2_behavior_tree:/home/jetson/robot_ws/install/nav2_util:/home/jetson/robot_ws/install/nav2_voxel_grid:/home/jetson/robot_ws/install/nav2_msgs:/home/jetson/robot_ws/install/nav2_common:${AMENT_PREFIX_PATH} CMAKE_PREFIX_PATH=/home/jetson/robot_ws/install/nav2_core:/home/jetson/robot_ws/install/nav2_costmap_2d:/home/jetson/robot_ws/install/nav2_map_server:/home/jetson/robot_ws/install/nav2_lifecycle_manager:/home/jetson/robot_ws/install/nav2_behavior_tree:/home/jetson/robot_ws/install/nav2_util:/home/jetson/robot_ws/install/nav2_voxel_grid:/home/jetson/robot_ws/install/nav2_msgs:/home/jetson/robot_ws/install/nav2_common:/home/jetson/robot_ws/install/servicerobot_joy:/opt/ros/humble LD_LIBRARY_PATH=/home/jetson/robot_ws/install/nav2_costmap_2d/lib:/home/jetson/robot_ws/install/nav2_map_server/lib:/home/jetson/robot_ws/install/nav2_lifecycle_manager/lib:/home/jetson/robot_ws/install/nav2_behavior_tree/lib:/home/jetson/robot_ws/install/nav2_util/lib:/home/jetson/robot_ws/install/nav2_voxel_grid/lib:/home/jetson/robot_ws/install/nav2_msgs/lib:${LD_LIBRARY_PATH} PYTHONPATH=/home/jetson/robot_ws/install/nav2_msgs/local/lib/python3.10/dist-packages:/home/jetson/robot_ws/install/nav2_common/local/lib/python3.10/dist-packages:${PYTHONPATH} /usr/bin/cmake /home/jetson/robot_ws/src/navigation2/nav2_behaviors -DCMAKE_INSTALL_PREFIX=/home/jetson/robot_ws/install/nav2_behaviors
[47.572s] Invoking command in '/home/jetson/robot_ws/build/nav2_behaviors': AMENT_PREFIX_PATH=/home/jetson/robot_ws/install/nav2_core:/home/jetson/robot_ws/install/nav2_costmap_2d:/home/jetson/robot_ws/install/nav2_map_server:/home/jetson/robot_ws/install/nav2_lifecycle_manager:/home/jetson/robot_ws/install/nav2_behavior_tree:/home/jetson/robot_ws/install/nav2_util:/home/jetson/robot_ws/install/nav2_voxel_grid:/home/jetson/robot_ws/install/nav2_msgs:/home/jetson/robot_ws/install/nav2_common:${AMENT_PREFIX_PATH} CMAKE_PREFIX_PATH=/home/jetson/robot_ws/install/nav2_core:/home/jetson/robot_ws/install/nav2_costmap_2d:/home/jetson/robot_ws/install/nav2_map_server:/home/jetson/robot_ws/install/nav2_lifecycle_manager:/home/jetson/robot_ws/install/nav2_behavior_tree:/home/jetson/robot_ws/install/nav2_util:/home/jetson/robot_ws/install/nav2_voxel_grid:/home/jetson/robot_ws/install/nav2_msgs:/home/jetson/robot_ws/install/nav2_common:/home/jetson/robot_ws/install/servicerobot_joy:/opt/ros/humble LD_LIBRARY_PATH=/home/jetson/robot_ws/install/nav2_costmap_2d/lib:/home/jetson/robot_ws/install/nav2_map_server/lib:/home/jetson/robot_ws/install/nav2_lifecycle_manager/lib:/home/jetson/robot_ws/install/nav2_behavior_tree/lib:/home/jetson/robot_ws/install/nav2_util/lib:/home/jetson/robot_ws/install/nav2_voxel_grid/lib:/home/jetson/robot_ws/install/nav2_msgs/lib:${LD_LIBRARY_PATH} PYTHONPATH=/home/jetson/robot_ws/install/nav2_msgs/local/lib/python3.10/dist-packages:/home/jetson/robot_ws/install/nav2_common/local/lib/python3.10/dist-packages:${PYTHONPATH} /usr/bin/cmake --build /home/jetson/robot_ws/build/nav2_behaviors -- -j6 -l6
[47.718s] [  5%] [32mBuilding CXX object CMakeFiles/nav2_spin_behavior.dir/plugins/spin.cpp.o[0m
[72.635s] [ 10%] [32m[1mLinking CXX shared library libnav2_spin_behavior.so[0m
[73.591s] [ 10%] Built target nav2_spin_behavior
[73.638s] [ 15%] [32mBuilding CXX object CMakeFiles/behavior_server_core.dir/src/behavior_server.cpp.o[0m
[100.957s] [ 20%] [32m[1mLinking CXX shared library libbehavior_server_core.so[0m
[102.023s] [ 20%] Built target behavior_server_core
[102.094s] [ 25%] [32mBuilding CXX object gtest/CMakeFiles/gtest_main.dir/src/gtest_main.cc.o[0m
[104.232s] [ 30%] [32m[1mLinking CXX static library libgtest_main.a[0m
[104.339s] [ 30%] Built target gtest_main
[104.400s] [ 35%] [32mBuilding CXX object gtest/CMakeFiles/gtest.dir/src/gtest-all.cc.o[0m
[123.984s] [ 40%] [32m[1mLinking CXX static library libgtest.a[0m
[124.094s] [ 40%] Built target gtest
[124.152s] [ 45%] [32mBuilding CXX object CMakeFiles/behavior_server.dir/src/main.cpp.o[0m
[136.537s] [ 50%] [32m[1mLinking CXX executable behavior_server[0m
[137.490s] [ 50%] Built target behavior_server
[137.549s] [ 55%] [32mBuilding CXX object test/CMakeFiles/test_behaviors.dir/test_behaviors.cpp.o[0m
[169.194s] [ 60%] [32m[1mLinking CXX executable test_behaviors[0m
[170.443s] [ 60%] Built target test_behaviors
[170.491s] [ 65%] [32mBuilding CXX object CMakeFiles/nav2_assisted_teleop_behavior.dir/plugins/assisted_teleop.cpp.o[0m
[221.437s] [ 70%] [32m[1mLinking CXX shared library libnav2_assisted_teleop_behavior.so[0m
[223.071s] [ 70%] Built target nav2_assisted_teleop_behavior
[223.132s] [ 75%] [32mBuilding CXX object CMakeFiles/nav2_back_up_behavior.dir/plugins/back_up.cpp.o[0m
[246.335s] [ 80%] [32m[1mLinking CXX shared library libnav2_back_up_behavior.so[0m
[247.644s] [ 80%] Built target nav2_back_up_behavior
[247.707s] [ 85%] [32mBuilding CXX object CMakeFiles/nav2_drive_on_heading_behavior.dir/plugins/drive_on_heading.cpp.o[0m
[272.978s] [ 90%] [32m[1mLinking CXX shared library libnav2_drive_on_heading_behavior.so[0m
[274.245s] [ 90%] Built target nav2_drive_on_heading_behavior
[274.321s] [ 95%] [32mBuilding CXX object CMakeFiles/nav2_wait_behavior.dir/plugins/wait.cpp.o[0m
[297.169s] [100%] [32m[1mLinking CXX shared library libnav2_wait_behavior.so[0m
[297.977s] [100%] Built target nav2_wait_behavior
[298.040s] Invoked command in '/home/jetson/robot_ws/build/nav2_behaviors' returned '0': AMENT_PREFIX_PATH=/home/jetson/robot_ws/install/nav2_core:/home/jetson/robot_ws/install/nav2_costmap_2d:/home/jetson/robot_ws/install/nav2_map_server:/home/jetson/robot_ws/install/nav2_lifecycle_manager:/home/jetson/robot_ws/install/nav2_behavior_tree:/home/jetson/robot_ws/install/nav2_util:/home/jetson/robot_ws/install/nav2_voxel_grid:/home/jetson/robot_ws/install/nav2_msgs:/home/jetson/robot_ws/install/nav2_common:${AMENT_PREFIX_PATH} CMAKE_PREFIX_PATH=/home/jetson/robot_ws/install/nav2_core:/home/jetson/robot_ws/install/nav2_costmap_2d:/home/jetson/robot_ws/install/nav2_map_server:/home/jetson/robot_ws/install/nav2_lifecycle_manager:/home/jetson/robot_ws/install/nav2_behavior_tree:/home/jetson/robot_ws/install/nav2_util:/home/jetson/robot_ws/install/nav2_voxel_grid:/home/jetson/robot_ws/install/nav2_msgs:/home/jetson/robot_ws/install/nav2_common:/home/jetson/robot_ws/install/servicerobot_joy:/opt/ros/humble LD_LIBRARY_PATH=/home/jetson/robot_ws/install/nav2_costmap_2d/lib:/home/jetson/robot_ws/install/nav2_map_server/lib:/home/jetson/robot_ws/install/nav2_lifecycle_manager/lib:/home/jetson/robot_ws/install/nav2_behavior_tree/lib:/home/jetson/robot_ws/install/nav2_util/lib:/home/jetson/robot_ws/install/nav2_voxel_grid/lib:/home/jetson/robot_ws/install/nav2_msgs/lib:${LD_LIBRARY_PATH} PYTHONPATH=/home/jetson/robot_ws/install/nav2_msgs/local/lib/python3.10/dist-packages:/home/jetson/robot_ws/install/nav2_common/local/lib/python3.10/dist-packages:${PYTHONPATH} /usr/bin/cmake --build /home/jetson/robot_ws/build/nav2_behaviors -- -j6 -l6
[298.042s] Invoking command in '/home/jetson/robot_ws/build/nav2_behaviors': AMENT_PREFIX_PATH=/home/jetson/robot_ws/install/nav2_core:/home/jetson/robot_ws/install/nav2_costmap_2d:/home/jetson/robot_ws/install/nav2_map_server:/home/jetson/robot_ws/install/nav2_lifecycle_manager:/home/jetson/robot_ws/install/nav2_behavior_tree:/home/jetson/robot_ws/install/nav2_util:/home/jetson/robot_ws/install/nav2_voxel_grid:/home/jetson/robot_ws/install/nav2_msgs:/home/jetson/robot_ws/install/nav2_common:${AMENT_PREFIX_PATH} CMAKE_PREFIX_PATH=/home/jetson/robot_ws/install/nav2_core:/home/jetson/robot_ws/install/nav2_costmap_2d:/home/jetson/robot_ws/install/nav2_map_server:/home/jetson/robot_ws/install/nav2_lifecycle_manager:/home/jetson/robot_ws/install/nav2_behavior_tree:/home/jetson/robot_ws/install/nav2_util:/home/jetson/robot_ws/install/nav2_voxel_grid:/home/jetson/robot_ws/install/nav2_msgs:/home/jetson/robot_ws/install/nav2_common:/home/jetson/robot_ws/install/servicerobot_joy:/opt/ros/humble LD_LIBRARY_PATH=/home/jetson/robot_ws/install/nav2_costmap_2d/lib:/home/jetson/robot_ws/install/nav2_map_server/lib:/home/jetson/robot_ws/install/nav2_lifecycle_manager/lib:/home/jetson/robot_ws/install/nav2_behavior_tree/lib:/home/jetson/robot_ws/install/nav2_util/lib:/home/jetson/robot_ws/install/nav2_voxel_grid/lib:/home/jetson/robot_ws/install/nav2_msgs/lib:${LD_LIBRARY_PATH} PYTHONPATH=/home/jetson/robot_ws/install/nav2_msgs/local/lib/python3.10/dist-packages:/home/jetson/robot_ws/install/nav2_common/local/lib/python3.10/dist-packages:${PYTHONPATH} /usr/bin/cmake --install /home/jetson/robot_ws/build/nav2_behaviors
[298.046s] -- Install configuration: "Release"
[298.047s] -- Installing: /home/jetson/robot_ws/install/nav2_behaviors/share/nav2_behaviors/behavior_plugin.xml
[298.050s] -- Installing: /home/jetson/robot_ws/install/nav2_behaviors/lib/libbehavior_server_core.so
[298.052s] -- Set runtime path of "/home/jetson/robot_ws/install/nav2_behaviors/lib/libbehavior_server_core.so" to ""
[298.053s] -- Installing: /home/jetson/robot_ws/install/nav2_behaviors/lib/libnav2_spin_behavior.so
[298.057s] -- Set runtime path of "/home/jetson/robot_ws/install/nav2_behaviors/lib/libnav2_spin_behavior.so" to ""
[298.057s] -- Installing: /home/jetson/robot_ws/install/nav2_behaviors/lib/libnav2_wait_behavior.so
[298.060s] -- Set runtime path of "/home/jetson/robot_ws/install/nav2_behaviors/lib/libnav2_wait_behavior.so" to ""
[298.061s] -- Installing: /home/jetson/robot_ws/install/nav2_behaviors/lib/libnav2_assisted_teleop_behavior.so
[298.068s] -- Set runtime path of "/home/jetson/robot_ws/install/nav2_behaviors/lib/libnav2_assisted_teleop_behavior.so" to ""
[298.069s] -- Installing: /home/jetson/robot_ws/install/nav2_behaviors/lib/libnav2_drive_on_heading_behavior.so
[298.071s] -- Set runtime path of "/home/jetson/robot_ws/install/nav2_behaviors/lib/libnav2_drive_on_heading_behavior.so" to ""
[298.072s] -- Installing: /home/jetson/robot_ws/install/nav2_behaviors/lib/libnav2_back_up_behavior.so
[298.076s] -- Set runtime path of "/home/jetson/robot_ws/install/nav2_behaviors/lib/libnav2_back_up_behavior.so" to ""
[298.076s] -- Installing: /home/jetson/robot_ws/install/nav2_behaviors/lib/nav2_behaviors/behavior_server
[298.078s] -- Set runtime path of "/home/jetson/robot_ws/install/nav2_behaviors/lib/nav2_behaviors/behavior_server" to ""
[298.078s] -- Installing: /home/jetson/robot_ws/install/nav2_behaviors/include/
[298.079s] -- Installing: /home/jetson/robot_ws/install/nav2_behaviors/include//nav2_behaviors
[298.079s] -- Installing: /home/jetson/robot_ws/install/nav2_behaviors/include//nav2_behaviors/timed_behavior.hpp
[298.080s] -- Installing: /home/jetson/robot_ws/install/nav2_behaviors/include//nav2_behaviors/plugins
[298.082s] -- Installing: /home/jetson/robot_ws/install/nav2_behaviors/include//nav2_behaviors/plugins/assisted_teleop.hpp
[298.083s] -- Installing: /home/jetson/robot_ws/install/nav2_behaviors/include//nav2_behaviors/plugins/back_up.hpp
[298.084s] -- Installing: /home/jetson/robot_ws/install/nav2_behaviors/include//nav2_behaviors/plugins/drive_on_heading.hpp
[298.085s] -- Installing: /home/jetson/robot_ws/install/nav2_behaviors/include//nav2_behaviors/plugins/spin.hpp
[298.085s] -- Installing: /home/jetson/robot_ws/install/nav2_behaviors/include//nav2_behaviors/plugins/wait.hpp
[298.086s] -- Installing: /home/jetson/robot_ws/install/nav2_behaviors/include//nav2_behaviors/behavior_server.hpp
[298.086s] -- Up-to-date: /home/jetson/robot_ws/install/nav2_behaviors/share/nav2_behaviors/behavior_plugin.xml
[298.087s] -- Installing: /home/jetson/robot_ws/install/nav2_behaviors/share/nav2_behaviors/plugins/
[298.087s] -- Installing: /home/jetson/robot_ws/install/nav2_behaviors/share/nav2_behaviors/plugins//wait.cpp
[298.088s] -- Installing: /home/jetson/robot_ws/install/nav2_behaviors/share/nav2_behaviors/plugins//assisted_teleop.cpp
[298.089s] -- Installing: /home/jetson/robot_ws/install/nav2_behaviors/share/nav2_behaviors/plugins//drive_on_heading.cpp
[298.090s] -- Installing: /home/jetson/robot_ws/install/nav2_behaviors/share/nav2_behaviors/plugins//spin.cpp
[298.090s] -- Installing: /home/jetson/robot_ws/install/nav2_behaviors/share/nav2_behaviors/plugins//back_up.cpp
[298.091s] -- Installing: /home/jetson/robot_ws/install/nav2_behaviors/share/nav2_behaviors/environment/library_path.sh
[298.092s] -- Installing: /home/jetson/robot_ws/install/nav2_behaviors/share/nav2_behaviors/environment/library_path.dsv
[298.093s] -- Installing: /home/jetson/robot_ws/install/nav2_behaviors/share/ament_index/resource_index/package_run_dependencies/nav2_behaviors
[298.094s] -- Installing: /home/jetson/robot_ws/install/nav2_behaviors/share/ament_index/resource_index/parent_prefix_path/nav2_behaviors
[298.094s] -- Installing: /home/jetson/robot_ws/install/nav2_behaviors/share/nav2_behaviors/environment/ament_prefix_path.sh
[298.097s] -- Installing: /home/jetson/robot_ws/install/nav2_behaviors/share/nav2_behaviors/environment/ament_prefix_path.dsv
[298.097s] -- Installing: /home/jetson/robot_ws/install/nav2_behaviors/share/nav2_behaviors/environment/path.sh
[298.097s] -- Installing: /home/jetson/robot_ws/install/nav2_behaviors/share/nav2_behaviors/environment/path.dsv
[298.097s] -- Installing: /home/jetson/robot_ws/install/nav2_behaviors/share/nav2_behaviors/local_setup.bash
[298.098s] -- Installing: /home/jetson/robot_ws/install/nav2_behaviors/share/nav2_behaviors/local_setup.sh
[298.098s] -- Installing: /home/jetson/robot_ws/install/nav2_behaviors/share/nav2_behaviors/local_setup.zsh
[298.098s] -- Installing: /home/jetson/robot_ws/install/nav2_behaviors/share/nav2_behaviors/local_setup.dsv
[298.098s] -- Installing: /home/jetson/robot_ws/install/nav2_behaviors/share/nav2_behaviors/package.dsv
[298.099s] -- Installing: /home/jetson/robot_ws/install/nav2_behaviors/share/ament_index/resource_index/packages/nav2_behaviors
[298.099s] -- Installing: /home/jetson/robot_ws/install/nav2_behaviors/share/ament_index/resource_index/nav2_core__pluginlib__plugin/nav2_behaviors
[298.100s] -- Installing: /home/jetson/robot_ws/install/nav2_behaviors/share/ament_index/resource_index/rclcpp_components/nav2_behaviors
[298.100s] -- Installing: /home/jetson/robot_ws/install/nav2_behaviors/share/nav2_behaviors/cmake/ament_cmake_export_include_directories-extras.cmake
[298.100s] -- Installing: /home/jetson/robot_ws/install/nav2_behaviors/share/nav2_behaviors/cmake/ament_cmake_export_libraries-extras.cmake
[298.101s] -- Installing: /home/jetson/robot_ws/install/nav2_behaviors/share/nav2_behaviors/cmake/ament_cmake_export_dependencies-extras.cmake
[298.101s] -- Installing: /home/jetson/robot_ws/install/nav2_behaviors/share/nav2_behaviors/cmake/nav2_behaviorsConfig.cmake
[298.101s] -- Installing: /home/jetson/robot_ws/install/nav2_behaviors/share/nav2_behaviors/cmake/nav2_behaviorsConfig-version.cmake
[298.101s] -- Installing: /home/jetson/robot_ws/install/nav2_behaviors/share/nav2_behaviors/package.xml
[298.112s] Invoked command in '/home/jetson/robot_ws/build/nav2_behaviors' returned '0': AMENT_PREFIX_PATH=/home/jetson/robot_ws/install/nav2_core:/home/jetson/robot_ws/install/nav2_costmap_2d:/home/jetson/robot_ws/install/nav2_map_server:/home/jetson/robot_ws/install/nav2_lifecycle_manager:/home/jetson/robot_ws/install/nav2_behavior_tree:/home/jetson/robot_ws/install/nav2_util:/home/jetson/robot_ws/install/nav2_voxel_grid:/home/jetson/robot_ws/install/nav2_msgs:/home/jetson/robot_ws/install/nav2_common:${AMENT_PREFIX_PATH} CMAKE_PREFIX_PATH=/home/jetson/robot_ws/install/nav2_core:/home/jetson/robot_ws/install/nav2_costmap_2d:/home/jetson/robot_ws/install/nav2_map_server:/home/jetson/robot_ws/install/nav2_lifecycle_manager:/home/jetson/robot_ws/install/nav2_behavior_tree:/home/jetson/robot_ws/install/nav2_util:/home/jetson/robot_ws/install/nav2_voxel_grid:/home/jetson/robot_ws/install/nav2_msgs:/home/jetson/robot_ws/install/nav2_common:/home/jetson/robot_ws/install/servicerobot_joy:/opt/ros/humble LD_LIBRARY_PATH=/home/jetson/robot_ws/install/nav2_costmap_2d/lib:/home/jetson/robot_ws/install/nav2_map_server/lib:/home/jetson/robot_ws/install/nav2_lifecycle_manager/lib:/home/jetson/robot_ws/install/nav2_behavior_tree/lib:/home/jetson/robot_ws/install/nav2_util/lib:/home/jetson/robot_ws/install/nav2_voxel_grid/lib:/home/jetson/robot_ws/install/nav2_msgs/lib:${LD_LIBRARY_PATH} PYTHONPATH=/home/jetson/robot_ws/install/nav2_msgs/local/lib/python3.10/dist-packages:/home/jetson/robot_ws/install/nav2_common/local/lib/python3.10/dist-packages:${PYTHONPATH} /usr/bin/cmake --install /home/jetson/robot_ws/build/nav2_behaviors
