[0.060s] Invoking command in '/home/jetson/robot_ws/build/nav_2d_utils': AMENT_PREFIX_PATH=/home/jetson/robot_ws/install/nav2_util:/home/jetson/robot_ws/install/nav2_msgs:/home/jetson/robot_ws/install/nav_2d_msgs:/home/jetson/robot_ws/install/nav2_common:${AMENT_PREFIX_PATH} CMAKE_PREFIX_PATH=/home/jetson/robot_ws/install/nav2_util:/home/jetson/robot_ws/install/nav2_msgs:/home/jetson/robot_ws/install/nav_2d_msgs:/home/jetson/robot_ws/install/nav2_common:/home/jetson/robot_ws/install/servicerobot_joy:/opt/ros/humble LD_LIBRARY_PATH=/home/jetson/robot_ws/install/nav2_util/lib:/home/jetson/robot_ws/install/nav2_msgs/lib:/home/jetson/robot_ws/install/nav_2d_msgs/lib:${LD_LIBRARY_PATH} PYTHONPATH=/home/jetson/robot_ws/install/nav2_msgs/local/lib/python3.10/dist-packages:/home/jetson/robot_ws/install/nav_2d_msgs/local/lib/python3.10/dist-packages:/home/jetson/robot_ws/install/nav2_common/local/lib/python3.10/dist-packages:${PYTHONPATH} /usr/bin/cmake /home/jetson/robot_ws/src/navigation2/nav2_dwb_controller/nav_2d_utils -DCMAKE_INSTALL_PREFIX=/home/jetson/robot_ws/install/nav_2d_utils
[0.187s] -- The C compiler identification is GNU 11.4.0
[0.318s] -- The CXX compiler identification is GNU 11.4.0
[0.331s] -- Detecting C compiler ABI info
[0.478s] -- Detecting C compiler ABI info - done
[0.492s] -- Check for working C compiler: /usr/bin/cc - skipped
[0.493s] -- Detecting C compile features
[0.494s] -- Detecting C compile features - done
[0.501s] -- Detecting CXX compiler ABI info
[0.679s] -- Detecting CXX compiler ABI info - done
[0.712s] -- Check for working CXX compiler: /usr/bin/c++ - skipped
[0.712s] -- Detecting CXX compile features
[0.713s] -- Detecting CXX compile features - done
[0.721s] -- Found ament_cmake: 1.3.12 (/opt/ros/humble/share/ament_cmake/cmake)
[1.077s] -- Found Python3: /usr/bin/python3 (found version "3.10.12") found components: Interpreter 
[1.332s] -- Found nav2_common: 1.1.20 (/home/jetson/robot_ws/install/nav2_common/share/nav2_common/cmake)
[1.339s] -- Found geometry_msgs: 4.9.0 (/opt/ros/humble/share/geometry_msgs/cmake)
[1.491s] -- Found rosidl_generator_c: 3.1.7 (/opt/ros/humble/share/rosidl_generator_c/cmake)
[1.506s] -- Found rosidl_adapter: 3.1.7 (/opt/ros/humble/share/rosidl_adapter/cmake)
[1.526s] -- Found rosidl_generator_cpp: 3.1.7 (/opt/ros/humble/share/rosidl_generator_cpp/cmake)
[1.595s] -- Using all available rosidl_typesupport_c: rosidl_typesupport_fastrtps_c;rosidl_typesupport_introspection_c
[1.665s] -- Using all available rosidl_typesupport_cpp: rosidl_typesupport_fastrtps_cpp;rosidl_typesupport_introspection_cpp
[1.775s] -- Found nav_2d_msgs: 1.1.20 (/home/jetson/robot_ws/install/nav_2d_msgs/share/nav_2d_msgs/cmake)
[1.808s] -- Found nav_msgs: 4.9.0 (/opt/ros/humble/share/nav_msgs/cmake)
[1.852s] -- Found rclcpp: 16.0.15 (/opt/ros/humble/share/rclcpp/cmake)
[1.942s] -- Found rmw_implementation_cmake: 6.1.2 (/opt/ros/humble/share/rmw_implementation_cmake/cmake)
[1.948s] -- Found rmw_fastrtps_cpp: 6.2.9 (/opt/ros/humble/share/rmw_fastrtps_cpp/cmake)
[2.179s] -- Found OpenSSL: /usr/lib/aarch64-linux-gnu/libcrypto.so (found version "3.0.2")  
[2.237s] -- Found FastRTPS: /opt/ros/humble/include  
[2.338s] -- Using RMW implementation 'rmw_fastrtps_cpp' as default
[2.385s] -- Looking for pthread.h
[2.600s] -- Looking for pthread.h - found
[2.601s] -- Performing Test CMAKE_HAVE_LIBC_PTHREAD
[2.774s] -- Performing Test CMAKE_HAVE_LIBC_PTHREAD - Success
[2.776s] -- Found Threads: TRUE  
[2.854s] -- Found tf2: 0.25.16 (/opt/ros/humble/share/tf2/cmake)
[2.874s] -- Found tf2_geometry_msgs: 0.25.16 (/opt/ros/humble/share/tf2_geometry_msgs/cmake)
[2.905s] -- Found eigen3_cmake_module: 0.1.1 (/opt/ros/humble/share/eigen3_cmake_module/cmake)
[2.908s] -- Found Eigen3: TRUE (found version "3.4.0") 
[2.909s] -- Ensuring Eigen3 include directory is part of orocos-kdl CMake target
[3.125s] -- Found nav2_msgs: 1.1.20 (/home/jetson/robot_ws/install/nav2_msgs/share/nav2_msgs/cmake)
[3.179s] -- Found nav2_util: 1.1.20 (/home/jetson/robot_ws/install/nav2_util/share/nav2_util/cmake)
[3.285s] -- Setting build type to Release as none was specified.
[3.392s] -- Found ament_lint_auto: 0.12.14 (/opt/ros/humble/share/ament_lint_auto/cmake)
[3.615s] -- Found gtest sources under '/opt/ros/humble/src/gtest_vendor': C++ tests using 'Google Test' will be built
[3.652s] -- Added test 'cppcheck' to perform static code analysis on C / C++ code
[3.655s] -- Configured cppcheck include dirs: /home/jetson/robot_ws/src/navigation2/nav2_dwb_controller/nav_2d_utils/include
[3.655s] -- Configured cppcheck exclude dirs and/or files: 
[3.661s] -- Added test 'cpplint' to check C / C++ code against the Google style
[3.661s] -- Configured cpplint exclude dirs and/or files: 
[3.663s] -- Added test 'lint_cmake' to check CMake code style
[3.665s] -- Added test 'uncrustify' to check C / C++ code style
[3.666s] -- Configured uncrustify additional arguments: 
[3.668s] -- Added test 'xmllint' to check XML markup files
[3.677s] -- Configuring done
[4.039s] -- Generating done
[4.097s] -- Build files have been written to: /home/jetson/robot_ws/build/nav_2d_utils
[4.152s] Invoked command in '/home/jetson/robot_ws/build/nav_2d_utils' returned '0': AMENT_PREFIX_PATH=/home/jetson/robot_ws/install/nav2_util:/home/jetson/robot_ws/install/nav2_msgs:/home/jetson/robot_ws/install/nav_2d_msgs:/home/jetson/robot_ws/install/nav2_common:${AMENT_PREFIX_PATH} CMAKE_PREFIX_PATH=/home/jetson/robot_ws/install/nav2_util:/home/jetson/robot_ws/install/nav2_msgs:/home/jetson/robot_ws/install/nav_2d_msgs:/home/jetson/robot_ws/install/nav2_common:/home/jetson/robot_ws/install/servicerobot_joy:/opt/ros/humble LD_LIBRARY_PATH=/home/jetson/robot_ws/install/nav2_util/lib:/home/jetson/robot_ws/install/nav2_msgs/lib:/home/jetson/robot_ws/install/nav_2d_msgs/lib:${LD_LIBRARY_PATH} PYTHONPATH=/home/jetson/robot_ws/install/nav2_msgs/local/lib/python3.10/dist-packages:/home/jetson/robot_ws/install/nav_2d_msgs/local/lib/python3.10/dist-packages:/home/jetson/robot_ws/install/nav2_common/local/lib/python3.10/dist-packages:${PYTHONPATH} /usr/bin/cmake /home/jetson/robot_ws/src/navigation2/nav2_dwb_controller/nav_2d_utils -DCMAKE_INSTALL_PREFIX=/home/jetson/robot_ws/install/nav_2d_utils
[4.153s] Invoking command in '/home/jetson/robot_ws/build/nav_2d_utils': AMENT_PREFIX_PATH=/home/jetson/robot_ws/install/nav2_util:/home/jetson/robot_ws/install/nav2_msgs:/home/jetson/robot_ws/install/nav_2d_msgs:/home/jetson/robot_ws/install/nav2_common:${AMENT_PREFIX_PATH} CMAKE_PREFIX_PATH=/home/jetson/robot_ws/install/nav2_util:/home/jetson/robot_ws/install/nav2_msgs:/home/jetson/robot_ws/install/nav_2d_msgs:/home/jetson/robot_ws/install/nav2_common:/home/jetson/robot_ws/install/servicerobot_joy:/opt/ros/humble LD_LIBRARY_PATH=/home/jetson/robot_ws/install/nav2_util/lib:/home/jetson/robot_ws/install/nav2_msgs/lib:/home/jetson/robot_ws/install/nav_2d_msgs/lib:${LD_LIBRARY_PATH} PYTHONPATH=/home/jetson/robot_ws/install/nav2_msgs/local/lib/python3.10/dist-packages:/home/jetson/robot_ws/install/nav_2d_msgs/local/lib/python3.10/dist-packages:/home/jetson/robot_ws/install/nav2_common/local/lib/python3.10/dist-packages:${PYTHONPATH} /usr/bin/cmake --build /home/jetson/robot_ws/build/nav_2d_utils -- -j6 -l6
[4.450s] [  6%] [32mBuilding CXX object CMakeFiles/conversions.dir/src/conversions.cpp.o[0m
[4.464s] [ 12%] [32mBuilding CXX object CMakeFiles/path_ops.dir/src/path_ops.cpp.o[0m
[4.489s] [ 18%] [32mBuilding CXX object gtest/CMakeFiles/gtest.dir/src/gtest-all.cc.o[0m
[4.546s] [ 25%] [32mBuilding CXX object gtest/CMakeFiles/gtest_main.dir/src/gtest_main.cc.o[0m
[11.711s] [ 31%] [32m[1mLinking CXX static library libgtest_main.a[0m
[11.883s] [ 31%] Built target gtest_main
[15.903s] [ 37%] [32m[1mLinking CXX shared library libpath_ops.so[0m
[18.651s] [ 43%] [32m[1mLinking CXX shared library libconversions.so[0m
[20.667s] [ 43%] Built target conversions
[22.092s] [ 43%] Built target path_ops
[47.605s] [ 50%] [32m[1mLinking CXX static library libgtest.a[0m
[47.720s] [ 50%] Built target gtest
[47.789s] [ 56%] [32mBuilding CXX object CMakeFiles/tf_help.dir/src/tf_help.cpp.o[0m
[58.408s] [ 62%] [32m[1mLinking CXX shared library libtf_help.so[0m
[58.850s] [ 62%] Built target tf_help
[58.918s] [ 68%] [32mBuilding CXX object test/CMakeFiles/path_ops_tests.dir/path_ops_test.cpp.o[0m
[63.114s] [ 75%] [32m[1mLinking CXX executable path_ops_tests[0m
[63.513s] [ 75%] Built target path_ops_tests
[63.570s] [ 81%] [32mBuilding CXX object test/CMakeFiles/tf_help_tests.dir/tf_help_test.cpp.o[0m
[78.548s] [ 87%] [32m[1mLinking CXX executable tf_help_tests[0m
[79.099s] [ 87%] Built target tf_help_tests
[79.174s] [ 93%] [32mBuilding CXX object test/CMakeFiles/2d_utils_tests.dir/2d_utils_test.cpp.o[0m
[90.248s] [100%] [32m[1mLinking CXX executable 2d_utils_tests[0m
[90.657s] [100%] Built target 2d_utils_tests
[90.696s] Invoked command in '/home/jetson/robot_ws/build/nav_2d_utils' returned '0': AMENT_PREFIX_PATH=/home/jetson/robot_ws/install/nav2_util:/home/jetson/robot_ws/install/nav2_msgs:/home/jetson/robot_ws/install/nav_2d_msgs:/home/jetson/robot_ws/install/nav2_common:${AMENT_PREFIX_PATH} CMAKE_PREFIX_PATH=/home/jetson/robot_ws/install/nav2_util:/home/jetson/robot_ws/install/nav2_msgs:/home/jetson/robot_ws/install/nav_2d_msgs:/home/jetson/robot_ws/install/nav2_common:/home/jetson/robot_ws/install/servicerobot_joy:/opt/ros/humble LD_LIBRARY_PATH=/home/jetson/robot_ws/install/nav2_util/lib:/home/jetson/robot_ws/install/nav2_msgs/lib:/home/jetson/robot_ws/install/nav_2d_msgs/lib:${LD_LIBRARY_PATH} PYTHONPATH=/home/jetson/robot_ws/install/nav2_msgs/local/lib/python3.10/dist-packages:/home/jetson/robot_ws/install/nav_2d_msgs/local/lib/python3.10/dist-packages:/home/jetson/robot_ws/install/nav2_common/local/lib/python3.10/dist-packages:${PYTHONPATH} /usr/bin/cmake --build /home/jetson/robot_ws/build/nav_2d_utils -- -j6 -l6
[90.697s] Invoking command in '/home/jetson/robot_ws/build/nav_2d_utils': AMENT_PREFIX_PATH=/home/jetson/robot_ws/install/nav2_util:/home/jetson/robot_ws/install/nav2_msgs:/home/jetson/robot_ws/install/nav_2d_msgs:/home/jetson/robot_ws/install/nav2_common:${AMENT_PREFIX_PATH} CMAKE_PREFIX_PATH=/home/jetson/robot_ws/install/nav2_util:/home/jetson/robot_ws/install/nav2_msgs:/home/jetson/robot_ws/install/nav_2d_msgs:/home/jetson/robot_ws/install/nav2_common:/home/jetson/robot_ws/install/servicerobot_joy:/opt/ros/humble LD_LIBRARY_PATH=/home/jetson/robot_ws/install/nav2_util/lib:/home/jetson/robot_ws/install/nav2_msgs/lib:/home/jetson/robot_ws/install/nav_2d_msgs/lib:${LD_LIBRARY_PATH} PYTHONPATH=/home/jetson/robot_ws/install/nav2_msgs/local/lib/python3.10/dist-packages:/home/jetson/robot_ws/install/nav_2d_msgs/local/lib/python3.10/dist-packages:/home/jetson/robot_ws/install/nav2_common/local/lib/python3.10/dist-packages:${PYTHONPATH} /usr/bin/cmake --install /home/jetson/robot_ws/build/nav_2d_utils
[102.861s] -- Install configuration: "Release"
[102.861s] -- Installing: /home/jetson/robot_ws/install/nav_2d_utils/lib/libconversions.so
[102.862s] -- Set runtime path of "/home/jetson/robot_ws/install/nav_2d_utils/lib/libconversions.so" to ""
[102.862s] -- Installing: /home/jetson/robot_ws/install/nav_2d_utils/lib/libpath_ops.so
[102.865s] -- Set runtime path of "/home/jetson/robot_ws/install/nav_2d_utils/lib/libpath_ops.so" to ""
[102.865s] -- Installing: /home/jetson/robot_ws/install/nav_2d_utils/lib/libtf_help.so
[102.865s] -- Set runtime path of "/home/jetson/robot_ws/install/nav_2d_utils/lib/libtf_help.so" to ""
[102.865s] -- Installing: /home/jetson/robot_ws/install/nav_2d_utils/include/
[102.865s] -- Installing: /home/jetson/robot_ws/install/nav_2d_utils/include//nav_2d_utils
[102.865s] -- Installing: /home/jetson/robot_ws/install/nav_2d_utils/include//nav_2d_utils/odom_subscriber.hpp
[102.865s] -- Installing: /home/jetson/robot_ws/install/nav_2d_utils/include//nav_2d_utils/tf_help.hpp
[102.865s] -- Installing: /home/jetson/robot_ws/install/nav_2d_utils/include//nav_2d_utils/path_ops.hpp
[102.866s] -- Installing: /home/jetson/robot_ws/install/nav_2d_utils/include//nav_2d_utils/conversions.hpp
[102.866s] -- Installing: /home/jetson/robot_ws/install/nav_2d_utils/include//nav_2d_utils/parameters.hpp
[102.866s] -- Installing: /home/jetson/robot_ws/install/nav_2d_utils/share/nav_2d_utils/environment/library_path.sh
[102.866s] -- Installing: /home/jetson/robot_ws/install/nav_2d_utils/share/nav_2d_utils/environment/library_path.dsv
[102.866s] -- Installing: /home/jetson/robot_ws/install/nav_2d_utils/share/ament_index/resource_index/package_run_dependencies/nav_2d_utils
[102.866s] -- Installing: /home/jetson/robot_ws/install/nav_2d_utils/share/ament_index/resource_index/parent_prefix_path/nav_2d_utils
[102.866s] -- Installing: /home/jetson/robot_ws/install/nav_2d_utils/share/nav_2d_utils/environment/ament_prefix_path.sh
[102.866s] -- Installing: /home/jetson/robot_ws/install/nav_2d_utils/share/nav_2d_utils/environment/ament_prefix_path.dsv
[102.866s] -- Installing: /home/jetson/robot_ws/install/nav_2d_utils/share/nav_2d_utils/environment/path.sh
[102.866s] -- Installing: /home/jetson/robot_ws/install/nav_2d_utils/share/nav_2d_utils/environment/path.dsv
[102.867s] -- Installing: /home/jetson/robot_ws/install/nav_2d_utils/share/nav_2d_utils/local_setup.bash
[102.867s] -- Installing: /home/jetson/robot_ws/install/nav_2d_utils/share/nav_2d_utils/local_setup.sh
[102.867s] -- Installing: /home/jetson/robot_ws/install/nav_2d_utils/share/nav_2d_utils/local_setup.zsh
[102.867s] -- Installing: /home/jetson/robot_ws/install/nav_2d_utils/share/nav_2d_utils/local_setup.dsv
[102.867s] -- Installing: /home/jetson/robot_ws/install/nav_2d_utils/share/nav_2d_utils/package.dsv
[102.867s] -- Installing: /home/jetson/robot_ws/install/nav_2d_utils/share/ament_index/resource_index/packages/nav_2d_utils
[102.867s] -- Installing: /home/jetson/robot_ws/install/nav_2d_utils/share/nav_2d_utils/cmake/ament_cmake_export_include_directories-extras.cmake
[102.867s] -- Installing: /home/jetson/robot_ws/install/nav_2d_utils/share/nav_2d_utils/cmake/ament_cmake_export_libraries-extras.cmake
[102.867s] -- Installing: /home/jetson/robot_ws/install/nav_2d_utils/share/nav_2d_utils/cmake/ament_cmake_export_dependencies-extras.cmake
[102.867s] -- Installing: /home/jetson/robot_ws/install/nav_2d_utils/share/nav_2d_utils/cmake/nav_2d_utilsConfig.cmake
[102.868s] -- Installing: /home/jetson/robot_ws/install/nav_2d_utils/share/nav_2d_utils/cmake/nav_2d_utilsConfig-version.cmake
[102.868s] -- Installing: /home/jetson/robot_ws/install/nav_2d_utils/share/nav_2d_utils/package.xml
[102.882s] Invoked command in '/home/jetson/robot_ws/build/nav_2d_utils' returned '0': AMENT_PREFIX_PATH=/home/jetson/robot_ws/install/nav2_util:/home/jetson/robot_ws/install/nav2_msgs:/home/jetson/robot_ws/install/nav_2d_msgs:/home/jetson/robot_ws/install/nav2_common:${AMENT_PREFIX_PATH} CMAKE_PREFIX_PATH=/home/jetson/robot_ws/install/nav2_util:/home/jetson/robot_ws/install/nav2_msgs:/home/jetson/robot_ws/install/nav_2d_msgs:/home/jetson/robot_ws/install/nav2_common:/home/jetson/robot_ws/install/servicerobot_joy:/opt/ros/humble LD_LIBRARY_PATH=/home/jetson/robot_ws/install/nav2_util/lib:/home/jetson/robot_ws/install/nav2_msgs/lib:/home/jetson/robot_ws/install/nav_2d_msgs/lib:${LD_LIBRARY_PATH} PYTHONPATH=/home/jetson/robot_ws/install/nav2_msgs/local/lib/python3.10/dist-packages:/home/jetson/robot_ws/install/nav_2d_msgs/local/lib/python3.10/dist-packages:/home/jetson/robot_ws/install/nav2_common/local/lib/python3.10/dist-packages:${PYTHONPATH} /usr/bin/cmake --install /home/jetson/robot_ws/build/nav_2d_utils
