running egg_info
writing ../../build/servicerobot_teleop/servicerobot_teleop.egg-info/PKG-INFO
writing dependency_links to ../../build/servicerobot_teleop/servicerobot_teleop.egg-info/dependency_links.txt
writing entry points to ../../build/servicerobot_teleop/servicerobot_teleop.egg-info/entry_points.txt
writing requirements to ../../build/servicerobot_teleop/servicerobot_teleop.egg-info/requires.txt
writing top-level names to ../../build/servicerobot_teleop/servicerobot_teleop.egg-info/top_level.txt
reading manifest file '../../build/servicerobot_teleop/servicerobot_teleop.egg-info/SOURCES.txt'
writing manifest file '../../build/servicerobot_teleop/servicerobot_teleop.egg-info/SOURCES.txt'
running build
running build_py
copying servicerobot_teleop/teleop_node.py -> /home/jetson/robot_ws/build/servicerobot_teleop/build/lib/servicerobot_teleop
running install
running install_lib
copying /home/jetson/robot_ws/build/servicerobot_teleop/build/lib/servicerobot_teleop/teleop_node.py -> /home/jetson/robot_ws/install/servicerobot_teleop/lib/python3.10/site-packages/servicerobot_teleop
byte-compiling /home/jetson/robot_ws/install/servicerobot_teleop/lib/python3.10/site-packages/servicerobot_teleop/teleop_node.py to teleop_node.cpython-310.pyc
running install_data
running install_egg_info
Sorry: TabError: inconsistent use of tabs and spaces in indentation (teleop_node.py, line 70)
removing '/home/jetson/robot_ws/install/servicerobot_teleop/lib/python3.10/site-packages/servicerobot_teleop-0.0.0-py3.10.egg-info' (and everything under it)
Copying ../../build/servicerobot_teleop/servicerobot_teleop.egg-info to /home/jetson/robot_ws/install/servicerobot_teleop/lib/python3.10/site-packages/servicerobot_teleop-0.0.0-py3.10.egg-info
running install_scripts
Installing teleop_node script to /home/jetson/robot_ws/install/servicerobot_teleop/lib/servicerobot_teleop
writing list of installed files to '/home/jetson/robot_ws/build/servicerobot_teleop/install.log'
