[0.091s] Invoking command in '/home/jetson/robot_ws/build/nav2_controller': AMENT_PREFIX_PATH=/home/jetson/robot_ws/install/nav2_core:/home/jetson/robot_ws/install/nav2_costmap_2d:/home/jetson/robot_ws/install/nav_2d_utils:/home/jetson/robot_ws/install/nav2_map_server:/home/jetson/robot_ws/install/nav2_lifecycle_manager:/home/jetson/robot_ws/install/nav2_util:/home/jetson/robot_ws/install/nav2_voxel_grid:/home/jetson/robot_ws/install/nav2_msgs:/home/jetson/robot_ws/install/nav_2d_msgs:/home/jetson/robot_ws/install/nav2_common:${AMENT_PREFIX_PATH} CMAKE_PREFIX_PATH=/home/jetson/robot_ws/install/nav2_core:/home/jetson/robot_ws/install/nav2_costmap_2d:/home/jetson/robot_ws/install/nav_2d_utils:/home/jetson/robot_ws/install/nav2_map_server:/home/jetson/robot_ws/install/nav2_lifecycle_manager:/home/jetson/robot_ws/install/nav2_util:/home/jetson/robot_ws/install/nav2_voxel_grid:/home/jetson/robot_ws/install/nav2_msgs:/home/jetson/robot_ws/install/nav_2d_msgs:/home/jetson/robot_ws/install/nav2_common:/home/jetson/robot_ws/install/servicerobot_joy:/opt/ros/humble LD_LIBRARY_PATH=/home/jetson/robot_ws/install/nav2_costmap_2d/lib:/home/jetson/robot_ws/install/nav_2d_utils/lib:/home/jetson/robot_ws/install/nav2_map_server/lib:/home/jetson/robot_ws/install/nav2_lifecycle_manager/lib:/home/jetson/robot_ws/install/nav2_util/lib:/home/jetson/robot_ws/install/nav2_voxel_grid/lib:/home/jetson/robot_ws/install/nav2_msgs/lib:/home/jetson/robot_ws/install/nav_2d_msgs/lib:${LD_LIBRARY_PATH} PYTHONPATH=/home/jetson/robot_ws/install/nav2_msgs/local/lib/python3.10/dist-packages:/home/jetson/robot_ws/install/nav_2d_msgs/local/lib/python3.10/dist-packages:/home/jetson/robot_ws/install/nav2_common/local/lib/python3.10/dist-packages:${PYTHONPATH} /usr/bin/cmake /home/jetson/robot_ws/src/navigation2/nav2_controller -DCMAKE_INSTALL_PREFIX=/home/jetson/robot_ws/install/nav2_controller
[0.248s] -- The C compiler identification is GNU 11.4.0
[0.360s] -- The CXX compiler identification is GNU 11.4.0
[0.379s] -- Detecting C compiler ABI info
[0.551s] -- Detecting C compiler ABI info - done
[0.570s] -- Check for working C compiler: /usr/bin/cc - skipped
[0.570s] -- Detecting C compile features
[0.571s] -- Detecting C compile features - done
[0.581s] -- Detecting CXX compiler ABI info
[0.798s] -- Detecting CXX compiler ABI info - done
[0.815s] -- Check for working CXX compiler: /usr/bin/c++ - skipped
[0.816s] -- Detecting CXX compile features
[0.817s] -- Detecting CXX compile features - done
[0.824s] -- Found ament_cmake: 1.3.12 (/opt/ros/humble/share/ament_cmake/cmake)
[1.183s] -- Found Python3: /usr/bin/python3 (found version "3.10.12") found components: Interpreter 
[1.398s] -- Found nav2_core: 1.1.20 (/home/jetson/robot_ws/install/nav2_core/share/nav2_core/cmake)
[1.491s] -- Found rosidl_generator_c: 3.1.7 (/opt/ros/humble/share/rosidl_generator_c/cmake)
[1.502s] -- Found rosidl_adapter: 3.1.7 (/opt/ros/humble/share/rosidl_adapter/cmake)
[1.519s] -- Found rosidl_generator_cpp: 3.1.7 (/opt/ros/humble/share/rosidl_generator_cpp/cmake)
[1.542s] -- Using all available rosidl_typesupport_c: rosidl_typesupport_fastrtps_c;rosidl_typesupport_introspection_c
[1.577s] -- Using all available rosidl_typesupport_cpp: rosidl_typesupport_fastrtps_cpp;rosidl_typesupport_introspection_cpp
[1.665s] -- Found rmw_implementation_cmake: 6.1.2 (/opt/ros/humble/share/rmw_implementation_cmake/cmake)
[1.671s] -- Found rmw_fastrtps_cpp: 6.2.9 (/opt/ros/humble/share/rmw_fastrtps_cpp/cmake)
[1.833s] -- Found OpenSSL: /usr/lib/aarch64-linux-gnu/libcrypto.so (found version "3.0.2")  
[1.888s] -- Found FastRTPS: /opt/ros/humble/include  
[1.964s] -- Using RMW implementation 'rmw_fastrtps_cpp' as default
[1.984s] -- Looking for pthread.h
[2.133s] -- Looking for pthread.h - found
[2.134s] -- Performing Test CMAKE_HAVE_LIBC_PTHREAD
[2.286s] -- Performing Test CMAKE_HAVE_LIBC_PTHREAD - Success
[2.289s] -- Found Threads: TRUE  
[2.888s] -- Found Eigen3: TRUE (found version "3.4.0") 
[2.888s] -- Ensuring Eigen3 include directory is part of orocos-kdl CMake target
[3.105s] -- Found nav2_common: 1.1.20 (/home/jetson/robot_ws/install/nav2_common/share/nav2_common/cmake)
[3.112s] -- Found nav_2d_utils: 1.1.20 (/home/jetson/robot_ws/install/nav_2d_utils/share/nav_2d_utils/cmake)
[3.169s] -- Setting build type to Release as none was specified.
[5.295s] -- Found ament_lint_auto: 0.12.14 (/opt/ros/humble/share/ament_lint_auto/cmake)
[5.581s] -- Found gtest sources under '/opt/ros/humble/src/gtest_vendor': C++ tests using 'Google Test' will be built
[5.935s] -- Found gtest sources under '/opt/ros/humble/src/gtest_vendor': C++ tests using 'Google Test' will be built
[6.231s] -- Added test 'cppcheck' to perform static code analysis on C / C++ code
[6.234s] -- Configured cppcheck include dirs: /home/jetson/robot_ws/src/navigation2/nav2_controller/include
[6.234s] -- Configured cppcheck exclude dirs and/or files: 
[6.237s] -- Added test 'cpplint' to check C / C++ code against the Google style
[6.237s] -- Configured cpplint exclude dirs and/or files: 
[6.239s] -- Added test 'lint_cmake' to check CMake code style
[6.242s] -- Added test 'uncrustify' to check C / C++ code style
[6.242s] -- Configured uncrustify additional arguments: 
[6.243s] -- Added test 'xmllint' to check XML markup files
[6.250s] -- Configuring done
[7.034s] -- Generating done
[7.137s] -- Build files have been written to: /home/jetson/robot_ws/build/nav2_controller
[7.187s] Invoked command in '/home/jetson/robot_ws/build/nav2_controller' returned '0': AMENT_PREFIX_PATH=/home/jetson/robot_ws/install/nav2_core:/home/jetson/robot_ws/install/nav2_costmap_2d:/home/jetson/robot_ws/install/nav_2d_utils:/home/jetson/robot_ws/install/nav2_map_server:/home/jetson/robot_ws/install/nav2_lifecycle_manager:/home/jetson/robot_ws/install/nav2_util:/home/jetson/robot_ws/install/nav2_voxel_grid:/home/jetson/robot_ws/install/nav2_msgs:/home/jetson/robot_ws/install/nav_2d_msgs:/home/jetson/robot_ws/install/nav2_common:${AMENT_PREFIX_PATH} CMAKE_PREFIX_PATH=/home/jetson/robot_ws/install/nav2_core:/home/jetson/robot_ws/install/nav2_costmap_2d:/home/jetson/robot_ws/install/nav_2d_utils:/home/jetson/robot_ws/install/nav2_map_server:/home/jetson/robot_ws/install/nav2_lifecycle_manager:/home/jetson/robot_ws/install/nav2_util:/home/jetson/robot_ws/install/nav2_voxel_grid:/home/jetson/robot_ws/install/nav2_msgs:/home/jetson/robot_ws/install/nav_2d_msgs:/home/jetson/robot_ws/install/nav2_common:/home/jetson/robot_ws/install/servicerobot_joy:/opt/ros/humble LD_LIBRARY_PATH=/home/jetson/robot_ws/install/nav2_costmap_2d/lib:/home/jetson/robot_ws/install/nav_2d_utils/lib:/home/jetson/robot_ws/install/nav2_map_server/lib:/home/jetson/robot_ws/install/nav2_lifecycle_manager/lib:/home/jetson/robot_ws/install/nav2_util/lib:/home/jetson/robot_ws/install/nav2_voxel_grid/lib:/home/jetson/robot_ws/install/nav2_msgs/lib:/home/jetson/robot_ws/install/nav_2d_msgs/lib:${LD_LIBRARY_PATH} PYTHONPATH=/home/jetson/robot_ws/install/nav2_msgs/local/lib/python3.10/dist-packages:/home/jetson/robot_ws/install/nav_2d_msgs/local/lib/python3.10/dist-packages:/home/jetson/robot_ws/install/nav2_common/local/lib/python3.10/dist-packages:${PYTHONPATH} /usr/bin/cmake /home/jetson/robot_ws/src/navigation2/nav2_controller -DCMAKE_INSTALL_PREFIX=/home/jetson/robot_ws/install/nav2_controller
[7.188s] Invoking command in '/home/jetson/robot_ws/build/nav2_controller': AMENT_PREFIX_PATH=/home/jetson/robot_ws/install/nav2_core:/home/jetson/robot_ws/install/nav2_costmap_2d:/home/jetson/robot_ws/install/nav_2d_utils:/home/jetson/robot_ws/install/nav2_map_server:/home/jetson/robot_ws/install/nav2_lifecycle_manager:/home/jetson/robot_ws/install/nav2_util:/home/jetson/robot_ws/install/nav2_voxel_grid:/home/jetson/robot_ws/install/nav2_msgs:/home/jetson/robot_ws/install/nav_2d_msgs:/home/jetson/robot_ws/install/nav2_common:${AMENT_PREFIX_PATH} CMAKE_PREFIX_PATH=/home/jetson/robot_ws/install/nav2_core:/home/jetson/robot_ws/install/nav2_costmap_2d:/home/jetson/robot_ws/install/nav_2d_utils:/home/jetson/robot_ws/install/nav2_map_server:/home/jetson/robot_ws/install/nav2_lifecycle_manager:/home/jetson/robot_ws/install/nav2_util:/home/jetson/robot_ws/install/nav2_voxel_grid:/home/jetson/robot_ws/install/nav2_msgs:/home/jetson/robot_ws/install/nav_2d_msgs:/home/jetson/robot_ws/install/nav2_common:/home/jetson/robot_ws/install/servicerobot_joy:/opt/ros/humble LD_LIBRARY_PATH=/home/jetson/robot_ws/install/nav2_costmap_2d/lib:/home/jetson/robot_ws/install/nav_2d_utils/lib:/home/jetson/robot_ws/install/nav2_map_server/lib:/home/jetson/robot_ws/install/nav2_lifecycle_manager/lib:/home/jetson/robot_ws/install/nav2_util/lib:/home/jetson/robot_ws/install/nav2_voxel_grid/lib:/home/jetson/robot_ws/install/nav2_msgs/lib:/home/jetson/robot_ws/install/nav_2d_msgs/lib:${LD_LIBRARY_PATH} PYTHONPATH=/home/jetson/robot_ws/install/nav2_msgs/local/lib/python3.10/dist-packages:/home/jetson/robot_ws/install/nav_2d_msgs/local/lib/python3.10/dist-packages:/home/jetson/robot_ws/install/nav2_common/local/lib/python3.10/dist-packages:${PYTHONPATH} /usr/bin/cmake --build /home/jetson/robot_ws/build/nav2_controller -- -j6 -l6
[51.490s] [  4%] [32mBuilding CXX object CMakeFiles/controller_server_core.dir/src/controller_server.cpp.o[0m
[76.743s] [  8%] [32m[1mLinking CXX shared library libcontroller_server_core.so[0m
[78.522s] [  8%] Built target controller_server_core
[78.584s] [ 12%] [32mBuilding CXX object gtest/CMakeFiles/gtest.dir/src/gtest-all.cc.o[0m
[95.800s] [ 16%] [32m[1mLinking CXX static library libgtest.a[0m
[95.900s] [ 16%] Built target gtest
[95.968s] [ 20%] [32mBuilding CXX object CMakeFiles/controller_server.dir/src/main.cpp.o[0m
[119.604s] [ 25%] [32m[1mLinking CXX executable controller_server[0m
[120.446s] [ 25%] Built target controller_server
[120.499s] [ 29%] [32mBuilding CXX object gtest/CMakeFiles/gtest_main.dir/src/gtest_main.cc.o[0m
[122.484s] [ 33%] [32m[1mLinking CXX static library libgtest_main.a[0m
[122.561s] [ 33%] Built target gtest_main
[122.612s] [ 37%] [32mBuilding CXX object CMakeFiles/position_goal_checker.dir/plugins/position_goal_checker.cpp.o[0m
[135.578s] [ 41%] [32m[1mLinking CXX shared library libposition_goal_checker.so[0m
[136.161s] [ 41%] Built target position_goal_checker
[136.207s] [ 45%] [32mBuilding CXX object test/CMakeFiles/test_dynamic_parameters.dir/test_dynamic_parameters.cpp.o[0m
[158.662s] [ 50%] [32m[1mLinking CXX executable test_dynamic_parameters[0m
[159.683s] [ 50%] Built target test_dynamic_parameters
[159.754s] [ 54%] [32mBuilding CXX object CMakeFiles/simple_goal_checker.dir/plugins/simple_goal_checker.cpp.o[0m
[175.476s] [ 58%] [32m[1mLinking CXX shared library libsimple_goal_checker.so[0m
[176.239s] [ 58%] Built target simple_goal_checker
[176.325s] [ 62%] [32mBuilding CXX object CMakeFiles/simple_progress_checker.dir/plugins/simple_progress_checker.cpp.o[0m
[185.872s] [ 66%] [32m[1mLinking CXX shared library libsimple_progress_checker.so[0m
[186.608s] [ 66%] Built target simple_progress_checker
[186.680s] [ 70%] [32mBuilding CXX object CMakeFiles/stopped_goal_checker.dir/plugins/stopped_goal_checker.cpp.o[0m
[200.833s] [ 75%] [32m[1mLinking CXX shared library libstopped_goal_checker.so[0m
[201.401s] [ 75%] Built target stopped_goal_checker
[201.447s] [ 79%] [32mBuilding CXX object CMakeFiles/pose_progress_checker.dir/plugins/pose_progress_checker.cpp.o[0m
[209.725s] [ 83%] [32m[1mLinking CXX shared library libpose_progress_checker.so[0m
[210.365s] [ 83%] Built target pose_progress_checker
[210.434s] [ 87%] [32mBuilding CXX object plugins/test/CMakeFiles/gctest.dir/goal_checker.cpp.o[0m
[228.478s] [ 91%] [32m[1mLinking CXX executable gctest[0m
[229.326s] [ 91%] Built target gctest
[229.415s] [ 95%] [32mBuilding CXX object plugins/test/CMakeFiles/pctest.dir/progress_checker.cpp.o[0m
[244.333s] [100%] [32m[1mLinking CXX executable pctest[0m
[244.972s] [100%] Built target pctest
[245.032s] Invoked command in '/home/jetson/robot_ws/build/nav2_controller' returned '0': AMENT_PREFIX_PATH=/home/jetson/robot_ws/install/nav2_core:/home/jetson/robot_ws/install/nav2_costmap_2d:/home/jetson/robot_ws/install/nav_2d_utils:/home/jetson/robot_ws/install/nav2_map_server:/home/jetson/robot_ws/install/nav2_lifecycle_manager:/home/jetson/robot_ws/install/nav2_util:/home/jetson/robot_ws/install/nav2_voxel_grid:/home/jetson/robot_ws/install/nav2_msgs:/home/jetson/robot_ws/install/nav_2d_msgs:/home/jetson/robot_ws/install/nav2_common:${AMENT_PREFIX_PATH} CMAKE_PREFIX_PATH=/home/jetson/robot_ws/install/nav2_core:/home/jetson/robot_ws/install/nav2_costmap_2d:/home/jetson/robot_ws/install/nav_2d_utils:/home/jetson/robot_ws/install/nav2_map_server:/home/jetson/robot_ws/install/nav2_lifecycle_manager:/home/jetson/robot_ws/install/nav2_util:/home/jetson/robot_ws/install/nav2_voxel_grid:/home/jetson/robot_ws/install/nav2_msgs:/home/jetson/robot_ws/install/nav_2d_msgs:/home/jetson/robot_ws/install/nav2_common:/home/jetson/robot_ws/install/servicerobot_joy:/opt/ros/humble LD_LIBRARY_PATH=/home/jetson/robot_ws/install/nav2_costmap_2d/lib:/home/jetson/robot_ws/install/nav_2d_utils/lib:/home/jetson/robot_ws/install/nav2_map_server/lib:/home/jetson/robot_ws/install/nav2_lifecycle_manager/lib:/home/jetson/robot_ws/install/nav2_util/lib:/home/jetson/robot_ws/install/nav2_voxel_grid/lib:/home/jetson/robot_ws/install/nav2_msgs/lib:/home/jetson/robot_ws/install/nav_2d_msgs/lib:${LD_LIBRARY_PATH} PYTHONPATH=/home/jetson/robot_ws/install/nav2_msgs/local/lib/python3.10/dist-packages:/home/jetson/robot_ws/install/nav_2d_msgs/local/lib/python3.10/dist-packages:/home/jetson/robot_ws/install/nav2_common/local/lib/python3.10/dist-packages:${PYTHONPATH} /usr/bin/cmake --build /home/jetson/robot_ws/build/nav2_controller -- -j6 -l6
[245.033s] Invoking command in '/home/jetson/robot_ws/build/nav2_controller': AMENT_PREFIX_PATH=/home/jetson/robot_ws/install/nav2_core:/home/jetson/robot_ws/install/nav2_costmap_2d:/home/jetson/robot_ws/install/nav_2d_utils:/home/jetson/robot_ws/install/nav2_map_server:/home/jetson/robot_ws/install/nav2_lifecycle_manager:/home/jetson/robot_ws/install/nav2_util:/home/jetson/robot_ws/install/nav2_voxel_grid:/home/jetson/robot_ws/install/nav2_msgs:/home/jetson/robot_ws/install/nav_2d_msgs:/home/jetson/robot_ws/install/nav2_common:${AMENT_PREFIX_PATH} CMAKE_PREFIX_PATH=/home/jetson/robot_ws/install/nav2_core:/home/jetson/robot_ws/install/nav2_costmap_2d:/home/jetson/robot_ws/install/nav_2d_utils:/home/jetson/robot_ws/install/nav2_map_server:/home/jetson/robot_ws/install/nav2_lifecycle_manager:/home/jetson/robot_ws/install/nav2_util:/home/jetson/robot_ws/install/nav2_voxel_grid:/home/jetson/robot_ws/install/nav2_msgs:/home/jetson/robot_ws/install/nav_2d_msgs:/home/jetson/robot_ws/install/nav2_common:/home/jetson/robot_ws/install/servicerobot_joy:/opt/ros/humble LD_LIBRARY_PATH=/home/jetson/robot_ws/install/nav2_costmap_2d/lib:/home/jetson/robot_ws/install/nav_2d_utils/lib:/home/jetson/robot_ws/install/nav2_map_server/lib:/home/jetson/robot_ws/install/nav2_lifecycle_manager/lib:/home/jetson/robot_ws/install/nav2_util/lib:/home/jetson/robot_ws/install/nav2_voxel_grid/lib:/home/jetson/robot_ws/install/nav2_msgs/lib:/home/jetson/robot_ws/install/nav_2d_msgs/lib:${LD_LIBRARY_PATH} PYTHONPATH=/home/jetson/robot_ws/install/nav2_msgs/local/lib/python3.10/dist-packages:/home/jetson/robot_ws/install/nav_2d_msgs/local/lib/python3.10/dist-packages:/home/jetson/robot_ws/install/nav2_common/local/lib/python3.10/dist-packages:${PYTHONPATH} /usr/bin/cmake --install /home/jetson/robot_ws/build/nav2_controller
[245.055s] -- Install configuration: "Release"
[245.056s] -- Installing: /home/jetson/robot_ws/install/nav2_controller/lib/libsimple_progress_checker.so
[245.056s] -- Set runtime path of "/home/jetson/robot_ws/install/nav2_controller/lib/libsimple_progress_checker.so" to ""
[245.056s] -- Installing: /home/jetson/robot_ws/install/nav2_controller/lib/libpose_progress_checker.so
[245.056s] -- Set runtime path of "/home/jetson/robot_ws/install/nav2_controller/lib/libpose_progress_checker.so" to ""
[245.056s] -- Installing: /home/jetson/robot_ws/install/nav2_controller/lib/libsimple_goal_checker.so
[245.057s] -- Set runtime path of "/home/jetson/robot_ws/install/nav2_controller/lib/libsimple_goal_checker.so" to ""
[245.057s] -- Installing: /home/jetson/robot_ws/install/nav2_controller/lib/libstopped_goal_checker.so
[245.057s] -- Set runtime path of "/home/jetson/robot_ws/install/nav2_controller/lib/libstopped_goal_checker.so" to ""
[245.057s] -- Installing: /home/jetson/robot_ws/install/nav2_controller/lib/libposition_goal_checker.so
[245.059s] -- Set runtime path of "/home/jetson/robot_ws/install/nav2_controller/lib/libposition_goal_checker.so" to ""
[245.059s] -- Installing: /home/jetson/robot_ws/install/nav2_controller/lib/libcontroller_server_core.so
[245.071s] -- Set runtime path of "/home/jetson/robot_ws/install/nav2_controller/lib/libcontroller_server_core.so" to ""
[245.072s] -- Installing: /home/jetson/robot_ws/install/nav2_controller/lib/nav2_controller/controller_server
[245.075s] -- Set runtime path of "/home/jetson/robot_ws/install/nav2_controller/lib/nav2_controller/controller_server" to ""
[245.075s] -- Installing: /home/jetson/robot_ws/install/nav2_controller/include/
[245.075s] -- Installing: /home/jetson/robot_ws/install/nav2_controller/include//nav2_controller
[245.076s] -- Installing: /home/jetson/robot_ws/install/nav2_controller/include//nav2_controller/plugins
[245.076s] -- Installing: /home/jetson/robot_ws/install/nav2_controller/include//nav2_controller/plugins/simple_goal_checker.hpp
[245.076s] -- Installing: /home/jetson/robot_ws/install/nav2_controller/include//nav2_controller/plugins/position_goal_checker.hpp
[245.077s] -- Installing: /home/jetson/robot_ws/install/nav2_controller/include//nav2_controller/plugins/stopped_goal_checker.hpp
[245.077s] -- Installing: /home/jetson/robot_ws/install/nav2_controller/include//nav2_controller/plugins/simple_progress_checker.hpp
[245.077s] -- Installing: /home/jetson/robot_ws/install/nav2_controller/include//nav2_controller/plugins/pose_progress_checker.hpp
[245.078s] -- Installing: /home/jetson/robot_ws/install/nav2_controller/include//nav2_controller/controller_server.hpp
[245.079s] -- Installing: /home/jetson/robot_ws/install/nav2_controller/share/nav2_controller/environment/library_path.sh
[245.080s] -- Installing: /home/jetson/robot_ws/install/nav2_controller/share/nav2_controller/environment/library_path.dsv
[245.080s] -- Installing: /home/jetson/robot_ws/install/nav2_controller/share/nav2_controller/plugins.xml
[245.086s] -- Installing: /home/jetson/robot_ws/install/nav2_controller/share/ament_index/resource_index/package_run_dependencies/nav2_controller
[245.086s] -- Installing: /home/jetson/robot_ws/install/nav2_controller/share/ament_index/resource_index/parent_prefix_path/nav2_controller
[245.087s] -- Installing: /home/jetson/robot_ws/install/nav2_controller/share/nav2_controller/environment/ament_prefix_path.sh
[245.088s] -- Installing: /home/jetson/robot_ws/install/nav2_controller/share/nav2_controller/environment/ament_prefix_path.dsv
[245.090s] -- Installing: /home/jetson/robot_ws/install/nav2_controller/share/nav2_controller/environment/path.sh
[245.096s] -- Installing: /home/jetson/robot_ws/install/nav2_controller/share/nav2_controller/environment/path.dsv
[245.096s] -- Installing: /home/jetson/robot_ws/install/nav2_controller/share/nav2_controller/local_setup.bash
[245.096s] -- Installing: /home/jetson/robot_ws/install/nav2_controller/share/nav2_controller/local_setup.sh
[245.096s] -- Installing: /home/jetson/robot_ws/install/nav2_controller/share/nav2_controller/local_setup.zsh
[245.097s] -- Installing: /home/jetson/robot_ws/install/nav2_controller/share/nav2_controller/local_setup.dsv
[245.097s] -- Installing: /home/jetson/robot_ws/install/nav2_controller/share/nav2_controller/package.dsv
[245.097s] -- Installing: /home/jetson/robot_ws/install/nav2_controller/share/ament_index/resource_index/packages/nav2_controller
[245.097s] -- Installing: /home/jetson/robot_ws/install/nav2_controller/share/ament_index/resource_index/nav2_core__pluginlib__plugin/nav2_controller
[245.097s] -- Installing: /home/jetson/robot_ws/install/nav2_controller/share/ament_index/resource_index/rclcpp_components/nav2_controller
[245.098s] -- Installing: /home/jetson/robot_ws/install/nav2_controller/share/nav2_controller/cmake/ament_cmake_export_include_directories-extras.cmake
[245.098s] -- Installing: /home/jetson/robot_ws/install/nav2_controller/share/nav2_controller/cmake/ament_cmake_export_libraries-extras.cmake
[245.098s] -- Installing: /home/jetson/robot_ws/install/nav2_controller/share/nav2_controller/cmake/ament_cmake_export_dependencies-extras.cmake
[245.101s] -- Installing: /home/jetson/robot_ws/install/nav2_controller/share/nav2_controller/cmake/nav2_controllerConfig.cmake
[245.101s] -- Installing: /home/jetson/robot_ws/install/nav2_controller/share/nav2_controller/cmake/nav2_controllerConfig-version.cmake
[245.101s] -- Installing: /home/jetson/robot_ws/install/nav2_controller/share/nav2_controller/package.xml
[245.110s] Invoked command in '/home/jetson/robot_ws/build/nav2_controller' returned '0': AMENT_PREFIX_PATH=/home/jetson/robot_ws/install/nav2_core:/home/jetson/robot_ws/install/nav2_costmap_2d:/home/jetson/robot_ws/install/nav_2d_utils:/home/jetson/robot_ws/install/nav2_map_server:/home/jetson/robot_ws/install/nav2_lifecycle_manager:/home/jetson/robot_ws/install/nav2_util:/home/jetson/robot_ws/install/nav2_voxel_grid:/home/jetson/robot_ws/install/nav2_msgs:/home/jetson/robot_ws/install/nav_2d_msgs:/home/jetson/robot_ws/install/nav2_common:${AMENT_PREFIX_PATH} CMAKE_PREFIX_PATH=/home/jetson/robot_ws/install/nav2_core:/home/jetson/robot_ws/install/nav2_costmap_2d:/home/jetson/robot_ws/install/nav_2d_utils:/home/jetson/robot_ws/install/nav2_map_server:/home/jetson/robot_ws/install/nav2_lifecycle_manager:/home/jetson/robot_ws/install/nav2_util:/home/jetson/robot_ws/install/nav2_voxel_grid:/home/jetson/robot_ws/install/nav2_msgs:/home/jetson/robot_ws/install/nav_2d_msgs:/home/jetson/robot_ws/install/nav2_common:/home/jetson/robot_ws/install/servicerobot_joy:/opt/ros/humble LD_LIBRARY_PATH=/home/jetson/robot_ws/install/nav2_costmap_2d/lib:/home/jetson/robot_ws/install/nav_2d_utils/lib:/home/jetson/robot_ws/install/nav2_map_server/lib:/home/jetson/robot_ws/install/nav2_lifecycle_manager/lib:/home/jetson/robot_ws/install/nav2_util/lib:/home/jetson/robot_ws/install/nav2_voxel_grid/lib:/home/jetson/robot_ws/install/nav2_msgs/lib:/home/jetson/robot_ws/install/nav_2d_msgs/lib:${LD_LIBRARY_PATH} PYTHONPATH=/home/jetson/robot_ws/install/nav2_msgs/local/lib/python3.10/dist-packages:/home/jetson/robot_ws/install/nav_2d_msgs/local/lib/python3.10/dist-packages:/home/jetson/robot_ws/install/nav2_common/local/lib/python3.10/dist-packages:${PYTHONPATH} /usr/bin/cmake --install /home/jetson/robot_ws/build/nav2_controller
