[0.033s] Invoking command in '/home/jetson/robot_ws/build/nav2_velocity_smoother': AMENT_PREFIX_PATH=/home/jetson/robot_ws/install/nav2_util:/home/jetson/robot_ws/install/nav2_msgs:/home/jetson/robot_ws/install/nav2_common:${AMENT_PREFIX_PATH} CMAKE_PREFIX_PATH=/home/jetson/robot_ws/install/nav2_util:/home/jetson/robot_ws/install/nav2_msgs:/home/jetson/robot_ws/install/nav2_common:/opt/ros/humble LD_LIBRARY_PATH=/home/jetson/robot_ws/install/nav2_util/lib:/home/jetson/robot_ws/install/nav2_msgs/lib:${LD_LIBRARY_PATH} PYTHONPATH=/home/jetson/robot_ws/install/nav2_msgs/local/lib/python3.10/dist-packages:/home/jetson/robot_ws/install/nav2_common/local/lib/python3.10/dist-packages:${PYTHONPATH} /usr/bin/cmake /home/jetson/robot_ws/src/navigation2/nav2_velocity_smoother -DCMAKE_INSTALL_PREFIX=/home/jetson/robot_ws/install/nav2_velocity_smoother
[3.500s] -- The C compiler identification is GNU 11.4.0
[3.500s] -- The CXX compiler identification is GNU 11.4.0
[3.500s] -- Detecting C compiler ABI info
[3.500s] -- Detecting C compiler ABI info - done
[3.500s] -- Check for working C compiler: /usr/bin/cc - skipped
[3.500s] -- Detecting C compile features
[3.500s] -- Detecting C compile features - done
[3.500s] -- Detecting CXX compiler ABI info
[3.501s] -- Detecting CXX compiler ABI info - done
[3.501s] -- Check for working CXX compiler: /usr/bin/c++ - skipped
[3.501s] -- Detecting CXX compile features
[3.501s] -- Detecting CXX compile features - done
[3.502s] -- Found ament_cmake: 1.3.12 (/opt/ros/humble/share/ament_cmake/cmake)
[3.502s] -- Found Python3: /usr/bin/python3 (found version "3.10.12") found components: Interpreter 
[3.502s] -- Found nav2_common: 1.1.20 (/home/jetson/robot_ws/install/nav2_common/share/nav2_common/cmake)
[3.502s] -- Found rclcpp: 16.0.15 (/opt/ros/humble/share/rclcpp/cmake)
[3.502s] -- Found rosidl_generator_c: 3.1.7 (/opt/ros/humble/share/rosidl_generator_c/cmake)
[3.502s] -- Found rosidl_adapter: 3.1.7 (/opt/ros/humble/share/rosidl_adapter/cmake)
[3.502s] -- Found rosidl_generator_cpp: 3.1.7 (/opt/ros/humble/share/rosidl_generator_cpp/cmake)
[3.502s] -- Using all available rosidl_typesupport_c: rosidl_typesupport_fastrtps_c;rosidl_typesupport_introspection_c
[3.503s] -- Using all available rosidl_typesupport_cpp: rosidl_typesupport_fastrtps_cpp;rosidl_typesupport_introspection_cpp
[3.503s] -- Found rmw_implementation_cmake: 6.1.2 (/opt/ros/humble/share/rmw_implementation_cmake/cmake)
[3.503s] -- Found rmw_fastrtps_cpp: 6.2.9 (/opt/ros/humble/share/rmw_fastrtps_cpp/cmake)
[3.503s] -- Found OpenSSL: /usr/lib/aarch64-linux-gnu/libcrypto.so (found version "3.0.2")  
[3.503s] -- Found FastRTPS: /opt/ros/humble/include  
[3.503s] -- Using RMW implementation 'rmw_fastrtps_cpp' as default
[3.503s] -- Looking for pthread.h
[3.503s] -- Looking for pthread.h - found
[3.503s] -- Performing Test CMAKE_HAVE_LIBC_PTHREAD
[3.503s] -- Performing Test CMAKE_HAVE_LIBC_PTHREAD - Success
[3.504s] -- Found Threads: TRUE  
[3.504s] -- Found rclcpp_components: 16.0.15 (/opt/ros/humble/share/rclcpp_components/cmake)
[3.504s] -- Found geometry_msgs: 4.9.0 (/opt/ros/humble/share/geometry_msgs/cmake)
[3.504s] -- Found nav2_util: 1.1.20 (/home/jetson/robot_ws/install/nav2_util/share/nav2_util/cmake)
[3.504s] -- Found eigen3_cmake_module: 0.1.1 (/opt/ros/humble/share/eigen3_cmake_module/cmake)
[3.504s] -- Found Eigen3: TRUE (found version "3.4.0") 
[3.504s] -- Ensuring Eigen3 include directory is part of orocos-kdl CMake target
[3.504s] -- Setting build type to Release as none was specified.
[3.504s] -- Found ament_lint_auto: 0.12.14 (/opt/ros/humble/share/ament_lint_auto/cmake)
[3.504s] -- Found gtest sources under '/opt/ros/humble/src/gtest_vendor': C++ tests using 'Google Test' will be built
[3.504s] -- Added test 'cppcheck' to perform static code analysis on C / C++ code
[3.505s] -- Configured cppcheck include dirs: /home/jetson/robot_ws/src/navigation2/nav2_velocity_smoother/include
[3.505s] -- Configured cppcheck exclude dirs and/or files: 
[3.505s] -- Added test 'cpplint' to check C / C++ code against the Google style
[3.505s] -- Configured cpplint exclude dirs and/or files: 
[3.505s] -- Added test 'lint_cmake' to check CMake code style
[3.505s] -- Added test 'uncrustify' to check C / C++ code style
[3.505s] -- Configured uncrustify additional arguments: 
[3.505s] -- Added test 'xmllint' to check XML markup files
[3.505s] -- Configuring done
[3.505s] -- Generating done
[3.506s] -- Build files have been written to: /home/jetson/robot_ws/build/nav2_velocity_smoother
[3.509s] Invoked command in '/home/jetson/robot_ws/build/nav2_velocity_smoother' returned '0': AMENT_PREFIX_PATH=/home/jetson/robot_ws/install/nav2_util:/home/jetson/robot_ws/install/nav2_msgs:/home/jetson/robot_ws/install/nav2_common:${AMENT_PREFIX_PATH} CMAKE_PREFIX_PATH=/home/jetson/robot_ws/install/nav2_util:/home/jetson/robot_ws/install/nav2_msgs:/home/jetson/robot_ws/install/nav2_common:/opt/ros/humble LD_LIBRARY_PATH=/home/jetson/robot_ws/install/nav2_util/lib:/home/jetson/robot_ws/install/nav2_msgs/lib:${LD_LIBRARY_PATH} PYTHONPATH=/home/jetson/robot_ws/install/nav2_msgs/local/lib/python3.10/dist-packages:/home/jetson/robot_ws/install/nav2_common/local/lib/python3.10/dist-packages:${PYTHONPATH} /usr/bin/cmake /home/jetson/robot_ws/src/navigation2/nav2_velocity_smoother -DCMAKE_INSTALL_PREFIX=/home/jetson/robot_ws/install/nav2_velocity_smoother
[3.510s] Invoking command in '/home/jetson/robot_ws/build/nav2_velocity_smoother': AMENT_PREFIX_PATH=/home/jetson/robot_ws/install/nav2_util:/home/jetson/robot_ws/install/nav2_msgs:/home/jetson/robot_ws/install/nav2_common:${AMENT_PREFIX_PATH} CMAKE_PREFIX_PATH=/home/jetson/robot_ws/install/nav2_util:/home/jetson/robot_ws/install/nav2_msgs:/home/jetson/robot_ws/install/nav2_common:/opt/ros/humble LD_LIBRARY_PATH=/home/jetson/robot_ws/install/nav2_util/lib:/home/jetson/robot_ws/install/nav2_msgs/lib:${LD_LIBRARY_PATH} PYTHONPATH=/home/jetson/robot_ws/install/nav2_msgs/local/lib/python3.10/dist-packages:/home/jetson/robot_ws/install/nav2_common/local/lib/python3.10/dist-packages:${PYTHONPATH} /usr/bin/cmake --build /home/jetson/robot_ws/build/nav2_velocity_smoother -- -j6 -l6
[3.660s] [ 10%] [32mBuilding CXX object gtest/CMakeFiles/gtest_main.dir/src/gtest_main.cc.o[0m
[3.673s] [ 20%] [32mBuilding CXX object CMakeFiles/velocity_smoother_core.dir/src/velocity_smoother.cpp.o[0m
[3.686s] [ 30%] [32mBuilding CXX object gtest/CMakeFiles/gtest.dir/src/gtest-all.cc.o[0m
[11.128s] [ 40%] [32m[1mLinking CXX static library libgtest_main.a[0m
[11.382s] [ 40%] Built target gtest_main
[42.617s] [ 50%] [32m[1mLinking CXX static library libgtest.a[0m
[42.834s] [ 50%] Built target gtest
[59.112s] [ 60%] [32m[1mLinking CXX shared library libvelocity_smoother_core.so[0m
[60.165s] [ 60%] Built target velocity_smoother_core
[60.252s] [ 70%] [32mBuilding CXX object CMakeFiles/velocity_smoother.dir/src/main.cpp.o[0m
[70.874s] [ 80%] [32m[1mLinking CXX executable velocity_smoother[0m
[71.494s] [ 80%] Built target velocity_smoother
[71.567s] [ 90%] [32mBuilding CXX object test/CMakeFiles/velocity_smoother_tests.dir/test_velocity_smoother.cpp.o[0m
[114.154s] [100%] [32m[1mLinking CXX executable velocity_smoother_tests[0m
[115.261s] [100%] Built target velocity_smoother_tests
[115.301s] Invoked command in '/home/jetson/robot_ws/build/nav2_velocity_smoother' returned '0': AMENT_PREFIX_PATH=/home/jetson/robot_ws/install/nav2_util:/home/jetson/robot_ws/install/nav2_msgs:/home/jetson/robot_ws/install/nav2_common:${AMENT_PREFIX_PATH} CMAKE_PREFIX_PATH=/home/jetson/robot_ws/install/nav2_util:/home/jetson/robot_ws/install/nav2_msgs:/home/jetson/robot_ws/install/nav2_common:/opt/ros/humble LD_LIBRARY_PATH=/home/jetson/robot_ws/install/nav2_util/lib:/home/jetson/robot_ws/install/nav2_msgs/lib:${LD_LIBRARY_PATH} PYTHONPATH=/home/jetson/robot_ws/install/nav2_msgs/local/lib/python3.10/dist-packages:/home/jetson/robot_ws/install/nav2_common/local/lib/python3.10/dist-packages:${PYTHONPATH} /usr/bin/cmake --build /home/jetson/robot_ws/build/nav2_velocity_smoother -- -j6 -l6
[115.306s] Invoking command in '/home/jetson/robot_ws/build/nav2_velocity_smoother': AMENT_PREFIX_PATH=/home/jetson/robot_ws/install/nav2_util:/home/jetson/robot_ws/install/nav2_msgs:/home/jetson/robot_ws/install/nav2_common:${AMENT_PREFIX_PATH} CMAKE_PREFIX_PATH=/home/jetson/robot_ws/install/nav2_util:/home/jetson/robot_ws/install/nav2_msgs:/home/jetson/robot_ws/install/nav2_common:/opt/ros/humble LD_LIBRARY_PATH=/home/jetson/robot_ws/install/nav2_util/lib:/home/jetson/robot_ws/install/nav2_msgs/lib:${LD_LIBRARY_PATH} PYTHONPATH=/home/jetson/robot_ws/install/nav2_msgs/local/lib/python3.10/dist-packages:/home/jetson/robot_ws/install/nav2_common/local/lib/python3.10/dist-packages:${PYTHONPATH} /usr/bin/cmake --install /home/jetson/robot_ws/build/nav2_velocity_smoother
[115.328s] -- Install configuration: "Release"
[115.329s] -- Installing: /home/jetson/robot_ws/install/nav2_velocity_smoother/lib/libvelocity_smoother_core.so
[115.332s] -- Set runtime path of "/home/jetson/robot_ws/install/nav2_velocity_smoother/lib/libvelocity_smoother_core.so" to ""
[115.332s] -- Installing: /home/jetson/robot_ws/install/nav2_velocity_smoother/lib/nav2_velocity_smoother/velocity_smoother
[115.333s] -- Set runtime path of "/home/jetson/robot_ws/install/nav2_velocity_smoother/lib/nav2_velocity_smoother/velocity_smoother" to ""
[115.338s] -- Installing: /home/jetson/robot_ws/install/nav2_velocity_smoother/include/
[115.340s] -- Installing: /home/jetson/robot_ws/install/nav2_velocity_smoother/include//nav2_velocity_smoother
[115.340s] -- Installing: /home/jetson/robot_ws/install/nav2_velocity_smoother/include//nav2_velocity_smoother/velocity_smoother.hpp
[115.344s] -- Installing: /home/jetson/robot_ws/install/nav2_velocity_smoother/share/nav2_velocity_smoother/environment/library_path.sh
[115.347s] -- Installing: /home/jetson/robot_ws/install/nav2_velocity_smoother/share/nav2_velocity_smoother/environment/library_path.dsv
[115.349s] -- Installing: /home/jetson/robot_ws/install/nav2_velocity_smoother/share/ament_index/resource_index/package_run_dependencies/nav2_velocity_smoother
[115.350s] -- Installing: /home/jetson/robot_ws/install/nav2_velocity_smoother/share/ament_index/resource_index/parent_prefix_path/nav2_velocity_smoother
[115.352s] -- Installing: /home/jetson/robot_ws/install/nav2_velocity_smoother/share/nav2_velocity_smoother/environment/ament_prefix_path.sh
[115.354s] -- Installing: /home/jetson/robot_ws/install/nav2_velocity_smoother/share/nav2_velocity_smoother/environment/ament_prefix_path.dsv
[115.355s] -- Installing: /home/jetson/robot_ws/install/nav2_velocity_smoother/share/nav2_velocity_smoother/environment/path.sh
[115.355s] -- Installing: /home/jetson/robot_ws/install/nav2_velocity_smoother/share/nav2_velocity_smoother/environment/path.dsv
[115.355s] -- Installing: /home/jetson/robot_ws/install/nav2_velocity_smoother/share/nav2_velocity_smoother/local_setup.bash
[115.355s] -- Installing: /home/jetson/robot_ws/install/nav2_velocity_smoother/share/nav2_velocity_smoother/local_setup.sh
[115.355s] -- Installing: /home/jetson/robot_ws/install/nav2_velocity_smoother/share/nav2_velocity_smoother/local_setup.zsh
[115.355s] -- Installing: /home/jetson/robot_ws/install/nav2_velocity_smoother/share/nav2_velocity_smoother/local_setup.dsv
[115.355s] -- Installing: /home/jetson/robot_ws/install/nav2_velocity_smoother/share/nav2_velocity_smoother/package.dsv
[115.355s] -- Installing: /home/jetson/robot_ws/install/nav2_velocity_smoother/share/ament_index/resource_index/packages/nav2_velocity_smoother
[115.356s] -- Installing: /home/jetson/robot_ws/install/nav2_velocity_smoother/share/ament_index/resource_index/rclcpp_components/nav2_velocity_smoother
[115.358s] -- Installing: /home/jetson/robot_ws/install/nav2_velocity_smoother/share/nav2_velocity_smoother/cmake/ament_cmake_export_include_directories-extras.cmake
[115.358s] -- Installing: /home/jetson/robot_ws/install/nav2_velocity_smoother/share/nav2_velocity_smoother/cmake/ament_cmake_export_libraries-extras.cmake
[115.358s] -- Installing: /home/jetson/robot_ws/install/nav2_velocity_smoother/share/nav2_velocity_smoother/cmake/ament_cmake_export_dependencies-extras.cmake
[115.359s] -- Installing: /home/jetson/robot_ws/install/nav2_velocity_smoother/share/nav2_velocity_smoother/cmake/nav2_velocity_smootherConfig.cmake
[115.359s] -- Installing: /home/jetson/robot_ws/install/nav2_velocity_smoother/share/nav2_velocity_smoother/cmake/nav2_velocity_smootherConfig-version.cmake
[115.359s] -- Installing: /home/jetson/robot_ws/install/nav2_velocity_smoother/share/nav2_velocity_smoother/package.xml
[115.381s] Invoked command in '/home/jetson/robot_ws/build/nav2_velocity_smoother' returned '0': AMENT_PREFIX_PATH=/home/jetson/robot_ws/install/nav2_util:/home/jetson/robot_ws/install/nav2_msgs:/home/jetson/robot_ws/install/nav2_common:${AMENT_PREFIX_PATH} CMAKE_PREFIX_PATH=/home/jetson/robot_ws/install/nav2_util:/home/jetson/robot_ws/install/nav2_msgs:/home/jetson/robot_ws/install/nav2_common:/opt/ros/humble LD_LIBRARY_PATH=/home/jetson/robot_ws/install/nav2_util/lib:/home/jetson/robot_ws/install/nav2_msgs/lib:${LD_LIBRARY_PATH} PYTHONPATH=/home/jetson/robot_ws/install/nav2_msgs/local/lib/python3.10/dist-packages:/home/jetson/robot_ws/install/nav2_common/local/lib/python3.10/dist-packages:${PYTHONPATH} /usr/bin/cmake --install /home/jetson/robot_ws/build/nav2_velocity_smoother
