[0.232s] Invoking command in '/home/jetson/robot_ws/build/nav2_rotation_shim_controller': AMENT_PREFIX_PATH=/home/jetson/robot_ws/install/nav2_regulated_pure_pursuit_controller:/home/jetson/robot_ws/install/nav2_controller:/home/jetson/robot_ws/install/nav2_core:/home/jetson/robot_ws/install/nav2_costmap_2d:/home/jetson/robot_ws/install/nav_2d_utils:/home/jetson/robot_ws/install/nav2_map_server:/home/jetson/robot_ws/install/nav2_lifecycle_manager:/home/jetson/robot_ws/install/nav2_util:/home/jetson/robot_ws/install/nav2_voxel_grid:/home/jetson/robot_ws/install/nav2_msgs:/home/jetson/robot_ws/install/nav_2d_msgs:/home/jetson/robot_ws/install/nav2_common:${AMENT_PREFIX_PATH} CMAKE_PREFIX_PATH=/home/jetson/robot_ws/install/nav2_regulated_pure_pursuit_controller:/home/jetson/robot_ws/install/nav2_controller:/home/jetson/robot_ws/install/nav2_core:/home/jetson/robot_ws/install/nav2_costmap_2d:/home/jetson/robot_ws/install/nav_2d_utils:/home/jetson/robot_ws/install/nav2_map_server:/home/jetson/robot_ws/install/nav2_lifecycle_manager:/home/jetson/robot_ws/install/nav2_util:/home/jetson/robot_ws/install/nav2_voxel_grid:/home/jetson/robot_ws/install/nav2_msgs:/home/jetson/robot_ws/install/nav_2d_msgs:/home/jetson/robot_ws/install/nav2_common:/opt/ros/humble LD_LIBRARY_PATH=/home/jetson/robot_ws/install/nav2_regulated_pure_pursuit_controller/lib:/home/jetson/robot_ws/install/nav2_controller/lib:/home/jetson/robot_ws/install/nav2_costmap_2d/lib:/home/jetson/robot_ws/install/nav_2d_utils/lib:/home/jetson/robot_ws/install/nav2_map_server/lib:/home/jetson/robot_ws/install/nav2_lifecycle_manager/lib:/home/jetson/robot_ws/install/nav2_util/lib:/home/jetson/robot_ws/install/nav2_voxel_grid/lib:/home/jetson/robot_ws/install/nav2_msgs/lib:/home/jetson/robot_ws/install/nav_2d_msgs/lib:${LD_LIBRARY_PATH} PYTHONPATH=/home/jetson/robot_ws/install/nav2_msgs/local/lib/python3.10/dist-packages:/home/jetson/robot_ws/install/nav_2d_msgs/local/lib/python3.10/dist-packages:/home/jetson/robot_ws/install/nav2_common/local/lib/python3.10/dist-packages:${PYTHONPATH} /usr/bin/cmake /home/jetson/robot_ws/src/navigation2/nav2_rotation_shim_controller -DCMAKE_INSTALL_PREFIX=/home/jetson/robot_ws/install/nav2_rotation_shim_controller
[62.590s] -- The C compiler identification is GNU 11.4.0
[62.590s] -- The CXX compiler identification is GNU 11.4.0
[62.591s] -- Detecting C compiler ABI info
[62.591s] -- Detecting C compiler ABI info - done
[62.591s] -- Check for working C compiler: /usr/bin/cc - skipped
[62.591s] -- Detecting C compile features
[62.591s] -- Detecting C compile features - done
[62.591s] -- Detecting CXX compiler ABI info
[62.591s] -- Detecting CXX compiler ABI info - done
[62.591s] -- Check for working CXX compiler: /usr/bin/c++ - skipped
[62.591s] -- Detecting CXX compile features
[62.591s] -- Detecting CXX compile features - done
[62.592s] -- Found ament_cmake: 1.3.12 (/opt/ros/humble/share/ament_cmake/cmake)
[62.592s] -- Found Python3: /usr/bin/python3 (found version "3.10.12") found components: Interpreter 
[62.592s] -- Found nav2_common: 1.1.20 (/home/jetson/robot_ws/install/nav2_common/share/nav2_common/cmake)
[62.592s] -- Found nav2_core: 1.1.20 (/home/jetson/robot_ws/install/nav2_core/share/nav2_core/cmake)
[62.592s] -- Found rosidl_generator_c: 3.1.7 (/opt/ros/humble/share/rosidl_generator_c/cmake)
[62.592s] -- Found rosidl_adapter: 3.1.7 (/opt/ros/humble/share/rosidl_adapter/cmake)
[62.592s] -- Found rosidl_generator_cpp: 3.1.7 (/opt/ros/humble/share/rosidl_generator_cpp/cmake)
[62.592s] -- Using all available rosidl_typesupport_c: rosidl_typesupport_fastrtps_c;rosidl_typesupport_introspection_c
[62.592s] -- Using all available rosidl_typesupport_cpp: rosidl_typesupport_fastrtps_cpp;rosidl_typesupport_introspection_cpp
[62.592s] -- Found rmw_implementation_cmake: 6.1.2 (/opt/ros/humble/share/rmw_implementation_cmake/cmake)
[62.593s] -- Found rmw_fastrtps_cpp: 6.2.9 (/opt/ros/humble/share/rmw_fastrtps_cpp/cmake)
[62.593s] -- Found OpenSSL: /usr/lib/aarch64-linux-gnu/libcrypto.so (found version "3.0.2")  
[62.593s] -- Found FastRTPS: /opt/ros/humble/include  
[62.593s] -- Using RMW implementation 'rmw_fastrtps_cpp' as default
[62.593s] -- Looking for pthread.h
[62.593s] -- Looking for pthread.h - found
[62.593s] -- Performing Test CMAKE_HAVE_LIBC_PTHREAD
[62.593s] -- Performing Test CMAKE_HAVE_LIBC_PTHREAD - Success
[62.593s] -- Found Threads: TRUE  
[62.593s] -- Found Eigen3: TRUE (found version "3.4.0") 
[62.594s] -- Ensuring Eigen3 include directory is part of orocos-kdl CMake target
[62.594s] -- Found nav2_controller: 1.1.20 (/home/jetson/robot_ws/install/nav2_controller/share/nav2_controller/cmake)
[62.594s] -- Setting build type to Release as none was specified.
[62.594s] -- Found ament_lint_auto: 0.12.14 (/opt/ros/humble/share/ament_lint_auto/cmake)
[62.594s] -- Found gtest sources under '/opt/ros/humble/src/gtest_vendor': C++ tests using 'Google Test' will be built
[62.594s] -- Added test 'cppcheck' to perform static code analysis on C / C++ code
[62.594s] -- Configured cppcheck include dirs: /home/jetson/robot_ws/src/navigation2/nav2_rotation_shim_controller/include
[62.594s] -- Configured cppcheck exclude dirs and/or files: 
[62.594s] -- Added test 'cpplint' to check C / C++ code against the Google style
[62.594s] -- Configured cpplint exclude dirs and/or files: 
[62.594s] -- Added test 'lint_cmake' to check CMake code style
[62.595s] -- Added test 'uncrustify' to check C / C++ code style
[62.595s] -- Configured uncrustify additional arguments: 
[62.595s] -- Added test 'xmllint' to check XML markup files
[62.595s] -- Configuring done
[62.595s] -- Generating done
[62.595s] -- Build files have been written to: /home/jetson/robot_ws/build/nav2_rotation_shim_controller
[62.604s] Invoked command in '/home/jetson/robot_ws/build/nav2_rotation_shim_controller' returned '0': AMENT_PREFIX_PATH=/home/jetson/robot_ws/install/nav2_regulated_pure_pursuit_controller:/home/jetson/robot_ws/install/nav2_controller:/home/jetson/robot_ws/install/nav2_core:/home/jetson/robot_ws/install/nav2_costmap_2d:/home/jetson/robot_ws/install/nav_2d_utils:/home/jetson/robot_ws/install/nav2_map_server:/home/jetson/robot_ws/install/nav2_lifecycle_manager:/home/jetson/robot_ws/install/nav2_util:/home/jetson/robot_ws/install/nav2_voxel_grid:/home/jetson/robot_ws/install/nav2_msgs:/home/jetson/robot_ws/install/nav_2d_msgs:/home/jetson/robot_ws/install/nav2_common:${AMENT_PREFIX_PATH} CMAKE_PREFIX_PATH=/home/jetson/robot_ws/install/nav2_regulated_pure_pursuit_controller:/home/jetson/robot_ws/install/nav2_controller:/home/jetson/robot_ws/install/nav2_core:/home/jetson/robot_ws/install/nav2_costmap_2d:/home/jetson/robot_ws/install/nav_2d_utils:/home/jetson/robot_ws/install/nav2_map_server:/home/jetson/robot_ws/install/nav2_lifecycle_manager:/home/jetson/robot_ws/install/nav2_util:/home/jetson/robot_ws/install/nav2_voxel_grid:/home/jetson/robot_ws/install/nav2_msgs:/home/jetson/robot_ws/install/nav_2d_msgs:/home/jetson/robot_ws/install/nav2_common:/opt/ros/humble LD_LIBRARY_PATH=/home/jetson/robot_ws/install/nav2_regulated_pure_pursuit_controller/lib:/home/jetson/robot_ws/install/nav2_controller/lib:/home/jetson/robot_ws/install/nav2_costmap_2d/lib:/home/jetson/robot_ws/install/nav_2d_utils/lib:/home/jetson/robot_ws/install/nav2_map_server/lib:/home/jetson/robot_ws/install/nav2_lifecycle_manager/lib:/home/jetson/robot_ws/install/nav2_util/lib:/home/jetson/robot_ws/install/nav2_voxel_grid/lib:/home/jetson/robot_ws/install/nav2_msgs/lib:/home/jetson/robot_ws/install/nav_2d_msgs/lib:${LD_LIBRARY_PATH} PYTHONPATH=/home/jetson/robot_ws/install/nav2_msgs/local/lib/python3.10/dist-packages:/home/jetson/robot_ws/install/nav_2d_msgs/local/lib/python3.10/dist-packages:/home/jetson/robot_ws/install/nav2_common/local/lib/python3.10/dist-packages:${PYTHONPATH} /usr/bin/cmake /home/jetson/robot_ws/src/navigation2/nav2_rotation_shim_controller -DCMAKE_INSTALL_PREFIX=/home/jetson/robot_ws/install/nav2_rotation_shim_controller
[62.605s] Invoking command in '/home/jetson/robot_ws/build/nav2_rotation_shim_controller': AMENT_PREFIX_PATH=/home/jetson/robot_ws/install/nav2_regulated_pure_pursuit_controller:/home/jetson/robot_ws/install/nav2_controller:/home/jetson/robot_ws/install/nav2_core:/home/jetson/robot_ws/install/nav2_costmap_2d:/home/jetson/robot_ws/install/nav_2d_utils:/home/jetson/robot_ws/install/nav2_map_server:/home/jetson/robot_ws/install/nav2_lifecycle_manager:/home/jetson/robot_ws/install/nav2_util:/home/jetson/robot_ws/install/nav2_voxel_grid:/home/jetson/robot_ws/install/nav2_msgs:/home/jetson/robot_ws/install/nav_2d_msgs:/home/jetson/robot_ws/install/nav2_common:${AMENT_PREFIX_PATH} CMAKE_PREFIX_PATH=/home/jetson/robot_ws/install/nav2_regulated_pure_pursuit_controller:/home/jetson/robot_ws/install/nav2_controller:/home/jetson/robot_ws/install/nav2_core:/home/jetson/robot_ws/install/nav2_costmap_2d:/home/jetson/robot_ws/install/nav_2d_utils:/home/jetson/robot_ws/install/nav2_map_server:/home/jetson/robot_ws/install/nav2_lifecycle_manager:/home/jetson/robot_ws/install/nav2_util:/home/jetson/robot_ws/install/nav2_voxel_grid:/home/jetson/robot_ws/install/nav2_msgs:/home/jetson/robot_ws/install/nav_2d_msgs:/home/jetson/robot_ws/install/nav2_common:/opt/ros/humble LD_LIBRARY_PATH=/home/jetson/robot_ws/install/nav2_regulated_pure_pursuit_controller/lib:/home/jetson/robot_ws/install/nav2_controller/lib:/home/jetson/robot_ws/install/nav2_costmap_2d/lib:/home/jetson/robot_ws/install/nav_2d_utils/lib:/home/jetson/robot_ws/install/nav2_map_server/lib:/home/jetson/robot_ws/install/nav2_lifecycle_manager/lib:/home/jetson/robot_ws/install/nav2_util/lib:/home/jetson/robot_ws/install/nav2_voxel_grid/lib:/home/jetson/robot_ws/install/nav2_msgs/lib:/home/jetson/robot_ws/install/nav_2d_msgs/lib:${LD_LIBRARY_PATH} PYTHONPATH=/home/jetson/robot_ws/install/nav2_msgs/local/lib/python3.10/dist-packages:/home/jetson/robot_ws/install/nav_2d_msgs/local/lib/python3.10/dist-packages:/home/jetson/robot_ws/install/nav2_common/local/lib/python3.10/dist-packages:${PYTHONPATH} /usr/bin/cmake --build /home/jetson/robot_ws/build/nav2_rotation_shim_controller -- -j6 -l6
[62.733s] [ 12%] [32mBuilding CXX object CMakeFiles/nav2_rotation_shim_controller.dir/src/nav2_rotation_shim_controller.cpp.o[0m
[88.917s] [ 25%] [32m[1mLinking CXX shared library libnav2_rotation_shim_controller.so[0m
[90.082s] [ 25%] Built target nav2_rotation_shim_controller
[90.255s] [ 37%] [32mBuilding CXX object gtest/CMakeFiles/gtest.dir/src/gtest-all.cc.o[0m
[113.644s] [ 50%] [32m[1mLinking CXX static library libgtest.a[0m
[113.728s] [ 50%] Built target gtest
[113.772s] [ 62%] [32mBuilding CXX object gtest/CMakeFiles/gtest_main.dir/src/gtest_main.cc.o[0m
[115.774s] [ 75%] [32m[1mLinking CXX static library libgtest_main.a[0m
[115.845s] [ 75%] Built target gtest_main
[115.893s] [ 87%] [32mBuilding CXX object test/CMakeFiles/test_shim_controller.dir/test_shim_controller.cpp.o[0m
[162.745s] [100%] [32m[1mLinking CXX executable test_shim_controller[0m
[164.063s] [100%] Built target test_shim_controller
[164.097s] Invoked command in '/home/jetson/robot_ws/build/nav2_rotation_shim_controller' returned '0': AMENT_PREFIX_PATH=/home/jetson/robot_ws/install/nav2_regulated_pure_pursuit_controller:/home/jetson/robot_ws/install/nav2_controller:/home/jetson/robot_ws/install/nav2_core:/home/jetson/robot_ws/install/nav2_costmap_2d:/home/jetson/robot_ws/install/nav_2d_utils:/home/jetson/robot_ws/install/nav2_map_server:/home/jetson/robot_ws/install/nav2_lifecycle_manager:/home/jetson/robot_ws/install/nav2_util:/home/jetson/robot_ws/install/nav2_voxel_grid:/home/jetson/robot_ws/install/nav2_msgs:/home/jetson/robot_ws/install/nav_2d_msgs:/home/jetson/robot_ws/install/nav2_common:${AMENT_PREFIX_PATH} CMAKE_PREFIX_PATH=/home/jetson/robot_ws/install/nav2_regulated_pure_pursuit_controller:/home/jetson/robot_ws/install/nav2_controller:/home/jetson/robot_ws/install/nav2_core:/home/jetson/robot_ws/install/nav2_costmap_2d:/home/jetson/robot_ws/install/nav_2d_utils:/home/jetson/robot_ws/install/nav2_map_server:/home/jetson/robot_ws/install/nav2_lifecycle_manager:/home/jetson/robot_ws/install/nav2_util:/home/jetson/robot_ws/install/nav2_voxel_grid:/home/jetson/robot_ws/install/nav2_msgs:/home/jetson/robot_ws/install/nav_2d_msgs:/home/jetson/robot_ws/install/nav2_common:/opt/ros/humble LD_LIBRARY_PATH=/home/jetson/robot_ws/install/nav2_regulated_pure_pursuit_controller/lib:/home/jetson/robot_ws/install/nav2_controller/lib:/home/jetson/robot_ws/install/nav2_costmap_2d/lib:/home/jetson/robot_ws/install/nav_2d_utils/lib:/home/jetson/robot_ws/install/nav2_map_server/lib:/home/jetson/robot_ws/install/nav2_lifecycle_manager/lib:/home/jetson/robot_ws/install/nav2_util/lib:/home/jetson/robot_ws/install/nav2_voxel_grid/lib:/home/jetson/robot_ws/install/nav2_msgs/lib:/home/jetson/robot_ws/install/nav_2d_msgs/lib:${LD_LIBRARY_PATH} PYTHONPATH=/home/jetson/robot_ws/install/nav2_msgs/local/lib/python3.10/dist-packages:/home/jetson/robot_ws/install/nav_2d_msgs/local/lib/python3.10/dist-packages:/home/jetson/robot_ws/install/nav2_common/local/lib/python3.10/dist-packages:${PYTHONPATH} /usr/bin/cmake --build /home/jetson/robot_ws/build/nav2_rotation_shim_controller -- -j6 -l6
[164.098s] Invoking command in '/home/jetson/robot_ws/build/nav2_rotation_shim_controller': AMENT_PREFIX_PATH=/home/jetson/robot_ws/install/nav2_regulated_pure_pursuit_controller:/home/jetson/robot_ws/install/nav2_controller:/home/jetson/robot_ws/install/nav2_core:/home/jetson/robot_ws/install/nav2_costmap_2d:/home/jetson/robot_ws/install/nav_2d_utils:/home/jetson/robot_ws/install/nav2_map_server:/home/jetson/robot_ws/install/nav2_lifecycle_manager:/home/jetson/robot_ws/install/nav2_util:/home/jetson/robot_ws/install/nav2_voxel_grid:/home/jetson/robot_ws/install/nav2_msgs:/home/jetson/robot_ws/install/nav_2d_msgs:/home/jetson/robot_ws/install/nav2_common:${AMENT_PREFIX_PATH} CMAKE_PREFIX_PATH=/home/jetson/robot_ws/install/nav2_regulated_pure_pursuit_controller:/home/jetson/robot_ws/install/nav2_controller:/home/jetson/robot_ws/install/nav2_core:/home/jetson/robot_ws/install/nav2_costmap_2d:/home/jetson/robot_ws/install/nav_2d_utils:/home/jetson/robot_ws/install/nav2_map_server:/home/jetson/robot_ws/install/nav2_lifecycle_manager:/home/jetson/robot_ws/install/nav2_util:/home/jetson/robot_ws/install/nav2_voxel_grid:/home/jetson/robot_ws/install/nav2_msgs:/home/jetson/robot_ws/install/nav_2d_msgs:/home/jetson/robot_ws/install/nav2_common:/opt/ros/humble LD_LIBRARY_PATH=/home/jetson/robot_ws/install/nav2_regulated_pure_pursuit_controller/lib:/home/jetson/robot_ws/install/nav2_controller/lib:/home/jetson/robot_ws/install/nav2_costmap_2d/lib:/home/jetson/robot_ws/install/nav_2d_utils/lib:/home/jetson/robot_ws/install/nav2_map_server/lib:/home/jetson/robot_ws/install/nav2_lifecycle_manager/lib:/home/jetson/robot_ws/install/nav2_util/lib:/home/jetson/robot_ws/install/nav2_voxel_grid/lib:/home/jetson/robot_ws/install/nav2_msgs/lib:/home/jetson/robot_ws/install/nav_2d_msgs/lib:${LD_LIBRARY_PATH} PYTHONPATH=/home/jetson/robot_ws/install/nav2_msgs/local/lib/python3.10/dist-packages:/home/jetson/robot_ws/install/nav_2d_msgs/local/lib/python3.10/dist-packages:/home/jetson/robot_ws/install/nav2_common/local/lib/python3.10/dist-packages:${PYTHONPATH} /usr/bin/cmake --install /home/jetson/robot_ws/build/nav2_rotation_shim_controller
[164.110s] -- Install configuration: "Release"
[164.110s] -- Installing: /home/jetson/robot_ws/install/nav2_rotation_shim_controller/lib/libnav2_rotation_shim_controller.so
[164.112s] -- Set runtime path of "/home/jetson/robot_ws/install/nav2_rotation_shim_controller/lib/libnav2_rotation_shim_controller.so" to ""
[164.114s] -- Installing: /home/jetson/robot_ws/install/nav2_rotation_shim_controller/include/
[164.114s] -- Installing: /home/jetson/robot_ws/install/nav2_rotation_shim_controller/include//nav2_rotation_shim_controller
[164.115s] -- Installing: /home/jetson/robot_ws/install/nav2_rotation_shim_controller/include//nav2_rotation_shim_controller/nav2_rotation_shim_controller.hpp
[164.115s] -- Installing: /home/jetson/robot_ws/install/nav2_rotation_shim_controller/share/nav2_rotation_shim_controller/environment/library_path.sh
[164.115s] -- Installing: /home/jetson/robot_ws/install/nav2_rotation_shim_controller/share/nav2_rotation_shim_controller/environment/library_path.dsv
[164.115s] -- Installing: /home/jetson/robot_ws/install/nav2_rotation_shim_controller/share/nav2_rotation_shim_controller/nav2_rotation_shim_controller.xml
[164.115s] -- Installing: /home/jetson/robot_ws/install/nav2_rotation_shim_controller/share/ament_index/resource_index/package_run_dependencies/nav2_rotation_shim_controller
[164.115s] -- Installing: /home/jetson/robot_ws/install/nav2_rotation_shim_controller/share/ament_index/resource_index/parent_prefix_path/nav2_rotation_shim_controller
[164.115s] -- Installing: /home/jetson/robot_ws/install/nav2_rotation_shim_controller/share/nav2_rotation_shim_controller/environment/ament_prefix_path.sh
[164.116s] -- Installing: /home/jetson/robot_ws/install/nav2_rotation_shim_controller/share/nav2_rotation_shim_controller/environment/ament_prefix_path.dsv
[164.116s] -- Installing: /home/jetson/robot_ws/install/nav2_rotation_shim_controller/share/nav2_rotation_shim_controller/environment/path.sh
[164.116s] -- Installing: /home/jetson/robot_ws/install/nav2_rotation_shim_controller/share/nav2_rotation_shim_controller/environment/path.dsv
[164.116s] -- Installing: /home/jetson/robot_ws/install/nav2_rotation_shim_controller/share/nav2_rotation_shim_controller/local_setup.bash
[164.116s] -- Installing: /home/jetson/robot_ws/install/nav2_rotation_shim_controller/share/nav2_rotation_shim_controller/local_setup.sh
[164.116s] -- Installing: /home/jetson/robot_ws/install/nav2_rotation_shim_controller/share/nav2_rotation_shim_controller/local_setup.zsh
[164.117s] -- Installing: /home/jetson/robot_ws/install/nav2_rotation_shim_controller/share/nav2_rotation_shim_controller/local_setup.dsv
[164.117s] -- Installing: /home/jetson/robot_ws/install/nav2_rotation_shim_controller/share/nav2_rotation_shim_controller/package.dsv
[164.117s] -- Installing: /home/jetson/robot_ws/install/nav2_rotation_shim_controller/share/ament_index/resource_index/packages/nav2_rotation_shim_controller
[164.117s] -- Installing: /home/jetson/robot_ws/install/nav2_rotation_shim_controller/share/ament_index/resource_index/nav2_core__pluginlib__plugin/nav2_rotation_shim_controller
[164.118s] -- Installing: /home/jetson/robot_ws/install/nav2_rotation_shim_controller/share/nav2_rotation_shim_controller/cmake/ament_cmake_export_include_directories-extras.cmake
[164.118s] -- Installing: /home/jetson/robot_ws/install/nav2_rotation_shim_controller/share/nav2_rotation_shim_controller/cmake/ament_cmake_export_libraries-extras.cmake
[164.118s] -- Installing: /home/jetson/robot_ws/install/nav2_rotation_shim_controller/share/nav2_rotation_shim_controller/cmake/ament_cmake_export_dependencies-extras.cmake
[164.118s] -- Installing: /home/jetson/robot_ws/install/nav2_rotation_shim_controller/share/nav2_rotation_shim_controller/cmake/nav2_rotation_shim_controllerConfig.cmake
[164.119s] -- Installing: /home/jetson/robot_ws/install/nav2_rotation_shim_controller/share/nav2_rotation_shim_controller/cmake/nav2_rotation_shim_controllerConfig-version.cmake
[164.119s] -- Installing: /home/jetson/robot_ws/install/nav2_rotation_shim_controller/share/nav2_rotation_shim_controller/package.xml
[164.137s] Invoked command in '/home/jetson/robot_ws/build/nav2_rotation_shim_controller' returned '0': AMENT_PREFIX_PATH=/home/jetson/robot_ws/install/nav2_regulated_pure_pursuit_controller:/home/jetson/robot_ws/install/nav2_controller:/home/jetson/robot_ws/install/nav2_core:/home/jetson/robot_ws/install/nav2_costmap_2d:/home/jetson/robot_ws/install/nav_2d_utils:/home/jetson/robot_ws/install/nav2_map_server:/home/jetson/robot_ws/install/nav2_lifecycle_manager:/home/jetson/robot_ws/install/nav2_util:/home/jetson/robot_ws/install/nav2_voxel_grid:/home/jetson/robot_ws/install/nav2_msgs:/home/jetson/robot_ws/install/nav_2d_msgs:/home/jetson/robot_ws/install/nav2_common:${AMENT_PREFIX_PATH} CMAKE_PREFIX_PATH=/home/jetson/robot_ws/install/nav2_regulated_pure_pursuit_controller:/home/jetson/robot_ws/install/nav2_controller:/home/jetson/robot_ws/install/nav2_core:/home/jetson/robot_ws/install/nav2_costmap_2d:/home/jetson/robot_ws/install/nav_2d_utils:/home/jetson/robot_ws/install/nav2_map_server:/home/jetson/robot_ws/install/nav2_lifecycle_manager:/home/jetson/robot_ws/install/nav2_util:/home/jetson/robot_ws/install/nav2_voxel_grid:/home/jetson/robot_ws/install/nav2_msgs:/home/jetson/robot_ws/install/nav_2d_msgs:/home/jetson/robot_ws/install/nav2_common:/opt/ros/humble LD_LIBRARY_PATH=/home/jetson/robot_ws/install/nav2_regulated_pure_pursuit_controller/lib:/home/jetson/robot_ws/install/nav2_controller/lib:/home/jetson/robot_ws/install/nav2_costmap_2d/lib:/home/jetson/robot_ws/install/nav_2d_utils/lib:/home/jetson/robot_ws/install/nav2_map_server/lib:/home/jetson/robot_ws/install/nav2_lifecycle_manager/lib:/home/jetson/robot_ws/install/nav2_util/lib:/home/jetson/robot_ws/install/nav2_voxel_grid/lib:/home/jetson/robot_ws/install/nav2_msgs/lib:/home/jetson/robot_ws/install/nav_2d_msgs/lib:${LD_LIBRARY_PATH} PYTHONPATH=/home/jetson/robot_ws/install/nav2_msgs/local/lib/python3.10/dist-packages:/home/jetson/robot_ws/install/nav_2d_msgs/local/lib/python3.10/dist-packages:/home/jetson/robot_ws/install/nav2_common/local/lib/python3.10/dist-packages:${PYTHONPATH} /usr/bin/cmake --install /home/jetson/robot_ws/build/nav2_rotation_shim_controller
