Performing C++ SOURCE FILE Test COMPILER_SUPPORTS_AVX512 failed with the following output:
Change Dir: /home/jetson/robot_ws/build/nav2_mppi_controller/CMakeFiles/CMakeTmp

Run Build Command(s):/usr/bin/gmake -f Makefile cmTC_b2abe/fast && /usr/bin/gmake  -f CMakeFiles/cmTC_b2abe.dir/build.make CMakeFiles/cmTC_b2abe.dir/build
gmake[1]: Entering directory '/home/jetson/robot_ws/build/nav2_mppi_controller/CMakeFiles/CMakeTmp'
Building CXX object CMakeFiles/cmTC_b2abe.dir/src.cxx.o
/usr/bin/c++ -DCOMPILER_SUPPORTS_AVX512  -mno-avx512f -o CMakeFiles/cmTC_b2abe.dir/src.cxx.o -c /home/jetson/robot_ws/build/nav2_mppi_controller/CMakeFiles/CMakeTmp/src.cxx
c++: error: unrecognized command-line option '-mno-avx512f'
gmake[1]: *** [CMakeFiles/cmTC_b2abe.dir/build.make:78: CMakeFiles/cmTC_b2abe.dir/src.cxx.o] Error 1
gmake[1]: Leaving directory '/home/jetson/robot_ws/build/nav2_mppi_controller/CMakeFiles/CMakeTmp'
gmake: *** [Makefile:127: cmTC_b2abe/fast] Error 2


Source file was:
int main() { return 0; }
Performing C++ SOURCE FILE Test COMPILER_SUPPORTS_SSE4 failed with the following output:
Change Dir: /home/jetson/robot_ws/build/nav2_mppi_controller/CMakeFiles/CMakeTmp

Run Build Command(s):/usr/bin/gmake -f Makefile cmTC_aa60a/fast && /usr/bin/gmake  -f CMakeFiles/cmTC_aa60a.dir/build.make CMakeFiles/cmTC_aa60a.dir/build
gmake[1]: Entering directory '/home/jetson/robot_ws/build/nav2_mppi_controller/CMakeFiles/CMakeTmp'
Building CXX object CMakeFiles/cmTC_aa60a.dir/src.cxx.o
/usr/bin/c++ -DCOMPILER_SUPPORTS_SSE4  -msse4.2 -o CMakeFiles/cmTC_aa60a.dir/src.cxx.o -c /home/jetson/robot_ws/build/nav2_mppi_controller/CMakeFiles/CMakeTmp/src.cxx
c++: error: unrecognized command-line option '-msse4.2'
gmake[1]: *** [CMakeFiles/cmTC_aa60a.dir/build.make:78: CMakeFiles/cmTC_aa60a.dir/src.cxx.o] Error 1
gmake[1]: Leaving directory '/home/jetson/robot_ws/build/nav2_mppi_controller/CMakeFiles/CMakeTmp'
gmake: *** [Makefile:127: cmTC_aa60a/fast] Error 2


Source file was:
int main() { return 0; }
Performing C++ SOURCE FILE Test COMPILER_SUPPORTS_AVX2 failed with the following output:
Change Dir: /home/jetson/robot_ws/build/nav2_mppi_controller/CMakeFiles/CMakeTmp

Run Build Command(s):/usr/bin/gmake -f Makefile cmTC_f608e/fast && /usr/bin/gmake  -f CMakeFiles/cmTC_f608e.dir/build.make CMakeFiles/cmTC_f608e.dir/build
gmake[1]: Entering directory '/home/jetson/robot_ws/build/nav2_mppi_controller/CMakeFiles/CMakeTmp'
Building CXX object CMakeFiles/cmTC_f608e.dir/src.cxx.o
/usr/bin/c++ -DCOMPILER_SUPPORTS_AVX2  -mavx2 -o CMakeFiles/cmTC_f608e.dir/src.cxx.o -c /home/jetson/robot_ws/build/nav2_mppi_controller/CMakeFiles/CMakeTmp/src.cxx
c++: error: unrecognized command-line option '-mavx2'
gmake[1]: *** [CMakeFiles/cmTC_f608e.dir/build.make:78: CMakeFiles/cmTC_f608e.dir/src.cxx.o] Error 1
gmake[1]: Leaving directory '/home/jetson/robot_ws/build/nav2_mppi_controller/CMakeFiles/CMakeTmp'
gmake: *** [Makefile:127: cmTC_f608e/fast] Error 2


Source file was:
int main() { return 0; }
Performing C++ SOURCE FILE Test COMPILER_SUPPORTS_FMA failed with the following output:
Change Dir: /home/jetson/robot_ws/build/nav2_mppi_controller/CMakeFiles/CMakeTmp

Run Build Command(s):/usr/bin/gmake -f Makefile cmTC_4688f/fast && /usr/bin/gmake  -f CMakeFiles/cmTC_4688f.dir/build.make CMakeFiles/cmTC_4688f.dir/build
gmake[1]: Entering directory '/home/jetson/robot_ws/build/nav2_mppi_controller/CMakeFiles/CMakeTmp'
Building CXX object CMakeFiles/cmTC_4688f.dir/src.cxx.o
/usr/bin/c++ -DCOMPILER_SUPPORTS_FMA  -mfma -o CMakeFiles/cmTC_4688f.dir/src.cxx.o -c /home/jetson/robot_ws/build/nav2_mppi_controller/CMakeFiles/CMakeTmp/src.cxx
c++: error: unrecognized command-line option '-mfma'
gmake[1]: *** [CMakeFiles/cmTC_4688f.dir/build.make:78: CMakeFiles/cmTC_4688f.dir/src.cxx.o] Error 1
gmake[1]: Leaving directory '/home/jetson/robot_ws/build/nav2_mppi_controller/CMakeFiles/CMakeTmp'
gmake: *** [Makefile:127: cmTC_4688f/fast] Error 2


Source file was:
int main() { return 0; }
