[0.052s] Invoking command in '/home/jetson/robot_ws/build/nav2_common': CMAKE_PREFIX_PATH=/home/jetson/robot_ws/install/servicerobot_joy:/opt/ros/humble /usr/bin/cmake /home/jetson/robot_ws/src/navigation2/nav2_common -DCMAKE_INSTALL_PREFIX=/home/jetson/robot_ws/install/nav2_common
[0.595s] -- Found ament_cmake_core: 1.3.12 (/opt/ros/humble/share/ament_cmake_core/cmake)
[0.595s] -- Found Python3: /usr/bin/python3 (found version "3.10.12") found components: Interpreter 
[0.615s] -- Found ament_cmake_python: 1.3.12 (/opt/ros/humble/share/ament_cmake_python/cmake)
[1.025s] -- Configuring done
[1.035s] -- Generating done
[1.041s] -- Build files have been written to: /home/jetson/robot_ws/build/nav2_common
[1.163s] Invoked command in '/home/jetson/robot_ws/build/nav2_common' returned '0': CMAKE_PREFIX_PATH=/home/jetson/robot_ws/install/servicerobot_joy:/opt/ros/humble /usr/bin/cmake /home/jetson/robot_ws/src/navigation2/nav2_common -DCMAKE_INSTALL_PREFIX=/home/jetson/robot_ws/install/nav2_common
[1.167s] Invoking command in '/home/jetson/robot_ws/build/nav2_common': CMAKE_PREFIX_PATH=/home/jetson/robot_ws/install/servicerobot_joy:/opt/ros/humble /usr/bin/cmake --build /home/jetson/robot_ws/build/nav2_common -- -j6 -l6
[1.321s] Built target ament_cmake_python_copy_nav2_common
[2.065s] running egg_info
[2.068s] creating nav2_common.egg-info
[2.069s] writing nav2_common.egg-info/PKG-INFO
[2.069s] writing dependency_links to nav2_common.egg-info/dependency_links.txt
[2.070s] writing top-level names to nav2_common.egg-info/top_level.txt
[2.071s] writing manifest file 'nav2_common.egg-info/SOURCES.txt'
[2.078s] reading manifest file 'nav2_common.egg-info/SOURCES.txt'
[2.079s] writing manifest file 'nav2_common.egg-info/SOURCES.txt'
[2.166s] Built target ament_cmake_python_build_nav2_common_egg
[2.191s] Invoked command in '/home/jetson/robot_ws/build/nav2_common' returned '0': CMAKE_PREFIX_PATH=/home/jetson/robot_ws/install/servicerobot_joy:/opt/ros/humble /usr/bin/cmake --build /home/jetson/robot_ws/build/nav2_common -- -j6 -l6
[2.209s] Invoking command in '/home/jetson/robot_ws/build/nav2_common': CMAKE_PREFIX_PATH=/home/jetson/robot_ws/install/servicerobot_joy:/opt/ros/humble /usr/bin/cmake --install /home/jetson/robot_ws/build/nav2_common
[2.235s] -- Install configuration: ""
[2.235s] -- Installing: /home/jetson/robot_ws/install/nav2_common/share/nav2_common/environment/pythonpath.sh
[2.236s] -- Installing: /home/jetson/robot_ws/install/nav2_common/share/nav2_common/environment/pythonpath.dsv
[2.236s] -- Installing: /home/jetson/robot_ws/install/nav2_common/local/lib/python3.10/dist-packages/nav2_common-1.1.20-py3.10.egg-info
[2.236s] -- Installing: /home/jetson/robot_ws/install/nav2_common/local/lib/python3.10/dist-packages/nav2_common-1.1.20-py3.10.egg-info/top_level.txt
[2.238s] -- Installing: /home/jetson/robot_ws/install/nav2_common/local/lib/python3.10/dist-packages/nav2_common-1.1.20-py3.10.egg-info/SOURCES.txt
[2.240s] -- Installing: /home/jetson/robot_ws/install/nav2_common/local/lib/python3.10/dist-packages/nav2_common-1.1.20-py3.10.egg-info/PKG-INFO
[2.241s] -- Installing: /home/jetson/robot_ws/install/nav2_common/local/lib/python3.10/dist-packages/nav2_common-1.1.20-py3.10.egg-info/dependency_links.txt
[2.241s] -- Installing: /home/jetson/robot_ws/install/nav2_common/local/lib/python3.10/dist-packages/nav2_common
[2.241s] -- Installing: /home/jetson/robot_ws/install/nav2_common/local/lib/python3.10/dist-packages/nav2_common/launch
[2.241s] -- Installing: /home/jetson/robot_ws/install/nav2_common/local/lib/python3.10/dist-packages/nav2_common/launch/replace_string.py
[2.241s] -- Installing: /home/jetson/robot_ws/install/nav2_common/local/lib/python3.10/dist-packages/nav2_common/launch/parse_multirobot_pose.py
[2.242s] -- Installing: /home/jetson/robot_ws/install/nav2_common/local/lib/python3.10/dist-packages/nav2_common/launch/has_node_params.py
[2.242s] -- Installing: /home/jetson/robot_ws/install/nav2_common/local/lib/python3.10/dist-packages/nav2_common/launch/rewritten_yaml.py
[2.242s] -- Installing: /home/jetson/robot_ws/install/nav2_common/local/lib/python3.10/dist-packages/nav2_common/launch/__init__.py
[2.243s] -- Installing: /home/jetson/robot_ws/install/nav2_common/local/lib/python3.10/dist-packages/nav2_common/__init__.py
[2.313s] Listing '/home/jetson/robot_ws/install/nav2_common/local/lib/python3.10/dist-packages/nav2_common'...
[2.314s] Compiling '/home/jetson/robot_ws/install/nav2_common/local/lib/python3.10/dist-packages/nav2_common/__init__.py'...
[2.314s] Listing '/home/jetson/robot_ws/install/nav2_common/local/lib/python3.10/dist-packages/nav2_common/launch'...
[2.314s] Compiling '/home/jetson/robot_ws/install/nav2_common/local/lib/python3.10/dist-packages/nav2_common/launch/__init__.py'...
[2.314s] Compiling '/home/jetson/robot_ws/install/nav2_common/local/lib/python3.10/dist-packages/nav2_common/launch/has_node_params.py'...
[2.314s] Compiling '/home/jetson/robot_ws/install/nav2_common/local/lib/python3.10/dist-packages/nav2_common/launch/parse_multirobot_pose.py'...
[2.315s] Compiling '/home/jetson/robot_ws/install/nav2_common/local/lib/python3.10/dist-packages/nav2_common/launch/replace_string.py'...
[2.315s] Compiling '/home/jetson/robot_ws/install/nav2_common/local/lib/python3.10/dist-packages/nav2_common/launch/rewritten_yaml.py'...
[2.328s] -- Installing: /home/jetson/robot_ws/install/nav2_common/share/ament_index/resource_index/package_run_dependencies/nav2_common
[2.328s] -- Installing: /home/jetson/robot_ws/install/nav2_common/share/ament_index/resource_index/parent_prefix_path/nav2_common
[2.329s] -- Installing: /home/jetson/robot_ws/install/nav2_common/share/nav2_common/environment/ament_prefix_path.sh
[2.329s] -- Installing: /home/jetson/robot_ws/install/nav2_common/share/nav2_common/environment/ament_prefix_path.dsv
[2.329s] -- Installing: /home/jetson/robot_ws/install/nav2_common/share/nav2_common/environment/path.sh
[2.329s] -- Installing: /home/jetson/robot_ws/install/nav2_common/share/nav2_common/environment/path.dsv
[2.329s] -- Installing: /home/jetson/robot_ws/install/nav2_common/share/nav2_common/local_setup.bash
[2.329s] -- Installing: /home/jetson/robot_ws/install/nav2_common/share/nav2_common/local_setup.sh
[2.330s] -- Installing: /home/jetson/robot_ws/install/nav2_common/share/nav2_common/local_setup.zsh
[2.330s] -- Installing: /home/jetson/robot_ws/install/nav2_common/share/nav2_common/local_setup.dsv
[2.330s] -- Installing: /home/jetson/robot_ws/install/nav2_common/share/nav2_common/package.dsv
[2.330s] -- Installing: /home/jetson/robot_ws/install/nav2_common/share/ament_index/resource_index/packages/nav2_common
[2.331s] -- Installing: /home/jetson/robot_ws/install/nav2_common/share/nav2_common/cmake/nav2_common-extras.cmake
[2.331s] -- Installing: /home/jetson/robot_ws/install/nav2_common/share/nav2_common/cmake/nav2_commonConfig.cmake
[2.331s] -- Installing: /home/jetson/robot_ws/install/nav2_common/share/nav2_common/cmake/nav2_commonConfig-version.cmake
[2.332s] -- Installing: /home/jetson/robot_ws/install/nav2_common/share/nav2_common/package.xml
[2.332s] -- Up-to-date: /home/jetson/robot_ws/install/nav2_common/share/nav2_common/cmake
[2.332s] -- Installing: /home/jetson/robot_ws/install/nav2_common/share/nav2_common/cmake/nav2_package.cmake
[2.344s] Invoked command in '/home/jetson/robot_ws/build/nav2_common' returned '0': CMAKE_PREFIX_PATH=/home/jetson/robot_ws/install/servicerobot_joy:/opt/ros/humble /usr/bin/cmake --install /home/jetson/robot_ws/build/nav2_common
