[0.087s] Invoking command in '/home/jetson/robot_ws/build/nav2_controller': AMENT_PREFIX_PATH=/home/jetson/robot_ws/install/nav2_core:/home/jetson/robot_ws/install/nav2_costmap_2d:/home/jetson/robot_ws/install/nav_2d_utils:/home/jetson/robot_ws/install/nav2_map_server:/home/jetson/robot_ws/install/nav2_lifecycle_manager:/home/jetson/robot_ws/install/nav2_util:/home/jetson/robot_ws/install/nav2_voxel_grid:/home/jetson/robot_ws/install/nav2_msgs:/home/jetson/robot_ws/install/nav_2d_msgs:/home/jetson/robot_ws/install/nav2_common:${AMENT_PREFIX_PATH} CMAKE_PREFIX_PATH=/home/jetson/robot_ws/install/nav2_core:/home/jetson/robot_ws/install/nav2_costmap_2d:/home/jetson/robot_ws/install/nav_2d_utils:/home/jetson/robot_ws/install/nav2_map_server:/home/jetson/robot_ws/install/nav2_lifecycle_manager:/home/jetson/robot_ws/install/nav2_util:/home/jetson/robot_ws/install/nav2_voxel_grid:/home/jetson/robot_ws/install/nav2_msgs:/home/jetson/robot_ws/install/nav_2d_msgs:/home/jetson/robot_ws/install/nav2_common:/opt/ros/humble LD_LIBRARY_PATH=/home/jetson/robot_ws/install/nav2_costmap_2d/lib:/home/jetson/robot_ws/install/nav_2d_utils/lib:/home/jetson/robot_ws/install/nav2_map_server/lib:/home/jetson/robot_ws/install/nav2_lifecycle_manager/lib:/home/jetson/robot_ws/install/nav2_util/lib:/home/jetson/robot_ws/install/nav2_voxel_grid/lib:/home/jetson/robot_ws/install/nav2_msgs/lib:/home/jetson/robot_ws/install/nav_2d_msgs/lib:${LD_LIBRARY_PATH} PYTHONPATH=/home/jetson/robot_ws/install/nav2_msgs/local/lib/python3.10/dist-packages:/home/jetson/robot_ws/install/nav_2d_msgs/local/lib/python3.10/dist-packages:/home/jetson/robot_ws/install/nav2_common/local/lib/python3.10/dist-packages:${PYTHONPATH} /usr/bin/cmake /home/jetson/robot_ws/src/navigation2/nav2_controller -DCMAKE_INSTALL_PREFIX=/home/jetson/robot_ws/install/nav2_controller
[0.268s] -- The C compiler identification is GNU 11.4.0
[0.421s] -- The CXX compiler identification is GNU 11.4.0
[0.441s] -- Detecting C compiler ABI info
[0.823s] -- Detecting C compiler ABI info - done
[0.847s] -- Check for working C compiler: /usr/bin/cc - skipped
[0.848s] -- Detecting C compile features
[0.848s] -- Detecting C compile features - done
[0.860s] -- Detecting CXX compiler ABI info
[1.313s] -- Detecting CXX compiler ABI info - done
[1.337s] -- Check for working CXX compiler: /usr/bin/c++ - skipped
[1.337s] -- Detecting CXX compile features
[1.338s] -- Detecting CXX compile features - done
[1.344s] -- Found ament_cmake: 1.3.12 (/opt/ros/humble/share/ament_cmake/cmake)
[2.059s] -- Found Python3: /usr/bin/python3 (found version "3.10.12") found components: Interpreter 
[2.537s] -- Found nav2_core: 1.1.20 (/home/jetson/robot_ws/install/nav2_core/share/nav2_core/cmake)
[2.759s] -- Found rosidl_generator_c: 3.1.7 (/opt/ros/humble/share/rosidl_generator_c/cmake)
[2.786s] -- Found rosidl_adapter: 3.1.7 (/opt/ros/humble/share/rosidl_adapter/cmake)
[2.826s] -- Found rosidl_generator_cpp: 3.1.7 (/opt/ros/humble/share/rosidl_generator_cpp/cmake)
[2.884s] -- Using all available rosidl_typesupport_c: rosidl_typesupport_fastrtps_c;rosidl_typesupport_introspection_c
[2.966s] -- Using all available rosidl_typesupport_cpp: rosidl_typesupport_fastrtps_cpp;rosidl_typesupport_introspection_cpp
[3.183s] -- Found rmw_implementation_cmake: 6.1.2 (/opt/ros/humble/share/rmw_implementation_cmake/cmake)
[3.189s] -- Found rmw_fastrtps_cpp: 6.2.9 (/opt/ros/humble/share/rmw_fastrtps_cpp/cmake)
[3.851s] -- Found OpenSSL: /usr/lib/aarch64-linux-gnu/libcrypto.so (found version "3.0.2")  
[3.971s] -- Found FastRTPS: /opt/ros/humble/include  
[4.155s] -- Using RMW implementation 'rmw_fastrtps_cpp' as default
[4.196s] -- Looking for pthread.h
[4.545s] -- Looking for pthread.h - found
[4.546s] -- Performing Test CMAKE_HAVE_LIBC_PTHREAD
[4.937s] -- Performing Test CMAKE_HAVE_LIBC_PTHREAD - Success
[4.939s] -- Found Threads: TRUE  
[5.926s] -- Found Eigen3: TRUE (found version "3.4.0") 
[5.926s] -- Ensuring Eigen3 include directory is part of orocos-kdl CMake target
[6.193s] -- Found nav2_common: 1.1.20 (/home/jetson/robot_ws/install/nav2_common/share/nav2_common/cmake)
[6.197s] -- Found nav_2d_utils: 1.1.20 (/home/jetson/robot_ws/install/nav_2d_utils/share/nav_2d_utils/cmake)
[6.246s] -- Setting build type to Release as none was specified.
[8.928s] -- Found ament_lint_auto: 0.12.14 (/opt/ros/humble/share/ament_lint_auto/cmake)
[9.344s] -- Found gtest sources under '/opt/ros/humble/src/gtest_vendor': C++ tests using 'Google Test' will be built
[9.763s] -- Found gtest sources under '/opt/ros/humble/src/gtest_vendor': C++ tests using 'Google Test' will be built
[10.086s] -- Added test 'cppcheck' to perform static code analysis on C / C++ code
[10.089s] -- Configured cppcheck include dirs: /home/jetson/robot_ws/src/navigation2/nav2_controller/include
[10.090s] -- Configured cppcheck exclude dirs and/or files: 
[10.093s] -- Added test 'cpplint' to check C / C++ code against the Google style
[10.094s] -- Configured cpplint exclude dirs and/or files: 
[10.097s] -- Added test 'lint_cmake' to check CMake code style
[10.101s] -- Added test 'uncrustify' to check C / C++ code style
[10.101s] -- Configured uncrustify additional arguments: 
[10.103s] -- Added test 'xmllint' to check XML markup files
[10.110s] -- Configuring done
[11.173s] -- Generating done
[11.295s] -- Build files have been written to: /home/jetson/robot_ws/build/nav2_controller
[11.402s] Invoked command in '/home/jetson/robot_ws/build/nav2_controller' returned '0': AMENT_PREFIX_PATH=/home/jetson/robot_ws/install/nav2_core:/home/jetson/robot_ws/install/nav2_costmap_2d:/home/jetson/robot_ws/install/nav_2d_utils:/home/jetson/robot_ws/install/nav2_map_server:/home/jetson/robot_ws/install/nav2_lifecycle_manager:/home/jetson/robot_ws/install/nav2_util:/home/jetson/robot_ws/install/nav2_voxel_grid:/home/jetson/robot_ws/install/nav2_msgs:/home/jetson/robot_ws/install/nav_2d_msgs:/home/jetson/robot_ws/install/nav2_common:${AMENT_PREFIX_PATH} CMAKE_PREFIX_PATH=/home/jetson/robot_ws/install/nav2_core:/home/jetson/robot_ws/install/nav2_costmap_2d:/home/jetson/robot_ws/install/nav_2d_utils:/home/jetson/robot_ws/install/nav2_map_server:/home/jetson/robot_ws/install/nav2_lifecycle_manager:/home/jetson/robot_ws/install/nav2_util:/home/jetson/robot_ws/install/nav2_voxel_grid:/home/jetson/robot_ws/install/nav2_msgs:/home/jetson/robot_ws/install/nav_2d_msgs:/home/jetson/robot_ws/install/nav2_common:/opt/ros/humble LD_LIBRARY_PATH=/home/jetson/robot_ws/install/nav2_costmap_2d/lib:/home/jetson/robot_ws/install/nav_2d_utils/lib:/home/jetson/robot_ws/install/nav2_map_server/lib:/home/jetson/robot_ws/install/nav2_lifecycle_manager/lib:/home/jetson/robot_ws/install/nav2_util/lib:/home/jetson/robot_ws/install/nav2_voxel_grid/lib:/home/jetson/robot_ws/install/nav2_msgs/lib:/home/jetson/robot_ws/install/nav_2d_msgs/lib:${LD_LIBRARY_PATH} PYTHONPATH=/home/jetson/robot_ws/install/nav2_msgs/local/lib/python3.10/dist-packages:/home/jetson/robot_ws/install/nav_2d_msgs/local/lib/python3.10/dist-packages:/home/jetson/robot_ws/install/nav2_common/local/lib/python3.10/dist-packages:${PYTHONPATH} /usr/bin/cmake /home/jetson/robot_ws/src/navigation2/nav2_controller -DCMAKE_INSTALL_PREFIX=/home/jetson/robot_ws/install/nav2_controller
[11.403s] Invoking command in '/home/jetson/robot_ws/build/nav2_controller': AMENT_PREFIX_PATH=/home/jetson/robot_ws/install/nav2_core:/home/jetson/robot_ws/install/nav2_costmap_2d:/home/jetson/robot_ws/install/nav_2d_utils:/home/jetson/robot_ws/install/nav2_map_server:/home/jetson/robot_ws/install/nav2_lifecycle_manager:/home/jetson/robot_ws/install/nav2_util:/home/jetson/robot_ws/install/nav2_voxel_grid:/home/jetson/robot_ws/install/nav2_msgs:/home/jetson/robot_ws/install/nav_2d_msgs:/home/jetson/robot_ws/install/nav2_common:${AMENT_PREFIX_PATH} CMAKE_PREFIX_PATH=/home/jetson/robot_ws/install/nav2_core:/home/jetson/robot_ws/install/nav2_costmap_2d:/home/jetson/robot_ws/install/nav_2d_utils:/home/jetson/robot_ws/install/nav2_map_server:/home/jetson/robot_ws/install/nav2_lifecycle_manager:/home/jetson/robot_ws/install/nav2_util:/home/jetson/robot_ws/install/nav2_voxel_grid:/home/jetson/robot_ws/install/nav2_msgs:/home/jetson/robot_ws/install/nav_2d_msgs:/home/jetson/robot_ws/install/nav2_common:/opt/ros/humble LD_LIBRARY_PATH=/home/jetson/robot_ws/install/nav2_costmap_2d/lib:/home/jetson/robot_ws/install/nav_2d_utils/lib:/home/jetson/robot_ws/install/nav2_map_server/lib:/home/jetson/robot_ws/install/nav2_lifecycle_manager/lib:/home/jetson/robot_ws/install/nav2_util/lib:/home/jetson/robot_ws/install/nav2_voxel_grid/lib:/home/jetson/robot_ws/install/nav2_msgs/lib:/home/jetson/robot_ws/install/nav_2d_msgs/lib:${LD_LIBRARY_PATH} PYTHONPATH=/home/jetson/robot_ws/install/nav2_msgs/local/lib/python3.10/dist-packages:/home/jetson/robot_ws/install/nav_2d_msgs/local/lib/python3.10/dist-packages:/home/jetson/robot_ws/install/nav2_common/local/lib/python3.10/dist-packages:${PYTHONPATH} /usr/bin/cmake --build /home/jetson/robot_ws/build/nav2_controller -- -j6 -l6
[47.343s] [  4%] [32mBuilding CXX object CMakeFiles/controller_server_core.dir/src/controller_server.cpp.o[0m
[80.512s] [  8%] [32m[1mLinking CXX shared library libcontroller_server_core.so[0m
[81.792s] [  8%] Built target controller_server_core
[81.835s] [ 12%] [32mBuilding CXX object gtest/CMakeFiles/gtest.dir/src/gtest-all.cc.o[0m
[99.106s] [ 16%] [32m[1mLinking CXX static library libgtest.a[0m
[99.194s] [ 16%] Built target gtest
[99.273s] [ 20%] [32mBuilding CXX object CMakeFiles/controller_server.dir/src/main.cpp.o[0m
[117.991s] [ 25%] [32m[1mLinking CXX executable controller_server[0m
[118.822s] [ 25%] Built target controller_server
[118.866s] [ 29%] [32mBuilding CXX object gtest/CMakeFiles/gtest_main.dir/src/gtest_main.cc.o[0m
[120.859s] [ 33%] [32m[1mLinking CXX static library libgtest_main.a[0m
[120.934s] [ 33%] Built target gtest_main
[120.981s] [ 37%] [32mBuilding CXX object CMakeFiles/position_goal_checker.dir/plugins/position_goal_checker.cpp.o[0m
[142.469s] [ 41%] [32m[1mLinking CXX shared library libposition_goal_checker.so[0m
[143.906s] [ 41%] Built target position_goal_checker
[144.053s] [ 45%] [32mBuilding CXX object test/CMakeFiles/test_dynamic_parameters.dir/test_dynamic_parameters.cpp.o[0m
[172.261s] [ 50%] [32m[1mLinking CXX executable test_dynamic_parameters[0m
[173.253s] [ 50%] Built target test_dynamic_parameters
[173.298s] [ 54%] [32mBuilding CXX object CMakeFiles/simple_goal_checker.dir/plugins/simple_goal_checker.cpp.o[0m
[186.196s] [ 58%] [32m[1mLinking CXX shared library libsimple_goal_checker.so[0m
[186.761s] [ 58%] Built target simple_goal_checker
[186.804s] [ 62%] [32mBuilding CXX object CMakeFiles/simple_progress_checker.dir/plugins/simple_progress_checker.cpp.o[0m
[195.068s] [ 66%] [32m[1mLinking CXX shared library libsimple_progress_checker.so[0m
[195.627s] [ 66%] Built target simple_progress_checker
[195.672s] [ 70%] [32mBuilding CXX object CMakeFiles/stopped_goal_checker.dir/plugins/stopped_goal_checker.cpp.o[0m
[208.540s] [ 75%] [32m[1mLinking CXX shared library libstopped_goal_checker.so[0m
[209.163s] [ 75%] Built target stopped_goal_checker
[209.212s] [ 79%] [32mBuilding CXX object CMakeFiles/pose_progress_checker.dir/plugins/pose_progress_checker.cpp.o[0m
[217.732s] [ 83%] [32m[1mLinking CXX shared library libpose_progress_checker.so[0m
[218.304s] [ 83%] Built target pose_progress_checker
[218.348s] [ 87%] [32mBuilding CXX object plugins/test/CMakeFiles/gctest.dir/goal_checker.cpp.o[0m
[234.135s] [ 91%] [32m[1mLinking CXX executable gctest[0m
[234.868s] [ 91%] Built target gctest
[234.917s] [ 95%] [32mBuilding CXX object plugins/test/CMakeFiles/pctest.dir/progress_checker.cpp.o[0m
[250.335s] [100%] [32m[1mLinking CXX executable pctest[0m
[251.117s] [100%] Built target pctest
[251.154s] Invoked command in '/home/jetson/robot_ws/build/nav2_controller' returned '0': AMENT_PREFIX_PATH=/home/jetson/robot_ws/install/nav2_core:/home/jetson/robot_ws/install/nav2_costmap_2d:/home/jetson/robot_ws/install/nav_2d_utils:/home/jetson/robot_ws/install/nav2_map_server:/home/jetson/robot_ws/install/nav2_lifecycle_manager:/home/jetson/robot_ws/install/nav2_util:/home/jetson/robot_ws/install/nav2_voxel_grid:/home/jetson/robot_ws/install/nav2_msgs:/home/jetson/robot_ws/install/nav_2d_msgs:/home/jetson/robot_ws/install/nav2_common:${AMENT_PREFIX_PATH} CMAKE_PREFIX_PATH=/home/jetson/robot_ws/install/nav2_core:/home/jetson/robot_ws/install/nav2_costmap_2d:/home/jetson/robot_ws/install/nav_2d_utils:/home/jetson/robot_ws/install/nav2_map_server:/home/jetson/robot_ws/install/nav2_lifecycle_manager:/home/jetson/robot_ws/install/nav2_util:/home/jetson/robot_ws/install/nav2_voxel_grid:/home/jetson/robot_ws/install/nav2_msgs:/home/jetson/robot_ws/install/nav_2d_msgs:/home/jetson/robot_ws/install/nav2_common:/opt/ros/humble LD_LIBRARY_PATH=/home/jetson/robot_ws/install/nav2_costmap_2d/lib:/home/jetson/robot_ws/install/nav_2d_utils/lib:/home/jetson/robot_ws/install/nav2_map_server/lib:/home/jetson/robot_ws/install/nav2_lifecycle_manager/lib:/home/jetson/robot_ws/install/nav2_util/lib:/home/jetson/robot_ws/install/nav2_voxel_grid/lib:/home/jetson/robot_ws/install/nav2_msgs/lib:/home/jetson/robot_ws/install/nav_2d_msgs/lib:${LD_LIBRARY_PATH} PYTHONPATH=/home/jetson/robot_ws/install/nav2_msgs/local/lib/python3.10/dist-packages:/home/jetson/robot_ws/install/nav_2d_msgs/local/lib/python3.10/dist-packages:/home/jetson/robot_ws/install/nav2_common/local/lib/python3.10/dist-packages:${PYTHONPATH} /usr/bin/cmake --build /home/jetson/robot_ws/build/nav2_controller -- -j6 -l6
[251.155s] Invoking command in '/home/jetson/robot_ws/build/nav2_controller': AMENT_PREFIX_PATH=/home/jetson/robot_ws/install/nav2_core:/home/jetson/robot_ws/install/nav2_costmap_2d:/home/jetson/robot_ws/install/nav_2d_utils:/home/jetson/robot_ws/install/nav2_map_server:/home/jetson/robot_ws/install/nav2_lifecycle_manager:/home/jetson/robot_ws/install/nav2_util:/home/jetson/robot_ws/install/nav2_voxel_grid:/home/jetson/robot_ws/install/nav2_msgs:/home/jetson/robot_ws/install/nav_2d_msgs:/home/jetson/robot_ws/install/nav2_common:${AMENT_PREFIX_PATH} CMAKE_PREFIX_PATH=/home/jetson/robot_ws/install/nav2_core:/home/jetson/robot_ws/install/nav2_costmap_2d:/home/jetson/robot_ws/install/nav_2d_utils:/home/jetson/robot_ws/install/nav2_map_server:/home/jetson/robot_ws/install/nav2_lifecycle_manager:/home/jetson/robot_ws/install/nav2_util:/home/jetson/robot_ws/install/nav2_voxel_grid:/home/jetson/robot_ws/install/nav2_msgs:/home/jetson/robot_ws/install/nav_2d_msgs:/home/jetson/robot_ws/install/nav2_common:/opt/ros/humble LD_LIBRARY_PATH=/home/jetson/robot_ws/install/nav2_costmap_2d/lib:/home/jetson/robot_ws/install/nav_2d_utils/lib:/home/jetson/robot_ws/install/nav2_map_server/lib:/home/jetson/robot_ws/install/nav2_lifecycle_manager/lib:/home/jetson/robot_ws/install/nav2_util/lib:/home/jetson/robot_ws/install/nav2_voxel_grid/lib:/home/jetson/robot_ws/install/nav2_msgs/lib:/home/jetson/robot_ws/install/nav_2d_msgs/lib:${LD_LIBRARY_PATH} PYTHONPATH=/home/jetson/robot_ws/install/nav2_msgs/local/lib/python3.10/dist-packages:/home/jetson/robot_ws/install/nav_2d_msgs/local/lib/python3.10/dist-packages:/home/jetson/robot_ws/install/nav2_common/local/lib/python3.10/dist-packages:${PYTHONPATH} /usr/bin/cmake --install /home/jetson/robot_ws/build/nav2_controller
[251.179s] -- Install configuration: "Release"
[251.179s] -- Installing: /home/jetson/robot_ws/install/nav2_controller/lib/libsimple_progress_checker.so
[251.181s] -- Set runtime path of "/home/jetson/robot_ws/install/nav2_controller/lib/libsimple_progress_checker.so" to ""
[251.181s] -- Installing: /home/jetson/robot_ws/install/nav2_controller/lib/libpose_progress_checker.so
[251.183s] -- Set runtime path of "/home/jetson/robot_ws/install/nav2_controller/lib/libpose_progress_checker.so" to ""
[251.183s] -- Installing: /home/jetson/robot_ws/install/nav2_controller/lib/libsimple_goal_checker.so
[251.184s] -- Set runtime path of "/home/jetson/robot_ws/install/nav2_controller/lib/libsimple_goal_checker.so" to ""
[251.184s] -- Installing: /home/jetson/robot_ws/install/nav2_controller/lib/libstopped_goal_checker.so
[251.186s] -- Set runtime path of "/home/jetson/robot_ws/install/nav2_controller/lib/libstopped_goal_checker.so" to ""
[251.186s] -- Installing: /home/jetson/robot_ws/install/nav2_controller/lib/libposition_goal_checker.so
[251.188s] -- Set runtime path of "/home/jetson/robot_ws/install/nav2_controller/lib/libposition_goal_checker.so" to ""
[251.188s] -- Installing: /home/jetson/robot_ws/install/nav2_controller/lib/libcontroller_server_core.so
[251.194s] -- Set runtime path of "/home/jetson/robot_ws/install/nav2_controller/lib/libcontroller_server_core.so" to ""
[251.195s] -- Installing: /home/jetson/robot_ws/install/nav2_controller/lib/nav2_controller/controller_server
[251.196s] -- Set runtime path of "/home/jetson/robot_ws/install/nav2_controller/lib/nav2_controller/controller_server" to ""
[251.196s] -- Installing: /home/jetson/robot_ws/install/nav2_controller/include/
[251.197s] -- Installing: /home/jetson/robot_ws/install/nav2_controller/include//nav2_controller
[251.198s] -- Installing: /home/jetson/robot_ws/install/nav2_controller/include//nav2_controller/plugins
[251.199s] -- Installing: /home/jetson/robot_ws/install/nav2_controller/include//nav2_controller/plugins/simple_goal_checker.hpp
[251.200s] -- Installing: /home/jetson/robot_ws/install/nav2_controller/include//nav2_controller/plugins/position_goal_checker.hpp
[251.200s] -- Installing: /home/jetson/robot_ws/install/nav2_controller/include//nav2_controller/plugins/stopped_goal_checker.hpp
[251.201s] -- Installing: /home/jetson/robot_ws/install/nav2_controller/include//nav2_controller/plugins/simple_progress_checker.hpp
[251.202s] -- Installing: /home/jetson/robot_ws/install/nav2_controller/include//nav2_controller/plugins/pose_progress_checker.hpp
[251.202s] -- Installing: /home/jetson/robot_ws/install/nav2_controller/include//nav2_controller/controller_server.hpp
[251.203s] -- Installing: /home/jetson/robot_ws/install/nav2_controller/share/nav2_controller/environment/library_path.sh
[251.204s] -- Installing: /home/jetson/robot_ws/install/nav2_controller/share/nav2_controller/environment/library_path.dsv
[251.204s] -- Installing: /home/jetson/robot_ws/install/nav2_controller/share/nav2_controller/plugins.xml
[251.209s] -- Installing: /home/jetson/robot_ws/install/nav2_controller/share/ament_index/resource_index/package_run_dependencies/nav2_controller
[251.209s] -- Installing: /home/jetson/robot_ws/install/nav2_controller/share/ament_index/resource_index/parent_prefix_path/nav2_controller
[251.210s] -- Installing: /home/jetson/robot_ws/install/nav2_controller/share/nav2_controller/environment/ament_prefix_path.sh
[251.210s] -- Installing: /home/jetson/robot_ws/install/nav2_controller/share/nav2_controller/environment/ament_prefix_path.dsv
[251.211s] -- Installing: /home/jetson/robot_ws/install/nav2_controller/share/nav2_controller/environment/path.sh
[251.211s] -- Installing: /home/jetson/robot_ws/install/nav2_controller/share/nav2_controller/environment/path.dsv
[251.212s] -- Installing: /home/jetson/robot_ws/install/nav2_controller/share/nav2_controller/local_setup.bash
[251.212s] -- Installing: /home/jetson/robot_ws/install/nav2_controller/share/nav2_controller/local_setup.sh
[251.212s] -- Installing: /home/jetson/robot_ws/install/nav2_controller/share/nav2_controller/local_setup.zsh
[251.213s] -- Installing: /home/jetson/robot_ws/install/nav2_controller/share/nav2_controller/local_setup.dsv
[251.213s] -- Installing: /home/jetson/robot_ws/install/nav2_controller/share/nav2_controller/package.dsv
[251.214s] -- Installing: /home/jetson/robot_ws/install/nav2_controller/share/ament_index/resource_index/packages/nav2_controller
[251.214s] -- Installing: /home/jetson/robot_ws/install/nav2_controller/share/ament_index/resource_index/nav2_core__pluginlib__plugin/nav2_controller
[251.215s] -- Installing: /home/jetson/robot_ws/install/nav2_controller/share/ament_index/resource_index/rclcpp_components/nav2_controller
[251.215s] -- Installing: /home/jetson/robot_ws/install/nav2_controller/share/nav2_controller/cmake/ament_cmake_export_include_directories-extras.cmake
[251.216s] -- Installing: /home/jetson/robot_ws/install/nav2_controller/share/nav2_controller/cmake/ament_cmake_export_libraries-extras.cmake
[251.216s] -- Installing: /home/jetson/robot_ws/install/nav2_controller/share/nav2_controller/cmake/ament_cmake_export_dependencies-extras.cmake
[251.216s] -- Installing: /home/jetson/robot_ws/install/nav2_controller/share/nav2_controller/cmake/nav2_controllerConfig.cmake
[251.217s] -- Installing: /home/jetson/robot_ws/install/nav2_controller/share/nav2_controller/cmake/nav2_controllerConfig-version.cmake
[251.217s] -- Installing: /home/jetson/robot_ws/install/nav2_controller/share/nav2_controller/package.xml
[251.225s] Invoked command in '/home/jetson/robot_ws/build/nav2_controller' returned '0': AMENT_PREFIX_PATH=/home/jetson/robot_ws/install/nav2_core:/home/jetson/robot_ws/install/nav2_costmap_2d:/home/jetson/robot_ws/install/nav_2d_utils:/home/jetson/robot_ws/install/nav2_map_server:/home/jetson/robot_ws/install/nav2_lifecycle_manager:/home/jetson/robot_ws/install/nav2_util:/home/jetson/robot_ws/install/nav2_voxel_grid:/home/jetson/robot_ws/install/nav2_msgs:/home/jetson/robot_ws/install/nav_2d_msgs:/home/jetson/robot_ws/install/nav2_common:${AMENT_PREFIX_PATH} CMAKE_PREFIX_PATH=/home/jetson/robot_ws/install/nav2_core:/home/jetson/robot_ws/install/nav2_costmap_2d:/home/jetson/robot_ws/install/nav_2d_utils:/home/jetson/robot_ws/install/nav2_map_server:/home/jetson/robot_ws/install/nav2_lifecycle_manager:/home/jetson/robot_ws/install/nav2_util:/home/jetson/robot_ws/install/nav2_voxel_grid:/home/jetson/robot_ws/install/nav2_msgs:/home/jetson/robot_ws/install/nav_2d_msgs:/home/jetson/robot_ws/install/nav2_common:/opt/ros/humble LD_LIBRARY_PATH=/home/jetson/robot_ws/install/nav2_costmap_2d/lib:/home/jetson/robot_ws/install/nav_2d_utils/lib:/home/jetson/robot_ws/install/nav2_map_server/lib:/home/jetson/robot_ws/install/nav2_lifecycle_manager/lib:/home/jetson/robot_ws/install/nav2_util/lib:/home/jetson/robot_ws/install/nav2_voxel_grid/lib:/home/jetson/robot_ws/install/nav2_msgs/lib:/home/jetson/robot_ws/install/nav_2d_msgs/lib:${LD_LIBRARY_PATH} PYTHONPATH=/home/jetson/robot_ws/install/nav2_msgs/local/lib/python3.10/dist-packages:/home/jetson/robot_ws/install/nav_2d_msgs/local/lib/python3.10/dist-packages:/home/jetson/robot_ws/install/nav2_common/local/lib/python3.10/dist-packages:${PYTHONPATH} /usr/bin/cmake --install /home/jetson/robot_ws/build/nav2_controller
