[0.110s] Invoking command in '/home/jetson/robot_ws/build/nav2_route': AMENT_PREFIX_PATH=/home/jetson/robot_ws/install/nav2_core:/home/jetson/robot_ws/install/nav2_costmap_2d:/home/jetson/robot_ws/install/nav2_map_server:/home/jetson/robot_ws/install/nav2_lifecycle_manager:/home/jetson/robot_ws/install/nav2_util:/home/jetson/robot_ws/install/nav2_voxel_grid:/home/jetson/robot_ws/install/nav2_msgs:/home/jetson/robot_ws/install/nav2_common:${AMENT_PREFIX_PATH} CMAKE_PREFIX_PATH=/home/jetson/robot_ws/install/nav2_core:/home/jetson/robot_ws/install/nav2_costmap_2d:/home/jetson/robot_ws/install/nav2_map_server:/home/jetson/robot_ws/install/nav2_lifecycle_manager:/home/jetson/robot_ws/install/nav2_util:/home/jetson/robot_ws/install/nav2_voxel_grid:/home/jetson/robot_ws/install/nav2_msgs:/home/jetson/robot_ws/install/nav2_common:/opt/ros/humble LD_LIBRARY_PATH=/home/jetson/robot_ws/install/nav2_costmap_2d/lib:/home/jetson/robot_ws/install/nav2_map_server/lib:/home/jetson/robot_ws/install/nav2_lifecycle_manager/lib:/home/jetson/robot_ws/install/nav2_util/lib:/home/jetson/robot_ws/install/nav2_voxel_grid/lib:/home/jetson/robot_ws/install/nav2_msgs/lib:${LD_LIBRARY_PATH} PYTHONPATH=/home/jetson/robot_ws/install/nav2_msgs/local/lib/python3.10/dist-packages:/home/jetson/robot_ws/install/nav2_common/local/lib/python3.10/dist-packages:${PYTHONPATH} /usr/bin/cmake /home/jetson/robot_ws/src/navigation2/nav2_route -DCMAKE_INSTALL_PREFIX=/home/jetson/robot_ws/install/nav2_route
[17.404s] -- The CXX compiler identification is GNU 11.4.0
[17.404s] -- Detecting CXX compiler ABI info
[17.404s] -- Detecting CXX compiler ABI info - done
[17.404s] -- Check for working CXX compiler: /usr/bin/c++ - skipped
[17.404s] -- Detecting CXX compile features
[17.404s] -- Detecting CXX compile features - done
[17.405s] -- Found ament_cmake: 1.3.12 (/opt/ros/humble/share/ament_cmake/cmake)
[17.405s] -- Found Python3: /usr/bin/python3 (found version "3.10.12") found components: Interpreter 
[17.405s] -- Found nav2_common: 1.1.20 (/home/jetson/robot_ws/install/nav2_common/share/nav2_common/cmake)
[17.405s] -- Found rclcpp: 16.0.15 (/opt/ros/humble/share/rclcpp/cmake)
[17.405s] -- Found rosidl_generator_c: 3.1.7 (/opt/ros/humble/share/rosidl_generator_c/cmake)
[17.405s] -- Found rosidl_adapter: 3.1.7 (/opt/ros/humble/share/rosidl_adapter/cmake)
[17.405s] -- Found rosidl_generator_cpp: 3.1.7 (/opt/ros/humble/share/rosidl_generator_cpp/cmake)
[17.405s] -- Using all available rosidl_typesupport_c: rosidl_typesupport_fastrtps_c;rosidl_typesupport_introspection_c
[17.405s] -- Using all available rosidl_typesupport_cpp: rosidl_typesupport_fastrtps_cpp;rosidl_typesupport_introspection_cpp
[17.405s] -- Found rmw_implementation_cmake: 6.1.2 (/opt/ros/humble/share/rmw_implementation_cmake/cmake)
[17.406s] -- Found rmw_fastrtps_cpp: 6.2.9 (/opt/ros/humble/share/rmw_fastrtps_cpp/cmake)
[17.406s] -- Found OpenSSL: /usr/lib/aarch64-linux-gnu/libcrypto.so (found version "3.0.2")  
[17.406s] -- Found FastRTPS: /opt/ros/humble/include  
[17.406s] -- Using RMW implementation 'rmw_fastrtps_cpp' as default
[17.406s] -- Looking for C++ include pthread.h
[17.406s] -- Looking for C++ include pthread.h - found
[17.406s] -- Performing Test CMAKE_HAVE_LIBC_PTHREAD
[17.406s] -- Performing Test CMAKE_HAVE_LIBC_PTHREAD - Success
[17.406s] -- Found Threads: TRUE  
[17.406s] -- Found rclcpp_lifecycle: 16.0.15 (/opt/ros/humble/share/rclcpp_lifecycle/cmake)
[17.407s] -- Found rclcpp_components: 16.0.15 (/opt/ros/humble/share/rclcpp_components/cmake)
[17.407s] -- Found geometry_msgs: 4.9.0 (/opt/ros/humble/share/geometry_msgs/cmake)
[17.407s] -- Found nav2_costmap_2d: 1.1.20 (/home/jetson/robot_ws/install/nav2_costmap_2d/share/nav2_costmap_2d/cmake)
[17.407s] -- Found Eigen3: TRUE (found version "3.4.0") 
[17.407s] -- Ensuring Eigen3 include directory is part of orocos-kdl CMake target
[17.407s] -- Found nav2_core: 1.1.20 (/home/jetson/robot_ws/install/nav2_core/share/nav2_core/cmake)
[17.407s] -- Found nlohmann_json: /usr/lib/cmake/nlohmann_json/nlohmann_jsonConfig.cmake (found version "3.10.5") 
[17.407s] -- Setting build type to Release as none was specified.
[17.411s] -- Found ament_lint_auto: 0.12.14 (/opt/ros/humble/share/ament_lint_auto/cmake)
[17.412s] -- Found gtest sources under '/opt/ros/humble/src/gtest_vendor': C++ tests using 'Google Test' will be built
[17.412s] -- The C compiler identification is GNU 11.4.0
[17.412s] -- Detecting C compiler ABI info
[17.412s] -- Detecting C compiler ABI info - done
[17.412s] -- Check for working C compiler: /usr/bin/cc - skipped
[17.412s] -- Detecting C compile features
[17.412s] -- Detecting C compile features - done
[17.412s] -- Added test 'cppcheck' to perform static code analysis on C / C++ code
[17.412s] -- Configured cppcheck include dirs: /home/jetson/robot_ws/src/navigation2/nav2_route/include
[17.413s] -- Configured cppcheck exclude dirs and/or files: 
[17.413s] -- Added test 'cpplint' to check C / C++ code against the Google style
[17.413s] -- Configured cpplint exclude dirs and/or files: 
[17.413s] -- Added test 'flake8' to check Python code syntax and style conventions
[17.413s] -- Added test 'lint_cmake' to check CMake code style
[17.413s] -- Added test 'pep257' to check Python code against some of the docstring style conventions in PEP 257
[17.413s] -- Added test 'uncrustify' to check C / C++ code style
[17.413s] -- Configured uncrustify additional arguments: 
[17.413s] -- Added test 'xmllint' to check XML markup files
[17.413s] -- Configuring done
[17.414s] -- Generating done
[17.414s] -- Build files have been written to: /home/jetson/robot_ws/build/nav2_route
[17.433s] Invoked command in '/home/jetson/robot_ws/build/nav2_route' returned '0': AMENT_PREFIX_PATH=/home/jetson/robot_ws/install/nav2_core:/home/jetson/robot_ws/install/nav2_costmap_2d:/home/jetson/robot_ws/install/nav2_map_server:/home/jetson/robot_ws/install/nav2_lifecycle_manager:/home/jetson/robot_ws/install/nav2_util:/home/jetson/robot_ws/install/nav2_voxel_grid:/home/jetson/robot_ws/install/nav2_msgs:/home/jetson/robot_ws/install/nav2_common:${AMENT_PREFIX_PATH} CMAKE_PREFIX_PATH=/home/jetson/robot_ws/install/nav2_core:/home/jetson/robot_ws/install/nav2_costmap_2d:/home/jetson/robot_ws/install/nav2_map_server:/home/jetson/robot_ws/install/nav2_lifecycle_manager:/home/jetson/robot_ws/install/nav2_util:/home/jetson/robot_ws/install/nav2_voxel_grid:/home/jetson/robot_ws/install/nav2_msgs:/home/jetson/robot_ws/install/nav2_common:/opt/ros/humble LD_LIBRARY_PATH=/home/jetson/robot_ws/install/nav2_costmap_2d/lib:/home/jetson/robot_ws/install/nav2_map_server/lib:/home/jetson/robot_ws/install/nav2_lifecycle_manager/lib:/home/jetson/robot_ws/install/nav2_util/lib:/home/jetson/robot_ws/install/nav2_voxel_grid/lib:/home/jetson/robot_ws/install/nav2_msgs/lib:${LD_LIBRARY_PATH} PYTHONPATH=/home/jetson/robot_ws/install/nav2_msgs/local/lib/python3.10/dist-packages:/home/jetson/robot_ws/install/nav2_common/local/lib/python3.10/dist-packages:${PYTHONPATH} /usr/bin/cmake /home/jetson/robot_ws/src/navigation2/nav2_route -DCMAKE_INSTALL_PREFIX=/home/jetson/robot_ws/install/nav2_route
[17.434s] Invoking command in '/home/jetson/robot_ws/build/nav2_route': AMENT_PREFIX_PATH=/home/jetson/robot_ws/install/nav2_core:/home/jetson/robot_ws/install/nav2_costmap_2d:/home/jetson/robot_ws/install/nav2_map_server:/home/jetson/robot_ws/install/nav2_lifecycle_manager:/home/jetson/robot_ws/install/nav2_util:/home/jetson/robot_ws/install/nav2_voxel_grid:/home/jetson/robot_ws/install/nav2_msgs:/home/jetson/robot_ws/install/nav2_common:${AMENT_PREFIX_PATH} CMAKE_PREFIX_PATH=/home/jetson/robot_ws/install/nav2_core:/home/jetson/robot_ws/install/nav2_costmap_2d:/home/jetson/robot_ws/install/nav2_map_server:/home/jetson/robot_ws/install/nav2_lifecycle_manager:/home/jetson/robot_ws/install/nav2_util:/home/jetson/robot_ws/install/nav2_voxel_grid:/home/jetson/robot_ws/install/nav2_msgs:/home/jetson/robot_ws/install/nav2_common:/opt/ros/humble LD_LIBRARY_PATH=/home/jetson/robot_ws/install/nav2_costmap_2d/lib:/home/jetson/robot_ws/install/nav2_map_server/lib:/home/jetson/robot_ws/install/nav2_lifecycle_manager/lib:/home/jetson/robot_ws/install/nav2_util/lib:/home/jetson/robot_ws/install/nav2_voxel_grid/lib:/home/jetson/robot_ws/install/nav2_msgs/lib:${LD_LIBRARY_PATH} PYTHONPATH=/home/jetson/robot_ws/install/nav2_msgs/local/lib/python3.10/dist-packages:/home/jetson/robot_ws/install/nav2_common/local/lib/python3.10/dist-packages:${PYTHONPATH} /usr/bin/cmake --build /home/jetson/robot_ws/build/nav2_route -- -j6 -l6
[17.597s] [  1%] [32mBuilding CXX object CMakeFiles/route_server_core.dir/src/route_server.cpp.o[0m
[76.599s] [  2%] [32mBuilding CXX object CMakeFiles/route_server_core.dir/src/route_planner.cpp.o[0m
[96.448s] [  4%] [32mBuilding CXX object CMakeFiles/route_server_core.dir/src/route_tracker.cpp.o[0m
[120.056s] [  5%] [32mBuilding CXX object CMakeFiles/route_server_core.dir/src/edge_scorer.cpp.o[0m
[129.824s] [  7%] [32mBuilding CXX object gtest/CMakeFiles/gtest_main.dir/src/gtest_main.cc.o[0m
[131.908s] [  8%] [32mBuilding CXX object CMakeFiles/graph_file_savers.dir/src/plugins/graph_file_savers/geojson_graph_file_saver.cpp.o[0m
[133.032s] [ 10%] [32mBuilding CXX object CMakeFiles/graph_file_loaders.dir/src/plugins/graph_file_loaders/geojson_graph_file_loader.cpp.o[0m
[134.258s] [ 11%] [32m[1mLinking CXX static library libgtest_main.a[0m
[134.542s] [ 11%] Built target gtest_main
[151.982s] [ 12%] [32mBuilding CXX object CMakeFiles/route_server_core.dir/src/operations_manager.cpp.o[0m
[160.026s] [ 14%] [32m[1mLinking CXX shared library libgraph_file_savers.so[0m
[160.890s] [ 14%] Built target graph_file_savers
[168.002s] [ 15%] [32m[1mLinking CXX shared library libgraph_file_loaders.so[0m
[168.930s] [ 15%] Built target graph_file_loaders
[182.449s] [ 17%] [32mBuilding CXX object CMakeFiles/route_server_core.dir/src/path_converter.cpp.o[0m
[199.303s] [ 18%] [32mBuilding CXX object CMakeFiles/route_server_core.dir/src/graph_loader.cpp.o[0m
[224.018s] [ 20%] [32mBuilding CXX object CMakeFiles/route_server_core.dir/src/graph_saver.cpp.o[0m
[248.627s] [ 21%] [32mBuilding CXX object CMakeFiles/route_server_core.dir/src/goal_intent_extractor.cpp.o[0m
[261.329s] [ 22%] [32mBuilding CXX object CMakeFiles/route_server_core.dir/src/node_spatial_tree.cpp.o[0m
[271.010s] [ 24%] [32m[1mLinking CXX shared library libroute_server_core.so[0m
[273.048s] [ 24%] Built target route_server_core
[273.191s] [ 25%] [32mBuilding CXX object gtest/CMakeFiles/gtest.dir/src/gtest-all.cc.o[0m
[297.429s] [ 27%] [32m[1mLinking CXX static library libgtest.a[0m
[297.509s] [ 27%] Built target gtest
[297.554s] [ 28%] [32mBuilding CXX object test/CMakeFiles/performance_benchmarking.dir/performance_benchmarking.cpp.o[0m
[319.148s] [ 30%] [32m[1mLinking CXX executable performance_benchmarking[0m
[319.874s] [ 30%] Built target performance_benchmarking
[319.917s] [ 31%] [32mBuilding CXX object test/CMakeFiles/test_path_converter.dir/test_path_converter.cpp.o[0m
[349.872s] [ 32%] [32m[1mLinking CXX executable test_path_converter[0m
[350.606s] [ 32%] Built target test_path_converter
[350.650s] [ 34%] [32mBuilding CXX object test/CMakeFiles/test_spatial_tree.dir/test_spatial_tree.cpp.o[0m
[361.337s] [ 35%] [32m[1mLinking CXX executable test_spatial_tree[0m
[361.871s] [ 35%] Built target test_spatial_tree
[361.913s] [ 37%] [32mBuilding CXX object test/CMakeFiles/test_graph_loader.dir/test_graph_loader.cpp.o[0m
[364.949s] [ 38%] [32mBuilding CXX object test/CMakeFiles/test_graph_saver.dir/test_graph_saver.cpp.o[0m
[366.050s] [ 40%] [32mBuilding CXX object test/CMakeFiles/test_utils_and_types.dir/test_utils_and_types.cpp.o[0m
[367.134s] [ 41%] [32mBuilding CXX object CMakeFiles/route_server.dir/src/main.cpp.o[0m
[368.249s] [ 42%] [32mBuilding CXX object CMakeFiles/route_operations.dir/src/plugins/route_operations/adjust_speed_limit.cpp.o[0m
[398.313s] [ 44%] [32m[1mLinking CXX executable test_utils_and_types[0m
[399.531s] [ 44%] Built target test_utils_and_types
[401.547s] [ 45%] [32m[1mLinking CXX executable route_server[0m
[402.612s] [ 45%] Built target route_server
[404.779s] [ 47%] [32mBuilding CXX object CMakeFiles/route_operations.dir/src/plugins/route_operations/trigger_event.cpp.o[0m
[420.984s] [ 48%] [32m[1mLinking CXX executable test_graph_loader[0m
[422.144s] [ 48%] Built target test_graph_loader
[423.277s] [ 50%] [32m[1mLinking CXX executable test_graph_saver[0m
[424.057s] [ 50%] Built target test_graph_saver
[424.259s] [ 51%] [32mBuilding CXX object CMakeFiles/route_operations.dir/src/plugins/route_operations/rerouting_service.cpp.o[0m
[437.494s] [ 52%] [32mBuilding CXX object CMakeFiles/route_operations.dir/src/plugins/route_operations/collision_monitor.cpp.o[0m
[449.741s] [ 54%] [32mBuilding CXX object CMakeFiles/route_operations.dir/src/plugins/route_operations/time_marker.cpp.o[0m
[459.444s] [ 55%] [32m[1mLinking CXX shared library libroute_operations.so[0m
[460.429s] [ 55%] Built target route_operations
[460.481s] [ 57%] [32mBuilding CXX object test/CMakeFiles/test_route_tracker.dir/test_route_tracker.cpp.o[0m
[484.529s] [ 58%] [32mBuilding CXX object test/CMakeFiles/test_route_server.dir/test_route_server.cpp.o[0m
[486.670s] [ 60%] [32mBuilding CXX object test/CMakeFiles/test_goal_intent_extractor.dir/test_goal_intent_extractor.cpp.o[0m
[488.742s] [ 61%] [32mBuilding CXX object test/CMakeFiles/test_geojson_graph_file_saver.dir/test_geojson_graph_file_saver.cpp.o[0m
[495.598s] [ 62%] [32m[1mLinking CXX executable test_route_tracker[0m
[496.947s] [ 62%] Built target test_route_tracker
[512.168s] [ 64%] [32m[1mLinking CXX executable test_goal_intent_extractor[0m
[512.906s] [ 64%] Built target test_goal_intent_extractor
[517.954s] [ 65%] [32m[1mLinking CXX executable test_geojson_graph_file_saver[0m
[518.426s] [ 65%] Built target test_geojson_graph_file_saver
[523.683s] [ 67%] [32m[1mLinking CXX executable test_route_server[0m
[524.393s] [ 67%] Built target test_route_server
[524.434s] [ 68%] [32mBuilding CXX object test/CMakeFiles/test_operations.dir/test_operations.cpp.o[0m
[568.906s] [ 70%] [32m[1mLinking CXX executable test_operations[0m
[569.687s] [ 70%] Built target test_operations
[569.730s] [ 74%] [32mBuilding CXX object test/CMakeFiles/test_geojson_graph_file_loader.dir/test_geojson_graph_file_loader.cpp.o[0m
[569.730s] [ 74%] [32mBuilding CXX object test/CMakeFiles/test_corner_smoothing.dir/test_corner_smoothing.cpp.o[0m
[569.730s] [ 74%] [32mBuilding CXX object test/CMakeFiles/test_goal_intent_search.dir/test_goal_intent_search.cpp.o[0m
[569.731s] [ 75%] [32mBuilding CXX object test/CMakeFiles/test_collision_operation.dir/test_collision_operation.cpp.o[0m
[569.745s] [ 78%] [32mBuilding CXX object CMakeFiles/edge_scorers.dir/src/plugins/edge_cost_functions/distance_scorer.cpp.o[0m
[569.745s] [ 78%] [32mBuilding CXX object CMakeFiles/edge_scorers.dir/src/plugins/edge_cost_functions/time_scorer.cpp.o[0m
[582.838s] [ 80%] [32mBuilding CXX object CMakeFiles/edge_scorers.dir/src/plugins/edge_cost_functions/dynamic_edges_scorer.cpp.o[0m
[583.011s] [ 81%] [32mBuilding CXX object CMakeFiles/edge_scorers.dir/src/plugins/edge_cost_functions/penalty_scorer.cpp.o[0m
[583.082s] [ 82%] [32m[1mLinking CXX executable test_corner_smoothing[0m
[583.936s] [ 82%] Built target test_corner_smoothing
[583.990s] [ 84%] [32mBuilding CXX object CMakeFiles/edge_scorers.dir/src/plugins/edge_cost_functions/costmap_scorer.cpp.o[0m
[586.500s] [ 85%] [32m[1mLinking CXX executable test_goal_intent_search[0m
[587.298s] [ 85%] Built target test_goal_intent_search
[587.351s] [ 87%] [32mBuilding CXX object CMakeFiles/edge_scorers.dir/src/plugins/edge_cost_functions/semantic_scorer.cpp.o[0m
[589.897s] [ 88%] [32m[1mLinking CXX executable test_collision_operation[0m
[590.738s] [ 88%] Built target test_collision_operation
[590.756s] [ 90%] [32mBuilding CXX object CMakeFiles/edge_scorers.dir/src/plugins/edge_cost_functions/goal_orientation_scorer.cpp.o[0m
[594.033s] [ 91%] [32mBuilding CXX object CMakeFiles/edge_scorers.dir/src/plugins/edge_cost_functions/start_pose_orientation_scorer.cpp.o[0m
[596.378s] [ 92%] [32m[1mLinking CXX executable test_geojson_graph_file_loader[0m
[596.955s] [ 92%] Built target test_geojson_graph_file_loader
[604.585s] [ 94%] [32m[1mLinking CXX shared library libedge_scorers.so[0m
[605.305s] [ 94%] Built target edge_scorers
[605.348s] [ 97%] [32mBuilding CXX object test/CMakeFiles/test_route_planner.dir/test_route_planner.cpp.o[0m
[605.349s] [ 97%] [32mBuilding CXX object test/CMakeFiles/test_edge_scorers.dir/test_edge_scorers.cpp.o[0m
[627.828s] [ 98%] [32m[1mLinking CXX executable test_route_planner[0m
[628.446s] [ 98%] Built target test_route_planner
[633.674s] [100%] [32m[1mLinking CXX executable test_edge_scorers[0m
[634.414s] [100%] Built target test_edge_scorers
[634.452s] Invoked command in '/home/jetson/robot_ws/build/nav2_route' returned '0': AMENT_PREFIX_PATH=/home/jetson/robot_ws/install/nav2_core:/home/jetson/robot_ws/install/nav2_costmap_2d:/home/jetson/robot_ws/install/nav2_map_server:/home/jetson/robot_ws/install/nav2_lifecycle_manager:/home/jetson/robot_ws/install/nav2_util:/home/jetson/robot_ws/install/nav2_voxel_grid:/home/jetson/robot_ws/install/nav2_msgs:/home/jetson/robot_ws/install/nav2_common:${AMENT_PREFIX_PATH} CMAKE_PREFIX_PATH=/home/jetson/robot_ws/install/nav2_core:/home/jetson/robot_ws/install/nav2_costmap_2d:/home/jetson/robot_ws/install/nav2_map_server:/home/jetson/robot_ws/install/nav2_lifecycle_manager:/home/jetson/robot_ws/install/nav2_util:/home/jetson/robot_ws/install/nav2_voxel_grid:/home/jetson/robot_ws/install/nav2_msgs:/home/jetson/robot_ws/install/nav2_common:/opt/ros/humble LD_LIBRARY_PATH=/home/jetson/robot_ws/install/nav2_costmap_2d/lib:/home/jetson/robot_ws/install/nav2_map_server/lib:/home/jetson/robot_ws/install/nav2_lifecycle_manager/lib:/home/jetson/robot_ws/install/nav2_util/lib:/home/jetson/robot_ws/install/nav2_voxel_grid/lib:/home/jetson/robot_ws/install/nav2_msgs/lib:${LD_LIBRARY_PATH} PYTHONPATH=/home/jetson/robot_ws/install/nav2_msgs/local/lib/python3.10/dist-packages:/home/jetson/robot_ws/install/nav2_common/local/lib/python3.10/dist-packages:${PYTHONPATH} /usr/bin/cmake --build /home/jetson/robot_ws/build/nav2_route -- -j6 -l6
[634.458s] Invoking command in '/home/jetson/robot_ws/build/nav2_route': AMENT_PREFIX_PATH=/home/jetson/robot_ws/install/nav2_core:/home/jetson/robot_ws/install/nav2_costmap_2d:/home/jetson/robot_ws/install/nav2_map_server:/home/jetson/robot_ws/install/nav2_lifecycle_manager:/home/jetson/robot_ws/install/nav2_util:/home/jetson/robot_ws/install/nav2_voxel_grid:/home/jetson/robot_ws/install/nav2_msgs:/home/jetson/robot_ws/install/nav2_common:${AMENT_PREFIX_PATH} CMAKE_PREFIX_PATH=/home/jetson/robot_ws/install/nav2_core:/home/jetson/robot_ws/install/nav2_costmap_2d:/home/jetson/robot_ws/install/nav2_map_server:/home/jetson/robot_ws/install/nav2_lifecycle_manager:/home/jetson/robot_ws/install/nav2_util:/home/jetson/robot_ws/install/nav2_voxel_grid:/home/jetson/robot_ws/install/nav2_msgs:/home/jetson/robot_ws/install/nav2_common:/opt/ros/humble LD_LIBRARY_PATH=/home/jetson/robot_ws/install/nav2_costmap_2d/lib:/home/jetson/robot_ws/install/nav2_map_server/lib:/home/jetson/robot_ws/install/nav2_lifecycle_manager/lib:/home/jetson/robot_ws/install/nav2_util/lib:/home/jetson/robot_ws/install/nav2_voxel_grid/lib:/home/jetson/robot_ws/install/nav2_msgs/lib:${LD_LIBRARY_PATH} PYTHONPATH=/home/jetson/robot_ws/install/nav2_msgs/local/lib/python3.10/dist-packages:/home/jetson/robot_ws/install/nav2_common/local/lib/python3.10/dist-packages:${PYTHONPATH} /usr/bin/cmake --install /home/jetson/robot_ws/build/nav2_route
[634.476s] -- Install configuration: "Release"
[634.477s] -- Installing: /home/jetson/robot_ws/install/nav2_route/share/nav2_route/plugins.xml
[634.477s] -- Installing: /home/jetson/robot_ws/install/nav2_route/include/nav2_route
[634.477s] -- Installing: /home/jetson/robot_ws/install/nav2_route/include/nav2_route/nav2_route
[634.477s] -- Installing: /home/jetson/robot_ws/install/nav2_route/include/nav2_route/nav2_route/interfaces
[634.478s] -- Installing: /home/jetson/robot_ws/install/nav2_route/include/nav2_route/nav2_route/interfaces/graph_file_saver.hpp
[634.478s] -- Installing: /home/jetson/robot_ws/install/nav2_route/include/nav2_route/nav2_route/interfaces/graph_file_loader.hpp
[634.478s] -- Installing: /home/jetson/robot_ws/install/nav2_route/include/nav2_route/nav2_route/interfaces/edge_cost_function.hpp
[634.478s] -- Installing: /home/jetson/robot_ws/install/nav2_route/include/nav2_route/nav2_route/interfaces/route_operation.hpp
[634.479s] -- Installing: /home/jetson/robot_ws/install/nav2_route/include/nav2_route/nav2_route/graph_loader.hpp
[634.479s] -- Installing: /home/jetson/robot_ws/install/nav2_route/include/nav2_route/nav2_route/graph_saver.hpp
[634.479s] -- Installing: /home/jetson/robot_ws/install/nav2_route/include/nav2_route/nav2_route/plugins
[634.480s] -- Installing: /home/jetson/robot_ws/install/nav2_route/include/nav2_route/nav2_route/plugins/graph_file_loaders
[634.480s] -- Installing: /home/jetson/robot_ws/install/nav2_route/include/nav2_route/nav2_route/plugins/graph_file_loaders/geojson_graph_file_loader.hpp
[634.480s] -- Installing: /home/jetson/robot_ws/install/nav2_route/include/nav2_route/nav2_route/plugins/edge_cost_functions
[634.480s] -- Installing: /home/jetson/robot_ws/install/nav2_route/include/nav2_route/nav2_route/plugins/edge_cost_functions/time_scorer.hpp
[634.480s] -- Installing: /home/jetson/robot_ws/install/nav2_route/include/nav2_route/nav2_route/plugins/edge_cost_functions/penalty_scorer.hpp
[634.480s] -- Installing: /home/jetson/robot_ws/install/nav2_route/include/nav2_route/nav2_route/plugins/edge_cost_functions/dynamic_edges_scorer.hpp
[634.481s] -- Installing: /home/jetson/robot_ws/install/nav2_route/include/nav2_route/nav2_route/plugins/edge_cost_functions/start_pose_orientation_scorer.hpp
[634.481s] -- Installing: /home/jetson/robot_ws/install/nav2_route/include/nav2_route/nav2_route/plugins/edge_cost_functions/costmap_scorer.hpp
[634.481s] -- Installing: /home/jetson/robot_ws/install/nav2_route/include/nav2_route/nav2_route/plugins/edge_cost_functions/distance_scorer.hpp
[634.481s] -- Installing: /home/jetson/robot_ws/install/nav2_route/include/nav2_route/nav2_route/plugins/edge_cost_functions/goal_orientation_scorer.hpp
[634.482s] -- Installing: /home/jetson/robot_ws/install/nav2_route/include/nav2_route/nav2_route/plugins/edge_cost_functions/semantic_scorer.hpp
[634.482s] -- Installing: /home/jetson/robot_ws/install/nav2_route/include/nav2_route/nav2_route/plugins/route_operations
[634.482s] -- Installing: /home/jetson/robot_ws/install/nav2_route/include/nav2_route/nav2_route/plugins/route_operations/rerouting_service.hpp
[634.482s] -- Installing: /home/jetson/robot_ws/install/nav2_route/include/nav2_route/nav2_route/plugins/route_operations/time_marker.hpp
[634.482s] -- Installing: /home/jetson/robot_ws/install/nav2_route/include/nav2_route/nav2_route/plugins/route_operations/trigger_event.hpp
[634.483s] -- Installing: /home/jetson/robot_ws/install/nav2_route/include/nav2_route/nav2_route/plugins/route_operations/adjust_speed_limit.hpp
[634.483s] -- Installing: /home/jetson/robot_ws/install/nav2_route/include/nav2_route/nav2_route/plugins/route_operations/collision_monitor.hpp
[634.483s] -- Installing: /home/jetson/robot_ws/install/nav2_route/include/nav2_route/nav2_route/plugins/route_operation_client.hpp
[634.483s] -- Installing: /home/jetson/robot_ws/install/nav2_route/include/nav2_route/nav2_route/plugins/graph_file_savers
[634.484s] -- Installing: /home/jetson/robot_ws/install/nav2_route/include/nav2_route/nav2_route/plugins/graph_file_savers/geojson_graph_file_saver.hpp
[634.484s] -- Installing: /home/jetson/robot_ws/install/nav2_route/include/nav2_route/nav2_route/utils.hpp
[634.484s] -- Installing: /home/jetson/robot_ws/install/nav2_route/include/nav2_route/nav2_route/node_spatial_tree.hpp
[634.484s] -- Installing: /home/jetson/robot_ws/install/nav2_route/include/nav2_route/nav2_route/route_server.hpp
[634.485s] -- Installing: /home/jetson/robot_ws/install/nav2_route/include/nav2_route/nav2_route/edge_scorer.hpp
[634.485s] -- Installing: /home/jetson/robot_ws/install/nav2_route/include/nav2_route/nav2_route/goal_intent_extractor.hpp
[634.485s] -- Installing: /home/jetson/robot_ws/install/nav2_route/include/nav2_route/nav2_route/goal_intent_search.hpp
[634.485s] -- Installing: /home/jetson/robot_ws/install/nav2_route/include/nav2_route/nav2_route/path_converter.hpp
[634.485s] -- Installing: /home/jetson/robot_ws/install/nav2_route/include/nav2_route/nav2_route/route_tracker.hpp
[634.486s] -- Installing: /home/jetson/robot_ws/install/nav2_route/include/nav2_route/nav2_route/route_planner.hpp
[634.486s] -- Installing: /home/jetson/robot_ws/install/nav2_route/include/nav2_route/nav2_route/corner_smoothing.hpp
[634.486s] -- Installing: /home/jetson/robot_ws/install/nav2_route/include/nav2_route/nav2_route/types.hpp
[634.486s] -- Installing: /home/jetson/robot_ws/install/nav2_route/include/nav2_route/nav2_route/operations_manager.hpp
[634.487s] -- Installing: /home/jetson/robot_ws/install/nav2_route/lib/nav2_route/route_server
[634.488s] -- Set runtime path of "/home/jetson/robot_ws/install/nav2_route/lib/nav2_route/route_server" to ""
[634.488s] -- Installing: /home/jetson/robot_ws/install/nav2_route/lib/libroute_server_core.so
[634.494s] -- Set runtime path of "/home/jetson/robot_ws/install/nav2_route/lib/libroute_server_core.so" to ""
[634.494s] -- Installing: /home/jetson/robot_ws/install/nav2_route/lib/libedge_scorers.so
[634.495s] -- Set runtime path of "/home/jetson/robot_ws/install/nav2_route/lib/libedge_scorers.so" to ""
[634.495s] -- Installing: /home/jetson/robot_ws/install/nav2_route/lib/libroute_operations.so
[634.497s] -- Set runtime path of "/home/jetson/robot_ws/install/nav2_route/lib/libroute_operations.so" to ""
[634.497s] -- Installing: /home/jetson/robot_ws/install/nav2_route/lib/libgraph_file_loaders.so
[634.498s] -- Set runtime path of "/home/jetson/robot_ws/install/nav2_route/lib/libgraph_file_loaders.so" to ""
[634.498s] -- Installing: /home/jetson/robot_ws/install/nav2_route/lib/libgraph_file_savers.so
[634.499s] -- Set runtime path of "/home/jetson/robot_ws/install/nav2_route/lib/libgraph_file_savers.so" to ""
[634.500s] -- Installing: /home/jetson/robot_ws/install/nav2_route/share/nav2_route/graphs
[634.500s] -- Installing: /home/jetson/robot_ws/install/nav2_route/share/nav2_route/graphs/scripts
[634.500s] -- Installing: /home/jetson/robot_ws/install/nav2_route/share/nav2_route/graphs/scripts/increment_edge_id.json
[634.500s] -- Installing: /home/jetson/robot_ws/install/nav2_route/share/nav2_route/graphs/scripts/generate_start_and_end_id.sql
[634.501s] -- Installing: /home/jetson/robot_ws/install/nav2_route/share/nav2_route/graphs/scripts/README.md
[634.501s] -- Installing: /home/jetson/robot_ws/install/nav2_route/share/nav2_route/graphs/scripts/increment_node_id.json
[634.501s] -- Installing: /home/jetson/robot_ws/install/nav2_route/share/nav2_route/graphs/scripts/export_shapefiles.py
[634.501s] -- Installing: /home/jetson/robot_ws/install/nav2_route/share/nav2_route/graphs/turtlebot3_graph.geojson
[634.502s] -- Installing: /home/jetson/robot_ws/install/nav2_route/share/nav2_route/graphs/turtlebot4_graph.geojson
[634.502s] -- Installing: /home/jetson/robot_ws/install/nav2_route/share/nav2_route/graphs/sample_graph.geojson
[634.502s] -- Installing: /home/jetson/robot_ws/install/nav2_route/share/nav2_route/graphs/aws_graph.geojson
[634.503s] -- Installing: /home/jetson/robot_ws/install/nav2_route/share/nav2_route/test/test_graphs
[634.503s] -- Installing: /home/jetson/robot_ws/install/nav2_route/share/nav2_route/test/test_graphs/error_codes.geojson
[634.504s] -- Installing: /home/jetson/robot_ws/install/nav2_route/share/nav2_route/test/test_graphs/no_frame.json
[634.504s] -- Installing: /home/jetson/robot_ws/install/nav2_route/share/nav2_route/test/test_graphs/invalid.json
[634.504s] -- Installing: /home/jetson/robot_ws/install/nav2_route/share/nav2_route/environment/library_path.sh
[634.505s] -- Installing: /home/jetson/robot_ws/install/nav2_route/share/nav2_route/environment/library_path.dsv
[634.506s] -- Installing: /home/jetson/robot_ws/install/nav2_route/share/ament_index/resource_index/package_run_dependencies/nav2_route
[634.506s] -- Installing: /home/jetson/robot_ws/install/nav2_route/share/ament_index/resource_index/parent_prefix_path/nav2_route
[634.507s] -- Installing: /home/jetson/robot_ws/install/nav2_route/share/nav2_route/environment/ament_prefix_path.sh
[634.507s] -- Installing: /home/jetson/robot_ws/install/nav2_route/share/nav2_route/environment/ament_prefix_path.dsv
[634.507s] -- Installing: /home/jetson/robot_ws/install/nav2_route/share/nav2_route/environment/path.sh
[634.507s] -- Installing: /home/jetson/robot_ws/install/nav2_route/share/nav2_route/environment/path.dsv
[634.508s] -- Installing: /home/jetson/robot_ws/install/nav2_route/share/nav2_route/local_setup.bash
[634.508s] -- Installing: /home/jetson/robot_ws/install/nav2_route/share/nav2_route/local_setup.sh
[634.509s] -- Installing: /home/jetson/robot_ws/install/nav2_route/share/nav2_route/local_setup.zsh
[634.509s] -- Installing: /home/jetson/robot_ws/install/nav2_route/share/nav2_route/local_setup.dsv
[634.509s] -- Installing: /home/jetson/robot_ws/install/nav2_route/share/nav2_route/package.dsv
[634.510s] -- Installing: /home/jetson/robot_ws/install/nav2_route/share/ament_index/resource_index/packages/nav2_route
[634.510s] -- Installing: /home/jetson/robot_ws/install/nav2_route/share/ament_index/resource_index/nav2_route__pluginlib__plugin/nav2_route
[634.511s] -- Installing: /home/jetson/robot_ws/install/nav2_route/share/ament_index/resource_index/rclcpp_components/nav2_route
[634.511s] -- Installing: /home/jetson/robot_ws/install/nav2_route/share/nav2_route/cmake/ament_cmake_export_include_directories-extras.cmake
[634.511s] -- Installing: /home/jetson/robot_ws/install/nav2_route/share/nav2_route/cmake/ament_cmake_export_dependencies-extras.cmake
[634.512s] -- Installing: /home/jetson/robot_ws/install/nav2_route/share/nav2_route/cmake/ament_cmake_export_libraries-extras.cmake
[634.512s] -- Installing: /home/jetson/robot_ws/install/nav2_route/share/nav2_route/cmake/nav2_routeConfig.cmake
[634.513s] -- Installing: /home/jetson/robot_ws/install/nav2_route/share/nav2_route/cmake/nav2_routeConfig-version.cmake
[634.513s] -- Installing: /home/jetson/robot_ws/install/nav2_route/share/nav2_route/package.xml
[634.514s] -- Installing: /home/jetson/robot_ws/install/nav2_route/lib/nav2_route/performance_benchmarking
[634.516s] -- Set runtime path of "/home/jetson/robot_ws/install/nav2_route/lib/nav2_route/performance_benchmarking" to ""
[634.521s] Invoked command in '/home/jetson/robot_ws/build/nav2_route' returned '0': AMENT_PREFIX_PATH=/home/jetson/robot_ws/install/nav2_core:/home/jetson/robot_ws/install/nav2_costmap_2d:/home/jetson/robot_ws/install/nav2_map_server:/home/jetson/robot_ws/install/nav2_lifecycle_manager:/home/jetson/robot_ws/install/nav2_util:/home/jetson/robot_ws/install/nav2_voxel_grid:/home/jetson/robot_ws/install/nav2_msgs:/home/jetson/robot_ws/install/nav2_common:${AMENT_PREFIX_PATH} CMAKE_PREFIX_PATH=/home/jetson/robot_ws/install/nav2_core:/home/jetson/robot_ws/install/nav2_costmap_2d:/home/jetson/robot_ws/install/nav2_map_server:/home/jetson/robot_ws/install/nav2_lifecycle_manager:/home/jetson/robot_ws/install/nav2_util:/home/jetson/robot_ws/install/nav2_voxel_grid:/home/jetson/robot_ws/install/nav2_msgs:/home/jetson/robot_ws/install/nav2_common:/opt/ros/humble LD_LIBRARY_PATH=/home/jetson/robot_ws/install/nav2_costmap_2d/lib:/home/jetson/robot_ws/install/nav2_map_server/lib:/home/jetson/robot_ws/install/nav2_lifecycle_manager/lib:/home/jetson/robot_ws/install/nav2_util/lib:/home/jetson/robot_ws/install/nav2_voxel_grid/lib:/home/jetson/robot_ws/install/nav2_msgs/lib:${LD_LIBRARY_PATH} PYTHONPATH=/home/jetson/robot_ws/install/nav2_msgs/local/lib/python3.10/dist-packages:/home/jetson/robot_ws/install/nav2_common/local/lib/python3.10/dist-packages:${PYTHONPATH} /usr/bin/cmake --install /home/jetson/robot_ws/build/nav2_route
