[0.086s] Invoking command in '/home/jetson/robot_ws/build/dwb_critics': AMENT_PREFIX_PATH=/home/jetson/robot_ws/install/dwb_core:/home/jetson/robot_ws/install/nav2_core:/home/jetson/robot_ws/install/costmap_queue:/home/jetson/robot_ws/install/nav2_costmap_2d:/home/jetson/robot_ws/install/nav_2d_utils:/home/jetson/robot_ws/install/nav2_map_server:/home/jetson/robot_ws/install/nav2_lifecycle_manager:/home/jetson/robot_ws/install/nav2_util:/home/jetson/robot_ws/install/nav2_voxel_grid:/home/jetson/robot_ws/install/nav2_msgs:/home/jetson/robot_ws/install/dwb_msgs:/home/jetson/robot_ws/install/nav_2d_msgs:/home/jetson/robot_ws/install/nav2_common:${AMENT_PREFIX_PATH} CMAKE_PREFIX_PATH=/home/jetson/robot_ws/install/dwb_core:/home/jetson/robot_ws/install/nav2_core:/home/jetson/robot_ws/install/costmap_queue:/home/jetson/robot_ws/install/nav2_costmap_2d:/home/jetson/robot_ws/install/nav_2d_utils:/home/jetson/robot_ws/install/nav2_map_server:/home/jetson/robot_ws/install/nav2_lifecycle_manager:/home/jetson/robot_ws/install/nav2_util:/home/jetson/robot_ws/install/nav2_voxel_grid:/home/jetson/robot_ws/install/nav2_msgs:/home/jetson/robot_ws/install/dwb_msgs:/home/jetson/robot_ws/install/nav_2d_msgs:/home/jetson/robot_ws/install/nav2_common:/opt/ros/humble LD_LIBRARY_PATH=/home/jetson/robot_ws/install/dwb_core/lib:/home/jetson/robot_ws/install/costmap_queue/lib:/home/jetson/robot_ws/install/nav2_costmap_2d/lib:/home/jetson/robot_ws/install/nav_2d_utils/lib:/home/jetson/robot_ws/install/nav2_map_server/lib:/home/jetson/robot_ws/install/nav2_lifecycle_manager/lib:/home/jetson/robot_ws/install/nav2_util/lib:/home/jetson/robot_ws/install/nav2_voxel_grid/lib:/home/jetson/robot_ws/install/nav2_msgs/lib:/home/jetson/robot_ws/install/dwb_msgs/lib:/home/jetson/robot_ws/install/nav_2d_msgs/lib:${LD_LIBRARY_PATH} PYTHONPATH=/home/jetson/robot_ws/install/nav2_msgs/local/lib/python3.10/dist-packages:/home/jetson/robot_ws/install/dwb_msgs/local/lib/python3.10/dist-packages:/home/jetson/robot_ws/install/nav_2d_msgs/local/lib/python3.10/dist-packages:/home/jetson/robot_ws/install/nav2_common/local/lib/python3.10/dist-packages:${PYTHONPATH} /usr/bin/cmake /home/jetson/robot_ws/src/navigation2/nav2_dwb_controller/dwb_critics -DCMAKE_INSTALL_PREFIX=/home/jetson/robot_ws/install/dwb_critics
[106.286s] -- The C compiler identification is GNU 11.4.0
[106.287s] -- The CXX compiler identification is GNU 11.4.0
[106.287s] -- Detecting C compiler ABI info
[106.287s] -- Detecting C compiler ABI info - done
[106.287s] -- Check for working C compiler: /usr/bin/cc - skipped
[106.287s] -- Detecting C compile features
[106.287s] -- Detecting C compile features - done
[106.287s] -- Detecting CXX compiler ABI info
[106.287s] -- Detecting CXX compiler ABI info - done
[106.287s] -- Check for working CXX compiler: /usr/bin/c++ - skipped
[106.287s] -- Detecting CXX compile features
[106.288s] -- Detecting CXX compile features - done
[106.288s] -- Found ament_cmake: 1.3.12 (/opt/ros/humble/share/ament_cmake/cmake)
[106.288s] -- Found Python3: /usr/bin/python3 (found version "3.10.12") found components: Interpreter 
[106.289s] -- Found nav2_common: 1.1.20 (/home/jetson/robot_ws/install/nav2_common/share/nav2_common/cmake)
[106.289s] -- Found angles: 1.15.0 (/opt/ros/humble/share/angles/cmake)
[106.289s] -- Found nav2_costmap_2d: 1.1.20 (/home/jetson/robot_ws/install/nav2_costmap_2d/share/nav2_costmap_2d/cmake)
[106.289s] -- Found rosidl_generator_c: 3.1.7 (/opt/ros/humble/share/rosidl_generator_c/cmake)
[106.289s] -- Found rosidl_adapter: 3.1.7 (/opt/ros/humble/share/rosidl_adapter/cmake)
[106.289s] -- Found rosidl_generator_cpp: 3.1.7 (/opt/ros/humble/share/rosidl_generator_cpp/cmake)
[106.289s] -- Using all available rosidl_typesupport_c: rosidl_typesupport_fastrtps_c;rosidl_typesupport_introspection_c
[106.289s] -- Using all available rosidl_typesupport_cpp: rosidl_typesupport_fastrtps_cpp;rosidl_typesupport_introspection_cpp
[106.289s] -- Found rmw_implementation_cmake: 6.1.2 (/opt/ros/humble/share/rmw_implementation_cmake/cmake)
[106.290s] -- Found rmw_fastrtps_cpp: 6.2.9 (/opt/ros/humble/share/rmw_fastrtps_cpp/cmake)
[106.290s] -- Found OpenSSL: /usr/lib/aarch64-linux-gnu/libcrypto.so (found version "3.0.2")  
[106.290s] -- Found FastRTPS: /opt/ros/humble/include  
[106.290s] -- Using RMW implementation 'rmw_fastrtps_cpp' as default
[106.290s] -- Looking for pthread.h
[106.290s] -- Looking for pthread.h - found
[106.290s] -- Performing Test CMAKE_HAVE_LIBC_PTHREAD
[106.290s] -- Performing Test CMAKE_HAVE_LIBC_PTHREAD - Success
[106.290s] -- Found Threads: TRUE  
[106.290s] -- Found Eigen3: TRUE (found version "3.4.0") 
[106.291s] -- Ensuring Eigen3 include directory is part of orocos-kdl CMake target
[106.291s] -- Found costmap_queue: 1.1.20 (/home/jetson/robot_ws/install/costmap_queue/share/costmap_queue/cmake)
[106.291s] -- Found dwb_core: 1.1.20 (/home/jetson/robot_ws/install/dwb_core/share/dwb_core/cmake)
[106.291s] -- Setting build type to Release as none was specified.
[106.291s] -- Found ament_lint_auto: 0.12.14 (/opt/ros/humble/share/ament_lint_auto/cmake)
[106.291s] -- Found gtest sources under '/opt/ros/humble/src/gtest_vendor': C++ tests using 'Google Test' will be built
[106.291s] -- Added test 'cppcheck' to perform static code analysis on C / C++ code
[106.291s] -- Configured cppcheck include dirs: /home/jetson/robot_ws/src/navigation2/nav2_dwb_controller/dwb_critics/include
[106.291s] -- Configured cppcheck exclude dirs and/or files: 
[106.291s] -- Added test 'cpplint' to check C / C++ code against the Google style
[106.292s] -- Configured cpplint exclude dirs and/or files: 
[106.292s] -- Added test 'lint_cmake' to check CMake code style
[106.292s] -- Added test 'uncrustify' to check C / C++ code style
[106.292s] -- Configured uncrustify additional arguments: 
[106.292s] -- Added test 'xmllint' to check XML markup files
[106.292s] -- Configuring done
[106.292s] -- Generating done
[106.292s] -- Build files have been written to: /home/jetson/robot_ws/build/dwb_critics
[106.302s] Invoked command in '/home/jetson/robot_ws/build/dwb_critics' returned '0': AMENT_PREFIX_PATH=/home/jetson/robot_ws/install/dwb_core:/home/jetson/robot_ws/install/nav2_core:/home/jetson/robot_ws/install/costmap_queue:/home/jetson/robot_ws/install/nav2_costmap_2d:/home/jetson/robot_ws/install/nav_2d_utils:/home/jetson/robot_ws/install/nav2_map_server:/home/jetson/robot_ws/install/nav2_lifecycle_manager:/home/jetson/robot_ws/install/nav2_util:/home/jetson/robot_ws/install/nav2_voxel_grid:/home/jetson/robot_ws/install/nav2_msgs:/home/jetson/robot_ws/install/dwb_msgs:/home/jetson/robot_ws/install/nav_2d_msgs:/home/jetson/robot_ws/install/nav2_common:${AMENT_PREFIX_PATH} CMAKE_PREFIX_PATH=/home/jetson/robot_ws/install/dwb_core:/home/jetson/robot_ws/install/nav2_core:/home/jetson/robot_ws/install/costmap_queue:/home/jetson/robot_ws/install/nav2_costmap_2d:/home/jetson/robot_ws/install/nav_2d_utils:/home/jetson/robot_ws/install/nav2_map_server:/home/jetson/robot_ws/install/nav2_lifecycle_manager:/home/jetson/robot_ws/install/nav2_util:/home/jetson/robot_ws/install/nav2_voxel_grid:/home/jetson/robot_ws/install/nav2_msgs:/home/jetson/robot_ws/install/dwb_msgs:/home/jetson/robot_ws/install/nav_2d_msgs:/home/jetson/robot_ws/install/nav2_common:/opt/ros/humble LD_LIBRARY_PATH=/home/jetson/robot_ws/install/dwb_core/lib:/home/jetson/robot_ws/install/costmap_queue/lib:/home/jetson/robot_ws/install/nav2_costmap_2d/lib:/home/jetson/robot_ws/install/nav_2d_utils/lib:/home/jetson/robot_ws/install/nav2_map_server/lib:/home/jetson/robot_ws/install/nav2_lifecycle_manager/lib:/home/jetson/robot_ws/install/nav2_util/lib:/home/jetson/robot_ws/install/nav2_voxel_grid/lib:/home/jetson/robot_ws/install/nav2_msgs/lib:/home/jetson/robot_ws/install/dwb_msgs/lib:/home/jetson/robot_ws/install/nav_2d_msgs/lib:${LD_LIBRARY_PATH} PYTHONPATH=/home/jetson/robot_ws/install/nav2_msgs/local/lib/python3.10/dist-packages:/home/jetson/robot_ws/install/dwb_msgs/local/lib/python3.10/dist-packages:/home/jetson/robot_ws/install/nav_2d_msgs/local/lib/python3.10/dist-packages:/home/jetson/robot_ws/install/nav2_common/local/lib/python3.10/dist-packages:${PYTHONPATH} /usr/bin/cmake /home/jetson/robot_ws/src/navigation2/nav2_dwb_controller/dwb_critics -DCMAKE_INSTALL_PREFIX=/home/jetson/robot_ws/install/dwb_critics
[106.303s] Invoking command in '/home/jetson/robot_ws/build/dwb_critics': AMENT_PREFIX_PATH=/home/jetson/robot_ws/install/dwb_core:/home/jetson/robot_ws/install/nav2_core:/home/jetson/robot_ws/install/costmap_queue:/home/jetson/robot_ws/install/nav2_costmap_2d:/home/jetson/robot_ws/install/nav_2d_utils:/home/jetson/robot_ws/install/nav2_map_server:/home/jetson/robot_ws/install/nav2_lifecycle_manager:/home/jetson/robot_ws/install/nav2_util:/home/jetson/robot_ws/install/nav2_voxel_grid:/home/jetson/robot_ws/install/nav2_msgs:/home/jetson/robot_ws/install/dwb_msgs:/home/jetson/robot_ws/install/nav_2d_msgs:/home/jetson/robot_ws/install/nav2_common:${AMENT_PREFIX_PATH} CMAKE_PREFIX_PATH=/home/jetson/robot_ws/install/dwb_core:/home/jetson/robot_ws/install/nav2_core:/home/jetson/robot_ws/install/costmap_queue:/home/jetson/robot_ws/install/nav2_costmap_2d:/home/jetson/robot_ws/install/nav_2d_utils:/home/jetson/robot_ws/install/nav2_map_server:/home/jetson/robot_ws/install/nav2_lifecycle_manager:/home/jetson/robot_ws/install/nav2_util:/home/jetson/robot_ws/install/nav2_voxel_grid:/home/jetson/robot_ws/install/nav2_msgs:/home/jetson/robot_ws/install/dwb_msgs:/home/jetson/robot_ws/install/nav_2d_msgs:/home/jetson/robot_ws/install/nav2_common:/opt/ros/humble LD_LIBRARY_PATH=/home/jetson/robot_ws/install/dwb_core/lib:/home/jetson/robot_ws/install/costmap_queue/lib:/home/jetson/robot_ws/install/nav2_costmap_2d/lib:/home/jetson/robot_ws/install/nav_2d_utils/lib:/home/jetson/robot_ws/install/nav2_map_server/lib:/home/jetson/robot_ws/install/nav2_lifecycle_manager/lib:/home/jetson/robot_ws/install/nav2_util/lib:/home/jetson/robot_ws/install/nav2_voxel_grid/lib:/home/jetson/robot_ws/install/nav2_msgs/lib:/home/jetson/robot_ws/install/dwb_msgs/lib:/home/jetson/robot_ws/install/nav_2d_msgs/lib:${LD_LIBRARY_PATH} PYTHONPATH=/home/jetson/robot_ws/install/nav2_msgs/local/lib/python3.10/dist-packages:/home/jetson/robot_ws/install/dwb_msgs/local/lib/python3.10/dist-packages:/home/jetson/robot_ws/install/nav_2d_msgs/local/lib/python3.10/dist-packages:/home/jetson/robot_ws/install/nav2_common/local/lib/python3.10/dist-packages:${PYTHONPATH} /usr/bin/cmake --build /home/jetson/robot_ws/build/dwb_critics -- -j6 -l6
[106.432s] [  3%] [32mBuilding CXX object CMakeFiles/dwb_critics.dir/src/alignment_util.cpp.o[0m
[107.978s] [  7%] [32mBuilding CXX object CMakeFiles/dwb_critics.dir/src/path_dist.cpp.o[0m
[120.232s] [ 11%] [32mBuilding CXX object CMakeFiles/dwb_critics.dir/src/goal_align.cpp.o[0m
[122.256s] [ 14%] [32mBuilding CXX object CMakeFiles/dwb_critics.dir/src/path_align.cpp.o[0m
[123.314s] [ 18%] [32mBuilding CXX object CMakeFiles/dwb_critics.dir/src/goal_dist.cpp.o[0m
[124.380s] [ 22%] [32mBuilding CXX object CMakeFiles/dwb_critics.dir/src/map_grid.cpp.o[0m
[141.057s] [ 25%] [32mBuilding CXX object CMakeFiles/dwb_critics.dir/src/oscillation.cpp.o[0m
[153.350s] [ 29%] [32mBuilding CXX object CMakeFiles/dwb_critics.dir/src/prefer_forward.cpp.o[0m
[157.402s] [ 33%] [32mBuilding CXX object CMakeFiles/dwb_critics.dir/src/rotate_to_goal.cpp.o[0m
[159.470s] [ 37%] [32mBuilding CXX object CMakeFiles/dwb_critics.dir/src/obstacle_footprint.cpp.o[0m
[161.549s] [ 40%] [32mBuilding CXX object CMakeFiles/dwb_critics.dir/src/base_obstacle.cpp.o[0m
[177.904s] [ 44%] [32mBuilding CXX object CMakeFiles/dwb_critics.dir/src/twirling.cpp.o[0m
[190.295s] [ 48%] [32m[1mLinking CXX shared library libdwb_critics.so[0m
[190.985s] [ 48%] Built target dwb_critics
[191.028s] [ 51%] [32mBuilding CXX object gtest/CMakeFiles/gtest.dir/src/gtest-all.cc.o[0m
[208.596s] [ 55%] [32m[1mLinking CXX static library libgtest.a[0m
[208.686s] [ 55%] Built target gtest
[208.735s] [ 59%] [32mBuilding CXX object gtest/CMakeFiles/gtest_main.dir/src/gtest_main.cc.o[0m
[211.326s] [ 62%] [32m[1mLinking CXX static library libgtest_main.a[0m
[211.536s] [ 62%] Built target gtest_main
[211.683s] [ 66%] [32mBuilding CXX object test/CMakeFiles/prefer_forward_tests.dir/prefer_forward_test.cpp.o[0m
[211.701s] [ 70%] [32mBuilding CXX object test/CMakeFiles/base_obstacle_tests.dir/base_obstacle_test.cpp.o[0m
[234.996s] [ 74%] [32m[1mLinking CXX executable base_obstacle_tests[0m
[235.983s] [ 74%] Built target base_obstacle_tests
[236.731s] [ 77%] [32m[1mLinking CXX executable prefer_forward_tests[0m
[237.692s] [ 77%] Built target prefer_forward_tests
[237.739s] [ 81%] [32mBuilding CXX object test/CMakeFiles/twirling_tests.dir/twirling_test.cpp.o[0m
[252.852s] [ 85%] [32m[1mLinking CXX executable twirling_tests[0m
[253.496s] [ 85%] Built target twirling_tests
[253.544s] [ 88%] [32mBuilding CXX object test/CMakeFiles/alignment_util_tests.dir/alignment_util_test.cpp.o[0m
[262.667s] [ 92%] [32m[1mLinking CXX executable alignment_util_tests[0m
[263.382s] [ 92%] Built target alignment_util_tests
[263.510s] [ 96%] [32mBuilding CXX object test/CMakeFiles/obstacle_footprint_tests.dir/obstacle_footprint_test.cpp.o[0m
[283.218s] [100%] [32m[1mLinking CXX executable obstacle_footprint_tests[0m
[284.112s] [100%] Built target obstacle_footprint_tests
[284.146s] Invoked command in '/home/jetson/robot_ws/build/dwb_critics' returned '0': AMENT_PREFIX_PATH=/home/jetson/robot_ws/install/dwb_core:/home/jetson/robot_ws/install/nav2_core:/home/jetson/robot_ws/install/costmap_queue:/home/jetson/robot_ws/install/nav2_costmap_2d:/home/jetson/robot_ws/install/nav_2d_utils:/home/jetson/robot_ws/install/nav2_map_server:/home/jetson/robot_ws/install/nav2_lifecycle_manager:/home/jetson/robot_ws/install/nav2_util:/home/jetson/robot_ws/install/nav2_voxel_grid:/home/jetson/robot_ws/install/nav2_msgs:/home/jetson/robot_ws/install/dwb_msgs:/home/jetson/robot_ws/install/nav_2d_msgs:/home/jetson/robot_ws/install/nav2_common:${AMENT_PREFIX_PATH} CMAKE_PREFIX_PATH=/home/jetson/robot_ws/install/dwb_core:/home/jetson/robot_ws/install/nav2_core:/home/jetson/robot_ws/install/costmap_queue:/home/jetson/robot_ws/install/nav2_costmap_2d:/home/jetson/robot_ws/install/nav_2d_utils:/home/jetson/robot_ws/install/nav2_map_server:/home/jetson/robot_ws/install/nav2_lifecycle_manager:/home/jetson/robot_ws/install/nav2_util:/home/jetson/robot_ws/install/nav2_voxel_grid:/home/jetson/robot_ws/install/nav2_msgs:/home/jetson/robot_ws/install/dwb_msgs:/home/jetson/robot_ws/install/nav_2d_msgs:/home/jetson/robot_ws/install/nav2_common:/opt/ros/humble LD_LIBRARY_PATH=/home/jetson/robot_ws/install/dwb_core/lib:/home/jetson/robot_ws/install/costmap_queue/lib:/home/jetson/robot_ws/install/nav2_costmap_2d/lib:/home/jetson/robot_ws/install/nav_2d_utils/lib:/home/jetson/robot_ws/install/nav2_map_server/lib:/home/jetson/robot_ws/install/nav2_lifecycle_manager/lib:/home/jetson/robot_ws/install/nav2_util/lib:/home/jetson/robot_ws/install/nav2_voxel_grid/lib:/home/jetson/robot_ws/install/nav2_msgs/lib:/home/jetson/robot_ws/install/dwb_msgs/lib:/home/jetson/robot_ws/install/nav_2d_msgs/lib:${LD_LIBRARY_PATH} PYTHONPATH=/home/jetson/robot_ws/install/nav2_msgs/local/lib/python3.10/dist-packages:/home/jetson/robot_ws/install/dwb_msgs/local/lib/python3.10/dist-packages:/home/jetson/robot_ws/install/nav_2d_msgs/local/lib/python3.10/dist-packages:/home/jetson/robot_ws/install/nav2_common/local/lib/python3.10/dist-packages:${PYTHONPATH} /usr/bin/cmake --build /home/jetson/robot_ws/build/dwb_critics -- -j6 -l6
[284.156s] Invoking command in '/home/jetson/robot_ws/build/dwb_critics': AMENT_PREFIX_PATH=/home/jetson/robot_ws/install/dwb_core:/home/jetson/robot_ws/install/nav2_core:/home/jetson/robot_ws/install/costmap_queue:/home/jetson/robot_ws/install/nav2_costmap_2d:/home/jetson/robot_ws/install/nav_2d_utils:/home/jetson/robot_ws/install/nav2_map_server:/home/jetson/robot_ws/install/nav2_lifecycle_manager:/home/jetson/robot_ws/install/nav2_util:/home/jetson/robot_ws/install/nav2_voxel_grid:/home/jetson/robot_ws/install/nav2_msgs:/home/jetson/robot_ws/install/dwb_msgs:/home/jetson/robot_ws/install/nav_2d_msgs:/home/jetson/robot_ws/install/nav2_common:${AMENT_PREFIX_PATH} CMAKE_PREFIX_PATH=/home/jetson/robot_ws/install/dwb_core:/home/jetson/robot_ws/install/nav2_core:/home/jetson/robot_ws/install/costmap_queue:/home/jetson/robot_ws/install/nav2_costmap_2d:/home/jetson/robot_ws/install/nav_2d_utils:/home/jetson/robot_ws/install/nav2_map_server:/home/jetson/robot_ws/install/nav2_lifecycle_manager:/home/jetson/robot_ws/install/nav2_util:/home/jetson/robot_ws/install/nav2_voxel_grid:/home/jetson/robot_ws/install/nav2_msgs:/home/jetson/robot_ws/install/dwb_msgs:/home/jetson/robot_ws/install/nav_2d_msgs:/home/jetson/robot_ws/install/nav2_common:/opt/ros/humble LD_LIBRARY_PATH=/home/jetson/robot_ws/install/dwb_core/lib:/home/jetson/robot_ws/install/costmap_queue/lib:/home/jetson/robot_ws/install/nav2_costmap_2d/lib:/home/jetson/robot_ws/install/nav_2d_utils/lib:/home/jetson/robot_ws/install/nav2_map_server/lib:/home/jetson/robot_ws/install/nav2_lifecycle_manager/lib:/home/jetson/robot_ws/install/nav2_util/lib:/home/jetson/robot_ws/install/nav2_voxel_grid/lib:/home/jetson/robot_ws/install/nav2_msgs/lib:/home/jetson/robot_ws/install/dwb_msgs/lib:/home/jetson/robot_ws/install/nav_2d_msgs/lib:${LD_LIBRARY_PATH} PYTHONPATH=/home/jetson/robot_ws/install/nav2_msgs/local/lib/python3.10/dist-packages:/home/jetson/robot_ws/install/dwb_msgs/local/lib/python3.10/dist-packages:/home/jetson/robot_ws/install/nav_2d_msgs/local/lib/python3.10/dist-packages:/home/jetson/robot_ws/install/nav2_common/local/lib/python3.10/dist-packages:${PYTHONPATH} /usr/bin/cmake --install /home/jetson/robot_ws/build/dwb_critics
[284.180s] -- Install configuration: "Release"
[284.181s] -- Installing: /home/jetson/robot_ws/install/dwb_critics/lib/libdwb_critics.so
[284.183s] -- Set runtime path of "/home/jetson/robot_ws/install/dwb_critics/lib/libdwb_critics.so" to ""
[284.184s] -- Installing: /home/jetson/robot_ws/install/dwb_critics/include/
[284.185s] -- Installing: /home/jetson/robot_ws/install/dwb_critics/include//dwb_critics
[284.185s] -- Installing: /home/jetson/robot_ws/install/dwb_critics/include//dwb_critics/line_iterator.hpp
[284.186s] -- Installing: /home/jetson/robot_ws/install/dwb_critics/include//dwb_critics/path_dist.hpp
[284.187s] -- Installing: /home/jetson/robot_ws/install/dwb_critics/include//dwb_critics/prefer_forward.hpp
[284.187s] -- Installing: /home/jetson/robot_ws/install/dwb_critics/include//dwb_critics/obstacle_footprint.hpp
[284.188s] -- Installing: /home/jetson/robot_ws/install/dwb_critics/include//dwb_critics/path_align.hpp
[284.188s] -- Installing: /home/jetson/robot_ws/install/dwb_critics/include//dwb_critics/goal_dist.hpp
[284.189s] -- Installing: /home/jetson/robot_ws/install/dwb_critics/include//dwb_critics/twirling.hpp
[284.189s] -- Installing: /home/jetson/robot_ws/install/dwb_critics/include//dwb_critics/oscillation.hpp
[284.191s] -- Installing: /home/jetson/robot_ws/install/dwb_critics/include//dwb_critics/goal_align.hpp
[284.191s] -- Installing: /home/jetson/robot_ws/install/dwb_critics/include//dwb_critics/alignment_util.hpp
[284.192s] -- Installing: /home/jetson/robot_ws/install/dwb_critics/include//dwb_critics/rotate_to_goal.hpp
[284.192s] -- Installing: /home/jetson/robot_ws/install/dwb_critics/include//dwb_critics/map_grid.hpp
[284.193s] -- Installing: /home/jetson/robot_ws/install/dwb_critics/include//dwb_critics/base_obstacle.hpp
[284.194s] -- Installing: /home/jetson/robot_ws/install/dwb_critics/share/dwb_critics/default_critics.xml
[284.195s] -- Installing: /home/jetson/robot_ws/install/dwb_critics/share/dwb_critics/environment/library_path.sh
[284.196s] -- Installing: /home/jetson/robot_ws/install/dwb_critics/share/dwb_critics/environment/library_path.dsv
[284.197s] -- Up-to-date: /home/jetson/robot_ws/install/dwb_critics/share/dwb_critics/default_critics.xml
[284.197s] -- Installing: /home/jetson/robot_ws/install/dwb_critics/share/ament_index/resource_index/package_run_dependencies/dwb_critics
[284.198s] -- Installing: /home/jetson/robot_ws/install/dwb_critics/share/ament_index/resource_index/parent_prefix_path/dwb_critics
[284.199s] -- Installing: /home/jetson/robot_ws/install/dwb_critics/share/dwb_critics/environment/ament_prefix_path.sh
[284.200s] -- Installing: /home/jetson/robot_ws/install/dwb_critics/share/dwb_critics/environment/ament_prefix_path.dsv
[284.200s] -- Installing: /home/jetson/robot_ws/install/dwb_critics/share/dwb_critics/environment/path.sh
[284.201s] -- Installing: /home/jetson/robot_ws/install/dwb_critics/share/dwb_critics/environment/path.dsv
[284.202s] -- Installing: /home/jetson/robot_ws/install/dwb_critics/share/dwb_critics/local_setup.bash
[284.202s] -- Installing: /home/jetson/robot_ws/install/dwb_critics/share/dwb_critics/local_setup.sh
[284.203s] -- Installing: /home/jetson/robot_ws/install/dwb_critics/share/dwb_critics/local_setup.zsh
[284.204s] -- Installing: /home/jetson/robot_ws/install/dwb_critics/share/dwb_critics/local_setup.dsv
[284.204s] -- Installing: /home/jetson/robot_ws/install/dwb_critics/share/dwb_critics/package.dsv
[284.205s] -- Installing: /home/jetson/robot_ws/install/dwb_critics/share/ament_index/resource_index/packages/dwb_critics
[284.206s] -- Installing: /home/jetson/robot_ws/install/dwb_critics/share/ament_index/resource_index/dwb_core__pluginlib__plugin/dwb_critics
[284.207s] -- Installing: /home/jetson/robot_ws/install/dwb_critics/share/dwb_critics/cmake/ament_cmake_export_include_directories-extras.cmake
[284.208s] -- Installing: /home/jetson/robot_ws/install/dwb_critics/share/dwb_critics/cmake/ament_cmake_export_libraries-extras.cmake
[284.208s] -- Installing: /home/jetson/robot_ws/install/dwb_critics/share/dwb_critics/cmake/ament_cmake_export_dependencies-extras.cmake
[284.209s] -- Installing: /home/jetson/robot_ws/install/dwb_critics/share/dwb_critics/cmake/dwb_criticsConfig.cmake
[284.210s] -- Installing: /home/jetson/robot_ws/install/dwb_critics/share/dwb_critics/cmake/dwb_criticsConfig-version.cmake
[284.210s] -- Installing: /home/jetson/robot_ws/install/dwb_critics/share/dwb_critics/package.xml
[284.221s] Invoked command in '/home/jetson/robot_ws/build/dwb_critics' returned '0': AMENT_PREFIX_PATH=/home/jetson/robot_ws/install/dwb_core:/home/jetson/robot_ws/install/nav2_core:/home/jetson/robot_ws/install/costmap_queue:/home/jetson/robot_ws/install/nav2_costmap_2d:/home/jetson/robot_ws/install/nav_2d_utils:/home/jetson/robot_ws/install/nav2_map_server:/home/jetson/robot_ws/install/nav2_lifecycle_manager:/home/jetson/robot_ws/install/nav2_util:/home/jetson/robot_ws/install/nav2_voxel_grid:/home/jetson/robot_ws/install/nav2_msgs:/home/jetson/robot_ws/install/dwb_msgs:/home/jetson/robot_ws/install/nav_2d_msgs:/home/jetson/robot_ws/install/nav2_common:${AMENT_PREFIX_PATH} CMAKE_PREFIX_PATH=/home/jetson/robot_ws/install/dwb_core:/home/jetson/robot_ws/install/nav2_core:/home/jetson/robot_ws/install/costmap_queue:/home/jetson/robot_ws/install/nav2_costmap_2d:/home/jetson/robot_ws/install/nav_2d_utils:/home/jetson/robot_ws/install/nav2_map_server:/home/jetson/robot_ws/install/nav2_lifecycle_manager:/home/jetson/robot_ws/install/nav2_util:/home/jetson/robot_ws/install/nav2_voxel_grid:/home/jetson/robot_ws/install/nav2_msgs:/home/jetson/robot_ws/install/dwb_msgs:/home/jetson/robot_ws/install/nav_2d_msgs:/home/jetson/robot_ws/install/nav2_common:/opt/ros/humble LD_LIBRARY_PATH=/home/jetson/robot_ws/install/dwb_core/lib:/home/jetson/robot_ws/install/costmap_queue/lib:/home/jetson/robot_ws/install/nav2_costmap_2d/lib:/home/jetson/robot_ws/install/nav_2d_utils/lib:/home/jetson/robot_ws/install/nav2_map_server/lib:/home/jetson/robot_ws/install/nav2_lifecycle_manager/lib:/home/jetson/robot_ws/install/nav2_util/lib:/home/jetson/robot_ws/install/nav2_voxel_grid/lib:/home/jetson/robot_ws/install/nav2_msgs/lib:/home/jetson/robot_ws/install/dwb_msgs/lib:/home/jetson/robot_ws/install/nav_2d_msgs/lib:${LD_LIBRARY_PATH} PYTHONPATH=/home/jetson/robot_ws/install/nav2_msgs/local/lib/python3.10/dist-packages:/home/jetson/robot_ws/install/dwb_msgs/local/lib/python3.10/dist-packages:/home/jetson/robot_ws/install/nav_2d_msgs/local/lib/python3.10/dist-packages:/home/jetson/robot_ws/install/nav2_common/local/lib/python3.10/dist-packages:${PYTHONPATH} /usr/bin/cmake --install /home/jetson/robot_ws/build/dwb_critics
