[0.110s] Invoking command in '/home/jetson/robot_ws/build/nav2_theta_star_planner': AMENT_PREFIX_PATH=/home/jetson/robot_ws/install/nav2_core:/home/jetson/robot_ws/install/nav2_costmap_2d:/home/jetson/robot_ws/install/nav2_map_server:/home/jetson/robot_ws/install/nav2_lifecycle_manager:/home/jetson/robot_ws/install/nav2_util:/home/jetson/robot_ws/install/nav2_voxel_grid:/home/jetson/robot_ws/install/nav2_msgs:/home/jetson/robot_ws/install/nav2_common:${AMENT_PREFIX_PATH} CMAKE_PREFIX_PATH=/home/jetson/robot_ws/install/nav2_core:/home/jetson/robot_ws/install/nav2_costmap_2d:/home/jetson/robot_ws/install/nav2_map_server:/home/jetson/robot_ws/install/nav2_lifecycle_manager:/home/jetson/robot_ws/install/nav2_util:/home/jetson/robot_ws/install/nav2_voxel_grid:/home/jetson/robot_ws/install/nav2_msgs:/home/jetson/robot_ws/install/nav2_common:/opt/ros/humble LD_LIBRARY_PATH=/home/jetson/robot_ws/install/nav2_costmap_2d/lib:/home/jetson/robot_ws/install/nav2_map_server/lib:/home/jetson/robot_ws/install/nav2_lifecycle_manager/lib:/home/jetson/robot_ws/install/nav2_util/lib:/home/jetson/robot_ws/install/nav2_voxel_grid/lib:/home/jetson/robot_ws/install/nav2_msgs/lib:${LD_LIBRARY_PATH} PYTHONPATH=/home/jetson/robot_ws/install/nav2_msgs/local/lib/python3.10/dist-packages:/home/jetson/robot_ws/install/nav2_common/local/lib/python3.10/dist-packages:${PYTHONPATH} /usr/bin/cmake /home/jetson/robot_ws/src/navigation2/nav2_theta_star_planner -DCMAKE_INSTALL_PREFIX=/home/jetson/robot_ws/install/nav2_theta_star_planner
[33.337s] -- The C compiler identification is GNU 11.4.0
[33.337s] -- The CXX compiler identification is GNU 11.4.0
[33.339s] -- Detecting C compiler ABI info
[33.340s] -- Detecting C compiler ABI info - done
[33.340s] -- Check for working C compiler: /usr/bin/cc - skipped
[33.341s] -- Detecting C compile features
[33.341s] -- Detecting C compile features - done
[33.341s] -- Detecting CXX compiler ABI info
[33.341s] -- Detecting CXX compiler ABI info - done
[33.341s] -- Check for working CXX compiler: /usr/bin/c++ - skipped
[33.341s] -- Detecting CXX compile features
[33.341s] -- Detecting CXX compile features - done
[33.341s] -- Found ament_cmake: 1.3.12 (/opt/ros/humble/share/ament_cmake/cmake)
[33.341s] -- Found Python3: /usr/bin/python3 (found version "3.10.12") found components: Interpreter 
[33.342s] -- Found builtin_interfaces: 1.2.2 (/opt/ros/humble/share/builtin_interfaces/cmake)
[33.342s] -- Found rosidl_generator_c: 3.1.7 (/opt/ros/humble/share/rosidl_generator_c/cmake)
[33.342s] -- Found rosidl_adapter: 3.1.7 (/opt/ros/humble/share/rosidl_adapter/cmake)
[33.342s] -- Found rosidl_generator_cpp: 3.1.7 (/opt/ros/humble/share/rosidl_generator_cpp/cmake)
[33.342s] -- Using all available rosidl_typesupport_c: rosidl_typesupport_fastrtps_c;rosidl_typesupport_introspection_c
[33.342s] -- Using all available rosidl_typesupport_cpp: rosidl_typesupport_fastrtps_cpp;rosidl_typesupport_introspection_cpp
[33.342s] -- Found nav2_common: 1.1.20 (/home/jetson/robot_ws/install/nav2_common/share/nav2_common/cmake)
[33.342s] -- Found nav2_core: 1.1.20 (/home/jetson/robot_ws/install/nav2_core/share/nav2_core/cmake)
[33.342s] -- Found rmw_implementation_cmake: 6.1.2 (/opt/ros/humble/share/rmw_implementation_cmake/cmake)
[33.342s] -- Found rmw_fastrtps_cpp: 6.2.9 (/opt/ros/humble/share/rmw_fastrtps_cpp/cmake)
[33.343s] -- Found OpenSSL: /usr/lib/aarch64-linux-gnu/libcrypto.so (found version "3.0.2")  
[33.343s] -- Found FastRTPS: /opt/ros/humble/include  
[33.343s] -- Using RMW implementation 'rmw_fastrtps_cpp' as default
[33.343s] -- Looking for pthread.h
[33.343s] -- Looking for pthread.h - found
[33.343s] -- Performing Test CMAKE_HAVE_LIBC_PTHREAD
[33.343s] -- Performing Test CMAKE_HAVE_LIBC_PTHREAD - Success
[33.343s] -- Found Threads: TRUE  
[33.343s] -- Found Eigen3: TRUE (found version "3.4.0") 
[33.343s] -- Ensuring Eigen3 include directory is part of orocos-kdl CMake target
[33.343s] -- Setting build type to Release as none was specified.
[33.344s] -- Found ament_lint_auto: 0.12.14 (/opt/ros/humble/share/ament_lint_auto/cmake)
[33.344s] -- Found gtest sources under '/opt/ros/humble/src/gtest_vendor': C++ tests using 'Google Test' will be built
[33.344s] -- Added test 'copyright' to check source files copyright and LICENSE
[33.344s] -- Added test 'cppcheck' to perform static code analysis on C / C++ code
[33.344s] -- Configured cppcheck include dirs: /home/jetson/robot_ws/src/navigation2/nav2_theta_star_planner/include
[33.344s] -- Configured cppcheck exclude dirs and/or files: 
[33.344s] -- Added test 'cpplint' to check C / C++ code against the Google style
[33.344s] -- Configured cpplint exclude dirs and/or files: 
[33.344s] -- Added test 'lint_cmake' to check CMake code style
[33.345s] -- Added test 'uncrustify' to check C / C++ code style
[33.345s] -- Configured uncrustify additional arguments: 
[33.345s] -- Added test 'xmllint' to check XML markup files
[33.345s] -- Configuring done
[33.345s] -- Generating done
[33.345s] -- Build files have been written to: /home/jetson/robot_ws/build/nav2_theta_star_planner
[33.357s] Invoked command in '/home/jetson/robot_ws/build/nav2_theta_star_planner' returned '0': AMENT_PREFIX_PATH=/home/jetson/robot_ws/install/nav2_core:/home/jetson/robot_ws/install/nav2_costmap_2d:/home/jetson/robot_ws/install/nav2_map_server:/home/jetson/robot_ws/install/nav2_lifecycle_manager:/home/jetson/robot_ws/install/nav2_util:/home/jetson/robot_ws/install/nav2_voxel_grid:/home/jetson/robot_ws/install/nav2_msgs:/home/jetson/robot_ws/install/nav2_common:${AMENT_PREFIX_PATH} CMAKE_PREFIX_PATH=/home/jetson/robot_ws/install/nav2_core:/home/jetson/robot_ws/install/nav2_costmap_2d:/home/jetson/robot_ws/install/nav2_map_server:/home/jetson/robot_ws/install/nav2_lifecycle_manager:/home/jetson/robot_ws/install/nav2_util:/home/jetson/robot_ws/install/nav2_voxel_grid:/home/jetson/robot_ws/install/nav2_msgs:/home/jetson/robot_ws/install/nav2_common:/opt/ros/humble LD_LIBRARY_PATH=/home/jetson/robot_ws/install/nav2_costmap_2d/lib:/home/jetson/robot_ws/install/nav2_map_server/lib:/home/jetson/robot_ws/install/nav2_lifecycle_manager/lib:/home/jetson/robot_ws/install/nav2_util/lib:/home/jetson/robot_ws/install/nav2_voxel_grid/lib:/home/jetson/robot_ws/install/nav2_msgs/lib:${LD_LIBRARY_PATH} PYTHONPATH=/home/jetson/robot_ws/install/nav2_msgs/local/lib/python3.10/dist-packages:/home/jetson/robot_ws/install/nav2_common/local/lib/python3.10/dist-packages:${PYTHONPATH} /usr/bin/cmake /home/jetson/robot_ws/src/navigation2/nav2_theta_star_planner -DCMAKE_INSTALL_PREFIX=/home/jetson/robot_ws/install/nav2_theta_star_planner
[33.358s] Invoking command in '/home/jetson/robot_ws/build/nav2_theta_star_planner': AMENT_PREFIX_PATH=/home/jetson/robot_ws/install/nav2_core:/home/jetson/robot_ws/install/nav2_costmap_2d:/home/jetson/robot_ws/install/nav2_map_server:/home/jetson/robot_ws/install/nav2_lifecycle_manager:/home/jetson/robot_ws/install/nav2_util:/home/jetson/robot_ws/install/nav2_voxel_grid:/home/jetson/robot_ws/install/nav2_msgs:/home/jetson/robot_ws/install/nav2_common:${AMENT_PREFIX_PATH} CMAKE_PREFIX_PATH=/home/jetson/robot_ws/install/nav2_core:/home/jetson/robot_ws/install/nav2_costmap_2d:/home/jetson/robot_ws/install/nav2_map_server:/home/jetson/robot_ws/install/nav2_lifecycle_manager:/home/jetson/robot_ws/install/nav2_util:/home/jetson/robot_ws/install/nav2_voxel_grid:/home/jetson/robot_ws/install/nav2_msgs:/home/jetson/robot_ws/install/nav2_common:/opt/ros/humble LD_LIBRARY_PATH=/home/jetson/robot_ws/install/nav2_costmap_2d/lib:/home/jetson/robot_ws/install/nav2_map_server/lib:/home/jetson/robot_ws/install/nav2_lifecycle_manager/lib:/home/jetson/robot_ws/install/nav2_util/lib:/home/jetson/robot_ws/install/nav2_voxel_grid/lib:/home/jetson/robot_ws/install/nav2_msgs/lib:${LD_LIBRARY_PATH} PYTHONPATH=/home/jetson/robot_ws/install/nav2_msgs/local/lib/python3.10/dist-packages:/home/jetson/robot_ws/install/nav2_common/local/lib/python3.10/dist-packages:${PYTHONPATH} /usr/bin/cmake --build /home/jetson/robot_ws/build/nav2_theta_star_planner -- -j6 -l6
[33.478s] [ 11%] [32mBuilding CXX object CMakeFiles/nav2_theta_star_planner.dir/src/theta_star.cpp.o[0m
[45.152s] [ 22%] [32mBuilding CXX object CMakeFiles/nav2_theta_star_planner.dir/src/theta_star_planner.cpp.o[0m
[59.854s] [ 33%] [32m[1mLinking CXX shared library libnav2_theta_star_planner.so[0m
[60.959s] [ 33%] Built target nav2_theta_star_planner
[61.109s] [ 44%] [32mBuilding CXX object gtest/CMakeFiles/gtest_main.dir/src/gtest_main.cc.o[0m
[61.133s] [ 55%] [32mBuilding CXX object gtest/CMakeFiles/gtest.dir/src/gtest-all.cc.o[0m
[65.419s] [ 66%] [32m[1mLinking CXX static library libgtest_main.a[0m
[65.665s] [ 66%] Built target gtest_main
[91.231s] [ 77%] [32m[1mLinking CXX static library libgtest.a[0m
[91.452s] [ 77%] Built target gtest
[91.579s] [ 88%] [32mBuilding CXX object CMakeFiles/test_theta_star.dir/test/test_theta_star.cpp.o[0m
[112.923s] [100%] [32m[1mLinking CXX executable test_theta_star[0m
[113.988s] [100%] Built target test_theta_star
[114.023s] Invoked command in '/home/jetson/robot_ws/build/nav2_theta_star_planner' returned '0': AMENT_PREFIX_PATH=/home/jetson/robot_ws/install/nav2_core:/home/jetson/robot_ws/install/nav2_costmap_2d:/home/jetson/robot_ws/install/nav2_map_server:/home/jetson/robot_ws/install/nav2_lifecycle_manager:/home/jetson/robot_ws/install/nav2_util:/home/jetson/robot_ws/install/nav2_voxel_grid:/home/jetson/robot_ws/install/nav2_msgs:/home/jetson/robot_ws/install/nav2_common:${AMENT_PREFIX_PATH} CMAKE_PREFIX_PATH=/home/jetson/robot_ws/install/nav2_core:/home/jetson/robot_ws/install/nav2_costmap_2d:/home/jetson/robot_ws/install/nav2_map_server:/home/jetson/robot_ws/install/nav2_lifecycle_manager:/home/jetson/robot_ws/install/nav2_util:/home/jetson/robot_ws/install/nav2_voxel_grid:/home/jetson/robot_ws/install/nav2_msgs:/home/jetson/robot_ws/install/nav2_common:/opt/ros/humble LD_LIBRARY_PATH=/home/jetson/robot_ws/install/nav2_costmap_2d/lib:/home/jetson/robot_ws/install/nav2_map_server/lib:/home/jetson/robot_ws/install/nav2_lifecycle_manager/lib:/home/jetson/robot_ws/install/nav2_util/lib:/home/jetson/robot_ws/install/nav2_voxel_grid/lib:/home/jetson/robot_ws/install/nav2_msgs/lib:${LD_LIBRARY_PATH} PYTHONPATH=/home/jetson/robot_ws/install/nav2_msgs/local/lib/python3.10/dist-packages:/home/jetson/robot_ws/install/nav2_common/local/lib/python3.10/dist-packages:${PYTHONPATH} /usr/bin/cmake --build /home/jetson/robot_ws/build/nav2_theta_star_planner -- -j6 -l6
[114.024s] Invoking command in '/home/jetson/robot_ws/build/nav2_theta_star_planner': AMENT_PREFIX_PATH=/home/jetson/robot_ws/install/nav2_core:/home/jetson/robot_ws/install/nav2_costmap_2d:/home/jetson/robot_ws/install/nav2_map_server:/home/jetson/robot_ws/install/nav2_lifecycle_manager:/home/jetson/robot_ws/install/nav2_util:/home/jetson/robot_ws/install/nav2_voxel_grid:/home/jetson/robot_ws/install/nav2_msgs:/home/jetson/robot_ws/install/nav2_common:${AMENT_PREFIX_PATH} CMAKE_PREFIX_PATH=/home/jetson/robot_ws/install/nav2_core:/home/jetson/robot_ws/install/nav2_costmap_2d:/home/jetson/robot_ws/install/nav2_map_server:/home/jetson/robot_ws/install/nav2_lifecycle_manager:/home/jetson/robot_ws/install/nav2_util:/home/jetson/robot_ws/install/nav2_voxel_grid:/home/jetson/robot_ws/install/nav2_msgs:/home/jetson/robot_ws/install/nav2_common:/opt/ros/humble LD_LIBRARY_PATH=/home/jetson/robot_ws/install/nav2_costmap_2d/lib:/home/jetson/robot_ws/install/nav2_map_server/lib:/home/jetson/robot_ws/install/nav2_lifecycle_manager/lib:/home/jetson/robot_ws/install/nav2_util/lib:/home/jetson/robot_ws/install/nav2_voxel_grid/lib:/home/jetson/robot_ws/install/nav2_msgs/lib:${LD_LIBRARY_PATH} PYTHONPATH=/home/jetson/robot_ws/install/nav2_msgs/local/lib/python3.10/dist-packages:/home/jetson/robot_ws/install/nav2_common/local/lib/python3.10/dist-packages:${PYTHONPATH} /usr/bin/cmake --install /home/jetson/robot_ws/build/nav2_theta_star_planner
[114.050s] -- Install configuration: "Release"
[114.051s] -- Installing: /home/jetson/robot_ws/install/nav2_theta_star_planner/share/nav2_theta_star_planner/theta_star_planner.xml
[114.053s] -- Installing: /home/jetson/robot_ws/install/nav2_theta_star_planner/lib/libnav2_theta_star_planner.so
[114.054s] -- Set runtime path of "/home/jetson/robot_ws/install/nav2_theta_star_planner/lib/libnav2_theta_star_planner.so" to ""
[114.055s] -- Installing: /home/jetson/robot_ws/install/nav2_theta_star_planner/include/
[114.055s] -- Installing: /home/jetson/robot_ws/install/nav2_theta_star_planner/include//nav2_theta_star_planner
[114.056s] -- Installing: /home/jetson/robot_ws/install/nav2_theta_star_planner/include//nav2_theta_star_planner/theta_star_planner.hpp
[114.056s] -- Installing: /home/jetson/robot_ws/install/nav2_theta_star_planner/include//nav2_theta_star_planner/theta_star.hpp
[114.057s] -- Up-to-date: /home/jetson/robot_ws/install/nav2_theta_star_planner/share/nav2_theta_star_planner/theta_star_planner.xml
[114.058s] -- Installing: /home/jetson/robot_ws/install/nav2_theta_star_planner/share/nav2_theta_star_planner/environment/library_path.sh
[114.058s] -- Installing: /home/jetson/robot_ws/install/nav2_theta_star_planner/share/nav2_theta_star_planner/environment/library_path.dsv
[114.059s] -- Installing: /home/jetson/robot_ws/install/nav2_theta_star_planner/share/ament_index/resource_index/package_run_dependencies/nav2_theta_star_planner
[114.060s] -- Installing: /home/jetson/robot_ws/install/nav2_theta_star_planner/share/ament_index/resource_index/parent_prefix_path/nav2_theta_star_planner
[114.061s] -- Installing: /home/jetson/robot_ws/install/nav2_theta_star_planner/share/nav2_theta_star_planner/environment/ament_prefix_path.sh
[114.062s] -- Installing: /home/jetson/robot_ws/install/nav2_theta_star_planner/share/nav2_theta_star_planner/environment/ament_prefix_path.dsv
[114.062s] -- Installing: /home/jetson/robot_ws/install/nav2_theta_star_planner/share/nav2_theta_star_planner/environment/path.sh
[114.063s] -- Installing: /home/jetson/robot_ws/install/nav2_theta_star_planner/share/nav2_theta_star_planner/environment/path.dsv
[114.064s] -- Installing: /home/jetson/robot_ws/install/nav2_theta_star_planner/share/nav2_theta_star_planner/local_setup.bash
[114.065s] -- Installing: /home/jetson/robot_ws/install/nav2_theta_star_planner/share/nav2_theta_star_planner/local_setup.sh
[114.065s] -- Installing: /home/jetson/robot_ws/install/nav2_theta_star_planner/share/nav2_theta_star_planner/local_setup.zsh
[114.066s] -- Installing: /home/jetson/robot_ws/install/nav2_theta_star_planner/share/nav2_theta_star_planner/local_setup.dsv
[114.067s] -- Installing: /home/jetson/robot_ws/install/nav2_theta_star_planner/share/nav2_theta_star_planner/package.dsv
[114.067s] -- Installing: /home/jetson/robot_ws/install/nav2_theta_star_planner/share/ament_index/resource_index/packages/nav2_theta_star_planner
[114.068s] -- Installing: /home/jetson/robot_ws/install/nav2_theta_star_planner/share/ament_index/resource_index/nav2_core__pluginlib__plugin/nav2_theta_star_planner
[114.069s] -- Installing: /home/jetson/robot_ws/install/nav2_theta_star_planner/share/nav2_theta_star_planner/cmake/ament_cmake_export_include_directories-extras.cmake
[114.070s] -- Installing: /home/jetson/robot_ws/install/nav2_theta_star_planner/share/nav2_theta_star_planner/cmake/ament_cmake_export_libraries-extras.cmake
[114.070s] -- Installing: /home/jetson/robot_ws/install/nav2_theta_star_planner/share/nav2_theta_star_planner/cmake/ament_cmake_export_dependencies-extras.cmake
[114.071s] -- Installing: /home/jetson/robot_ws/install/nav2_theta_star_planner/share/nav2_theta_star_planner/cmake/nav2_theta_star_plannerConfig.cmake
[114.072s] -- Installing: /home/jetson/robot_ws/install/nav2_theta_star_planner/share/nav2_theta_star_planner/cmake/nav2_theta_star_plannerConfig-version.cmake
[114.073s] -- Installing: /home/jetson/robot_ws/install/nav2_theta_star_planner/share/nav2_theta_star_planner/package.xml
[114.081s] Invoked command in '/home/jetson/robot_ws/build/nav2_theta_star_planner' returned '0': AMENT_PREFIX_PATH=/home/jetson/robot_ws/install/nav2_core:/home/jetson/robot_ws/install/nav2_costmap_2d:/home/jetson/robot_ws/install/nav2_map_server:/home/jetson/robot_ws/install/nav2_lifecycle_manager:/home/jetson/robot_ws/install/nav2_util:/home/jetson/robot_ws/install/nav2_voxel_grid:/home/jetson/robot_ws/install/nav2_msgs:/home/jetson/robot_ws/install/nav2_common:${AMENT_PREFIX_PATH} CMAKE_PREFIX_PATH=/home/jetson/robot_ws/install/nav2_core:/home/jetson/robot_ws/install/nav2_costmap_2d:/home/jetson/robot_ws/install/nav2_map_server:/home/jetson/robot_ws/install/nav2_lifecycle_manager:/home/jetson/robot_ws/install/nav2_util:/home/jetson/robot_ws/install/nav2_voxel_grid:/home/jetson/robot_ws/install/nav2_msgs:/home/jetson/robot_ws/install/nav2_common:/opt/ros/humble LD_LIBRARY_PATH=/home/jetson/robot_ws/install/nav2_costmap_2d/lib:/home/jetson/robot_ws/install/nav2_map_server/lib:/home/jetson/robot_ws/install/nav2_lifecycle_manager/lib:/home/jetson/robot_ws/install/nav2_util/lib:/home/jetson/robot_ws/install/nav2_voxel_grid/lib:/home/jetson/robot_ws/install/nav2_msgs/lib:${LD_LIBRARY_PATH} PYTHONPATH=/home/jetson/robot_ws/install/nav2_msgs/local/lib/python3.10/dist-packages:/home/jetson/robot_ws/install/nav2_common/local/lib/python3.10/dist-packages:${PYTHONPATH} /usr/bin/cmake --install /home/jetson/robot_ws/build/nav2_theta_star_planner
