[0.177s] Invoking command in '/home/jetson/robot_ws/build/nav2_waypoint_follower': AMENT_PREFIX_PATH=/home/jetson/robot_ws/install/nav2_core:/home/jetson/robot_ws/install/nav2_costmap_2d:/home/jetson/robot_ws/install/nav2_map_server:/home/jetson/robot_ws/install/nav2_lifecycle_manager:/home/jetson/robot_ws/install/nav2_util:/home/jetson/robot_ws/install/nav2_voxel_grid:/home/jetson/robot_ws/install/nav2_msgs:/home/jetson/robot_ws/install/nav2_common:${AMENT_PREFIX_PATH} CMAKE_PREFIX_PATH=/home/jetson/robot_ws/install/nav2_core:/home/jetson/robot_ws/install/nav2_costmap_2d:/home/jetson/robot_ws/install/nav2_map_server:/home/jetson/robot_ws/install/nav2_lifecycle_manager:/home/jetson/robot_ws/install/nav2_util:/home/jetson/robot_ws/install/nav2_voxel_grid:/home/jetson/robot_ws/install/nav2_msgs:/home/jetson/robot_ws/install/nav2_common:/home/jetson/robot_ws/install/servicerobot_joy:/opt/ros/humble LD_LIBRARY_PATH=/home/jetson/robot_ws/install/nav2_costmap_2d/lib:/home/jetson/robot_ws/install/nav2_map_server/lib:/home/jetson/robot_ws/install/nav2_lifecycle_manager/lib:/home/jetson/robot_ws/install/nav2_util/lib:/home/jetson/robot_ws/install/nav2_voxel_grid/lib:/home/jetson/robot_ws/install/nav2_msgs/lib:${LD_LIBRARY_PATH} PYTHONPATH=/home/jetson/robot_ws/install/nav2_msgs/local/lib/python3.10/dist-packages:/home/jetson/robot_ws/install/nav2_common/local/lib/python3.10/dist-packages:${PYTHONPATH} /usr/bin/cmake /home/jetson/robot_ws/src/navigation2/nav2_waypoint_follower -DCMAKE_INSTALL_PREFIX=/home/jetson/robot_ws/install/nav2_waypoint_follower
[72.658s] -- The C compiler identification is GNU 11.4.0
[72.658s] -- The CXX compiler identification is GNU 11.4.0
[72.658s] -- Detecting C compiler ABI info
[72.658s] -- Detecting C compiler ABI info - done
[72.658s] -- Check for working C compiler: /usr/bin/cc - skipped
[72.658s] -- Detecting C compile features
[72.658s] -- Detecting C compile features - done
[72.658s] -- Detecting CXX compiler ABI info
[72.659s] -- Detecting CXX compiler ABI info - done
[72.659s] -- Check for working CXX compiler: /usr/bin/c++ - skipped
[72.659s] -- Detecting CXX compile features
[72.659s] -- Detecting CXX compile features - done
[72.659s] -- Found OpenCV version 4.8.0
[72.659s] -- Found image_transport: 3.1.12 (/opt/ros/humble/share/image_transport/cmake)
[72.659s] -- Found Python3: /usr/bin/python3 (found version "3.10.12") found components: Interpreter 
[72.659s] -- Found rosidl_generator_c: 3.1.7 (/opt/ros/humble/share/rosidl_generator_c/cmake)
[72.659s] -- Found rosidl_adapter: 3.1.7 (/opt/ros/humble/share/rosidl_adapter/cmake)
[72.659s] -- Found rosidl_generator_cpp: 3.1.7 (/opt/ros/humble/share/rosidl_generator_cpp/cmake)
[72.660s] -- Using all available rosidl_typesupport_c: rosidl_typesupport_fastrtps_c;rosidl_typesupport_introspection_c
[72.660s] -- Using all available rosidl_typesupport_cpp: rosidl_typesupport_fastrtps_cpp;rosidl_typesupport_introspection_cpp
[72.660s] -- Found rmw_implementation_cmake: 6.1.2 (/opt/ros/humble/share/rmw_implementation_cmake/cmake)
[72.660s] -- Found rmw_fastrtps_cpp: 6.2.9 (/opt/ros/humble/share/rmw_fastrtps_cpp/cmake)
[72.660s] -- Found OpenSSL: /usr/lib/aarch64-linux-gnu/libcrypto.so (found version "3.0.2")  
[72.660s] -- Found FastRTPS: /opt/ros/humble/include  
[72.660s] -- Using RMW implementation 'rmw_fastrtps_cpp' as default
[72.660s] -- Looking for pthread.h
[72.660s] -- Looking for pthread.h - found
[72.660s] -- Performing Test CMAKE_HAVE_LIBC_PTHREAD
[72.660s] -- Performing Test CMAKE_HAVE_LIBC_PTHREAD - Success
[72.661s] -- Found Threads: TRUE  
[72.661s] -- Found cv_bridge: 3.2.1 (/opt/ros/humble/share/cv_bridge/cmake)
[72.661s] -- Found nav2_common: 1.1.20 (/home/jetson/robot_ws/install/nav2_common/share/nav2_common/cmake)
[72.661s] -- Found rclcpp_action: 16.0.15 (/opt/ros/humble/share/rclcpp_action/cmake)
[72.661s] -- Found rclcpp_lifecycle: 16.0.15 (/opt/ros/humble/share/rclcpp_lifecycle/cmake)
[72.661s] -- Found rclcpp_components: 16.0.15 (/opt/ros/humble/share/rclcpp_components/cmake)
[72.661s] -- Found nav_msgs: 4.9.0 (/opt/ros/humble/share/nav_msgs/cmake)
[72.661s] -- Found nav2_msgs: 1.1.20 (/home/jetson/robot_ws/install/nav2_msgs/share/nav2_msgs/cmake)
[72.661s] -- Found nav2_util: 1.1.20 (/home/jetson/robot_ws/install/nav2_util/share/nav2_util/cmake)
[72.661s] -- Found eigen3_cmake_module: 0.1.1 (/opt/ros/humble/share/eigen3_cmake_module/cmake)
[72.662s] -- Found Eigen3: TRUE (found version "3.4.0") 
[72.662s] -- Ensuring Eigen3 include directory is part of orocos-kdl CMake target
[72.662s] -- Found nav2_core: 1.1.20 (/home/jetson/robot_ws/install/nav2_core/share/nav2_core/cmake)
[72.662s] -- Setting build type to Release as none was specified.
[72.662s] -- Found ament_lint_auto: 0.12.14 (/opt/ros/humble/share/ament_lint_auto/cmake)
[72.662s] -- Found ament_cmake_gtest: 1.3.12 (/opt/ros/humble/share/ament_cmake_gtest/cmake)
[72.669s] -- Found gtest sources under '/opt/ros/humble/src/gtest_vendor': C++ tests using 'Google Test' will be built
[72.670s] -- Added test 'copyright' to check source files copyright and LICENSE
[72.670s] -- Added test 'cppcheck' to perform static code analysis on C / C++ code
[72.670s] -- Configured cppcheck include dirs: /home/jetson/robot_ws/src/navigation2/nav2_waypoint_follower/include
[72.670s] -- Configured cppcheck exclude dirs and/or files: 
[72.671s] -- Added test 'cpplint' to check C / C++ code against the Google style
[72.671s] -- Configured cpplint exclude dirs and/or files: 
[72.671s] -- Added test 'lint_cmake' to check CMake code style
[72.671s] -- Added test 'uncrustify' to check C / C++ code style
[72.671s] -- Configured uncrustify additional arguments: 
[72.671s] -- Added test 'xmllint' to check XML markup files
[72.671s] -- Configuring done
[72.671s] -- Generating done
[72.671s] -- Build files have been written to: /home/jetson/robot_ws/build/nav2_waypoint_follower
[72.692s] Invoked command in '/home/jetson/robot_ws/build/nav2_waypoint_follower' returned '0': AMENT_PREFIX_PATH=/home/jetson/robot_ws/install/nav2_core:/home/jetson/robot_ws/install/nav2_costmap_2d:/home/jetson/robot_ws/install/nav2_map_server:/home/jetson/robot_ws/install/nav2_lifecycle_manager:/home/jetson/robot_ws/install/nav2_util:/home/jetson/robot_ws/install/nav2_voxel_grid:/home/jetson/robot_ws/install/nav2_msgs:/home/jetson/robot_ws/install/nav2_common:${AMENT_PREFIX_PATH} CMAKE_PREFIX_PATH=/home/jetson/robot_ws/install/nav2_core:/home/jetson/robot_ws/install/nav2_costmap_2d:/home/jetson/robot_ws/install/nav2_map_server:/home/jetson/robot_ws/install/nav2_lifecycle_manager:/home/jetson/robot_ws/install/nav2_util:/home/jetson/robot_ws/install/nav2_voxel_grid:/home/jetson/robot_ws/install/nav2_msgs:/home/jetson/robot_ws/install/nav2_common:/home/jetson/robot_ws/install/servicerobot_joy:/opt/ros/humble LD_LIBRARY_PATH=/home/jetson/robot_ws/install/nav2_costmap_2d/lib:/home/jetson/robot_ws/install/nav2_map_server/lib:/home/jetson/robot_ws/install/nav2_lifecycle_manager/lib:/home/jetson/robot_ws/install/nav2_util/lib:/home/jetson/robot_ws/install/nav2_voxel_grid/lib:/home/jetson/robot_ws/install/nav2_msgs/lib:${LD_LIBRARY_PATH} PYTHONPATH=/home/jetson/robot_ws/install/nav2_msgs/local/lib/python3.10/dist-packages:/home/jetson/robot_ws/install/nav2_common/local/lib/python3.10/dist-packages:${PYTHONPATH} /usr/bin/cmake /home/jetson/robot_ws/src/navigation2/nav2_waypoint_follower -DCMAKE_INSTALL_PREFIX=/home/jetson/robot_ws/install/nav2_waypoint_follower
[72.693s] Invoking command in '/home/jetson/robot_ws/build/nav2_waypoint_follower': AMENT_PREFIX_PATH=/home/jetson/robot_ws/install/nav2_core:/home/jetson/robot_ws/install/nav2_costmap_2d:/home/jetson/robot_ws/install/nav2_map_server:/home/jetson/robot_ws/install/nav2_lifecycle_manager:/home/jetson/robot_ws/install/nav2_util:/home/jetson/robot_ws/install/nav2_voxel_grid:/home/jetson/robot_ws/install/nav2_msgs:/home/jetson/robot_ws/install/nav2_common:${AMENT_PREFIX_PATH} CMAKE_PREFIX_PATH=/home/jetson/robot_ws/install/nav2_core:/home/jetson/robot_ws/install/nav2_costmap_2d:/home/jetson/robot_ws/install/nav2_map_server:/home/jetson/robot_ws/install/nav2_lifecycle_manager:/home/jetson/robot_ws/install/nav2_util:/home/jetson/robot_ws/install/nav2_voxel_grid:/home/jetson/robot_ws/install/nav2_msgs:/home/jetson/robot_ws/install/nav2_common:/home/jetson/robot_ws/install/servicerobot_joy:/opt/ros/humble LD_LIBRARY_PATH=/home/jetson/robot_ws/install/nav2_costmap_2d/lib:/home/jetson/robot_ws/install/nav2_map_server/lib:/home/jetson/robot_ws/install/nav2_lifecycle_manager/lib:/home/jetson/robot_ws/install/nav2_util/lib:/home/jetson/robot_ws/install/nav2_voxel_grid/lib:/home/jetson/robot_ws/install/nav2_msgs/lib:${LD_LIBRARY_PATH} PYTHONPATH=/home/jetson/robot_ws/install/nav2_msgs/local/lib/python3.10/dist-packages:/home/jetson/robot_ws/install/nav2_common/local/lib/python3.10/dist-packages:${PYTHONPATH} /usr/bin/cmake --build /home/jetson/robot_ws/build/nav2_waypoint_follower -- -j6 -l6
[72.875s] [  5%] [32mBuilding CXX object CMakeFiles/waypoint_follower_core.dir/src/waypoint_follower.cpp.o[0m
[111.754s] [ 11%] [32m[1mLinking CXX shared library libwaypoint_follower_core.so[0m
[113.016s] [ 11%] Built target waypoint_follower_core
[113.085s] [ 16%] [32mBuilding CXX object gtest/CMakeFiles/gtest.dir/src/gtest-all.cc.o[0m
[131.738s] [ 22%] [32m[1mLinking CXX static library libgtest.a[0m
[131.847s] [ 22%] Built target gtest
[131.908s] [ 27%] [32mBuilding CXX object CMakeFiles/waypoint_follower.dir/src/main.cpp.o[0m
[143.337s] [ 33%] [32m[1mLinking CXX executable waypoint_follower[0m
[144.053s] [ 33%] Built target waypoint_follower
[144.108s] [ 38%] [32mBuilding CXX object gtest/CMakeFiles/gtest_main.dir/src/gtest_main.cc.o[0m
[146.809s] [ 44%] [32m[1mLinking CXX static library libgtest_main.a[0m
[146.893s] [ 44%] Built target gtest_main
[146.956s] [ 50%] [32mBuilding CXX object CMakeFiles/input_at_waypoint.dir/plugins/input_at_waypoint.cpp.o[0m
[174.456s] [ 55%] [32m[1mLinking CXX shared library libinput_at_waypoint.so[0m
[175.481s] [ 55%] Built target input_at_waypoint
[175.556s] [ 61%] [32mBuilding CXX object test/CMakeFiles/test_dynamic_parameters.dir/test_dynamic_parameters.cpp.o[0m
[189.071s] [ 66%] [32m[1mLinking CXX executable test_dynamic_parameters[0m
[190.476s] [ 66%] Built target test_dynamic_parameters
[190.522s] [ 72%] [32mBuilding CXX object CMakeFiles/photo_at_waypoint.dir/plugins/photo_at_waypoint.cpp.o[0m
[222.924s] [ 77%] [32m[1mLinking CXX shared library libphoto_at_waypoint.so[0m
[223.833s] [ 77%] Built target photo_at_waypoint
[223.882s] [ 83%] [32mBuilding CXX object CMakeFiles/wait_at_waypoint.dir/plugins/wait_at_waypoint.cpp.o[0m
[233.232s] [ 88%] [32m[1mLinking CXX shared library libwait_at_waypoint.so[0m
[233.858s] [ 88%] Built target wait_at_waypoint
[233.923s] [ 94%] [32mBuilding CXX object test/CMakeFiles/test_task_executors.dir/test_task_executors.cpp.o[0m
[258.113s] [100%] [32m[1mLinking CXX executable test_task_executors[0m
[260.169s] [100%] Built target test_task_executors
[260.198s] Invoked command in '/home/jetson/robot_ws/build/nav2_waypoint_follower' returned '0': AMENT_PREFIX_PATH=/home/jetson/robot_ws/install/nav2_core:/home/jetson/robot_ws/install/nav2_costmap_2d:/home/jetson/robot_ws/install/nav2_map_server:/home/jetson/robot_ws/install/nav2_lifecycle_manager:/home/jetson/robot_ws/install/nav2_util:/home/jetson/robot_ws/install/nav2_voxel_grid:/home/jetson/robot_ws/install/nav2_msgs:/home/jetson/robot_ws/install/nav2_common:${AMENT_PREFIX_PATH} CMAKE_PREFIX_PATH=/home/jetson/robot_ws/install/nav2_core:/home/jetson/robot_ws/install/nav2_costmap_2d:/home/jetson/robot_ws/install/nav2_map_server:/home/jetson/robot_ws/install/nav2_lifecycle_manager:/home/jetson/robot_ws/install/nav2_util:/home/jetson/robot_ws/install/nav2_voxel_grid:/home/jetson/robot_ws/install/nav2_msgs:/home/jetson/robot_ws/install/nav2_common:/home/jetson/robot_ws/install/servicerobot_joy:/opt/ros/humble LD_LIBRARY_PATH=/home/jetson/robot_ws/install/nav2_costmap_2d/lib:/home/jetson/robot_ws/install/nav2_map_server/lib:/home/jetson/robot_ws/install/nav2_lifecycle_manager/lib:/home/jetson/robot_ws/install/nav2_util/lib:/home/jetson/robot_ws/install/nav2_voxel_grid/lib:/home/jetson/robot_ws/install/nav2_msgs/lib:${LD_LIBRARY_PATH} PYTHONPATH=/home/jetson/robot_ws/install/nav2_msgs/local/lib/python3.10/dist-packages:/home/jetson/robot_ws/install/nav2_common/local/lib/python3.10/dist-packages:${PYTHONPATH} /usr/bin/cmake --build /home/jetson/robot_ws/build/nav2_waypoint_follower -- -j6 -l6
[260.203s] Invoking command in '/home/jetson/robot_ws/build/nav2_waypoint_follower': AMENT_PREFIX_PATH=/home/jetson/robot_ws/install/nav2_core:/home/jetson/robot_ws/install/nav2_costmap_2d:/home/jetson/robot_ws/install/nav2_map_server:/home/jetson/robot_ws/install/nav2_lifecycle_manager:/home/jetson/robot_ws/install/nav2_util:/home/jetson/robot_ws/install/nav2_voxel_grid:/home/jetson/robot_ws/install/nav2_msgs:/home/jetson/robot_ws/install/nav2_common:${AMENT_PREFIX_PATH} CMAKE_PREFIX_PATH=/home/jetson/robot_ws/install/nav2_core:/home/jetson/robot_ws/install/nav2_costmap_2d:/home/jetson/robot_ws/install/nav2_map_server:/home/jetson/robot_ws/install/nav2_lifecycle_manager:/home/jetson/robot_ws/install/nav2_util:/home/jetson/robot_ws/install/nav2_voxel_grid:/home/jetson/robot_ws/install/nav2_msgs:/home/jetson/robot_ws/install/nav2_common:/home/jetson/robot_ws/install/servicerobot_joy:/opt/ros/humble LD_LIBRARY_PATH=/home/jetson/robot_ws/install/nav2_costmap_2d/lib:/home/jetson/robot_ws/install/nav2_map_server/lib:/home/jetson/robot_ws/install/nav2_lifecycle_manager/lib:/home/jetson/robot_ws/install/nav2_util/lib:/home/jetson/robot_ws/install/nav2_voxel_grid/lib:/home/jetson/robot_ws/install/nav2_msgs/lib:${LD_LIBRARY_PATH} PYTHONPATH=/home/jetson/robot_ws/install/nav2_msgs/local/lib/python3.10/dist-packages:/home/jetson/robot_ws/install/nav2_common/local/lib/python3.10/dist-packages:${PYTHONPATH} /usr/bin/cmake --install /home/jetson/robot_ws/build/nav2_waypoint_follower
[260.221s] -- Install configuration: "Release"
[260.221s] -- Installing: /home/jetson/robot_ws/install/nav2_waypoint_follower/lib/libwaypoint_follower_core.so
[260.226s] -- Set runtime path of "/home/jetson/robot_ws/install/nav2_waypoint_follower/lib/libwaypoint_follower_core.so" to ""
[260.226s] -- Installing: /home/jetson/robot_ws/install/nav2_waypoint_follower/lib/libwait_at_waypoint.so
[260.227s] -- Set runtime path of "/home/jetson/robot_ws/install/nav2_waypoint_follower/lib/libwait_at_waypoint.so" to ""
[260.227s] -- Installing: /home/jetson/robot_ws/install/nav2_waypoint_follower/lib/libphoto_at_waypoint.so
[260.230s] -- Set runtime path of "/home/jetson/robot_ws/install/nav2_waypoint_follower/lib/libphoto_at_waypoint.so" to ""
[260.230s] -- Installing: /home/jetson/robot_ws/install/nav2_waypoint_follower/lib/libinput_at_waypoint.so
[260.233s] -- Set runtime path of "/home/jetson/robot_ws/install/nav2_waypoint_follower/lib/libinput_at_waypoint.so" to ""
[260.233s] -- Installing: /home/jetson/robot_ws/install/nav2_waypoint_follower/lib/nav2_waypoint_follower/waypoint_follower
[260.234s] -- Set runtime path of "/home/jetson/robot_ws/install/nav2_waypoint_follower/lib/nav2_waypoint_follower/waypoint_follower" to ""
[260.234s] -- Installing: /home/jetson/robot_ws/install/nav2_waypoint_follower/include/
[260.234s] -- Installing: /home/jetson/robot_ws/install/nav2_waypoint_follower/include//nav2_waypoint_follower
[260.234s] -- Installing: /home/jetson/robot_ws/install/nav2_waypoint_follower/include//nav2_waypoint_follower/plugins
[260.235s] -- Installing: /home/jetson/robot_ws/install/nav2_waypoint_follower/include//nav2_waypoint_follower/plugins/photo_at_waypoint.hpp
[260.235s] -- Installing: /home/jetson/robot_ws/install/nav2_waypoint_follower/include//nav2_waypoint_follower/plugins/input_at_waypoint.hpp
[260.235s] -- Installing: /home/jetson/robot_ws/install/nav2_waypoint_follower/include//nav2_waypoint_follower/plugins/wait_at_waypoint.hpp
[260.235s] -- Installing: /home/jetson/robot_ws/install/nav2_waypoint_follower/include//nav2_waypoint_follower/waypoint_follower.hpp
[260.236s] -- Installing: /home/jetson/robot_ws/install/nav2_waypoint_follower/share/nav2_waypoint_follower/environment/library_path.sh
[260.236s] -- Installing: /home/jetson/robot_ws/install/nav2_waypoint_follower/share/nav2_waypoint_follower/environment/library_path.dsv
[260.237s] -- Installing: /home/jetson/robot_ws/install/nav2_waypoint_follower/share/nav2_waypoint_follower/plugins.xml
[260.237s] -- Installing: /home/jetson/robot_ws/install/nav2_waypoint_follower/share/ament_index/resource_index/package_run_dependencies/nav2_waypoint_follower
[260.238s] -- Installing: /home/jetson/robot_ws/install/nav2_waypoint_follower/share/ament_index/resource_index/parent_prefix_path/nav2_waypoint_follower
[260.238s] -- Installing: /home/jetson/robot_ws/install/nav2_waypoint_follower/share/nav2_waypoint_follower/environment/ament_prefix_path.sh
[260.238s] -- Installing: /home/jetson/robot_ws/install/nav2_waypoint_follower/share/nav2_waypoint_follower/environment/ament_prefix_path.dsv
[260.238s] -- Installing: /home/jetson/robot_ws/install/nav2_waypoint_follower/share/nav2_waypoint_follower/environment/path.sh
[260.238s] -- Installing: /home/jetson/robot_ws/install/nav2_waypoint_follower/share/nav2_waypoint_follower/environment/path.dsv
[260.239s] -- Installing: /home/jetson/robot_ws/install/nav2_waypoint_follower/share/nav2_waypoint_follower/local_setup.bash
[260.239s] -- Installing: /home/jetson/robot_ws/install/nav2_waypoint_follower/share/nav2_waypoint_follower/local_setup.sh
[260.239s] -- Installing: /home/jetson/robot_ws/install/nav2_waypoint_follower/share/nav2_waypoint_follower/local_setup.zsh
[260.239s] -- Installing: /home/jetson/robot_ws/install/nav2_waypoint_follower/share/nav2_waypoint_follower/local_setup.dsv
[260.240s] -- Installing: /home/jetson/robot_ws/install/nav2_waypoint_follower/share/nav2_waypoint_follower/package.dsv
[260.240s] -- Installing: /home/jetson/robot_ws/install/nav2_waypoint_follower/share/ament_index/resource_index/packages/nav2_waypoint_follower
[260.240s] -- Installing: /home/jetson/robot_ws/install/nav2_waypoint_follower/share/ament_index/resource_index/nav2_waypoint_follower__pluginlib__plugin/nav2_waypoint_follower
[260.241s] -- Installing: /home/jetson/robot_ws/install/nav2_waypoint_follower/share/ament_index/resource_index/rclcpp_components/nav2_waypoint_follower
[260.241s] -- Installing: /home/jetson/robot_ws/install/nav2_waypoint_follower/share/nav2_waypoint_follower/cmake/ament_cmake_export_include_directories-extras.cmake
[260.242s] -- Installing: /home/jetson/robot_ws/install/nav2_waypoint_follower/share/nav2_waypoint_follower/cmake/ament_cmake_export_libraries-extras.cmake
[260.242s] -- Installing: /home/jetson/robot_ws/install/nav2_waypoint_follower/share/nav2_waypoint_follower/cmake/ament_cmake_export_dependencies-extras.cmake
[260.242s] -- Installing: /home/jetson/robot_ws/install/nav2_waypoint_follower/share/nav2_waypoint_follower/cmake/nav2_waypoint_followerConfig.cmake
[260.242s] -- Installing: /home/jetson/robot_ws/install/nav2_waypoint_follower/share/nav2_waypoint_follower/cmake/nav2_waypoint_followerConfig-version.cmake
[260.242s] -- Installing: /home/jetson/robot_ws/install/nav2_waypoint_follower/share/nav2_waypoint_follower/package.xml
[260.251s] Invoked command in '/home/jetson/robot_ws/build/nav2_waypoint_follower' returned '0': AMENT_PREFIX_PATH=/home/jetson/robot_ws/install/nav2_core:/home/jetson/robot_ws/install/nav2_costmap_2d:/home/jetson/robot_ws/install/nav2_map_server:/home/jetson/robot_ws/install/nav2_lifecycle_manager:/home/jetson/robot_ws/install/nav2_util:/home/jetson/robot_ws/install/nav2_voxel_grid:/home/jetson/robot_ws/install/nav2_msgs:/home/jetson/robot_ws/install/nav2_common:${AMENT_PREFIX_PATH} CMAKE_PREFIX_PATH=/home/jetson/robot_ws/install/nav2_core:/home/jetson/robot_ws/install/nav2_costmap_2d:/home/jetson/robot_ws/install/nav2_map_server:/home/jetson/robot_ws/install/nav2_lifecycle_manager:/home/jetson/robot_ws/install/nav2_util:/home/jetson/robot_ws/install/nav2_voxel_grid:/home/jetson/robot_ws/install/nav2_msgs:/home/jetson/robot_ws/install/nav2_common:/home/jetson/robot_ws/install/servicerobot_joy:/opt/ros/humble LD_LIBRARY_PATH=/home/jetson/robot_ws/install/nav2_costmap_2d/lib:/home/jetson/robot_ws/install/nav2_map_server/lib:/home/jetson/robot_ws/install/nav2_lifecycle_manager/lib:/home/jetson/robot_ws/install/nav2_util/lib:/home/jetson/robot_ws/install/nav2_voxel_grid/lib:/home/jetson/robot_ws/install/nav2_msgs/lib:${LD_LIBRARY_PATH} PYTHONPATH=/home/jetson/robot_ws/install/nav2_msgs/local/lib/python3.10/dist-packages:/home/jetson/robot_ws/install/nav2_common/local/lib/python3.10/dist-packages:${PYTHONPATH} /usr/bin/cmake --install /home/jetson/robot_ws/build/nav2_waypoint_follower
