[0.106s] Invoking command in '/home/jetson/robot_ws/build/nav2_navfn_planner': AMENT_PREFIX_PATH=/home/jetson/robot_ws/install/nav2_core:/home/jetson/robot_ws/install/nav2_costmap_2d:/home/jetson/robot_ws/install/nav2_map_server:/home/jetson/robot_ws/install/nav2_lifecycle_manager:/home/jetson/robot_ws/install/nav2_util:/home/jetson/robot_ws/install/nav2_voxel_grid:/home/jetson/robot_ws/install/nav2_msgs:/home/jetson/robot_ws/install/nav2_common:${AMENT_PREFIX_PATH} CMAKE_PREFIX_PATH=/home/jetson/robot_ws/install/nav2_core:/home/jetson/robot_ws/install/nav2_costmap_2d:/home/jetson/robot_ws/install/nav2_map_server:/home/jetson/robot_ws/install/nav2_lifecycle_manager:/home/jetson/robot_ws/install/nav2_util:/home/jetson/robot_ws/install/nav2_voxel_grid:/home/jetson/robot_ws/install/nav2_msgs:/home/jetson/robot_ws/install/nav2_common:/home/jetson/robot_ws/install/servicerobot_joy:/opt/ros/humble LD_LIBRARY_PATH=/home/jetson/robot_ws/install/nav2_costmap_2d/lib:/home/jetson/robot_ws/install/nav2_map_server/lib:/home/jetson/robot_ws/install/nav2_lifecycle_manager/lib:/home/jetson/robot_ws/install/nav2_util/lib:/home/jetson/robot_ws/install/nav2_voxel_grid/lib:/home/jetson/robot_ws/install/nav2_msgs/lib:${LD_LIBRARY_PATH} PYTHONPATH=/home/jetson/robot_ws/install/nav2_msgs/local/lib/python3.10/dist-packages:/home/jetson/robot_ws/install/nav2_common/local/lib/python3.10/dist-packages:${PYTHONPATH} /usr/bin/cmake /home/jetson/robot_ws/src/navigation2/nav2_navfn_planner -DCMAKE_INSTALL_PREFIX=/home/jetson/robot_ws/install/nav2_navfn_planner
[85.326s] -- The C compiler identification is GNU 11.4.0
[85.326s] -- The CXX compiler identification is GNU 11.4.0
[85.326s] -- Detecting C compiler ABI info
[85.326s] -- Detecting C compiler ABI info - done
[85.326s] -- Check for working C compiler: /usr/bin/cc - skipped
[85.326s] -- Detecting C compile features
[85.327s] -- Detecting C compile features - done
[85.327s] -- Detecting CXX compiler ABI info
[85.327s] -- Detecting CXX compiler ABI info - done
[85.327s] -- Check for working CXX compiler: /usr/bin/c++ - skipped
[85.327s] -- Detecting CXX compile features
[85.327s] -- Detecting CXX compile features - done
[85.327s] -- Found ament_cmake: 1.3.12 (/opt/ros/humble/share/ament_cmake/cmake)
[85.327s] -- Found Python3: /usr/bin/python3 (found version "3.10.12") found components: Interpreter 
[85.327s] -- Found nav2_common: 1.1.20 (/home/jetson/robot_ws/install/nav2_common/share/nav2_common/cmake)
[85.327s] -- Found rclcpp: 16.0.15 (/opt/ros/humble/share/rclcpp/cmake)
[85.328s] -- Found rosidl_generator_c: 3.1.7 (/opt/ros/humble/share/rosidl_generator_c/cmake)
[85.328s] -- Found rosidl_adapter: 3.1.7 (/opt/ros/humble/share/rosidl_adapter/cmake)
[85.328s] -- Found rosidl_generator_cpp: 3.1.7 (/opt/ros/humble/share/rosidl_generator_cpp/cmake)
[85.328s] -- Using all available rosidl_typesupport_c: rosidl_typesupport_fastrtps_c;rosidl_typesupport_introspection_c
[85.328s] -- Using all available rosidl_typesupport_cpp: rosidl_typesupport_fastrtps_cpp;rosidl_typesupport_introspection_cpp
[85.328s] -- Found rmw_implementation_cmake: 6.1.2 (/opt/ros/humble/share/rmw_implementation_cmake/cmake)
[85.328s] -- Found rmw_fastrtps_cpp: 6.2.9 (/opt/ros/humble/share/rmw_fastrtps_cpp/cmake)
[85.328s] -- Found OpenSSL: /usr/lib/aarch64-linux-gnu/libcrypto.so (found version "3.0.2")  
[85.328s] -- Found FastRTPS: /opt/ros/humble/include  
[85.328s] -- Using RMW implementation 'rmw_fastrtps_cpp' as default
[85.329s] -- Looking for pthread.h
[85.329s] -- Looking for pthread.h - found
[85.329s] -- Performing Test CMAKE_HAVE_LIBC_PTHREAD
[85.329s] -- Performing Test CMAKE_HAVE_LIBC_PTHREAD - Success
[85.329s] -- Found Threads: TRUE  
[85.329s] -- Found rclcpp_action: 16.0.15 (/opt/ros/humble/share/rclcpp_action/cmake)
[85.329s] -- Found rclcpp_lifecycle: 16.0.15 (/opt/ros/humble/share/rclcpp_lifecycle/cmake)
[85.329s] -- Found visualization_msgs: 4.9.0 (/opt/ros/humble/share/visualization_msgs/cmake)
[85.330s] -- Found nav2_util: 1.1.20 (/home/jetson/robot_ws/install/nav2_util/share/nav2_util/cmake)
[85.330s] -- Found eigen3_cmake_module: 0.1.1 (/opt/ros/humble/share/eigen3_cmake_module/cmake)
[85.330s] -- Found Eigen3: TRUE (found version "3.4.0") 
[85.330s] -- Ensuring Eigen3 include directory is part of orocos-kdl CMake target
[85.330s] -- Found nav2_core: 1.1.20 (/home/jetson/robot_ws/install/nav2_core/share/nav2_core/cmake)
[85.330s] -- Setting build type to Release as none was specified.
[85.330s] -- Found ament_lint_auto: 0.12.14 (/opt/ros/humble/share/ament_lint_auto/cmake)
[85.330s] -- Found ament_cmake_gtest: 1.3.12 (/opt/ros/humble/share/ament_cmake_gtest/cmake)
[85.330s] -- Found gtest sources under '/opt/ros/humble/src/gtest_vendor': C++ tests using 'Google Test' will be built
[85.330s] -- Added test 'copyright' to check source files copyright and LICENSE
[85.335s] -- Added test 'cppcheck' to perform static code analysis on C / C++ code
[85.335s] -- Configured cppcheck include dirs: /home/jetson/robot_ws/src/navigation2/nav2_navfn_planner/include
[85.335s] -- Configured cppcheck exclude dirs and/or files: 
[85.335s] -- Added test 'cpplint' to check C / C++ code against the Google style
[85.335s] -- Configured cpplint exclude dirs and/or files: 
[85.335s] -- Added test 'lint_cmake' to check CMake code style
[85.335s] -- Added test 'uncrustify' to check C / C++ code style
[85.336s] -- Configured uncrustify additional arguments: 
[85.336s] -- Added test 'xmllint' to check XML markup files
[85.336s] -- Configuring done
[85.336s] -- Generating done
[85.336s] -- Build files have been written to: /home/jetson/robot_ws/build/nav2_navfn_planner
[85.343s] Invoked command in '/home/jetson/robot_ws/build/nav2_navfn_planner' returned '0': AMENT_PREFIX_PATH=/home/jetson/robot_ws/install/nav2_core:/home/jetson/robot_ws/install/nav2_costmap_2d:/home/jetson/robot_ws/install/nav2_map_server:/home/jetson/robot_ws/install/nav2_lifecycle_manager:/home/jetson/robot_ws/install/nav2_util:/home/jetson/robot_ws/install/nav2_voxel_grid:/home/jetson/robot_ws/install/nav2_msgs:/home/jetson/robot_ws/install/nav2_common:${AMENT_PREFIX_PATH} CMAKE_PREFIX_PATH=/home/jetson/robot_ws/install/nav2_core:/home/jetson/robot_ws/install/nav2_costmap_2d:/home/jetson/robot_ws/install/nav2_map_server:/home/jetson/robot_ws/install/nav2_lifecycle_manager:/home/jetson/robot_ws/install/nav2_util:/home/jetson/robot_ws/install/nav2_voxel_grid:/home/jetson/robot_ws/install/nav2_msgs:/home/jetson/robot_ws/install/nav2_common:/home/jetson/robot_ws/install/servicerobot_joy:/opt/ros/humble LD_LIBRARY_PATH=/home/jetson/robot_ws/install/nav2_costmap_2d/lib:/home/jetson/robot_ws/install/nav2_map_server/lib:/home/jetson/robot_ws/install/nav2_lifecycle_manager/lib:/home/jetson/robot_ws/install/nav2_util/lib:/home/jetson/robot_ws/install/nav2_voxel_grid/lib:/home/jetson/robot_ws/install/nav2_msgs/lib:${LD_LIBRARY_PATH} PYTHONPATH=/home/jetson/robot_ws/install/nav2_msgs/local/lib/python3.10/dist-packages:/home/jetson/robot_ws/install/nav2_common/local/lib/python3.10/dist-packages:${PYTHONPATH} /usr/bin/cmake /home/jetson/robot_ws/src/navigation2/nav2_navfn_planner -DCMAKE_INSTALL_PREFIX=/home/jetson/robot_ws/install/nav2_navfn_planner
[85.343s] Invoking command in '/home/jetson/robot_ws/build/nav2_navfn_planner': AMENT_PREFIX_PATH=/home/jetson/robot_ws/install/nav2_core:/home/jetson/robot_ws/install/nav2_costmap_2d:/home/jetson/robot_ws/install/nav2_map_server:/home/jetson/robot_ws/install/nav2_lifecycle_manager:/home/jetson/robot_ws/install/nav2_util:/home/jetson/robot_ws/install/nav2_voxel_grid:/home/jetson/robot_ws/install/nav2_msgs:/home/jetson/robot_ws/install/nav2_common:${AMENT_PREFIX_PATH} CMAKE_PREFIX_PATH=/home/jetson/robot_ws/install/nav2_core:/home/jetson/robot_ws/install/nav2_costmap_2d:/home/jetson/robot_ws/install/nav2_map_server:/home/jetson/robot_ws/install/nav2_lifecycle_manager:/home/jetson/robot_ws/install/nav2_util:/home/jetson/robot_ws/install/nav2_voxel_grid:/home/jetson/robot_ws/install/nav2_msgs:/home/jetson/robot_ws/install/nav2_common:/home/jetson/robot_ws/install/servicerobot_joy:/opt/ros/humble LD_LIBRARY_PATH=/home/jetson/robot_ws/install/nav2_costmap_2d/lib:/home/jetson/robot_ws/install/nav2_map_server/lib:/home/jetson/robot_ws/install/nav2_lifecycle_manager/lib:/home/jetson/robot_ws/install/nav2_util/lib:/home/jetson/robot_ws/install/nav2_voxel_grid/lib:/home/jetson/robot_ws/install/nav2_msgs/lib:${LD_LIBRARY_PATH} PYTHONPATH=/home/jetson/robot_ws/install/nav2_msgs/local/lib/python3.10/dist-packages:/home/jetson/robot_ws/install/nav2_common/local/lib/python3.10/dist-packages:${PYTHONPATH} /usr/bin/cmake --build /home/jetson/robot_ws/build/nav2_navfn_planner -- -j6 -l6
[85.478s] [ 11%] [32mBuilding CXX object CMakeFiles/nav2_navfn_planner.dir/src/navfn_planner.cpp.o[0m
[101.582s] [ 22%] [32mBuilding CXX object CMakeFiles/nav2_navfn_planner.dir/src/navfn.cpp.o[0m
[111.263s] [ 33%] [32m[1mLinking CXX shared library libnav2_navfn_planner.so[0m
[112.355s] [ 33%] Built target nav2_navfn_planner
[112.408s] [ 44%] [32mBuilding CXX object gtest/CMakeFiles/gtest.dir/src/gtest-all.cc.o[0m
[131.074s] [ 55%] [32m[1mLinking CXX static library libgtest.a[0m
[131.152s] [ 55%] Built target gtest
[131.238s] [ 66%] [32mBuilding CXX object gtest/CMakeFiles/gtest_main.dir/src/gtest_main.cc.o[0m
[133.845s] [ 77%] [32m[1mLinking CXX static library libgtest_main.a[0m
[133.928s] [ 77%] Built target gtest_main
[133.991s] [ 88%] [32mBuilding CXX object test/CMakeFiles/test_dynamic_parameters.dir/test_dynamic_parameters.cpp.o[0m
[151.691s] [100%] [32m[1mLinking CXX executable test_dynamic_parameters[0m
[153.273s] [100%] Built target test_dynamic_parameters
[153.313s] Invoked command in '/home/jetson/robot_ws/build/nav2_navfn_planner' returned '0': AMENT_PREFIX_PATH=/home/jetson/robot_ws/install/nav2_core:/home/jetson/robot_ws/install/nav2_costmap_2d:/home/jetson/robot_ws/install/nav2_map_server:/home/jetson/robot_ws/install/nav2_lifecycle_manager:/home/jetson/robot_ws/install/nav2_util:/home/jetson/robot_ws/install/nav2_voxel_grid:/home/jetson/robot_ws/install/nav2_msgs:/home/jetson/robot_ws/install/nav2_common:${AMENT_PREFIX_PATH} CMAKE_PREFIX_PATH=/home/jetson/robot_ws/install/nav2_core:/home/jetson/robot_ws/install/nav2_costmap_2d:/home/jetson/robot_ws/install/nav2_map_server:/home/jetson/robot_ws/install/nav2_lifecycle_manager:/home/jetson/robot_ws/install/nav2_util:/home/jetson/robot_ws/install/nav2_voxel_grid:/home/jetson/robot_ws/install/nav2_msgs:/home/jetson/robot_ws/install/nav2_common:/home/jetson/robot_ws/install/servicerobot_joy:/opt/ros/humble LD_LIBRARY_PATH=/home/jetson/robot_ws/install/nav2_costmap_2d/lib:/home/jetson/robot_ws/install/nav2_map_server/lib:/home/jetson/robot_ws/install/nav2_lifecycle_manager/lib:/home/jetson/robot_ws/install/nav2_util/lib:/home/jetson/robot_ws/install/nav2_voxel_grid/lib:/home/jetson/robot_ws/install/nav2_msgs/lib:${LD_LIBRARY_PATH} PYTHONPATH=/home/jetson/robot_ws/install/nav2_msgs/local/lib/python3.10/dist-packages:/home/jetson/robot_ws/install/nav2_common/local/lib/python3.10/dist-packages:${PYTHONPATH} /usr/bin/cmake --build /home/jetson/robot_ws/build/nav2_navfn_planner -- -j6 -l6
[153.314s] Invoking command in '/home/jetson/robot_ws/build/nav2_navfn_planner': AMENT_PREFIX_PATH=/home/jetson/robot_ws/install/nav2_core:/home/jetson/robot_ws/install/nav2_costmap_2d:/home/jetson/robot_ws/install/nav2_map_server:/home/jetson/robot_ws/install/nav2_lifecycle_manager:/home/jetson/robot_ws/install/nav2_util:/home/jetson/robot_ws/install/nav2_voxel_grid:/home/jetson/robot_ws/install/nav2_msgs:/home/jetson/robot_ws/install/nav2_common:${AMENT_PREFIX_PATH} CMAKE_PREFIX_PATH=/home/jetson/robot_ws/install/nav2_core:/home/jetson/robot_ws/install/nav2_costmap_2d:/home/jetson/robot_ws/install/nav2_map_server:/home/jetson/robot_ws/install/nav2_lifecycle_manager:/home/jetson/robot_ws/install/nav2_util:/home/jetson/robot_ws/install/nav2_voxel_grid:/home/jetson/robot_ws/install/nav2_msgs:/home/jetson/robot_ws/install/nav2_common:/home/jetson/robot_ws/install/servicerobot_joy:/opt/ros/humble LD_LIBRARY_PATH=/home/jetson/robot_ws/install/nav2_costmap_2d/lib:/home/jetson/robot_ws/install/nav2_map_server/lib:/home/jetson/robot_ws/install/nav2_lifecycle_manager/lib:/home/jetson/robot_ws/install/nav2_util/lib:/home/jetson/robot_ws/install/nav2_voxel_grid/lib:/home/jetson/robot_ws/install/nav2_msgs/lib:${LD_LIBRARY_PATH} PYTHONPATH=/home/jetson/robot_ws/install/nav2_msgs/local/lib/python3.10/dist-packages:/home/jetson/robot_ws/install/nav2_common/local/lib/python3.10/dist-packages:${PYTHONPATH} /usr/bin/cmake --install /home/jetson/robot_ws/build/nav2_navfn_planner
[153.333s] -- Install configuration: "Release"
[153.333s] -- Installing: /home/jetson/robot_ws/install/nav2_navfn_planner/share/nav2_navfn_planner/global_planner_plugin.xml
[153.335s] -- Installing: /home/jetson/robot_ws/install/nav2_navfn_planner/lib/libnav2_navfn_planner.so
[153.340s] -- Set runtime path of "/home/jetson/robot_ws/install/nav2_navfn_planner/lib/libnav2_navfn_planner.so" to ""
[153.342s] -- Installing: /home/jetson/robot_ws/install/nav2_navfn_planner/include/
[153.343s] -- Installing: /home/jetson/robot_ws/install/nav2_navfn_planner/include//nav2_navfn_planner
[153.344s] -- Installing: /home/jetson/robot_ws/install/nav2_navfn_planner/include//nav2_navfn_planner/navfn_planner.hpp
[153.346s] -- Installing: /home/jetson/robot_ws/install/nav2_navfn_planner/include//nav2_navfn_planner/navfn.hpp
[153.348s] -- Up-to-date: /home/jetson/robot_ws/install/nav2_navfn_planner/share/nav2_navfn_planner/global_planner_plugin.xml
[153.349s] -- Installing: /home/jetson/robot_ws/install/nav2_navfn_planner/share/nav2_navfn_planner/environment/library_path.sh
[153.350s] -- Installing: /home/jetson/robot_ws/install/nav2_navfn_planner/share/nav2_navfn_planner/environment/library_path.dsv
[153.352s] -- Installing: /home/jetson/robot_ws/install/nav2_navfn_planner/share/ament_index/resource_index/package_run_dependencies/nav2_navfn_planner
[153.353s] -- Installing: /home/jetson/robot_ws/install/nav2_navfn_planner/share/ament_index/resource_index/parent_prefix_path/nav2_navfn_planner
[153.354s] -- Installing: /home/jetson/robot_ws/install/nav2_navfn_planner/share/nav2_navfn_planner/environment/ament_prefix_path.sh
[153.355s] -- Installing: /home/jetson/robot_ws/install/nav2_navfn_planner/share/nav2_navfn_planner/environment/ament_prefix_path.dsv
[153.355s] -- Installing: /home/jetson/robot_ws/install/nav2_navfn_planner/share/nav2_navfn_planner/environment/path.sh
[153.356s] -- Installing: /home/jetson/robot_ws/install/nav2_navfn_planner/share/nav2_navfn_planner/environment/path.dsv
[153.357s] -- Installing: /home/jetson/robot_ws/install/nav2_navfn_planner/share/nav2_navfn_planner/local_setup.bash
[153.358s] -- Installing: /home/jetson/robot_ws/install/nav2_navfn_planner/share/nav2_navfn_planner/local_setup.sh
[153.359s] -- Installing: /home/jetson/robot_ws/install/nav2_navfn_planner/share/nav2_navfn_planner/local_setup.zsh
[153.360s] -- Installing: /home/jetson/robot_ws/install/nav2_navfn_planner/share/nav2_navfn_planner/local_setup.dsv
[153.361s] -- Installing: /home/jetson/robot_ws/install/nav2_navfn_planner/share/nav2_navfn_planner/package.dsv
[153.362s] -- Installing: /home/jetson/robot_ws/install/nav2_navfn_planner/share/ament_index/resource_index/packages/nav2_navfn_planner
[153.362s] -- Installing: /home/jetson/robot_ws/install/nav2_navfn_planner/share/ament_index/resource_index/nav2_core__pluginlib__plugin/nav2_navfn_planner
[153.363s] -- Installing: /home/jetson/robot_ws/install/nav2_navfn_planner/share/nav2_navfn_planner/cmake/ament_cmake_export_include_directories-extras.cmake
[153.365s] -- Installing: /home/jetson/robot_ws/install/nav2_navfn_planner/share/nav2_navfn_planner/cmake/ament_cmake_export_libraries-extras.cmake
[153.365s] -- Installing: /home/jetson/robot_ws/install/nav2_navfn_planner/share/nav2_navfn_planner/cmake/ament_cmake_export_dependencies-extras.cmake
[153.366s] -- Installing: /home/jetson/robot_ws/install/nav2_navfn_planner/share/nav2_navfn_planner/cmake/nav2_navfn_plannerConfig.cmake
[153.367s] -- Installing: /home/jetson/robot_ws/install/nav2_navfn_planner/share/nav2_navfn_planner/cmake/nav2_navfn_plannerConfig-version.cmake
[153.367s] -- Installing: /home/jetson/robot_ws/install/nav2_navfn_planner/share/nav2_navfn_planner/package.xml
[153.380s] Invoked command in '/home/jetson/robot_ws/build/nav2_navfn_planner' returned '0': AMENT_PREFIX_PATH=/home/jetson/robot_ws/install/nav2_core:/home/jetson/robot_ws/install/nav2_costmap_2d:/home/jetson/robot_ws/install/nav2_map_server:/home/jetson/robot_ws/install/nav2_lifecycle_manager:/home/jetson/robot_ws/install/nav2_util:/home/jetson/robot_ws/install/nav2_voxel_grid:/home/jetson/robot_ws/install/nav2_msgs:/home/jetson/robot_ws/install/nav2_common:${AMENT_PREFIX_PATH} CMAKE_PREFIX_PATH=/home/jetson/robot_ws/install/nav2_core:/home/jetson/robot_ws/install/nav2_costmap_2d:/home/jetson/robot_ws/install/nav2_map_server:/home/jetson/robot_ws/install/nav2_lifecycle_manager:/home/jetson/robot_ws/install/nav2_util:/home/jetson/robot_ws/install/nav2_voxel_grid:/home/jetson/robot_ws/install/nav2_msgs:/home/jetson/robot_ws/install/nav2_common:/home/jetson/robot_ws/install/servicerobot_joy:/opt/ros/humble LD_LIBRARY_PATH=/home/jetson/robot_ws/install/nav2_costmap_2d/lib:/home/jetson/robot_ws/install/nav2_map_server/lib:/home/jetson/robot_ws/install/nav2_lifecycle_manager/lib:/home/jetson/robot_ws/install/nav2_util/lib:/home/jetson/robot_ws/install/nav2_voxel_grid/lib:/home/jetson/robot_ws/install/nav2_msgs/lib:${LD_LIBRARY_PATH} PYTHONPATH=/home/jetson/robot_ws/install/nav2_msgs/local/lib/python3.10/dist-packages:/home/jetson/robot_ws/install/nav2_common/local/lib/python3.10/dist-packages:${PYTHONPATH} /usr/bin/cmake --install /home/jetson/robot_ws/build/nav2_navfn_planner
