[0.034s] Invoking command in '/home/jetson/robot_ws/build/nav2_util': AMENT_PREFIX_PATH=/home/jetson/robot_ws/install/nav2_msgs:/home/jetson/robot_ws/install/nav2_common:${AMENT_PREFIX_PATH} CMAKE_PREFIX_PATH=/home/jetson/robot_ws/install/nav2_msgs:/home/jetson/robot_ws/install/nav2_common:/home/jetson/robot_ws/install/servicerobot_joy:/opt/ros/humble LD_LIBRARY_PATH=/home/jetson/robot_ws/install/nav2_msgs/lib:${LD_LIBRARY_PATH} PYTHONPATH=/home/jetson/robot_ws/install/nav2_msgs/local/lib/python3.10/dist-packages:/home/jetson/robot_ws/install/nav2_common/local/lib/python3.10/dist-packages:${PYTHONPATH} /usr/bin/cmake /home/jetson/robot_ws/src/navigation2/nav2_util -DCMAKE_INSTALL_PREFIX=/home/jetson/robot_ws/install/nav2_util
[0.155s] -- The C compiler identification is GNU 11.4.0
[0.254s] -- The CXX compiler identification is GNU 11.4.0
[0.268s] -- Detecting C compiler ABI info
[0.397s] -- Detecting C compiler ABI info - done
[0.408s] -- Check for working C compiler: /usr/bin/cc - skipped
[0.408s] -- Detecting C compile features
[0.409s] -- Detecting C compile features - done
[0.414s] -- Detecting CXX compiler ABI info
[0.566s] -- Detecting CXX compiler ABI info - done
[0.582s] -- Check for working CXX compiler: /usr/bin/c++ - skipped
[0.582s] -- Detecting CXX compile features
[0.583s] -- Detecting CXX compile features - done
[0.589s] -- Found ament_cmake: 1.3.12 (/opt/ros/humble/share/ament_cmake/cmake)
[0.900s] -- Found Python3: /usr/bin/python3 (found version "3.10.12") found components: Interpreter 
[1.070s] -- Found nav2_common: 1.1.20 (/home/jetson/robot_ws/install/nav2_common/share/nav2_common/cmake)
[1.071s] -- Found nav2_msgs: 1.1.20 (/home/jetson/robot_ws/install/nav2_msgs/share/nav2_msgs/cmake)
[1.142s] -- Found rosidl_generator_c: 3.1.7 (/opt/ros/humble/share/rosidl_generator_c/cmake)
[1.151s] -- Found rosidl_adapter: 3.1.7 (/opt/ros/humble/share/rosidl_adapter/cmake)
[1.165s] -- Found rosidl_generator_cpp: 3.1.7 (/opt/ros/humble/share/rosidl_generator_cpp/cmake)
[1.188s] -- Using all available rosidl_typesupport_c: rosidl_typesupport_fastrtps_c;rosidl_typesupport_introspection_c
[1.214s] -- Using all available rosidl_typesupport_cpp: rosidl_typesupport_fastrtps_cpp;rosidl_typesupport_introspection_cpp
[1.394s] -- Found tf2_ros: 0.25.16 (/opt/ros/humble/share/tf2_ros/cmake)
[1.517s] -- Found rmw_implementation_cmake: 6.1.2 (/opt/ros/humble/share/rmw_implementation_cmake/cmake)
[1.521s] -- Found rmw_fastrtps_cpp: 6.2.9 (/opt/ros/humble/share/rmw_fastrtps_cpp/cmake)
[1.693s] -- Found OpenSSL: /usr/lib/aarch64-linux-gnu/libcrypto.so (found version "3.0.2")  
[1.746s] -- Found FastRTPS: /opt/ros/humble/include  
[1.821s] -- Using RMW implementation 'rmw_fastrtps_cpp' as default
[1.837s] -- Looking for pthread.h
[1.969s] -- Looking for pthread.h - found
[1.969s] -- Performing Test CMAKE_HAVE_LIBC_PTHREAD
[2.123s] -- Performing Test CMAKE_HAVE_LIBC_PTHREAD - Success
[2.128s] -- Found Threads: TRUE  
[2.316s] -- Found tf2_geometry_msgs: 0.25.16 (/opt/ros/humble/share/tf2_geometry_msgs/cmake)
[2.340s] -- Found eigen3_cmake_module: 0.1.1 (/opt/ros/humble/share/eigen3_cmake_module/cmake)
[2.343s] -- Found Eigen3: TRUE (found version "3.4.0") 
[2.343s] -- Ensuring Eigen3 include directory is part of orocos-kdl CMake target
[2.349s] -- Found lifecycle_msgs: 1.2.2 (/opt/ros/humble/share/lifecycle_msgs/cmake)
[2.365s] -- Found rclcpp_lifecycle: 16.0.15 (/opt/ros/humble/share/rclcpp_lifecycle/cmake)
[2.382s] -- Found bondcpp: 4.1.2 (/opt/ros/humble/share/bondcpp/cmake)
[2.418s] -- Setting build type to Release as none was specified.
[2.448s] -- Found Boost: /usr/lib/aarch64-linux-gnu/cmake/Boost-1.74.0/BoostConfig.cmake (found version "1.74.0") found components: program_options 
[2.452s] -- Found ament_lint_auto: 0.12.14 (/opt/ros/humble/share/ament_lint_auto/cmake)
[2.455s] -- Found ament_cmake_pytest: 1.3.12 (/opt/ros/humble/share/ament_cmake_pytest/cmake)
[2.459s] -- Found launch_testing_ament_cmake: 1.0.11 (/opt/ros/humble/share/launch_testing_ament_cmake/cmake)
[2.462s] -- Found python_cmake_module: 0.10.0 (/opt/ros/humble/share/python_cmake_module/cmake)
[2.510s] -- Found PythonInterp: /usr/bin/python3 (found suitable version "3.10.12", minimum required is "3.6") 
[2.519s] -- Found PythonLibs: /usr/lib/aarch64-linux-gnu/libpython3.10.so (found suitable version "3.10.12", minimum required is "3.5") 
[2.519s] -- Using PYTHON_EXECUTABLE: /usr/bin/python3
[2.520s] -- Using PYTHON_INCLUDE_DIRS: /usr/include/python3.10
[2.520s] -- Using PYTHON_LIBRARIES: /usr/lib/aarch64-linux-gnu/libpython3.10.so
[2.568s] -- Found PythonExtra: .so  
[2.870s] -- Found gtest sources under '/opt/ros/humble/src/gtest_vendor': C++ tests using 'Google Test' will be built
[2.924s] -- Added test 'copyright' to check source files copyright and LICENSE
[2.928s] -- Added test 'cppcheck' to perform static code analysis on C / C++ code
[2.929s] -- Configured cppcheck include dirs: /home/jetson/robot_ws/src/navigation2/nav2_util/include
[2.929s] -- Configured cppcheck exclude dirs and/or files: 
[2.932s] -- Added test 'cpplint' to check C / C++ code against the Google style
[2.932s] -- Configured cpplint exclude dirs and/or files: 
[2.934s] -- Added test 'lint_cmake' to check CMake code style
[2.938s] -- Added test 'uncrustify' to check C / C++ code style
[2.938s] -- Configured uncrustify additional arguments: 
[2.939s] -- Added test 'xmllint' to check XML markup files
[2.944s] -- Configuring done
[3.090s] -- Generating done
[3.149s] -- Build files have been written to: /home/jetson/robot_ws/build/nav2_util
[3.192s] Invoked command in '/home/jetson/robot_ws/build/nav2_util' returned '0': AMENT_PREFIX_PATH=/home/jetson/robot_ws/install/nav2_msgs:/home/jetson/robot_ws/install/nav2_common:${AMENT_PREFIX_PATH} CMAKE_PREFIX_PATH=/home/jetson/robot_ws/install/nav2_msgs:/home/jetson/robot_ws/install/nav2_common:/home/jetson/robot_ws/install/servicerobot_joy:/opt/ros/humble LD_LIBRARY_PATH=/home/jetson/robot_ws/install/nav2_msgs/lib:${LD_LIBRARY_PATH} PYTHONPATH=/home/jetson/robot_ws/install/nav2_msgs/local/lib/python3.10/dist-packages:/home/jetson/robot_ws/install/nav2_common/local/lib/python3.10/dist-packages:${PYTHONPATH} /usr/bin/cmake /home/jetson/robot_ws/src/navigation2/nav2_util -DCMAKE_INSTALL_PREFIX=/home/jetson/robot_ws/install/nav2_util
[3.197s] Invoking command in '/home/jetson/robot_ws/build/nav2_util': AMENT_PREFIX_PATH=/home/jetson/robot_ws/install/nav2_msgs:/home/jetson/robot_ws/install/nav2_common:${AMENT_PREFIX_PATH} CMAKE_PREFIX_PATH=/home/jetson/robot_ws/install/nav2_msgs:/home/jetson/robot_ws/install/nav2_common:/home/jetson/robot_ws/install/servicerobot_joy:/opt/ros/humble LD_LIBRARY_PATH=/home/jetson/robot_ws/install/nav2_msgs/lib:${LD_LIBRARY_PATH} PYTHONPATH=/home/jetson/robot_ws/install/nav2_msgs/local/lib/python3.10/dist-packages:/home/jetson/robot_ws/install/nav2_common/local/lib/python3.10/dist-packages:${PYTHONPATH} /usr/bin/cmake --build /home/jetson/robot_ws/build/nav2_util -- -j6 -l6
[3.297s] [  2%] [32mBuilding CXX object gtest/CMakeFiles/gtest_main.dir/src/gtest_main.cc.o[0m
[3.298s] [  5%] [32mBuilding CXX object src/CMakeFiles/nav2_util_core.dir/lifecycle_service_client.cpp.o[0m
[3.300s] [  7%] [32mBuilding CXX object src/CMakeFiles/nav2_util_core.dir/string_utils.cpp.o[0m
[3.300s] [ 10%] [32mBuilding CXX object src/CMakeFiles/nav2_util_core.dir/node_utils.cpp.o[0m
[3.302s] [ 12%] [32mBuilding CXX object src/CMakeFiles/nav2_util_core.dir/costmap.cpp.o[0m
[3.309s] [ 15%] [32mBuilding CXX object gtest/CMakeFiles/gtest.dir/src/gtest-all.cc.o[0m
[4.180s] [ 17%] [32mBuilding CXX object src/CMakeFiles/nav2_util_core.dir/lifecycle_utils.cpp.o[0m
[5.710s] [ 20%] [32m[1mLinking CXX static library libgtest_main.a[0m
[5.834s] [ 20%] Built target gtest_main
[5.860s] [ 22%] [32mBuilding CXX object src/CMakeFiles/nav2_util_core.dir/lifecycle_node.cpp.o[0m
[12.661s] [ 25%] [32mBuilding CXX object src/CMakeFiles/nav2_util_core.dir/robot_utils.cpp.o[0m
[12.813s] [ 27%] [32mBuilding CXX object src/CMakeFiles/nav2_util_core.dir/node_thread.cpp.o[0m
[13.075s] [ 30%] [32mBuilding CXX object src/CMakeFiles/nav2_util_core.dir/odometry_utils.cpp.o[0m
[23.902s] [ 32%] [32m[1mLinking CXX static library libgtest.a[0m
[23.985s] [ 32%] Built target gtest
[24.024s] [ 35%] [32mBuilding CXX object test/CMakeFiles/test_execution_timer.dir/test_execution_timer.cpp.o[0m
[26.639s] [ 37%] [32m[1mLinking CXX executable test_execution_timer[0m
[26.811s] [ 37%] Built target test_execution_timer
[37.553s] [ 40%] [32m[1mLinking CXX shared library libnav2_util_core.so[0m
[37.940s] [ 40%] Built target nav2_util_core
[37.977s] [ 42%] [32mBuilding CXX object test/CMakeFiles/test_node_utils.dir/test_node_utils.cpp.o[0m
[37.978s] [ 45%] [32mBuilding CXX object src/CMakeFiles/lifecycle_bringup.dir/lifecycle_bringup_commandline.cpp.o[0m
[37.982s] [ 47%] [32mBuilding CXX object test/CMakeFiles/test_service_client.dir/test_service_client.cpp.o[0m
[37.996s] [ 52%] [32mBuilding CXX object test/CMakeFiles/test_actions.dir/test_actions.cpp.o[0m
[37.996s] [ 52%] [32mBuilding CXX object test/CMakeFiles/test_lifecycle_utils.dir/test_lifecycle_utils.cpp.o[0m
[38.001s] [ 55%] [32mBuilding CXX object test/CMakeFiles/test_string_utils.dir/test_string_utils.cpp.o[0m
[41.723s] [ 57%] [32m[1mLinking CXX executable test_string_utils[0m
[42.131s] [ 57%] Built target test_string_utils
[42.175s] [ 60%] [32mBuilding CXX object test/CMakeFiles/test_lifecycle_node.dir/test_lifecycle_node.cpp.o[0m
[46.080s] [ 62%] [32m[1mLinking CXX executable lifecycle_bringup[0m
[46.367s] [ 62%] Built target lifecycle_bringup
[46.585s] [ 65%] [32mBuilding CXX object test/CMakeFiles/test_lifecycle_cli_node.dir/test_lifecycle_cli_node.cpp.o[0m
[51.399s] [ 67%] [32m[1mLinking CXX executable test_lifecycle_utils[0m
[51.770s] [ 70%] [32m[1mLinking CXX executable test_node_utils[0m
[51.792s] [ 70%] Built target test_lifecycle_utils
[51.850s] [ 72%] [32mBuilding CXX object test/CMakeFiles/test_geometry_utils.dir/test_geometry_utils.cpp.o[0m
[52.305s] [ 72%] Built target test_node_utils
[52.366s] [ 75%] [32mBuilding CXX object test/CMakeFiles/test_odometry_utils.dir/test_odometry_utils.cpp.o[0m
[56.136s] [ 77%] [32m[1mLinking CXX executable test_lifecycle_node[0m
[56.823s] [ 77%] Built target test_lifecycle_node
[56.893s] [ 80%] [32mBuilding CXX object test/CMakeFiles/test_robot_utils.dir/test_robot_utils.cpp.o[0m
[58.732s] [ 82%] [32m[1mLinking CXX executable test_lifecycle_cli_node[0m
[59.345s] [ 82%] Built target test_lifecycle_cli_node
[59.417s] [ 85%] [32mBuilding CXX object test/CMakeFiles/test_validation_messages.dir/test_validation_messages.cpp.o[0m
[64.326s] [ 87%] [32m[1mLinking CXX executable test_geometry_utils[0m
[64.691s] [ 87%] Built target test_geometry_utils
[65.688s] [ 90%] [32m[1mLinking CXX executable test_validation_messages[0m
[66.015s] [ 90%] Built target test_validation_messages
[67.116s] [ 92%] [32m[1mLinking CXX executable test_robot_utils[0m
[67.472s] [ 92%] Built target test_robot_utils
[70.804s] [ 95%] [32m[1mLinking CXX executable test_odometry_utils[0m
[71.185s] [ 95%] Built target test_odometry_utils
[75.380s] [ 97%] [32m[1mLinking CXX executable test_service_client[0m
[75.766s] [ 97%] Built target test_service_client
[82.997s] [100%] [32m[1mLinking CXX executable test_actions[0m
[83.475s] [100%] Built target test_actions
[83.504s] Invoked command in '/home/jetson/robot_ws/build/nav2_util' returned '0': AMENT_PREFIX_PATH=/home/jetson/robot_ws/install/nav2_msgs:/home/jetson/robot_ws/install/nav2_common:${AMENT_PREFIX_PATH} CMAKE_PREFIX_PATH=/home/jetson/robot_ws/install/nav2_msgs:/home/jetson/robot_ws/install/nav2_common:/home/jetson/robot_ws/install/servicerobot_joy:/opt/ros/humble LD_LIBRARY_PATH=/home/jetson/robot_ws/install/nav2_msgs/lib:${LD_LIBRARY_PATH} PYTHONPATH=/home/jetson/robot_ws/install/nav2_msgs/local/lib/python3.10/dist-packages:/home/jetson/robot_ws/install/nav2_common/local/lib/python3.10/dist-packages:${PYTHONPATH} /usr/bin/cmake --build /home/jetson/robot_ws/build/nav2_util -- -j6 -l6
[83.510s] Invoking command in '/home/jetson/robot_ws/build/nav2_util': AMENT_PREFIX_PATH=/home/jetson/robot_ws/install/nav2_msgs:/home/jetson/robot_ws/install/nav2_common:${AMENT_PREFIX_PATH} CMAKE_PREFIX_PATH=/home/jetson/robot_ws/install/nav2_msgs:/home/jetson/robot_ws/install/nav2_common:/home/jetson/robot_ws/install/servicerobot_joy:/opt/ros/humble LD_LIBRARY_PATH=/home/jetson/robot_ws/install/nav2_msgs/lib:${LD_LIBRARY_PATH} PYTHONPATH=/home/jetson/robot_ws/install/nav2_msgs/local/lib/python3.10/dist-packages:/home/jetson/robot_ws/install/nav2_common/local/lib/python3.10/dist-packages:${PYTHONPATH} /usr/bin/cmake --install /home/jetson/robot_ws/build/nav2_util
[83.527s] -- Install configuration: "Release"
[83.527s] -- Installing: /home/jetson/robot_ws/install/nav2_util/include/
[83.527s] -- Installing: /home/jetson/robot_ws/install/nav2_util/include//nav2_util
[83.528s] -- Installing: /home/jetson/robot_ws/install/nav2_util/include//nav2_util/clear_entirely_costmap_service_client.hpp
[83.528s] -- Installing: /home/jetson/robot_ws/install/nav2_util/include//nav2_util/robot_utils.hpp
[83.528s] -- Installing: /home/jetson/robot_ws/install/nav2_util/include//nav2_util/line_iterator.hpp
[83.529s] -- Installing: /home/jetson/robot_ws/install/nav2_util/include//nav2_util/simple_action_server.hpp
[83.529s] -- Installing: /home/jetson/robot_ws/install/nav2_util/include//nav2_util/node_thread.hpp
[83.529s] -- Installing: /home/jetson/robot_ws/install/nav2_util/include//nav2_util/execution_timer.hpp
[83.529s] -- Installing: /home/jetson/robot_ws/install/nav2_util/include//nav2_util/service_client.hpp
[83.530s] -- Installing: /home/jetson/robot_ws/install/nav2_util/include//nav2_util/node_utils.hpp
[83.530s] -- Installing: /home/jetson/robot_ws/install/nav2_util/include//nav2_util/validate_messages.hpp
[83.530s] -- Installing: /home/jetson/robot_ws/install/nav2_util/include//nav2_util/costmap.hpp
[83.530s] -- Installing: /home/jetson/robot_ws/install/nav2_util/include//nav2_util/lifecycle_utils.hpp
[83.531s] -- Installing: /home/jetson/robot_ws/install/nav2_util/include//nav2_util/occ_grid_values.hpp
[83.531s] -- Installing: /home/jetson/robot_ws/install/nav2_util/include//nav2_util/lifecycle_service_client.hpp
[83.531s] -- Installing: /home/jetson/robot_ws/install/nav2_util/include//nav2_util/odometry_utils.hpp
[83.532s] -- Installing: /home/jetson/robot_ws/install/nav2_util/include//nav2_util/geometry_utils.hpp
[83.532s] -- Installing: /home/jetson/robot_ws/install/nav2_util/include//nav2_util/lifecycle_node.hpp
[83.532s] -- Installing: /home/jetson/robot_ws/install/nav2_util/include//nav2_util/string_utils.hpp
[83.532s] -- Installing: /home/jetson/robot_ws/install/nav2_util/share/nav2_util/environment/library_path.sh
[83.534s] -- Installing: /home/jetson/robot_ws/install/nav2_util/share/nav2_util/environment/library_path.dsv
[83.534s] -- Installing: /home/jetson/robot_ws/install/nav2_util/share/ament_index/resource_index/package_run_dependencies/nav2_util
[83.534s] -- Installing: /home/jetson/robot_ws/install/nav2_util/share/ament_index/resource_index/parent_prefix_path/nav2_util
[83.535s] -- Installing: /home/jetson/robot_ws/install/nav2_util/share/nav2_util/environment/ament_prefix_path.sh
[83.535s] -- Installing: /home/jetson/robot_ws/install/nav2_util/share/nav2_util/environment/ament_prefix_path.dsv
[83.536s] -- Installing: /home/jetson/robot_ws/install/nav2_util/share/nav2_util/environment/path.sh
[83.536s] -- Installing: /home/jetson/robot_ws/install/nav2_util/share/nav2_util/environment/path.dsv
[83.536s] -- Installing: /home/jetson/robot_ws/install/nav2_util/share/nav2_util/local_setup.bash
[83.537s] -- Installing: /home/jetson/robot_ws/install/nav2_util/share/nav2_util/local_setup.sh
[83.537s] -- Installing: /home/jetson/robot_ws/install/nav2_util/share/nav2_util/local_setup.zsh
[83.537s] -- Installing: /home/jetson/robot_ws/install/nav2_util/share/nav2_util/local_setup.dsv
[83.537s] -- Installing: /home/jetson/robot_ws/install/nav2_util/share/nav2_util/package.dsv
[83.538s] -- Installing: /home/jetson/robot_ws/install/nav2_util/share/ament_index/resource_index/packages/nav2_util
[83.538s] -- Installing: /home/jetson/robot_ws/install/nav2_util/share/nav2_util/cmake/ament_cmake_export_include_directories-extras.cmake
[83.539s] -- Installing: /home/jetson/robot_ws/install/nav2_util/share/nav2_util/cmake/ament_cmake_export_libraries-extras.cmake
[83.539s] -- Installing: /home/jetson/robot_ws/install/nav2_util/share/nav2_util/cmake/ament_cmake_export_dependencies-extras.cmake
[83.540s] -- Installing: /home/jetson/robot_ws/install/nav2_util/share/nav2_util/cmake/nav2_utilConfig.cmake
[83.540s] -- Installing: /home/jetson/robot_ws/install/nav2_util/share/nav2_util/cmake/nav2_utilConfig-version.cmake
[83.540s] -- Installing: /home/jetson/robot_ws/install/nav2_util/share/nav2_util/package.xml
[83.541s] -- Installing: /home/jetson/robot_ws/install/nav2_util/lib/libnav2_util_core.so
[83.545s] -- Set runtime path of "/home/jetson/robot_ws/install/nav2_util/lib/libnav2_util_core.so" to ""
[83.545s] -- Installing: /home/jetson/robot_ws/install/nav2_util/lib/nav2_util/lifecycle_bringup
[83.546s] -- Set runtime path of "/home/jetson/robot_ws/install/nav2_util/lib/nav2_util/lifecycle_bringup" to ""
[83.552s] Invoked command in '/home/jetson/robot_ws/build/nav2_util' returned '0': AMENT_PREFIX_PATH=/home/jetson/robot_ws/install/nav2_msgs:/home/jetson/robot_ws/install/nav2_common:${AMENT_PREFIX_PATH} CMAKE_PREFIX_PATH=/home/jetson/robot_ws/install/nav2_msgs:/home/jetson/robot_ws/install/nav2_common:/home/jetson/robot_ws/install/servicerobot_joy:/opt/ros/humble LD_LIBRARY_PATH=/home/jetson/robot_ws/install/nav2_msgs/lib:${LD_LIBRARY_PATH} PYTHONPATH=/home/jetson/robot_ws/install/nav2_msgs/local/lib/python3.10/dist-packages:/home/jetson/robot_ws/install/nav2_common/local/lib/python3.10/dist-packages:${PYTHONPATH} /usr/bin/cmake --install /home/jetson/robot_ws/build/nav2_util
