[0.105s] Invoking command in '/home/jetson/robot_ws/build/dwb_critics': AMENT_PREFIX_PATH=/home/jetson/robot_ws/install/dwb_core:/home/jetson/robot_ws/install/nav2_core:/home/jetson/robot_ws/install/costmap_queue:/home/jetson/robot_ws/install/nav2_costmap_2d:/home/jetson/robot_ws/install/nav_2d_utils:/home/jetson/robot_ws/install/nav2_map_server:/home/jetson/robot_ws/install/nav2_lifecycle_manager:/home/jetson/robot_ws/install/nav2_util:/home/jetson/robot_ws/install/nav2_voxel_grid:/home/jetson/robot_ws/install/nav2_msgs:/home/jetson/robot_ws/install/dwb_msgs:/home/jetson/robot_ws/install/nav_2d_msgs:/home/jetson/robot_ws/install/nav2_common:${AMENT_PREFIX_PATH} CMAKE_PREFIX_PATH=/home/jetson/robot_ws/install/dwb_core:/home/jetson/robot_ws/install/nav2_core:/home/jetson/robot_ws/install/costmap_queue:/home/jetson/robot_ws/install/nav2_costmap_2d:/home/jetson/robot_ws/install/nav_2d_utils:/home/jetson/robot_ws/install/nav2_map_server:/home/jetson/robot_ws/install/nav2_lifecycle_manager:/home/jetson/robot_ws/install/nav2_util:/home/jetson/robot_ws/install/nav2_voxel_grid:/home/jetson/robot_ws/install/nav2_msgs:/home/jetson/robot_ws/install/dwb_msgs:/home/jetson/robot_ws/install/nav_2d_msgs:/home/jetson/robot_ws/install/nav2_common:/home/jetson/robot_ws/install/servicerobot_joy:/opt/ros/humble LD_LIBRARY_PATH=/home/jetson/robot_ws/install/dwb_core/lib:/home/jetson/robot_ws/install/costmap_queue/lib:/home/jetson/robot_ws/install/nav2_costmap_2d/lib:/home/jetson/robot_ws/install/nav_2d_utils/lib:/home/jetson/robot_ws/install/nav2_map_server/lib:/home/jetson/robot_ws/install/nav2_lifecycle_manager/lib:/home/jetson/robot_ws/install/nav2_util/lib:/home/jetson/robot_ws/install/nav2_voxel_grid/lib:/home/jetson/robot_ws/install/nav2_msgs/lib:/home/jetson/robot_ws/install/dwb_msgs/lib:/home/jetson/robot_ws/install/nav_2d_msgs/lib:${LD_LIBRARY_PATH} PYTHONPATH=/home/jetson/robot_ws/install/nav2_msgs/local/lib/python3.10/dist-packages:/home/jetson/robot_ws/install/dwb_msgs/local/lib/python3.10/dist-packages:/home/jetson/robot_ws/install/nav_2d_msgs/local/lib/python3.10/dist-packages:/home/jetson/robot_ws/install/nav2_common/local/lib/python3.10/dist-packages:${PYTHONPATH} /usr/bin/cmake /home/jetson/robot_ws/src/navigation2/nav2_dwb_controller/dwb_critics -DCMAKE_INSTALL_PREFIX=/home/jetson/robot_ws/install/dwb_critics
[110.671s] -- The C compiler identification is GNU 11.4.0
[110.671s] -- The CXX compiler identification is GNU 11.4.0
[110.672s] -- Detecting C compiler ABI info
[110.672s] -- Detecting C compiler ABI info - done
[110.672s] -- Check for working C compiler: /usr/bin/cc - skipped
[110.672s] -- Detecting C compile features
[110.672s] -- Detecting C compile features - done
[110.672s] -- Detecting CXX compiler ABI info
[110.672s] -- Detecting CXX compiler ABI info - done
[110.672s] -- Check for working CXX compiler: /usr/bin/c++ - skipped
[110.672s] -- Detecting CXX compile features
[110.673s] -- Detecting CXX compile features - done
[110.673s] -- Found ament_cmake: 1.3.12 (/opt/ros/humble/share/ament_cmake/cmake)
[110.673s] -- Found Python3: /usr/bin/python3 (found version "3.10.12") found components: Interpreter 
[110.673s] -- Found nav2_common: 1.1.20 (/home/jetson/robot_ws/install/nav2_common/share/nav2_common/cmake)
[110.673s] -- Found angles: 1.15.0 (/opt/ros/humble/share/angles/cmake)
[110.673s] -- Found nav2_costmap_2d: 1.1.20 (/home/jetson/robot_ws/install/nav2_costmap_2d/share/nav2_costmap_2d/cmake)
[110.673s] -- Found rosidl_generator_c: 3.1.7 (/opt/ros/humble/share/rosidl_generator_c/cmake)
[110.673s] -- Found rosidl_adapter: 3.1.7 (/opt/ros/humble/share/rosidl_adapter/cmake)
[110.673s] -- Found rosidl_generator_cpp: 3.1.7 (/opt/ros/humble/share/rosidl_generator_cpp/cmake)
[110.673s] -- Using all available rosidl_typesupport_c: rosidl_typesupport_fastrtps_c;rosidl_typesupport_introspection_c
[110.673s] -- Using all available rosidl_typesupport_cpp: rosidl_typesupport_fastrtps_cpp;rosidl_typesupport_introspection_cpp
[110.674s] -- Found rmw_implementation_cmake: 6.1.2 (/opt/ros/humble/share/rmw_implementation_cmake/cmake)
[110.674s] -- Found rmw_fastrtps_cpp: 6.2.9 (/opt/ros/humble/share/rmw_fastrtps_cpp/cmake)
[110.674s] -- Found OpenSSL: /usr/lib/aarch64-linux-gnu/libcrypto.so (found version "3.0.2")  
[110.674s] -- Found FastRTPS: /opt/ros/humble/include  
[110.674s] -- Using RMW implementation 'rmw_fastrtps_cpp' as default
[110.674s] -- Looking for pthread.h
[110.674s] -- Looking for pthread.h - found
[110.674s] -- Performing Test CMAKE_HAVE_LIBC_PTHREAD
[110.674s] -- Performing Test CMAKE_HAVE_LIBC_PTHREAD - Success
[110.675s] -- Found Threads: TRUE  
[110.675s] -- Found Eigen3: TRUE (found version "3.4.0") 
[110.675s] -- Ensuring Eigen3 include directory is part of orocos-kdl CMake target
[110.675s] -- Found costmap_queue: 1.1.20 (/home/jetson/robot_ws/install/costmap_queue/share/costmap_queue/cmake)
[110.675s] -- Found dwb_core: 1.1.20 (/home/jetson/robot_ws/install/dwb_core/share/dwb_core/cmake)
[110.675s] -- Setting build type to Release as none was specified.
[110.675s] -- Found ament_lint_auto: 0.12.14 (/opt/ros/humble/share/ament_lint_auto/cmake)
[110.675s] -- Found gtest sources under '/opt/ros/humble/src/gtest_vendor': C++ tests using 'Google Test' will be built
[110.675s] -- Added test 'cppcheck' to perform static code analysis on C / C++ code
[110.675s] -- Configured cppcheck include dirs: /home/jetson/robot_ws/src/navigation2/nav2_dwb_controller/dwb_critics/include
[110.676s] -- Configured cppcheck exclude dirs and/or files: 
[110.676s] -- Added test 'cpplint' to check C / C++ code against the Google style
[110.676s] -- Configured cpplint exclude dirs and/or files: 
[110.676s] -- Added test 'lint_cmake' to check CMake code style
[110.676s] -- Added test 'uncrustify' to check C / C++ code style
[110.676s] -- Configured uncrustify additional arguments: 
[110.676s] -- Added test 'xmllint' to check XML markup files
[110.676s] -- Configuring done
[110.676s] -- Generating done
[110.676s] -- Build files have been written to: /home/jetson/robot_ws/build/dwb_critics
[110.679s] Invoked command in '/home/jetson/robot_ws/build/dwb_critics' returned '0': AMENT_PREFIX_PATH=/home/jetson/robot_ws/install/dwb_core:/home/jetson/robot_ws/install/nav2_core:/home/jetson/robot_ws/install/costmap_queue:/home/jetson/robot_ws/install/nav2_costmap_2d:/home/jetson/robot_ws/install/nav_2d_utils:/home/jetson/robot_ws/install/nav2_map_server:/home/jetson/robot_ws/install/nav2_lifecycle_manager:/home/jetson/robot_ws/install/nav2_util:/home/jetson/robot_ws/install/nav2_voxel_grid:/home/jetson/robot_ws/install/nav2_msgs:/home/jetson/robot_ws/install/dwb_msgs:/home/jetson/robot_ws/install/nav_2d_msgs:/home/jetson/robot_ws/install/nav2_common:${AMENT_PREFIX_PATH} CMAKE_PREFIX_PATH=/home/jetson/robot_ws/install/dwb_core:/home/jetson/robot_ws/install/nav2_core:/home/jetson/robot_ws/install/costmap_queue:/home/jetson/robot_ws/install/nav2_costmap_2d:/home/jetson/robot_ws/install/nav_2d_utils:/home/jetson/robot_ws/install/nav2_map_server:/home/jetson/robot_ws/install/nav2_lifecycle_manager:/home/jetson/robot_ws/install/nav2_util:/home/jetson/robot_ws/install/nav2_voxel_grid:/home/jetson/robot_ws/install/nav2_msgs:/home/jetson/robot_ws/install/dwb_msgs:/home/jetson/robot_ws/install/nav_2d_msgs:/home/jetson/robot_ws/install/nav2_common:/home/jetson/robot_ws/install/servicerobot_joy:/opt/ros/humble LD_LIBRARY_PATH=/home/jetson/robot_ws/install/dwb_core/lib:/home/jetson/robot_ws/install/costmap_queue/lib:/home/jetson/robot_ws/install/nav2_costmap_2d/lib:/home/jetson/robot_ws/install/nav_2d_utils/lib:/home/jetson/robot_ws/install/nav2_map_server/lib:/home/jetson/robot_ws/install/nav2_lifecycle_manager/lib:/home/jetson/robot_ws/install/nav2_util/lib:/home/jetson/robot_ws/install/nav2_voxel_grid/lib:/home/jetson/robot_ws/install/nav2_msgs/lib:/home/jetson/robot_ws/install/dwb_msgs/lib:/home/jetson/robot_ws/install/nav_2d_msgs/lib:${LD_LIBRARY_PATH} PYTHONPATH=/home/jetson/robot_ws/install/nav2_msgs/local/lib/python3.10/dist-packages:/home/jetson/robot_ws/install/dwb_msgs/local/lib/python3.10/dist-packages:/home/jetson/robot_ws/install/nav_2d_msgs/local/lib/python3.10/dist-packages:/home/jetson/robot_ws/install/nav2_common/local/lib/python3.10/dist-packages:${PYTHONPATH} /usr/bin/cmake /home/jetson/robot_ws/src/navigation2/nav2_dwb_controller/dwb_critics -DCMAKE_INSTALL_PREFIX=/home/jetson/robot_ws/install/dwb_critics
[110.692s] Invoking command in '/home/jetson/robot_ws/build/dwb_critics': AMENT_PREFIX_PATH=/home/jetson/robot_ws/install/dwb_core:/home/jetson/robot_ws/install/nav2_core:/home/jetson/robot_ws/install/costmap_queue:/home/jetson/robot_ws/install/nav2_costmap_2d:/home/jetson/robot_ws/install/nav_2d_utils:/home/jetson/robot_ws/install/nav2_map_server:/home/jetson/robot_ws/install/nav2_lifecycle_manager:/home/jetson/robot_ws/install/nav2_util:/home/jetson/robot_ws/install/nav2_voxel_grid:/home/jetson/robot_ws/install/nav2_msgs:/home/jetson/robot_ws/install/dwb_msgs:/home/jetson/robot_ws/install/nav_2d_msgs:/home/jetson/robot_ws/install/nav2_common:${AMENT_PREFIX_PATH} CMAKE_PREFIX_PATH=/home/jetson/robot_ws/install/dwb_core:/home/jetson/robot_ws/install/nav2_core:/home/jetson/robot_ws/install/costmap_queue:/home/jetson/robot_ws/install/nav2_costmap_2d:/home/jetson/robot_ws/install/nav_2d_utils:/home/jetson/robot_ws/install/nav2_map_server:/home/jetson/robot_ws/install/nav2_lifecycle_manager:/home/jetson/robot_ws/install/nav2_util:/home/jetson/robot_ws/install/nav2_voxel_grid:/home/jetson/robot_ws/install/nav2_msgs:/home/jetson/robot_ws/install/dwb_msgs:/home/jetson/robot_ws/install/nav_2d_msgs:/home/jetson/robot_ws/install/nav2_common:/home/jetson/robot_ws/install/servicerobot_joy:/opt/ros/humble LD_LIBRARY_PATH=/home/jetson/robot_ws/install/dwb_core/lib:/home/jetson/robot_ws/install/costmap_queue/lib:/home/jetson/robot_ws/install/nav2_costmap_2d/lib:/home/jetson/robot_ws/install/nav_2d_utils/lib:/home/jetson/robot_ws/install/nav2_map_server/lib:/home/jetson/robot_ws/install/nav2_lifecycle_manager/lib:/home/jetson/robot_ws/install/nav2_util/lib:/home/jetson/robot_ws/install/nav2_voxel_grid/lib:/home/jetson/robot_ws/install/nav2_msgs/lib:/home/jetson/robot_ws/install/dwb_msgs/lib:/home/jetson/robot_ws/install/nav_2d_msgs/lib:${LD_LIBRARY_PATH} PYTHONPATH=/home/jetson/robot_ws/install/nav2_msgs/local/lib/python3.10/dist-packages:/home/jetson/robot_ws/install/dwb_msgs/local/lib/python3.10/dist-packages:/home/jetson/robot_ws/install/nav_2d_msgs/local/lib/python3.10/dist-packages:/home/jetson/robot_ws/install/nav2_common/local/lib/python3.10/dist-packages:${PYTHONPATH} /usr/bin/cmake --build /home/jetson/robot_ws/build/dwb_critics -- -j6 -l6
[110.898s] [  3%] [32mBuilding CXX object CMakeFiles/dwb_critics.dir/src/alignment_util.cpp.o[0m
[112.778s] [  7%] [32mBuilding CXX object CMakeFiles/dwb_critics.dir/src/path_dist.cpp.o[0m
[125.753s] [ 11%] [32mBuilding CXX object CMakeFiles/dwb_critics.dir/src/goal_align.cpp.o[0m
[141.718s] [ 14%] [32mBuilding CXX object CMakeFiles/dwb_critics.dir/src/path_align.cpp.o[0m
[156.017s] [ 18%] [32mBuilding CXX object CMakeFiles/dwb_critics.dir/src/base_obstacle.cpp.o[0m
[169.566s] [ 22%] [32mBuilding CXX object CMakeFiles/dwb_critics.dir/src/obstacle_footprint.cpp.o[0m
[183.241s] [ 25%] [32mBuilding CXX object CMakeFiles/dwb_critics.dir/src/oscillation.cpp.o[0m
[197.336s] [ 29%] [32mBuilding CXX object CMakeFiles/dwb_critics.dir/src/prefer_forward.cpp.o[0m
[212.935s] [ 33%] [32mBuilding CXX object CMakeFiles/dwb_critics.dir/src/rotate_to_goal.cpp.o[0m
[227.579s] [ 37%] [32mBuilding CXX object CMakeFiles/dwb_critics.dir/src/twirling.cpp.o[0m
[241.786s] [ 40%] [32mBuilding CXX object CMakeFiles/dwb_critics.dir/src/goal_dist.cpp.o[0m
[256.209s] [ 44%] [32mBuilding CXX object CMakeFiles/dwb_critics.dir/src/map_grid.cpp.o[0m
[269.413s] [ 48%] [32m[1mLinking CXX shared library libdwb_critics.so[0m
[270.088s] [ 48%] Built target dwb_critics
[270.135s] [ 51%] [32mBuilding CXX object gtest/CMakeFiles/gtest.dir/src/gtest-all.cc.o[0m
[291.007s] [ 55%] [32m[1mLinking CXX static library libgtest.a[0m
[291.094s] [ 55%] Built target gtest
[291.143s] [ 59%] [32mBuilding CXX object gtest/CMakeFiles/gtest_main.dir/src/gtest_main.cc.o[0m
[293.257s] [ 62%] [32m[1mLinking CXX static library libgtest_main.a[0m
[293.341s] [ 62%] Built target gtest_main
[293.404s] [ 66%] [32mBuilding CXX object test/CMakeFiles/prefer_forward_tests.dir/prefer_forward_test.cpp.o[0m
[312.116s] [ 70%] [32m[1mLinking CXX executable prefer_forward_tests[0m
[312.993s] [ 70%] Built target prefer_forward_tests
[313.057s] [ 74%] [32mBuilding CXX object test/CMakeFiles/twirling_tests.dir/twirling_test.cpp.o[0m
[328.565s] [ 77%] [32m[1mLinking CXX executable twirling_tests[0m
[329.394s] [ 77%] Built target twirling_tests
[329.442s] [ 81%] [32mBuilding CXX object test/CMakeFiles/alignment_util_tests.dir/alignment_util_test.cpp.o[0m
[338.907s] [ 85%] [32m[1mLinking CXX executable alignment_util_tests[0m
[339.599s] [ 85%] Built target alignment_util_tests
[339.664s] [ 88%] [32mBuilding CXX object test/CMakeFiles/obstacle_footprint_tests.dir/obstacle_footprint_test.cpp.o[0m
[356.334s] [ 92%] [32m[1mLinking CXX executable obstacle_footprint_tests[0m
[357.013s] [ 92%] Built target obstacle_footprint_tests
[357.059s] [ 96%] [32mBuilding CXX object test/CMakeFiles/base_obstacle_tests.dir/base_obstacle_test.cpp.o[0m
[373.228s] [100%] [32m[1mLinking CXX executable base_obstacle_tests[0m
[373.928s] [100%] Built target base_obstacle_tests
[373.970s] Invoked command in '/home/jetson/robot_ws/build/dwb_critics' returned '0': AMENT_PREFIX_PATH=/home/jetson/robot_ws/install/dwb_core:/home/jetson/robot_ws/install/nav2_core:/home/jetson/robot_ws/install/costmap_queue:/home/jetson/robot_ws/install/nav2_costmap_2d:/home/jetson/robot_ws/install/nav_2d_utils:/home/jetson/robot_ws/install/nav2_map_server:/home/jetson/robot_ws/install/nav2_lifecycle_manager:/home/jetson/robot_ws/install/nav2_util:/home/jetson/robot_ws/install/nav2_voxel_grid:/home/jetson/robot_ws/install/nav2_msgs:/home/jetson/robot_ws/install/dwb_msgs:/home/jetson/robot_ws/install/nav_2d_msgs:/home/jetson/robot_ws/install/nav2_common:${AMENT_PREFIX_PATH} CMAKE_PREFIX_PATH=/home/jetson/robot_ws/install/dwb_core:/home/jetson/robot_ws/install/nav2_core:/home/jetson/robot_ws/install/costmap_queue:/home/jetson/robot_ws/install/nav2_costmap_2d:/home/jetson/robot_ws/install/nav_2d_utils:/home/jetson/robot_ws/install/nav2_map_server:/home/jetson/robot_ws/install/nav2_lifecycle_manager:/home/jetson/robot_ws/install/nav2_util:/home/jetson/robot_ws/install/nav2_voxel_grid:/home/jetson/robot_ws/install/nav2_msgs:/home/jetson/robot_ws/install/dwb_msgs:/home/jetson/robot_ws/install/nav_2d_msgs:/home/jetson/robot_ws/install/nav2_common:/home/jetson/robot_ws/install/servicerobot_joy:/opt/ros/humble LD_LIBRARY_PATH=/home/jetson/robot_ws/install/dwb_core/lib:/home/jetson/robot_ws/install/costmap_queue/lib:/home/jetson/robot_ws/install/nav2_costmap_2d/lib:/home/jetson/robot_ws/install/nav_2d_utils/lib:/home/jetson/robot_ws/install/nav2_map_server/lib:/home/jetson/robot_ws/install/nav2_lifecycle_manager/lib:/home/jetson/robot_ws/install/nav2_util/lib:/home/jetson/robot_ws/install/nav2_voxel_grid/lib:/home/jetson/robot_ws/install/nav2_msgs/lib:/home/jetson/robot_ws/install/dwb_msgs/lib:/home/jetson/robot_ws/install/nav_2d_msgs/lib:${LD_LIBRARY_PATH} PYTHONPATH=/home/jetson/robot_ws/install/nav2_msgs/local/lib/python3.10/dist-packages:/home/jetson/robot_ws/install/dwb_msgs/local/lib/python3.10/dist-packages:/home/jetson/robot_ws/install/nav_2d_msgs/local/lib/python3.10/dist-packages:/home/jetson/robot_ws/install/nav2_common/local/lib/python3.10/dist-packages:${PYTHONPATH} /usr/bin/cmake --build /home/jetson/robot_ws/build/dwb_critics -- -j6 -l6
[373.972s] Invoking command in '/home/jetson/robot_ws/build/dwb_critics': AMENT_PREFIX_PATH=/home/jetson/robot_ws/install/dwb_core:/home/jetson/robot_ws/install/nav2_core:/home/jetson/robot_ws/install/costmap_queue:/home/jetson/robot_ws/install/nav2_costmap_2d:/home/jetson/robot_ws/install/nav_2d_utils:/home/jetson/robot_ws/install/nav2_map_server:/home/jetson/robot_ws/install/nav2_lifecycle_manager:/home/jetson/robot_ws/install/nav2_util:/home/jetson/robot_ws/install/nav2_voxel_grid:/home/jetson/robot_ws/install/nav2_msgs:/home/jetson/robot_ws/install/dwb_msgs:/home/jetson/robot_ws/install/nav_2d_msgs:/home/jetson/robot_ws/install/nav2_common:${AMENT_PREFIX_PATH} CMAKE_PREFIX_PATH=/home/jetson/robot_ws/install/dwb_core:/home/jetson/robot_ws/install/nav2_core:/home/jetson/robot_ws/install/costmap_queue:/home/jetson/robot_ws/install/nav2_costmap_2d:/home/jetson/robot_ws/install/nav_2d_utils:/home/jetson/robot_ws/install/nav2_map_server:/home/jetson/robot_ws/install/nav2_lifecycle_manager:/home/jetson/robot_ws/install/nav2_util:/home/jetson/robot_ws/install/nav2_voxel_grid:/home/jetson/robot_ws/install/nav2_msgs:/home/jetson/robot_ws/install/dwb_msgs:/home/jetson/robot_ws/install/nav_2d_msgs:/home/jetson/robot_ws/install/nav2_common:/home/jetson/robot_ws/install/servicerobot_joy:/opt/ros/humble LD_LIBRARY_PATH=/home/jetson/robot_ws/install/dwb_core/lib:/home/jetson/robot_ws/install/costmap_queue/lib:/home/jetson/robot_ws/install/nav2_costmap_2d/lib:/home/jetson/robot_ws/install/nav_2d_utils/lib:/home/jetson/robot_ws/install/nav2_map_server/lib:/home/jetson/robot_ws/install/nav2_lifecycle_manager/lib:/home/jetson/robot_ws/install/nav2_util/lib:/home/jetson/robot_ws/install/nav2_voxel_grid/lib:/home/jetson/robot_ws/install/nav2_msgs/lib:/home/jetson/robot_ws/install/dwb_msgs/lib:/home/jetson/robot_ws/install/nav_2d_msgs/lib:${LD_LIBRARY_PATH} PYTHONPATH=/home/jetson/robot_ws/install/nav2_msgs/local/lib/python3.10/dist-packages:/home/jetson/robot_ws/install/dwb_msgs/local/lib/python3.10/dist-packages:/home/jetson/robot_ws/install/nav_2d_msgs/local/lib/python3.10/dist-packages:/home/jetson/robot_ws/install/nav2_common/local/lib/python3.10/dist-packages:${PYTHONPATH} /usr/bin/cmake --install /home/jetson/robot_ws/build/dwb_critics
[373.989s] -- Install configuration: "Release"
[373.990s] -- Installing: /home/jetson/robot_ws/install/dwb_critics/lib/libdwb_critics.so
[373.991s] -- Set runtime path of "/home/jetson/robot_ws/install/dwb_critics/lib/libdwb_critics.so" to ""
[373.992s] -- Installing: /home/jetson/robot_ws/install/dwb_critics/include/
[373.992s] -- Installing: /home/jetson/robot_ws/install/dwb_critics/include//dwb_critics
[373.992s] -- Installing: /home/jetson/robot_ws/install/dwb_critics/include//dwb_critics/line_iterator.hpp
[373.992s] -- Installing: /home/jetson/robot_ws/install/dwb_critics/include//dwb_critics/path_dist.hpp
[373.993s] -- Installing: /home/jetson/robot_ws/install/dwb_critics/include//dwb_critics/prefer_forward.hpp
[373.994s] -- Installing: /home/jetson/robot_ws/install/dwb_critics/include//dwb_critics/obstacle_footprint.hpp
[373.994s] -- Installing: /home/jetson/robot_ws/install/dwb_critics/include//dwb_critics/path_align.hpp
[373.994s] -- Installing: /home/jetson/robot_ws/install/dwb_critics/include//dwb_critics/goal_dist.hpp
[373.997s] -- Installing: /home/jetson/robot_ws/install/dwb_critics/include//dwb_critics/twirling.hpp
[373.997s] -- Installing: /home/jetson/robot_ws/install/dwb_critics/include//dwb_critics/oscillation.hpp
[373.998s] -- Installing: /home/jetson/robot_ws/install/dwb_critics/include//dwb_critics/goal_align.hpp
[373.999s] -- Installing: /home/jetson/robot_ws/install/dwb_critics/include//dwb_critics/alignment_util.hpp
[373.999s] -- Installing: /home/jetson/robot_ws/install/dwb_critics/include//dwb_critics/rotate_to_goal.hpp
[374.000s] -- Installing: /home/jetson/robot_ws/install/dwb_critics/include//dwb_critics/map_grid.hpp
[374.000s] -- Installing: /home/jetson/robot_ws/install/dwb_critics/include//dwb_critics/base_obstacle.hpp
[374.001s] -- Installing: /home/jetson/robot_ws/install/dwb_critics/share/dwb_critics/default_critics.xml
[374.003s] -- Installing: /home/jetson/robot_ws/install/dwb_critics/share/dwb_critics/environment/library_path.sh
[374.003s] -- Installing: /home/jetson/robot_ws/install/dwb_critics/share/dwb_critics/environment/library_path.dsv
[374.004s] -- Up-to-date: /home/jetson/robot_ws/install/dwb_critics/share/dwb_critics/default_critics.xml
[374.004s] -- Installing: /home/jetson/robot_ws/install/dwb_critics/share/ament_index/resource_index/package_run_dependencies/dwb_critics
[374.005s] -- Installing: /home/jetson/robot_ws/install/dwb_critics/share/ament_index/resource_index/parent_prefix_path/dwb_critics
[374.005s] -- Installing: /home/jetson/robot_ws/install/dwb_critics/share/dwb_critics/environment/ament_prefix_path.sh
[374.005s] -- Installing: /home/jetson/robot_ws/install/dwb_critics/share/dwb_critics/environment/ament_prefix_path.dsv
[374.006s] -- Installing: /home/jetson/robot_ws/install/dwb_critics/share/dwb_critics/environment/path.sh
[374.006s] -- Installing: /home/jetson/robot_ws/install/dwb_critics/share/dwb_critics/environment/path.dsv
[374.007s] -- Installing: /home/jetson/robot_ws/install/dwb_critics/share/dwb_critics/local_setup.bash
[374.007s] -- Installing: /home/jetson/robot_ws/install/dwb_critics/share/dwb_critics/local_setup.sh
[374.008s] -- Installing: /home/jetson/robot_ws/install/dwb_critics/share/dwb_critics/local_setup.zsh
[374.009s] -- Installing: /home/jetson/robot_ws/install/dwb_critics/share/dwb_critics/local_setup.dsv
[374.009s] -- Installing: /home/jetson/robot_ws/install/dwb_critics/share/dwb_critics/package.dsv
[374.010s] -- Installing: /home/jetson/robot_ws/install/dwb_critics/share/ament_index/resource_index/packages/dwb_critics
[374.011s] -- Installing: /home/jetson/robot_ws/install/dwb_critics/share/ament_index/resource_index/dwb_core__pluginlib__plugin/dwb_critics
[374.011s] -- Installing: /home/jetson/robot_ws/install/dwb_critics/share/dwb_critics/cmake/ament_cmake_export_include_directories-extras.cmake
[374.012s] -- Installing: /home/jetson/robot_ws/install/dwb_critics/share/dwb_critics/cmake/ament_cmake_export_libraries-extras.cmake
[374.012s] -- Installing: /home/jetson/robot_ws/install/dwb_critics/share/dwb_critics/cmake/ament_cmake_export_dependencies-extras.cmake
[374.012s] -- Installing: /home/jetson/robot_ws/install/dwb_critics/share/dwb_critics/cmake/dwb_criticsConfig.cmake
[374.013s] -- Installing: /home/jetson/robot_ws/install/dwb_critics/share/dwb_critics/cmake/dwb_criticsConfig-version.cmake
[374.014s] -- Installing: /home/jetson/robot_ws/install/dwb_critics/share/dwb_critics/package.xml
[374.024s] Invoked command in '/home/jetson/robot_ws/build/dwb_critics' returned '0': AMENT_PREFIX_PATH=/home/jetson/robot_ws/install/dwb_core:/home/jetson/robot_ws/install/nav2_core:/home/jetson/robot_ws/install/costmap_queue:/home/jetson/robot_ws/install/nav2_costmap_2d:/home/jetson/robot_ws/install/nav_2d_utils:/home/jetson/robot_ws/install/nav2_map_server:/home/jetson/robot_ws/install/nav2_lifecycle_manager:/home/jetson/robot_ws/install/nav2_util:/home/jetson/robot_ws/install/nav2_voxel_grid:/home/jetson/robot_ws/install/nav2_msgs:/home/jetson/robot_ws/install/dwb_msgs:/home/jetson/robot_ws/install/nav_2d_msgs:/home/jetson/robot_ws/install/nav2_common:${AMENT_PREFIX_PATH} CMAKE_PREFIX_PATH=/home/jetson/robot_ws/install/dwb_core:/home/jetson/robot_ws/install/nav2_core:/home/jetson/robot_ws/install/costmap_queue:/home/jetson/robot_ws/install/nav2_costmap_2d:/home/jetson/robot_ws/install/nav_2d_utils:/home/jetson/robot_ws/install/nav2_map_server:/home/jetson/robot_ws/install/nav2_lifecycle_manager:/home/jetson/robot_ws/install/nav2_util:/home/jetson/robot_ws/install/nav2_voxel_grid:/home/jetson/robot_ws/install/nav2_msgs:/home/jetson/robot_ws/install/dwb_msgs:/home/jetson/robot_ws/install/nav_2d_msgs:/home/jetson/robot_ws/install/nav2_common:/home/jetson/robot_ws/install/servicerobot_joy:/opt/ros/humble LD_LIBRARY_PATH=/home/jetson/robot_ws/install/dwb_core/lib:/home/jetson/robot_ws/install/costmap_queue/lib:/home/jetson/robot_ws/install/nav2_costmap_2d/lib:/home/jetson/robot_ws/install/nav_2d_utils/lib:/home/jetson/robot_ws/install/nav2_map_server/lib:/home/jetson/robot_ws/install/nav2_lifecycle_manager/lib:/home/jetson/robot_ws/install/nav2_util/lib:/home/jetson/robot_ws/install/nav2_voxel_grid/lib:/home/jetson/robot_ws/install/nav2_msgs/lib:/home/jetson/robot_ws/install/dwb_msgs/lib:/home/jetson/robot_ws/install/nav_2d_msgs/lib:${LD_LIBRARY_PATH} PYTHONPATH=/home/jetson/robot_ws/install/nav2_msgs/local/lib/python3.10/dist-packages:/home/jetson/robot_ws/install/dwb_msgs/local/lib/python3.10/dist-packages:/home/jetson/robot_ws/install/nav_2d_msgs/local/lib/python3.10/dist-packages:/home/jetson/robot_ws/install/nav2_common/local/lib/python3.10/dist-packages:${PYTHONPATH} /usr/bin/cmake --install /home/jetson/robot_ws/build/dwb_critics
