[0.024s] Invoking command in '/home/jetson/robot_ws/build/nav2_voxel_grid': AMENT_PREFIX_PATH=/home/jetson/robot_ws/install/nav2_common:${AMENT_PREFIX_PATH} CMAKE_PREFIX_PATH=/home/jetson/robot_ws/install/nav2_common:/home/jetson/robot_ws/install/servicerobot_joy:/opt/ros/humble PYTHONPATH=/home/jetson/robot_ws/install/nav2_common/local/lib/python3.10/dist-packages:${PYTHONPATH} /usr/bin/cmake /home/jetson/robot_ws/src/navigation2/nav2_voxel_grid -DCMAKE_INSTALL_PREFIX=/home/jetson/robot_ws/install/nav2_voxel_grid
[0.202s] -- The C compiler identification is GNU 11.4.0
[0.310s] -- The CXX compiler identification is GNU 11.4.0
[0.331s] -- Detecting C compiler ABI info
[0.558s] -- Detecting C compiler ABI info - done
[0.570s] -- Check for working C compiler: /usr/bin/cc - skipped
[0.570s] -- Detecting C compile features
[0.570s] -- Detecting C compile features - done
[0.576s] -- Detecting CXX compiler ABI info
[1.011s] -- Detecting CXX compiler ABI info - done
[1.023s] -- Check for working CXX compiler: /usr/bin/c++ - skipped
[1.030s] -- Detecting CXX compile features
[1.030s] -- Detecting CXX compile features - done
[1.041s] -- Found ament_cmake: 1.3.12 (/opt/ros/humble/share/ament_cmake/cmake)
[1.752s] -- Found Python3: /usr/bin/python3 (found version "3.10.12") found components: Interpreter 
[2.228s] -- Found nav2_common: 1.1.20 (/home/jetson/robot_ws/install/nav2_common/share/nav2_common/cmake)
[2.233s] -- Found rclcpp: 16.0.15 (/opt/ros/humble/share/rclcpp/cmake)
[2.328s] -- Found rosidl_generator_c: 3.1.7 (/opt/ros/humble/share/rosidl_generator_c/cmake)
[2.347s] -- Found rosidl_adapter: 3.1.7 (/opt/ros/humble/share/rosidl_adapter/cmake)
[2.372s] -- Found rosidl_generator_cpp: 3.1.7 (/opt/ros/humble/share/rosidl_generator_cpp/cmake)
[2.410s] -- Using all available rosidl_typesupport_c: rosidl_typesupport_fastrtps_c;rosidl_typesupport_introspection_c
[2.455s] -- Using all available rosidl_typesupport_cpp: rosidl_typesupport_fastrtps_cpp;rosidl_typesupport_introspection_cpp
[2.562s] -- Found rmw_implementation_cmake: 6.1.2 (/opt/ros/humble/share/rmw_implementation_cmake/cmake)
[2.572s] -- Found rmw_fastrtps_cpp: 6.2.9 (/opt/ros/humble/share/rmw_fastrtps_cpp/cmake)
[3.041s] -- Found OpenSSL: /usr/lib/aarch64-linux-gnu/libcrypto.so (found version "3.0.2")  
[3.237s] -- Found FastRTPS: /opt/ros/humble/include  
[3.407s] -- Using RMW implementation 'rmw_fastrtps_cpp' as default
[3.478s] -- Looking for pthread.h
[3.766s] -- Looking for pthread.h - found
[3.766s] -- Performing Test CMAKE_HAVE_LIBC_PTHREAD
[4.129s] -- Performing Test CMAKE_HAVE_LIBC_PTHREAD - Success
[4.130s] -- Found Threads: TRUE  
[4.455s] -- Setting build type to Release as none was specified.
[4.459s] -- Found ament_lint_auto: 0.12.14 (/opt/ros/humble/share/ament_lint_auto/cmake)
[5.257s] -- Found gtest sources under '/opt/ros/humble/src/gtest_vendor': C++ tests using 'Google Test' will be built
[5.329s] -- Added test 'cppcheck' to perform static code analysis on C / C++ code
[5.330s] -- Configured cppcheck include dirs: /home/jetson/robot_ws/src/navigation2/nav2_voxel_grid/include
[5.330s] -- Configured cppcheck exclude dirs and/or files: 
[5.332s] -- Added test 'cpplint' to check C / C++ code against the Google style
[5.332s] -- Configured cpplint exclude dirs and/or files: 
[5.335s] -- Added test 'lint_cmake' to check CMake code style
[5.337s] -- Added test 'uncrustify' to check C / C++ code style
[5.338s] -- Configured uncrustify additional arguments: 
[5.339s] -- Added test 'xmllint' to check XML markup files
[5.360s] -- Configuring done
[5.420s] -- Generating done
[5.460s] -- Build files have been written to: /home/jetson/robot_ws/build/nav2_voxel_grid
[5.509s] Invoked command in '/home/jetson/robot_ws/build/nav2_voxel_grid' returned '0': AMENT_PREFIX_PATH=/home/jetson/robot_ws/install/nav2_common:${AMENT_PREFIX_PATH} CMAKE_PREFIX_PATH=/home/jetson/robot_ws/install/nav2_common:/home/jetson/robot_ws/install/servicerobot_joy:/opt/ros/humble PYTHONPATH=/home/jetson/robot_ws/install/nav2_common/local/lib/python3.10/dist-packages:${PYTHONPATH} /usr/bin/cmake /home/jetson/robot_ws/src/navigation2/nav2_voxel_grid -DCMAKE_INSTALL_PREFIX=/home/jetson/robot_ws/install/nav2_voxel_grid
[5.510s] Invoking command in '/home/jetson/robot_ws/build/nav2_voxel_grid': AMENT_PREFIX_PATH=/home/jetson/robot_ws/install/nav2_common:${AMENT_PREFIX_PATH} CMAKE_PREFIX_PATH=/home/jetson/robot_ws/install/nav2_common:/home/jetson/robot_ws/install/servicerobot_joy:/opt/ros/humble PYTHONPATH=/home/jetson/robot_ws/install/nav2_common/local/lib/python3.10/dist-packages:${PYTHONPATH} /usr/bin/cmake --build /home/jetson/robot_ws/build/nav2_voxel_grid -- -j6 -l6
[5.841s] [ 10%] [32mBuilding CXX object CMakeFiles/voxel_grid.dir/src/voxel_grid.cpp.o[0m
[5.884s] [ 20%] [32mBuilding CXX object gtest/CMakeFiles/gtest.dir/src/gtest-all.cc.o[0m
[5.914s] [ 30%] [32mBuilding CXX object gtest/CMakeFiles/gtest_main.dir/src/gtest_main.cc.o[0m
[11.333s] [ 40%] [32m[1mLinking CXX static library libgtest_main.a[0m
[11.810s] [ 40%] Built target gtest_main
[22.740s] [ 50%] [32m[1mLinking CXX shared library libvoxel_grid.so[0m
[23.243s] [ 50%] Built target voxel_grid
[38.871s] [ 60%] [32m[1mLinking CXX static library libgtest.a[0m
[38.957s] [ 60%] Built target gtest
[38.999s] [ 70%] [32mBuilding CXX object test/CMakeFiles/voxel_grid_tests.dir/voxel_grid_tests.cpp.o[0m
[47.120s] [ 80%] [32m[1mLinking CXX executable voxel_grid_tests[0m
[47.371s] [ 80%] Built target voxel_grid_tests
[47.410s] [ 90%] [32mBuilding CXX object test/CMakeFiles/voxel_grid_bresenham_3d.dir/voxel_grid_bresenham_3d.cpp.o[0m
[55.623s] [100%] [32m[1mLinking CXX executable voxel_grid_bresenham_3d[0m
[55.865s] [100%] Built target voxel_grid_bresenham_3d
[55.893s] Invoked command in '/home/jetson/robot_ws/build/nav2_voxel_grid' returned '0': AMENT_PREFIX_PATH=/home/jetson/robot_ws/install/nav2_common:${AMENT_PREFIX_PATH} CMAKE_PREFIX_PATH=/home/jetson/robot_ws/install/nav2_common:/home/jetson/robot_ws/install/servicerobot_joy:/opt/ros/humble PYTHONPATH=/home/jetson/robot_ws/install/nav2_common/local/lib/python3.10/dist-packages:${PYTHONPATH} /usr/bin/cmake --build /home/jetson/robot_ws/build/nav2_voxel_grid -- -j6 -l6
[55.893s] Invoking command in '/home/jetson/robot_ws/build/nav2_voxel_grid': AMENT_PREFIX_PATH=/home/jetson/robot_ws/install/nav2_common:${AMENT_PREFIX_PATH} CMAKE_PREFIX_PATH=/home/jetson/robot_ws/install/nav2_common:/home/jetson/robot_ws/install/servicerobot_joy:/opt/ros/humble PYTHONPATH=/home/jetson/robot_ws/install/nav2_common/local/lib/python3.10/dist-packages:${PYTHONPATH} /usr/bin/cmake --install /home/jetson/robot_ws/build/nav2_voxel_grid
[55.907s] -- Install configuration: "Release"
[55.909s] -- Installing: /home/jetson/robot_ws/install/nav2_voxel_grid/lib/libvoxel_grid.so
[55.909s] -- Set runtime path of "/home/jetson/robot_ws/install/nav2_voxel_grid/lib/libvoxel_grid.so" to ""
[55.909s] -- Installing: /home/jetson/robot_ws/install/nav2_voxel_grid/include
[55.910s] -- Installing: /home/jetson/robot_ws/install/nav2_voxel_grid/include/nav2_voxel_grid
[55.910s] -- Installing: /home/jetson/robot_ws/install/nav2_voxel_grid/include/nav2_voxel_grid/voxel_grid.hpp
[55.910s] -- Installing: /home/jetson/robot_ws/install/nav2_voxel_grid/share/nav2_voxel_grid/environment/library_path.sh
[55.910s] -- Installing: /home/jetson/robot_ws/install/nav2_voxel_grid/share/nav2_voxel_grid/environment/library_path.dsv
[55.911s] -- Installing: /home/jetson/robot_ws/install/nav2_voxel_grid/share/ament_index/resource_index/package_run_dependencies/nav2_voxel_grid
[55.911s] -- Installing: /home/jetson/robot_ws/install/nav2_voxel_grid/share/ament_index/resource_index/parent_prefix_path/nav2_voxel_grid
[55.911s] -- Installing: /home/jetson/robot_ws/install/nav2_voxel_grid/share/nav2_voxel_grid/environment/ament_prefix_path.sh
[55.911s] -- Installing: /home/jetson/robot_ws/install/nav2_voxel_grid/share/nav2_voxel_grid/environment/ament_prefix_path.dsv
[55.912s] -- Installing: /home/jetson/robot_ws/install/nav2_voxel_grid/share/nav2_voxel_grid/environment/path.sh
[55.912s] -- Installing: /home/jetson/robot_ws/install/nav2_voxel_grid/share/nav2_voxel_grid/environment/path.dsv
[55.912s] -- Installing: /home/jetson/robot_ws/install/nav2_voxel_grid/share/nav2_voxel_grid/local_setup.bash
[55.912s] -- Installing: /home/jetson/robot_ws/install/nav2_voxel_grid/share/nav2_voxel_grid/local_setup.sh
[55.913s] -- Installing: /home/jetson/robot_ws/install/nav2_voxel_grid/share/nav2_voxel_grid/local_setup.zsh
[55.913s] -- Installing: /home/jetson/robot_ws/install/nav2_voxel_grid/share/nav2_voxel_grid/local_setup.dsv
[55.913s] -- Installing: /home/jetson/robot_ws/install/nav2_voxel_grid/share/nav2_voxel_grid/package.dsv
[55.914s] -- Installing: /home/jetson/robot_ws/install/nav2_voxel_grid/share/ament_index/resource_index/packages/nav2_voxel_grid
[55.914s] -- Installing: /home/jetson/robot_ws/install/nav2_voxel_grid/share/nav2_voxel_grid/cmake/ament_cmake_export_dependencies-extras.cmake
[55.914s] -- Installing: /home/jetson/robot_ws/install/nav2_voxel_grid/share/nav2_voxel_grid/cmake/ament_cmake_export_include_directories-extras.cmake
[55.914s] -- Installing: /home/jetson/robot_ws/install/nav2_voxel_grid/share/nav2_voxel_grid/cmake/ament_cmake_export_libraries-extras.cmake
[55.915s] -- Installing: /home/jetson/robot_ws/install/nav2_voxel_grid/share/nav2_voxel_grid/cmake/nav2_voxel_gridConfig.cmake
[55.915s] -- Installing: /home/jetson/robot_ws/install/nav2_voxel_grid/share/nav2_voxel_grid/cmake/nav2_voxel_gridConfig-version.cmake
[55.915s] -- Installing: /home/jetson/robot_ws/install/nav2_voxel_grid/share/nav2_voxel_grid/package.xml
[55.921s] Invoked command in '/home/jetson/robot_ws/build/nav2_voxel_grid' returned '0': AMENT_PREFIX_PATH=/home/jetson/robot_ws/install/nav2_common:${AMENT_PREFIX_PATH} CMAKE_PREFIX_PATH=/home/jetson/robot_ws/install/nav2_common:/home/jetson/robot_ws/install/servicerobot_joy:/opt/ros/humble PYTHONPATH=/home/jetson/robot_ws/install/nav2_common/local/lib/python3.10/dist-packages:${PYTHONPATH} /usr/bin/cmake --install /home/jetson/robot_ws/build/nav2_voxel_grid
