[0.078s] Invoking command in '/home/jetson/robot_ws/build/nav2_lifecycle_manager': AMENT_PREFIX_PATH=/home/jetson/robot_ws/install/nav2_util:/home/jetson/robot_ws/install/nav2_msgs:/home/jetson/robot_ws/install/nav2_common:${AMENT_PREFIX_PATH} CMAKE_PREFIX_PATH=/home/jetson/robot_ws/install/nav2_util:/home/jetson/robot_ws/install/nav2_msgs:/home/jetson/robot_ws/install/nav2_common:/home/jetson/robot_ws/install/servicerobot_joy:/opt/ros/humble LD_LIBRARY_PATH=/home/jetson/robot_ws/install/nav2_util/lib:/home/jetson/robot_ws/install/nav2_msgs/lib:${LD_LIBRARY_PATH} PYTHONPATH=/home/jetson/robot_ws/install/nav2_msgs/local/lib/python3.10/dist-packages:/home/jetson/robot_ws/install/nav2_common/local/lib/python3.10/dist-packages:${PYTHONPATH} /usr/bin/cmake /home/jetson/robot_ws/src/navigation2/nav2_lifecycle_manager -DCMAKE_INSTALL_PREFIX=/home/jetson/robot_ws/install/nav2_lifecycle_manager
[0.230s] -- The C compiler identification is GNU 11.4.0
[0.359s] -- The CXX compiler identification is GNU 11.4.0
[0.380s] -- Detecting C compiler ABI info
[0.588s] -- Detecting C compiler ABI info - done
[0.600s] -- Check for working C compiler: /usr/bin/cc - skipped
[0.601s] -- Detecting C compile features
[0.601s] -- Detecting C compile features - done
[0.608s] -- Detecting CXX compiler ABI info
[0.863s] -- Detecting CXX compiler ABI info - done
[0.879s] -- Check for working CXX compiler: /usr/bin/c++ - skipped
[0.882s] -- Detecting CXX compile features
[0.883s] -- Detecting CXX compile features - done
[0.890s] -- Found ament_cmake: 1.3.12 (/opt/ros/humble/share/ament_cmake/cmake)
[1.317s] -- Found Python3: /usr/bin/python3 (found version "3.10.12") found components: Interpreter 
[1.515s] -- Found geometry_msgs: 4.9.0 (/opt/ros/humble/share/geometry_msgs/cmake)
[1.585s] -- Found rosidl_generator_c: 3.1.7 (/opt/ros/humble/share/rosidl_generator_c/cmake)
[1.596s] -- Found rosidl_adapter: 3.1.7 (/opt/ros/humble/share/rosidl_adapter/cmake)
[1.614s] -- Found rosidl_generator_cpp: 3.1.7 (/opt/ros/humble/share/rosidl_generator_cpp/cmake)
[1.638s] -- Using all available rosidl_typesupport_c: rosidl_typesupport_fastrtps_c;rosidl_typesupport_introspection_c
[1.669s] -- Using all available rosidl_typesupport_cpp: rosidl_typesupport_fastrtps_cpp;rosidl_typesupport_introspection_cpp
[1.739s] -- Found lifecycle_msgs: 1.2.2 (/opt/ros/humble/share/lifecycle_msgs/cmake)
[1.756s] -- Found nav2_common: 1.1.20 (/home/jetson/robot_ws/install/nav2_common/share/nav2_common/cmake)
[1.757s] -- Found nav2_msgs: 1.1.20 (/home/jetson/robot_ws/install/nav2_msgs/share/nav2_msgs/cmake)
[1.877s] -- Found nav2_util: 1.1.20 (/home/jetson/robot_ws/install/nav2_util/share/nav2_util/cmake)
[2.047s] -- Found rmw_implementation_cmake: 6.1.2 (/opt/ros/humble/share/rmw_implementation_cmake/cmake)
[2.052s] -- Found rmw_fastrtps_cpp: 6.2.9 (/opt/ros/humble/share/rmw_fastrtps_cpp/cmake)
[2.307s] -- Found OpenSSL: /usr/lib/aarch64-linux-gnu/libcrypto.so (found version "3.0.2")  
[2.396s] -- Found FastRTPS: /opt/ros/humble/include  
[2.488s] -- Using RMW implementation 'rmw_fastrtps_cpp' as default
[2.516s] -- Looking for pthread.h
[2.706s] -- Looking for pthread.h - found
[2.706s] -- Performing Test CMAKE_HAVE_LIBC_PTHREAD
[2.983s] -- Performing Test CMAKE_HAVE_LIBC_PTHREAD - Success
[2.985s] -- Found Threads: TRUE  
[3.241s] -- Found eigen3_cmake_module: 0.1.1 (/opt/ros/humble/share/eigen3_cmake_module/cmake)
[3.245s] -- Found Eigen3: TRUE (found version "3.4.0") 
[3.245s] -- Ensuring Eigen3 include directory is part of orocos-kdl CMake target
[3.325s] -- Found std_srvs: 4.9.0 (/opt/ros/humble/share/std_srvs/cmake)
[3.352s] -- Found diagnostic_updater: 4.0.6 (/opt/ros/humble/share/diagnostic_updater/cmake)
[3.396s] -- Setting build type to Release as none was specified.
[3.488s] -- Found ament_lint_auto: 0.12.14 (/opt/ros/humble/share/ament_lint_auto/cmake)
[3.701s] -- Found gtest sources under '/opt/ros/humble/src/gtest_vendor': C++ tests using 'Google Test' will be built
[3.792s] -- Added test 'copyright' to check source files copyright and LICENSE
[3.795s] -- Added test 'cppcheck' to perform static code analysis on C / C++ code
[3.795s] -- Configured cppcheck include dirs: /home/jetson/robot_ws/src/navigation2/nav2_lifecycle_manager/include
[3.796s] -- Configured cppcheck exclude dirs and/or files: 
[3.798s] -- Added test 'cpplint' to check C / C++ code against the Google style
[3.799s] -- Configured cpplint exclude dirs and/or files: 
[3.799s] -- Added test 'flake8' to check Python code syntax and style conventions
[3.801s] -- Added test 'lint_cmake' to check CMake code style
[3.802s] -- Added test 'pep257' to check Python code against some of the docstring style conventions in PEP 257
[3.804s] -- Added test 'uncrustify' to check C / C++ code style
[3.804s] -- Configured uncrustify additional arguments: 
[3.805s] -- Added test 'xmllint' to check XML markup files
[3.810s] -- Configuring done
[4.009s] -- Generating done
[4.046s] -- Build files have been written to: /home/jetson/robot_ws/build/nav2_lifecycle_manager
[4.091s] Invoked command in '/home/jetson/robot_ws/build/nav2_lifecycle_manager' returned '0': AMENT_PREFIX_PATH=/home/jetson/robot_ws/install/nav2_util:/home/jetson/robot_ws/install/nav2_msgs:/home/jetson/robot_ws/install/nav2_common:${AMENT_PREFIX_PATH} CMAKE_PREFIX_PATH=/home/jetson/robot_ws/install/nav2_util:/home/jetson/robot_ws/install/nav2_msgs:/home/jetson/robot_ws/install/nav2_common:/home/jetson/robot_ws/install/servicerobot_joy:/opt/ros/humble LD_LIBRARY_PATH=/home/jetson/robot_ws/install/nav2_util/lib:/home/jetson/robot_ws/install/nav2_msgs/lib:${LD_LIBRARY_PATH} PYTHONPATH=/home/jetson/robot_ws/install/nav2_msgs/local/lib/python3.10/dist-packages:/home/jetson/robot_ws/install/nav2_common/local/lib/python3.10/dist-packages:${PYTHONPATH} /usr/bin/cmake /home/jetson/robot_ws/src/navigation2/nav2_lifecycle_manager -DCMAKE_INSTALL_PREFIX=/home/jetson/robot_ws/install/nav2_lifecycle_manager
[4.098s] Invoking command in '/home/jetson/robot_ws/build/nav2_lifecycle_manager': AMENT_PREFIX_PATH=/home/jetson/robot_ws/install/nav2_util:/home/jetson/robot_ws/install/nav2_msgs:/home/jetson/robot_ws/install/nav2_common:${AMENT_PREFIX_PATH} CMAKE_PREFIX_PATH=/home/jetson/robot_ws/install/nav2_util:/home/jetson/robot_ws/install/nav2_msgs:/home/jetson/robot_ws/install/nav2_common:/home/jetson/robot_ws/install/servicerobot_joy:/opt/ros/humble LD_LIBRARY_PATH=/home/jetson/robot_ws/install/nav2_util/lib:/home/jetson/robot_ws/install/nav2_msgs/lib:${LD_LIBRARY_PATH} PYTHONPATH=/home/jetson/robot_ws/install/nav2_msgs/local/lib/python3.10/dist-packages:/home/jetson/robot_ws/install/nav2_common/local/lib/python3.10/dist-packages:${PYTHONPATH} /usr/bin/cmake --build /home/jetson/robot_ws/build/nav2_lifecycle_manager -- -j6 -l6
[4.210s] [  7%] [32mBuilding CXX object gtest/CMakeFiles/gtest.dir/src/gtest-all.cc.o[0m
[4.232s] [ 15%] [32mBuilding CXX object gtest/CMakeFiles/gtest_main.dir/src/gtest_main.cc.o[0m
[4.273s] [ 23%] [32mBuilding CXX object CMakeFiles/nav2_lifecycle_manager_core.dir/src/lifecycle_manager.cpp.o[0m
[4.297s] [ 30%] [32mBuilding CXX object CMakeFiles/nav2_lifecycle_manager_core.dir/src/lifecycle_manager_client.cpp.o[0m
[17.532s] [ 38%] [32m[1mLinking CXX static library libgtest_main.a[0m
[17.895s] [ 38%] Built target gtest_main
[38.105s] [ 46%] [32m[1mLinking CXX static library libgtest.a[0m
[38.423s] [ 46%] Built target gtest
[53.239s] [ 53%] [32m[1mLinking CXX shared library libnav2_lifecycle_manager_core.so[0m
[54.307s] [ 53%] Built target nav2_lifecycle_manager_core
[54.382s] [ 61%] [32mBuilding CXX object CMakeFiles/lifecycle_manager.dir/src/main.cpp.o[0m
[65.685s] [ 69%] [32m[1mLinking CXX executable lifecycle_manager[0m
[66.442s] [ 69%] Built target lifecycle_manager
[66.565s] [ 76%] [32mBuilding CXX object test/CMakeFiles/test_bond_gtest.dir/test_bond.cpp.o[0m
[87.941s] [ 84%] [32m[1mLinking CXX executable test_bond_gtest[0m
[88.983s] [ 84%] Built target test_bond_gtest
[89.047s] [ 92%] [32mBuilding CXX object test/CMakeFiles/test_lifecycle_gtest.dir/test_lifecycle_manager.cpp.o[0m
[102.361s] [100%] [32m[1mLinking CXX executable test_lifecycle_gtest[0m
[102.861s] [100%] Built target test_lifecycle_gtest
[102.884s] Invoked command in '/home/jetson/robot_ws/build/nav2_lifecycle_manager' returned '0': AMENT_PREFIX_PATH=/home/jetson/robot_ws/install/nav2_util:/home/jetson/robot_ws/install/nav2_msgs:/home/jetson/robot_ws/install/nav2_common:${AMENT_PREFIX_PATH} CMAKE_PREFIX_PATH=/home/jetson/robot_ws/install/nav2_util:/home/jetson/robot_ws/install/nav2_msgs:/home/jetson/robot_ws/install/nav2_common:/home/jetson/robot_ws/install/servicerobot_joy:/opt/ros/humble LD_LIBRARY_PATH=/home/jetson/robot_ws/install/nav2_util/lib:/home/jetson/robot_ws/install/nav2_msgs/lib:${LD_LIBRARY_PATH} PYTHONPATH=/home/jetson/robot_ws/install/nav2_msgs/local/lib/python3.10/dist-packages:/home/jetson/robot_ws/install/nav2_common/local/lib/python3.10/dist-packages:${PYTHONPATH} /usr/bin/cmake --build /home/jetson/robot_ws/build/nav2_lifecycle_manager -- -j6 -l6
[102.893s] Invoking command in '/home/jetson/robot_ws/build/nav2_lifecycle_manager': AMENT_PREFIX_PATH=/home/jetson/robot_ws/install/nav2_util:/home/jetson/robot_ws/install/nav2_msgs:/home/jetson/robot_ws/install/nav2_common:${AMENT_PREFIX_PATH} CMAKE_PREFIX_PATH=/home/jetson/robot_ws/install/nav2_util:/home/jetson/robot_ws/install/nav2_msgs:/home/jetson/robot_ws/install/nav2_common:/home/jetson/robot_ws/install/servicerobot_joy:/opt/ros/humble LD_LIBRARY_PATH=/home/jetson/robot_ws/install/nav2_util/lib:/home/jetson/robot_ws/install/nav2_msgs/lib:${LD_LIBRARY_PATH} PYTHONPATH=/home/jetson/robot_ws/install/nav2_msgs/local/lib/python3.10/dist-packages:/home/jetson/robot_ws/install/nav2_common/local/lib/python3.10/dist-packages:${PYTHONPATH} /usr/bin/cmake --install /home/jetson/robot_ws/build/nav2_lifecycle_manager
[102.910s] -- Install configuration: "Release"
[102.911s] -- Installing: /home/jetson/robot_ws/install/nav2_lifecycle_manager/lib/libnav2_lifecycle_manager_core.so
[102.914s] -- Set runtime path of "/home/jetson/robot_ws/install/nav2_lifecycle_manager/lib/libnav2_lifecycle_manager_core.so" to ""
[102.914s] -- Installing: /home/jetson/robot_ws/install/nav2_lifecycle_manager/lib/nav2_lifecycle_manager/lifecycle_manager
[102.916s] -- Set runtime path of "/home/jetson/robot_ws/install/nav2_lifecycle_manager/lib/nav2_lifecycle_manager/lifecycle_manager" to ""
[102.916s] -- Installing: /home/jetson/robot_ws/install/nav2_lifecycle_manager/include/
[102.916s] -- Installing: /home/jetson/robot_ws/install/nav2_lifecycle_manager/include//nav2_lifecycle_manager
[102.916s] -- Installing: /home/jetson/robot_ws/install/nav2_lifecycle_manager/include//nav2_lifecycle_manager/lifecycle_manager.hpp
[102.917s] -- Installing: /home/jetson/robot_ws/install/nav2_lifecycle_manager/include//nav2_lifecycle_manager/lifecycle_manager_client.hpp
[102.918s] -- Installing: /home/jetson/robot_ws/install/nav2_lifecycle_manager/share/nav2_lifecycle_manager/environment/library_path.sh
[102.918s] -- Installing: /home/jetson/robot_ws/install/nav2_lifecycle_manager/share/nav2_lifecycle_manager/environment/library_path.dsv
[102.919s] -- Installing: /home/jetson/robot_ws/install/nav2_lifecycle_manager/share/ament_index/resource_index/package_run_dependencies/nav2_lifecycle_manager
[102.920s] -- Installing: /home/jetson/robot_ws/install/nav2_lifecycle_manager/share/ament_index/resource_index/parent_prefix_path/nav2_lifecycle_manager
[102.921s] -- Installing: /home/jetson/robot_ws/install/nav2_lifecycle_manager/share/nav2_lifecycle_manager/environment/ament_prefix_path.sh
[102.922s] -- Installing: /home/jetson/robot_ws/install/nav2_lifecycle_manager/share/nav2_lifecycle_manager/environment/ament_prefix_path.dsv
[102.922s] -- Installing: /home/jetson/robot_ws/install/nav2_lifecycle_manager/share/nav2_lifecycle_manager/environment/path.sh
[102.923s] -- Installing: /home/jetson/robot_ws/install/nav2_lifecycle_manager/share/nav2_lifecycle_manager/environment/path.dsv
[102.924s] -- Installing: /home/jetson/robot_ws/install/nav2_lifecycle_manager/share/nav2_lifecycle_manager/local_setup.bash
[102.924s] -- Installing: /home/jetson/robot_ws/install/nav2_lifecycle_manager/share/nav2_lifecycle_manager/local_setup.sh
[102.925s] -- Installing: /home/jetson/robot_ws/install/nav2_lifecycle_manager/share/nav2_lifecycle_manager/local_setup.zsh
[102.925s] -- Installing: /home/jetson/robot_ws/install/nav2_lifecycle_manager/share/nav2_lifecycle_manager/local_setup.dsv
[102.925s] -- Installing: /home/jetson/robot_ws/install/nav2_lifecycle_manager/share/nav2_lifecycle_manager/package.dsv
[102.926s] -- Installing: /home/jetson/robot_ws/install/nav2_lifecycle_manager/share/ament_index/resource_index/packages/nav2_lifecycle_manager
[102.928s] -- Installing: /home/jetson/robot_ws/install/nav2_lifecycle_manager/share/ament_index/resource_index/rclcpp_components/nav2_lifecycle_manager
[102.929s] -- Installing: /home/jetson/robot_ws/install/nav2_lifecycle_manager/share/nav2_lifecycle_manager/cmake/ament_cmake_export_include_directories-extras.cmake
[102.929s] -- Installing: /home/jetson/robot_ws/install/nav2_lifecycle_manager/share/nav2_lifecycle_manager/cmake/ament_cmake_export_libraries-extras.cmake
[102.929s] -- Installing: /home/jetson/robot_ws/install/nav2_lifecycle_manager/share/nav2_lifecycle_manager/cmake/ament_cmake_export_dependencies-extras.cmake
[102.929s] -- Installing: /home/jetson/robot_ws/install/nav2_lifecycle_manager/share/nav2_lifecycle_manager/cmake/nav2_lifecycle_managerConfig.cmake
[102.929s] -- Installing: /home/jetson/robot_ws/install/nav2_lifecycle_manager/share/nav2_lifecycle_manager/cmake/nav2_lifecycle_managerConfig-version.cmake
[102.930s] -- Installing: /home/jetson/robot_ws/install/nav2_lifecycle_manager/share/nav2_lifecycle_manager/package.xml
[102.938s] Invoked command in '/home/jetson/robot_ws/build/nav2_lifecycle_manager' returned '0': AMENT_PREFIX_PATH=/home/jetson/robot_ws/install/nav2_util:/home/jetson/robot_ws/install/nav2_msgs:/home/jetson/robot_ws/install/nav2_common:${AMENT_PREFIX_PATH} CMAKE_PREFIX_PATH=/home/jetson/robot_ws/install/nav2_util:/home/jetson/robot_ws/install/nav2_msgs:/home/jetson/robot_ws/install/nav2_common:/home/jetson/robot_ws/install/servicerobot_joy:/opt/ros/humble LD_LIBRARY_PATH=/home/jetson/robot_ws/install/nav2_util/lib:/home/jetson/robot_ws/install/nav2_msgs/lib:${LD_LIBRARY_PATH} PYTHONPATH=/home/jetson/robot_ws/install/nav2_msgs/local/lib/python3.10/dist-packages:/home/jetson/robot_ws/install/nav2_common/local/lib/python3.10/dist-packages:${PYTHONPATH} /usr/bin/cmake --install /home/jetson/robot_ws/build/nav2_lifecycle_manager
