[0.057s] Invoking command in '/home/jetson/robot_ws/build/nav2_behaviors': AMENT_PREFIX_PATH=/home/jetson/robot_ws/install/nav2_core:/home/jetson/robot_ws/install/nav2_costmap_2d:/home/jetson/robot_ws/install/nav2_map_server:/home/jetson/robot_ws/install/nav2_lifecycle_manager:/home/jetson/robot_ws/install/nav2_behavior_tree:/home/jetson/robot_ws/install/nav2_util:/home/jetson/robot_ws/install/nav2_voxel_grid:/home/jetson/robot_ws/install/nav2_msgs:/home/jetson/robot_ws/install/nav2_common:${AMENT_PREFIX_PATH} CMAKE_PREFIX_PATH=/home/jetson/robot_ws/install/nav2_core:/home/jetson/robot_ws/install/nav2_costmap_2d:/home/jetson/robot_ws/install/nav2_map_server:/home/jetson/robot_ws/install/nav2_lifecycle_manager:/home/jetson/robot_ws/install/nav2_behavior_tree:/home/jetson/robot_ws/install/nav2_util:/home/jetson/robot_ws/install/nav2_voxel_grid:/home/jetson/robot_ws/install/nav2_msgs:/home/jetson/robot_ws/install/nav2_common:/opt/ros/humble LD_LIBRARY_PATH=/home/jetson/robot_ws/install/nav2_costmap_2d/lib:/home/jetson/robot_ws/install/nav2_map_server/lib:/home/jetson/robot_ws/install/nav2_lifecycle_manager/lib:/home/jetson/robot_ws/install/nav2_behavior_tree/lib:/home/jetson/robot_ws/install/nav2_util/lib:/home/jetson/robot_ws/install/nav2_voxel_grid/lib:/home/jetson/robot_ws/install/nav2_msgs/lib:${LD_LIBRARY_PATH} PYTHONPATH=/home/jetson/robot_ws/install/nav2_msgs/local/lib/python3.10/dist-packages:/home/jetson/robot_ws/install/nav2_common/local/lib/python3.10/dist-packages:${PYTHONPATH} /usr/bin/cmake /home/jetson/robot_ws/src/navigation2/nav2_behaviors -DCMAKE_INSTALL_PREFIX=/home/jetson/robot_ws/install/nav2_behaviors
[5.815s] -- The C compiler identification is GNU 11.4.0
[5.816s] -- The CXX compiler identification is GNU 11.4.0
[5.816s] -- Detecting C compiler ABI info
[5.816s] -- Detecting C compiler ABI info - done
[5.816s] -- Check for working C compiler: /usr/bin/cc - skipped
[5.817s] -- Detecting C compile features
[5.817s] -- Detecting C compile features - done
[5.817s] -- Detecting CXX compiler ABI info
[5.817s] -- Detecting CXX compiler ABI info - done
[5.817s] -- Check for working CXX compiler: /usr/bin/c++ - skipped
[5.817s] -- Detecting CXX compile features
[5.817s] -- Detecting CXX compile features - done
[5.817s] -- Found ament_cmake: 1.3.12 (/opt/ros/humble/share/ament_cmake/cmake)
[5.817s] -- Found Python3: /usr/bin/python3 (found version "3.10.12") found components: Interpreter 
[5.818s] -- Found nav2_common: 1.1.20 (/home/jetson/robot_ws/install/nav2_common/share/nav2_common/cmake)
[5.818s] -- Found rclcpp: 16.0.15 (/opt/ros/humble/share/rclcpp/cmake)
[5.818s] -- Found rosidl_generator_c: 3.1.7 (/opt/ros/humble/share/rosidl_generator_c/cmake)
[5.818s] -- Found rosidl_adapter: 3.1.7 (/opt/ros/humble/share/rosidl_adapter/cmake)
[5.818s] -- Found rosidl_generator_cpp: 3.1.7 (/opt/ros/humble/share/rosidl_generator_cpp/cmake)
[5.818s] -- Using all available rosidl_typesupport_c: rosidl_typesupport_fastrtps_c;rosidl_typesupport_introspection_c
[5.819s] -- Using all available rosidl_typesupport_cpp: rosidl_typesupport_fastrtps_cpp;rosidl_typesupport_introspection_cpp
[5.819s] -- Found rmw_implementation_cmake: 6.1.2 (/opt/ros/humble/share/rmw_implementation_cmake/cmake)
[5.820s] -- Found rmw_fastrtps_cpp: 6.2.9 (/opt/ros/humble/share/rmw_fastrtps_cpp/cmake)
[5.821s] -- Found OpenSSL: /usr/lib/aarch64-linux-gnu/libcrypto.so (found version "3.0.2")  
[5.821s] -- Found FastRTPS: /opt/ros/humble/include  
[5.822s] -- Using RMW implementation 'rmw_fastrtps_cpp' as default
[5.822s] -- Looking for pthread.h
[5.822s] -- Looking for pthread.h - found
[5.822s] -- Performing Test CMAKE_HAVE_LIBC_PTHREAD
[5.822s] -- Performing Test CMAKE_HAVE_LIBC_PTHREAD - Success
[5.822s] -- Found Threads: TRUE  
[5.822s] -- Found rclcpp_action: 16.0.15 (/opt/ros/humble/share/rclcpp_action/cmake)
[5.822s] -- Found rclcpp_lifecycle: 16.0.15 (/opt/ros/humble/share/rclcpp_lifecycle/cmake)
[5.822s] -- Found rclcpp_components: 16.0.15 (/opt/ros/humble/share/rclcpp_components/cmake)
[5.822s] -- Found nav2_behavior_tree: 1.1.20 (/home/jetson/robot_ws/install/nav2_behavior_tree/share/nav2_behavior_tree/cmake)
[5.823s] -- Found eigen3_cmake_module: 0.1.1 (/opt/ros/humble/share/eigen3_cmake_module/cmake)
[5.823s] -- Found Eigen3: TRUE (found version "3.4.0") 
[5.823s] -- Ensuring Eigen3 include directory is part of orocos-kdl CMake target
[5.823s] -- Found nav2_costmap_2d: 1.1.20 (/home/jetson/robot_ws/install/nav2_costmap_2d/share/nav2_costmap_2d/cmake)
[5.823s] -- Found nav2_core: 1.1.20 (/home/jetson/robot_ws/install/nav2_core/share/nav2_core/cmake)
[5.823s] -- Setting build type to Release as none was specified.
[5.823s] -- Found ament_lint_auto: 0.12.14 (/opt/ros/humble/share/ament_lint_auto/cmake)
[5.823s] -- Found gtest sources under '/opt/ros/humble/src/gtest_vendor': C++ tests using 'Google Test' will be built
[5.823s] -- Added test 'copyright' to check source files copyright and LICENSE
[5.823s] -- Added test 'cppcheck' to perform static code analysis on C / C++ code
[5.823s] -- Configured cppcheck include dirs: /home/jetson/robot_ws/src/navigation2/nav2_behaviors/include
[5.824s] -- Configured cppcheck exclude dirs and/or files: 
[5.824s] -- Added test 'cpplint' to check C / C++ code against the Google style
[5.824s] -- Configured cpplint exclude dirs and/or files: 
[5.824s] -- Added test 'lint_cmake' to check CMake code style
[5.824s] -- Added test 'uncrustify' to check C / C++ code style
[5.824s] -- Configured uncrustify additional arguments: 
[5.824s] -- Added test 'xmllint' to check XML markup files
[5.824s] -- Configuring done
[6.569s] -- Generating done
[6.674s] -- Build files have been written to: /home/jetson/robot_ws/build/nav2_behaviors
[6.741s] Invoked command in '/home/jetson/robot_ws/build/nav2_behaviors' returned '0': AMENT_PREFIX_PATH=/home/jetson/robot_ws/install/nav2_core:/home/jetson/robot_ws/install/nav2_costmap_2d:/home/jetson/robot_ws/install/nav2_map_server:/home/jetson/robot_ws/install/nav2_lifecycle_manager:/home/jetson/robot_ws/install/nav2_behavior_tree:/home/jetson/robot_ws/install/nav2_util:/home/jetson/robot_ws/install/nav2_voxel_grid:/home/jetson/robot_ws/install/nav2_msgs:/home/jetson/robot_ws/install/nav2_common:${AMENT_PREFIX_PATH} CMAKE_PREFIX_PATH=/home/jetson/robot_ws/install/nav2_core:/home/jetson/robot_ws/install/nav2_costmap_2d:/home/jetson/robot_ws/install/nav2_map_server:/home/jetson/robot_ws/install/nav2_lifecycle_manager:/home/jetson/robot_ws/install/nav2_behavior_tree:/home/jetson/robot_ws/install/nav2_util:/home/jetson/robot_ws/install/nav2_voxel_grid:/home/jetson/robot_ws/install/nav2_msgs:/home/jetson/robot_ws/install/nav2_common:/opt/ros/humble LD_LIBRARY_PATH=/home/jetson/robot_ws/install/nav2_costmap_2d/lib:/home/jetson/robot_ws/install/nav2_map_server/lib:/home/jetson/robot_ws/install/nav2_lifecycle_manager/lib:/home/jetson/robot_ws/install/nav2_behavior_tree/lib:/home/jetson/robot_ws/install/nav2_util/lib:/home/jetson/robot_ws/install/nav2_voxel_grid/lib:/home/jetson/robot_ws/install/nav2_msgs/lib:${LD_LIBRARY_PATH} PYTHONPATH=/home/jetson/robot_ws/install/nav2_msgs/local/lib/python3.10/dist-packages:/home/jetson/robot_ws/install/nav2_common/local/lib/python3.10/dist-packages:${PYTHONPATH} /usr/bin/cmake /home/jetson/robot_ws/src/navigation2/nav2_behaviors -DCMAKE_INSTALL_PREFIX=/home/jetson/robot_ws/install/nav2_behaviors
[6.742s] Invoking command in '/home/jetson/robot_ws/build/nav2_behaviors': AMENT_PREFIX_PATH=/home/jetson/robot_ws/install/nav2_core:/home/jetson/robot_ws/install/nav2_costmap_2d:/home/jetson/robot_ws/install/nav2_map_server:/home/jetson/robot_ws/install/nav2_lifecycle_manager:/home/jetson/robot_ws/install/nav2_behavior_tree:/home/jetson/robot_ws/install/nav2_util:/home/jetson/robot_ws/install/nav2_voxel_grid:/home/jetson/robot_ws/install/nav2_msgs:/home/jetson/robot_ws/install/nav2_common:${AMENT_PREFIX_PATH} CMAKE_PREFIX_PATH=/home/jetson/robot_ws/install/nav2_core:/home/jetson/robot_ws/install/nav2_costmap_2d:/home/jetson/robot_ws/install/nav2_map_server:/home/jetson/robot_ws/install/nav2_lifecycle_manager:/home/jetson/robot_ws/install/nav2_behavior_tree:/home/jetson/robot_ws/install/nav2_util:/home/jetson/robot_ws/install/nav2_voxel_grid:/home/jetson/robot_ws/install/nav2_msgs:/home/jetson/robot_ws/install/nav2_common:/opt/ros/humble LD_LIBRARY_PATH=/home/jetson/robot_ws/install/nav2_costmap_2d/lib:/home/jetson/robot_ws/install/nav2_map_server/lib:/home/jetson/robot_ws/install/nav2_lifecycle_manager/lib:/home/jetson/robot_ws/install/nav2_behavior_tree/lib:/home/jetson/robot_ws/install/nav2_util/lib:/home/jetson/robot_ws/install/nav2_voxel_grid/lib:/home/jetson/robot_ws/install/nav2_msgs/lib:${LD_LIBRARY_PATH} PYTHONPATH=/home/jetson/robot_ws/install/nav2_msgs/local/lib/python3.10/dist-packages:/home/jetson/robot_ws/install/nav2_common/local/lib/python3.10/dist-packages:${PYTHONPATH} /usr/bin/cmake --build /home/jetson/robot_ws/build/nav2_behaviors -- -j6 -l6
[6.872s] [  5%] [32mBuilding CXX object CMakeFiles/nav2_spin_behavior.dir/plugins/spin.cpp.o[0m
[18.919s] [ 10%] [32mBuilding CXX object CMakeFiles/behavior_server_core.dir/src/behavior_server.cpp.o[0m
[21.019s] [ 15%] [32mBuilding CXX object CMakeFiles/nav2_assisted_teleop_behavior.dir/plugins/assisted_teleop.cpp.o[0m
[23.089s] [ 20%] [32mBuilding CXX object CMakeFiles/nav2_back_up_behavior.dir/plugins/back_up.cpp.o[0m
[38.145s] [ 25%] [32m[1mLinking CXX shared library libnav2_spin_behavior.so[0m
[40.468s] [ 25%] Built target nav2_spin_behavior
[57.884s] [ 30%] [32m[1mLinking CXX shared library libbehavior_server_core.so[0m
[59.468s] [ 30%] Built target behavior_server_core
[59.696s] [ 35%] [32m[1mLinking CXX shared library libnav2_back_up_behavior.so[0m
[61.098s] [ 35%] Built target nav2_back_up_behavior
[79.790s] [ 40%] [32m[1mLinking CXX shared library libnav2_assisted_teleop_behavior.so[0m
[80.927s] [ 40%] Built target nav2_assisted_teleop_behavior
[80.978s] [ 45%] [32mBuilding CXX object CMakeFiles/behavior_server.dir/src/main.cpp.o[0m
[92.093s] [ 50%] [32m[1mLinking CXX executable behavior_server[0m
[92.807s] [ 50%] Built target behavior_server
[92.850s] [ 55%] [32mBuilding CXX object gtest/CMakeFiles/gtest.dir/src/gtest-all.cc.o[0m
[110.286s] [ 60%] [32m[1mLinking CXX static library libgtest.a[0m
[110.370s] [ 60%] Built target gtest
[110.417s] [ 65%] [32mBuilding CXX object gtest/CMakeFiles/gtest_main.dir/src/gtest_main.cc.o[0m
[112.398s] [ 70%] [32m[1mLinking CXX static library libgtest_main.a[0m
[112.469s] [ 70%] Built target gtest_main
[112.521s] [ 75%] [32mBuilding CXX object CMakeFiles/nav2_drive_on_heading_behavior.dir/plugins/drive_on_heading.cpp.o[0m
[135.456s] [ 80%] [32m[1mLinking CXX shared library libnav2_drive_on_heading_behavior.so[0m
[136.936s] [ 80%] Built target nav2_drive_on_heading_behavior
[137.052s] [ 85%] [32mBuilding CXX object test/CMakeFiles/test_behaviors.dir/test_behaviors.cpp.o[0m
[169.427s] [ 90%] [32m[1mLinking CXX executable test_behaviors[0m
[172.065s] [ 90%] Built target test_behaviors
[172.216s] [ 95%] [32mBuilding CXX object CMakeFiles/nav2_wait_behavior.dir/plugins/wait.cpp.o[0m
[196.437s] [100%] [32m[1mLinking CXX shared library libnav2_wait_behavior.so[0m
[197.268s] [100%] Built target nav2_wait_behavior
[197.311s] Invoked command in '/home/jetson/robot_ws/build/nav2_behaviors' returned '0': AMENT_PREFIX_PATH=/home/jetson/robot_ws/install/nav2_core:/home/jetson/robot_ws/install/nav2_costmap_2d:/home/jetson/robot_ws/install/nav2_map_server:/home/jetson/robot_ws/install/nav2_lifecycle_manager:/home/jetson/robot_ws/install/nav2_behavior_tree:/home/jetson/robot_ws/install/nav2_util:/home/jetson/robot_ws/install/nav2_voxel_grid:/home/jetson/robot_ws/install/nav2_msgs:/home/jetson/robot_ws/install/nav2_common:${AMENT_PREFIX_PATH} CMAKE_PREFIX_PATH=/home/jetson/robot_ws/install/nav2_core:/home/jetson/robot_ws/install/nav2_costmap_2d:/home/jetson/robot_ws/install/nav2_map_server:/home/jetson/robot_ws/install/nav2_lifecycle_manager:/home/jetson/robot_ws/install/nav2_behavior_tree:/home/jetson/robot_ws/install/nav2_util:/home/jetson/robot_ws/install/nav2_voxel_grid:/home/jetson/robot_ws/install/nav2_msgs:/home/jetson/robot_ws/install/nav2_common:/opt/ros/humble LD_LIBRARY_PATH=/home/jetson/robot_ws/install/nav2_costmap_2d/lib:/home/jetson/robot_ws/install/nav2_map_server/lib:/home/jetson/robot_ws/install/nav2_lifecycle_manager/lib:/home/jetson/robot_ws/install/nav2_behavior_tree/lib:/home/jetson/robot_ws/install/nav2_util/lib:/home/jetson/robot_ws/install/nav2_voxel_grid/lib:/home/jetson/robot_ws/install/nav2_msgs/lib:${LD_LIBRARY_PATH} PYTHONPATH=/home/jetson/robot_ws/install/nav2_msgs/local/lib/python3.10/dist-packages:/home/jetson/robot_ws/install/nav2_common/local/lib/python3.10/dist-packages:${PYTHONPATH} /usr/bin/cmake --build /home/jetson/robot_ws/build/nav2_behaviors -- -j6 -l6
[197.312s] Invoking command in '/home/jetson/robot_ws/build/nav2_behaviors': AMENT_PREFIX_PATH=/home/jetson/robot_ws/install/nav2_core:/home/jetson/robot_ws/install/nav2_costmap_2d:/home/jetson/robot_ws/install/nav2_map_server:/home/jetson/robot_ws/install/nav2_lifecycle_manager:/home/jetson/robot_ws/install/nav2_behavior_tree:/home/jetson/robot_ws/install/nav2_util:/home/jetson/robot_ws/install/nav2_voxel_grid:/home/jetson/robot_ws/install/nav2_msgs:/home/jetson/robot_ws/install/nav2_common:${AMENT_PREFIX_PATH} CMAKE_PREFIX_PATH=/home/jetson/robot_ws/install/nav2_core:/home/jetson/robot_ws/install/nav2_costmap_2d:/home/jetson/robot_ws/install/nav2_map_server:/home/jetson/robot_ws/install/nav2_lifecycle_manager:/home/jetson/robot_ws/install/nav2_behavior_tree:/home/jetson/robot_ws/install/nav2_util:/home/jetson/robot_ws/install/nav2_voxel_grid:/home/jetson/robot_ws/install/nav2_msgs:/home/jetson/robot_ws/install/nav2_common:/opt/ros/humble LD_LIBRARY_PATH=/home/jetson/robot_ws/install/nav2_costmap_2d/lib:/home/jetson/robot_ws/install/nav2_map_server/lib:/home/jetson/robot_ws/install/nav2_lifecycle_manager/lib:/home/jetson/robot_ws/install/nav2_behavior_tree/lib:/home/jetson/robot_ws/install/nav2_util/lib:/home/jetson/robot_ws/install/nav2_voxel_grid/lib:/home/jetson/robot_ws/install/nav2_msgs/lib:${LD_LIBRARY_PATH} PYTHONPATH=/home/jetson/robot_ws/install/nav2_msgs/local/lib/python3.10/dist-packages:/home/jetson/robot_ws/install/nav2_common/local/lib/python3.10/dist-packages:${PYTHONPATH} /usr/bin/cmake --install /home/jetson/robot_ws/build/nav2_behaviors
[197.326s] -- Install configuration: "Release"
[197.327s] -- Installing: /home/jetson/robot_ws/install/nav2_behaviors/share/nav2_behaviors/behavior_plugin.xml
[197.328s] -- Installing: /home/jetson/robot_ws/install/nav2_behaviors/lib/libbehavior_server_core.so
[197.330s] -- Set runtime path of "/home/jetson/robot_ws/install/nav2_behaviors/lib/libbehavior_server_core.so" to ""
[197.331s] -- Installing: /home/jetson/robot_ws/install/nav2_behaviors/lib/libnav2_spin_behavior.so
[197.333s] -- Set runtime path of "/home/jetson/robot_ws/install/nav2_behaviors/lib/libnav2_spin_behavior.so" to ""
[197.334s] -- Installing: /home/jetson/robot_ws/install/nav2_behaviors/lib/libnav2_wait_behavior.so
[197.336s] -- Set runtime path of "/home/jetson/robot_ws/install/nav2_behaviors/lib/libnav2_wait_behavior.so" to ""
[197.337s] -- Installing: /home/jetson/robot_ws/install/nav2_behaviors/lib/libnav2_assisted_teleop_behavior.so
[197.342s] -- Set runtime path of "/home/jetson/robot_ws/install/nav2_behaviors/lib/libnav2_assisted_teleop_behavior.so" to ""
[197.342s] -- Installing: /home/jetson/robot_ws/install/nav2_behaviors/lib/libnav2_drive_on_heading_behavior.so
[197.344s] -- Set runtime path of "/home/jetson/robot_ws/install/nav2_behaviors/lib/libnav2_drive_on_heading_behavior.so" to ""
[197.345s] -- Installing: /home/jetson/robot_ws/install/nav2_behaviors/lib/libnav2_back_up_behavior.so
[197.347s] -- Set runtime path of "/home/jetson/robot_ws/install/nav2_behaviors/lib/libnav2_back_up_behavior.so" to ""
[197.347s] -- Installing: /home/jetson/robot_ws/install/nav2_behaviors/lib/nav2_behaviors/behavior_server
[197.348s] -- Set runtime path of "/home/jetson/robot_ws/install/nav2_behaviors/lib/nav2_behaviors/behavior_server" to ""
[197.348s] -- Installing: /home/jetson/robot_ws/install/nav2_behaviors/include/
[197.349s] -- Installing: /home/jetson/robot_ws/install/nav2_behaviors/include//nav2_behaviors
[197.349s] -- Installing: /home/jetson/robot_ws/install/nav2_behaviors/include//nav2_behaviors/timed_behavior.hpp
[197.349s] -- Installing: /home/jetson/robot_ws/install/nav2_behaviors/include//nav2_behaviors/plugins
[197.350s] -- Installing: /home/jetson/robot_ws/install/nav2_behaviors/include//nav2_behaviors/plugins/assisted_teleop.hpp
[197.350s] -- Installing: /home/jetson/robot_ws/install/nav2_behaviors/include//nav2_behaviors/plugins/back_up.hpp
[197.350s] -- Installing: /home/jetson/robot_ws/install/nav2_behaviors/include//nav2_behaviors/plugins/drive_on_heading.hpp
[197.351s] -- Installing: /home/jetson/robot_ws/install/nav2_behaviors/include//nav2_behaviors/plugins/spin.hpp
[197.351s] -- Installing: /home/jetson/robot_ws/install/nav2_behaviors/include//nav2_behaviors/plugins/wait.hpp
[197.352s] -- Installing: /home/jetson/robot_ws/install/nav2_behaviors/include//nav2_behaviors/behavior_server.hpp
[197.354s] -- Up-to-date: /home/jetson/robot_ws/install/nav2_behaviors/share/nav2_behaviors/behavior_plugin.xml
[197.355s] -- Installing: /home/jetson/robot_ws/install/nav2_behaviors/share/nav2_behaviors/plugins/
[197.355s] -- Installing: /home/jetson/robot_ws/install/nav2_behaviors/share/nav2_behaviors/plugins//wait.cpp
[197.355s] -- Installing: /home/jetson/robot_ws/install/nav2_behaviors/share/nav2_behaviors/plugins//assisted_teleop.cpp
[197.355s] -- Installing: /home/jetson/robot_ws/install/nav2_behaviors/share/nav2_behaviors/plugins//drive_on_heading.cpp
[197.356s] -- Installing: /home/jetson/robot_ws/install/nav2_behaviors/share/nav2_behaviors/plugins//spin.cpp
[197.357s] -- Installing: /home/jetson/robot_ws/install/nav2_behaviors/share/nav2_behaviors/plugins//back_up.cpp
[197.358s] -- Installing: /home/jetson/robot_ws/install/nav2_behaviors/share/nav2_behaviors/environment/library_path.sh
[197.359s] -- Installing: /home/jetson/robot_ws/install/nav2_behaviors/share/nav2_behaviors/environment/library_path.dsv
[197.361s] -- Installing: /home/jetson/robot_ws/install/nav2_behaviors/share/ament_index/resource_index/package_run_dependencies/nav2_behaviors
[197.362s] -- Installing: /home/jetson/robot_ws/install/nav2_behaviors/share/ament_index/resource_index/parent_prefix_path/nav2_behaviors
[197.363s] -- Installing: /home/jetson/robot_ws/install/nav2_behaviors/share/nav2_behaviors/environment/ament_prefix_path.sh
[197.364s] -- Installing: /home/jetson/robot_ws/install/nav2_behaviors/share/nav2_behaviors/environment/ament_prefix_path.dsv
[197.365s] -- Installing: /home/jetson/robot_ws/install/nav2_behaviors/share/nav2_behaviors/environment/path.sh
[197.366s] -- Installing: /home/jetson/robot_ws/install/nav2_behaviors/share/nav2_behaviors/environment/path.dsv
[197.367s] -- Installing: /home/jetson/robot_ws/install/nav2_behaviors/share/nav2_behaviors/local_setup.bash
[197.368s] -- Installing: /home/jetson/robot_ws/install/nav2_behaviors/share/nav2_behaviors/local_setup.sh
[197.369s] -- Installing: /home/jetson/robot_ws/install/nav2_behaviors/share/nav2_behaviors/local_setup.zsh
[197.370s] -- Installing: /home/jetson/robot_ws/install/nav2_behaviors/share/nav2_behaviors/local_setup.dsv
[197.371s] -- Installing: /home/jetson/robot_ws/install/nav2_behaviors/share/nav2_behaviors/package.dsv
[197.372s] -- Installing: /home/jetson/robot_ws/install/nav2_behaviors/share/ament_index/resource_index/packages/nav2_behaviors
[197.374s] -- Installing: /home/jetson/robot_ws/install/nav2_behaviors/share/ament_index/resource_index/nav2_core__pluginlib__plugin/nav2_behaviors
[197.375s] -- Installing: /home/jetson/robot_ws/install/nav2_behaviors/share/ament_index/resource_index/rclcpp_components/nav2_behaviors
[197.376s] -- Installing: /home/jetson/robot_ws/install/nav2_behaviors/share/nav2_behaviors/cmake/ament_cmake_export_include_directories-extras.cmake
[197.377s] -- Installing: /home/jetson/robot_ws/install/nav2_behaviors/share/nav2_behaviors/cmake/ament_cmake_export_libraries-extras.cmake
[197.378s] -- Installing: /home/jetson/robot_ws/install/nav2_behaviors/share/nav2_behaviors/cmake/ament_cmake_export_dependencies-extras.cmake
[197.379s] -- Installing: /home/jetson/robot_ws/install/nav2_behaviors/share/nav2_behaviors/cmake/nav2_behaviorsConfig.cmake
[197.380s] -- Installing: /home/jetson/robot_ws/install/nav2_behaviors/share/nav2_behaviors/cmake/nav2_behaviorsConfig-version.cmake
[197.381s] -- Installing: /home/jetson/robot_ws/install/nav2_behaviors/share/nav2_behaviors/package.xml
[197.397s] Invoked command in '/home/jetson/robot_ws/build/nav2_behaviors' returned '0': AMENT_PREFIX_PATH=/home/jetson/robot_ws/install/nav2_core:/home/jetson/robot_ws/install/nav2_costmap_2d:/home/jetson/robot_ws/install/nav2_map_server:/home/jetson/robot_ws/install/nav2_lifecycle_manager:/home/jetson/robot_ws/install/nav2_behavior_tree:/home/jetson/robot_ws/install/nav2_util:/home/jetson/robot_ws/install/nav2_voxel_grid:/home/jetson/robot_ws/install/nav2_msgs:/home/jetson/robot_ws/install/nav2_common:${AMENT_PREFIX_PATH} CMAKE_PREFIX_PATH=/home/jetson/robot_ws/install/nav2_core:/home/jetson/robot_ws/install/nav2_costmap_2d:/home/jetson/robot_ws/install/nav2_map_server:/home/jetson/robot_ws/install/nav2_lifecycle_manager:/home/jetson/robot_ws/install/nav2_behavior_tree:/home/jetson/robot_ws/install/nav2_util:/home/jetson/robot_ws/install/nav2_voxel_grid:/home/jetson/robot_ws/install/nav2_msgs:/home/jetson/robot_ws/install/nav2_common:/opt/ros/humble LD_LIBRARY_PATH=/home/jetson/robot_ws/install/nav2_costmap_2d/lib:/home/jetson/robot_ws/install/nav2_map_server/lib:/home/jetson/robot_ws/install/nav2_lifecycle_manager/lib:/home/jetson/robot_ws/install/nav2_behavior_tree/lib:/home/jetson/robot_ws/install/nav2_util/lib:/home/jetson/robot_ws/install/nav2_voxel_grid/lib:/home/jetson/robot_ws/install/nav2_msgs/lib:${LD_LIBRARY_PATH} PYTHONPATH=/home/jetson/robot_ws/install/nav2_msgs/local/lib/python3.10/dist-packages:/home/jetson/robot_ws/install/nav2_common/local/lib/python3.10/dist-packages:${PYTHONPATH} /usr/bin/cmake --install /home/jetson/robot_ws/build/nav2_behaviors
