[0.102s] Invoking command in '/home/jetson/robot_ws/build/nav2_planner': AMENT_PREFIX_PATH=/home/jetson/robot_ws/install/nav2_core:/home/jetson/robot_ws/install/nav2_costmap_2d:/home/jetson/robot_ws/install/nav2_map_server:/home/jetson/robot_ws/install/nav2_lifecycle_manager:/home/jetson/robot_ws/install/nav2_util:/home/jetson/robot_ws/install/nav2_voxel_grid:/home/jetson/robot_ws/install/nav2_msgs:/home/jetson/robot_ws/install/nav2_common:${AMENT_PREFIX_PATH} CMAKE_PREFIX_PATH=/home/jetson/robot_ws/install/nav2_core:/home/jetson/robot_ws/install/nav2_costmap_2d:/home/jetson/robot_ws/install/nav2_map_server:/home/jetson/robot_ws/install/nav2_lifecycle_manager:/home/jetson/robot_ws/install/nav2_util:/home/jetson/robot_ws/install/nav2_voxel_grid:/home/jetson/robot_ws/install/nav2_msgs:/home/jetson/robot_ws/install/nav2_common:/home/jetson/robot_ws/install/servicerobot_joy:/opt/ros/humble LD_LIBRARY_PATH=/home/jetson/robot_ws/install/nav2_costmap_2d/lib:/home/jetson/robot_ws/install/nav2_map_server/lib:/home/jetson/robot_ws/install/nav2_lifecycle_manager/lib:/home/jetson/robot_ws/install/nav2_util/lib:/home/jetson/robot_ws/install/nav2_voxel_grid/lib:/home/jetson/robot_ws/install/nav2_msgs/lib:${LD_LIBRARY_PATH} PYTHONPATH=/home/jetson/robot_ws/install/nav2_msgs/local/lib/python3.10/dist-packages:/home/jetson/robot_ws/install/nav2_common/local/lib/python3.10/dist-packages:${PYTHONPATH} /usr/bin/cmake /home/jetson/robot_ws/src/navigation2/nav2_planner -DCMAKE_INSTALL_PREFIX=/home/jetson/robot_ws/install/nav2_planner
[23.270s] -- The C compiler identification is GNU 11.4.0
[23.270s] -- The CXX compiler identification is GNU 11.4.0
[23.270s] -- Detecting C compiler ABI info
[23.275s] -- Detecting C compiler ABI info - done
[23.276s] -- Check for working C compiler: /usr/bin/cc - skipped
[23.276s] -- Detecting C compile features
[23.279s] -- Detecting C compile features - done
[23.279s] -- Detecting CXX compiler ABI info
[23.280s] -- Detecting CXX compiler ABI info - done
[23.280s] -- Check for working CXX compiler: /usr/bin/c++ - skipped
[23.280s] -- Detecting CXX compile features
[23.280s] -- Detecting CXX compile features - done
[23.280s] -- Found ament_cmake: 1.3.12 (/opt/ros/humble/share/ament_cmake/cmake)
[23.280s] -- Found Python3: /usr/bin/python3 (found version "3.10.12") found components: Interpreter 
[23.280s] -- Found nav2_common: 1.1.20 (/home/jetson/robot_ws/install/nav2_common/share/nav2_common/cmake)
[23.280s] -- Found rclcpp: 16.0.15 (/opt/ros/humble/share/rclcpp/cmake)
[23.280s] -- Found rosidl_generator_c: 3.1.7 (/opt/ros/humble/share/rosidl_generator_c/cmake)
[23.281s] -- Found rosidl_adapter: 3.1.7 (/opt/ros/humble/share/rosidl_adapter/cmake)
[23.281s] -- Found rosidl_generator_cpp: 3.1.7 (/opt/ros/humble/share/rosidl_generator_cpp/cmake)
[23.281s] -- Using all available rosidl_typesupport_c: rosidl_typesupport_fastrtps_c;rosidl_typesupport_introspection_c
[23.281s] -- Using all available rosidl_typesupport_cpp: rosidl_typesupport_fastrtps_cpp;rosidl_typesupport_introspection_cpp
[23.281s] -- Found rmw_implementation_cmake: 6.1.2 (/opt/ros/humble/share/rmw_implementation_cmake/cmake)
[23.281s] -- Found rmw_fastrtps_cpp: 6.2.9 (/opt/ros/humble/share/rmw_fastrtps_cpp/cmake)
[23.281s] -- Found OpenSSL: /usr/lib/aarch64-linux-gnu/libcrypto.so (found version "3.0.2")  
[23.281s] -- Found FastRTPS: /opt/ros/humble/include  
[23.281s] -- Using RMW implementation 'rmw_fastrtps_cpp' as default
[23.281s] -- Looking for pthread.h
[23.281s] -- Looking for pthread.h - found
[23.282s] -- Performing Test CMAKE_HAVE_LIBC_PTHREAD
[23.282s] -- Performing Test CMAKE_HAVE_LIBC_PTHREAD - Success
[23.282s] -- Found Threads: TRUE  
[23.282s] -- Found rclcpp_action: 16.0.15 (/opt/ros/humble/share/rclcpp_action/cmake)
[23.282s] -- Found rclcpp_lifecycle: 16.0.15 (/opt/ros/humble/share/rclcpp_lifecycle/cmake)
[23.282s] -- Found rclcpp_components: 16.0.15 (/opt/ros/humble/share/rclcpp_components/cmake)
[23.282s] -- Found visualization_msgs: 4.9.0 (/opt/ros/humble/share/visualization_msgs/cmake)
[23.282s] -- Found nav2_util: 1.1.20 (/home/jetson/robot_ws/install/nav2_util/share/nav2_util/cmake)
[23.282s] -- Found eigen3_cmake_module: 0.1.1 (/opt/ros/humble/share/eigen3_cmake_module/cmake)
[23.282s] -- Found Eigen3: TRUE (found version "3.4.0") 
[23.283s] -- Ensuring Eigen3 include directory is part of orocos-kdl CMake target
[23.283s] -- Found nav2_costmap_2d: 1.1.20 (/home/jetson/robot_ws/install/nav2_costmap_2d/share/nav2_costmap_2d/cmake)
[23.283s] -- Found nav2_core: 1.1.20 (/home/jetson/robot_ws/install/nav2_core/share/nav2_core/cmake)
[23.283s] -- Setting build type to Release as none was specified.
[23.283s] -- Found ament_lint_auto: 0.12.14 (/opt/ros/humble/share/ament_lint_auto/cmake)
[23.283s] -- Found ament_cmake_gtest: 1.3.12 (/opt/ros/humble/share/ament_cmake_gtest/cmake)
[23.283s] -- Found gtest sources under '/opt/ros/humble/src/gtest_vendor': C++ tests using 'Google Test' will be built
[23.283s] -- Added test 'copyright' to check source files copyright and LICENSE
[23.283s] -- Added test 'cppcheck' to perform static code analysis on C / C++ code
[23.283s] -- Configured cppcheck include dirs: /home/jetson/robot_ws/src/navigation2/nav2_planner/include
[23.284s] -- Configured cppcheck exclude dirs and/or files: 
[23.284s] -- Added test 'cpplint' to check C / C++ code against the Google style
[23.284s] -- Configured cpplint exclude dirs and/or files: 
[23.284s] -- Added test 'lint_cmake' to check CMake code style
[23.284s] -- Added test 'uncrustify' to check C / C++ code style
[23.284s] -- Configured uncrustify additional arguments: 
[23.284s] -- Added test 'xmllint' to check XML markup files
[23.284s] -- Configuring done
[23.284s] -- Generating done
[23.284s] -- Build files have been written to: /home/jetson/robot_ws/build/nav2_planner
[23.286s] Invoked command in '/home/jetson/robot_ws/build/nav2_planner' returned '0': AMENT_PREFIX_PATH=/home/jetson/robot_ws/install/nav2_core:/home/jetson/robot_ws/install/nav2_costmap_2d:/home/jetson/robot_ws/install/nav2_map_server:/home/jetson/robot_ws/install/nav2_lifecycle_manager:/home/jetson/robot_ws/install/nav2_util:/home/jetson/robot_ws/install/nav2_voxel_grid:/home/jetson/robot_ws/install/nav2_msgs:/home/jetson/robot_ws/install/nav2_common:${AMENT_PREFIX_PATH} CMAKE_PREFIX_PATH=/home/jetson/robot_ws/install/nav2_core:/home/jetson/robot_ws/install/nav2_costmap_2d:/home/jetson/robot_ws/install/nav2_map_server:/home/jetson/robot_ws/install/nav2_lifecycle_manager:/home/jetson/robot_ws/install/nav2_util:/home/jetson/robot_ws/install/nav2_voxel_grid:/home/jetson/robot_ws/install/nav2_msgs:/home/jetson/robot_ws/install/nav2_common:/home/jetson/robot_ws/install/servicerobot_joy:/opt/ros/humble LD_LIBRARY_PATH=/home/jetson/robot_ws/install/nav2_costmap_2d/lib:/home/jetson/robot_ws/install/nav2_map_server/lib:/home/jetson/robot_ws/install/nav2_lifecycle_manager/lib:/home/jetson/robot_ws/install/nav2_util/lib:/home/jetson/robot_ws/install/nav2_voxel_grid/lib:/home/jetson/robot_ws/install/nav2_msgs/lib:${LD_LIBRARY_PATH} PYTHONPATH=/home/jetson/robot_ws/install/nav2_msgs/local/lib/python3.10/dist-packages:/home/jetson/robot_ws/install/nav2_common/local/lib/python3.10/dist-packages:${PYTHONPATH} /usr/bin/cmake /home/jetson/robot_ws/src/navigation2/nav2_planner -DCMAKE_INSTALL_PREFIX=/home/jetson/robot_ws/install/nav2_planner
[23.287s] Invoking command in '/home/jetson/robot_ws/build/nav2_planner': AMENT_PREFIX_PATH=/home/jetson/robot_ws/install/nav2_core:/home/jetson/robot_ws/install/nav2_costmap_2d:/home/jetson/robot_ws/install/nav2_map_server:/home/jetson/robot_ws/install/nav2_lifecycle_manager:/home/jetson/robot_ws/install/nav2_util:/home/jetson/robot_ws/install/nav2_voxel_grid:/home/jetson/robot_ws/install/nav2_msgs:/home/jetson/robot_ws/install/nav2_common:${AMENT_PREFIX_PATH} CMAKE_PREFIX_PATH=/home/jetson/robot_ws/install/nav2_core:/home/jetson/robot_ws/install/nav2_costmap_2d:/home/jetson/robot_ws/install/nav2_map_server:/home/jetson/robot_ws/install/nav2_lifecycle_manager:/home/jetson/robot_ws/install/nav2_util:/home/jetson/robot_ws/install/nav2_voxel_grid:/home/jetson/robot_ws/install/nav2_msgs:/home/jetson/robot_ws/install/nav2_common:/home/jetson/robot_ws/install/servicerobot_joy:/opt/ros/humble LD_LIBRARY_PATH=/home/jetson/robot_ws/install/nav2_costmap_2d/lib:/home/jetson/robot_ws/install/nav2_map_server/lib:/home/jetson/robot_ws/install/nav2_lifecycle_manager/lib:/home/jetson/robot_ws/install/nav2_util/lib:/home/jetson/robot_ws/install/nav2_voxel_grid/lib:/home/jetson/robot_ws/install/nav2_msgs/lib:${LD_LIBRARY_PATH} PYTHONPATH=/home/jetson/robot_ws/install/nav2_msgs/local/lib/python3.10/dist-packages:/home/jetson/robot_ws/install/nav2_common/local/lib/python3.10/dist-packages:${PYTHONPATH} /usr/bin/cmake --build /home/jetson/robot_ws/build/nav2_planner -- -j6 -l6
[23.523s] [ 10%] [32mBuilding CXX object CMakeFiles/planner_server_core.dir/src/planner_server.cpp.o[0m
[72.822s] [ 20%] [32m[1mLinking CXX shared library libplanner_server_core.so[0m
[74.305s] [ 20%] Built target planner_server_core
[74.380s] [ 30%] [32mBuilding CXX object gtest/CMakeFiles/gtest.dir/src/gtest-all.cc.o[0m
[95.418s] [ 40%] [32m[1mLinking CXX static library libgtest.a[0m
[95.507s] [ 40%] Built target gtest
[95.563s] [ 50%] [32mBuilding CXX object CMakeFiles/planner_server.dir/src/main.cpp.o[0m
[109.919s] [ 60%] [32m[1mLinking CXX executable planner_server[0m
[110.574s] [ 60%] Built target planner_server
[110.617s] [ 70%] [32mBuilding CXX object gtest/CMakeFiles/gtest_main.dir/src/gtest_main.cc.o[0m
[112.573s] [ 80%] [32m[1mLinking CXX static library libgtest_main.a[0m
[112.656s] [ 80%] Built target gtest_main
[112.718s] [ 90%] [32mBuilding CXX object test/CMakeFiles/test_dynamic_parameters.dir/test_dynamic_parameters.cpp.o[0m
[130.308s] [100%] [32m[1mLinking CXX executable test_dynamic_parameters[0m
[131.266s] [100%] Built target test_dynamic_parameters
[131.302s] Invoked command in '/home/jetson/robot_ws/build/nav2_planner' returned '0': AMENT_PREFIX_PATH=/home/jetson/robot_ws/install/nav2_core:/home/jetson/robot_ws/install/nav2_costmap_2d:/home/jetson/robot_ws/install/nav2_map_server:/home/jetson/robot_ws/install/nav2_lifecycle_manager:/home/jetson/robot_ws/install/nav2_util:/home/jetson/robot_ws/install/nav2_voxel_grid:/home/jetson/robot_ws/install/nav2_msgs:/home/jetson/robot_ws/install/nav2_common:${AMENT_PREFIX_PATH} CMAKE_PREFIX_PATH=/home/jetson/robot_ws/install/nav2_core:/home/jetson/robot_ws/install/nav2_costmap_2d:/home/jetson/robot_ws/install/nav2_map_server:/home/jetson/robot_ws/install/nav2_lifecycle_manager:/home/jetson/robot_ws/install/nav2_util:/home/jetson/robot_ws/install/nav2_voxel_grid:/home/jetson/robot_ws/install/nav2_msgs:/home/jetson/robot_ws/install/nav2_common:/home/jetson/robot_ws/install/servicerobot_joy:/opt/ros/humble LD_LIBRARY_PATH=/home/jetson/robot_ws/install/nav2_costmap_2d/lib:/home/jetson/robot_ws/install/nav2_map_server/lib:/home/jetson/robot_ws/install/nav2_lifecycle_manager/lib:/home/jetson/robot_ws/install/nav2_util/lib:/home/jetson/robot_ws/install/nav2_voxel_grid/lib:/home/jetson/robot_ws/install/nav2_msgs/lib:${LD_LIBRARY_PATH} PYTHONPATH=/home/jetson/robot_ws/install/nav2_msgs/local/lib/python3.10/dist-packages:/home/jetson/robot_ws/install/nav2_common/local/lib/python3.10/dist-packages:${PYTHONPATH} /usr/bin/cmake --build /home/jetson/robot_ws/build/nav2_planner -- -j6 -l6
[131.303s] Invoking command in '/home/jetson/robot_ws/build/nav2_planner': AMENT_PREFIX_PATH=/home/jetson/robot_ws/install/nav2_core:/home/jetson/robot_ws/install/nav2_costmap_2d:/home/jetson/robot_ws/install/nav2_map_server:/home/jetson/robot_ws/install/nav2_lifecycle_manager:/home/jetson/robot_ws/install/nav2_util:/home/jetson/robot_ws/install/nav2_voxel_grid:/home/jetson/robot_ws/install/nav2_msgs:/home/jetson/robot_ws/install/nav2_common:${AMENT_PREFIX_PATH} CMAKE_PREFIX_PATH=/home/jetson/robot_ws/install/nav2_core:/home/jetson/robot_ws/install/nav2_costmap_2d:/home/jetson/robot_ws/install/nav2_map_server:/home/jetson/robot_ws/install/nav2_lifecycle_manager:/home/jetson/robot_ws/install/nav2_util:/home/jetson/robot_ws/install/nav2_voxel_grid:/home/jetson/robot_ws/install/nav2_msgs:/home/jetson/robot_ws/install/nav2_common:/home/jetson/robot_ws/install/servicerobot_joy:/opt/ros/humble LD_LIBRARY_PATH=/home/jetson/robot_ws/install/nav2_costmap_2d/lib:/home/jetson/robot_ws/install/nav2_map_server/lib:/home/jetson/robot_ws/install/nav2_lifecycle_manager/lib:/home/jetson/robot_ws/install/nav2_util/lib:/home/jetson/robot_ws/install/nav2_voxel_grid/lib:/home/jetson/robot_ws/install/nav2_msgs/lib:${LD_LIBRARY_PATH} PYTHONPATH=/home/jetson/robot_ws/install/nav2_msgs/local/lib/python3.10/dist-packages:/home/jetson/robot_ws/install/nav2_common/local/lib/python3.10/dist-packages:${PYTHONPATH} /usr/bin/cmake --install /home/jetson/robot_ws/build/nav2_planner
[131.323s] -- Install configuration: "Release"
[131.324s] -- Installing: /home/jetson/robot_ws/install/nav2_planner/lib/libplanner_server_core.so
[131.328s] -- Set runtime path of "/home/jetson/robot_ws/install/nav2_planner/lib/libplanner_server_core.so" to ""
[131.328s] -- Installing: /home/jetson/robot_ws/install/nav2_planner/lib/nav2_planner/planner_server
[131.329s] -- Set runtime path of "/home/jetson/robot_ws/install/nav2_planner/lib/nav2_planner/planner_server" to ""
[131.329s] -- Installing: /home/jetson/robot_ws/install/nav2_planner/include/
[131.329s] -- Installing: /home/jetson/robot_ws/install/nav2_planner/include//nav2_planner
[131.330s] -- Installing: /home/jetson/robot_ws/install/nav2_planner/include//nav2_planner/planner_server.hpp
[131.330s] -- Installing: /home/jetson/robot_ws/install/nav2_planner/share/nav2_planner/environment/library_path.sh
[131.331s] -- Installing: /home/jetson/robot_ws/install/nav2_planner/share/nav2_planner/environment/library_path.dsv
[131.332s] -- Installing: /home/jetson/robot_ws/install/nav2_planner/share/ament_index/resource_index/package_run_dependencies/nav2_planner
[131.334s] -- Installing: /home/jetson/robot_ws/install/nav2_planner/share/ament_index/resource_index/parent_prefix_path/nav2_planner
[131.334s] -- Installing: /home/jetson/robot_ws/install/nav2_planner/share/nav2_planner/environment/ament_prefix_path.sh
[131.335s] -- Installing: /home/jetson/robot_ws/install/nav2_planner/share/nav2_planner/environment/ament_prefix_path.dsv
[131.336s] -- Installing: /home/jetson/robot_ws/install/nav2_planner/share/nav2_planner/environment/path.sh
[131.336s] -- Installing: /home/jetson/robot_ws/install/nav2_planner/share/nav2_planner/environment/path.dsv
[131.337s] -- Installing: /home/jetson/robot_ws/install/nav2_planner/share/nav2_planner/local_setup.bash
[131.338s] -- Installing: /home/jetson/robot_ws/install/nav2_planner/share/nav2_planner/local_setup.sh
[131.338s] -- Installing: /home/jetson/robot_ws/install/nav2_planner/share/nav2_planner/local_setup.zsh
[131.339s] -- Installing: /home/jetson/robot_ws/install/nav2_planner/share/nav2_planner/local_setup.dsv
[131.339s] -- Installing: /home/jetson/robot_ws/install/nav2_planner/share/nav2_planner/package.dsv
[131.340s] -- Installing: /home/jetson/robot_ws/install/nav2_planner/share/ament_index/resource_index/packages/nav2_planner
[131.341s] -- Installing: /home/jetson/robot_ws/install/nav2_planner/share/ament_index/resource_index/rclcpp_components/nav2_planner
[131.342s] -- Installing: /home/jetson/robot_ws/install/nav2_planner/share/nav2_planner/cmake/ament_cmake_export_include_directories-extras.cmake
[131.342s] -- Installing: /home/jetson/robot_ws/install/nav2_planner/share/nav2_planner/cmake/ament_cmake_export_libraries-extras.cmake
[131.343s] -- Installing: /home/jetson/robot_ws/install/nav2_planner/share/nav2_planner/cmake/ament_cmake_export_dependencies-extras.cmake
[131.343s] -- Installing: /home/jetson/robot_ws/install/nav2_planner/share/nav2_planner/cmake/nav2_plannerConfig.cmake
[131.344s] -- Installing: /home/jetson/robot_ws/install/nav2_planner/share/nav2_planner/cmake/nav2_plannerConfig-version.cmake
[131.345s] -- Installing: /home/jetson/robot_ws/install/nav2_planner/share/nav2_planner/package.xml
[131.360s] Invoked command in '/home/jetson/robot_ws/build/nav2_planner' returned '0': AMENT_PREFIX_PATH=/home/jetson/robot_ws/install/nav2_core:/home/jetson/robot_ws/install/nav2_costmap_2d:/home/jetson/robot_ws/install/nav2_map_server:/home/jetson/robot_ws/install/nav2_lifecycle_manager:/home/jetson/robot_ws/install/nav2_util:/home/jetson/robot_ws/install/nav2_voxel_grid:/home/jetson/robot_ws/install/nav2_msgs:/home/jetson/robot_ws/install/nav2_common:${AMENT_PREFIX_PATH} CMAKE_PREFIX_PATH=/home/jetson/robot_ws/install/nav2_core:/home/jetson/robot_ws/install/nav2_costmap_2d:/home/jetson/robot_ws/install/nav2_map_server:/home/jetson/robot_ws/install/nav2_lifecycle_manager:/home/jetson/robot_ws/install/nav2_util:/home/jetson/robot_ws/install/nav2_voxel_grid:/home/jetson/robot_ws/install/nav2_msgs:/home/jetson/robot_ws/install/nav2_common:/home/jetson/robot_ws/install/servicerobot_joy:/opt/ros/humble LD_LIBRARY_PATH=/home/jetson/robot_ws/install/nav2_costmap_2d/lib:/home/jetson/robot_ws/install/nav2_map_server/lib:/home/jetson/robot_ws/install/nav2_lifecycle_manager/lib:/home/jetson/robot_ws/install/nav2_util/lib:/home/jetson/robot_ws/install/nav2_voxel_grid/lib:/home/jetson/robot_ws/install/nav2_msgs/lib:${LD_LIBRARY_PATH} PYTHONPATH=/home/jetson/robot_ws/install/nav2_msgs/local/lib/python3.10/dist-packages:/home/jetson/robot_ws/install/nav2_common/local/lib/python3.10/dist-packages:${PYTHONPATH} /usr/bin/cmake --install /home/jetson/robot_ws/build/nav2_planner
