[0.036s] Invoking command in '/home/jetson/robot_ws/build/nav2_rviz_plugins': AMENT_PREFIX_PATH=/home/jetson/robot_ws/install/nav2_lifecycle_manager:/home/jetson/robot_ws/install/nav2_util:/home/jetson/robot_ws/install/nav2_msgs:/home/jetson/robot_ws/install/nav2_common:${AMENT_PREFIX_PATH} CMAKE_PREFIX_PATH=/home/jetson/robot_ws/install/nav2_lifecycle_manager:/home/jetson/robot_ws/install/nav2_util:/home/jetson/robot_ws/install/nav2_msgs:/home/jetson/robot_ws/install/nav2_common:/opt/ros/humble LD_LIBRARY_PATH=/home/jetson/robot_ws/install/nav2_lifecycle_manager/lib:/home/jetson/robot_ws/install/nav2_util/lib:/home/jetson/robot_ws/install/nav2_msgs/lib:${LD_LIBRARY_PATH} PYTHONPATH=/home/jetson/robot_ws/install/nav2_msgs/local/lib/python3.10/dist-packages:/home/jetson/robot_ws/install/nav2_common/local/lib/python3.10/dist-packages:${PYTHONPATH} /usr/bin/cmake /home/jetson/robot_ws/src/navigation2/nav2_rviz_plugins -DCMAKE_INSTALL_PREFIX=/home/jetson/robot_ws/install/nav2_rviz_plugins
[0.163s] -- The C compiler identification is GNU 11.4.0
[0.271s] -- The CXX compiler identification is GNU 11.4.0
[0.284s] -- Detecting C compiler ABI info
[0.427s] -- Detecting C compiler ABI info - done
[0.447s] -- Check for working C compiler: /usr/bin/cc - skipped
[0.448s] -- Detecting C compile features
[0.449s] -- Detecting C compile features - done
[0.458s] -- Detecting CXX compiler ABI info
[0.680s] -- Detecting CXX compiler ABI info - done
[0.695s] -- Check for working CXX compiler: /usr/bin/c++ - skipped
[0.696s] -- Detecting CXX compile features
[0.697s] -- Detecting CXX compile features - done
[0.705s] -- Found ament_cmake: 1.3.12 (/opt/ros/humble/share/ament_cmake/cmake)
[1.125s] -- Found Python3: /usr/bin/python3 (found version "3.10.12") found components: Interpreter 
[1.407s] -- Found geometry_msgs: 4.9.0 (/opt/ros/humble/share/geometry_msgs/cmake)
[1.489s] -- Found rosidl_generator_c: 3.1.7 (/opt/ros/humble/share/rosidl_generator_c/cmake)
[1.504s] -- Found rosidl_adapter: 3.1.7 (/opt/ros/humble/share/rosidl_adapter/cmake)
[1.518s] -- Found rosidl_generator_cpp: 3.1.7 (/opt/ros/humble/share/rosidl_generator_cpp/cmake)
[1.542s] -- Using all available rosidl_typesupport_c: rosidl_typesupport_fastrtps_c;rosidl_typesupport_introspection_c
[1.575s] -- Using all available rosidl_typesupport_cpp: rosidl_typesupport_fastrtps_cpp;rosidl_typesupport_introspection_cpp
[1.653s] -- Found nav2_util: 1.1.20 (/home/jetson/robot_ws/install/nav2_util/share/nav2_util/cmake)
[2.013s] -- Found rmw_implementation_cmake: 6.1.2 (/opt/ros/humble/share/rmw_implementation_cmake/cmake)
[2.020s] -- Found rmw_fastrtps_cpp: 6.2.9 (/opt/ros/humble/share/rmw_fastrtps_cpp/cmake)
[2.359s] -- Found OpenSSL: /usr/lib/aarch64-linux-gnu/libcrypto.so (found version "3.0.2")  
[2.423s] -- Found FastRTPS: /opt/ros/humble/include  
[2.500s] -- Using RMW implementation 'rmw_fastrtps_cpp' as default
[2.517s] -- Looking for pthread.h
[2.649s] -- Looking for pthread.h - found
[2.649s] -- Performing Test CMAKE_HAVE_LIBC_PTHREAD
[2.847s] -- Performing Test CMAKE_HAVE_LIBC_PTHREAD - Success
[2.849s] -- Found Threads: TRUE  
[3.040s] -- Found eigen3_cmake_module: 0.1.1 (/opt/ros/humble/share/eigen3_cmake_module/cmake)
[3.042s] -- Found Eigen3: TRUE (found version "3.4.0") 
[3.043s] -- Ensuring Eigen3 include directory is part of orocos-kdl CMake target
[3.135s] -- Found nav2_lifecycle_manager: 1.1.20 (/home/jetson/robot_ws/install/nav2_lifecycle_manager/share/nav2_lifecycle_manager/cmake)
[3.223s] -- Found pluginlib: 5.1.2 (/opt/ros/humble/share/pluginlib/cmake)
[3.330s] -- Found rviz_common: 11.2.22 (/opt/ros/humble/share/rviz_common/cmake)
[3.350s] -- Setting assimp_DIR to: '/opt/ros/humble/share/rviz_assimp_vendor/cmake/../../../opt/rviz_assimp_vendor/lib/cmake/assimp-4.1'
[3.371s] -- Setting OGRE_DIR to: '/opt/ros/humble/share/rviz_ogre_vendor/cmake/../../../opt/rviz_ogre_vendor/lib/OGRE/cmake'
[3.375s] -- Found OGRE
[3.375s] --   static     : OFF
[3.375s] --   components : HLMS;MeshLodGenerator;Overlay;Paging;Property;RTShaderSystem;Terrain;Volume
[3.375s] --   plugins    : Plugin_BSPSceneManager;Plugin_OctreeSceneManager;Plugin_PCZSceneManager;Plugin_ParticleFX;RenderSystem_GL;RenderSystem_GL3Plus;Codec_STBI
[3.375s] --   media      : /opt/ros/humble/opt/rviz_ogre_vendor/share/OGRE/Media
[3.376s] -- OGRE_LIBRARIES: OgreHLMS;OgreMeshLodGenerator;OgreOverlay;OgrePaging;OgreProperty;OgreRTShaderSystem;OgreTerrain;OgreVolume;OgreMain
[3.376s] -- OGRE_LIBRARY_DIRS: /opt/ros/humble/opt/rviz_ogre_vendor/lib
[3.376s] -- OGRE_PLUGINS: Plugin_BSPSceneManager;Plugin_OctreeSceneManager;Plugin_PCZSceneManager;Plugin_ParticleFX;RenderSystem_GL;RenderSystem_GL3Plus;Codec_STBI
[3.376s] -- OGRE_PLUGIN_DIR: /opt/ros/humble/opt/rviz_ogre_vendor/lib/OGRE
[3.376s] -- rviz_ogre_vendor::OgreOverlay for IMPORTED_LOCATION_RELEASE: /opt/ros/humble/opt/rviz_ogre_vendor/lib/libOgreOverlay.so
[3.376s] -- rviz_ogre_vendor::OgreOverlay for IMPORTED_LOCATION_DEBUG: /opt/ros/humble/opt/rviz_ogre_vendor/lib/libOgreOverlay.so
[3.376s] -- rviz_ogre_vendor::OgreMain for IMPORTED_LOCATION_RELEASE: /opt/ros/humble/opt/rviz_ogre_vendor/lib/libOgreMain.so
[3.376s] -- rviz_ogre_vendor::OgreMain for IMPORTED_LOCATION_DEBUG: /opt/ros/humble/opt/rviz_ogre_vendor/lib/libOgreMain.so
[3.446s] -- Found ZLIB: /usr/lib/aarch64-linux-gnu/libz.so (found version "1.2.11") 
[3.465s] -- Found OpenGL: /usr/lib/aarch64-linux-gnu/libOpenGL.so   
[3.707s] -- Found X11: /usr/include   
[3.709s] -- Looking for XOpenDisplay in /usr/lib/aarch64-linux-gnu/libX11.so;/usr/lib/aarch64-linux-gnu/libXext.so
[3.914s] -- Looking for XOpenDisplay in /usr/lib/aarch64-linux-gnu/libX11.so;/usr/lib/aarch64-linux-gnu/libXext.so - found
[3.914s] -- Looking for gethostbyname
[4.072s] -- Looking for gethostbyname - found
[4.072s] -- Looking for connect
[4.246s] -- Looking for connect - found
[4.246s] -- Looking for remove
[4.406s] -- Looking for remove - found
[4.406s] -- Looking for shmat
[4.617s] -- Looking for shmat - found
[4.618s] -- Looking for IceConnectionNumber in ICE
[4.794s] -- Looking for IceConnectionNumber in ICE - found
[5.079s] -- library: /usr/lib/aarch64-linux-gnu/libcurl.so
[5.172s] -- Found rviz_default_plugins: 11.2.22 (/opt/ros/humble/share/rviz_default_plugins/cmake)
[5.460s] -- Found ament_lint_auto: 0.12.14 (/opt/ros/humble/share/ament_lint_auto/cmake)
[5.661s] -- Added test 'copyright' to check source files copyright and LICENSE
[5.664s] -- Added test 'cppcheck' to perform static code analysis on C / C++ code
[5.666s] -- Configured cppcheck include dirs: /home/jetson/robot_ws/src/navigation2/nav2_rviz_plugins/include
[5.666s] -- Configured cppcheck exclude dirs and/or files: 
[5.669s] -- Added test 'cpplint' to check C / C++ code against the Google style
[5.669s] -- Configured cpplint exclude dirs and/or files: 
[5.671s] -- Added test 'lint_cmake' to check CMake code style
[5.674s] -- Added test 'uncrustify' to check C / C++ code style
[5.675s] -- Configured uncrustify additional arguments: 
[5.676s] -- Added test 'xmllint' to check XML markup files
[5.685s] -- Configuring done
[5.860s] -- Generating done
[5.889s] -- Build files have been written to: /home/jetson/robot_ws/build/nav2_rviz_plugins
[5.942s] Invoked command in '/home/jetson/robot_ws/build/nav2_rviz_plugins' returned '0': AMENT_PREFIX_PATH=/home/jetson/robot_ws/install/nav2_lifecycle_manager:/home/jetson/robot_ws/install/nav2_util:/home/jetson/robot_ws/install/nav2_msgs:/home/jetson/robot_ws/install/nav2_common:${AMENT_PREFIX_PATH} CMAKE_PREFIX_PATH=/home/jetson/robot_ws/install/nav2_lifecycle_manager:/home/jetson/robot_ws/install/nav2_util:/home/jetson/robot_ws/install/nav2_msgs:/home/jetson/robot_ws/install/nav2_common:/opt/ros/humble LD_LIBRARY_PATH=/home/jetson/robot_ws/install/nav2_lifecycle_manager/lib:/home/jetson/robot_ws/install/nav2_util/lib:/home/jetson/robot_ws/install/nav2_msgs/lib:${LD_LIBRARY_PATH} PYTHONPATH=/home/jetson/robot_ws/install/nav2_msgs/local/lib/python3.10/dist-packages:/home/jetson/robot_ws/install/nav2_common/local/lib/python3.10/dist-packages:${PYTHONPATH} /usr/bin/cmake /home/jetson/robot_ws/src/navigation2/nav2_rviz_plugins -DCMAKE_INSTALL_PREFIX=/home/jetson/robot_ws/install/nav2_rviz_plugins
[5.943s] Invoking command in '/home/jetson/robot_ws/build/nav2_rviz_plugins': AMENT_PREFIX_PATH=/home/jetson/robot_ws/install/nav2_lifecycle_manager:/home/jetson/robot_ws/install/nav2_util:/home/jetson/robot_ws/install/nav2_msgs:/home/jetson/robot_ws/install/nav2_common:${AMENT_PREFIX_PATH} CMAKE_PREFIX_PATH=/home/jetson/robot_ws/install/nav2_lifecycle_manager:/home/jetson/robot_ws/install/nav2_util:/home/jetson/robot_ws/install/nav2_msgs:/home/jetson/robot_ws/install/nav2_common:/opt/ros/humble LD_LIBRARY_PATH=/home/jetson/robot_ws/install/nav2_lifecycle_manager/lib:/home/jetson/robot_ws/install/nav2_util/lib:/home/jetson/robot_ws/install/nav2_msgs/lib:${LD_LIBRARY_PATH} PYTHONPATH=/home/jetson/robot_ws/install/nav2_msgs/local/lib/python3.10/dist-packages:/home/jetson/robot_ws/install/nav2_common/local/lib/python3.10/dist-packages:${PYTHONPATH} /usr/bin/cmake --build /home/jetson/robot_ws/build/nav2_rviz_plugins -- -j6 -l6
[6.063s] [ 14%] [34m[1mAutomatic MOC for target nav2_rviz_plugins[0m
[8.968s] [ 14%] Built target nav2_rviz_plugins_autogen
[9.016s] [ 28%] [32mBuilding CXX object CMakeFiles/nav2_rviz_plugins.dir/nav2_rviz_plugins_autogen/mocs_compilation.cpp.o[0m
[43.717s] [ 42%] [32mBuilding CXX object CMakeFiles/nav2_rviz_plugins.dir/src/particle_cloud_display/particle_cloud_display.cpp.o[0m
[70.716s] [ 57%] [32mBuilding CXX object CMakeFiles/nav2_rviz_plugins.dir/src/particle_cloud_display/flat_weighted_arrows_array.cpp.o[0m
[89.105s] [ 71%] [32mBuilding CXX object CMakeFiles/nav2_rviz_plugins.dir/src/nav2_panel.cpp.o[0m
[139.905s] [ 85%] [32mBuilding CXX object CMakeFiles/nav2_rviz_plugins.dir/src/goal_tool.cpp.o[0m
[151.336s] [100%] [32m[1mLinking CXX shared library libnav2_rviz_plugins.so[0m
[166.785s] [100%] Built target nav2_rviz_plugins
[166.850s] Invoked command in '/home/jetson/robot_ws/build/nav2_rviz_plugins' returned '0': AMENT_PREFIX_PATH=/home/jetson/robot_ws/install/nav2_lifecycle_manager:/home/jetson/robot_ws/install/nav2_util:/home/jetson/robot_ws/install/nav2_msgs:/home/jetson/robot_ws/install/nav2_common:${AMENT_PREFIX_PATH} CMAKE_PREFIX_PATH=/home/jetson/robot_ws/install/nav2_lifecycle_manager:/home/jetson/robot_ws/install/nav2_util:/home/jetson/robot_ws/install/nav2_msgs:/home/jetson/robot_ws/install/nav2_common:/opt/ros/humble LD_LIBRARY_PATH=/home/jetson/robot_ws/install/nav2_lifecycle_manager/lib:/home/jetson/robot_ws/install/nav2_util/lib:/home/jetson/robot_ws/install/nav2_msgs/lib:${LD_LIBRARY_PATH} PYTHONPATH=/home/jetson/robot_ws/install/nav2_msgs/local/lib/python3.10/dist-packages:/home/jetson/robot_ws/install/nav2_common/local/lib/python3.10/dist-packages:${PYTHONPATH} /usr/bin/cmake --build /home/jetson/robot_ws/build/nav2_rviz_plugins -- -j6 -l6
[166.851s] Invoking command in '/home/jetson/robot_ws/build/nav2_rviz_plugins': AMENT_PREFIX_PATH=/home/jetson/robot_ws/install/nav2_lifecycle_manager:/home/jetson/robot_ws/install/nav2_util:/home/jetson/robot_ws/install/nav2_msgs:/home/jetson/robot_ws/install/nav2_common:${AMENT_PREFIX_PATH} CMAKE_PREFIX_PATH=/home/jetson/robot_ws/install/nav2_lifecycle_manager:/home/jetson/robot_ws/install/nav2_util:/home/jetson/robot_ws/install/nav2_msgs:/home/jetson/robot_ws/install/nav2_common:/opt/ros/humble LD_LIBRARY_PATH=/home/jetson/robot_ws/install/nav2_lifecycle_manager/lib:/home/jetson/robot_ws/install/nav2_util/lib:/home/jetson/robot_ws/install/nav2_msgs/lib:${LD_LIBRARY_PATH} PYTHONPATH=/home/jetson/robot_ws/install/nav2_msgs/local/lib/python3.10/dist-packages:/home/jetson/robot_ws/install/nav2_common/local/lib/python3.10/dist-packages:${PYTHONPATH} /usr/bin/cmake --install /home/jetson/robot_ws/build/nav2_rviz_plugins
[166.877s] -- Install configuration: ""
[166.878s] -- Installing: /home/jetson/robot_ws/install/nav2_rviz_plugins/share/nav2_rviz_plugins/plugins_description.xml
[166.881s] -- Installing: /home/jetson/robot_ws/install/nav2_rviz_plugins/lib/libnav2_rviz_plugins.so
[166.953s] -- Set runtime path of "/home/jetson/robot_ws/install/nav2_rviz_plugins/lib/libnav2_rviz_plugins.so" to ""
[166.953s] -- Installing: /home/jetson/robot_ws/install/nav2_rviz_plugins/include/
[166.953s] -- Installing: /home/jetson/robot_ws/install/nav2_rviz_plugins/include//nav2_rviz_plugins
[166.953s] -- Installing: /home/jetson/robot_ws/install/nav2_rviz_plugins/include//nav2_rviz_plugins/nav2_panel.hpp
[166.954s] -- Installing: /home/jetson/robot_ws/install/nav2_rviz_plugins/include//nav2_rviz_plugins/particle_cloud_display
[166.954s] -- Installing: /home/jetson/robot_ws/install/nav2_rviz_plugins/include//nav2_rviz_plugins/particle_cloud_display/particle_cloud_display.hpp
[166.954s] -- Installing: /home/jetson/robot_ws/install/nav2_rviz_plugins/include//nav2_rviz_plugins/particle_cloud_display/flat_weighted_arrows_array.hpp
[166.955s] -- Installing: /home/jetson/robot_ws/install/nav2_rviz_plugins/include//nav2_rviz_plugins/goal_tool.hpp
[166.966s] -- Installing: /home/jetson/robot_ws/install/nav2_rviz_plugins/include//nav2_rviz_plugins/ros_action_qevent.hpp
[166.967s] -- Installing: /home/jetson/robot_ws/install/nav2_rviz_plugins/include//nav2_rviz_plugins/goal_common.hpp
[166.967s] -- Installing: /home/jetson/robot_ws/install/nav2_rviz_plugins/include//nav2_rviz_plugins/goal_pose_updater.hpp
[166.967s] -- Installing: /home/jetson/robot_ws/install/nav2_rviz_plugins/share/nav2_rviz_plugins/environment/library_path.sh
[166.968s] -- Installing: /home/jetson/robot_ws/install/nav2_rviz_plugins/share/nav2_rviz_plugins/environment/library_path.dsv
[166.968s] -- Installing: /home/jetson/robot_ws/install/nav2_rviz_plugins/share/ament_index/resource_index/package_run_dependencies/nav2_rviz_plugins
[166.969s] -- Installing: /home/jetson/robot_ws/install/nav2_rviz_plugins/share/ament_index/resource_index/parent_prefix_path/nav2_rviz_plugins
[166.969s] -- Installing: /home/jetson/robot_ws/install/nav2_rviz_plugins/share/nav2_rviz_plugins/environment/ament_prefix_path.sh
[166.969s] -- Installing: /home/jetson/robot_ws/install/nav2_rviz_plugins/share/nav2_rviz_plugins/environment/ament_prefix_path.dsv
[166.970s] -- Installing: /home/jetson/robot_ws/install/nav2_rviz_plugins/share/nav2_rviz_plugins/environment/path.sh
[166.970s] -- Installing: /home/jetson/robot_ws/install/nav2_rviz_plugins/share/nav2_rviz_plugins/environment/path.dsv
[166.970s] -- Installing: /home/jetson/robot_ws/install/nav2_rviz_plugins/share/nav2_rviz_plugins/local_setup.bash
[166.971s] -- Installing: /home/jetson/robot_ws/install/nav2_rviz_plugins/share/nav2_rviz_plugins/local_setup.sh
[166.971s] -- Installing: /home/jetson/robot_ws/install/nav2_rviz_plugins/share/nav2_rviz_plugins/local_setup.zsh
[166.971s] -- Installing: /home/jetson/robot_ws/install/nav2_rviz_plugins/share/nav2_rviz_plugins/local_setup.dsv
[166.972s] -- Installing: /home/jetson/robot_ws/install/nav2_rviz_plugins/share/nav2_rviz_plugins/package.dsv
[166.972s] -- Installing: /home/jetson/robot_ws/install/nav2_rviz_plugins/share/ament_index/resource_index/packages/nav2_rviz_plugins
[166.972s] -- Installing: /home/jetson/robot_ws/install/nav2_rviz_plugins/share/ament_index/resource_index/rviz_common__pluginlib__plugin/nav2_rviz_plugins
[166.973s] -- Installing: /home/jetson/robot_ws/install/nav2_rviz_plugins/share/nav2_rviz_plugins/cmake/nav2_rviz_pluginsExport.cmake
[166.973s] -- Installing: /home/jetson/robot_ws/install/nav2_rviz_plugins/share/nav2_rviz_plugins/cmake/nav2_rviz_pluginsExport-noconfig.cmake
[166.974s] -- Installing: /home/jetson/robot_ws/install/nav2_rviz_plugins/share/nav2_rviz_plugins/cmake/ament_cmake_export_include_directories-extras.cmake
[166.974s] -- Installing: /home/jetson/robot_ws/install/nav2_rviz_plugins/share/nav2_rviz_plugins/cmake/ament_cmake_export_targets-extras.cmake
[166.974s] -- Installing: /home/jetson/robot_ws/install/nav2_rviz_plugins/share/nav2_rviz_plugins/cmake/ament_cmake_export_dependencies-extras.cmake
[166.975s] -- Installing: /home/jetson/robot_ws/install/nav2_rviz_plugins/share/nav2_rviz_plugins/cmake/nav2_rviz_pluginsConfig.cmake
[166.975s] -- Installing: /home/jetson/robot_ws/install/nav2_rviz_plugins/share/nav2_rviz_plugins/cmake/nav2_rviz_pluginsConfig-version.cmake
[166.975s] -- Installing: /home/jetson/robot_ws/install/nav2_rviz_plugins/share/nav2_rviz_plugins/package.xml
[166.980s] Invoked command in '/home/jetson/robot_ws/build/nav2_rviz_plugins' returned '0': AMENT_PREFIX_PATH=/home/jetson/robot_ws/install/nav2_lifecycle_manager:/home/jetson/robot_ws/install/nav2_util:/home/jetson/robot_ws/install/nav2_msgs:/home/jetson/robot_ws/install/nav2_common:${AMENT_PREFIX_PATH} CMAKE_PREFIX_PATH=/home/jetson/robot_ws/install/nav2_lifecycle_manager:/home/jetson/robot_ws/install/nav2_util:/home/jetson/robot_ws/install/nav2_msgs:/home/jetson/robot_ws/install/nav2_common:/opt/ros/humble LD_LIBRARY_PATH=/home/jetson/robot_ws/install/nav2_lifecycle_manager/lib:/home/jetson/robot_ws/install/nav2_util/lib:/home/jetson/robot_ws/install/nav2_msgs/lib:${LD_LIBRARY_PATH} PYTHONPATH=/home/jetson/robot_ws/install/nav2_msgs/local/lib/python3.10/dist-packages:/home/jetson/robot_ws/install/nav2_common/local/lib/python3.10/dist-packages:${PYTHONPATH} /usr/bin/cmake --install /home/jetson/robot_ws/build/nav2_rviz_plugins
