[0.062s] Invoking command in '/home/jetson/robot_ws/build/nav2_route': AMENT_PREFIX_PATH=/home/jetson/robot_ws/install/nav2_core:/home/jetson/robot_ws/install/nav2_costmap_2d:/home/jetson/robot_ws/install/nav2_map_server:/home/jetson/robot_ws/install/nav2_lifecycle_manager:/home/jetson/robot_ws/install/nav2_util:/home/jetson/robot_ws/install/nav2_voxel_grid:/home/jetson/robot_ws/install/nav2_msgs:/home/jetson/robot_ws/install/nav2_common:${AMENT_PREFIX_PATH} CMAKE_PREFIX_PATH=/home/jetson/robot_ws/install/nav2_core:/home/jetson/robot_ws/install/nav2_costmap_2d:/home/jetson/robot_ws/install/nav2_map_server:/home/jetson/robot_ws/install/nav2_lifecycle_manager:/home/jetson/robot_ws/install/nav2_util:/home/jetson/robot_ws/install/nav2_voxel_grid:/home/jetson/robot_ws/install/nav2_msgs:/home/jetson/robot_ws/install/nav2_common:/home/jetson/robot_ws/install/servicerobot_joy:/opt/ros/humble LD_LIBRARY_PATH=/home/jetson/robot_ws/install/nav2_costmap_2d/lib:/home/jetson/robot_ws/install/nav2_map_server/lib:/home/jetson/robot_ws/install/nav2_lifecycle_manager/lib:/home/jetson/robot_ws/install/nav2_util/lib:/home/jetson/robot_ws/install/nav2_voxel_grid/lib:/home/jetson/robot_ws/install/nav2_msgs/lib:${LD_LIBRARY_PATH} PYTHONPATH=/home/jetson/robot_ws/install/nav2_msgs/local/lib/python3.10/dist-packages:/home/jetson/robot_ws/install/nav2_common/local/lib/python3.10/dist-packages:${PYTHONPATH} /usr/bin/cmake /home/jetson/robot_ws/src/navigation2/nav2_route -DCMAKE_INSTALL_PREFIX=/home/jetson/robot_ws/install/nav2_route
[44.501s] -- The CXX compiler identification is GNU 11.4.0
[44.506s] -- Detecting CXX compiler ABI info
[44.506s] -- Detecting CXX compiler ABI info - done
[44.507s] -- Check for working CXX compiler: /usr/bin/c++ - skipped
[44.507s] -- Detecting CXX compile features
[44.507s] -- Detecting CXX compile features - done
[44.507s] -- Found ament_cmake: 1.3.12 (/opt/ros/humble/share/ament_cmake/cmake)
[44.507s] -- Found Python3: /usr/bin/python3 (found version "3.10.12") found components: Interpreter 
[44.507s] -- Found nav2_common: 1.1.20 (/home/jetson/robot_ws/install/nav2_common/share/nav2_common/cmake)
[44.507s] -- Found rclcpp: 16.0.15 (/opt/ros/humble/share/rclcpp/cmake)
[44.507s] -- Found rosidl_generator_c: 3.1.7 (/opt/ros/humble/share/rosidl_generator_c/cmake)
[44.508s] -- Found rosidl_adapter: 3.1.7 (/opt/ros/humble/share/rosidl_adapter/cmake)
[44.508s] -- Found rosidl_generator_cpp: 3.1.7 (/opt/ros/humble/share/rosidl_generator_cpp/cmake)
[44.508s] -- Using all available rosidl_typesupport_c: rosidl_typesupport_fastrtps_c;rosidl_typesupport_introspection_c
[44.508s] -- Using all available rosidl_typesupport_cpp: rosidl_typesupport_fastrtps_cpp;rosidl_typesupport_introspection_cpp
[44.508s] -- Found rmw_implementation_cmake: 6.1.2 (/opt/ros/humble/share/rmw_implementation_cmake/cmake)
[44.508s] -- Found rmw_fastrtps_cpp: 6.2.9 (/opt/ros/humble/share/rmw_fastrtps_cpp/cmake)
[44.508s] -- Found OpenSSL: /usr/lib/aarch64-linux-gnu/libcrypto.so (found version "3.0.2")  
[44.508s] -- Found FastRTPS: /opt/ros/humble/include  
[44.508s] -- Using RMW implementation 'rmw_fastrtps_cpp' as default
[44.508s] -- Looking for C++ include pthread.h
[44.509s] -- Looking for C++ include pthread.h - found
[44.509s] -- Performing Test CMAKE_HAVE_LIBC_PTHREAD
[44.509s] -- Performing Test CMAKE_HAVE_LIBC_PTHREAD - Success
[44.509s] -- Found Threads: TRUE  
[44.509s] -- Found rclcpp_lifecycle: 16.0.15 (/opt/ros/humble/share/rclcpp_lifecycle/cmake)
[44.509s] -- Found rclcpp_components: 16.0.15 (/opt/ros/humble/share/rclcpp_components/cmake)
[44.509s] -- Found geometry_msgs: 4.9.0 (/opt/ros/humble/share/geometry_msgs/cmake)
[44.509s] -- Found nav2_costmap_2d: 1.1.20 (/home/jetson/robot_ws/install/nav2_costmap_2d/share/nav2_costmap_2d/cmake)
[44.509s] -- Found Eigen3: TRUE (found version "3.4.0") 
[44.509s] -- Ensuring Eigen3 include directory is part of orocos-kdl CMake target
[44.510s] -- Found nav2_core: 1.1.20 (/home/jetson/robot_ws/install/nav2_core/share/nav2_core/cmake)
[44.510s] -- Found nlohmann_json: /usr/lib/cmake/nlohmann_json/nlohmann_jsonConfig.cmake (found version "3.10.5") 
[44.510s] -- Setting build type to Release as none was specified.
[44.511s] -- Found ament_lint_auto: 0.12.14 (/opt/ros/humble/share/ament_lint_auto/cmake)
[44.511s] -- Found gtest sources under '/opt/ros/humble/src/gtest_vendor': C++ tests using 'Google Test' will be built
[44.511s] -- The C compiler identification is GNU 11.4.0
[44.511s] -- Detecting C compiler ABI info
[44.512s] -- Detecting C compiler ABI info - done
[44.512s] -- Check for working C compiler: /usr/bin/cc - skipped
[44.512s] -- Detecting C compile features
[44.512s] -- Detecting C compile features - done
[44.512s] -- Added test 'cppcheck' to perform static code analysis on C / C++ code
[44.512s] -- Configured cppcheck include dirs: /home/jetson/robot_ws/src/navigation2/nav2_route/include
[44.512s] -- Configured cppcheck exclude dirs and/or files: 
[44.512s] -- Added test 'cpplint' to check C / C++ code against the Google style
[44.513s] -- Configured cpplint exclude dirs and/or files: 
[44.513s] -- Added test 'flake8' to check Python code syntax and style conventions
[44.513s] -- Added test 'lint_cmake' to check CMake code style
[44.513s] -- Added test 'pep257' to check Python code against some of the docstring style conventions in PEP 257
[44.513s] -- Added test 'uncrustify' to check C / C++ code style
[44.513s] -- Configured uncrustify additional arguments: 
[44.513s] -- Added test 'xmllint' to check XML markup files
[44.513s] -- Configuring done
[44.513s] -- Generating done
[44.513s] -- Build files have been written to: /home/jetson/robot_ws/build/nav2_route
[44.517s] Invoked command in '/home/jetson/robot_ws/build/nav2_route' returned '0': AMENT_PREFIX_PATH=/home/jetson/robot_ws/install/nav2_core:/home/jetson/robot_ws/install/nav2_costmap_2d:/home/jetson/robot_ws/install/nav2_map_server:/home/jetson/robot_ws/install/nav2_lifecycle_manager:/home/jetson/robot_ws/install/nav2_util:/home/jetson/robot_ws/install/nav2_voxel_grid:/home/jetson/robot_ws/install/nav2_msgs:/home/jetson/robot_ws/install/nav2_common:${AMENT_PREFIX_PATH} CMAKE_PREFIX_PATH=/home/jetson/robot_ws/install/nav2_core:/home/jetson/robot_ws/install/nav2_costmap_2d:/home/jetson/robot_ws/install/nav2_map_server:/home/jetson/robot_ws/install/nav2_lifecycle_manager:/home/jetson/robot_ws/install/nav2_util:/home/jetson/robot_ws/install/nav2_voxel_grid:/home/jetson/robot_ws/install/nav2_msgs:/home/jetson/robot_ws/install/nav2_common:/home/jetson/robot_ws/install/servicerobot_joy:/opt/ros/humble LD_LIBRARY_PATH=/home/jetson/robot_ws/install/nav2_costmap_2d/lib:/home/jetson/robot_ws/install/nav2_map_server/lib:/home/jetson/robot_ws/install/nav2_lifecycle_manager/lib:/home/jetson/robot_ws/install/nav2_util/lib:/home/jetson/robot_ws/install/nav2_voxel_grid/lib:/home/jetson/robot_ws/install/nav2_msgs/lib:${LD_LIBRARY_PATH} PYTHONPATH=/home/jetson/robot_ws/install/nav2_msgs/local/lib/python3.10/dist-packages:/home/jetson/robot_ws/install/nav2_common/local/lib/python3.10/dist-packages:${PYTHONPATH} /usr/bin/cmake /home/jetson/robot_ws/src/navigation2/nav2_route -DCMAKE_INSTALL_PREFIX=/home/jetson/robot_ws/install/nav2_route
[44.533s] Invoking command in '/home/jetson/robot_ws/build/nav2_route': AMENT_PREFIX_PATH=/home/jetson/robot_ws/install/nav2_core:/home/jetson/robot_ws/install/nav2_costmap_2d:/home/jetson/robot_ws/install/nav2_map_server:/home/jetson/robot_ws/install/nav2_lifecycle_manager:/home/jetson/robot_ws/install/nav2_util:/home/jetson/robot_ws/install/nav2_voxel_grid:/home/jetson/robot_ws/install/nav2_msgs:/home/jetson/robot_ws/install/nav2_common:${AMENT_PREFIX_PATH} CMAKE_PREFIX_PATH=/home/jetson/robot_ws/install/nav2_core:/home/jetson/robot_ws/install/nav2_costmap_2d:/home/jetson/robot_ws/install/nav2_map_server:/home/jetson/robot_ws/install/nav2_lifecycle_manager:/home/jetson/robot_ws/install/nav2_util:/home/jetson/robot_ws/install/nav2_voxel_grid:/home/jetson/robot_ws/install/nav2_msgs:/home/jetson/robot_ws/install/nav2_common:/home/jetson/robot_ws/install/servicerobot_joy:/opt/ros/humble LD_LIBRARY_PATH=/home/jetson/robot_ws/install/nav2_costmap_2d/lib:/home/jetson/robot_ws/install/nav2_map_server/lib:/home/jetson/robot_ws/install/nav2_lifecycle_manager/lib:/home/jetson/robot_ws/install/nav2_util/lib:/home/jetson/robot_ws/install/nav2_voxel_grid/lib:/home/jetson/robot_ws/install/nav2_msgs/lib:${LD_LIBRARY_PATH} PYTHONPATH=/home/jetson/robot_ws/install/nav2_msgs/local/lib/python3.10/dist-packages:/home/jetson/robot_ws/install/nav2_common/local/lib/python3.10/dist-packages:${PYTHONPATH} /usr/bin/cmake --build /home/jetson/robot_ws/build/nav2_route -- -j6 -l6
[44.727s] [  1%] [32mBuilding CXX object CMakeFiles/route_server_core.dir/src/route_server.cpp.o[0m
[105.464s] [  2%] [32mBuilding CXX object CMakeFiles/route_server_core.dir/src/route_planner.cpp.o[0m
[127.018s] [  4%] [32mBuilding CXX object CMakeFiles/route_server_core.dir/src/route_tracker.cpp.o[0m
[152.763s] [  5%] [32mBuilding CXX object CMakeFiles/route_server_core.dir/src/edge_scorer.cpp.o[0m
[173.949s] [  7%] [32mBuilding CXX object CMakeFiles/route_server_core.dir/src/operations_manager.cpp.o[0m
[195.435s] [  8%] [32mBuilding CXX object CMakeFiles/route_server_core.dir/src/node_spatial_tree.cpp.o[0m
[205.278s] [ 10%] [32mBuilding CXX object CMakeFiles/route_server_core.dir/src/path_converter.cpp.o[0m
[222.209s] [ 11%] [32mBuilding CXX object CMakeFiles/route_server_core.dir/src/graph_loader.cpp.o[0m
[249.213s] [ 12%] [32mBuilding CXX object CMakeFiles/route_server_core.dir/src/graph_saver.cpp.o[0m
[273.844s] [ 14%] [32mBuilding CXX object CMakeFiles/route_server_core.dir/src/goal_intent_extractor.cpp.o[0m
[287.873s] [ 15%] [32m[1mLinking CXX shared library libroute_server_core.so[0m
[289.620s] [ 15%] Built target route_server_core
[289.674s] [ 17%] [32mBuilding CXX object gtest/CMakeFiles/gtest_main.dir/src/gtest_main.cc.o[0m
[292.430s] [ 18%] [32m[1mLinking CXX static library libgtest_main.a[0m
[292.515s] [ 18%] Built target gtest_main
[292.564s] [ 20%] [32mBuilding CXX object gtest/CMakeFiles/gtest.dir/src/gtest-all.cc.o[0m
[311.357s] [ 21%] [32m[1mLinking CXX static library libgtest.a[0m
[311.435s] [ 21%] Built target gtest
[311.484s] [ 22%] [32mBuilding CXX object CMakeFiles/route_server.dir/src/main.cpp.o[0m
[326.934s] [ 24%] [32m[1mLinking CXX executable route_server[0m
[327.742s] [ 24%] Built target route_server
[327.799s] [ 25%] [32mBuilding CXX object test/CMakeFiles/performance_benchmarking.dir/performance_benchmarking.cpp.o[0m
[350.277s] [ 27%] [32m[1mLinking CXX executable performance_benchmarking[0m
[350.933s] [ 27%] Built target performance_benchmarking
[351.009s] [ 28%] [32mBuilding CXX object test/CMakeFiles/test_utils_and_types.dir/test_utils_and_types.cpp.o[0m
[368.804s] [ 30%] [32m[1mLinking CXX executable test_utils_and_types[0m
[369.435s] [ 30%] Built target test_utils_and_types
[369.505s] [ 31%] [32mBuilding CXX object test/CMakeFiles/test_path_converter.dir/test_path_converter.cpp.o[0m
[402.629s] [ 32%] [32m[1mLinking CXX executable test_path_converter[0m
[403.955s] [ 32%] Built target test_path_converter
[404.021s] [ 34%] [32mBuilding CXX object test/CMakeFiles/test_spatial_tree.dir/test_spatial_tree.cpp.o[0m
[416.117s] [ 35%] [32m[1mLinking CXX executable test_spatial_tree[0m
[416.719s] [ 35%] Built target test_spatial_tree
[416.781s] [ 37%] [32mBuilding CXX object test/CMakeFiles/test_graph_loader.dir/test_graph_loader.cpp.o[0m
[452.056s] [ 38%] [32m[1mLinking CXX executable test_graph_loader[0m
[453.127s] [ 38%] Built target test_graph_loader
[453.176s] [ 40%] [32mBuilding CXX object test/CMakeFiles/test_graph_saver.dir/test_graph_saver.cpp.o[0m
[487.796s] [ 41%] [32m[1mLinking CXX executable test_graph_saver[0m
[488.630s] [ 41%] Built target test_graph_saver
[488.672s] [ 42%] [32mBuilding CXX object test/CMakeFiles/test_goal_intent_extractor.dir/test_goal_intent_extractor.cpp.o[0m
[509.232s] [ 44%] [32m[1mLinking CXX executable test_goal_intent_extractor[0m
[510.455s] [ 44%] Built target test_goal_intent_extractor
[510.515s] [ 45%] [32mBuilding CXX object test/CMakeFiles/test_route_tracker.dir/test_route_tracker.cpp.o[0m
[547.434s] [ 47%] [32m[1mLinking CXX executable test_route_tracker[0m
[548.461s] [ 47%] Built target test_route_tracker
[548.530s] [ 48%] [32mBuilding CXX object test/CMakeFiles/test_route_server.dir/test_route_server.cpp.o[0m
[584.974s] [ 50%] [32m[1mLinking CXX executable test_route_server[0m
[586.003s] [ 50%] Built target test_route_server
[586.074s] [ 51%] [32mBuilding CXX object test/CMakeFiles/test_goal_intent_search.dir/test_goal_intent_search.cpp.o[0m
[600.853s] [ 52%] [32m[1mLinking CXX executable test_goal_intent_search[0m
[601.605s] [ 52%] Built target test_goal_intent_search
[601.662s] [ 54%] [32mBuilding CXX object test/CMakeFiles/test_corner_smoothing.dir/test_corner_smoothing.cpp.o[0m
[615.380s] [ 55%] [32m[1mLinking CXX executable test_corner_smoothing[0m
[616.136s] [ 55%] Built target test_corner_smoothing
[616.197s] [ 57%] [32mBuilding CXX object CMakeFiles/graph_file_savers.dir/src/plugins/graph_file_savers/geojson_graph_file_saver.cpp.o[0m
[631.414s] [ 58%] [32m[1mLinking CXX shared library libgraph_file_savers.so[0m
[632.060s] [ 58%] Built target graph_file_savers
[632.111s] [ 60%] [32mBuilding CXX object CMakeFiles/graph_file_loaders.dir/src/plugins/graph_file_loaders/geojson_graph_file_loader.cpp.o[0m
[650.027s] [ 61%] [32m[1mLinking CXX shared library libgraph_file_loaders.so[0m
[650.570s] [ 61%] Built target graph_file_loaders
[650.627s] [ 62%] [32mBuilding CXX object CMakeFiles/edge_scorers.dir/src/plugins/edge_cost_functions/time_scorer.cpp.o[0m
[650.640s] [ 64%] [32mBuilding CXX object CMakeFiles/edge_scorers.dir/src/plugins/edge_cost_functions/distance_scorer.cpp.o[0m
[650.652s] [ 65%] [32mBuilding CXX object CMakeFiles/route_operations.dir/src/plugins/route_operations/adjust_speed_limit.cpp.o[0m
[656.694s] [ 67%] [32mBuilding CXX object CMakeFiles/edge_scorers.dir/src/plugins/edge_cost_functions/dynamic_edges_scorer.cpp.o[0m
[674.381s] [ 68%] [32mBuilding CXX object CMakeFiles/route_operations.dir/src/plugins/route_operations/trigger_event.cpp.o[0m
[677.502s] [ 70%] [32mBuilding CXX object CMakeFiles/edge_scorers.dir/src/plugins/edge_cost_functions/costmap_scorer.cpp.o[0m
[689.863s] [ 71%] [32mBuilding CXX object CMakeFiles/route_operations.dir/src/plugins/route_operations/rerouting_service.cpp.o[0m
[691.394s] [ 72%] [32mBuilding CXX object CMakeFiles/edge_scorers.dir/src/plugins/edge_cost_functions/semantic_scorer.cpp.o[0m
[701.405s] [ 74%] [32mBuilding CXX object CMakeFiles/route_operations.dir/src/plugins/route_operations/collision_monitor.cpp.o[0m
[701.428s] [ 75%] [32mBuilding CXX object CMakeFiles/edge_scorers.dir/src/plugins/edge_cost_functions/penalty_scorer.cpp.o[0m
[702.578s] [ 77%] [32mBuilding CXX object CMakeFiles/route_operations.dir/src/plugins/route_operations/time_marker.cpp.o[0m
[702.794s] [ 78%] [32mBuilding CXX object CMakeFiles/edge_scorers.dir/src/plugins/edge_cost_functions/goal_orientation_scorer.cpp.o[0m
[719.717s] [ 80%] [32mBuilding CXX object CMakeFiles/edge_scorers.dir/src/plugins/edge_cost_functions/start_pose_orientation_scorer.cpp.o[0m
[720.582s] [ 81%] [32m[1mLinking CXX shared library libroute_operations.so[0m
[721.490s] [ 81%] Built target route_operations
[731.410s] [ 82%] [32m[1mLinking CXX shared library libedge_scorers.so[0m
[732.183s] [ 82%] Built target edge_scorers
[732.236s] [ 84%] [32mBuilding CXX object test/CMakeFiles/test_collision_operation.dir/test_collision_operation.cpp.o[0m
[747.135s] [ 85%] [32m[1mLinking CXX executable test_collision_operation[0m
[747.804s] [ 85%] Built target test_collision_operation
[747.851s] [ 87%] [32mBuilding CXX object test/CMakeFiles/test_route_planner.dir/test_route_planner.cpp.o[0m
[747.852s] [ 88%] [32mBuilding CXX object test/CMakeFiles/test_edge_scorers.dir/test_edge_scorers.cpp.o[0m
[773.014s] [ 90%] [32m[1mLinking CXX executable test_route_planner[0m
[773.898s] [ 90%] Built target test_route_planner
[773.963s] [ 91%] [32mBuilding CXX object test/CMakeFiles/test_operations.dir/test_operations.cpp.o[0m
[773.968s] [ 92%] [32mBuilding CXX object test/CMakeFiles/test_geojson_graph_file_loader.dir/test_geojson_graph_file_loader.cpp.o[0m
[773.971s] [ 94%] [32mBuilding CXX object test/CMakeFiles/test_geojson_graph_file_saver.dir/test_geojson_graph_file_saver.cpp.o[0m
[782.106s] [ 95%] [32m[1mLinking CXX executable test_edge_scorers[0m
[783.623s] [ 95%] Built target test_edge_scorers
[798.413s] [ 97%] [32m[1mLinking CXX executable test_geojson_graph_file_saver[0m
[798.905s] [ 97%] Built target test_geojson_graph_file_saver
[799.311s] [ 98%] [32m[1mLinking CXX executable test_geojson_graph_file_loader[0m
[799.805s] [ 98%] Built target test_geojson_graph_file_loader
[822.278s] [100%] [32m[1mLinking CXX executable test_operations[0m
[823.058s] [100%] Built target test_operations
[823.089s] Invoked command in '/home/jetson/robot_ws/build/nav2_route' returned '0': AMENT_PREFIX_PATH=/home/jetson/robot_ws/install/nav2_core:/home/jetson/robot_ws/install/nav2_costmap_2d:/home/jetson/robot_ws/install/nav2_map_server:/home/jetson/robot_ws/install/nav2_lifecycle_manager:/home/jetson/robot_ws/install/nav2_util:/home/jetson/robot_ws/install/nav2_voxel_grid:/home/jetson/robot_ws/install/nav2_msgs:/home/jetson/robot_ws/install/nav2_common:${AMENT_PREFIX_PATH} CMAKE_PREFIX_PATH=/home/jetson/robot_ws/install/nav2_core:/home/jetson/robot_ws/install/nav2_costmap_2d:/home/jetson/robot_ws/install/nav2_map_server:/home/jetson/robot_ws/install/nav2_lifecycle_manager:/home/jetson/robot_ws/install/nav2_util:/home/jetson/robot_ws/install/nav2_voxel_grid:/home/jetson/robot_ws/install/nav2_msgs:/home/jetson/robot_ws/install/nav2_common:/home/jetson/robot_ws/install/servicerobot_joy:/opt/ros/humble LD_LIBRARY_PATH=/home/jetson/robot_ws/install/nav2_costmap_2d/lib:/home/jetson/robot_ws/install/nav2_map_server/lib:/home/jetson/robot_ws/install/nav2_lifecycle_manager/lib:/home/jetson/robot_ws/install/nav2_util/lib:/home/jetson/robot_ws/install/nav2_voxel_grid/lib:/home/jetson/robot_ws/install/nav2_msgs/lib:${LD_LIBRARY_PATH} PYTHONPATH=/home/jetson/robot_ws/install/nav2_msgs/local/lib/python3.10/dist-packages:/home/jetson/robot_ws/install/nav2_common/local/lib/python3.10/dist-packages:${PYTHONPATH} /usr/bin/cmake --build /home/jetson/robot_ws/build/nav2_route -- -j6 -l6
[823.095s] Invoking command in '/home/jetson/robot_ws/build/nav2_route': AMENT_PREFIX_PATH=/home/jetson/robot_ws/install/nav2_core:/home/jetson/robot_ws/install/nav2_costmap_2d:/home/jetson/robot_ws/install/nav2_map_server:/home/jetson/robot_ws/install/nav2_lifecycle_manager:/home/jetson/robot_ws/install/nav2_util:/home/jetson/robot_ws/install/nav2_voxel_grid:/home/jetson/robot_ws/install/nav2_msgs:/home/jetson/robot_ws/install/nav2_common:${AMENT_PREFIX_PATH} CMAKE_PREFIX_PATH=/home/jetson/robot_ws/install/nav2_core:/home/jetson/robot_ws/install/nav2_costmap_2d:/home/jetson/robot_ws/install/nav2_map_server:/home/jetson/robot_ws/install/nav2_lifecycle_manager:/home/jetson/robot_ws/install/nav2_util:/home/jetson/robot_ws/install/nav2_voxel_grid:/home/jetson/robot_ws/install/nav2_msgs:/home/jetson/robot_ws/install/nav2_common:/home/jetson/robot_ws/install/servicerobot_joy:/opt/ros/humble LD_LIBRARY_PATH=/home/jetson/robot_ws/install/nav2_costmap_2d/lib:/home/jetson/robot_ws/install/nav2_map_server/lib:/home/jetson/robot_ws/install/nav2_lifecycle_manager/lib:/home/jetson/robot_ws/install/nav2_util/lib:/home/jetson/robot_ws/install/nav2_voxel_grid/lib:/home/jetson/robot_ws/install/nav2_msgs/lib:${LD_LIBRARY_PATH} PYTHONPATH=/home/jetson/robot_ws/install/nav2_msgs/local/lib/python3.10/dist-packages:/home/jetson/robot_ws/install/nav2_common/local/lib/python3.10/dist-packages:${PYTHONPATH} /usr/bin/cmake --install /home/jetson/robot_ws/build/nav2_route
[823.112s] -- Install configuration: "Release"
[823.113s] -- Installing: /home/jetson/robot_ws/install/nav2_route/share/nav2_route/plugins.xml
[823.113s] -- Installing: /home/jetson/robot_ws/install/nav2_route/include/nav2_route
[823.114s] -- Installing: /home/jetson/robot_ws/install/nav2_route/include/nav2_route/nav2_route
[823.115s] -- Installing: /home/jetson/robot_ws/install/nav2_route/include/nav2_route/nav2_route/interfaces
[823.116s] -- Installing: /home/jetson/robot_ws/install/nav2_route/include/nav2_route/nav2_route/interfaces/graph_file_saver.hpp
[823.116s] -- Installing: /home/jetson/robot_ws/install/nav2_route/include/nav2_route/nav2_route/interfaces/graph_file_loader.hpp
[823.116s] -- Installing: /home/jetson/robot_ws/install/nav2_route/include/nav2_route/nav2_route/interfaces/edge_cost_function.hpp
[823.116s] -- Installing: /home/jetson/robot_ws/install/nav2_route/include/nav2_route/nav2_route/interfaces/route_operation.hpp
[823.117s] -- Installing: /home/jetson/robot_ws/install/nav2_route/include/nav2_route/nav2_route/graph_loader.hpp
[823.118s] -- Installing: /home/jetson/robot_ws/install/nav2_route/include/nav2_route/nav2_route/graph_saver.hpp
[823.118s] -- Installing: /home/jetson/robot_ws/install/nav2_route/include/nav2_route/nav2_route/plugins
[823.118s] -- Installing: /home/jetson/robot_ws/install/nav2_route/include/nav2_route/nav2_route/plugins/graph_file_loaders
[823.118s] -- Installing: /home/jetson/robot_ws/install/nav2_route/include/nav2_route/nav2_route/plugins/graph_file_loaders/geojson_graph_file_loader.hpp
[823.118s] -- Installing: /home/jetson/robot_ws/install/nav2_route/include/nav2_route/nav2_route/plugins/edge_cost_functions
[823.119s] -- Installing: /home/jetson/robot_ws/install/nav2_route/include/nav2_route/nav2_route/plugins/edge_cost_functions/time_scorer.hpp
[823.119s] -- Installing: /home/jetson/robot_ws/install/nav2_route/include/nav2_route/nav2_route/plugins/edge_cost_functions/penalty_scorer.hpp
[823.119s] -- Installing: /home/jetson/robot_ws/install/nav2_route/include/nav2_route/nav2_route/plugins/edge_cost_functions/dynamic_edges_scorer.hpp
[823.119s] -- Installing: /home/jetson/robot_ws/install/nav2_route/include/nav2_route/nav2_route/plugins/edge_cost_functions/start_pose_orientation_scorer.hpp
[823.119s] -- Installing: /home/jetson/robot_ws/install/nav2_route/include/nav2_route/nav2_route/plugins/edge_cost_functions/costmap_scorer.hpp
[823.120s] -- Installing: /home/jetson/robot_ws/install/nav2_route/include/nav2_route/nav2_route/plugins/edge_cost_functions/distance_scorer.hpp
[823.120s] -- Installing: /home/jetson/robot_ws/install/nav2_route/include/nav2_route/nav2_route/plugins/edge_cost_functions/goal_orientation_scorer.hpp
[823.120s] -- Installing: /home/jetson/robot_ws/install/nav2_route/include/nav2_route/nav2_route/plugins/edge_cost_functions/semantic_scorer.hpp
[823.121s] -- Installing: /home/jetson/robot_ws/install/nav2_route/include/nav2_route/nav2_route/plugins/route_operations
[823.121s] -- Installing: /home/jetson/robot_ws/install/nav2_route/include/nav2_route/nav2_route/plugins/route_operations/rerouting_service.hpp
[823.121s] -- Installing: /home/jetson/robot_ws/install/nav2_route/include/nav2_route/nav2_route/plugins/route_operations/time_marker.hpp
[823.121s] -- Installing: /home/jetson/robot_ws/install/nav2_route/include/nav2_route/nav2_route/plugins/route_operations/trigger_event.hpp
[823.122s] -- Installing: /home/jetson/robot_ws/install/nav2_route/include/nav2_route/nav2_route/plugins/route_operations/adjust_speed_limit.hpp
[823.122s] -- Installing: /home/jetson/robot_ws/install/nav2_route/include/nav2_route/nav2_route/plugins/route_operations/collision_monitor.hpp
[823.122s] -- Installing: /home/jetson/robot_ws/install/nav2_route/include/nav2_route/nav2_route/plugins/route_operation_client.hpp
[823.122s] -- Installing: /home/jetson/robot_ws/install/nav2_route/include/nav2_route/nav2_route/plugins/graph_file_savers
[823.122s] -- Installing: /home/jetson/robot_ws/install/nav2_route/include/nav2_route/nav2_route/plugins/graph_file_savers/geojson_graph_file_saver.hpp
[823.122s] -- Installing: /home/jetson/robot_ws/install/nav2_route/include/nav2_route/nav2_route/utils.hpp
[823.123s] -- Installing: /home/jetson/robot_ws/install/nav2_route/include/nav2_route/nav2_route/node_spatial_tree.hpp
[823.124s] -- Installing: /home/jetson/robot_ws/install/nav2_route/include/nav2_route/nav2_route/route_server.hpp
[823.124s] -- Installing: /home/jetson/robot_ws/install/nav2_route/include/nav2_route/nav2_route/edge_scorer.hpp
[823.125s] -- Installing: /home/jetson/robot_ws/install/nav2_route/include/nav2_route/nav2_route/goal_intent_extractor.hpp
[823.125s] -- Installing: /home/jetson/robot_ws/install/nav2_route/include/nav2_route/nav2_route/goal_intent_search.hpp
[823.125s] -- Installing: /home/jetson/robot_ws/install/nav2_route/include/nav2_route/nav2_route/path_converter.hpp
[823.125s] -- Installing: /home/jetson/robot_ws/install/nav2_route/include/nav2_route/nav2_route/route_tracker.hpp
[823.126s] -- Installing: /home/jetson/robot_ws/install/nav2_route/include/nav2_route/nav2_route/route_planner.hpp
[823.126s] -- Installing: /home/jetson/robot_ws/install/nav2_route/include/nav2_route/nav2_route/corner_smoothing.hpp
[823.126s] -- Installing: /home/jetson/robot_ws/install/nav2_route/include/nav2_route/nav2_route/types.hpp
[823.126s] -- Installing: /home/jetson/robot_ws/install/nav2_route/include/nav2_route/nav2_route/operations_manager.hpp
[823.126s] -- Installing: /home/jetson/robot_ws/install/nav2_route/lib/nav2_route/route_server
[823.127s] -- Set runtime path of "/home/jetson/robot_ws/install/nav2_route/lib/nav2_route/route_server" to ""
[823.127s] -- Installing: /home/jetson/robot_ws/install/nav2_route/lib/libroute_server_core.so
[823.128s] -- Set runtime path of "/home/jetson/robot_ws/install/nav2_route/lib/libroute_server_core.so" to ""
[823.129s] -- Installing: /home/jetson/robot_ws/install/nav2_route/lib/libedge_scorers.so
[823.130s] -- Set runtime path of "/home/jetson/robot_ws/install/nav2_route/lib/libedge_scorers.so" to ""
[823.130s] -- Installing: /home/jetson/robot_ws/install/nav2_route/lib/libroute_operations.so
[823.132s] -- Set runtime path of "/home/jetson/robot_ws/install/nav2_route/lib/libroute_operations.so" to ""
[823.132s] -- Installing: /home/jetson/robot_ws/install/nav2_route/lib/libgraph_file_loaders.so
[823.134s] -- Set runtime path of "/home/jetson/robot_ws/install/nav2_route/lib/libgraph_file_loaders.so" to ""
[823.136s] -- Installing: /home/jetson/robot_ws/install/nav2_route/lib/libgraph_file_savers.so
[823.136s] -- Set runtime path of "/home/jetson/robot_ws/install/nav2_route/lib/libgraph_file_savers.so" to ""
[823.136s] -- Installing: /home/jetson/robot_ws/install/nav2_route/share/nav2_route/graphs
[823.137s] -- Installing: /home/jetson/robot_ws/install/nav2_route/share/nav2_route/graphs/scripts
[823.137s] -- Installing: /home/jetson/robot_ws/install/nav2_route/share/nav2_route/graphs/scripts/increment_edge_id.json
[823.137s] -- Installing: /home/jetson/robot_ws/install/nav2_route/share/nav2_route/graphs/scripts/generate_start_and_end_id.sql
[823.138s] -- Installing: /home/jetson/robot_ws/install/nav2_route/share/nav2_route/graphs/scripts/README.md
[823.138s] -- Installing: /home/jetson/robot_ws/install/nav2_route/share/nav2_route/graphs/scripts/increment_node_id.json
[823.138s] -- Installing: /home/jetson/robot_ws/install/nav2_route/share/nav2_route/graphs/scripts/export_shapefiles.py
[823.138s] -- Installing: /home/jetson/robot_ws/install/nav2_route/share/nav2_route/graphs/turtlebot3_graph.geojson
[823.139s] -- Installing: /home/jetson/robot_ws/install/nav2_route/share/nav2_route/graphs/turtlebot4_graph.geojson
[823.139s] -- Installing: /home/jetson/robot_ws/install/nav2_route/share/nav2_route/graphs/sample_graph.geojson
[823.139s] -- Installing: /home/jetson/robot_ws/install/nav2_route/share/nav2_route/graphs/aws_graph.geojson
[823.140s] -- Installing: /home/jetson/robot_ws/install/nav2_route/share/nav2_route/test/test_graphs
[823.140s] -- Installing: /home/jetson/robot_ws/install/nav2_route/share/nav2_route/test/test_graphs/error_codes.geojson
[823.140s] -- Installing: /home/jetson/robot_ws/install/nav2_route/share/nav2_route/test/test_graphs/no_frame.json
[823.141s] -- Installing: /home/jetson/robot_ws/install/nav2_route/share/nav2_route/test/test_graphs/invalid.json
[823.141s] -- Installing: /home/jetson/robot_ws/install/nav2_route/share/nav2_route/environment/library_path.sh
[823.141s] -- Installing: /home/jetson/robot_ws/install/nav2_route/share/nav2_route/environment/library_path.dsv
[823.141s] -- Installing: /home/jetson/robot_ws/install/nav2_route/share/ament_index/resource_index/package_run_dependencies/nav2_route
[823.142s] -- Installing: /home/jetson/robot_ws/install/nav2_route/share/ament_index/resource_index/parent_prefix_path/nav2_route
[823.142s] -- Installing: /home/jetson/robot_ws/install/nav2_route/share/nav2_route/environment/ament_prefix_path.sh
[823.142s] -- Installing: /home/jetson/robot_ws/install/nav2_route/share/nav2_route/environment/ament_prefix_path.dsv
[823.143s] -- Installing: /home/jetson/robot_ws/install/nav2_route/share/nav2_route/environment/path.sh
[823.143s] -- Installing: /home/jetson/robot_ws/install/nav2_route/share/nav2_route/environment/path.dsv
[823.143s] -- Installing: /home/jetson/robot_ws/install/nav2_route/share/nav2_route/local_setup.bash
[823.144s] -- Installing: /home/jetson/robot_ws/install/nav2_route/share/nav2_route/local_setup.sh
[823.144s] -- Installing: /home/jetson/robot_ws/install/nav2_route/share/nav2_route/local_setup.zsh
[823.144s] -- Installing: /home/jetson/robot_ws/install/nav2_route/share/nav2_route/local_setup.dsv
[823.145s] -- Installing: /home/jetson/robot_ws/install/nav2_route/share/nav2_route/package.dsv
[823.146s] -- Installing: /home/jetson/robot_ws/install/nav2_route/share/ament_index/resource_index/packages/nav2_route
[823.146s] -- Installing: /home/jetson/robot_ws/install/nav2_route/share/ament_index/resource_index/nav2_route__pluginlib__plugin/nav2_route
[823.147s] -- Installing: /home/jetson/robot_ws/install/nav2_route/share/ament_index/resource_index/rclcpp_components/nav2_route
[823.147s] -- Installing: /home/jetson/robot_ws/install/nav2_route/share/nav2_route/cmake/ament_cmake_export_include_directories-extras.cmake
[823.148s] -- Installing: /home/jetson/robot_ws/install/nav2_route/share/nav2_route/cmake/ament_cmake_export_dependencies-extras.cmake
[823.148s] -- Installing: /home/jetson/robot_ws/install/nav2_route/share/nav2_route/cmake/ament_cmake_export_libraries-extras.cmake
[823.148s] -- Installing: /home/jetson/robot_ws/install/nav2_route/share/nav2_route/cmake/nav2_routeConfig.cmake
[823.148s] -- Installing: /home/jetson/robot_ws/install/nav2_route/share/nav2_route/cmake/nav2_routeConfig-version.cmake
[823.149s] -- Installing: /home/jetson/robot_ws/install/nav2_route/share/nav2_route/package.xml
[823.149s] -- Installing: /home/jetson/robot_ws/install/nav2_route/lib/nav2_route/performance_benchmarking
[823.149s] -- Set runtime path of "/home/jetson/robot_ws/install/nav2_route/lib/nav2_route/performance_benchmarking" to ""
[823.154s] Invoked command in '/home/jetson/robot_ws/build/nav2_route' returned '0': AMENT_PREFIX_PATH=/home/jetson/robot_ws/install/nav2_core:/home/jetson/robot_ws/install/nav2_costmap_2d:/home/jetson/robot_ws/install/nav2_map_server:/home/jetson/robot_ws/install/nav2_lifecycle_manager:/home/jetson/robot_ws/install/nav2_util:/home/jetson/robot_ws/install/nav2_voxel_grid:/home/jetson/robot_ws/install/nav2_msgs:/home/jetson/robot_ws/install/nav2_common:${AMENT_PREFIX_PATH} CMAKE_PREFIX_PATH=/home/jetson/robot_ws/install/nav2_core:/home/jetson/robot_ws/install/nav2_costmap_2d:/home/jetson/robot_ws/install/nav2_map_server:/home/jetson/robot_ws/install/nav2_lifecycle_manager:/home/jetson/robot_ws/install/nav2_util:/home/jetson/robot_ws/install/nav2_voxel_grid:/home/jetson/robot_ws/install/nav2_msgs:/home/jetson/robot_ws/install/nav2_common:/home/jetson/robot_ws/install/servicerobot_joy:/opt/ros/humble LD_LIBRARY_PATH=/home/jetson/robot_ws/install/nav2_costmap_2d/lib:/home/jetson/robot_ws/install/nav2_map_server/lib:/home/jetson/robot_ws/install/nav2_lifecycle_manager/lib:/home/jetson/robot_ws/install/nav2_util/lib:/home/jetson/robot_ws/install/nav2_voxel_grid/lib:/home/jetson/robot_ws/install/nav2_msgs/lib:${LD_LIBRARY_PATH} PYTHONPATH=/home/jetson/robot_ws/install/nav2_msgs/local/lib/python3.10/dist-packages:/home/jetson/robot_ws/install/nav2_common/local/lib/python3.10/dist-packages:${PYTHONPATH} /usr/bin/cmake --install /home/jetson/robot_ws/build/nav2_route
