[0.189s] DEBUG:colcon:Command line arguments: ['/usr/bin/colcon', 'build']
[0.189s] DEBUG:colcon:Parsed command line arguments: Namespace(log_base=None, log_level=None, verb_name='build', build_base='build', install_base='install', merge_install=False, symlink_install=False, test_result_base=None, continue_on_error=False, executor='parallel', parallel_workers=6, event_handlers=None, ignore_user_meta=False, metas=['./colcon.meta'], base_paths=['.'], packages_ignore=None, packages_ignore_regex=None, paths=None, packages_up_to=None, packages_up_to_regex=None, packages_above=None, packages_above_and_dependencies=None, packages_above_depth=None, packages_select_by_dep=None, packages_skip_by_dep=None, packages_skip_up_to=None, packages_select_build_failed=False, packages_skip_build_finished=False, packages_select_test_failures=False, packages_skip_test_passed=False, packages_select=None, packages_skip=None, packages_select_regex=None, packages_skip_regex=None, packages_start=None, packages_end=None, allow_overriding=[], cmake_args=None, cmake_target=None, cmake_target_skip_unavailable=False, cmake_clean_cache=False, cmake_clean_first=False, cmake_force_configure=False, ament_cmake_args=None, catkin_cmake_args=None, catkin_skip_building_tests=False, verb_parser=<colcon_defaults.argument_parser.defaults.DefaultArgumentsDecorator object at 0xffff8d2146a0>, verb_extension=<colcon_core.verb.build.BuildVerb object at 0xffff8d3d59f0>, main=<bound method BuildVerb.main of <colcon_core.verb.build.BuildVerb object at 0xffff8d3d59f0>>)
[0.473s] Level 1:colcon.colcon_core.package_discovery:discover_packages(colcon_meta) check parameters
[0.474s] Level 1:colcon.colcon_core.package_discovery:discover_packages(recursive) check parameters
[0.474s] Level 1:colcon.colcon_core.package_discovery:discover_packages(ignore) check parameters
[0.474s] Level 1:colcon.colcon_core.package_discovery:discover_packages(path) check parameters
[0.474s] Level 1:colcon.colcon_core.package_discovery:discover_packages(colcon_meta) discover
[0.474s] Level 1:colcon.colcon_core.package_discovery:discover_packages(recursive) discover
[0.474s] INFO:colcon.colcon_core.package_discovery:Crawling recursively for packages in '/home/jetson/robot_ws'
[0.474s] Level 1:colcon.colcon_core.package_identification:_identify(.) by extensions ['ignore', 'ignore_ament_install']
[0.474s] Level 1:colcon.colcon_core.package_identification:_identify(.) by extension 'ignore'
[0.475s] Level 1:colcon.colcon_core.package_identification:_identify(.) by extension 'ignore_ament_install'
[0.475s] Level 1:colcon.colcon_core.package_identification:_identify(.) by extensions ['colcon_pkg']
[0.475s] Level 1:colcon.colcon_core.package_identification:_identify(.) by extension 'colcon_pkg'
[0.475s] Level 1:colcon.colcon_core.package_identification:_identify(.) by extensions ['colcon_meta']
[0.475s] Level 1:colcon.colcon_core.package_identification:_identify(.) by extension 'colcon_meta'
[0.475s] Level 1:colcon.colcon_core.package_identification:_identify(.) by extensions ['ros']
[0.475s] Level 1:colcon.colcon_core.package_identification:_identify(.) by extension 'ros'
[0.496s] Level 1:colcon.colcon_core.package_identification:_identify(.) by extensions ['cmake', 'python']
[0.496s] Level 1:colcon.colcon_core.package_identification:_identify(.) by extension 'cmake'
[0.496s] Level 1:colcon.colcon_core.package_identification:_identify(.) by extension 'python'
[0.496s] Level 1:colcon.colcon_core.package_identification:_identify(.) by extensions ['python_setup_py']
[0.496s] Level 1:colcon.colcon_core.package_identification:_identify(.) by extension 'python_setup_py'
[0.497s] Level 1:colcon.colcon_core.package_identification:_identify(build) by extensions ['ignore', 'ignore_ament_install']
[0.497s] Level 1:colcon.colcon_core.package_identification:_identify(build) by extension 'ignore'
[0.497s] Level 1:colcon.colcon_core.package_identification:_identify(build) ignored
[0.497s] Level 1:colcon.colcon_core.package_identification:_identify(install) by extensions ['ignore', 'ignore_ament_install']
[0.497s] Level 1:colcon.colcon_core.package_identification:_identify(install) by extension 'ignore'
[0.497s] Level 1:colcon.colcon_core.package_identification:_identify(install) ignored
[0.498s] Level 1:colcon.colcon_core.package_identification:_identify(log) by extensions ['ignore', 'ignore_ament_install']
[0.498s] Level 1:colcon.colcon_core.package_identification:_identify(log) by extension 'ignore'
[0.498s] Level 1:colcon.colcon_core.package_identification:_identify(log) ignored
[0.498s] Level 1:colcon.colcon_core.package_identification:_identify(src) by extensions ['ignore', 'ignore_ament_install']
[0.498s] Level 1:colcon.colcon_core.package_identification:_identify(src) by extension 'ignore'
[0.498s] Level 1:colcon.colcon_core.package_identification:_identify(src) by extension 'ignore_ament_install'
[0.498s] Level 1:colcon.colcon_core.package_identification:_identify(src) by extensions ['colcon_pkg']
[0.498s] Level 1:colcon.colcon_core.package_identification:_identify(src) by extension 'colcon_pkg'
[0.498s] Level 1:colcon.colcon_core.package_identification:_identify(src) by extensions ['colcon_meta']
[0.499s] Level 1:colcon.colcon_core.package_identification:_identify(src) by extension 'colcon_meta'
[0.499s] Level 1:colcon.colcon_core.package_identification:_identify(src) by extensions ['ros']
[0.499s] Level 1:colcon.colcon_core.package_identification:_identify(src) by extension 'ros'
[0.499s] Level 1:colcon.colcon_core.package_identification:_identify(src) by extensions ['cmake', 'python']
[0.499s] Level 1:colcon.colcon_core.package_identification:_identify(src) by extension 'cmake'
[0.499s] Level 1:colcon.colcon_core.package_identification:_identify(src) by extension 'python'
[0.499s] Level 1:colcon.colcon_core.package_identification:_identify(src) by extensions ['python_setup_py']
[0.499s] Level 1:colcon.colcon_core.package_identification:_identify(src) by extension 'python_setup_py'
[0.499s] Level 1:colcon.colcon_core.package_identification:_identify(src/servicerobot_teleop) by extensions ['ignore', 'ignore_ament_install']
[0.499s] Level 1:colcon.colcon_core.package_identification:_identify(src/servicerobot_teleop) by extension 'ignore'
[0.500s] Level 1:colcon.colcon_core.package_identification:_identify(src/servicerobot_teleop) by extension 'ignore_ament_install'
[0.500s] Level 1:colcon.colcon_core.package_identification:_identify(src/servicerobot_teleop) by extensions ['colcon_pkg']
[0.500s] Level 1:colcon.colcon_core.package_identification:_identify(src/servicerobot_teleop) by extension 'colcon_pkg'
[0.500s] Level 1:colcon.colcon_core.package_identification:_identify(src/servicerobot_teleop) by extensions ['colcon_meta']
[0.500s] Level 1:colcon.colcon_core.package_identification:_identify(src/servicerobot_teleop) by extension 'colcon_meta'
[0.500s] Level 1:colcon.colcon_core.package_identification:_identify(src/servicerobot_teleop) by extensions ['ros']
[0.500s] Level 1:colcon.colcon_core.package_identification:_identify(src/servicerobot_teleop) by extension 'ros'
[0.504s] DEBUG:colcon.colcon_core.package_identification:Package 'src/servicerobot_teleop' with type 'ros.ament_python' and name 'servicerobot_teleop'
[0.505s] Level 1:colcon.colcon_core.package_discovery:discover_packages(recursive) using defaults
[0.505s] Level 1:colcon.colcon_core.package_discovery:discover_packages(ignore) discover
[0.505s] Level 1:colcon.colcon_core.package_discovery:discover_packages(ignore) using defaults
[0.505s] Level 1:colcon.colcon_core.package_discovery:discover_packages(path) discover
[0.505s] Level 1:colcon.colcon_core.package_discovery:discover_packages(path) using defaults
[0.539s] Level 1:colcon.colcon_core.package_discovery:discover_packages(prefix_path) check parameters
[0.539s] Level 1:colcon.colcon_core.package_discovery:discover_packages(prefix_path) discover
[0.542s] DEBUG:colcon.colcon_installed_package_information.package_discovery:Found 1 installed packages in /home/jetson/robot_ws/install
[0.544s] DEBUG:colcon.colcon_installed_package_information.package_discovery:Found 280 installed packages in /opt/ros/humble
[0.548s] Level 1:colcon.colcon_core.package_discovery:discover_packages(prefix_path) using defaults
[0.641s] Level 5:colcon.colcon_core.verb:set package 'servicerobot_teleop' build argument 'cmake_args' from command line to 'None'
[0.641s] Level 5:colcon.colcon_core.verb:set package 'servicerobot_teleop' build argument 'cmake_target' from command line to 'None'
[0.641s] Level 5:colcon.colcon_core.verb:set package 'servicerobot_teleop' build argument 'cmake_target_skip_unavailable' from command line to 'False'
[0.641s] Level 5:colcon.colcon_core.verb:set package 'servicerobot_teleop' build argument 'cmake_clean_cache' from command line to 'False'
[0.641s] Level 5:colcon.colcon_core.verb:set package 'servicerobot_teleop' build argument 'cmake_clean_first' from command line to 'False'
[0.641s] Level 5:colcon.colcon_core.verb:set package 'servicerobot_teleop' build argument 'cmake_force_configure' from command line to 'False'
[0.641s] Level 5:colcon.colcon_core.verb:set package 'servicerobot_teleop' build argument 'ament_cmake_args' from command line to 'None'
[0.641s] Level 5:colcon.colcon_core.verb:set package 'servicerobot_teleop' build argument 'catkin_cmake_args' from command line to 'None'
[0.641s] Level 5:colcon.colcon_core.verb:set package 'servicerobot_teleop' build argument 'catkin_skip_building_tests' from command line to 'False'
[0.641s] DEBUG:colcon.colcon_core.verb:Building package 'servicerobot_teleop' with the following arguments: {'ament_cmake_args': None, 'build_base': '/home/jetson/robot_ws/build/servicerobot_teleop', 'catkin_cmake_args': None, 'catkin_skip_building_tests': False, 'cmake_args': None, 'cmake_clean_cache': False, 'cmake_clean_first': False, 'cmake_force_configure': False, 'cmake_target': None, 'cmake_target_skip_unavailable': False, 'install_base': '/home/jetson/robot_ws/install/servicerobot_teleop', 'merge_install': False, 'path': '/home/jetson/robot_ws/src/servicerobot_teleop', 'symlink_install': False, 'test_result_base': None}
[0.642s] INFO:colcon.colcon_core.executor:Executing jobs using 'parallel' executor
[0.643s] DEBUG:colcon.colcon_parallel_executor.executor.parallel:run_until_complete
[0.644s] INFO:colcon.colcon_ros.task.ament_python.build:Building ROS package in '/home/jetson/robot_ws/src/servicerobot_teleop' with build type 'ament_python'
[0.644s] Level 1:colcon.colcon_core.shell:create_environment_hook('servicerobot_teleop', 'ament_prefix_path')
[0.648s] INFO:colcon.colcon_core.plugin_system:Skipping extension 'colcon_core.shell.bat': Not used on non-Windows systems
[0.648s] INFO:colcon.colcon_core.shell:Creating environment hook '/home/jetson/robot_ws/install/servicerobot_teleop/share/servicerobot_teleop/hook/ament_prefix_path.ps1'
[0.650s] INFO:colcon.colcon_core.shell:Creating environment descriptor '/home/jetson/robot_ws/install/servicerobot_teleop/share/servicerobot_teleop/hook/ament_prefix_path.dsv'
[0.650s] INFO:colcon.colcon_core.shell:Creating environment hook '/home/jetson/robot_ws/install/servicerobot_teleop/share/servicerobot_teleop/hook/ament_prefix_path.sh'
[0.652s] INFO:colcon.colcon_core.shell:Skip shell extension 'powershell' for command environment: Not usable outside of PowerShell
[0.652s] DEBUG:colcon.colcon_core.shell:Skip shell extension 'dsv' for command environment
[1.107s] INFO:colcon.colcon_core.task.python.build:Building Python package in '/home/jetson/robot_ws/src/servicerobot_teleop'
[1.108s] INFO:colcon.colcon_core.shell:Skip shell extension 'powershell' for command environment: Not usable outside of PowerShell
[1.108s] DEBUG:colcon.colcon_core.shell:Skip shell extension 'dsv' for command environment
[1.704s] DEBUG:colcon.colcon_core.event_handler.log_command:Invoking command in '/home/jetson/robot_ws/src/servicerobot_teleop': PYTHONPATH=/home/jetson/robot_ws/build/servicerobot_teleop/prefix_override:/usr/lib/python3/dist-packages/colcon_core/task/python/colcon_distutils_commands:/home/jetson/robot_ws/install/servicerobot_teleop/lib/python3.10/site-packages:${PYTHONPATH} /usr/bin/python3 -W ignore:setup.py install is deprecated -W ignore:easy_install command is deprecated setup.py egg_info --egg-base ../../build/servicerobot_teleop build --build-base /home/jetson/robot_ws/build/servicerobot_teleop/build install --record /home/jetson/robot_ws/build/servicerobot_teleop/install.log --single-version-externally-managed install_data
[2.223s] DEBUG:colcon.colcon_core.event_handler.log_command:Invoked command in '/home/jetson/robot_ws/src/servicerobot_teleop' returned '0': PYTHONPATH=/home/jetson/robot_ws/build/servicerobot_teleop/prefix_override:/usr/lib/python3/dist-packages/colcon_core/task/python/colcon_distutils_commands:/home/jetson/robot_ws/install/servicerobot_teleop/lib/python3.10/site-packages:${PYTHONPATH} /usr/bin/python3 -W ignore:setup.py install is deprecated -W ignore:easy_install command is deprecated setup.py egg_info --egg-base ../../build/servicerobot_teleop build --build-base /home/jetson/robot_ws/build/servicerobot_teleop/build install --record /home/jetson/robot_ws/build/servicerobot_teleop/install.log --single-version-externally-managed install_data
[2.230s] Level 1:colcon.colcon_core.environment:checking '/home/jetson/robot_ws/install/servicerobot_teleop' for CMake module files
[2.232s] Level 1:colcon.colcon_core.environment:checking '/home/jetson/robot_ws/install/servicerobot_teleop' for CMake config files
[2.234s] Level 1:colcon.colcon_core.environment:checking '/home/jetson/robot_ws/install/servicerobot_teleop/lib'
[2.235s] Level 1:colcon.colcon_core.environment:checking '/home/jetson/robot_ws/install/servicerobot_teleop/bin'
[2.235s] Level 1:colcon.colcon_core.environment:checking '/home/jetson/robot_ws/install/servicerobot_teleop/lib/pkgconfig/servicerobot_teleop.pc'
[2.236s] Level 1:colcon.colcon_core.environment:checking '/home/jetson/robot_ws/install/servicerobot_teleop/lib/python3.10/site-packages'
[2.236s] Level 1:colcon.colcon_core.shell:create_environment_hook('servicerobot_teleop', 'pythonpath')
[2.237s] INFO:colcon.colcon_core.shell:Creating environment hook '/home/jetson/robot_ws/install/servicerobot_teleop/share/servicerobot_teleop/hook/pythonpath.ps1'
[2.239s] INFO:colcon.colcon_core.shell:Creating environment descriptor '/home/jetson/robot_ws/install/servicerobot_teleop/share/servicerobot_teleop/hook/pythonpath.dsv'
[2.240s] INFO:colcon.colcon_core.shell:Creating environment hook '/home/jetson/robot_ws/install/servicerobot_teleop/share/servicerobot_teleop/hook/pythonpath.sh'
[2.243s] Level 1:colcon.colcon_core.environment:checking '/home/jetson/robot_ws/install/servicerobot_teleop/bin'
[2.243s] Level 1:colcon.colcon_core.environment:create_environment_scripts_only(servicerobot_teleop)
[2.244s] INFO:colcon.colcon_core.shell:Creating package script '/home/jetson/robot_ws/install/servicerobot_teleop/share/servicerobot_teleop/package.ps1'
[2.247s] INFO:colcon.colcon_core.shell:Creating package descriptor '/home/jetson/robot_ws/install/servicerobot_teleop/share/servicerobot_teleop/package.dsv'
[2.249s] INFO:colcon.colcon_core.shell:Creating package script '/home/jetson/robot_ws/install/servicerobot_teleop/share/servicerobot_teleop/package.sh'
[2.253s] INFO:colcon.colcon_core.shell:Creating package script '/home/jetson/robot_ws/install/servicerobot_teleop/share/servicerobot_teleop/package.bash'
[2.255s] INFO:colcon.colcon_core.shell:Creating package script '/home/jetson/robot_ws/install/servicerobot_teleop/share/servicerobot_teleop/package.zsh'
[2.258s] Level 1:colcon.colcon_core.environment:create_file_with_runtime_dependencies(/home/jetson/robot_ws/install/servicerobot_teleop/share/colcon-core/packages/servicerobot_teleop)
[2.259s] DEBUG:colcon.colcon_parallel_executor.executor.parallel:closing loop
[2.260s] DEBUG:colcon.colcon_parallel_executor.executor.parallel:loop closed
[2.260s] DEBUG:colcon.colcon_parallel_executor.executor.parallel:run_until_complete finished with '0'
[2.261s] DEBUG:colcon.colcon_core.event_reactor:joining thread
[2.278s] INFO:colcon.colcon_core.plugin_system:Skipping extension 'colcon_notification.desktop_notification.terminal_notifier': Not used on non-Darwin systems
[2.278s] INFO:colcon.colcon_core.plugin_system:Skipping extension 'colcon_notification.desktop_notification.win32': Not used on non-Windows systems
[2.279s] INFO:colcon.colcon_notification.desktop_notification:Sending desktop notification using 'notify2'
[2.323s] DEBUG:colcon.colcon_core.event_reactor:joined thread
[2.324s] INFO:colcon.colcon_core.shell:Creating prefix script '/home/jetson/robot_ws/install/local_setup.ps1'
[2.328s] INFO:colcon.colcon_core.shell:Creating prefix util module '/home/jetson/robot_ws/install/_local_setup_util_ps1.py'
[2.333s] INFO:colcon.colcon_core.shell:Creating prefix chain script '/home/jetson/robot_ws/install/setup.ps1'
[2.337s] INFO:colcon.colcon_core.shell:Creating prefix script '/home/jetson/robot_ws/install/local_setup.sh'
[2.340s] INFO:colcon.colcon_core.shell:Creating prefix util module '/home/jetson/robot_ws/install/_local_setup_util_sh.py'
[2.341s] INFO:colcon.colcon_core.shell:Creating prefix chain script '/home/jetson/robot_ws/install/setup.sh'
[2.344s] INFO:colcon.colcon_core.shell:Creating prefix script '/home/jetson/robot_ws/install/local_setup.bash'
[2.346s] INFO:colcon.colcon_core.shell:Creating prefix chain script '/home/jetson/robot_ws/install/setup.bash'
[2.348s] INFO:colcon.colcon_core.shell:Creating prefix script '/home/jetson/robot_ws/install/local_setup.zsh'
[2.350s] INFO:colcon.colcon_core.shell:Creating prefix chain script '/home/jetson/robot_ws/install/setup.zsh'
