[0.043s] Invoking command in '/home/jetson/robot_ws/build/nav2_map_server': AMENT_PREFIX_PATH=/home/jetson/robot_ws/install/nav2_util:/home/jetson/robot_ws/install/nav2_msgs:/home/jetson/robot_ws/install/nav2_common:${AMENT_PREFIX_PATH} CMAKE_PREFIX_PATH=/home/jetson/robot_ws/install/nav2_util:/home/jetson/robot_ws/install/nav2_msgs:/home/jetson/robot_ws/install/nav2_common:/opt/ros/humble LD_LIBRARY_PATH=/home/jetson/robot_ws/install/nav2_util/lib:/home/jetson/robot_ws/install/nav2_msgs/lib:${LD_LIBRARY_PATH} PYTHONPATH=/home/jetson/robot_ws/install/nav2_msgs/local/lib/python3.10/dist-packages:/home/jetson/robot_ws/install/nav2_common/local/lib/python3.10/dist-packages:${PYTHONPATH} /usr/bin/cmake /home/jetson/robot_ws/src/navigation2/nav2_map_server -DCMAKE_INSTALL_PREFIX=/home/jetson/robot_ws/install/nav2_map_server
[0.154s] -- The C compiler identification is GNU 11.4.0
[0.266s] -- The CXX compiler identification is GNU 11.4.0
[0.281s] -- Detecting C compiler ABI info
[0.445s] -- Detecting C compiler ABI info - done
[0.458s] -- Check for working C compiler: /usr/bin/cc - skipped
[0.458s] -- Detecting C compile features
[0.459s] -- Detecting C compile features - done
[0.465s] -- Detecting CXX compiler ABI info
[0.685s] -- Detecting CXX compiler ABI info - done
[0.701s] -- Check for working CXX compiler: /usr/bin/c++ - skipped
[0.701s] -- Detecting CXX compile features
[0.702s] -- Detecting CXX compile features - done
[0.713s] -- Found ament_cmake: 1.3.12 (/opt/ros/humble/share/ament_cmake/cmake)
[1.108s] -- Found Python3: /usr/bin/python3 (found version "3.10.12") found components: Interpreter 
[1.306s] -- Found nav2_common: 1.1.20 (/home/jetson/robot_ws/install/nav2_common/share/nav2_common/cmake)
[1.309s] -- Found rclcpp: 16.0.15 (/opt/ros/humble/share/rclcpp/cmake)
[1.387s] -- Found rosidl_generator_c: 3.1.7 (/opt/ros/humble/share/rosidl_generator_c/cmake)
[1.394s] -- Found rosidl_adapter: 3.1.7 (/opt/ros/humble/share/rosidl_adapter/cmake)
[1.409s] -- Found rosidl_generator_cpp: 3.1.7 (/opt/ros/humble/share/rosidl_generator_cpp/cmake)
[1.431s] -- Using all available rosidl_typesupport_c: rosidl_typesupport_fastrtps_c;rosidl_typesupport_introspection_c
[1.460s] -- Using all available rosidl_typesupport_cpp: rosidl_typesupport_fastrtps_cpp;rosidl_typesupport_introspection_cpp
[1.542s] -- Found rmw_implementation_cmake: 6.1.2 (/opt/ros/humble/share/rmw_implementation_cmake/cmake)
[1.547s] -- Found rmw_fastrtps_cpp: 6.2.9 (/opt/ros/humble/share/rmw_fastrtps_cpp/cmake)
[1.706s] -- Found OpenSSL: /usr/lib/aarch64-linux-gnu/libcrypto.so (found version "3.0.2")  
[1.755s] -- Found FastRTPS: /opt/ros/humble/include  
[1.835s] -- Using RMW implementation 'rmw_fastrtps_cpp' as default
[1.853s] -- Looking for pthread.h
[2.041s] -- Looking for pthread.h - found
[2.041s] -- Performing Test CMAKE_HAVE_LIBC_PTHREAD
[2.214s] -- Performing Test CMAKE_HAVE_LIBC_PTHREAD - Success
[2.218s] -- Found Threads: TRUE  
[2.331s] -- Found rclcpp_lifecycle: 16.0.15 (/opt/ros/humble/share/rclcpp_lifecycle/cmake)
[2.371s] -- Found rclcpp_components: 16.0.15 (/opt/ros/humble/share/rclcpp_components/cmake)
[2.424s] -- Found nav_msgs: 4.9.0 (/opt/ros/humble/share/nav_msgs/cmake)
[2.480s] -- Found nav2_msgs: 1.1.20 (/home/jetson/robot_ws/install/nav2_msgs/share/nav2_msgs/cmake)
[2.571s] -- Found yaml_cpp_vendor: 8.0.2 (/opt/ros/humble/share/yaml_cpp_vendor/cmake)
[2.585s] -- Found tf2: 0.25.16 (/opt/ros/humble/share/tf2/cmake)
[2.592s] -- Found nav2_util: 1.1.20 (/home/jetson/robot_ws/install/nav2_util/share/nav2_util/cmake)
[2.714s] -- Found eigen3_cmake_module: 0.1.1 (/opt/ros/humble/share/eigen3_cmake_module/cmake)
[2.719s] -- Found Eigen3: TRUE (found version "3.4.0") 
[2.719s] -- Ensuring Eigen3 include directory is part of orocos-kdl CMake target
[2.789s] -- Found GRAPHICSMAGICKCPP: /usr/include/GraphicsMagick  
[2.789s] -- Setting build type to Release as none was specified.
[3.015s] -- Found ament_lint_auto: 0.12.14 (/opt/ros/humble/share/ament_lint_auto/cmake)
[3.241s] -- Found gtest sources under '/opt/ros/humble/src/gtest_vendor': C++ tests using 'Google Test' will be built
[3.256s] -- Found gtest sources under '/opt/ros/humble/src/gtest_vendor': C++ tests using 'Google Test' will be built
[3.270s] -- Found gtest sources under '/opt/ros/humble/src/gtest_vendor': C++ tests using 'Google Test' will be built
[3.289s] -- Added test 'cppcheck' to perform static code analysis on C / C++ code
[3.291s] -- Configured cppcheck include dirs: /home/jetson/robot_ws/src/navigation2/nav2_map_server/include
[3.292s] -- Configured cppcheck exclude dirs and/or files: 
[3.296s] -- Added test 'cpplint' to check C / C++ code against the Google style
[3.296s] -- Configured cpplint exclude dirs and/or files: 
[3.297s] -- Added test 'flake8' to check Python code syntax and style conventions
[3.299s] -- Added test 'lint_cmake' to check CMake code style
[3.300s] -- Added test 'pep257' to check Python code against some of the docstring style conventions in PEP 257
[3.305s] -- Added test 'uncrustify' to check C / C++ code style
[3.305s] -- Configured uncrustify additional arguments: 
[3.307s] -- Added test 'xmllint' to check XML markup files
[3.312s] -- Configuring done
[4.117s] -- Generating done
[4.413s] -- Build files have been written to: /home/jetson/robot_ws/build/nav2_map_server
[4.603s] Invoked command in '/home/jetson/robot_ws/build/nav2_map_server' returned '0': AMENT_PREFIX_PATH=/home/jetson/robot_ws/install/nav2_util:/home/jetson/robot_ws/install/nav2_msgs:/home/jetson/robot_ws/install/nav2_common:${AMENT_PREFIX_PATH} CMAKE_PREFIX_PATH=/home/jetson/robot_ws/install/nav2_util:/home/jetson/robot_ws/install/nav2_msgs:/home/jetson/robot_ws/install/nav2_common:/opt/ros/humble LD_LIBRARY_PATH=/home/jetson/robot_ws/install/nav2_util/lib:/home/jetson/robot_ws/install/nav2_msgs/lib:${LD_LIBRARY_PATH} PYTHONPATH=/home/jetson/robot_ws/install/nav2_msgs/local/lib/python3.10/dist-packages:/home/jetson/robot_ws/install/nav2_common/local/lib/python3.10/dist-packages:${PYTHONPATH} /usr/bin/cmake /home/jetson/robot_ws/src/navigation2/nav2_map_server -DCMAKE_INSTALL_PREFIX=/home/jetson/robot_ws/install/nav2_map_server
[4.626s] Invoking command in '/home/jetson/robot_ws/build/nav2_map_server': AMENT_PREFIX_PATH=/home/jetson/robot_ws/install/nav2_util:/home/jetson/robot_ws/install/nav2_msgs:/home/jetson/robot_ws/install/nav2_common:${AMENT_PREFIX_PATH} CMAKE_PREFIX_PATH=/home/jetson/robot_ws/install/nav2_util:/home/jetson/robot_ws/install/nav2_msgs:/home/jetson/robot_ws/install/nav2_common:/opt/ros/humble LD_LIBRARY_PATH=/home/jetson/robot_ws/install/nav2_util/lib:/home/jetson/robot_ws/install/nav2_msgs/lib:${LD_LIBRARY_PATH} PYTHONPATH=/home/jetson/robot_ws/install/nav2_msgs/local/lib/python3.10/dist-packages:/home/jetson/robot_ws/install/nav2_common/local/lib/python3.10/dist-packages:${PYTHONPATH} /usr/bin/cmake --build /home/jetson/robot_ws/build/nav2_map_server -- -j6 -l6
[26.199s] [  2%] [32mBuilding CXX object gtest/CMakeFiles/gtest_main.dir/src/gtest_main.cc.o[0m
[26.200s] [  5%] [32mBuilding CXX object CMakeFiles/map_io.dir/src/map_io.cpp.o[0m
[26.200s] [  8%] [32mBuilding CXX object CMakeFiles/map_io.dir/src/map_mode.cpp.o[0m
[26.200s] [ 11%] [32m[1mLinking CXX static library libgtest_main.a[0m
[26.200s] [ 11%] Built target gtest_main
[35.743s] [ 13%] [32m[1mLinking CXX shared library libmap_io.so[0m
[36.843s] [ 13%] Built target map_io
[36.999s] [ 16%] [32mBuilding CXX object gtest/CMakeFiles/gtest.dir/src/gtest-all.cc.o[0m
[59.888s] [ 19%] [32m[1mLinking CXX static library libgtest.a[0m
[60.014s] [ 19%] Built target gtest
[60.059s] [ 22%] [32mBuilding CXX object test/component/CMakeFiles/test_map_saver_publisher.dir/test_map_saver_publisher.cpp.o[0m
[78.296s] [ 25%] [32mBuilding CXX object test/component/CMakeFiles/test_map_saver_publisher.dir/__/test_constants.cpp.o[0m
[78.650s] [ 27%] [32m[1mLinking CXX executable test_map_saver_publisher[0m
[79.390s] [ 27%] Built target test_map_saver_publisher
[79.443s] [ 30%] [32mBuilding CXX object test/map_saver_cli/CMakeFiles/test_map_saver_cli.dir/test_map_saver_cli.cpp.o[0m
[95.742s] [ 33%] [32mBuilding CXX object test/map_saver_cli/CMakeFiles/test_map_saver_cli.dir/__/test_constants.cpp.o[0m
[95.986s] [ 36%] [32m[1mLinking CXX executable test_map_saver_cli[0m
[96.268s] [ 36%] Built target test_map_saver_cli
[96.310s] [ 38%] [32mBuilding CXX object test/unit/CMakeFiles/test_map_io.dir/test_map_io.cpp.o[0m
[109.093s] [ 41%] [32mBuilding CXX object test/unit/CMakeFiles/test_map_io.dir/__/test_constants.cpp.o[0m
[109.428s] [ 44%] [32m[1mLinking CXX executable test_map_io[0m
[109.987s] [ 44%] Built target test_map_io
[110.050s] [ 47%] [32mBuilding CXX object CMakeFiles/map_server_core.dir/src/map_server/map_server.cpp.o[0m
[128.007s] [ 50%] [32mBuilding CXX object CMakeFiles/map_server_core.dir/src/costmap_filter_info/costmap_filter_info_server.cpp.o[0m
[140.286s] [ 52%] [32mBuilding CXX object CMakeFiles/map_server_core.dir/src/map_saver/map_saver.cpp.o[0m
[174.191s] [ 55%] [32m[1mLinking CXX shared library libmap_server_core.so[0m
[175.269s] [ 55%] Built target map_server_core
[175.415s] [ 58%] [32mBuilding CXX object CMakeFiles/map_server.dir/src/map_server/main.cpp.o[0m
[185.117s] [ 61%] [32m[1mLinking CXX executable map_server[0m
[185.750s] [ 61%] Built target map_server
[185.792s] [ 63%] [32mBuilding CXX object test/component/CMakeFiles/test_map_server_node.dir/test_map_server_node.cpp.o[0m
[201.751s] [ 66%] [32mBuilding CXX object test/component/CMakeFiles/test_map_server_node.dir/__/test_constants.cpp.o[0m
[202.029s] [ 69%] [32m[1mLinking CXX executable test_map_server_node[0m
[202.535s] [ 69%] Built target test_map_server_node
[202.577s] [ 72%] [32mBuilding CXX object test/component/CMakeFiles/test_map_saver_node.dir/test_map_saver_node.cpp.o[0m
[216.220s] [ 75%] [32mBuilding CXX object test/component/CMakeFiles/test_map_saver_node.dir/__/test_constants.cpp.o[0m
[216.485s] [ 77%] [32m[1mLinking CXX executable test_map_saver_node[0m
[217.189s] [ 77%] Built target test_map_saver_node
[217.248s] [ 80%] [32mBuilding CXX object test/unit/CMakeFiles/test_costmap_filter_info_server.dir/test_costmap_filter_info_server.cpp.o[0m
[217.266s] [ 83%] [32mBuilding CXX object CMakeFiles/costmap_filter_info_server.dir/src/costmap_filter_info/main.cpp.o[0m
[229.292s] [ 86%] [32m[1mLinking CXX executable costmap_filter_info_server[0m
[230.649s] [ 86%] Built target costmap_filter_info_server
[252.344s] [ 88%] [32m[1mLinking CXX executable test_costmap_filter_info_server[0m
[253.205s] [ 88%] Built target test_costmap_filter_info_server
[253.282s] [ 91%] [32mBuilding CXX object CMakeFiles/map_saver_cli.dir/src/map_saver/main_cli.cpp.o[0m
[253.303s] [ 94%] [32mBuilding CXX object CMakeFiles/map_saver_server.dir/src/map_saver/main_server.cpp.o[0m
[263.300s] [ 97%] [32m[1mLinking CXX executable map_saver_cli[0m
[264.413s] [ 97%] Built target map_saver_cli
[264.586s] [100%] [32m[1mLinking CXX executable map_saver_server[0m
[265.299s] [100%] Built target map_saver_server
[265.330s] Invoked command in '/home/jetson/robot_ws/build/nav2_map_server' returned '0': AMENT_PREFIX_PATH=/home/jetson/robot_ws/install/nav2_util:/home/jetson/robot_ws/install/nav2_msgs:/home/jetson/robot_ws/install/nav2_common:${AMENT_PREFIX_PATH} CMAKE_PREFIX_PATH=/home/jetson/robot_ws/install/nav2_util:/home/jetson/robot_ws/install/nav2_msgs:/home/jetson/robot_ws/install/nav2_common:/opt/ros/humble LD_LIBRARY_PATH=/home/jetson/robot_ws/install/nav2_util/lib:/home/jetson/robot_ws/install/nav2_msgs/lib:${LD_LIBRARY_PATH} PYTHONPATH=/home/jetson/robot_ws/install/nav2_msgs/local/lib/python3.10/dist-packages:/home/jetson/robot_ws/install/nav2_common/local/lib/python3.10/dist-packages:${PYTHONPATH} /usr/bin/cmake --build /home/jetson/robot_ws/build/nav2_map_server -- -j6 -l6
[265.330s] Invoking command in '/home/jetson/robot_ws/build/nav2_map_server': AMENT_PREFIX_PATH=/home/jetson/robot_ws/install/nav2_util:/home/jetson/robot_ws/install/nav2_msgs:/home/jetson/robot_ws/install/nav2_common:${AMENT_PREFIX_PATH} CMAKE_PREFIX_PATH=/home/jetson/robot_ws/install/nav2_util:/home/jetson/robot_ws/install/nav2_msgs:/home/jetson/robot_ws/install/nav2_common:/opt/ros/humble LD_LIBRARY_PATH=/home/jetson/robot_ws/install/nav2_util/lib:/home/jetson/robot_ws/install/nav2_msgs/lib:${LD_LIBRARY_PATH} PYTHONPATH=/home/jetson/robot_ws/install/nav2_msgs/local/lib/python3.10/dist-packages:/home/jetson/robot_ws/install/nav2_common/local/lib/python3.10/dist-packages:${PYTHONPATH} /usr/bin/cmake --install /home/jetson/robot_ws/build/nav2_map_server
[265.349s] -- Install configuration: "Release"
[265.350s] -- Installing: /home/jetson/robot_ws/install/nav2_map_server/lib/libmap_server_core.so
[265.356s] -- Set runtime path of "/home/jetson/robot_ws/install/nav2_map_server/lib/libmap_server_core.so" to ""
[265.356s] -- Installing: /home/jetson/robot_ws/install/nav2_map_server/lib/libmap_io.so
[265.357s] -- Set runtime path of "/home/jetson/robot_ws/install/nav2_map_server/lib/libmap_io.so" to ""
[265.358s] -- Installing: /home/jetson/robot_ws/install/nav2_map_server/lib/nav2_map_server/map_server
[265.359s] -- Set runtime path of "/home/jetson/robot_ws/install/nav2_map_server/lib/nav2_map_server/map_server" to ""
[265.360s] -- Installing: /home/jetson/robot_ws/install/nav2_map_server/lib/nav2_map_server/map_saver_cli
[265.361s] -- Set runtime path of "/home/jetson/robot_ws/install/nav2_map_server/lib/nav2_map_server/map_saver_cli" to ""
[265.362s] -- Installing: /home/jetson/robot_ws/install/nav2_map_server/lib/nav2_map_server/map_saver_server
[265.363s] -- Set runtime path of "/home/jetson/robot_ws/install/nav2_map_server/lib/nav2_map_server/map_saver_server" to ""
[265.363s] -- Installing: /home/jetson/robot_ws/install/nav2_map_server/lib/nav2_map_server/costmap_filter_info_server
[265.364s] -- Set runtime path of "/home/jetson/robot_ws/install/nav2_map_server/lib/nav2_map_server/costmap_filter_info_server" to ""
[265.365s] -- Installing: /home/jetson/robot_ws/install/nav2_map_server/include/
[265.365s] -- Installing: /home/jetson/robot_ws/install/nav2_map_server/include//nav2_map_server
[265.366s] -- Installing: /home/jetson/robot_ws/install/nav2_map_server/include//nav2_map_server/map_server.hpp
[265.366s] -- Installing: /home/jetson/robot_ws/install/nav2_map_server/include//nav2_map_server/map_mode.hpp
[265.367s] -- Installing: /home/jetson/robot_ws/install/nav2_map_server/include//nav2_map_server/costmap_filter_info_server.hpp
[265.367s] -- Installing: /home/jetson/robot_ws/install/nav2_map_server/include//nav2_map_server/map_saver.hpp
[265.367s] -- Installing: /home/jetson/robot_ws/install/nav2_map_server/include//nav2_map_server/map_io.hpp
[265.368s] -- Installing: /home/jetson/robot_ws/install/nav2_map_server/share/nav2_map_server/launch
[265.369s] -- Installing: /home/jetson/robot_ws/install/nav2_map_server/share/nav2_map_server/launch/map_saver_server.launch.py
[265.369s] -- Installing: /home/jetson/robot_ws/install/nav2_map_server/share/nav2_map_server/environment/library_path.sh
[265.370s] -- Installing: /home/jetson/robot_ws/install/nav2_map_server/share/nav2_map_server/environment/library_path.dsv
[265.371s] -- Installing: /home/jetson/robot_ws/install/nav2_map_server/share/ament_index/resource_index/package_run_dependencies/nav2_map_server
[265.371s] -- Installing: /home/jetson/robot_ws/install/nav2_map_server/share/ament_index/resource_index/parent_prefix_path/nav2_map_server
[265.372s] -- Installing: /home/jetson/robot_ws/install/nav2_map_server/share/nav2_map_server/environment/ament_prefix_path.sh
[265.373s] -- Installing: /home/jetson/robot_ws/install/nav2_map_server/share/nav2_map_server/environment/ament_prefix_path.dsv
[265.373s] -- Installing: /home/jetson/robot_ws/install/nav2_map_server/share/nav2_map_server/environment/path.sh
[265.374s] -- Installing: /home/jetson/robot_ws/install/nav2_map_server/share/nav2_map_server/environment/path.dsv
[265.375s] -- Installing: /home/jetson/robot_ws/install/nav2_map_server/share/nav2_map_server/local_setup.bash
[265.375s] -- Installing: /home/jetson/robot_ws/install/nav2_map_server/share/nav2_map_server/local_setup.sh
[265.376s] -- Installing: /home/jetson/robot_ws/install/nav2_map_server/share/nav2_map_server/local_setup.zsh
[265.377s] -- Installing: /home/jetson/robot_ws/install/nav2_map_server/share/nav2_map_server/local_setup.dsv
[265.377s] -- Installing: /home/jetson/robot_ws/install/nav2_map_server/share/nav2_map_server/package.dsv
[265.378s] -- Installing: /home/jetson/robot_ws/install/nav2_map_server/share/ament_index/resource_index/packages/nav2_map_server
[265.378s] -- Installing: /home/jetson/robot_ws/install/nav2_map_server/share/ament_index/resource_index/rclcpp_components/nav2_map_server
[265.379s] -- Installing: /home/jetson/robot_ws/install/nav2_map_server/share/nav2_map_server/cmake/ament_cmake_export_include_directories-extras.cmake
[265.380s] -- Installing: /home/jetson/robot_ws/install/nav2_map_server/share/nav2_map_server/cmake/ament_cmake_export_libraries-extras.cmake
[265.380s] -- Installing: /home/jetson/robot_ws/install/nav2_map_server/share/nav2_map_server/cmake/ament_cmake_export_dependencies-extras.cmake
[265.381s] -- Installing: /home/jetson/robot_ws/install/nav2_map_server/share/nav2_map_server/cmake/nav2_map_serverConfig.cmake
[265.382s] -- Installing: /home/jetson/robot_ws/install/nav2_map_server/share/nav2_map_server/cmake/nav2_map_serverConfig-version.cmake
[265.382s] -- Installing: /home/jetson/robot_ws/install/nav2_map_server/share/nav2_map_server/package.xml
[265.389s] Invoked command in '/home/jetson/robot_ws/build/nav2_map_server' returned '0': AMENT_PREFIX_PATH=/home/jetson/robot_ws/install/nav2_util:/home/jetson/robot_ws/install/nav2_msgs:/home/jetson/robot_ws/install/nav2_common:${AMENT_PREFIX_PATH} CMAKE_PREFIX_PATH=/home/jetson/robot_ws/install/nav2_util:/home/jetson/robot_ws/install/nav2_msgs:/home/jetson/robot_ws/install/nav2_common:/opt/ros/humble LD_LIBRARY_PATH=/home/jetson/robot_ws/install/nav2_util/lib:/home/jetson/robot_ws/install/nav2_msgs/lib:${LD_LIBRARY_PATH} PYTHONPATH=/home/jetson/robot_ws/install/nav2_msgs/local/lib/python3.10/dist-packages:/home/jetson/robot_ws/install/nav2_common/local/lib/python3.10/dist-packages:${PYTHONPATH} /usr/bin/cmake --install /home/jetson/robot_ws/build/nav2_map_server
