[0.146s] Invoking command in '/home/jetson/robot_ws/build/dwb_plugins': AMENT_PREFIX_PATH=/home/jetson/robot_ws/install/dwb_core:/home/jetson/robot_ws/install/nav2_core:/home/jetson/robot_ws/install/nav2_costmap_2d:/home/jetson/robot_ws/install/nav_2d_utils:/home/jetson/robot_ws/install/nav2_map_server:/home/jetson/robot_ws/install/nav2_lifecycle_manager:/home/jetson/robot_ws/install/nav2_util:/home/jetson/robot_ws/install/nav2_voxel_grid:/home/jetson/robot_ws/install/nav2_msgs:/home/jetson/robot_ws/install/dwb_msgs:/home/jetson/robot_ws/install/nav_2d_msgs:/home/jetson/robot_ws/install/nav2_common:${AMENT_PREFIX_PATH} CMAKE_PREFIX_PATH=/home/jetson/robot_ws/install/dwb_core:/home/jetson/robot_ws/install/nav2_core:/home/jetson/robot_ws/install/nav2_costmap_2d:/home/jetson/robot_ws/install/nav_2d_utils:/home/jetson/robot_ws/install/nav2_map_server:/home/jetson/robot_ws/install/nav2_lifecycle_manager:/home/jetson/robot_ws/install/nav2_util:/home/jetson/robot_ws/install/nav2_voxel_grid:/home/jetson/robot_ws/install/nav2_msgs:/home/jetson/robot_ws/install/dwb_msgs:/home/jetson/robot_ws/install/nav_2d_msgs:/home/jetson/robot_ws/install/nav2_common:/home/jetson/robot_ws/install/servicerobot_joy:/opt/ros/humble LD_LIBRARY_PATH=/home/jetson/robot_ws/install/dwb_core/lib:/home/jetson/robot_ws/install/nav2_costmap_2d/lib:/home/jetson/robot_ws/install/nav_2d_utils/lib:/home/jetson/robot_ws/install/nav2_map_server/lib:/home/jetson/robot_ws/install/nav2_lifecycle_manager/lib:/home/jetson/robot_ws/install/nav2_util/lib:/home/jetson/robot_ws/install/nav2_voxel_grid/lib:/home/jetson/robot_ws/install/nav2_msgs/lib:/home/jetson/robot_ws/install/dwb_msgs/lib:/home/jetson/robot_ws/install/nav_2d_msgs/lib:${LD_LIBRARY_PATH} PYTHONPATH=/home/jetson/robot_ws/install/nav2_msgs/local/lib/python3.10/dist-packages:/home/jetson/robot_ws/install/dwb_msgs/local/lib/python3.10/dist-packages:/home/jetson/robot_ws/install/nav_2d_msgs/local/lib/python3.10/dist-packages:/home/jetson/robot_ws/install/nav2_common/local/lib/python3.10/dist-packages:${PYTHONPATH} /usr/bin/cmake /home/jetson/robot_ws/src/navigation2/nav2_dwb_controller/dwb_plugins -DCMAKE_INSTALL_PREFIX=/home/jetson/robot_ws/install/dwb_plugins
[17.931s] -- The C compiler identification is GNU 11.4.0
[17.931s] -- The CXX compiler identification is GNU 11.4.0
[17.931s] -- Detecting C compiler ABI info
[17.931s] -- Detecting C compiler ABI info - done
[17.932s] -- Check for working C compiler: /usr/bin/cc - skipped
[17.949s] -- Detecting C compile features
[17.949s] -- Detecting C compile features - done
[17.949s] -- Detecting CXX compiler ABI info
[17.950s] -- Detecting CXX compiler ABI info - done
[17.950s] -- Check for working CXX compiler: /usr/bin/c++ - skipped
[17.950s] -- Detecting CXX compile features
[17.950s] -- Detecting CXX compile features - done
[17.950s] -- Found ament_cmake: 1.3.12 (/opt/ros/humble/share/ament_cmake/cmake)
[17.950s] -- Found Python3: /usr/bin/python3 (found version "3.10.12") found components: Interpreter 
[17.950s] -- Found nav2_common: 1.1.20 (/home/jetson/robot_ws/install/nav2_common/share/nav2_common/cmake)
[17.950s] -- Found angles: 1.15.0 (/opt/ros/humble/share/angles/cmake)
[17.950s] -- Found dwb_core: 1.1.20 (/home/jetson/robot_ws/install/dwb_core/share/dwb_core/cmake)
[17.951s] -- Found rosidl_generator_c: 3.1.7 (/opt/ros/humble/share/rosidl_generator_c/cmake)
[17.951s] -- Found rosidl_adapter: 3.1.7 (/opt/ros/humble/share/rosidl_adapter/cmake)
[17.951s] -- Found rosidl_generator_cpp: 3.1.7 (/opt/ros/humble/share/rosidl_generator_cpp/cmake)
[17.951s] -- Using all available rosidl_typesupport_c: rosidl_typesupport_fastrtps_c;rosidl_typesupport_introspection_c
[17.951s] -- Using all available rosidl_typesupport_cpp: rosidl_typesupport_fastrtps_cpp;rosidl_typesupport_introspection_cpp
[17.951s] -- Found rmw_implementation_cmake: 6.1.2 (/opt/ros/humble/share/rmw_implementation_cmake/cmake)
[17.951s] -- Found rmw_fastrtps_cpp: 6.2.9 (/opt/ros/humble/share/rmw_fastrtps_cpp/cmake)
[17.951s] -- Found OpenSSL: /usr/lib/aarch64-linux-gnu/libcrypto.so (found version "3.0.2")  
[17.951s] -- Found FastRTPS: /opt/ros/humble/include  
[17.951s] -- Using RMW implementation 'rmw_fastrtps_cpp' as default
[17.952s] -- Looking for pthread.h
[17.952s] -- Looking for pthread.h - found
[17.952s] -- Performing Test CMAKE_HAVE_LIBC_PTHREAD
[17.952s] -- Performing Test CMAKE_HAVE_LIBC_PTHREAD - Success
[17.952s] -- Found Threads: TRUE  
[17.952s] -- Found Eigen3: TRUE (found version "3.4.0") 
[17.952s] -- Ensuring Eigen3 include directory is part of orocos-kdl CMake target
[17.952s] -- Setting build type to Release as none was specified.
[17.952s] -- Found ament_lint_auto: 0.12.14 (/opt/ros/humble/share/ament_lint_auto/cmake)
[17.953s] -- Found gtest sources under '/opt/ros/humble/src/gtest_vendor': C++ tests using 'Google Test' will be built
[17.953s] -- Added test 'cppcheck' to perform static code analysis on C / C++ code
[17.953s] -- Configured cppcheck include dirs: /home/jetson/robot_ws/src/navigation2/nav2_dwb_controller/dwb_plugins/include
[17.953s] -- Configured cppcheck exclude dirs and/or files: 
[17.953s] -- Added test 'cpplint' to check C / C++ code against the Google style
[17.953s] -- Configured cpplint exclude dirs and/or files: 
[17.953s] -- Added test 'lint_cmake' to check CMake code style
[17.953s] -- Added test 'uncrustify' to check C / C++ code style
[17.953s] -- Configured uncrustify additional arguments: 
[17.953s] -- Added test 'xmllint' to check XML markup files
[17.953s] -- Configuring done
[17.954s] -- Generating done
[17.954s] -- Build files have been written to: /home/jetson/robot_ws/build/dwb_plugins
[17.965s] Invoked command in '/home/jetson/robot_ws/build/dwb_plugins' returned '0': AMENT_PREFIX_PATH=/home/jetson/robot_ws/install/dwb_core:/home/jetson/robot_ws/install/nav2_core:/home/jetson/robot_ws/install/nav2_costmap_2d:/home/jetson/robot_ws/install/nav_2d_utils:/home/jetson/robot_ws/install/nav2_map_server:/home/jetson/robot_ws/install/nav2_lifecycle_manager:/home/jetson/robot_ws/install/nav2_util:/home/jetson/robot_ws/install/nav2_voxel_grid:/home/jetson/robot_ws/install/nav2_msgs:/home/jetson/robot_ws/install/dwb_msgs:/home/jetson/robot_ws/install/nav_2d_msgs:/home/jetson/robot_ws/install/nav2_common:${AMENT_PREFIX_PATH} CMAKE_PREFIX_PATH=/home/jetson/robot_ws/install/dwb_core:/home/jetson/robot_ws/install/nav2_core:/home/jetson/robot_ws/install/nav2_costmap_2d:/home/jetson/robot_ws/install/nav_2d_utils:/home/jetson/robot_ws/install/nav2_map_server:/home/jetson/robot_ws/install/nav2_lifecycle_manager:/home/jetson/robot_ws/install/nav2_util:/home/jetson/robot_ws/install/nav2_voxel_grid:/home/jetson/robot_ws/install/nav2_msgs:/home/jetson/robot_ws/install/dwb_msgs:/home/jetson/robot_ws/install/nav_2d_msgs:/home/jetson/robot_ws/install/nav2_common:/home/jetson/robot_ws/install/servicerobot_joy:/opt/ros/humble LD_LIBRARY_PATH=/home/jetson/robot_ws/install/dwb_core/lib:/home/jetson/robot_ws/install/nav2_costmap_2d/lib:/home/jetson/robot_ws/install/nav_2d_utils/lib:/home/jetson/robot_ws/install/nav2_map_server/lib:/home/jetson/robot_ws/install/nav2_lifecycle_manager/lib:/home/jetson/robot_ws/install/nav2_util/lib:/home/jetson/robot_ws/install/nav2_voxel_grid/lib:/home/jetson/robot_ws/install/nav2_msgs/lib:/home/jetson/robot_ws/install/dwb_msgs/lib:/home/jetson/robot_ws/install/nav_2d_msgs/lib:${LD_LIBRARY_PATH} PYTHONPATH=/home/jetson/robot_ws/install/nav2_msgs/local/lib/python3.10/dist-packages:/home/jetson/robot_ws/install/dwb_msgs/local/lib/python3.10/dist-packages:/home/jetson/robot_ws/install/nav_2d_msgs/local/lib/python3.10/dist-packages:/home/jetson/robot_ws/install/nav2_common/local/lib/python3.10/dist-packages:${PYTHONPATH} /usr/bin/cmake /home/jetson/robot_ws/src/navigation2/nav2_dwb_controller/dwb_plugins -DCMAKE_INSTALL_PREFIX=/home/jetson/robot_ws/install/dwb_plugins
[17.979s] Invoking command in '/home/jetson/robot_ws/build/dwb_plugins': AMENT_PREFIX_PATH=/home/jetson/robot_ws/install/dwb_core:/home/jetson/robot_ws/install/nav2_core:/home/jetson/robot_ws/install/nav2_costmap_2d:/home/jetson/robot_ws/install/nav_2d_utils:/home/jetson/robot_ws/install/nav2_map_server:/home/jetson/robot_ws/install/nav2_lifecycle_manager:/home/jetson/robot_ws/install/nav2_util:/home/jetson/robot_ws/install/nav2_voxel_grid:/home/jetson/robot_ws/install/nav2_msgs:/home/jetson/robot_ws/install/dwb_msgs:/home/jetson/robot_ws/install/nav_2d_msgs:/home/jetson/robot_ws/install/nav2_common:${AMENT_PREFIX_PATH} CMAKE_PREFIX_PATH=/home/jetson/robot_ws/install/dwb_core:/home/jetson/robot_ws/install/nav2_core:/home/jetson/robot_ws/install/nav2_costmap_2d:/home/jetson/robot_ws/install/nav_2d_utils:/home/jetson/robot_ws/install/nav2_map_server:/home/jetson/robot_ws/install/nav2_lifecycle_manager:/home/jetson/robot_ws/install/nav2_util:/home/jetson/robot_ws/install/nav2_voxel_grid:/home/jetson/robot_ws/install/nav2_msgs:/home/jetson/robot_ws/install/dwb_msgs:/home/jetson/robot_ws/install/nav_2d_msgs:/home/jetson/robot_ws/install/nav2_common:/home/jetson/robot_ws/install/servicerobot_joy:/opt/ros/humble LD_LIBRARY_PATH=/home/jetson/robot_ws/install/dwb_core/lib:/home/jetson/robot_ws/install/nav2_costmap_2d/lib:/home/jetson/robot_ws/install/nav_2d_utils/lib:/home/jetson/robot_ws/install/nav2_map_server/lib:/home/jetson/robot_ws/install/nav2_lifecycle_manager/lib:/home/jetson/robot_ws/install/nav2_util/lib:/home/jetson/robot_ws/install/nav2_voxel_grid/lib:/home/jetson/robot_ws/install/nav2_msgs/lib:/home/jetson/robot_ws/install/dwb_msgs/lib:/home/jetson/robot_ws/install/nav_2d_msgs/lib:${LD_LIBRARY_PATH} PYTHONPATH=/home/jetson/robot_ws/install/nav2_msgs/local/lib/python3.10/dist-packages:/home/jetson/robot_ws/install/dwb_msgs/local/lib/python3.10/dist-packages:/home/jetson/robot_ws/install/nav_2d_msgs/local/lib/python3.10/dist-packages:/home/jetson/robot_ws/install/nav2_common/local/lib/python3.10/dist-packages:${PYTHONPATH} /usr/bin/cmake --build /home/jetson/robot_ws/build/dwb_plugins -- -j6 -l6
[18.172s] [  5%] [32mBuilding CXX object CMakeFiles/standard_traj_generator.dir/src/standard_traj_generator.cpp.o[0m
[28.677s] [ 11%] [32mBuilding CXX object CMakeFiles/standard_traj_generator.dir/src/xy_theta_iterator.cpp.o[0m
[37.305s] [ 17%] [32mBuilding CXX object CMakeFiles/standard_traj_generator.dir/src/kinematic_parameters.cpp.o[0m
[46.479s] [ 23%] [32mBuilding CXX object CMakeFiles/standard_traj_generator.dir/src/limited_accel_generator.cpp.o[0m
[55.485s] [ 29%] [32m[1mLinking CXX shared library libstandard_traj_generator.so[0m
[56.228s] [ 29%] Built target standard_traj_generator
[56.283s] [ 35%] [32mBuilding CXX object gtest/CMakeFiles/gtest.dir/src/gtest-all.cc.o[0m
[76.058s] [ 41%] [32m[1mLinking CXX static library libgtest.a[0m
[76.157s] [ 41%] Built target gtest
[76.264s] [ 47%] [32mBuilding CXX object gtest/CMakeFiles/gtest_main.dir/src/gtest_main.cc.o[0m
[78.508s] [ 52%] [32m[1mLinking CXX static library libgtest_main.a[0m
[78.579s] [ 52%] Built target gtest_main
[78.638s] [ 58%] [32mBuilding CXX object test/CMakeFiles/vtest.dir/velocity_iterator_test.cpp.o[0m
[82.302s] [ 64%] [32m[1mLinking CXX executable vtest[0m
[82.531s] [ 64%] Built target vtest
[82.599s] [ 70%] [32mBuilding CXX object test/CMakeFiles/speed_limit_test.dir/speed_limit_test.cpp.o[0m
[94.413s] [ 76%] [32m[1mLinking CXX executable speed_limit_test[0m
[95.053s] [ 76%] Built target speed_limit_test
[95.102s] [ 82%] [32mBuilding CXX object test/CMakeFiles/kinematic_parameters_test.dir/kinematic_parameters_test.cpp.o[0m
[107.835s] [ 88%] [32m[1mLinking CXX executable kinematic_parameters_test[0m
[108.663s] [ 88%] Built target kinematic_parameters_test
[108.723s] [ 94%] [32mBuilding CXX object test/CMakeFiles/twist_gen_test.dir/twist_gen.cpp.o[0m
[126.046s] [100%] [32m[1mLinking CXX executable twist_gen_test[0m
[126.760s] [100%] Built target twist_gen_test
[126.817s] Invoked command in '/home/jetson/robot_ws/build/dwb_plugins' returned '0': AMENT_PREFIX_PATH=/home/jetson/robot_ws/install/dwb_core:/home/jetson/robot_ws/install/nav2_core:/home/jetson/robot_ws/install/nav2_costmap_2d:/home/jetson/robot_ws/install/nav_2d_utils:/home/jetson/robot_ws/install/nav2_map_server:/home/jetson/robot_ws/install/nav2_lifecycle_manager:/home/jetson/robot_ws/install/nav2_util:/home/jetson/robot_ws/install/nav2_voxel_grid:/home/jetson/robot_ws/install/nav2_msgs:/home/jetson/robot_ws/install/dwb_msgs:/home/jetson/robot_ws/install/nav_2d_msgs:/home/jetson/robot_ws/install/nav2_common:${AMENT_PREFIX_PATH} CMAKE_PREFIX_PATH=/home/jetson/robot_ws/install/dwb_core:/home/jetson/robot_ws/install/nav2_core:/home/jetson/robot_ws/install/nav2_costmap_2d:/home/jetson/robot_ws/install/nav_2d_utils:/home/jetson/robot_ws/install/nav2_map_server:/home/jetson/robot_ws/install/nav2_lifecycle_manager:/home/jetson/robot_ws/install/nav2_util:/home/jetson/robot_ws/install/nav2_voxel_grid:/home/jetson/robot_ws/install/nav2_msgs:/home/jetson/robot_ws/install/dwb_msgs:/home/jetson/robot_ws/install/nav_2d_msgs:/home/jetson/robot_ws/install/nav2_common:/home/jetson/robot_ws/install/servicerobot_joy:/opt/ros/humble LD_LIBRARY_PATH=/home/jetson/robot_ws/install/dwb_core/lib:/home/jetson/robot_ws/install/nav2_costmap_2d/lib:/home/jetson/robot_ws/install/nav_2d_utils/lib:/home/jetson/robot_ws/install/nav2_map_server/lib:/home/jetson/robot_ws/install/nav2_lifecycle_manager/lib:/home/jetson/robot_ws/install/nav2_util/lib:/home/jetson/robot_ws/install/nav2_voxel_grid/lib:/home/jetson/robot_ws/install/nav2_msgs/lib:/home/jetson/robot_ws/install/dwb_msgs/lib:/home/jetson/robot_ws/install/nav_2d_msgs/lib:${LD_LIBRARY_PATH} PYTHONPATH=/home/jetson/robot_ws/install/nav2_msgs/local/lib/python3.10/dist-packages:/home/jetson/robot_ws/install/dwb_msgs/local/lib/python3.10/dist-packages:/home/jetson/robot_ws/install/nav_2d_msgs/local/lib/python3.10/dist-packages:/home/jetson/robot_ws/install/nav2_common/local/lib/python3.10/dist-packages:${PYTHONPATH} /usr/bin/cmake --build /home/jetson/robot_ws/build/dwb_plugins -- -j6 -l6
[126.818s] Invoking command in '/home/jetson/robot_ws/build/dwb_plugins': AMENT_PREFIX_PATH=/home/jetson/robot_ws/install/dwb_core:/home/jetson/robot_ws/install/nav2_core:/home/jetson/robot_ws/install/nav2_costmap_2d:/home/jetson/robot_ws/install/nav_2d_utils:/home/jetson/robot_ws/install/nav2_map_server:/home/jetson/robot_ws/install/nav2_lifecycle_manager:/home/jetson/robot_ws/install/nav2_util:/home/jetson/robot_ws/install/nav2_voxel_grid:/home/jetson/robot_ws/install/nav2_msgs:/home/jetson/robot_ws/install/dwb_msgs:/home/jetson/robot_ws/install/nav_2d_msgs:/home/jetson/robot_ws/install/nav2_common:${AMENT_PREFIX_PATH} CMAKE_PREFIX_PATH=/home/jetson/robot_ws/install/dwb_core:/home/jetson/robot_ws/install/nav2_core:/home/jetson/robot_ws/install/nav2_costmap_2d:/home/jetson/robot_ws/install/nav_2d_utils:/home/jetson/robot_ws/install/nav2_map_server:/home/jetson/robot_ws/install/nav2_lifecycle_manager:/home/jetson/robot_ws/install/nav2_util:/home/jetson/robot_ws/install/nav2_voxel_grid:/home/jetson/robot_ws/install/nav2_msgs:/home/jetson/robot_ws/install/dwb_msgs:/home/jetson/robot_ws/install/nav_2d_msgs:/home/jetson/robot_ws/install/nav2_common:/home/jetson/robot_ws/install/servicerobot_joy:/opt/ros/humble LD_LIBRARY_PATH=/home/jetson/robot_ws/install/dwb_core/lib:/home/jetson/robot_ws/install/nav2_costmap_2d/lib:/home/jetson/robot_ws/install/nav_2d_utils/lib:/home/jetson/robot_ws/install/nav2_map_server/lib:/home/jetson/robot_ws/install/nav2_lifecycle_manager/lib:/home/jetson/robot_ws/install/nav2_util/lib:/home/jetson/robot_ws/install/nav2_voxel_grid/lib:/home/jetson/robot_ws/install/nav2_msgs/lib:/home/jetson/robot_ws/install/dwb_msgs/lib:/home/jetson/robot_ws/install/nav_2d_msgs/lib:${LD_LIBRARY_PATH} PYTHONPATH=/home/jetson/robot_ws/install/nav2_msgs/local/lib/python3.10/dist-packages:/home/jetson/robot_ws/install/dwb_msgs/local/lib/python3.10/dist-packages:/home/jetson/robot_ws/install/nav_2d_msgs/local/lib/python3.10/dist-packages:/home/jetson/robot_ws/install/nav2_common/local/lib/python3.10/dist-packages:${PYTHONPATH} /usr/bin/cmake --install /home/jetson/robot_ws/build/dwb_plugins
[126.830s] -- Install configuration: "Release"
[126.831s] -- Installing: /home/jetson/robot_ws/install/dwb_plugins/lib/libstandard_traj_generator.so
[126.832s] -- Set runtime path of "/home/jetson/robot_ws/install/dwb_plugins/lib/libstandard_traj_generator.so" to ""
[126.832s] -- Installing: /home/jetson/robot_ws/install/dwb_plugins/include/
[126.832s] -- Installing: /home/jetson/robot_ws/install/dwb_plugins/include//dwb_plugins
[126.832s] -- Installing: /home/jetson/robot_ws/install/dwb_plugins/include//dwb_plugins/xy_theta_iterator.hpp
[126.833s] -- Installing: /home/jetson/robot_ws/install/dwb_plugins/include//dwb_plugins/limited_accel_generator.hpp
[126.833s] -- Installing: /home/jetson/robot_ws/install/dwb_plugins/include//dwb_plugins/standard_traj_generator.hpp
[126.833s] -- Installing: /home/jetson/robot_ws/install/dwb_plugins/include//dwb_plugins/kinematic_parameters.hpp
[126.833s] -- Installing: /home/jetson/robot_ws/install/dwb_plugins/include//dwb_plugins/velocity_iterator.hpp
[126.833s] -- Installing: /home/jetson/robot_ws/install/dwb_plugins/include//dwb_plugins/one_d_velocity_iterator.hpp
[126.834s] -- Installing: /home/jetson/robot_ws/install/dwb_plugins/share/dwb_plugins/plugins.xml
[126.834s] -- Installing: /home/jetson/robot_ws/install/dwb_plugins/share/dwb_plugins/environment/library_path.sh
[126.835s] -- Installing: /home/jetson/robot_ws/install/dwb_plugins/share/dwb_plugins/environment/library_path.dsv
[126.835s] -- Up-to-date: /home/jetson/robot_ws/install/dwb_plugins/share/dwb_plugins/plugins.xml
[126.835s] -- Installing: /home/jetson/robot_ws/install/dwb_plugins/share/ament_index/resource_index/package_run_dependencies/dwb_plugins
[126.836s] -- Installing: /home/jetson/robot_ws/install/dwb_plugins/share/ament_index/resource_index/parent_prefix_path/dwb_plugins
[126.836s] -- Installing: /home/jetson/robot_ws/install/dwb_plugins/share/dwb_plugins/environment/ament_prefix_path.sh
[126.836s] -- Installing: /home/jetson/robot_ws/install/dwb_plugins/share/dwb_plugins/environment/ament_prefix_path.dsv
[126.837s] -- Installing: /home/jetson/robot_ws/install/dwb_plugins/share/dwb_plugins/environment/path.sh
[126.837s] -- Installing: /home/jetson/robot_ws/install/dwb_plugins/share/dwb_plugins/environment/path.dsv
[126.837s] -- Installing: /home/jetson/robot_ws/install/dwb_plugins/share/dwb_plugins/local_setup.bash
[126.838s] -- Installing: /home/jetson/robot_ws/install/dwb_plugins/share/dwb_plugins/local_setup.sh
[126.838s] -- Installing: /home/jetson/robot_ws/install/dwb_plugins/share/dwb_plugins/local_setup.zsh
[126.838s] -- Installing: /home/jetson/robot_ws/install/dwb_plugins/share/dwb_plugins/local_setup.dsv
[126.838s] -- Installing: /home/jetson/robot_ws/install/dwb_plugins/share/dwb_plugins/package.dsv
[126.839s] -- Installing: /home/jetson/robot_ws/install/dwb_plugins/share/ament_index/resource_index/packages/dwb_plugins
[126.839s] -- Installing: /home/jetson/robot_ws/install/dwb_plugins/share/ament_index/resource_index/dwb_core__pluginlib__plugin/dwb_plugins
[126.840s] -- Installing: /home/jetson/robot_ws/install/dwb_plugins/share/dwb_plugins/cmake/ament_cmake_export_include_directories-extras.cmake
[126.840s] -- Installing: /home/jetson/robot_ws/install/dwb_plugins/share/dwb_plugins/cmake/ament_cmake_export_libraries-extras.cmake
[126.840s] -- Installing: /home/jetson/robot_ws/install/dwb_plugins/share/dwb_plugins/cmake/dwb_pluginsConfig.cmake
[126.840s] -- Installing: /home/jetson/robot_ws/install/dwb_plugins/share/dwb_plugins/cmake/dwb_pluginsConfig-version.cmake
[126.841s] -- Installing: /home/jetson/robot_ws/install/dwb_plugins/share/dwb_plugins/package.xml
[126.853s] Invoked command in '/home/jetson/robot_ws/build/dwb_plugins' returned '0': AMENT_PREFIX_PATH=/home/jetson/robot_ws/install/dwb_core:/home/jetson/robot_ws/install/nav2_core:/home/jetson/robot_ws/install/nav2_costmap_2d:/home/jetson/robot_ws/install/nav_2d_utils:/home/jetson/robot_ws/install/nav2_map_server:/home/jetson/robot_ws/install/nav2_lifecycle_manager:/home/jetson/robot_ws/install/nav2_util:/home/jetson/robot_ws/install/nav2_voxel_grid:/home/jetson/robot_ws/install/nav2_msgs:/home/jetson/robot_ws/install/dwb_msgs:/home/jetson/robot_ws/install/nav_2d_msgs:/home/jetson/robot_ws/install/nav2_common:${AMENT_PREFIX_PATH} CMAKE_PREFIX_PATH=/home/jetson/robot_ws/install/dwb_core:/home/jetson/robot_ws/install/nav2_core:/home/jetson/robot_ws/install/nav2_costmap_2d:/home/jetson/robot_ws/install/nav_2d_utils:/home/jetson/robot_ws/install/nav2_map_server:/home/jetson/robot_ws/install/nav2_lifecycle_manager:/home/jetson/robot_ws/install/nav2_util:/home/jetson/robot_ws/install/nav2_voxel_grid:/home/jetson/robot_ws/install/nav2_msgs:/home/jetson/robot_ws/install/dwb_msgs:/home/jetson/robot_ws/install/nav_2d_msgs:/home/jetson/robot_ws/install/nav2_common:/home/jetson/robot_ws/install/servicerobot_joy:/opt/ros/humble LD_LIBRARY_PATH=/home/jetson/robot_ws/install/dwb_core/lib:/home/jetson/robot_ws/install/nav2_costmap_2d/lib:/home/jetson/robot_ws/install/nav_2d_utils/lib:/home/jetson/robot_ws/install/nav2_map_server/lib:/home/jetson/robot_ws/install/nav2_lifecycle_manager/lib:/home/jetson/robot_ws/install/nav2_util/lib:/home/jetson/robot_ws/install/nav2_voxel_grid/lib:/home/jetson/robot_ws/install/nav2_msgs/lib:/home/jetson/robot_ws/install/dwb_msgs/lib:/home/jetson/robot_ws/install/nav_2d_msgs/lib:${LD_LIBRARY_PATH} PYTHONPATH=/home/jetson/robot_ws/install/nav2_msgs/local/lib/python3.10/dist-packages:/home/jetson/robot_ws/install/dwb_msgs/local/lib/python3.10/dist-packages:/home/jetson/robot_ws/install/nav_2d_msgs/local/lib/python3.10/dist-packages:/home/jetson/robot_ws/install/nav2_common/local/lib/python3.10/dist-packages:${PYTHONPATH} /usr/bin/cmake --install /home/jetson/robot_ws/build/dwb_plugins
