[0.055s] Invoking command in '/home/jetson/robot_ws/build/nav2_velocity_smoother': AMENT_PREFIX_PATH=/home/jetson/robot_ws/install/nav2_util:/home/jetson/robot_ws/install/nav2_msgs:/home/jetson/robot_ws/install/nav2_common:${AMENT_PREFIX_PATH} CMAKE_PREFIX_PATH=/home/jetson/robot_ws/install/nav2_util:/home/jetson/robot_ws/install/nav2_msgs:/home/jetson/robot_ws/install/nav2_common:/home/jetson/robot_ws/install/servicerobot_joy:/opt/ros/humble LD_LIBRARY_PATH=/home/jetson/robot_ws/install/nav2_util/lib:/home/jetson/robot_ws/install/nav2_msgs/lib:${LD_LIBRARY_PATH} PYTHONPATH=/home/jetson/robot_ws/install/nav2_msgs/local/lib/python3.10/dist-packages:/home/jetson/robot_ws/install/nav2_common/local/lib/python3.10/dist-packages:${PYTHONPATH} /usr/bin/cmake /home/jetson/robot_ws/src/navigation2/nav2_velocity_smoother -DCMAKE_INSTALL_PREFIX=/home/jetson/robot_ws/install/nav2_velocity_smoother
[4.034s] -- The C compiler identification is GNU 11.4.0
[4.034s] -- The CXX compiler identification is GNU 11.4.0
[4.034s] -- Detecting C compiler ABI info
[4.035s] -- Detecting C compiler ABI info - done
[4.035s] -- Check for working C compiler: /usr/bin/cc - skipped
[4.035s] -- Detecting C compile features
[4.035s] -- Detecting C compile features - done
[4.035s] -- Detecting CXX compiler ABI info
[4.035s] -- Detecting CXX compiler ABI info - done
[4.035s] -- Check for working CXX compiler: /usr/bin/c++ - skipped
[4.035s] -- Detecting CXX compile features
[4.035s] -- Detecting CXX compile features - done
[4.035s] -- Found ament_cmake: 1.3.12 (/opt/ros/humble/share/ament_cmake/cmake)
[4.036s] -- Found Python3: /usr/bin/python3 (found version "3.10.12") found components: Interpreter 
[4.036s] -- Found nav2_common: 1.1.20 (/home/jetson/robot_ws/install/nav2_common/share/nav2_common/cmake)
[4.036s] -- Found rclcpp: 16.0.15 (/opt/ros/humble/share/rclcpp/cmake)
[4.036s] -- Found rosidl_generator_c: 3.1.7 (/opt/ros/humble/share/rosidl_generator_c/cmake)
[4.036s] -- Found rosidl_adapter: 3.1.7 (/opt/ros/humble/share/rosidl_adapter/cmake)
[4.036s] -- Found rosidl_generator_cpp: 3.1.7 (/opt/ros/humble/share/rosidl_generator_cpp/cmake)
[4.036s] -- Using all available rosidl_typesupport_c: rosidl_typesupport_fastrtps_c;rosidl_typesupport_introspection_c
[4.036s] -- Using all available rosidl_typesupport_cpp: rosidl_typesupport_fastrtps_cpp;rosidl_typesupport_introspection_cpp
[4.036s] -- Found rmw_implementation_cmake: 6.1.2 (/opt/ros/humble/share/rmw_implementation_cmake/cmake)
[4.036s] -- Found rmw_fastrtps_cpp: 6.2.9 (/opt/ros/humble/share/rmw_fastrtps_cpp/cmake)
[4.037s] -- Found OpenSSL: /usr/lib/aarch64-linux-gnu/libcrypto.so (found version "3.0.2")  
[4.037s] -- Found FastRTPS: /opt/ros/humble/include  
[4.037s] -- Using RMW implementation 'rmw_fastrtps_cpp' as default
[4.037s] -- Looking for pthread.h
[4.037s] -- Looking for pthread.h - found
[4.037s] -- Performing Test CMAKE_HAVE_LIBC_PTHREAD
[4.037s] -- Performing Test CMAKE_HAVE_LIBC_PTHREAD - Success
[4.037s] -- Found Threads: TRUE  
[4.037s] -- Found rclcpp_components: 16.0.15 (/opt/ros/humble/share/rclcpp_components/cmake)
[4.037s] -- Found geometry_msgs: 4.9.0 (/opt/ros/humble/share/geometry_msgs/cmake)
[4.037s] -- Found nav2_util: 1.1.20 (/home/jetson/robot_ws/install/nav2_util/share/nav2_util/cmake)
[4.038s] -- Found eigen3_cmake_module: 0.1.1 (/opt/ros/humble/share/eigen3_cmake_module/cmake)
[4.038s] -- Found Eigen3: TRUE (found version "3.4.0") 
[4.038s] -- Ensuring Eigen3 include directory is part of orocos-kdl CMake target
[4.038s] -- Setting build type to Release as none was specified.
[4.038s] -- Found ament_lint_auto: 0.12.14 (/opt/ros/humble/share/ament_lint_auto/cmake)
[4.038s] -- Found gtest sources under '/opt/ros/humble/src/gtest_vendor': C++ tests using 'Google Test' will be built
[4.038s] -- Added test 'cppcheck' to perform static code analysis on C / C++ code
[4.038s] -- Configured cppcheck include dirs: /home/jetson/robot_ws/src/navigation2/nav2_velocity_smoother/include
[4.038s] -- Configured cppcheck exclude dirs and/or files: 
[4.038s] -- Added test 'cpplint' to check C / C++ code against the Google style
[4.039s] -- Configured cpplint exclude dirs and/or files: 
[4.039s] -- Added test 'lint_cmake' to check CMake code style
[4.039s] -- Added test 'uncrustify' to check C / C++ code style
[4.039s] -- Configured uncrustify additional arguments: 
[4.039s] -- Added test 'xmllint' to check XML markup files
[4.039s] -- Configuring done
[4.039s] -- Generating done
[4.039s] -- Build files have been written to: /home/jetson/robot_ws/build/nav2_velocity_smoother
[4.051s] Invoked command in '/home/jetson/robot_ws/build/nav2_velocity_smoother' returned '0': AMENT_PREFIX_PATH=/home/jetson/robot_ws/install/nav2_util:/home/jetson/robot_ws/install/nav2_msgs:/home/jetson/robot_ws/install/nav2_common:${AMENT_PREFIX_PATH} CMAKE_PREFIX_PATH=/home/jetson/robot_ws/install/nav2_util:/home/jetson/robot_ws/install/nav2_msgs:/home/jetson/robot_ws/install/nav2_common:/home/jetson/robot_ws/install/servicerobot_joy:/opt/ros/humble LD_LIBRARY_PATH=/home/jetson/robot_ws/install/nav2_util/lib:/home/jetson/robot_ws/install/nav2_msgs/lib:${LD_LIBRARY_PATH} PYTHONPATH=/home/jetson/robot_ws/install/nav2_msgs/local/lib/python3.10/dist-packages:/home/jetson/robot_ws/install/nav2_common/local/lib/python3.10/dist-packages:${PYTHONPATH} /usr/bin/cmake /home/jetson/robot_ws/src/navigation2/nav2_velocity_smoother -DCMAKE_INSTALL_PREFIX=/home/jetson/robot_ws/install/nav2_velocity_smoother
[4.063s] Invoking command in '/home/jetson/robot_ws/build/nav2_velocity_smoother': AMENT_PREFIX_PATH=/home/jetson/robot_ws/install/nav2_util:/home/jetson/robot_ws/install/nav2_msgs:/home/jetson/robot_ws/install/nav2_common:${AMENT_PREFIX_PATH} CMAKE_PREFIX_PATH=/home/jetson/robot_ws/install/nav2_util:/home/jetson/robot_ws/install/nav2_msgs:/home/jetson/robot_ws/install/nav2_common:/home/jetson/robot_ws/install/servicerobot_joy:/opt/ros/humble LD_LIBRARY_PATH=/home/jetson/robot_ws/install/nav2_util/lib:/home/jetson/robot_ws/install/nav2_msgs/lib:${LD_LIBRARY_PATH} PYTHONPATH=/home/jetson/robot_ws/install/nav2_msgs/local/lib/python3.10/dist-packages:/home/jetson/robot_ws/install/nav2_common/local/lib/python3.10/dist-packages:${PYTHONPATH} /usr/bin/cmake --build /home/jetson/robot_ws/build/nav2_velocity_smoother -- -j6 -l6
[4.397s] [ 10%] [32mBuilding CXX object CMakeFiles/velocity_smoother_core.dir/src/velocity_smoother.cpp.o[0m
[4.437s] [ 20%] [32mBuilding CXX object gtest/CMakeFiles/gtest_main.dir/src/gtest_main.cc.o[0m
[4.438s] [ 30%] [32mBuilding CXX object gtest/CMakeFiles/gtest.dir/src/gtest-all.cc.o[0m
[8.480s] [ 40%] [32m[1mLinking CXX static library libgtest_main.a[0m
[8.702s] [ 40%] Built target gtest_main
[40.288s] [ 50%] [32m[1mLinking CXX static library libgtest.a[0m
[40.540s] [ 50%] Built target gtest
[62.622s] [ 60%] [32m[1mLinking CXX shared library libvelocity_smoother_core.so[0m
[63.278s] [ 60%] Built target velocity_smoother_core
[63.347s] [ 70%] [32mBuilding CXX object CMakeFiles/velocity_smoother.dir/src/main.cpp.o[0m
[73.060s] [ 80%] [32m[1mLinking CXX executable velocity_smoother[0m
[73.938s] [ 80%] Built target velocity_smoother
[74.007s] [ 90%] [32mBuilding CXX object test/CMakeFiles/velocity_smoother_tests.dir/test_velocity_smoother.cpp.o[0m
[116.326s] [100%] [32m[1mLinking CXX executable velocity_smoother_tests[0m
[117.147s] [100%] Built target velocity_smoother_tests
[117.190s] Invoked command in '/home/jetson/robot_ws/build/nav2_velocity_smoother' returned '0': AMENT_PREFIX_PATH=/home/jetson/robot_ws/install/nav2_util:/home/jetson/robot_ws/install/nav2_msgs:/home/jetson/robot_ws/install/nav2_common:${AMENT_PREFIX_PATH} CMAKE_PREFIX_PATH=/home/jetson/robot_ws/install/nav2_util:/home/jetson/robot_ws/install/nav2_msgs:/home/jetson/robot_ws/install/nav2_common:/home/jetson/robot_ws/install/servicerobot_joy:/opt/ros/humble LD_LIBRARY_PATH=/home/jetson/robot_ws/install/nav2_util/lib:/home/jetson/robot_ws/install/nav2_msgs/lib:${LD_LIBRARY_PATH} PYTHONPATH=/home/jetson/robot_ws/install/nav2_msgs/local/lib/python3.10/dist-packages:/home/jetson/robot_ws/install/nav2_common/local/lib/python3.10/dist-packages:${PYTHONPATH} /usr/bin/cmake --build /home/jetson/robot_ws/build/nav2_velocity_smoother -- -j6 -l6
[117.194s] Invoking command in '/home/jetson/robot_ws/build/nav2_velocity_smoother': AMENT_PREFIX_PATH=/home/jetson/robot_ws/install/nav2_util:/home/jetson/robot_ws/install/nav2_msgs:/home/jetson/robot_ws/install/nav2_common:${AMENT_PREFIX_PATH} CMAKE_PREFIX_PATH=/home/jetson/robot_ws/install/nav2_util:/home/jetson/robot_ws/install/nav2_msgs:/home/jetson/robot_ws/install/nav2_common:/home/jetson/robot_ws/install/servicerobot_joy:/opt/ros/humble LD_LIBRARY_PATH=/home/jetson/robot_ws/install/nav2_util/lib:/home/jetson/robot_ws/install/nav2_msgs/lib:${LD_LIBRARY_PATH} PYTHONPATH=/home/jetson/robot_ws/install/nav2_msgs/local/lib/python3.10/dist-packages:/home/jetson/robot_ws/install/nav2_common/local/lib/python3.10/dist-packages:${PYTHONPATH} /usr/bin/cmake --install /home/jetson/robot_ws/build/nav2_velocity_smoother
[117.209s] -- Install configuration: "Release"
[117.210s] -- Installing: /home/jetson/robot_ws/install/nav2_velocity_smoother/lib/libvelocity_smoother_core.so
[117.214s] -- Set runtime path of "/home/jetson/robot_ws/install/nav2_velocity_smoother/lib/libvelocity_smoother_core.so" to ""
[117.214s] -- Installing: /home/jetson/robot_ws/install/nav2_velocity_smoother/lib/nav2_velocity_smoother/velocity_smoother
[117.215s] -- Set runtime path of "/home/jetson/robot_ws/install/nav2_velocity_smoother/lib/nav2_velocity_smoother/velocity_smoother" to ""
[117.215s] -- Installing: /home/jetson/robot_ws/install/nav2_velocity_smoother/include/
[117.216s] -- Installing: /home/jetson/robot_ws/install/nav2_velocity_smoother/include//nav2_velocity_smoother
[117.216s] -- Installing: /home/jetson/robot_ws/install/nav2_velocity_smoother/include//nav2_velocity_smoother/velocity_smoother.hpp
[117.217s] -- Installing: /home/jetson/robot_ws/install/nav2_velocity_smoother/share/nav2_velocity_smoother/environment/library_path.sh
[117.218s] -- Installing: /home/jetson/robot_ws/install/nav2_velocity_smoother/share/nav2_velocity_smoother/environment/library_path.dsv
[117.219s] -- Installing: /home/jetson/robot_ws/install/nav2_velocity_smoother/share/ament_index/resource_index/package_run_dependencies/nav2_velocity_smoother
[117.219s] -- Installing: /home/jetson/robot_ws/install/nav2_velocity_smoother/share/ament_index/resource_index/parent_prefix_path/nav2_velocity_smoother
[117.219s] -- Installing: /home/jetson/robot_ws/install/nav2_velocity_smoother/share/nav2_velocity_smoother/environment/ament_prefix_path.sh
[117.220s] -- Installing: /home/jetson/robot_ws/install/nav2_velocity_smoother/share/nav2_velocity_smoother/environment/ament_prefix_path.dsv
[117.220s] -- Installing: /home/jetson/robot_ws/install/nav2_velocity_smoother/share/nav2_velocity_smoother/environment/path.sh
[117.221s] -- Installing: /home/jetson/robot_ws/install/nav2_velocity_smoother/share/nav2_velocity_smoother/environment/path.dsv
[117.221s] -- Installing: /home/jetson/robot_ws/install/nav2_velocity_smoother/share/nav2_velocity_smoother/local_setup.bash
[117.223s] -- Installing: /home/jetson/robot_ws/install/nav2_velocity_smoother/share/nav2_velocity_smoother/local_setup.sh
[117.223s] -- Installing: /home/jetson/robot_ws/install/nav2_velocity_smoother/share/nav2_velocity_smoother/local_setup.zsh
[117.224s] -- Installing: /home/jetson/robot_ws/install/nav2_velocity_smoother/share/nav2_velocity_smoother/local_setup.dsv
[117.224s] -- Installing: /home/jetson/robot_ws/install/nav2_velocity_smoother/share/nav2_velocity_smoother/package.dsv
[117.224s] -- Installing: /home/jetson/robot_ws/install/nav2_velocity_smoother/share/ament_index/resource_index/packages/nav2_velocity_smoother
[117.225s] -- Installing: /home/jetson/robot_ws/install/nav2_velocity_smoother/share/ament_index/resource_index/rclcpp_components/nav2_velocity_smoother
[117.226s] -- Installing: /home/jetson/robot_ws/install/nav2_velocity_smoother/share/nav2_velocity_smoother/cmake/ament_cmake_export_include_directories-extras.cmake
[117.226s] -- Installing: /home/jetson/robot_ws/install/nav2_velocity_smoother/share/nav2_velocity_smoother/cmake/ament_cmake_export_libraries-extras.cmake
[117.227s] -- Installing: /home/jetson/robot_ws/install/nav2_velocity_smoother/share/nav2_velocity_smoother/cmake/ament_cmake_export_dependencies-extras.cmake
[117.227s] -- Installing: /home/jetson/robot_ws/install/nav2_velocity_smoother/share/nav2_velocity_smoother/cmake/nav2_velocity_smootherConfig.cmake
[117.228s] -- Installing: /home/jetson/robot_ws/install/nav2_velocity_smoother/share/nav2_velocity_smoother/cmake/nav2_velocity_smootherConfig-version.cmake
[117.228s] -- Installing: /home/jetson/robot_ws/install/nav2_velocity_smoother/share/nav2_velocity_smoother/package.xml
[117.243s] Invoked command in '/home/jetson/robot_ws/build/nav2_velocity_smoother' returned '0': AMENT_PREFIX_PATH=/home/jetson/robot_ws/install/nav2_util:/home/jetson/robot_ws/install/nav2_msgs:/home/jetson/robot_ws/install/nav2_common:${AMENT_PREFIX_PATH} CMAKE_PREFIX_PATH=/home/jetson/robot_ws/install/nav2_util:/home/jetson/robot_ws/install/nav2_msgs:/home/jetson/robot_ws/install/nav2_common:/home/jetson/robot_ws/install/servicerobot_joy:/opt/ros/humble LD_LIBRARY_PATH=/home/jetson/robot_ws/install/nav2_util/lib:/home/jetson/robot_ws/install/nav2_msgs/lib:${LD_LIBRARY_PATH} PYTHONPATH=/home/jetson/robot_ws/install/nav2_msgs/local/lib/python3.10/dist-packages:/home/jetson/robot_ws/install/nav2_common/local/lib/python3.10/dist-packages:${PYTHONPATH} /usr/bin/cmake --install /home/jetson/robot_ws/build/nav2_velocity_smoother
