[0.022s] Invoking command in '/home/jetson/robot_ws/build/dwb_msgs': AMENT_PREFIX_PATH=/home/jetson/robot_ws/install/nav_2d_msgs:${AMENT_PREFIX_PATH} CMAKE_PREFIX_PATH=/home/jetson/robot_ws/install/nav_2d_msgs:/home/jetson/robot_ws/install/servicerobot_joy:/opt/ros/humble LD_LIBRARY_PATH=/home/jetson/robot_ws/install/nav_2d_msgs/lib:${LD_LIBRARY_PATH} PYTHONPATH=/home/jetson/robot_ws/install/nav_2d_msgs/local/lib/python3.10/dist-packages:${PYTHONPATH} /usr/bin/cmake /home/jetson/robot_ws/src/navigation2/nav2_dwb_controller/dwb_msgs -DCMAKE_INSTALL_PREFIX=/home/jetson/robot_ws/install/dwb_msgs
[0.193s] -- The C compiler identification is GNU 11.4.0
[0.313s] -- The CXX compiler identification is GNU 11.4.0
[0.326s] -- Detecting C compiler ABI info
[0.479s] -- Detecting C compiler ABI info - done
[0.499s] -- Check for working C compiler: /usr/bin/cc - skipped
[0.500s] -- Detecting C compile features
[0.500s] -- Detecting C compile features - done
[0.508s] -- Detecting CXX compiler ABI info
[0.778s] -- Detecting CXX compiler ABI info - done
[0.795s] -- Check for working CXX compiler: /usr/bin/c++ - skipped
[0.796s] -- Detecting CXX compile features
[0.798s] -- Detecting CXX compile features - done
[0.805s] -- Found builtin_interfaces: 1.2.2 (/opt/ros/humble/share/builtin_interfaces/cmake)
[1.200s] -- Found Python3: /usr/bin/python3 (found version "3.10.12") found components: Interpreter 
[1.494s] -- Found rosidl_generator_c: 3.1.7 (/opt/ros/humble/share/rosidl_generator_c/cmake)
[1.505s] -- Found rosidl_adapter: 3.1.7 (/opt/ros/humble/share/rosidl_adapter/cmake)
[1.523s] -- Found rosidl_generator_cpp: 3.1.7 (/opt/ros/humble/share/rosidl_generator_cpp/cmake)
[1.550s] -- Using all available rosidl_typesupport_c: rosidl_typesupport_fastrtps_c;rosidl_typesupport_introspection_c
[1.589s] -- Using all available rosidl_typesupport_cpp: rosidl_typesupport_fastrtps_cpp;rosidl_typesupport_introspection_cpp
[1.626s] -- Found geometry_msgs: 4.9.0 (/opt/ros/humble/share/geometry_msgs/cmake)
[1.683s] -- Found nav_2d_msgs: 1.1.20 (/home/jetson/robot_ws/install/nav_2d_msgs/share/nav_2d_msgs/cmake)
[1.717s] -- Found nav_msgs: 4.9.0 (/opt/ros/humble/share/nav_msgs/cmake)
[1.752s] -- Found rosidl_default_generators: 1.2.0 (/opt/ros/humble/share/rosidl_default_generators/cmake)
[2.738s] -- Found ament_cmake_ros: 0.10.0 (/opt/ros/humble/share/ament_cmake_ros/cmake)
[3.702s] -- Using all available rosidl_typesupport_c: rosidl_typesupport_fastrtps_c;rosidl_typesupport_introspection_c
[4.064s] -- Using all available rosidl_typesupport_cpp: rosidl_typesupport_fastrtps_cpp;rosidl_typesupport_introspection_cpp
[4.126s] -- Found PythonInterp: /usr/bin/python3 (found suitable version "3.10.12", minimum required is "3.6") 
[4.130s] -- Found python_cmake_module: 0.10.0 (/opt/ros/humble/share/python_cmake_module/cmake)
[4.198s] -- Found PythonLibs: /usr/lib/aarch64-linux-gnu/libpython3.10.so (found suitable version "3.10.12", minimum required is "3.5") 
[4.199s] -- Using PYTHON_EXECUTABLE: /usr/bin/python3
[4.199s] -- Using PYTHON_INCLUDE_DIRS: /usr/include/python3.10
[4.199s] -- Using PYTHON_LIBRARIES: /usr/lib/aarch64-linux-gnu/libpython3.10.so
[4.252s] -- Found PythonExtra: .so  
[4.418s] -- Configuring done
[4.521s] -- Generating done
[4.551s] -- Build files have been written to: /home/jetson/robot_ws/build/dwb_msgs
[4.581s] Invoked command in '/home/jetson/robot_ws/build/dwb_msgs' returned '0': AMENT_PREFIX_PATH=/home/jetson/robot_ws/install/nav_2d_msgs:${AMENT_PREFIX_PATH} CMAKE_PREFIX_PATH=/home/jetson/robot_ws/install/nav_2d_msgs:/home/jetson/robot_ws/install/servicerobot_joy:/opt/ros/humble LD_LIBRARY_PATH=/home/jetson/robot_ws/install/nav_2d_msgs/lib:${LD_LIBRARY_PATH} PYTHONPATH=/home/jetson/robot_ws/install/nav_2d_msgs/local/lib/python3.10/dist-packages:${PYTHONPATH} /usr/bin/cmake /home/jetson/robot_ws/src/navigation2/nav2_dwb_controller/dwb_msgs -DCMAKE_INSTALL_PREFIX=/home/jetson/robot_ws/install/dwb_msgs
[4.585s] Invoking command in '/home/jetson/robot_ws/build/dwb_msgs': AMENT_PREFIX_PATH=/home/jetson/robot_ws/install/nav_2d_msgs:${AMENT_PREFIX_PATH} CMAKE_PREFIX_PATH=/home/jetson/robot_ws/install/nav_2d_msgs:/home/jetson/robot_ws/install/servicerobot_joy:/opt/ros/humble LD_LIBRARY_PATH=/home/jetson/robot_ws/install/nav_2d_msgs/lib:${LD_LIBRARY_PATH} PYTHONPATH=/home/jetson/robot_ws/install/nav_2d_msgs/local/lib/python3.10/dist-packages:${PYTHONPATH} /usr/bin/cmake --build /home/jetson/robot_ws/build/dwb_msgs -- -j6 -l6
[4.687s] [  1%] [34m[1mGenerating C++ code for ROS interfaces[0m
[7.194s] [  1%] Built target dwb_msgs__cpp
[7.254s] [  1%] Built target ament_cmake_python_copy_dwb_msgs
[7.276s] [  2%] [34m[1mGenerating C++ introspection for ROS interfaces[0m
[9.093s] [  3%] [32mBuilding CXX object CMakeFiles/dwb_msgs__rosidl_typesupport_introspection_cpp.dir/rosidl_typesupport_introspection_cpp/dwb_msgs/msg/detail/critic_score__type_support.cpp.o[0m
[9.888s] [  4%] [32mBuilding CXX object CMakeFiles/dwb_msgs__rosidl_typesupport_introspection_cpp.dir/rosidl_typesupport_introspection_cpp/dwb_msgs/msg/detail/local_plan_evaluation__type_support.cpp.o[0m
[11.092s] [  5%] [32mBuilding CXX object CMakeFiles/dwb_msgs__rosidl_typesupport_introspection_cpp.dir/rosidl_typesupport_introspection_cpp/dwb_msgs/msg/detail/trajectory2_d__type_support.cpp.o[0m
[12.147s] [  6%] [32mBuilding CXX object CMakeFiles/dwb_msgs__rosidl_typesupport_introspection_cpp.dir/rosidl_typesupport_introspection_cpp/dwb_msgs/msg/detail/trajectory_score__type_support.cpp.o[0m
[13.066s] [  7%] [32mBuilding CXX object CMakeFiles/dwb_msgs__rosidl_typesupport_introspection_cpp.dir/rosidl_typesupport_introspection_cpp/dwb_msgs/srv/detail/debug_local_plan__type_support.cpp.o[0m
[13.974s] [  8%] [32mBuilding CXX object CMakeFiles/dwb_msgs__rosidl_typesupport_introspection_cpp.dir/rosidl_typesupport_introspection_cpp/dwb_msgs/srv/detail/generate_trajectory__type_support.cpp.o[0m
[14.803s] [  9%] [32mBuilding CXX object CMakeFiles/dwb_msgs__rosidl_typesupport_introspection_cpp.dir/rosidl_typesupport_introspection_cpp/dwb_msgs/srv/detail/generate_twists__type_support.cpp.o[0m
[15.650s] [ 10%] [32mBuilding CXX object CMakeFiles/dwb_msgs__rosidl_typesupport_introspection_cpp.dir/rosidl_typesupport_introspection_cpp/dwb_msgs/srv/detail/get_critic_score__type_support.cpp.o[0m
[16.510s] [ 11%] [32mBuilding CXX object CMakeFiles/dwb_msgs__rosidl_typesupport_introspection_cpp.dir/rosidl_typesupport_introspection_cpp/dwb_msgs/srv/detail/score_trajectory__type_support.cpp.o[0m
[17.401s] [ 12%] [32m[1mLinking CXX shared library libdwb_msgs__rosidl_typesupport_introspection_cpp.so[0m
[17.628s] [ 12%] Built target dwb_msgs__rosidl_typesupport_introspection_cpp
[18.100s] running egg_info
[18.102s] creating dwb_msgs.egg-info
[18.103s] writing dwb_msgs.egg-info/PKG-INFO
[18.105s] writing dependency_links to dwb_msgs.egg-info/dependency_links.txt
[18.105s] writing top-level names to dwb_msgs.egg-info/top_level.txt
[18.106s] writing manifest file 'dwb_msgs.egg-info/SOURCES.txt'
[18.111s] reading manifest file 'dwb_msgs.egg-info/SOURCES.txt'
[18.113s] writing manifest file 'dwb_msgs.egg-info/SOURCES.txt'
[18.189s] [ 12%] Built target ament_cmake_python_build_dwb_msgs_egg
[18.213s] [ 13%] [34m[1mGenerating C++ type support for eProsima Fast-RTPS[0m
[20.133s] [ 14%] [32mBuilding CXX object CMakeFiles/dwb_msgs__rosidl_typesupport_fastrtps_cpp.dir/rosidl_typesupport_fastrtps_cpp/dwb_msgs/msg/detail/dds_fastrtps/critic_score__type_support.cpp.o[0m
[21.004s] [ 15%] [32mBuilding CXX object CMakeFiles/dwb_msgs__rosidl_typesupport_fastrtps_cpp.dir/rosidl_typesupport_fastrtps_cpp/dwb_msgs/msg/detail/dds_fastrtps/trajectory_score__type_support.cpp.o[0m
[21.867s] [ 16%] [32mBuilding CXX object CMakeFiles/dwb_msgs__rosidl_typesupport_fastrtps_cpp.dir/rosidl_typesupport_fastrtps_cpp/dwb_msgs/srv/detail/dds_fastrtps/debug_local_plan__type_support.cpp.o[0m
[22.696s] [ 17%] [32mBuilding CXX object CMakeFiles/dwb_msgs__rosidl_typesupport_fastrtps_cpp.dir/rosidl_typesupport_fastrtps_cpp/dwb_msgs/srv/detail/dds_fastrtps/generate_trajectory__type_support.cpp.o[0m
[23.520s] [ 18%] [32mBuilding CXX object CMakeFiles/dwb_msgs__rosidl_typesupport_fastrtps_cpp.dir/rosidl_typesupport_fastrtps_cpp/dwb_msgs/srv/detail/dds_fastrtps/generate_twists__type_support.cpp.o[0m
[24.389s] [ 20%] [32mBuilding CXX object CMakeFiles/dwb_msgs__rosidl_typesupport_fastrtps_cpp.dir/rosidl_typesupport_fastrtps_cpp/dwb_msgs/srv/detail/dds_fastrtps/get_critic_score__type_support.cpp.o[0m
[25.237s] [ 21%] [32mBuilding CXX object CMakeFiles/dwb_msgs__rosidl_typesupport_fastrtps_cpp.dir/rosidl_typesupport_fastrtps_cpp/dwb_msgs/srv/detail/dds_fastrtps/score_trajectory__type_support.cpp.o[0m
[26.053s] [ 22%] [32mBuilding CXX object CMakeFiles/dwb_msgs__rosidl_typesupport_fastrtps_cpp.dir/rosidl_typesupport_fastrtps_cpp/dwb_msgs/msg/detail/dds_fastrtps/trajectory2_d__type_support.cpp.o[0m
[26.954s] [ 23%] [32mBuilding CXX object CMakeFiles/dwb_msgs__rosidl_typesupport_fastrtps_cpp.dir/rosidl_typesupport_fastrtps_cpp/dwb_msgs/msg/detail/dds_fastrtps/local_plan_evaluation__type_support.cpp.o[0m
[27.897s] [ 24%] [32m[1mLinking CXX shared library libdwb_msgs__rosidl_typesupport_fastrtps_cpp.so[0m
[28.056s] [ 24%] Built target dwb_msgs__rosidl_typesupport_fastrtps_cpp
[28.075s] [ 25%] [34m[1mGenerating C++ type support dispatch for ROS interfaces[0m
[29.284s] [ 26%] [32mBuilding CXX object CMakeFiles/dwb_msgs__rosidl_typesupport_cpp.dir/rosidl_typesupport_cpp/dwb_msgs/msg/critic_score__type_support.cpp.o[0m
[29.799s] [ 27%] [32mBuilding CXX object CMakeFiles/dwb_msgs__rosidl_typesupport_cpp.dir/rosidl_typesupport_cpp/dwb_msgs/srv/debug_local_plan__type_support.cpp.o[0m
[30.316s] [ 28%] [32mBuilding CXX object CMakeFiles/dwb_msgs__rosidl_typesupport_cpp.dir/rosidl_typesupport_cpp/dwb_msgs/srv/generate_trajectory__type_support.cpp.o[0m
[30.839s] [ 29%] [32mBuilding CXX object CMakeFiles/dwb_msgs__rosidl_typesupport_cpp.dir/rosidl_typesupport_cpp/dwb_msgs/srv/generate_twists__type_support.cpp.o[0m
[31.345s] [ 30%] [32mBuilding CXX object CMakeFiles/dwb_msgs__rosidl_typesupport_cpp.dir/rosidl_typesupport_cpp/dwb_msgs/srv/get_critic_score__type_support.cpp.o[0m
[31.871s] [ 31%] [32mBuilding CXX object CMakeFiles/dwb_msgs__rosidl_typesupport_cpp.dir/rosidl_typesupport_cpp/dwb_msgs/srv/score_trajectory__type_support.cpp.o[0m
[32.390s] [ 32%] [32mBuilding CXX object CMakeFiles/dwb_msgs__rosidl_typesupport_cpp.dir/rosidl_typesupport_cpp/dwb_msgs/msg/trajectory_score__type_support.cpp.o[0m
[32.907s] [ 33%] [32mBuilding CXX object CMakeFiles/dwb_msgs__rosidl_typesupport_cpp.dir/rosidl_typesupport_cpp/dwb_msgs/msg/trajectory2_d__type_support.cpp.o[0m
[33.467s] [ 34%] [32mBuilding CXX object CMakeFiles/dwb_msgs__rosidl_typesupport_cpp.dir/rosidl_typesupport_cpp/dwb_msgs/msg/local_plan_evaluation__type_support.cpp.o[0m
[34.000s] [ 35%] [32m[1mLinking CXX shared library libdwb_msgs__rosidl_typesupport_cpp.so[0m
[34.094s] [ 35%] Built target dwb_msgs__rosidl_typesupport_cpp
[34.118s] [ 36%] [34m[1mGenerating C code for ROS interfaces[0m
[36.549s] [ 37%] [32mBuilding C object CMakeFiles/dwb_msgs__rosidl_generator_c.dir/rosidl_generator_c/dwb_msgs/msg/detail/critic_score__functions.c.o[0m
[36.659s] [ 38%] [32mBuilding C object CMakeFiles/dwb_msgs__rosidl_generator_c.dir/rosidl_generator_c/dwb_msgs/srv/detail/generate_trajectory__functions.c.o[0m
[36.786s] [ 40%] [32mBuilding C object CMakeFiles/dwb_msgs__rosidl_generator_c.dir/rosidl_generator_c/dwb_msgs/srv/detail/generate_twists__functions.c.o[0m
[36.921s] [ 41%] [32mBuilding C object CMakeFiles/dwb_msgs__rosidl_generator_c.dir/rosidl_generator_c/dwb_msgs/srv/detail/get_critic_score__functions.c.o[0m
[37.053s] [ 42%] [32mBuilding C object CMakeFiles/dwb_msgs__rosidl_generator_c.dir/rosidl_generator_c/dwb_msgs/srv/detail/score_trajectory__functions.c.o[0m
[37.185s] [ 43%] [32mBuilding C object CMakeFiles/dwb_msgs__rosidl_generator_c.dir/rosidl_generator_c/dwb_msgs/srv/detail/debug_local_plan__functions.c.o[0m
[37.310s] [ 44%] [32mBuilding C object CMakeFiles/dwb_msgs__rosidl_generator_c.dir/rosidl_generator_c/dwb_msgs/msg/detail/trajectory_score__functions.c.o[0m
[37.411s] [ 45%] [32mBuilding C object CMakeFiles/dwb_msgs__rosidl_generator_c.dir/rosidl_generator_c/dwb_msgs/msg/detail/trajectory2_d__functions.c.o[0m
[37.510s] [ 46%] [32mBuilding C object CMakeFiles/dwb_msgs__rosidl_generator_c.dir/rosidl_generator_c/dwb_msgs/msg/detail/local_plan_evaluation__functions.c.o[0m
[37.608s] [ 47%] [32m[1mLinking C shared library libdwb_msgs__rosidl_generator_c.so[0m
[37.692s] [ 47%] Built target dwb_msgs__rosidl_generator_c
[37.713s] [ 48%] [34m[1mGenerating C type support for eProsima Fast-RTPS[0m
[39.435s] [ 49%] [32mBuilding CXX object CMakeFiles/dwb_msgs__rosidl_typesupport_fastrtps_c.dir/rosidl_typesupport_fastrtps_c/dwb_msgs/msg/detail/critic_score__type_support_c.cpp.o[0m
[40.107s] [ 50%] [32mBuilding CXX object CMakeFiles/dwb_msgs__rosidl_typesupport_fastrtps_c.dir/rosidl_typesupport_fastrtps_c/dwb_msgs/msg/detail/trajectory_score__type_support_c.cpp.o[0m
[40.781s] [ 51%] [32mBuilding CXX object CMakeFiles/dwb_msgs__rosidl_typesupport_fastrtps_c.dir/rosidl_typesupport_fastrtps_c/dwb_msgs/srv/detail/debug_local_plan__type_support_c.cpp.o[0m
[41.447s] [ 52%] [32mBuilding CXX object CMakeFiles/dwb_msgs__rosidl_typesupport_fastrtps_c.dir/rosidl_typesupport_fastrtps_c/dwb_msgs/srv/detail/generate_trajectory__type_support_c.cpp.o[0m
[42.128s] [ 53%] [32mBuilding CXX object CMakeFiles/dwb_msgs__rosidl_typesupport_fastrtps_c.dir/rosidl_typesupport_fastrtps_c/dwb_msgs/srv/detail/generate_twists__type_support_c.cpp.o[0m
[42.805s] [ 54%] [32mBuilding CXX object CMakeFiles/dwb_msgs__rosidl_typesupport_fastrtps_c.dir/rosidl_typesupport_fastrtps_c/dwb_msgs/srv/detail/get_critic_score__type_support_c.cpp.o[0m
[43.512s] [ 55%] [32mBuilding CXX object CMakeFiles/dwb_msgs__rosidl_typesupport_fastrtps_c.dir/rosidl_typesupport_fastrtps_c/dwb_msgs/srv/detail/score_trajectory__type_support_c.cpp.o[0m
[44.214s] [ 56%] [32mBuilding CXX object CMakeFiles/dwb_msgs__rosidl_typesupport_fastrtps_c.dir/rosidl_typesupport_fastrtps_c/dwb_msgs/msg/detail/trajectory2_d__type_support_c.cpp.o[0m
[44.873s] [ 57%] [32mBuilding CXX object CMakeFiles/dwb_msgs__rosidl_typesupport_fastrtps_c.dir/rosidl_typesupport_fastrtps_c/dwb_msgs/msg/detail/local_plan_evaluation__type_support_c.cpp.o[0m
[45.541s] [ 58%] [32m[1mLinking CXX shared library libdwb_msgs__rosidl_typesupport_fastrtps_c.so[0m
[45.695s] [ 58%] Built target dwb_msgs__rosidl_typesupport_fastrtps_c
[45.718s] [ 60%] [34m[1mGenerating C type support dispatch for ROS interfaces[0m
[46.960s] [ 61%] [32mBuilding CXX object CMakeFiles/dwb_msgs__rosidl_typesupport_c.dir/rosidl_typesupport_c/dwb_msgs/msg/critic_score__type_support.cpp.o[0m
[47.030s] [ 62%] [32mBuilding CXX object CMakeFiles/dwb_msgs__rosidl_typesupport_c.dir/rosidl_typesupport_c/dwb_msgs/srv/debug_local_plan__type_support.cpp.o[0m
[47.096s] [ 63%] [32mBuilding CXX object CMakeFiles/dwb_msgs__rosidl_typesupport_c.dir/rosidl_typesupport_c/dwb_msgs/srv/generate_trajectory__type_support.cpp.o[0m
[47.163s] [ 64%] [32mBuilding CXX object CMakeFiles/dwb_msgs__rosidl_typesupport_c.dir/rosidl_typesupport_c/dwb_msgs/srv/generate_twists__type_support.cpp.o[0m
[47.224s] [ 65%] [32mBuilding CXX object CMakeFiles/dwb_msgs__rosidl_typesupport_c.dir/rosidl_typesupport_c/dwb_msgs/srv/get_critic_score__type_support.cpp.o[0m
[47.285s] [ 66%] [32mBuilding CXX object CMakeFiles/dwb_msgs__rosidl_typesupport_c.dir/rosidl_typesupport_c/dwb_msgs/srv/score_trajectory__type_support.cpp.o[0m
[47.347s] [ 67%] [32mBuilding CXX object CMakeFiles/dwb_msgs__rosidl_typesupport_c.dir/rosidl_typesupport_c/dwb_msgs/msg/trajectory_score__type_support.cpp.o[0m
[47.410s] [ 68%] [32mBuilding CXX object CMakeFiles/dwb_msgs__rosidl_typesupport_c.dir/rosidl_typesupport_c/dwb_msgs/msg/trajectory2_d__type_support.cpp.o[0m
[47.471s] [ 69%] [32mBuilding CXX object CMakeFiles/dwb_msgs__rosidl_typesupport_c.dir/rosidl_typesupport_c/dwb_msgs/msg/local_plan_evaluation__type_support.cpp.o[0m
[47.532s] [ 70%] [32m[1mLinking CXX shared library libdwb_msgs__rosidl_typesupport_c.so[0m
[47.613s] [ 70%] Built target dwb_msgs__rosidl_typesupport_c
[47.635s] [ 71%] [34m[1mGenerating C introspection for ROS interfaces[0m
[49.302s] [ 72%] [32mBuilding C object CMakeFiles/dwb_msgs__rosidl_typesupport_introspection_c.dir/rosidl_typesupport_introspection_c/dwb_msgs/msg/detail/critic_score__type_support.c.o[0m
[49.389s] [ 73%] [32mBuilding C object CMakeFiles/dwb_msgs__rosidl_typesupport_introspection_c.dir/rosidl_typesupport_introspection_c/dwb_msgs/srv/detail/generate_trajectory__type_support.c.o[0m
[49.472s] [ 74%] [32mBuilding C object CMakeFiles/dwb_msgs__rosidl_typesupport_introspection_c.dir/rosidl_typesupport_introspection_c/dwb_msgs/srv/detail/generate_twists__type_support.c.o[0m
[49.554s] [ 75%] [32mBuilding C object CMakeFiles/dwb_msgs__rosidl_typesupport_introspection_c.dir/rosidl_typesupport_introspection_c/dwb_msgs/srv/detail/get_critic_score__type_support.c.o[0m
[49.642s] [ 76%] [32mBuilding C object CMakeFiles/dwb_msgs__rosidl_typesupport_introspection_c.dir/rosidl_typesupport_introspection_c/dwb_msgs/srv/detail/score_trajectory__type_support.c.o[0m
[49.740s] [ 77%] [32mBuilding C object CMakeFiles/dwb_msgs__rosidl_typesupport_introspection_c.dir/rosidl_typesupport_introspection_c/dwb_msgs/srv/detail/debug_local_plan__type_support.c.o[0m
[49.825s] [ 78%] [32mBuilding C object CMakeFiles/dwb_msgs__rosidl_typesupport_introspection_c.dir/rosidl_typesupport_introspection_c/dwb_msgs/msg/detail/trajectory_score__type_support.c.o[0m
[49.905s] [ 80%] [32mBuilding C object CMakeFiles/dwb_msgs__rosidl_typesupport_introspection_c.dir/rosidl_typesupport_introspection_c/dwb_msgs/msg/detail/trajectory2_d__type_support.c.o[0m
[50.010s] [ 81%] [32mBuilding C object CMakeFiles/dwb_msgs__rosidl_typesupport_introspection_c.dir/rosidl_typesupport_introspection_c/dwb_msgs/msg/detail/local_plan_evaluation__type_support.c.o[0m
[50.089s] [ 82%] [32m[1mLinking C shared library libdwb_msgs__rosidl_typesupport_introspection_c.so[0m
[50.153s] [ 82%] Built target dwb_msgs__rosidl_typesupport_introspection_c
[50.190s] [ 82%] Built target dwb_msgs
[50.238s] [ 83%] [34m[1mGenerating Python code for ROS interfaces[0m
[53.427s] [ 83%] Built target dwb_msgs__py
[53.462s] [ 84%] [32mBuilding C object CMakeFiles/dwb_msgs__rosidl_generator_py.dir/rosidl_generator_py/dwb_msgs/msg/_critic_score_s.c.o[0m
[53.661s] [ 85%] [32mBuilding C object CMakeFiles/dwb_msgs__rosidl_generator_py.dir/rosidl_generator_py/dwb_msgs/srv/_generate_trajectory_s.c.o[0m
[53.863s] [ 86%] [32mBuilding C object CMakeFiles/dwb_msgs__rosidl_generator_py.dir/rosidl_generator_py/dwb_msgs/srv/_generate_twists_s.c.o[0m
[54.080s] [ 87%] [32mBuilding C object CMakeFiles/dwb_msgs__rosidl_generator_py.dir/rosidl_generator_py/dwb_msgs/srv/_get_critic_score_s.c.o[0m
[54.298s] [ 88%] [32mBuilding C object CMakeFiles/dwb_msgs__rosidl_generator_py.dir/rosidl_generator_py/dwb_msgs/srv/_score_trajectory_s.c.o[0m
[54.516s] [ 89%] [32mBuilding C object CMakeFiles/dwb_msgs__rosidl_generator_py.dir/rosidl_generator_py/dwb_msgs/srv/_debug_local_plan_s.c.o[0m
[54.737s] [ 90%] [32mBuilding C object CMakeFiles/dwb_msgs__rosidl_generator_py.dir/rosidl_generator_py/dwb_msgs/msg/_trajectory_score_s.c.o[0m
[54.949s] [ 91%] [32mBuilding C object CMakeFiles/dwb_msgs__rosidl_generator_py.dir/rosidl_generator_py/dwb_msgs/msg/_trajectory2_d_s.c.o[0m
[55.155s] [ 92%] [32mBuilding C object CMakeFiles/dwb_msgs__rosidl_generator_py.dir/rosidl_generator_py/dwb_msgs/msg/_local_plan_evaluation_s.c.o[0m
[55.364s] [ 93%] [32m[1mLinking C shared library rosidl_generator_py/dwb_msgs/libdwb_msgs__rosidl_generator_py.so[0m
[55.451s] [ 93%] Built target dwb_msgs__rosidl_generator_py
[55.490s] [ 94%] [32mBuilding C object CMakeFiles/dwb_msgs__rosidl_typesupport_fastrtps_c__pyext.dir/rosidl_generator_py/dwb_msgs/_dwb_msgs_s.ep.rosidl_typesupport_fastrtps_c.c.o[0m
[55.764s] [ 95%] [32m[1mLinking C shared library rosidl_generator_py/dwb_msgs/dwb_msgs_s__rosidl_typesupport_fastrtps_c.cpython-310-aarch64-linux-gnu.so[0m
[55.851s] [ 95%] Built target dwb_msgs__rosidl_typesupport_fastrtps_c__pyext
[55.891s] [ 96%] [32mBuilding C object CMakeFiles/dwb_msgs__rosidl_typesupport_c__pyext.dir/rosidl_generator_py/dwb_msgs/_dwb_msgs_s.ep.rosidl_typesupport_c.c.o[0m
[56.163s] [ 97%] [32m[1mLinking C shared library rosidl_generator_py/dwb_msgs/dwb_msgs_s__rosidl_typesupport_c.cpython-310-aarch64-linux-gnu.so[0m
[56.256s] [ 97%] Built target dwb_msgs__rosidl_typesupport_c__pyext
[56.301s] [ 98%] [32mBuilding C object CMakeFiles/dwb_msgs__rosidl_typesupport_introspection_c__pyext.dir/rosidl_generator_py/dwb_msgs/_dwb_msgs_s.ep.rosidl_typesupport_introspection_c.c.o[0m
[56.572s] [100%] [32m[1mLinking C shared library rosidl_generator_py/dwb_msgs/dwb_msgs_s__rosidl_typesupport_introspection_c.cpython-310-aarch64-linux-gnu.so[0m
[56.663s] [100%] Built target dwb_msgs__rosidl_typesupport_introspection_c__pyext
[56.690s] Invoked command in '/home/jetson/robot_ws/build/dwb_msgs' returned '0': AMENT_PREFIX_PATH=/home/jetson/robot_ws/install/nav_2d_msgs:${AMENT_PREFIX_PATH} CMAKE_PREFIX_PATH=/home/jetson/robot_ws/install/nav_2d_msgs:/home/jetson/robot_ws/install/servicerobot_joy:/opt/ros/humble LD_LIBRARY_PATH=/home/jetson/robot_ws/install/nav_2d_msgs/lib:${LD_LIBRARY_PATH} PYTHONPATH=/home/jetson/robot_ws/install/nav_2d_msgs/local/lib/python3.10/dist-packages:${PYTHONPATH} /usr/bin/cmake --build /home/jetson/robot_ws/build/dwb_msgs -- -j6 -l6
[56.695s] Invoking command in '/home/jetson/robot_ws/build/dwb_msgs': AMENT_PREFIX_PATH=/home/jetson/robot_ws/install/nav_2d_msgs:${AMENT_PREFIX_PATH} CMAKE_PREFIX_PATH=/home/jetson/robot_ws/install/nav_2d_msgs:/home/jetson/robot_ws/install/servicerobot_joy:/opt/ros/humble LD_LIBRARY_PATH=/home/jetson/robot_ws/install/nav_2d_msgs/lib:${LD_LIBRARY_PATH} PYTHONPATH=/home/jetson/robot_ws/install/nav_2d_msgs/local/lib/python3.10/dist-packages:${PYTHONPATH} /usr/bin/cmake --install /home/jetson/robot_ws/build/dwb_msgs
[56.712s] -- Install configuration: ""
[56.713s] -- Installing: /home/jetson/robot_ws/install/dwb_msgs/share/ament_index/resource_index/rosidl_interfaces/dwb_msgs
[56.713s] -- Installing: /home/jetson/robot_ws/install/dwb_msgs/include/dwb_msgs/dwb_msgs
[56.713s] -- Installing: /home/jetson/robot_ws/install/dwb_msgs/include/dwb_msgs/dwb_msgs/msg
[56.714s] -- Installing: /home/jetson/robot_ws/install/dwb_msgs/include/dwb_msgs/dwb_msgs/msg/rosidl_generator_c__visibility_control.h
[56.716s] -- Installing: /home/jetson/robot_ws/install/dwb_msgs/include/dwb_msgs/dwb_msgs/msg/critic_score.h
[56.716s] -- Installing: /home/jetson/robot_ws/install/dwb_msgs/include/dwb_msgs/dwb_msgs/msg/trajectory2_d.h
[56.716s] -- Installing: /home/jetson/robot_ws/install/dwb_msgs/include/dwb_msgs/dwb_msgs/msg/local_plan_evaluation.h
[56.716s] -- Installing: /home/jetson/robot_ws/install/dwb_msgs/include/dwb_msgs/dwb_msgs/msg/detail
[56.716s] -- Installing: /home/jetson/robot_ws/install/dwb_msgs/include/dwb_msgs/dwb_msgs/msg/detail/local_plan_evaluation__functions.c
[56.717s] -- Installing: /home/jetson/robot_ws/install/dwb_msgs/include/dwb_msgs/dwb_msgs/msg/detail/trajectory_score__functions.h
[56.717s] -- Installing: /home/jetson/robot_ws/install/dwb_msgs/include/dwb_msgs/dwb_msgs/msg/detail/trajectory_score__struct.h
[56.717s] -- Installing: /home/jetson/robot_ws/install/dwb_msgs/include/dwb_msgs/dwb_msgs/msg/detail/critic_score__functions.h
[56.717s] -- Installing: /home/jetson/robot_ws/install/dwb_msgs/include/dwb_msgs/dwb_msgs/msg/detail/local_plan_evaluation__functions.h
[56.717s] -- Installing: /home/jetson/robot_ws/install/dwb_msgs/include/dwb_msgs/dwb_msgs/msg/detail/trajectory_score__functions.c
[56.717s] -- Installing: /home/jetson/robot_ws/install/dwb_msgs/include/dwb_msgs/dwb_msgs/msg/detail/local_plan_evaluation__type_support.h
[56.717s] -- Installing: /home/jetson/robot_ws/install/dwb_msgs/include/dwb_msgs/dwb_msgs/msg/detail/trajectory2_d__functions.c
[56.717s] -- Installing: /home/jetson/robot_ws/install/dwb_msgs/include/dwb_msgs/dwb_msgs/msg/detail/trajectory_score__type_support.h
[56.718s] -- Installing: /home/jetson/robot_ws/install/dwb_msgs/include/dwb_msgs/dwb_msgs/msg/detail/trajectory2_d__type_support.h
[56.718s] -- Installing: /home/jetson/robot_ws/install/dwb_msgs/include/dwb_msgs/dwb_msgs/msg/detail/trajectory2_d__struct.h
[56.718s] -- Installing: /home/jetson/robot_ws/install/dwb_msgs/include/dwb_msgs/dwb_msgs/msg/detail/critic_score__type_support.h
[56.718s] -- Installing: /home/jetson/robot_ws/install/dwb_msgs/include/dwb_msgs/dwb_msgs/msg/detail/critic_score__struct.h
[56.718s] -- Installing: /home/jetson/robot_ws/install/dwb_msgs/include/dwb_msgs/dwb_msgs/msg/detail/critic_score__functions.c
[56.718s] -- Installing: /home/jetson/robot_ws/install/dwb_msgs/include/dwb_msgs/dwb_msgs/msg/detail/trajectory2_d__functions.h
[56.718s] -- Installing: /home/jetson/robot_ws/install/dwb_msgs/include/dwb_msgs/dwb_msgs/msg/detail/local_plan_evaluation__struct.h
[56.719s] -- Installing: /home/jetson/robot_ws/install/dwb_msgs/include/dwb_msgs/dwb_msgs/msg/trajectory_score.h
[56.719s] -- Installing: /home/jetson/robot_ws/install/dwb_msgs/include/dwb_msgs/dwb_msgs/srv
[56.719s] -- Installing: /home/jetson/robot_ws/install/dwb_msgs/include/dwb_msgs/dwb_msgs/srv/get_critic_score.h
[56.719s] -- Installing: /home/jetson/robot_ws/install/dwb_msgs/include/dwb_msgs/dwb_msgs/srv/generate_trajectory.h
[56.719s] -- Installing: /home/jetson/robot_ws/install/dwb_msgs/include/dwb_msgs/dwb_msgs/srv/generate_twists.h
[56.719s] -- Installing: /home/jetson/robot_ws/install/dwb_msgs/include/dwb_msgs/dwb_msgs/srv/detail
[56.720s] -- Installing: /home/jetson/robot_ws/install/dwb_msgs/include/dwb_msgs/dwb_msgs/srv/detail/debug_local_plan__struct.h
[56.720s] -- Installing: /home/jetson/robot_ws/install/dwb_msgs/include/dwb_msgs/dwb_msgs/srv/detail/score_trajectory__functions.c
[56.720s] -- Installing: /home/jetson/robot_ws/install/dwb_msgs/include/dwb_msgs/dwb_msgs/srv/detail/generate_trajectory__struct.h
[56.720s] -- Installing: /home/jetson/robot_ws/install/dwb_msgs/include/dwb_msgs/dwb_msgs/srv/detail/get_critic_score__struct.h
[56.720s] -- Installing: /home/jetson/robot_ws/install/dwb_msgs/include/dwb_msgs/dwb_msgs/srv/detail/score_trajectory__struct.h
[56.720s] -- Installing: /home/jetson/robot_ws/install/dwb_msgs/include/dwb_msgs/dwb_msgs/srv/detail/generate_twists__struct.h
[56.721s] -- Installing: /home/jetson/robot_ws/install/dwb_msgs/include/dwb_msgs/dwb_msgs/srv/detail/generate_twists__functions.h
[56.721s] -- Installing: /home/jetson/robot_ws/install/dwb_msgs/include/dwb_msgs/dwb_msgs/srv/detail/generate_trajectory__functions.h
[56.721s] -- Installing: /home/jetson/robot_ws/install/dwb_msgs/include/dwb_msgs/dwb_msgs/srv/detail/score_trajectory__functions.h
[56.721s] -- Installing: /home/jetson/robot_ws/install/dwb_msgs/include/dwb_msgs/dwb_msgs/srv/detail/debug_local_plan__functions.c
[56.721s] -- Installing: /home/jetson/robot_ws/install/dwb_msgs/include/dwb_msgs/dwb_msgs/srv/detail/generate_twists__type_support.h
[56.722s] -- Installing: /home/jetson/robot_ws/install/dwb_msgs/include/dwb_msgs/dwb_msgs/srv/detail/debug_local_plan__type_support.h
[56.722s] -- Installing: /home/jetson/robot_ws/install/dwb_msgs/include/dwb_msgs/dwb_msgs/srv/detail/generate_trajectory__type_support.h
[56.723s] -- Installing: /home/jetson/robot_ws/install/dwb_msgs/include/dwb_msgs/dwb_msgs/srv/detail/get_critic_score__type_support.h
[56.723s] -- Installing: /home/jetson/robot_ws/install/dwb_msgs/include/dwb_msgs/dwb_msgs/srv/detail/get_critic_score__functions.c
[56.725s] -- Installing: /home/jetson/robot_ws/install/dwb_msgs/include/dwb_msgs/dwb_msgs/srv/detail/generate_twists__functions.c
[56.725s] -- Installing: /home/jetson/robot_ws/install/dwb_msgs/include/dwb_msgs/dwb_msgs/srv/detail/debug_local_plan__functions.h
[56.725s] -- Installing: /home/jetson/robot_ws/install/dwb_msgs/include/dwb_msgs/dwb_msgs/srv/detail/score_trajectory__type_support.h
[56.725s] -- Installing: /home/jetson/robot_ws/install/dwb_msgs/include/dwb_msgs/dwb_msgs/srv/detail/get_critic_score__functions.h
[56.726s] -- Installing: /home/jetson/robot_ws/install/dwb_msgs/include/dwb_msgs/dwb_msgs/srv/detail/generate_trajectory__functions.c
[56.726s] -- Installing: /home/jetson/robot_ws/install/dwb_msgs/include/dwb_msgs/dwb_msgs/srv/score_trajectory.h
[56.732s] -- Installing: /home/jetson/robot_ws/install/dwb_msgs/include/dwb_msgs/dwb_msgs/srv/debug_local_plan.h
[56.733s] -- Installing: /home/jetson/robot_ws/install/dwb_msgs/share/dwb_msgs/environment/library_path.sh
[56.733s] -- Installing: /home/jetson/robot_ws/install/dwb_msgs/share/dwb_msgs/environment/library_path.dsv
[56.733s] -- Installing: /home/jetson/robot_ws/install/dwb_msgs/lib/libdwb_msgs__rosidl_generator_c.so
[56.735s] -- Set runtime path of "/home/jetson/robot_ws/install/dwb_msgs/lib/libdwb_msgs__rosidl_generator_c.so" to ""
[56.735s] -- Up-to-date: /home/jetson/robot_ws/install/dwb_msgs/include/dwb_msgs/dwb_msgs
[56.736s] -- Up-to-date: /home/jetson/robot_ws/install/dwb_msgs/include/dwb_msgs/dwb_msgs/msg
[56.736s] -- Up-to-date: /home/jetson/robot_ws/install/dwb_msgs/include/dwb_msgs/dwb_msgs/msg/detail
[56.736s] -- Installing: /home/jetson/robot_ws/install/dwb_msgs/include/dwb_msgs/dwb_msgs/msg/detail/local_plan_evaluation__rosidl_typesupport_fastrtps_c.h
[56.736s] -- Installing: /home/jetson/robot_ws/install/dwb_msgs/include/dwb_msgs/dwb_msgs/msg/detail/critic_score__rosidl_typesupport_fastrtps_c.h
[56.736s] -- Installing: /home/jetson/robot_ws/install/dwb_msgs/include/dwb_msgs/dwb_msgs/msg/detail/trajectory2_d__rosidl_typesupport_fastrtps_c.h
[56.736s] -- Installing: /home/jetson/robot_ws/install/dwb_msgs/include/dwb_msgs/dwb_msgs/msg/detail/trajectory_score__rosidl_typesupport_fastrtps_c.h
[56.736s] -- Installing: /home/jetson/robot_ws/install/dwb_msgs/include/dwb_msgs/dwb_msgs/msg/rosidl_typesupport_fastrtps_c__visibility_control.h
[56.736s] -- Up-to-date: /home/jetson/robot_ws/install/dwb_msgs/include/dwb_msgs/dwb_msgs/srv
[56.737s] -- Up-to-date: /home/jetson/robot_ws/install/dwb_msgs/include/dwb_msgs/dwb_msgs/srv/detail
[56.737s] -- Installing: /home/jetson/robot_ws/install/dwb_msgs/include/dwb_msgs/dwb_msgs/srv/detail/debug_local_plan__rosidl_typesupport_fastrtps_c.h
[56.737s] -- Installing: /home/jetson/robot_ws/install/dwb_msgs/include/dwb_msgs/dwb_msgs/srv/detail/score_trajectory__rosidl_typesupport_fastrtps_c.h
[56.737s] -- Installing: /home/jetson/robot_ws/install/dwb_msgs/include/dwb_msgs/dwb_msgs/srv/detail/generate_trajectory__rosidl_typesupport_fastrtps_c.h
[56.737s] -- Installing: /home/jetson/robot_ws/install/dwb_msgs/include/dwb_msgs/dwb_msgs/srv/detail/get_critic_score__rosidl_typesupport_fastrtps_c.h
[56.737s] -- Installing: /home/jetson/robot_ws/install/dwb_msgs/include/dwb_msgs/dwb_msgs/srv/detail/generate_twists__rosidl_typesupport_fastrtps_c.h
[56.737s] -- Installing: /home/jetson/robot_ws/install/dwb_msgs/lib/libdwb_msgs__rosidl_typesupport_fastrtps_c.so
[56.738s] -- Set runtime path of "/home/jetson/robot_ws/install/dwb_msgs/lib/libdwb_msgs__rosidl_typesupport_fastrtps_c.so" to ""
[56.738s] -- Up-to-date: /home/jetson/robot_ws/install/dwb_msgs/include/dwb_msgs/dwb_msgs
[56.738s] -- Up-to-date: /home/jetson/robot_ws/install/dwb_msgs/include/dwb_msgs/dwb_msgs/msg
[56.738s] -- Installing: /home/jetson/robot_ws/install/dwb_msgs/include/dwb_msgs/dwb_msgs/msg/local_plan_evaluation.hpp
[56.738s] -- Installing: /home/jetson/robot_ws/install/dwb_msgs/include/dwb_msgs/dwb_msgs/msg/trajectory_score.hpp
[56.738s] -- Installing: /home/jetson/robot_ws/install/dwb_msgs/include/dwb_msgs/dwb_msgs/msg/rosidl_generator_cpp__visibility_control.hpp
[56.739s] -- Up-to-date: /home/jetson/robot_ws/install/dwb_msgs/include/dwb_msgs/dwb_msgs/msg/detail
[56.739s] -- Installing: /home/jetson/robot_ws/install/dwb_msgs/include/dwb_msgs/dwb_msgs/msg/detail/critic_score__builder.hpp
[56.739s] -- Installing: /home/jetson/robot_ws/install/dwb_msgs/include/dwb_msgs/dwb_msgs/msg/detail/trajectory2_d__traits.hpp
[56.739s] -- Installing: /home/jetson/robot_ws/install/dwb_msgs/include/dwb_msgs/dwb_msgs/msg/detail/local_plan_evaluation__builder.hpp
[56.739s] -- Installing: /home/jetson/robot_ws/install/dwb_msgs/include/dwb_msgs/dwb_msgs/msg/detail/trajectory2_d__type_support.hpp
[56.739s] -- Installing: /home/jetson/robot_ws/install/dwb_msgs/include/dwb_msgs/dwb_msgs/msg/detail/critic_score__type_support.hpp
[56.739s] -- Installing: /home/jetson/robot_ws/install/dwb_msgs/include/dwb_msgs/dwb_msgs/msg/detail/local_plan_evaluation__traits.hpp
[56.739s] -- Installing: /home/jetson/robot_ws/install/dwb_msgs/include/dwb_msgs/dwb_msgs/msg/detail/critic_score__traits.hpp
[56.740s] -- Installing: /home/jetson/robot_ws/install/dwb_msgs/include/dwb_msgs/dwb_msgs/msg/detail/trajectory_score__struct.hpp
[56.740s] -- Installing: /home/jetson/robot_ws/install/dwb_msgs/include/dwb_msgs/dwb_msgs/msg/detail/critic_score__struct.hpp
[56.740s] -- Installing: /home/jetson/robot_ws/install/dwb_msgs/include/dwb_msgs/dwb_msgs/msg/detail/trajectory_score__type_support.hpp
[56.740s] -- Installing: /home/jetson/robot_ws/install/dwb_msgs/include/dwb_msgs/dwb_msgs/msg/detail/local_plan_evaluation__struct.hpp
[56.740s] -- Installing: /home/jetson/robot_ws/install/dwb_msgs/include/dwb_msgs/dwb_msgs/msg/detail/trajectory2_d__struct.hpp
[56.740s] -- Installing: /home/jetson/robot_ws/install/dwb_msgs/include/dwb_msgs/dwb_msgs/msg/detail/local_plan_evaluation__type_support.hpp
[56.741s] -- Installing: /home/jetson/robot_ws/install/dwb_msgs/include/dwb_msgs/dwb_msgs/msg/detail/trajectory_score__builder.hpp
[56.741s] -- Installing: /home/jetson/robot_ws/install/dwb_msgs/include/dwb_msgs/dwb_msgs/msg/detail/trajectory_score__traits.hpp
[56.741s] -- Installing: /home/jetson/robot_ws/install/dwb_msgs/include/dwb_msgs/dwb_msgs/msg/detail/trajectory2_d__builder.hpp
[56.741s] -- Installing: /home/jetson/robot_ws/install/dwb_msgs/include/dwb_msgs/dwb_msgs/msg/trajectory2_d.hpp
[56.741s] -- Installing: /home/jetson/robot_ws/install/dwb_msgs/include/dwb_msgs/dwb_msgs/msg/critic_score.hpp
[56.741s] -- Up-to-date: /home/jetson/robot_ws/install/dwb_msgs/include/dwb_msgs/dwb_msgs/srv
[56.741s] -- Installing: /home/jetson/robot_ws/install/dwb_msgs/include/dwb_msgs/dwb_msgs/srv/get_critic_score.hpp
[56.741s] -- Installing: /home/jetson/robot_ws/install/dwb_msgs/include/dwb_msgs/dwb_msgs/srv/score_trajectory.hpp
[56.741s] -- Up-to-date: /home/jetson/robot_ws/install/dwb_msgs/include/dwb_msgs/dwb_msgs/srv/detail
[56.742s] -- Installing: /home/jetson/robot_ws/install/dwb_msgs/include/dwb_msgs/dwb_msgs/srv/detail/score_trajectory__type_support.hpp
[56.742s] -- Installing: /home/jetson/robot_ws/install/dwb_msgs/include/dwb_msgs/dwb_msgs/srv/detail/score_trajectory__traits.hpp
[56.742s] -- Installing: /home/jetson/robot_ws/install/dwb_msgs/include/dwb_msgs/dwb_msgs/srv/detail/generate_trajectory__struct.hpp
[56.742s] -- Installing: /home/jetson/robot_ws/install/dwb_msgs/include/dwb_msgs/dwb_msgs/srv/detail/debug_local_plan__builder.hpp
[56.742s] -- Installing: /home/jetson/robot_ws/install/dwb_msgs/include/dwb_msgs/dwb_msgs/srv/detail/debug_local_plan__type_support.hpp
[56.742s] -- Installing: /home/jetson/robot_ws/install/dwb_msgs/include/dwb_msgs/dwb_msgs/srv/detail/generate_twists__traits.hpp
[56.742s] -- Installing: /home/jetson/robot_ws/install/dwb_msgs/include/dwb_msgs/dwb_msgs/srv/detail/generate_trajectory__traits.hpp
[56.742s] -- Installing: /home/jetson/robot_ws/install/dwb_msgs/include/dwb_msgs/dwb_msgs/srv/detail/score_trajectory__builder.hpp
[56.743s] -- Installing: /home/jetson/robot_ws/install/dwb_msgs/include/dwb_msgs/dwb_msgs/srv/detail/generate_twists__type_support.hpp
[56.743s] -- Installing: /home/jetson/robot_ws/install/dwb_msgs/include/dwb_msgs/dwb_msgs/srv/detail/get_critic_score__builder.hpp
[56.743s] -- Installing: /home/jetson/robot_ws/install/dwb_msgs/include/dwb_msgs/dwb_msgs/srv/detail/score_trajectory__struct.hpp
[56.743s] -- Installing: /home/jetson/robot_ws/install/dwb_msgs/include/dwb_msgs/dwb_msgs/srv/detail/debug_local_plan__traits.hpp
[56.745s] -- Installing: /home/jetson/robot_ws/install/dwb_msgs/include/dwb_msgs/dwb_msgs/srv/detail/generate_twists__builder.hpp
[56.745s] -- Installing: /home/jetson/robot_ws/install/dwb_msgs/include/dwb_msgs/dwb_msgs/srv/detail/debug_local_plan__struct.hpp
[56.745s] -- Installing: /home/jetson/robot_ws/install/dwb_msgs/include/dwb_msgs/dwb_msgs/srv/detail/generate_trajectory__builder.hpp
[56.746s] -- Installing: /home/jetson/robot_ws/install/dwb_msgs/include/dwb_msgs/dwb_msgs/srv/detail/get_critic_score__type_support.hpp
[56.746s] -- Installing: /home/jetson/robot_ws/install/dwb_msgs/include/dwb_msgs/dwb_msgs/srv/detail/get_critic_score__traits.hpp
[56.746s] -- Installing: /home/jetson/robot_ws/install/dwb_msgs/include/dwb_msgs/dwb_msgs/srv/detail/get_critic_score__struct.hpp
[56.746s] -- Installing: /home/jetson/robot_ws/install/dwb_msgs/include/dwb_msgs/dwb_msgs/srv/detail/generate_trajectory__type_support.hpp
[56.746s] -- Installing: /home/jetson/robot_ws/install/dwb_msgs/include/dwb_msgs/dwb_msgs/srv/detail/generate_twists__struct.hpp
[56.746s] -- Installing: /home/jetson/robot_ws/install/dwb_msgs/include/dwb_msgs/dwb_msgs/srv/debug_local_plan.hpp
[56.746s] -- Installing: /home/jetson/robot_ws/install/dwb_msgs/include/dwb_msgs/dwb_msgs/srv/generate_twists.hpp
[56.746s] -- Installing: /home/jetson/robot_ws/install/dwb_msgs/include/dwb_msgs/dwb_msgs/srv/generate_trajectory.hpp
[56.747s] -- Up-to-date: /home/jetson/robot_ws/install/dwb_msgs/include/dwb_msgs/dwb_msgs
[56.747s] -- Up-to-date: /home/jetson/robot_ws/install/dwb_msgs/include/dwb_msgs/dwb_msgs/msg
[56.747s] -- Up-to-date: /home/jetson/robot_ws/install/dwb_msgs/include/dwb_msgs/dwb_msgs/msg/detail
[56.747s] -- Installing: /home/jetson/robot_ws/install/dwb_msgs/include/dwb_msgs/dwb_msgs/msg/detail/dds_fastrtps
[56.747s] -- Installing: /home/jetson/robot_ws/install/dwb_msgs/include/dwb_msgs/dwb_msgs/msg/detail/critic_score__rosidl_typesupport_fastrtps_cpp.hpp
[56.747s] -- Installing: /home/jetson/robot_ws/install/dwb_msgs/include/dwb_msgs/dwb_msgs/msg/detail/trajectory2_d__rosidl_typesupport_fastrtps_cpp.hpp
[56.747s] -- Installing: /home/jetson/robot_ws/install/dwb_msgs/include/dwb_msgs/dwb_msgs/msg/detail/local_plan_evaluation__rosidl_typesupport_fastrtps_cpp.hpp
[56.747s] -- Installing: /home/jetson/robot_ws/install/dwb_msgs/include/dwb_msgs/dwb_msgs/msg/detail/trajectory_score__rosidl_typesupport_fastrtps_cpp.hpp
[56.747s] -- Installing: /home/jetson/robot_ws/install/dwb_msgs/include/dwb_msgs/dwb_msgs/msg/rosidl_typesupport_fastrtps_cpp__visibility_control.h
[56.748s] -- Up-to-date: /home/jetson/robot_ws/install/dwb_msgs/include/dwb_msgs/dwb_msgs/srv
[56.748s] -- Up-to-date: /home/jetson/robot_ws/install/dwb_msgs/include/dwb_msgs/dwb_msgs/srv/detail
[56.748s] -- Installing: /home/jetson/robot_ws/install/dwb_msgs/include/dwb_msgs/dwb_msgs/srv/detail/dds_fastrtps
[56.748s] -- Installing: /home/jetson/robot_ws/install/dwb_msgs/include/dwb_msgs/dwb_msgs/srv/detail/debug_local_plan__rosidl_typesupport_fastrtps_cpp.hpp
[56.748s] -- Installing: /home/jetson/robot_ws/install/dwb_msgs/include/dwb_msgs/dwb_msgs/srv/detail/score_trajectory__rosidl_typesupport_fastrtps_cpp.hpp
[56.748s] -- Installing: /home/jetson/robot_ws/install/dwb_msgs/include/dwb_msgs/dwb_msgs/srv/detail/get_critic_score__rosidl_typesupport_fastrtps_cpp.hpp
[56.748s] -- Installing: /home/jetson/robot_ws/install/dwb_msgs/include/dwb_msgs/dwb_msgs/srv/detail/generate_trajectory__rosidl_typesupport_fastrtps_cpp.hpp
[56.748s] -- Installing: /home/jetson/robot_ws/install/dwb_msgs/include/dwb_msgs/dwb_msgs/srv/detail/generate_twists__rosidl_typesupport_fastrtps_cpp.hpp
[56.749s] -- Installing: /home/jetson/robot_ws/install/dwb_msgs/lib/libdwb_msgs__rosidl_typesupport_fastrtps_cpp.so
[56.749s] -- Set runtime path of "/home/jetson/robot_ws/install/dwb_msgs/lib/libdwb_msgs__rosidl_typesupport_fastrtps_cpp.so" to ""
[56.749s] -- Up-to-date: /home/jetson/robot_ws/install/dwb_msgs/include/dwb_msgs/dwb_msgs
[56.749s] -- Up-to-date: /home/jetson/robot_ws/install/dwb_msgs/include/dwb_msgs/dwb_msgs/msg
[56.749s] -- Up-to-date: /home/jetson/robot_ws/install/dwb_msgs/include/dwb_msgs/dwb_msgs/msg/detail
[56.749s] -- Installing: /home/jetson/robot_ws/install/dwb_msgs/include/dwb_msgs/dwb_msgs/msg/detail/trajectory_score__type_support.c
[56.749s] -- Installing: /home/jetson/robot_ws/install/dwb_msgs/include/dwb_msgs/dwb_msgs/msg/detail/trajectory2_d__rosidl_typesupport_introspection_c.h
[56.749s] -- Installing: /home/jetson/robot_ws/install/dwb_msgs/include/dwb_msgs/dwb_msgs/msg/detail/critic_score__rosidl_typesupport_introspection_c.h
[56.749s] -- Installing: /home/jetson/robot_ws/install/dwb_msgs/include/dwb_msgs/dwb_msgs/msg/detail/trajectory2_d__type_support.c
[56.749s] -- Installing: /home/jetson/robot_ws/install/dwb_msgs/include/dwb_msgs/dwb_msgs/msg/detail/trajectory_score__rosidl_typesupport_introspection_c.h
[56.750s] -- Installing: /home/jetson/robot_ws/install/dwb_msgs/include/dwb_msgs/dwb_msgs/msg/detail/local_plan_evaluation__type_support.c
[56.750s] -- Installing: /home/jetson/robot_ws/install/dwb_msgs/include/dwb_msgs/dwb_msgs/msg/detail/critic_score__type_support.c
[56.750s] -- Installing: /home/jetson/robot_ws/install/dwb_msgs/include/dwb_msgs/dwb_msgs/msg/detail/local_plan_evaluation__rosidl_typesupport_introspection_c.h
[56.750s] -- Installing: /home/jetson/robot_ws/install/dwb_msgs/include/dwb_msgs/dwb_msgs/msg/rosidl_typesupport_introspection_c__visibility_control.h
[56.750s] -- Up-to-date: /home/jetson/robot_ws/install/dwb_msgs/include/dwb_msgs/dwb_msgs/srv
[56.750s] -- Up-to-date: /home/jetson/robot_ws/install/dwb_msgs/include/dwb_msgs/dwb_msgs/srv/detail
[56.751s] -- Installing: /home/jetson/robot_ws/install/dwb_msgs/include/dwb_msgs/dwb_msgs/srv/detail/score_trajectory__rosidl_typesupport_introspection_c.h
[56.751s] -- Installing: /home/jetson/robot_ws/install/dwb_msgs/include/dwb_msgs/dwb_msgs/srv/detail/get_critic_score__rosidl_typesupport_introspection_c.h
[56.751s] -- Installing: /home/jetson/robot_ws/install/dwb_msgs/include/dwb_msgs/dwb_msgs/srv/detail/debug_local_plan__type_support.c
[56.751s] -- Installing: /home/jetson/robot_ws/install/dwb_msgs/include/dwb_msgs/dwb_msgs/srv/detail/get_critic_score__type_support.c
[56.751s] -- Installing: /home/jetson/robot_ws/install/dwb_msgs/include/dwb_msgs/dwb_msgs/srv/detail/generate_trajectory__type_support.c
[56.751s] -- Installing: /home/jetson/robot_ws/install/dwb_msgs/include/dwb_msgs/dwb_msgs/srv/detail/generate_twists__rosidl_typesupport_introspection_c.h
[56.752s] -- Installing: /home/jetson/robot_ws/install/dwb_msgs/include/dwb_msgs/dwb_msgs/srv/detail/generate_twists__type_support.c
[56.752s] -- Installing: /home/jetson/robot_ws/install/dwb_msgs/include/dwb_msgs/dwb_msgs/srv/detail/debug_local_plan__rosidl_typesupport_introspection_c.h
[56.752s] -- Installing: /home/jetson/robot_ws/install/dwb_msgs/include/dwb_msgs/dwb_msgs/srv/detail/generate_trajectory__rosidl_typesupport_introspection_c.h
[56.752s] -- Installing: /home/jetson/robot_ws/install/dwb_msgs/include/dwb_msgs/dwb_msgs/srv/detail/score_trajectory__type_support.c
[56.752s] -- Installing: /home/jetson/robot_ws/install/dwb_msgs/lib/libdwb_msgs__rosidl_typesupport_introspection_c.so
[56.752s] -- Set runtime path of "/home/jetson/robot_ws/install/dwb_msgs/lib/libdwb_msgs__rosidl_typesupport_introspection_c.so" to ""
[56.752s] -- Installing: /home/jetson/robot_ws/install/dwb_msgs/lib/libdwb_msgs__rosidl_typesupport_c.so
[56.752s] -- Set runtime path of "/home/jetson/robot_ws/install/dwb_msgs/lib/libdwb_msgs__rosidl_typesupport_c.so" to ""
[56.752s] -- Up-to-date: /home/jetson/robot_ws/install/dwb_msgs/include/dwb_msgs/dwb_msgs
[56.753s] -- Up-to-date: /home/jetson/robot_ws/install/dwb_msgs/include/dwb_msgs/dwb_msgs/msg
[56.753s] -- Up-to-date: /home/jetson/robot_ws/install/dwb_msgs/include/dwb_msgs/dwb_msgs/msg/detail
[56.753s] -- Installing: /home/jetson/robot_ws/install/dwb_msgs/include/dwb_msgs/dwb_msgs/msg/detail/trajectory_score__type_support.cpp
[56.753s] -- Installing: /home/jetson/robot_ws/install/dwb_msgs/include/dwb_msgs/dwb_msgs/msg/detail/local_plan_evaluation__type_support.cpp
[56.753s] -- Installing: /home/jetson/robot_ws/install/dwb_msgs/include/dwb_msgs/dwb_msgs/msg/detail/local_plan_evaluation__rosidl_typesupport_introspection_cpp.hpp
[56.753s] -- Installing: /home/jetson/robot_ws/install/dwb_msgs/include/dwb_msgs/dwb_msgs/msg/detail/trajectory2_d__rosidl_typesupport_introspection_cpp.hpp
[56.753s] -- Installing: /home/jetson/robot_ws/install/dwb_msgs/include/dwb_msgs/dwb_msgs/msg/detail/trajectory2_d__type_support.cpp
[56.753s] -- Installing: /home/jetson/robot_ws/install/dwb_msgs/include/dwb_msgs/dwb_msgs/msg/detail/critic_score__rosidl_typesupport_introspection_cpp.hpp
[56.754s] -- Installing: /home/jetson/robot_ws/install/dwb_msgs/include/dwb_msgs/dwb_msgs/msg/detail/critic_score__type_support.cpp
[56.754s] -- Installing: /home/jetson/robot_ws/install/dwb_msgs/include/dwb_msgs/dwb_msgs/msg/detail/trajectory_score__rosidl_typesupport_introspection_cpp.hpp
[56.754s] -- Up-to-date: /home/jetson/robot_ws/install/dwb_msgs/include/dwb_msgs/dwb_msgs/srv
[56.754s] -- Up-to-date: /home/jetson/robot_ws/install/dwb_msgs/include/dwb_msgs/dwb_msgs/srv/detail
[56.754s] -- Installing: /home/jetson/robot_ws/install/dwb_msgs/include/dwb_msgs/dwb_msgs/srv/detail/score_trajectory__rosidl_typesupport_introspection_cpp.hpp
[56.754s] -- Installing: /home/jetson/robot_ws/install/dwb_msgs/include/dwb_msgs/dwb_msgs/srv/detail/get_critic_score__rosidl_typesupport_introspection_cpp.hpp
[56.755s] -- Installing: /home/jetson/robot_ws/install/dwb_msgs/include/dwb_msgs/dwb_msgs/srv/detail/get_critic_score__type_support.cpp
[56.755s] -- Installing: /home/jetson/robot_ws/install/dwb_msgs/include/dwb_msgs/dwb_msgs/srv/detail/generate_twists__rosidl_typesupport_introspection_cpp.hpp
[56.755s] -- Installing: /home/jetson/robot_ws/install/dwb_msgs/include/dwb_msgs/dwb_msgs/srv/detail/debug_local_plan__type_support.cpp
[56.755s] -- Installing: /home/jetson/robot_ws/install/dwb_msgs/include/dwb_msgs/dwb_msgs/srv/detail/generate_trajectory__type_support.cpp
[56.755s] -- Installing: /home/jetson/robot_ws/install/dwb_msgs/include/dwb_msgs/dwb_msgs/srv/detail/debug_local_plan__rosidl_typesupport_introspection_cpp.hpp
[56.755s] -- Installing: /home/jetson/robot_ws/install/dwb_msgs/include/dwb_msgs/dwb_msgs/srv/detail/generate_twists__type_support.cpp
[56.755s] -- Installing: /home/jetson/robot_ws/install/dwb_msgs/include/dwb_msgs/dwb_msgs/srv/detail/score_trajectory__type_support.cpp
[56.755s] -- Installing: /home/jetson/robot_ws/install/dwb_msgs/include/dwb_msgs/dwb_msgs/srv/detail/generate_trajectory__rosidl_typesupport_introspection_cpp.hpp
[56.756s] -- Installing: /home/jetson/robot_ws/install/dwb_msgs/lib/libdwb_msgs__rosidl_typesupport_introspection_cpp.so
[56.756s] -- Set runtime path of "/home/jetson/robot_ws/install/dwb_msgs/lib/libdwb_msgs__rosidl_typesupport_introspection_cpp.so" to ""
[56.756s] -- Installing: /home/jetson/robot_ws/install/dwb_msgs/lib/libdwb_msgs__rosidl_typesupport_cpp.so
[56.756s] -- Set runtime path of "/home/jetson/robot_ws/install/dwb_msgs/lib/libdwb_msgs__rosidl_typesupport_cpp.so" to ""
[56.756s] -- Installing: /home/jetson/robot_ws/install/dwb_msgs/share/dwb_msgs/environment/pythonpath.sh
[56.756s] -- Installing: /home/jetson/robot_ws/install/dwb_msgs/share/dwb_msgs/environment/pythonpath.dsv
[56.756s] -- Installing: /home/jetson/robot_ws/install/dwb_msgs/local/lib/python3.10/dist-packages/dwb_msgs-1.1.20-py3.10.egg-info
[56.756s] -- Installing: /home/jetson/robot_ws/install/dwb_msgs/local/lib/python3.10/dist-packages/dwb_msgs-1.1.20-py3.10.egg-info/top_level.txt
[56.756s] -- Installing: /home/jetson/robot_ws/install/dwb_msgs/local/lib/python3.10/dist-packages/dwb_msgs-1.1.20-py3.10.egg-info/SOURCES.txt
[56.756s] -- Installing: /home/jetson/robot_ws/install/dwb_msgs/local/lib/python3.10/dist-packages/dwb_msgs-1.1.20-py3.10.egg-info/PKG-INFO
[56.757s] -- Installing: /home/jetson/robot_ws/install/dwb_msgs/local/lib/python3.10/dist-packages/dwb_msgs-1.1.20-py3.10.egg-info/dependency_links.txt
[56.757s] -- Installing: /home/jetson/robot_ws/install/dwb_msgs/local/lib/python3.10/dist-packages/dwb_msgs
[56.757s] -- Installing: /home/jetson/robot_ws/install/dwb_msgs/local/lib/python3.10/dist-packages/dwb_msgs/dwb_msgs_s__rosidl_typesupport_c.cpython-310-aarch64-linux-gnu.so
[56.757s] -- Installing: /home/jetson/robot_ws/install/dwb_msgs/local/lib/python3.10/dist-packages/dwb_msgs/libdwb_msgs__rosidl_generator_py.so
[56.757s] -- Installing: /home/jetson/robot_ws/install/dwb_msgs/local/lib/python3.10/dist-packages/dwb_msgs/_dwb_msgs_s.ep.rosidl_typesupport_c.c
[56.757s] -- Installing: /home/jetson/robot_ws/install/dwb_msgs/local/lib/python3.10/dist-packages/dwb_msgs/_dwb_msgs_s.ep.rosidl_typesupport_introspection_c.c
[56.758s] -- Installing: /home/jetson/robot_ws/install/dwb_msgs/local/lib/python3.10/dist-packages/dwb_msgs/dwb_msgs_s__rosidl_typesupport_introspection_c.cpython-310-aarch64-linux-gnu.so
[56.758s] -- Installing: /home/jetson/robot_ws/install/dwb_msgs/local/lib/python3.10/dist-packages/dwb_msgs/msg
[56.758s] -- Installing: /home/jetson/robot_ws/install/dwb_msgs/local/lib/python3.10/dist-packages/dwb_msgs/msg/_critic_score_s.c
[56.758s] -- Installing: /home/jetson/robot_ws/install/dwb_msgs/local/lib/python3.10/dist-packages/dwb_msgs/msg/_trajectory_score.py
[56.758s] -- Installing: /home/jetson/robot_ws/install/dwb_msgs/local/lib/python3.10/dist-packages/dwb_msgs/msg/_trajectory_score_s.c
[56.758s] -- Installing: /home/jetson/robot_ws/install/dwb_msgs/local/lib/python3.10/dist-packages/dwb_msgs/msg/_trajectory2_d.py
[56.758s] -- Installing: /home/jetson/robot_ws/install/dwb_msgs/local/lib/python3.10/dist-packages/dwb_msgs/msg/_critic_score.py
[56.759s] -- Installing: /home/jetson/robot_ws/install/dwb_msgs/local/lib/python3.10/dist-packages/dwb_msgs/msg/_local_plan_evaluation.py
[56.759s] -- Installing: /home/jetson/robot_ws/install/dwb_msgs/local/lib/python3.10/dist-packages/dwb_msgs/msg/_local_plan_evaluation_s.c
[56.759s] -- Installing: /home/jetson/robot_ws/install/dwb_msgs/local/lib/python3.10/dist-packages/dwb_msgs/msg/_trajectory2_d_s.c
[56.759s] -- Installing: /home/jetson/robot_ws/install/dwb_msgs/local/lib/python3.10/dist-packages/dwb_msgs/msg/__init__.py
[56.759s] -- Installing: /home/jetson/robot_ws/install/dwb_msgs/local/lib/python3.10/dist-packages/dwb_msgs/_dwb_msgs_s.ep.rosidl_typesupport_fastrtps_c.c
[56.759s] -- Installing: /home/jetson/robot_ws/install/dwb_msgs/local/lib/python3.10/dist-packages/dwb_msgs/dwb_msgs_s__rosidl_typesupport_fastrtps_c.cpython-310-aarch64-linux-gnu.so
[56.760s] -- Installing: /home/jetson/robot_ws/install/dwb_msgs/local/lib/python3.10/dist-packages/dwb_msgs/srv
[56.760s] -- Installing: /home/jetson/robot_ws/install/dwb_msgs/local/lib/python3.10/dist-packages/dwb_msgs/srv/_debug_local_plan.py
[56.760s] -- Installing: /home/jetson/robot_ws/install/dwb_msgs/local/lib/python3.10/dist-packages/dwb_msgs/srv/_get_critic_score_s.c
[56.760s] -- Installing: /home/jetson/robot_ws/install/dwb_msgs/local/lib/python3.10/dist-packages/dwb_msgs/srv/_generate_trajectory.py
[56.760s] -- Installing: /home/jetson/robot_ws/install/dwb_msgs/local/lib/python3.10/dist-packages/dwb_msgs/srv/_score_trajectory.py
[56.760s] -- Installing: /home/jetson/robot_ws/install/dwb_msgs/local/lib/python3.10/dist-packages/dwb_msgs/srv/_generate_twists.py
[56.761s] -- Installing: /home/jetson/robot_ws/install/dwb_msgs/local/lib/python3.10/dist-packages/dwb_msgs/srv/_get_critic_score.py
[56.762s] -- Installing: /home/jetson/robot_ws/install/dwb_msgs/local/lib/python3.10/dist-packages/dwb_msgs/srv/_generate_twists_s.c
[56.762s] -- Installing: /home/jetson/robot_ws/install/dwb_msgs/local/lib/python3.10/dist-packages/dwb_msgs/srv/_score_trajectory_s.c
[56.763s] -- Installing: /home/jetson/robot_ws/install/dwb_msgs/local/lib/python3.10/dist-packages/dwb_msgs/srv/_generate_trajectory_s.c
[56.763s] -- Installing: /home/jetson/robot_ws/install/dwb_msgs/local/lib/python3.10/dist-packages/dwb_msgs/srv/_debug_local_plan_s.c
[56.763s] -- Installing: /home/jetson/robot_ws/install/dwb_msgs/local/lib/python3.10/dist-packages/dwb_msgs/srv/__init__.py
[56.763s] -- Installing: /home/jetson/robot_ws/install/dwb_msgs/local/lib/python3.10/dist-packages/dwb_msgs/__init__.py
[56.862s] Listing '/home/jetson/robot_ws/install/dwb_msgs/local/lib/python3.10/dist-packages/dwb_msgs'...
[56.862s] Compiling '/home/jetson/robot_ws/install/dwb_msgs/local/lib/python3.10/dist-packages/dwb_msgs/__init__.py'...
[56.862s] Listing '/home/jetson/robot_ws/install/dwb_msgs/local/lib/python3.10/dist-packages/dwb_msgs/msg'...
[56.862s] Compiling '/home/jetson/robot_ws/install/dwb_msgs/local/lib/python3.10/dist-packages/dwb_msgs/msg/__init__.py'...
[56.863s] Compiling '/home/jetson/robot_ws/install/dwb_msgs/local/lib/python3.10/dist-packages/dwb_msgs/msg/_critic_score.py'...
[56.863s] Compiling '/home/jetson/robot_ws/install/dwb_msgs/local/lib/python3.10/dist-packages/dwb_msgs/msg/_local_plan_evaluation.py'...
[56.863s] Compiling '/home/jetson/robot_ws/install/dwb_msgs/local/lib/python3.10/dist-packages/dwb_msgs/msg/_trajectory2_d.py'...
[56.863s] Compiling '/home/jetson/robot_ws/install/dwb_msgs/local/lib/python3.10/dist-packages/dwb_msgs/msg/_trajectory_score.py'...
[56.863s] Listing '/home/jetson/robot_ws/install/dwb_msgs/local/lib/python3.10/dist-packages/dwb_msgs/srv'...
[56.863s] Compiling '/home/jetson/robot_ws/install/dwb_msgs/local/lib/python3.10/dist-packages/dwb_msgs/srv/__init__.py'...
[56.863s] Compiling '/home/jetson/robot_ws/install/dwb_msgs/local/lib/python3.10/dist-packages/dwb_msgs/srv/_debug_local_plan.py'...
[56.863s] Compiling '/home/jetson/robot_ws/install/dwb_msgs/local/lib/python3.10/dist-packages/dwb_msgs/srv/_generate_trajectory.py'...
[56.863s] Compiling '/home/jetson/robot_ws/install/dwb_msgs/local/lib/python3.10/dist-packages/dwb_msgs/srv/_generate_twists.py'...
[56.864s] Compiling '/home/jetson/robot_ws/install/dwb_msgs/local/lib/python3.10/dist-packages/dwb_msgs/srv/_get_critic_score.py'...
[56.864s] Compiling '/home/jetson/robot_ws/install/dwb_msgs/local/lib/python3.10/dist-packages/dwb_msgs/srv/_score_trajectory.py'...
[56.876s] -- Installing: /home/jetson/robot_ws/install/dwb_msgs/local/lib/python3.10/dist-packages/dwb_msgs/dwb_msgs_s__rosidl_typesupport_fastrtps_c.cpython-310-aarch64-linux-gnu.so
[56.876s] -- Set runtime path of "/home/jetson/robot_ws/install/dwb_msgs/local/lib/python3.10/dist-packages/dwb_msgs/dwb_msgs_s__rosidl_typesupport_fastrtps_c.cpython-310-aarch64-linux-gnu.so" to ""
[56.877s] -- Installing: /home/jetson/robot_ws/install/dwb_msgs/local/lib/python3.10/dist-packages/dwb_msgs/dwb_msgs_s__rosidl_typesupport_introspection_c.cpython-310-aarch64-linux-gnu.so
[56.877s] -- Set runtime path of "/home/jetson/robot_ws/install/dwb_msgs/local/lib/python3.10/dist-packages/dwb_msgs/dwb_msgs_s__rosidl_typesupport_introspection_c.cpython-310-aarch64-linux-gnu.so" to ""
[56.878s] -- Installing: /home/jetson/robot_ws/install/dwb_msgs/local/lib/python3.10/dist-packages/dwb_msgs/dwb_msgs_s__rosidl_typesupport_c.cpython-310-aarch64-linux-gnu.so
[56.878s] -- Set runtime path of "/home/jetson/robot_ws/install/dwb_msgs/local/lib/python3.10/dist-packages/dwb_msgs/dwb_msgs_s__rosidl_typesupport_c.cpython-310-aarch64-linux-gnu.so" to ""
[56.879s] -- Installing: /home/jetson/robot_ws/install/dwb_msgs/lib/libdwb_msgs__rosidl_generator_py.so
[56.879s] -- Set runtime path of "/home/jetson/robot_ws/install/dwb_msgs/lib/libdwb_msgs__rosidl_generator_py.so" to ""
[56.880s] -- Installing: /home/jetson/robot_ws/install/dwb_msgs/share/dwb_msgs/msg/CriticScore.idl
[56.880s] -- Installing: /home/jetson/robot_ws/install/dwb_msgs/share/dwb_msgs/msg/LocalPlanEvaluation.idl
[56.880s] -- Installing: /home/jetson/robot_ws/install/dwb_msgs/share/dwb_msgs/msg/Trajectory2D.idl
[56.880s] -- Installing: /home/jetson/robot_ws/install/dwb_msgs/share/dwb_msgs/msg/TrajectoryScore.idl
[56.881s] -- Installing: /home/jetson/robot_ws/install/dwb_msgs/share/dwb_msgs/srv/DebugLocalPlan.idl
[56.881s] -- Installing: /home/jetson/robot_ws/install/dwb_msgs/share/dwb_msgs/srv/GenerateTrajectory.idl
[56.881s] -- Installing: /home/jetson/robot_ws/install/dwb_msgs/share/dwb_msgs/srv/GenerateTwists.idl
[56.881s] -- Installing: /home/jetson/robot_ws/install/dwb_msgs/share/dwb_msgs/srv/GetCriticScore.idl
[56.882s] -- Installing: /home/jetson/robot_ws/install/dwb_msgs/share/dwb_msgs/srv/ScoreTrajectory.idl
[56.882s] -- Installing: /home/jetson/robot_ws/install/dwb_msgs/share/dwb_msgs/msg/CriticScore.msg
[56.882s] -- Installing: /home/jetson/robot_ws/install/dwb_msgs/share/dwb_msgs/msg/LocalPlanEvaluation.msg
[56.882s] -- Installing: /home/jetson/robot_ws/install/dwb_msgs/share/dwb_msgs/msg/Trajectory2D.msg
[56.883s] -- Installing: /home/jetson/robot_ws/install/dwb_msgs/share/dwb_msgs/msg/TrajectoryScore.msg
[56.883s] -- Installing: /home/jetson/robot_ws/install/dwb_msgs/share/dwb_msgs/srv/DebugLocalPlan.srv
[56.883s] -- Installing: /home/jetson/robot_ws/install/dwb_msgs/share/dwb_msgs/srv/DebugLocalPlan_Request.msg
[56.883s] -- Installing: /home/jetson/robot_ws/install/dwb_msgs/share/dwb_msgs/srv/DebugLocalPlan_Response.msg
[56.884s] -- Installing: /home/jetson/robot_ws/install/dwb_msgs/share/dwb_msgs/srv/GenerateTrajectory.srv
[56.884s] -- Installing: /home/jetson/robot_ws/install/dwb_msgs/share/dwb_msgs/srv/GenerateTrajectory_Request.msg
[56.884s] -- Installing: /home/jetson/robot_ws/install/dwb_msgs/share/dwb_msgs/srv/GenerateTrajectory_Response.msg
[56.884s] -- Installing: /home/jetson/robot_ws/install/dwb_msgs/share/dwb_msgs/srv/GenerateTwists.srv
[56.885s] -- Installing: /home/jetson/robot_ws/install/dwb_msgs/share/dwb_msgs/srv/GenerateTwists_Request.msg
[56.885s] -- Installing: /home/jetson/robot_ws/install/dwb_msgs/share/dwb_msgs/srv/GenerateTwists_Response.msg
[56.885s] -- Installing: /home/jetson/robot_ws/install/dwb_msgs/share/dwb_msgs/srv/GetCriticScore.srv
[56.886s] -- Installing: /home/jetson/robot_ws/install/dwb_msgs/share/dwb_msgs/srv/GetCriticScore_Request.msg
[56.888s] -- Installing: /home/jetson/robot_ws/install/dwb_msgs/share/dwb_msgs/srv/GetCriticScore_Response.msg
[56.888s] -- Installing: /home/jetson/robot_ws/install/dwb_msgs/share/dwb_msgs/srv/ScoreTrajectory.srv
[56.889s] -- Installing: /home/jetson/robot_ws/install/dwb_msgs/share/dwb_msgs/srv/ScoreTrajectory_Request.msg
[56.889s] -- Installing: /home/jetson/robot_ws/install/dwb_msgs/share/dwb_msgs/srv/ScoreTrajectory_Response.msg
[56.889s] -- Installing: /home/jetson/robot_ws/install/dwb_msgs/share/ament_index/resource_index/package_run_dependencies/dwb_msgs
[56.889s] -- Installing: /home/jetson/robot_ws/install/dwb_msgs/share/ament_index/resource_index/parent_prefix_path/dwb_msgs
[56.889s] -- Installing: /home/jetson/robot_ws/install/dwb_msgs/share/dwb_msgs/environment/ament_prefix_path.sh
[56.889s] -- Installing: /home/jetson/robot_ws/install/dwb_msgs/share/dwb_msgs/environment/ament_prefix_path.dsv
[56.890s] -- Installing: /home/jetson/robot_ws/install/dwb_msgs/share/dwb_msgs/environment/path.sh
[56.890s] -- Installing: /home/jetson/robot_ws/install/dwb_msgs/share/dwb_msgs/environment/path.dsv
[56.890s] -- Installing: /home/jetson/robot_ws/install/dwb_msgs/share/dwb_msgs/local_setup.bash
[56.890s] -- Installing: /home/jetson/robot_ws/install/dwb_msgs/share/dwb_msgs/local_setup.sh
[56.890s] -- Installing: /home/jetson/robot_ws/install/dwb_msgs/share/dwb_msgs/local_setup.zsh
[56.890s] -- Installing: /home/jetson/robot_ws/install/dwb_msgs/share/dwb_msgs/local_setup.dsv
[56.890s] -- Installing: /home/jetson/robot_ws/install/dwb_msgs/share/dwb_msgs/package.dsv
[56.891s] -- Installing: /home/jetson/robot_ws/install/dwb_msgs/share/ament_index/resource_index/packages/dwb_msgs
[56.891s] -- Installing: /home/jetson/robot_ws/install/dwb_msgs/share/dwb_msgs/cmake/export_dwb_msgs__rosidl_generator_cExport.cmake
[56.891s] -- Installing: /home/jetson/robot_ws/install/dwb_msgs/share/dwb_msgs/cmake/export_dwb_msgs__rosidl_generator_cExport-noconfig.cmake
[56.891s] -- Installing: /home/jetson/robot_ws/install/dwb_msgs/share/dwb_msgs/cmake/export_dwb_msgs__rosidl_typesupport_fastrtps_cExport.cmake
[56.891s] -- Installing: /home/jetson/robot_ws/install/dwb_msgs/share/dwb_msgs/cmake/export_dwb_msgs__rosidl_typesupport_fastrtps_cExport-noconfig.cmake
[56.892s] -- Installing: /home/jetson/robot_ws/install/dwb_msgs/share/dwb_msgs/cmake/export_dwb_msgs__rosidl_generator_cppExport.cmake
[56.892s] -- Installing: /home/jetson/robot_ws/install/dwb_msgs/share/dwb_msgs/cmake/export_dwb_msgs__rosidl_typesupport_fastrtps_cppExport.cmake
[56.892s] -- Installing: /home/jetson/robot_ws/install/dwb_msgs/share/dwb_msgs/cmake/export_dwb_msgs__rosidl_typesupport_fastrtps_cppExport-noconfig.cmake
[56.892s] -- Installing: /home/jetson/robot_ws/install/dwb_msgs/share/dwb_msgs/cmake/dwb_msgs__rosidl_typesupport_introspection_cExport.cmake
[56.893s] -- Installing: /home/jetson/robot_ws/install/dwb_msgs/share/dwb_msgs/cmake/dwb_msgs__rosidl_typesupport_introspection_cExport-noconfig.cmake
[56.893s] -- Installing: /home/jetson/robot_ws/install/dwb_msgs/share/dwb_msgs/cmake/dwb_msgs__rosidl_typesupport_cExport.cmake
[56.893s] -- Installing: /home/jetson/robot_ws/install/dwb_msgs/share/dwb_msgs/cmake/dwb_msgs__rosidl_typesupport_cExport-noconfig.cmake
[56.894s] -- Installing: /home/jetson/robot_ws/install/dwb_msgs/share/dwb_msgs/cmake/dwb_msgs__rosidl_typesupport_introspection_cppExport.cmake
[56.896s] -- Installing: /home/jetson/robot_ws/install/dwb_msgs/share/dwb_msgs/cmake/dwb_msgs__rosidl_typesupport_introspection_cppExport-noconfig.cmake
[56.896s] -- Installing: /home/jetson/robot_ws/install/dwb_msgs/share/dwb_msgs/cmake/dwb_msgs__rosidl_typesupport_cppExport.cmake
[56.896s] -- Installing: /home/jetson/robot_ws/install/dwb_msgs/share/dwb_msgs/cmake/dwb_msgs__rosidl_typesupport_cppExport-noconfig.cmake
[56.896s] -- Installing: /home/jetson/robot_ws/install/dwb_msgs/share/dwb_msgs/cmake/export_dwb_msgs__rosidl_generator_pyExport.cmake
[56.896s] -- Installing: /home/jetson/robot_ws/install/dwb_msgs/share/dwb_msgs/cmake/export_dwb_msgs__rosidl_generator_pyExport-noconfig.cmake
[56.896s] -- Installing: /home/jetson/robot_ws/install/dwb_msgs/share/dwb_msgs/cmake/rosidl_cmake-extras.cmake
[56.897s] -- Installing: /home/jetson/robot_ws/install/dwb_msgs/share/dwb_msgs/cmake/ament_cmake_export_dependencies-extras.cmake
[56.897s] -- Installing: /home/jetson/robot_ws/install/dwb_msgs/share/dwb_msgs/cmake/ament_cmake_export_include_directories-extras.cmake
[56.897s] -- Installing: /home/jetson/robot_ws/install/dwb_msgs/share/dwb_msgs/cmake/ament_cmake_export_libraries-extras.cmake
[56.897s] -- Installing: /home/jetson/robot_ws/install/dwb_msgs/share/dwb_msgs/cmake/ament_cmake_export_targets-extras.cmake
[56.897s] -- Installing: /home/jetson/robot_ws/install/dwb_msgs/share/dwb_msgs/cmake/rosidl_cmake_export_typesupport_targets-extras.cmake
[56.897s] -- Installing: /home/jetson/robot_ws/install/dwb_msgs/share/dwb_msgs/cmake/rosidl_cmake_export_typesupport_libraries-extras.cmake
[56.899s] -- Installing: /home/jetson/robot_ws/install/dwb_msgs/share/dwb_msgs/cmake/dwb_msgsConfig.cmake
[56.899s] -- Installing: /home/jetson/robot_ws/install/dwb_msgs/share/dwb_msgs/cmake/dwb_msgsConfig-version.cmake
[56.900s] -- Installing: /home/jetson/robot_ws/install/dwb_msgs/share/dwb_msgs/package.xml
[56.905s] Invoked command in '/home/jetson/robot_ws/build/dwb_msgs' returned '0': AMENT_PREFIX_PATH=/home/jetson/robot_ws/install/nav_2d_msgs:${AMENT_PREFIX_PATH} CMAKE_PREFIX_PATH=/home/jetson/robot_ws/install/nav_2d_msgs:/home/jetson/robot_ws/install/servicerobot_joy:/opt/ros/humble LD_LIBRARY_PATH=/home/jetson/robot_ws/install/nav_2d_msgs/lib:${LD_LIBRARY_PATH} PYTHONPATH=/home/jetson/robot_ws/install/nav_2d_msgs/local/lib/python3.10/dist-packages:${PYTHONPATH} /usr/bin/cmake --install /home/jetson/robot_ws/build/dwb_msgs
