[0.089s] Invoking command in '/home/jetson/robot_ws/build/nav2_mppi_controller': AMENT_PREFIX_PATH=/home/jetson/robot_ws/install/nav2_core:/home/jetson/robot_ws/install/nav2_costmap_2d:/home/jetson/robot_ws/install/nav2_map_server:/home/jetson/robot_ws/install/nav2_lifecycle_manager:/home/jetson/robot_ws/install/nav2_util:/home/jetson/robot_ws/install/nav2_voxel_grid:/home/jetson/robot_ws/install/nav2_msgs:/home/jetson/robot_ws/install/nav2_common:${AMENT_PREFIX_PATH} CMAKE_PREFIX_PATH=/home/jetson/robot_ws/install/nav2_core:/home/jetson/robot_ws/install/nav2_costmap_2d:/home/jetson/robot_ws/install/nav2_map_server:/home/jetson/robot_ws/install/nav2_lifecycle_manager:/home/jetson/robot_ws/install/nav2_util:/home/jetson/robot_ws/install/nav2_voxel_grid:/home/jetson/robot_ws/install/nav2_msgs:/home/jetson/robot_ws/install/nav2_common:/home/jetson/robot_ws/install/servicerobot_joy:/opt/ros/humble LD_LIBRARY_PATH=/home/jetson/robot_ws/install/nav2_costmap_2d/lib:/home/jetson/robot_ws/install/nav2_map_server/lib:/home/jetson/robot_ws/install/nav2_lifecycle_manager/lib:/home/jetson/robot_ws/install/nav2_util/lib:/home/jetson/robot_ws/install/nav2_voxel_grid/lib:/home/jetson/robot_ws/install/nav2_msgs/lib:${LD_LIBRARY_PATH} PYTHONPATH=/home/jetson/robot_ws/install/nav2_msgs/local/lib/python3.10/dist-packages:/home/jetson/robot_ws/install/nav2_common/local/lib/python3.10/dist-packages:${PYTHONPATH} /usr/bin/cmake /home/jetson/robot_ws/src/navigation2/nav2_mppi_controller -DCMAKE_INSTALL_PREFIX=/home/jetson/robot_ws/install/nav2_mppi_controller
[5.403s] -- The C compiler identification is GNU 11.4.0
[5.403s] -- The CXX compiler identification is GNU 11.4.0
[5.403s] -- Detecting C compiler ABI info
[5.403s] -- Detecting C compiler ABI info - done
[5.403s] -- Check for working C compiler: /usr/bin/cc - skipped
[5.403s] -- Detecting C compile features
[5.403s] -- Detecting C compile features - done
[5.404s] -- Detecting CXX compiler ABI info
[5.404s] -- Detecting CXX compiler ABI info - done
[5.404s] -- Check for working CXX compiler: /usr/bin/c++ - skipped
[5.404s] -- Detecting CXX compile features
[5.404s] -- Detecting CXX compile features - done
[5.404s] -- Found ament_cmake: 1.3.12 (/opt/ros/humble/share/ament_cmake/cmake)
[5.404s] -- Found Python3: /usr/bin/python3 (found version "3.10.12") found components: Interpreter 
[5.404s] -- Performing Test arch_native_supported
[5.404s] -- Performing Test arch_native_supported - Success
[5.404s] -- Found rclcpp: 16.0.15 (/opt/ros/humble/share/rclcpp/cmake)
[5.405s] -- Found rosidl_generator_c: 3.1.7 (/opt/ros/humble/share/rosidl_generator_c/cmake)
[5.405s] -- Found rosidl_adapter: 3.1.7 (/opt/ros/humble/share/rosidl_adapter/cmake)
[5.405s] -- Found rosidl_generator_cpp: 3.1.7 (/opt/ros/humble/share/rosidl_generator_cpp/cmake)
[5.405s] -- Using all available rosidl_typesupport_c: rosidl_typesupport_fastrtps_c;rosidl_typesupport_introspection_c
[5.405s] -- Using all available rosidl_typesupport_cpp: rosidl_typesupport_fastrtps_cpp;rosidl_typesupport_introspection_cpp
[5.405s] -- Found rmw_implementation_cmake: 6.1.2 (/opt/ros/humble/share/rmw_implementation_cmake/cmake)
[5.405s] -- Found rmw_fastrtps_cpp: 6.2.9 (/opt/ros/humble/share/rmw_fastrtps_cpp/cmake)
[5.405s] -- Found OpenSSL: /usr/lib/aarch64-linux-gnu/libcrypto.so (found version "3.0.2")  
[5.406s] -- Found FastRTPS: /opt/ros/humble/include  
[5.406s] -- Using RMW implementation 'rmw_fastrtps_cpp' as default
[5.406s] -- Looking for pthread.h
[5.406s] -- Looking for pthread.h - found
[5.406s] -- Performing Test CMAKE_HAVE_LIBC_PTHREAD
[5.406s] -- Performing Test CMAKE_HAVE_LIBC_PTHREAD - Success
[5.406s] -- Found Threads: TRUE  
[5.406s] -- Found nav2_common: 1.1.20 (/home/jetson/robot_ws/install/nav2_common/share/nav2_common/cmake)
[5.407s] -- Found pluginlib: 5.1.2 (/opt/ros/humble/share/pluginlib/cmake)
[5.407s] -- Found tf2: 0.25.16 (/opt/ros/humble/share/tf2/cmake)
[5.407s] -- Found visualization_msgs: 4.9.0 (/opt/ros/humble/share/visualization_msgs/cmake)
[5.407s] -- Found nav_msgs: 4.9.0 (/opt/ros/humble/share/nav_msgs/cmake)
[5.407s] -- Found nav2_core: 1.1.20 (/home/jetson/robot_ws/install/nav2_core/share/nav2_core/cmake)
[5.407s] -- Found Eigen3: TRUE (found version "3.4.0") 
[5.407s] -- Ensuring Eigen3 include directory is part of orocos-kdl CMake target
[5.407s] -- Found tf2_eigen: 0.25.16 (/opt/ros/humble/share/tf2_eigen/cmake)
[5.408s] -- Setting build type to Release as none was specified.
[5.408s] -- Performing Test COMPILER_SUPPORTS_AVX512
[5.408s] -- Performing Test COMPILER_SUPPORTS_AVX512 - Failed
[5.408s] -- Performing Test COMPILER_SUPPORTS_SSE4
[5.408s] -- Performing Test COMPILER_SUPPORTS_SSE4 - Failed
[5.408s] -- Performing Test COMPILER_SUPPORTS_AVX2
[5.408s] -- Performing Test COMPILER_SUPPORTS_AVX2 - Failed
[5.408s] -- Performing Test COMPILER_SUPPORTS_FMA
[5.408s] -- Performing Test COMPILER_SUPPORTS_FMA - Failed
[5.410s] -- Found ament_lint_auto: 0.12.14 (/opt/ros/humble/share/ament_lint_auto/cmake)
[5.410s] -- Found ament_cmake_gtest: 1.3.12 (/opt/ros/humble/share/ament_cmake_gtest/cmake)
[5.636s] -- Found gtest sources under '/opt/ros/humble/src/gtest_vendor': C++ tests using 'Google Test' will be built
[7.923s] -- Added test 'cppcheck' to perform static code analysis on C / C++ code
[7.926s] -- Configured cppcheck include dirs: /home/jetson/robot_ws/src/navigation2/nav2_mppi_controller/include
[7.927s] -- Configured cppcheck exclude dirs and/or files: 
[7.946s] -- Added test 'cpplint' to check C / C++ code against the Google style
[7.946s] -- Configured cpplint exclude dirs and/or files: 
[7.953s] -- Added test 'lint_cmake' to check CMake code style
[7.966s] -- Added test 'uncrustify' to check C / C++ code style
[7.966s] -- Configured uncrustify additional arguments: 
[7.969s] -- Added test 'xmllint' to check XML markup files
[7.976s] -- Configuring done
[9.627s] -- Generating done
[9.917s] -- Build files have been written to: /home/jetson/robot_ws/build/nav2_mppi_controller
[10.001s] Invoked command in '/home/jetson/robot_ws/build/nav2_mppi_controller' returned '0': AMENT_PREFIX_PATH=/home/jetson/robot_ws/install/nav2_core:/home/jetson/robot_ws/install/nav2_costmap_2d:/home/jetson/robot_ws/install/nav2_map_server:/home/jetson/robot_ws/install/nav2_lifecycle_manager:/home/jetson/robot_ws/install/nav2_util:/home/jetson/robot_ws/install/nav2_voxel_grid:/home/jetson/robot_ws/install/nav2_msgs:/home/jetson/robot_ws/install/nav2_common:${AMENT_PREFIX_PATH} CMAKE_PREFIX_PATH=/home/jetson/robot_ws/install/nav2_core:/home/jetson/robot_ws/install/nav2_costmap_2d:/home/jetson/robot_ws/install/nav2_map_server:/home/jetson/robot_ws/install/nav2_lifecycle_manager:/home/jetson/robot_ws/install/nav2_util:/home/jetson/robot_ws/install/nav2_voxel_grid:/home/jetson/robot_ws/install/nav2_msgs:/home/jetson/robot_ws/install/nav2_common:/home/jetson/robot_ws/install/servicerobot_joy:/opt/ros/humble LD_LIBRARY_PATH=/home/jetson/robot_ws/install/nav2_costmap_2d/lib:/home/jetson/robot_ws/install/nav2_map_server/lib:/home/jetson/robot_ws/install/nav2_lifecycle_manager/lib:/home/jetson/robot_ws/install/nav2_util/lib:/home/jetson/robot_ws/install/nav2_voxel_grid/lib:/home/jetson/robot_ws/install/nav2_msgs/lib:${LD_LIBRARY_PATH} PYTHONPATH=/home/jetson/robot_ws/install/nav2_msgs/local/lib/python3.10/dist-packages:/home/jetson/robot_ws/install/nav2_common/local/lib/python3.10/dist-packages:${PYTHONPATH} /usr/bin/cmake /home/jetson/robot_ws/src/navigation2/nav2_mppi_controller -DCMAKE_INSTALL_PREFIX=/home/jetson/robot_ws/install/nav2_mppi_controller
[10.003s] Invoking command in '/home/jetson/robot_ws/build/nav2_mppi_controller': AMENT_PREFIX_PATH=/home/jetson/robot_ws/install/nav2_core:/home/jetson/robot_ws/install/nav2_costmap_2d:/home/jetson/robot_ws/install/nav2_map_server:/home/jetson/robot_ws/install/nav2_lifecycle_manager:/home/jetson/robot_ws/install/nav2_util:/home/jetson/robot_ws/install/nav2_voxel_grid:/home/jetson/robot_ws/install/nav2_msgs:/home/jetson/robot_ws/install/nav2_common:${AMENT_PREFIX_PATH} CMAKE_PREFIX_PATH=/home/jetson/robot_ws/install/nav2_core:/home/jetson/robot_ws/install/nav2_costmap_2d:/home/jetson/robot_ws/install/nav2_map_server:/home/jetson/robot_ws/install/nav2_lifecycle_manager:/home/jetson/robot_ws/install/nav2_util:/home/jetson/robot_ws/install/nav2_voxel_grid:/home/jetson/robot_ws/install/nav2_msgs:/home/jetson/robot_ws/install/nav2_common:/home/jetson/robot_ws/install/servicerobot_joy:/opt/ros/humble LD_LIBRARY_PATH=/home/jetson/robot_ws/install/nav2_costmap_2d/lib:/home/jetson/robot_ws/install/nav2_map_server/lib:/home/jetson/robot_ws/install/nav2_lifecycle_manager/lib:/home/jetson/robot_ws/install/nav2_util/lib:/home/jetson/robot_ws/install/nav2_voxel_grid/lib:/home/jetson/robot_ws/install/nav2_msgs/lib:${LD_LIBRARY_PATH} PYTHONPATH=/home/jetson/robot_ws/install/nav2_msgs/local/lib/python3.10/dist-packages:/home/jetson/robot_ws/install/nav2_common/local/lib/python3.10/dist-packages:${PYTHONPATH} /usr/bin/cmake --build /home/jetson/robot_ws/build/nav2_mppi_controller -- -j6 -l6
[10.190s] [  2%] [32mBuilding CXX object CMakeFiles/mppi_controller.dir/src/controller.cpp.o[0m
[43.756s] [  4%] [32mBuilding CXX object CMakeFiles/mppi_controller.dir/src/critic_manager.cpp.o[0m
[72.952s] [  6%] [32mBuilding CXX object CMakeFiles/mppi_controller.dir/src/trajectory_visualizer.cpp.o[0m
[97.849s] [  8%] [32mBuilding CXX object CMakeFiles/mppi_controller.dir/src/path_handler.cpp.o[0m
[118.539s] [ 10%] [32mBuilding CXX object CMakeFiles/mppi_controller.dir/src/parameters_handler.cpp.o[0m
[130.281s] [ 12%] [32mBuilding CXX object CMakeFiles/mppi_controller.dir/src/noise_generator.cpp.o[0m
[143.649s] [ 14%] [32mBuilding CXX object CMakeFiles/mppi_controller.dir/src/optimizer.cpp.o[0m
[187.271s] [ 16%] [32m[1mLinking CXX shared library libmppi_controller.so[0m
[188.432s] [ 16%] Built target mppi_controller
[188.495s] [ 18%] [32mBuilding CXX object gtest/CMakeFiles/gtest_main.dir/src/gtest_main.cc.o[0m
[190.855s] [ 20%] [32m[1mLinking CXX static library libgtest_main.a[0m
[190.932s] [ 20%] Built target gtest_main
[190.984s] [ 22%] [32mBuilding CXX object gtest/CMakeFiles/gtest.dir/src/gtest-all.cc.o[0m
[211.416s] [ 24%] [32m[1mLinking CXX static library libgtest.a[0m
[211.516s] [ 24%] Built target gtest
[211.586s] [ 26%] [32mBuilding CXX object CMakeFiles/mppi_critics.dir/src/critics/obstacles_critic.cpp.o[0m
[237.475s] [ 28%] [32mBuilding CXX object CMakeFiles/mppi_critics.dir/src/critics/cost_critic.cpp.o[0m
[261.516s] [ 30%] [32mBuilding CXX object CMakeFiles/mppi_critics.dir/src/critics/goal_critic.cpp.o[0m
[286.749s] [ 32%] [32mBuilding CXX object CMakeFiles/mppi_critics.dir/src/critics/goal_angle_critic.cpp.o[0m
[312.205s] [ 34%] [32mBuilding CXX object CMakeFiles/mppi_critics.dir/src/critics/path_align_critic.cpp.o[0m
[334.315s] [ 36%] [32mBuilding CXX object CMakeFiles/mppi_critics.dir/src/critics/path_align_legacy_critic.cpp.o[0m
[357.917s] [ 38%] [32mBuilding CXX object CMakeFiles/mppi_critics.dir/src/critics/path_follow_critic.cpp.o[0m
[382.632s] [ 40%] [32mBuilding CXX object CMakeFiles/mppi_critics.dir/src/critics/path_angle_critic.cpp.o[0m
[414.953s] [ 42%] [32mBuilding CXX object CMakeFiles/mppi_critics.dir/src/critics/prefer_forward_critic.cpp.o[0m
[439.849s] [ 44%] [32mBuilding CXX object CMakeFiles/mppi_critics.dir/src/critics/twirling_critic.cpp.o[0m
[461.626s] [ 46%] [32mBuilding CXX object CMakeFiles/mppi_critics.dir/src/critics/constraint_critic.cpp.o[0m
[488.384s] [ 48%] [32mBuilding CXX object CMakeFiles/mppi_critics.dir/src/critics/velocity_deadband_critic.cpp.o[0m
[515.660s] [ 51%] [32m[1mLinking CXX shared library libmppi_critics.so[0m
[516.853s] [ 51%] Built target mppi_critics
[516.906s] [ 53%] [32mBuilding CXX object test/CMakeFiles/parameter_handler_test.dir/parameter_handler_test.cpp.o[0m
[531.794s] [ 55%] [32m[1mLinking CXX executable parameter_handler_test[0m
[532.609s] [ 55%] Built target parameter_handler_test
[532.663s] [ 57%] [32mBuilding CXX object test/CMakeFiles/motion_model_tests.dir/motion_model_tests.cpp.o[0m
[556.025s] [ 59%] [32m[1mLinking CXX executable motion_model_tests[0m
[556.850s] [ 59%] Built target motion_model_tests
[556.910s] [ 61%] [32mBuilding CXX object test/CMakeFiles/trajectory_visualizer_tests.dir/trajectory_visualizer_tests.cpp.o[0m
[612.775s] [ 63%] [32m[1mLinking CXX executable trajectory_visualizer_tests[0m
[614.141s] [ 63%] Built target trajectory_visualizer_tests
[614.210s] [ 65%] [32mBuilding CXX object test/CMakeFiles/utils_test.dir/utils_test.cpp.o[0m
[645.492s] [ 67%] [32m[1mLinking CXX executable utils_test[0m
[646.666s] [ 67%] Built target utils_test
[646.744s] [ 69%] [32mBuilding CXX object test/CMakeFiles/path_handler_test.dir/path_handler_test.cpp.o[0m
[668.858s] [ 71%] [32m[1mLinking CXX executable path_handler_test[0m
[670.434s] [ 71%] Built target path_handler_test
[670.492s] [ 73%] [32mBuilding CXX object test/CMakeFiles/critic_manager_test.dir/critic_manager_test.cpp.o[0m
[703.438s] [ 75%] [32m[1mLinking CXX executable critic_manager_test[0m
[704.612s] [ 75%] Built target critic_manager_test
[704.670s] [ 77%] [32mBuilding CXX object test/CMakeFiles/optimizer_unit_tests.dir/optimizer_unit_tests.cpp.o[0m
[719.851s] [01m[K/home/jetson/robot_ws/src/navigation2/nav2_mppi_controller/test/optimizer_unit_tests.cpp:[m[K In member function ‘[01m[Kstd::pair<double, double> OptimizerTester::getVelLimits()[m[K’:
[719.851s] [01m[K/home/jetson/robot_ws/src/navigation2/nav2_mppi_controller/test/optimizer_unit_tests.cpp:147:3:[m[K [01;36m[Knote: [m[Kparameter passing for argument of type ‘[01m[Kstd::pair<double, double>[m[K’ when C++17 is enabled changed to match C++14 ]8;;https://gcc.gnu.org/gcc-10/changes.html#empty_basein GCC 10.1]8;;
[719.851s]   147 |   [01;36m[K{[m[K
[719.851s]       |   [01;36m[K^[m[K
[744.306s] [ 79%] [32m[1mLinking CXX executable optimizer_unit_tests[0m
[745.429s] [ 79%] Built target optimizer_unit_tests
[745.507s] [ 81%] [32mBuilding CXX object test/CMakeFiles/critics_tests.dir/critics_tests.cpp.o[0m
[792.770s] [ 83%] [32m[1mLinking CXX executable critics_tests[0m
[794.100s] [ 83%] Built target critics_tests
[794.163s] [ 85%] [32mBuilding CXX object test/CMakeFiles/noise_generator_test.dir/noise_generator_test.cpp.o[0m
[811.472s] [ 87%] [32m[1mLinking CXX executable noise_generator_test[0m
[812.291s] [ 87%] Built target noise_generator_test
[812.350s] [ 89%] [32mBuilding CXX object test/CMakeFiles/models_test.dir/models_test.cpp.o[0m
[829.302s] [ 91%] [32m[1mLinking CXX executable models_test[0m
[830.113s] [ 91%] Built target models_test
[830.187s] [ 93%] [32mBuilding CXX object test/CMakeFiles/controller_state_transition_test.dir/controller_state_transition_test.cpp.o[0m
[861.523s] [ 95%] [32m[1mLinking CXX executable controller_state_transition_test[0m
[862.830s] [ 95%] Built target controller_state_transition_test
[862.883s] [ 97%] [32mBuilding CXX object test/CMakeFiles/optimizer_smoke_test.dir/optimizer_smoke_test.cpp.o[0m
[898.501s] [100%] [32m[1mLinking CXX executable optimizer_smoke_test[0m
[900.242s] [100%] Built target optimizer_smoke_test
[900.300s] Invoked command in '/home/jetson/robot_ws/build/nav2_mppi_controller' returned '0': AMENT_PREFIX_PATH=/home/jetson/robot_ws/install/nav2_core:/home/jetson/robot_ws/install/nav2_costmap_2d:/home/jetson/robot_ws/install/nav2_map_server:/home/jetson/robot_ws/install/nav2_lifecycle_manager:/home/jetson/robot_ws/install/nav2_util:/home/jetson/robot_ws/install/nav2_voxel_grid:/home/jetson/robot_ws/install/nav2_msgs:/home/jetson/robot_ws/install/nav2_common:${AMENT_PREFIX_PATH} CMAKE_PREFIX_PATH=/home/jetson/robot_ws/install/nav2_core:/home/jetson/robot_ws/install/nav2_costmap_2d:/home/jetson/robot_ws/install/nav2_map_server:/home/jetson/robot_ws/install/nav2_lifecycle_manager:/home/jetson/robot_ws/install/nav2_util:/home/jetson/robot_ws/install/nav2_voxel_grid:/home/jetson/robot_ws/install/nav2_msgs:/home/jetson/robot_ws/install/nav2_common:/home/jetson/robot_ws/install/servicerobot_joy:/opt/ros/humble LD_LIBRARY_PATH=/home/jetson/robot_ws/install/nav2_costmap_2d/lib:/home/jetson/robot_ws/install/nav2_map_server/lib:/home/jetson/robot_ws/install/nav2_lifecycle_manager/lib:/home/jetson/robot_ws/install/nav2_util/lib:/home/jetson/robot_ws/install/nav2_voxel_grid/lib:/home/jetson/robot_ws/install/nav2_msgs/lib:${LD_LIBRARY_PATH} PYTHONPATH=/home/jetson/robot_ws/install/nav2_msgs/local/lib/python3.10/dist-packages:/home/jetson/robot_ws/install/nav2_common/local/lib/python3.10/dist-packages:${PYTHONPATH} /usr/bin/cmake --build /home/jetson/robot_ws/build/nav2_mppi_controller -- -j6 -l6
[900.322s] Invoking command in '/home/jetson/robot_ws/build/nav2_mppi_controller': AMENT_PREFIX_PATH=/home/jetson/robot_ws/install/nav2_core:/home/jetson/robot_ws/install/nav2_costmap_2d:/home/jetson/robot_ws/install/nav2_map_server:/home/jetson/robot_ws/install/nav2_lifecycle_manager:/home/jetson/robot_ws/install/nav2_util:/home/jetson/robot_ws/install/nav2_voxel_grid:/home/jetson/robot_ws/install/nav2_msgs:/home/jetson/robot_ws/install/nav2_common:${AMENT_PREFIX_PATH} CMAKE_PREFIX_PATH=/home/jetson/robot_ws/install/nav2_core:/home/jetson/robot_ws/install/nav2_costmap_2d:/home/jetson/robot_ws/install/nav2_map_server:/home/jetson/robot_ws/install/nav2_lifecycle_manager:/home/jetson/robot_ws/install/nav2_util:/home/jetson/robot_ws/install/nav2_voxel_grid:/home/jetson/robot_ws/install/nav2_msgs:/home/jetson/robot_ws/install/nav2_common:/home/jetson/robot_ws/install/servicerobot_joy:/opt/ros/humble LD_LIBRARY_PATH=/home/jetson/robot_ws/install/nav2_costmap_2d/lib:/home/jetson/robot_ws/install/nav2_map_server/lib:/home/jetson/robot_ws/install/nav2_lifecycle_manager/lib:/home/jetson/robot_ws/install/nav2_util/lib:/home/jetson/robot_ws/install/nav2_voxel_grid/lib:/home/jetson/robot_ws/install/nav2_msgs/lib:${LD_LIBRARY_PATH} PYTHONPATH=/home/jetson/robot_ws/install/nav2_msgs/local/lib/python3.10/dist-packages:/home/jetson/robot_ws/install/nav2_common/local/lib/python3.10/dist-packages:${PYTHONPATH} /usr/bin/cmake --install /home/jetson/robot_ws/build/nav2_mppi_controller
[900.356s] -- Install configuration: "Release"
[900.356s] -- Installing: /home/jetson/robot_ws/install/nav2_mppi_controller/lib/libmppi_controller.so
[900.360s] -- Set runtime path of "/home/jetson/robot_ws/install/nav2_mppi_controller/lib/libmppi_controller.so" to ""
[900.366s] -- Installing: /home/jetson/robot_ws/install/nav2_mppi_controller/lib/libmppi_critics.so
[900.368s] -- Set runtime path of "/home/jetson/robot_ws/install/nav2_mppi_controller/lib/libmppi_critics.so" to ""
[900.369s] -- Installing: /home/jetson/robot_ws/install/nav2_mppi_controller/include/
[900.369s] -- Installing: /home/jetson/robot_ws/install/nav2_mppi_controller/include//nav2_mppi_controller
[900.369s] -- Installing: /home/jetson/robot_ws/install/nav2_mppi_controller/include//nav2_mppi_controller/models
[900.369s] -- Installing: /home/jetson/robot_ws/install/nav2_mppi_controller/include//nav2_mppi_controller/models/state.hpp
[900.370s] -- Installing: /home/jetson/robot_ws/install/nav2_mppi_controller/include//nav2_mppi_controller/models/trajectories.hpp
[900.370s] -- Installing: /home/jetson/robot_ws/install/nav2_mppi_controller/include//nav2_mppi_controller/models/control_sequence.hpp
[900.370s] -- Installing: /home/jetson/robot_ws/install/nav2_mppi_controller/include//nav2_mppi_controller/models/constraints.hpp
[900.370s] -- Installing: /home/jetson/robot_ws/install/nav2_mppi_controller/include//nav2_mppi_controller/models/optimizer_settings.hpp
[900.371s] -- Installing: /home/jetson/robot_ws/install/nav2_mppi_controller/include//nav2_mppi_controller/models/path.hpp
[900.371s] -- Installing: /home/jetson/robot_ws/install/nav2_mppi_controller/include//nav2_mppi_controller/motion_models.hpp
[900.378s] -- Installing: /home/jetson/robot_ws/install/nav2_mppi_controller/include//nav2_mppi_controller/controller.hpp
[900.378s] -- Installing: /home/jetson/robot_ws/install/nav2_mppi_controller/include//nav2_mppi_controller/critics
[900.379s] -- Installing: /home/jetson/robot_ws/install/nav2_mppi_controller/include//nav2_mppi_controller/critics/obstacles_critic.hpp
[900.379s] -- Installing: /home/jetson/robot_ws/install/nav2_mppi_controller/include//nav2_mppi_controller/critics/path_angle_critic.hpp
[900.379s] -- Installing: /home/jetson/robot_ws/install/nav2_mppi_controller/include//nav2_mppi_controller/critics/path_align_legacy_critic.hpp
[900.379s] -- Installing: /home/jetson/robot_ws/install/nav2_mppi_controller/include//nav2_mppi_controller/critics/twirling_critic.hpp
[900.379s] -- Installing: /home/jetson/robot_ws/install/nav2_mppi_controller/include//nav2_mppi_controller/critics/velocity_deadband_critic.hpp
[900.380s] -- Installing: /home/jetson/robot_ws/install/nav2_mppi_controller/include//nav2_mppi_controller/critics/path_align_critic.hpp
[900.380s] -- Installing: /home/jetson/robot_ws/install/nav2_mppi_controller/include//nav2_mppi_controller/critics/path_follow_critic.hpp
[900.382s] -- Installing: /home/jetson/robot_ws/install/nav2_mppi_controller/include//nav2_mppi_controller/critics/goal_critic.hpp
[900.382s] -- Installing: /home/jetson/robot_ws/install/nav2_mppi_controller/include//nav2_mppi_controller/critics/goal_angle_critic.hpp
[900.382s] -- Installing: /home/jetson/robot_ws/install/nav2_mppi_controller/include//nav2_mppi_controller/critics/constraint_critic.hpp
[900.382s] -- Installing: /home/jetson/robot_ws/install/nav2_mppi_controller/include//nav2_mppi_controller/critics/prefer_forward_critic.hpp
[900.383s] -- Installing: /home/jetson/robot_ws/install/nav2_mppi_controller/include//nav2_mppi_controller/critics/cost_critic.hpp
[900.383s] -- Installing: /home/jetson/robot_ws/install/nav2_mppi_controller/include//nav2_mppi_controller/critic_function.hpp
[900.383s] -- Installing: /home/jetson/robot_ws/install/nav2_mppi_controller/include//nav2_mppi_controller/tools
[900.383s] -- Installing: /home/jetson/robot_ws/install/nav2_mppi_controller/include//nav2_mppi_controller/tools/utils.hpp
[900.383s] -- Installing: /home/jetson/robot_ws/install/nav2_mppi_controller/include//nav2_mppi_controller/tools/path_handler.hpp
[900.383s] -- Installing: /home/jetson/robot_ws/install/nav2_mppi_controller/include//nav2_mppi_controller/tools/trajectory_visualizer.hpp
[900.383s] -- Installing: /home/jetson/robot_ws/install/nav2_mppi_controller/include//nav2_mppi_controller/tools/parameters_handler.hpp
[900.383s] -- Installing: /home/jetson/robot_ws/install/nav2_mppi_controller/include//nav2_mppi_controller/tools/noise_generator.hpp
[900.383s] -- Installing: /home/jetson/robot_ws/install/nav2_mppi_controller/include//nav2_mppi_controller/critic_data.hpp
[900.384s] -- Installing: /home/jetson/robot_ws/install/nav2_mppi_controller/include//nav2_mppi_controller/critic_manager.hpp
[900.384s] -- Installing: /home/jetson/robot_ws/install/nav2_mppi_controller/include//nav2_mppi_controller/optimizer.hpp
[900.384s] -- Installing: /home/jetson/robot_ws/install/nav2_mppi_controller/share/nav2_mppi_controller/environment/library_path.sh
[900.384s] -- Installing: /home/jetson/robot_ws/install/nav2_mppi_controller/share/nav2_mppi_controller/environment/library_path.dsv
[900.384s] -- Installing: /home/jetson/robot_ws/install/nav2_mppi_controller/share/nav2_mppi_controller/mppic.xml
[900.390s] -- Installing: /home/jetson/robot_ws/install/nav2_mppi_controller/share/nav2_mppi_controller/critics.xml
[900.391s] -- Installing: /home/jetson/robot_ws/install/nav2_mppi_controller/share/ament_index/resource_index/package_run_dependencies/nav2_mppi_controller
[900.391s] -- Installing: /home/jetson/robot_ws/install/nav2_mppi_controller/share/ament_index/resource_index/parent_prefix_path/nav2_mppi_controller
[900.391s] -- Installing: /home/jetson/robot_ws/install/nav2_mppi_controller/share/nav2_mppi_controller/environment/ament_prefix_path.sh
[900.392s] -- Installing: /home/jetson/robot_ws/install/nav2_mppi_controller/share/nav2_mppi_controller/environment/ament_prefix_path.dsv
[900.392s] -- Installing: /home/jetson/robot_ws/install/nav2_mppi_controller/share/nav2_mppi_controller/environment/path.sh
[900.393s] -- Installing: /home/jetson/robot_ws/install/nav2_mppi_controller/share/nav2_mppi_controller/environment/path.dsv
[900.393s] -- Installing: /home/jetson/robot_ws/install/nav2_mppi_controller/share/nav2_mppi_controller/local_setup.bash
[900.393s] -- Installing: /home/jetson/robot_ws/install/nav2_mppi_controller/share/nav2_mppi_controller/local_setup.sh
[900.393s] -- Installing: /home/jetson/robot_ws/install/nav2_mppi_controller/share/nav2_mppi_controller/local_setup.zsh
[900.394s] -- Installing: /home/jetson/robot_ws/install/nav2_mppi_controller/share/nav2_mppi_controller/local_setup.dsv
[900.394s] -- Installing: /home/jetson/robot_ws/install/nav2_mppi_controller/share/nav2_mppi_controller/package.dsv
[900.394s] -- Installing: /home/jetson/robot_ws/install/nav2_mppi_controller/share/ament_index/resource_index/packages/nav2_mppi_controller
[900.394s] -- Installing: /home/jetson/robot_ws/install/nav2_mppi_controller/share/ament_index/resource_index/nav2_core__pluginlib__plugin/nav2_mppi_controller
[900.395s] -- Installing: /home/jetson/robot_ws/install/nav2_mppi_controller/share/ament_index/resource_index/nav2_mppi_controller__pluginlib__plugin/nav2_mppi_controller
[900.395s] -- Installing: /home/jetson/robot_ws/install/nav2_mppi_controller/share/nav2_mppi_controller/cmake/ament_cmake_export_libraries-extras.cmake
[900.395s] -- Installing: /home/jetson/robot_ws/install/nav2_mppi_controller/share/nav2_mppi_controller/cmake/ament_cmake_export_dependencies-extras.cmake
[900.396s] -- Installing: /home/jetson/robot_ws/install/nav2_mppi_controller/share/nav2_mppi_controller/cmake/ament_cmake_export_include_directories-extras.cmake
[900.396s] -- Installing: /home/jetson/robot_ws/install/nav2_mppi_controller/share/nav2_mppi_controller/cmake/nav2_mppi_controllerConfig.cmake
[900.397s] -- Installing: /home/jetson/robot_ws/install/nav2_mppi_controller/share/nav2_mppi_controller/cmake/nav2_mppi_controllerConfig-version.cmake
[900.400s] -- Installing: /home/jetson/robot_ws/install/nav2_mppi_controller/share/nav2_mppi_controller/package.xml
[900.406s] Invoked command in '/home/jetson/robot_ws/build/nav2_mppi_controller' returned '0': AMENT_PREFIX_PATH=/home/jetson/robot_ws/install/nav2_core:/home/jetson/robot_ws/install/nav2_costmap_2d:/home/jetson/robot_ws/install/nav2_map_server:/home/jetson/robot_ws/install/nav2_lifecycle_manager:/home/jetson/robot_ws/install/nav2_util:/home/jetson/robot_ws/install/nav2_voxel_grid:/home/jetson/robot_ws/install/nav2_msgs:/home/jetson/robot_ws/install/nav2_common:${AMENT_PREFIX_PATH} CMAKE_PREFIX_PATH=/home/jetson/robot_ws/install/nav2_core:/home/jetson/robot_ws/install/nav2_costmap_2d:/home/jetson/robot_ws/install/nav2_map_server:/home/jetson/robot_ws/install/nav2_lifecycle_manager:/home/jetson/robot_ws/install/nav2_util:/home/jetson/robot_ws/install/nav2_voxel_grid:/home/jetson/robot_ws/install/nav2_msgs:/home/jetson/robot_ws/install/nav2_common:/home/jetson/robot_ws/install/servicerobot_joy:/opt/ros/humble LD_LIBRARY_PATH=/home/jetson/robot_ws/install/nav2_costmap_2d/lib:/home/jetson/robot_ws/install/nav2_map_server/lib:/home/jetson/robot_ws/install/nav2_lifecycle_manager/lib:/home/jetson/robot_ws/install/nav2_util/lib:/home/jetson/robot_ws/install/nav2_voxel_grid/lib:/home/jetson/robot_ws/install/nav2_msgs/lib:${LD_LIBRARY_PATH} PYTHONPATH=/home/jetson/robot_ws/install/nav2_msgs/local/lib/python3.10/dist-packages:/home/jetson/robot_ws/install/nav2_common/local/lib/python3.10/dist-packages:${PYTHONPATH} /usr/bin/cmake --install /home/jetson/robot_ws/build/nav2_mppi_controller
