[0.032s] Invoking command in '/home/jetson/robot_ws/build/nav2_collision_monitor': AMENT_PREFIX_PATH=/home/jetson/robot_ws/install/nav2_costmap_2d:/home/jetson/robot_ws/install/nav2_map_server:/home/jetson/robot_ws/install/nav2_lifecycle_manager:/home/jetson/robot_ws/install/nav2_util:/home/jetson/robot_ws/install/nav2_voxel_grid:/home/jetson/robot_ws/install/nav2_msgs:/home/jetson/robot_ws/install/nav2_common:${AMENT_PREFIX_PATH} CMAKE_PREFIX_PATH=/home/jetson/robot_ws/install/nav2_costmap_2d:/home/jetson/robot_ws/install/nav2_map_server:/home/jetson/robot_ws/install/nav2_lifecycle_manager:/home/jetson/robot_ws/install/nav2_util:/home/jetson/robot_ws/install/nav2_voxel_grid:/home/jetson/robot_ws/install/nav2_msgs:/home/jetson/robot_ws/install/nav2_common:/opt/ros/humble LD_LIBRARY_PATH=/home/jetson/robot_ws/install/nav2_costmap_2d/lib:/home/jetson/robot_ws/install/nav2_map_server/lib:/home/jetson/robot_ws/install/nav2_lifecycle_manager/lib:/home/jetson/robot_ws/install/nav2_util/lib:/home/jetson/robot_ws/install/nav2_voxel_grid/lib:/home/jetson/robot_ws/install/nav2_msgs/lib:${LD_LIBRARY_PATH} PYTHONPATH=/home/jetson/robot_ws/install/nav2_msgs/local/lib/python3.10/dist-packages:/home/jetson/robot_ws/install/nav2_common/local/lib/python3.10/dist-packages:${PYTHONPATH} /usr/bin/cmake /home/jetson/robot_ws/src/navigation2/nav2_collision_monitor -DCMAKE_INSTALL_PREFIX=/home/jetson/robot_ws/install/nav2_collision_monitor
[0.134s] -- The C compiler identification is GNU 11.4.0
[0.233s] -- The CXX compiler identification is GNU 11.4.0
[0.245s] -- Detecting C compiler ABI info
[0.371s] -- Detecting C compiler ABI info - done
[0.385s] -- Check for working C compiler: /usr/bin/cc - skipped
[0.385s] -- Detecting C compile features
[0.385s] -- Detecting C compile features - done
[0.389s] -- Detecting CXX compiler ABI info
[0.533s] -- Detecting CXX compiler ABI info - done
[0.545s] -- Check for working CXX compiler: /usr/bin/c++ - skipped
[0.545s] -- Detecting CXX compile features
[0.546s] -- Detecting CXX compile features - done
[0.552s] -- Found ament_cmake: 1.3.12 (/opt/ros/humble/share/ament_cmake/cmake)
[0.865s] -- Found Python3: /usr/bin/python3 (found version "3.10.12") found components: Interpreter 
[1.059s] -- Found rclcpp: 16.0.15 (/opt/ros/humble/share/rclcpp/cmake)
[1.134s] -- Found rosidl_generator_c: 3.1.7 (/opt/ros/humble/share/rosidl_generator_c/cmake)
[1.143s] -- Found rosidl_adapter: 3.1.7 (/opt/ros/humble/share/rosidl_adapter/cmake)
[1.159s] -- Found rosidl_generator_cpp: 3.1.7 (/opt/ros/humble/share/rosidl_generator_cpp/cmake)
[1.180s] -- Using all available rosidl_typesupport_c: rosidl_typesupport_fastrtps_c;rosidl_typesupport_introspection_c
[1.210s] -- Using all available rosidl_typesupport_cpp: rosidl_typesupport_fastrtps_cpp;rosidl_typesupport_introspection_cpp
[1.289s] -- Found rmw_implementation_cmake: 6.1.2 (/opt/ros/humble/share/rmw_implementation_cmake/cmake)
[1.294s] -- Found rmw_fastrtps_cpp: 6.2.9 (/opt/ros/humble/share/rmw_fastrtps_cpp/cmake)
[1.438s] -- Found OpenSSL: /usr/lib/aarch64-linux-gnu/libcrypto.so (found version "3.0.2")  
[1.485s] -- Found FastRTPS: /opt/ros/humble/include  
[1.555s] -- Using RMW implementation 'rmw_fastrtps_cpp' as default
[1.571s] -- Looking for pthread.h
[1.704s] -- Looking for pthread.h - found
[1.705s] -- Performing Test CMAKE_HAVE_LIBC_PTHREAD
[1.842s] -- Performing Test CMAKE_HAVE_LIBC_PTHREAD - Success
[1.844s] -- Found Threads: TRUE  
[1.949s] -- Found rclcpp_components: 16.0.15 (/opt/ros/humble/share/rclcpp_components/cmake)
[1.997s] -- Found sensor_msgs: 4.9.0 (/opt/ros/humble/share/sensor_msgs/cmake)
[2.052s] -- Found tf2: 0.25.16 (/opt/ros/humble/share/tf2/cmake)
[2.060s] -- Found tf2_ros: 0.25.16 (/opt/ros/humble/share/tf2_ros/cmake)
[2.177s] -- Found tf2_geometry_msgs: 0.25.16 (/opt/ros/humble/share/tf2_geometry_msgs/cmake)
[2.203s] -- Found eigen3_cmake_module: 0.1.1 (/opt/ros/humble/share/eigen3_cmake_module/cmake)
[2.205s] -- Found Eigen3: TRUE (found version "3.4.0") 
[2.205s] -- Ensuring Eigen3 include directory is part of orocos-kdl CMake target
[2.209s] -- Found nav2_common: 1.1.20 (/home/jetson/robot_ws/install/nav2_common/share/nav2_common/cmake)
[2.210s] -- Found nav2_util: 1.1.20 (/home/jetson/robot_ws/install/nav2_util/share/nav2_util/cmake)
[2.376s] -- Found nav2_costmap_2d: 1.1.20 (/home/jetson/robot_ws/install/nav2_costmap_2d/share/nav2_costmap_2d/cmake)
[2.555s] -- Setting build type to Release as none was specified.
[2.651s] -- Found ament_lint_auto: 0.12.14 (/opt/ros/humble/share/ament_lint_auto/cmake)
[2.829s] -- Found gtest sources under '/opt/ros/humble/src/gtest_vendor': C++ tests using 'Google Test' will be built
[3.043s] -- Added test 'cppcheck' to perform static code analysis on C / C++ code
[3.044s] -- Configured cppcheck include dirs: /home/jetson/robot_ws/src/navigation2/nav2_collision_monitor/include
[3.044s] -- Configured cppcheck exclude dirs and/or files: 
[3.045s] -- Added test 'flake8' to check Python code syntax and style conventions
[3.047s] -- Added test 'lint_cmake' to check CMake code style
[3.048s] -- Added test 'pep257' to check Python code against some of the docstring style conventions in PEP 257
[3.052s] -- Added test 'uncrustify' to check C / C++ code style
[3.052s] -- Configured uncrustify additional arguments: 
[3.053s] -- Added test 'xmllint' to check XML markup files
[3.063s] -- Configuring done
[3.554s] -- Generating done
[3.625s] -- Build files have been written to: /home/jetson/robot_ws/build/nav2_collision_monitor
[3.699s] Invoked command in '/home/jetson/robot_ws/build/nav2_collision_monitor' returned '0': AMENT_PREFIX_PATH=/home/jetson/robot_ws/install/nav2_costmap_2d:/home/jetson/robot_ws/install/nav2_map_server:/home/jetson/robot_ws/install/nav2_lifecycle_manager:/home/jetson/robot_ws/install/nav2_util:/home/jetson/robot_ws/install/nav2_voxel_grid:/home/jetson/robot_ws/install/nav2_msgs:/home/jetson/robot_ws/install/nav2_common:${AMENT_PREFIX_PATH} CMAKE_PREFIX_PATH=/home/jetson/robot_ws/install/nav2_costmap_2d:/home/jetson/robot_ws/install/nav2_map_server:/home/jetson/robot_ws/install/nav2_lifecycle_manager:/home/jetson/robot_ws/install/nav2_util:/home/jetson/robot_ws/install/nav2_voxel_grid:/home/jetson/robot_ws/install/nav2_msgs:/home/jetson/robot_ws/install/nav2_common:/opt/ros/humble LD_LIBRARY_PATH=/home/jetson/robot_ws/install/nav2_costmap_2d/lib:/home/jetson/robot_ws/install/nav2_map_server/lib:/home/jetson/robot_ws/install/nav2_lifecycle_manager/lib:/home/jetson/robot_ws/install/nav2_util/lib:/home/jetson/robot_ws/install/nav2_voxel_grid/lib:/home/jetson/robot_ws/install/nav2_msgs/lib:${LD_LIBRARY_PATH} PYTHONPATH=/home/jetson/robot_ws/install/nav2_msgs/local/lib/python3.10/dist-packages:/home/jetson/robot_ws/install/nav2_common/local/lib/python3.10/dist-packages:${PYTHONPATH} /usr/bin/cmake /home/jetson/robot_ws/src/navigation2/nav2_collision_monitor -DCMAKE_INSTALL_PREFIX=/home/jetson/robot_ws/install/nav2_collision_monitor
[3.700s] Invoking command in '/home/jetson/robot_ws/build/nav2_collision_monitor': AMENT_PREFIX_PATH=/home/jetson/robot_ws/install/nav2_costmap_2d:/home/jetson/robot_ws/install/nav2_map_server:/home/jetson/robot_ws/install/nav2_lifecycle_manager:/home/jetson/robot_ws/install/nav2_util:/home/jetson/robot_ws/install/nav2_voxel_grid:/home/jetson/robot_ws/install/nav2_msgs:/home/jetson/robot_ws/install/nav2_common:${AMENT_PREFIX_PATH} CMAKE_PREFIX_PATH=/home/jetson/robot_ws/install/nav2_costmap_2d:/home/jetson/robot_ws/install/nav2_map_server:/home/jetson/robot_ws/install/nav2_lifecycle_manager:/home/jetson/robot_ws/install/nav2_util:/home/jetson/robot_ws/install/nav2_voxel_grid:/home/jetson/robot_ws/install/nav2_msgs:/home/jetson/robot_ws/install/nav2_common:/opt/ros/humble LD_LIBRARY_PATH=/home/jetson/robot_ws/install/nav2_costmap_2d/lib:/home/jetson/robot_ws/install/nav2_map_server/lib:/home/jetson/robot_ws/install/nav2_lifecycle_manager/lib:/home/jetson/robot_ws/install/nav2_util/lib:/home/jetson/robot_ws/install/nav2_voxel_grid/lib:/home/jetson/robot_ws/install/nav2_msgs/lib:${LD_LIBRARY_PATH} PYTHONPATH=/home/jetson/robot_ws/install/nav2_msgs/local/lib/python3.10/dist-packages:/home/jetson/robot_ws/install/nav2_common/local/lib/python3.10/dist-packages:${PYTHONPATH} /usr/bin/cmake --build /home/jetson/robot_ws/build/nav2_collision_monitor -- -j6 -l6
[10.023s] [  4%] [32mBuilding CXX object CMakeFiles/collision_monitor_core.dir/src/collision_monitor_node.cpp.o[0m
[10.023s] [  8%] [32mBuilding CXX object CMakeFiles/collision_monitor_core.dir/src/polygon.cpp.o[0m
[10.023s] [ 13%] [32mBuilding CXX object gtest/CMakeFiles/gtest_main.dir/src/gtest_main.cc.o[0m
[10.023s] [ 17%] [32mBuilding CXX object CMakeFiles/collision_monitor_core.dir/src/source.cpp.o[0m
[10.023s] [ 21%] [32mBuilding CXX object CMakeFiles/collision_monitor_core.dir/src/circle.cpp.o[0m
[10.024s] [ 26%] [32m[1mLinking CXX static library libgtest_main.a[0m
[10.024s] [ 26%] Built target gtest_main
[48.574s] [ 30%] [32mBuilding CXX object CMakeFiles/collision_monitor_core.dir/src/kinematics.cpp.o[0m
[49.115s] [ 34%] [32mBuilding CXX object CMakeFiles/collision_monitor_core.dir/src/range.cpp.o[0m
[75.145s] [ 39%] [32mBuilding CXX object CMakeFiles/collision_monitor_core.dir/src/pointcloud.cpp.o[0m
[101.193s] [ 43%] [32mBuilding CXX object CMakeFiles/collision_monitor_core.dir/src/scan.cpp.o[0m
[128.257s] [ 47%] [32m[1mLinking CXX shared library libcollision_monitor_core.so[0m
[129.877s] [ 47%] Built target collision_monitor_core
[130.033s] [ 52%] [32mBuilding CXX object gtest/CMakeFiles/gtest.dir/src/gtest-all.cc.o[0m
[130.050s] [ 56%] [32mBuilding CXX object CMakeFiles/collision_monitor.dir/src/main.cpp.o[0m
[147.217s] [ 60%] [32m[1mLinking CXX executable collision_monitor[0m
[148.632s] [ 60%] Built target collision_monitor
[158.197s] [ 65%] [32m[1mLinking CXX static library libgtest.a[0m
[158.432s] [ 65%] Built target gtest
[158.581s] [ 69%] [32mBuilding CXX object test/CMakeFiles/kinematics_test.dir/kinematics_test.cpp.o[0m
[171.186s] [ 73%] [32m[1mLinking CXX executable kinematics_test[0m
[171.983s] [ 73%] Built target kinematics_test
[172.036s] [ 78%] [32mBuilding CXX object test/CMakeFiles/collision_monitor_node_test.dir/collision_monitor_node_test.cpp.o[0m
[217.139s] [ 82%] [32m[1mLinking CXX executable collision_monitor_node_test[0m
[218.172s] [ 82%] Built target collision_monitor_node_test
[218.215s] [ 86%] [32mBuilding CXX object test/CMakeFiles/polygons_test.dir/polygons_test.cpp.o[0m
[256.081s] [ 91%] [32m[1mLinking CXX executable polygons_test[0m
[257.246s] [ 91%] Built target polygons_test
[257.294s] [ 95%] [32mBuilding CXX object test/CMakeFiles/sources_test.dir/sources_test.cpp.o[0m
[285.627s] [100%] [32m[1mLinking CXX executable sources_test[0m
[287.370s] [100%] Built target sources_test
[287.417s] Invoked command in '/home/jetson/robot_ws/build/nav2_collision_monitor' returned '0': AMENT_PREFIX_PATH=/home/jetson/robot_ws/install/nav2_costmap_2d:/home/jetson/robot_ws/install/nav2_map_server:/home/jetson/robot_ws/install/nav2_lifecycle_manager:/home/jetson/robot_ws/install/nav2_util:/home/jetson/robot_ws/install/nav2_voxel_grid:/home/jetson/robot_ws/install/nav2_msgs:/home/jetson/robot_ws/install/nav2_common:${AMENT_PREFIX_PATH} CMAKE_PREFIX_PATH=/home/jetson/robot_ws/install/nav2_costmap_2d:/home/jetson/robot_ws/install/nav2_map_server:/home/jetson/robot_ws/install/nav2_lifecycle_manager:/home/jetson/robot_ws/install/nav2_util:/home/jetson/robot_ws/install/nav2_voxel_grid:/home/jetson/robot_ws/install/nav2_msgs:/home/jetson/robot_ws/install/nav2_common:/opt/ros/humble LD_LIBRARY_PATH=/home/jetson/robot_ws/install/nav2_costmap_2d/lib:/home/jetson/robot_ws/install/nav2_map_server/lib:/home/jetson/robot_ws/install/nav2_lifecycle_manager/lib:/home/jetson/robot_ws/install/nav2_util/lib:/home/jetson/robot_ws/install/nav2_voxel_grid/lib:/home/jetson/robot_ws/install/nav2_msgs/lib:${LD_LIBRARY_PATH} PYTHONPATH=/home/jetson/robot_ws/install/nav2_msgs/local/lib/python3.10/dist-packages:/home/jetson/robot_ws/install/nav2_common/local/lib/python3.10/dist-packages:${PYTHONPATH} /usr/bin/cmake --build /home/jetson/robot_ws/build/nav2_collision_monitor -- -j6 -l6
[287.440s] Invoking command in '/home/jetson/robot_ws/build/nav2_collision_monitor': AMENT_PREFIX_PATH=/home/jetson/robot_ws/install/nav2_costmap_2d:/home/jetson/robot_ws/install/nav2_map_server:/home/jetson/robot_ws/install/nav2_lifecycle_manager:/home/jetson/robot_ws/install/nav2_util:/home/jetson/robot_ws/install/nav2_voxel_grid:/home/jetson/robot_ws/install/nav2_msgs:/home/jetson/robot_ws/install/nav2_common:${AMENT_PREFIX_PATH} CMAKE_PREFIX_PATH=/home/jetson/robot_ws/install/nav2_costmap_2d:/home/jetson/robot_ws/install/nav2_map_server:/home/jetson/robot_ws/install/nav2_lifecycle_manager:/home/jetson/robot_ws/install/nav2_util:/home/jetson/robot_ws/install/nav2_voxel_grid:/home/jetson/robot_ws/install/nav2_msgs:/home/jetson/robot_ws/install/nav2_common:/opt/ros/humble LD_LIBRARY_PATH=/home/jetson/robot_ws/install/nav2_costmap_2d/lib:/home/jetson/robot_ws/install/nav2_map_server/lib:/home/jetson/robot_ws/install/nav2_lifecycle_manager/lib:/home/jetson/robot_ws/install/nav2_util/lib:/home/jetson/robot_ws/install/nav2_voxel_grid/lib:/home/jetson/robot_ws/install/nav2_msgs/lib:${LD_LIBRARY_PATH} PYTHONPATH=/home/jetson/robot_ws/install/nav2_msgs/local/lib/python3.10/dist-packages:/home/jetson/robot_ws/install/nav2_common/local/lib/python3.10/dist-packages:${PYTHONPATH} /usr/bin/cmake --install /home/jetson/robot_ws/build/nav2_collision_monitor
[287.470s] -- Install configuration: "Release"
[287.470s] -- Installing: /home/jetson/robot_ws/install/nav2_collision_monitor/lib/libcollision_monitor_core.so
[287.477s] -- Set runtime path of "/home/jetson/robot_ws/install/nav2_collision_monitor/lib/libcollision_monitor_core.so" to ""
[287.477s] -- Installing: /home/jetson/robot_ws/install/nav2_collision_monitor/lib/nav2_collision_monitor/collision_monitor
[287.490s] -- Set runtime path of "/home/jetson/robot_ws/install/nav2_collision_monitor/lib/nav2_collision_monitor/collision_monitor" to ""
[287.490s] -- Installing: /home/jetson/robot_ws/install/nav2_collision_monitor/include/
[287.490s] -- Installing: /home/jetson/robot_ws/install/nav2_collision_monitor/include//nav2_collision_monitor
[287.491s] -- Installing: /home/jetson/robot_ws/install/nav2_collision_monitor/include//nav2_collision_monitor/polygon.hpp
[287.491s] -- Installing: /home/jetson/robot_ws/install/nav2_collision_monitor/include//nav2_collision_monitor/source.hpp
[287.491s] -- Installing: /home/jetson/robot_ws/install/nav2_collision_monitor/include//nav2_collision_monitor/circle.hpp
[287.491s] -- Installing: /home/jetson/robot_ws/install/nav2_collision_monitor/include//nav2_collision_monitor/pointcloud.hpp
[287.491s] -- Installing: /home/jetson/robot_ws/install/nav2_collision_monitor/include//nav2_collision_monitor/scan.hpp
[287.491s] -- Installing: /home/jetson/robot_ws/install/nav2_collision_monitor/include//nav2_collision_monitor/range.hpp
[287.492s] -- Installing: /home/jetson/robot_ws/install/nav2_collision_monitor/include//nav2_collision_monitor/collision_monitor_node.hpp
[287.492s] -- Installing: /home/jetson/robot_ws/install/nav2_collision_monitor/include//nav2_collision_monitor/kinematics.hpp
[287.492s] -- Installing: /home/jetson/robot_ws/install/nav2_collision_monitor/include//nav2_collision_monitor/types.hpp
[287.492s] -- Installing: /home/jetson/robot_ws/install/nav2_collision_monitor/share/nav2_collision_monitor/launch
[287.492s] -- Installing: /home/jetson/robot_ws/install/nav2_collision_monitor/share/nav2_collision_monitor/launch/collision_monitor_node.launch.py
[287.496s] -- Installing: /home/jetson/robot_ws/install/nav2_collision_monitor/share/nav2_collision_monitor/params
[287.496s] -- Installing: /home/jetson/robot_ws/install/nav2_collision_monitor/share/nav2_collision_monitor/params/collision_monitor_params.yaml
[287.497s] -- Installing: /home/jetson/robot_ws/install/nav2_collision_monitor/share/nav2_collision_monitor/environment/library_path.sh
[287.497s] -- Installing: /home/jetson/robot_ws/install/nav2_collision_monitor/share/nav2_collision_monitor/environment/library_path.dsv
[287.497s] -- Installing: /home/jetson/robot_ws/install/nav2_collision_monitor/share/ament_index/resource_index/package_run_dependencies/nav2_collision_monitor
[287.498s] -- Installing: /home/jetson/robot_ws/install/nav2_collision_monitor/share/ament_index/resource_index/parent_prefix_path/nav2_collision_monitor
[287.498s] -- Installing: /home/jetson/robot_ws/install/nav2_collision_monitor/share/nav2_collision_monitor/environment/ament_prefix_path.sh
[287.498s] -- Installing: /home/jetson/robot_ws/install/nav2_collision_monitor/share/nav2_collision_monitor/environment/ament_prefix_path.dsv
[287.498s] -- Installing: /home/jetson/robot_ws/install/nav2_collision_monitor/share/nav2_collision_monitor/environment/path.sh
[287.499s] -- Installing: /home/jetson/robot_ws/install/nav2_collision_monitor/share/nav2_collision_monitor/environment/path.dsv
[287.499s] -- Installing: /home/jetson/robot_ws/install/nav2_collision_monitor/share/nav2_collision_monitor/local_setup.bash
[287.499s] -- Installing: /home/jetson/robot_ws/install/nav2_collision_monitor/share/nav2_collision_monitor/local_setup.sh
[287.499s] -- Installing: /home/jetson/robot_ws/install/nav2_collision_monitor/share/nav2_collision_monitor/local_setup.zsh
[287.500s] -- Installing: /home/jetson/robot_ws/install/nav2_collision_monitor/share/nav2_collision_monitor/local_setup.dsv
[287.500s] -- Installing: /home/jetson/robot_ws/install/nav2_collision_monitor/share/nav2_collision_monitor/package.dsv
[287.500s] -- Installing: /home/jetson/robot_ws/install/nav2_collision_monitor/share/ament_index/resource_index/packages/nav2_collision_monitor
[287.500s] -- Installing: /home/jetson/robot_ws/install/nav2_collision_monitor/share/ament_index/resource_index/rclcpp_components/nav2_collision_monitor
[287.501s] -- Installing: /home/jetson/robot_ws/install/nav2_collision_monitor/share/nav2_collision_monitor/cmake/ament_cmake_export_include_directories-extras.cmake
[287.501s] -- Installing: /home/jetson/robot_ws/install/nav2_collision_monitor/share/nav2_collision_monitor/cmake/ament_cmake_export_libraries-extras.cmake
[287.501s] -- Installing: /home/jetson/robot_ws/install/nav2_collision_monitor/share/nav2_collision_monitor/cmake/ament_cmake_export_dependencies-extras.cmake
[287.502s] -- Installing: /home/jetson/robot_ws/install/nav2_collision_monitor/share/nav2_collision_monitor/cmake/nav2_collision_monitorConfig.cmake
[287.502s] -- Installing: /home/jetson/robot_ws/install/nav2_collision_monitor/share/nav2_collision_monitor/cmake/nav2_collision_monitorConfig-version.cmake
[287.502s] -- Installing: /home/jetson/robot_ws/install/nav2_collision_monitor/share/nav2_collision_monitor/package.xml
[287.513s] Invoked command in '/home/jetson/robot_ws/build/nav2_collision_monitor' returned '0': AMENT_PREFIX_PATH=/home/jetson/robot_ws/install/nav2_costmap_2d:/home/jetson/robot_ws/install/nav2_map_server:/home/jetson/robot_ws/install/nav2_lifecycle_manager:/home/jetson/robot_ws/install/nav2_util:/home/jetson/robot_ws/install/nav2_voxel_grid:/home/jetson/robot_ws/install/nav2_msgs:/home/jetson/robot_ws/install/nav2_common:${AMENT_PREFIX_PATH} CMAKE_PREFIX_PATH=/home/jetson/robot_ws/install/nav2_costmap_2d:/home/jetson/robot_ws/install/nav2_map_server:/home/jetson/robot_ws/install/nav2_lifecycle_manager:/home/jetson/robot_ws/install/nav2_util:/home/jetson/robot_ws/install/nav2_voxel_grid:/home/jetson/robot_ws/install/nav2_msgs:/home/jetson/robot_ws/install/nav2_common:/opt/ros/humble LD_LIBRARY_PATH=/home/jetson/robot_ws/install/nav2_costmap_2d/lib:/home/jetson/robot_ws/install/nav2_map_server/lib:/home/jetson/robot_ws/install/nav2_lifecycle_manager/lib:/home/jetson/robot_ws/install/nav2_util/lib:/home/jetson/robot_ws/install/nav2_voxel_grid/lib:/home/jetson/robot_ws/install/nav2_msgs/lib:${LD_LIBRARY_PATH} PYTHONPATH=/home/jetson/robot_ws/install/nav2_msgs/local/lib/python3.10/dist-packages:/home/jetson/robot_ws/install/nav2_common/local/lib/python3.10/dist-packages:${PYTHONPATH} /usr/bin/cmake --install /home/jetson/robot_ws/build/nav2_collision_monitor
