[0.070s] Invoking command in '/home/jetson/robot_ws/build/nav2_map_server': AMENT_PREFIX_PATH=/home/jetson/robot_ws/install/nav2_util:/home/jetson/robot_ws/install/nav2_msgs:/home/jetson/robot_ws/install/nav2_common:${AMENT_PREFIX_PATH} CMAKE_PREFIX_PATH=/home/jetson/robot_ws/install/nav2_util:/home/jetson/robot_ws/install/nav2_msgs:/home/jetson/robot_ws/install/nav2_common:/home/jetson/robot_ws/install/servicerobot_joy:/opt/ros/humble LD_LIBRARY_PATH=/home/jetson/robot_ws/install/nav2_util/lib:/home/jetson/robot_ws/install/nav2_msgs/lib:${LD_LIBRARY_PATH} PYTHONPATH=/home/jetson/robot_ws/install/nav2_msgs/local/lib/python3.10/dist-packages:/home/jetson/robot_ws/install/nav2_common/local/lib/python3.10/dist-packages:${PYTHONPATH} /usr/bin/cmake /home/jetson/robot_ws/src/navigation2/nav2_map_server -DCMAKE_INSTALL_PREFIX=/home/jetson/robot_ws/install/nav2_map_server
[0.184s] -- The C compiler identification is GNU 11.4.0
[0.305s] -- The CXX compiler identification is GNU 11.4.0
[0.322s] -- Detecting C compiler ABI info
[0.504s] -- Detecting C compiler ABI info - done
[0.523s] -- Check for working C compiler: /usr/bin/cc - skipped
[0.524s] -- Detecting C compile features
[0.525s] -- Detecting C compile features - done
[0.532s] -- Detecting CXX compiler ABI info
[0.712s] -- Detecting CXX compiler ABI info - done
[0.737s] -- Check for working CXX compiler: /usr/bin/c++ - skipped
[0.738s] -- Detecting CXX compile features
[0.738s] -- Detecting CXX compile features - done
[0.745s] -- Found ament_cmake: 1.3.12 (/opt/ros/humble/share/ament_cmake/cmake)
[1.224s] -- Found Python3: /usr/bin/python3 (found version "3.10.12") found components: Interpreter 
[1.420s] -- Found nav2_common: 1.1.20 (/home/jetson/robot_ws/install/nav2_common/share/nav2_common/cmake)
[1.423s] -- Found rclcpp: 16.0.15 (/opt/ros/humble/share/rclcpp/cmake)
[1.502s] -- Found rosidl_generator_c: 3.1.7 (/opt/ros/humble/share/rosidl_generator_c/cmake)
[1.511s] -- Found rosidl_adapter: 3.1.7 (/opt/ros/humble/share/rosidl_adapter/cmake)
[1.526s] -- Found rosidl_generator_cpp: 3.1.7 (/opt/ros/humble/share/rosidl_generator_cpp/cmake)
[1.549s] -- Using all available rosidl_typesupport_c: rosidl_typesupport_fastrtps_c;rosidl_typesupport_introspection_c
[1.578s] -- Using all available rosidl_typesupport_cpp: rosidl_typesupport_fastrtps_cpp;rosidl_typesupport_introspection_cpp
[1.657s] -- Found rmw_implementation_cmake: 6.1.2 (/opt/ros/humble/share/rmw_implementation_cmake/cmake)
[1.662s] -- Found rmw_fastrtps_cpp: 6.2.9 (/opt/ros/humble/share/rmw_fastrtps_cpp/cmake)
[1.867s] -- Found OpenSSL: /usr/lib/aarch64-linux-gnu/libcrypto.so (found version "3.0.2")  
[1.920s] -- Found FastRTPS: /opt/ros/humble/include  
[2.031s] -- Using RMW implementation 'rmw_fastrtps_cpp' as default
[2.056s] -- Looking for pthread.h
[2.214s] -- Looking for pthread.h - found
[2.214s] -- Performing Test CMAKE_HAVE_LIBC_PTHREAD
[2.357s] -- Performing Test CMAKE_HAVE_LIBC_PTHREAD - Success
[2.359s] -- Found Threads: TRUE  
[2.479s] -- Found rclcpp_lifecycle: 16.0.15 (/opt/ros/humble/share/rclcpp_lifecycle/cmake)
[2.524s] -- Found rclcpp_components: 16.0.15 (/opt/ros/humble/share/rclcpp_components/cmake)
[2.582s] -- Found nav_msgs: 4.9.0 (/opt/ros/humble/share/nav_msgs/cmake)
[2.644s] -- Found nav2_msgs: 1.1.20 (/home/jetson/robot_ws/install/nav2_msgs/share/nav2_msgs/cmake)
[2.734s] -- Found yaml_cpp_vendor: 8.0.2 (/opt/ros/humble/share/yaml_cpp_vendor/cmake)
[2.742s] -- Found tf2: 0.25.16 (/opt/ros/humble/share/tf2/cmake)
[2.747s] -- Found nav2_util: 1.1.20 (/home/jetson/robot_ws/install/nav2_util/share/nav2_util/cmake)
[2.858s] -- Found eigen3_cmake_module: 0.1.1 (/opt/ros/humble/share/eigen3_cmake_module/cmake)
[2.860s] -- Found Eigen3: TRUE (found version "3.4.0") 
[2.860s] -- Ensuring Eigen3 include directory is part of orocos-kdl CMake target
[2.933s] -- Found GRAPHICSMAGICKCPP: /usr/include/GraphicsMagick  
[2.933s] -- Setting build type to Release as none was specified.
[3.153s] -- Found ament_lint_auto: 0.12.14 (/opt/ros/humble/share/ament_lint_auto/cmake)
[3.406s] -- Found gtest sources under '/opt/ros/humble/src/gtest_vendor': C++ tests using 'Google Test' will be built
[3.433s] -- Found gtest sources under '/opt/ros/humble/src/gtest_vendor': C++ tests using 'Google Test' will be built
[3.459s] -- Found gtest sources under '/opt/ros/humble/src/gtest_vendor': C++ tests using 'Google Test' will be built
[3.487s] -- Added test 'cppcheck' to perform static code analysis on C / C++ code
[3.497s] -- Configured cppcheck include dirs: /home/jetson/robot_ws/src/navigation2/nav2_map_server/include
[3.497s] -- Configured cppcheck exclude dirs and/or files: 
[3.501s] -- Added test 'cpplint' to check C / C++ code against the Google style
[3.504s] -- Configured cpplint exclude dirs and/or files: 
[3.505s] -- Added test 'flake8' to check Python code syntax and style conventions
[3.506s] -- Added test 'lint_cmake' to check CMake code style
[3.517s] -- Added test 'pep257' to check Python code against some of the docstring style conventions in PEP 257
[3.529s] -- Added test 'uncrustify' to check C / C++ code style
[3.529s] -- Configured uncrustify additional arguments: 
[3.529s] -- Added test 'xmllint' to check XML markup files
[3.540s] -- Configuring done
[4.152s] -- Generating done
[4.355s] -- Build files have been written to: /home/jetson/robot_ws/build/nav2_map_server
[4.580s] Invoked command in '/home/jetson/robot_ws/build/nav2_map_server' returned '0': AMENT_PREFIX_PATH=/home/jetson/robot_ws/install/nav2_util:/home/jetson/robot_ws/install/nav2_msgs:/home/jetson/robot_ws/install/nav2_common:${AMENT_PREFIX_PATH} CMAKE_PREFIX_PATH=/home/jetson/robot_ws/install/nav2_util:/home/jetson/robot_ws/install/nav2_msgs:/home/jetson/robot_ws/install/nav2_common:/home/jetson/robot_ws/install/servicerobot_joy:/opt/ros/humble LD_LIBRARY_PATH=/home/jetson/robot_ws/install/nav2_util/lib:/home/jetson/robot_ws/install/nav2_msgs/lib:${LD_LIBRARY_PATH} PYTHONPATH=/home/jetson/robot_ws/install/nav2_msgs/local/lib/python3.10/dist-packages:/home/jetson/robot_ws/install/nav2_common/local/lib/python3.10/dist-packages:${PYTHONPATH} /usr/bin/cmake /home/jetson/robot_ws/src/navigation2/nav2_map_server -DCMAKE_INSTALL_PREFIX=/home/jetson/robot_ws/install/nav2_map_server
[4.590s] Invoking command in '/home/jetson/robot_ws/build/nav2_map_server': AMENT_PREFIX_PATH=/home/jetson/robot_ws/install/nav2_util:/home/jetson/robot_ws/install/nav2_msgs:/home/jetson/robot_ws/install/nav2_common:${AMENT_PREFIX_PATH} CMAKE_PREFIX_PATH=/home/jetson/robot_ws/install/nav2_util:/home/jetson/robot_ws/install/nav2_msgs:/home/jetson/robot_ws/install/nav2_common:/home/jetson/robot_ws/install/servicerobot_joy:/opt/ros/humble LD_LIBRARY_PATH=/home/jetson/robot_ws/install/nav2_util/lib:/home/jetson/robot_ws/install/nav2_msgs/lib:${LD_LIBRARY_PATH} PYTHONPATH=/home/jetson/robot_ws/install/nav2_msgs/local/lib/python3.10/dist-packages:/home/jetson/robot_ws/install/nav2_common/local/lib/python3.10/dist-packages:${PYTHONPATH} /usr/bin/cmake --build /home/jetson/robot_ws/build/nav2_map_server -- -j6 -l6
[23.041s] [  2%] [32mBuilding CXX object gtest/CMakeFiles/gtest_main.dir/src/gtest_main.cc.o[0m
[23.041s] [  5%] [32mBuilding CXX object CMakeFiles/map_io.dir/src/map_mode.cpp.o[0m
[23.041s] [  8%] [32mBuilding CXX object gtest/CMakeFiles/gtest.dir/src/gtest-all.cc.o[0m
[23.041s] [ 11%] [32mBuilding CXX object CMakeFiles/map_io.dir/src/map_io.cpp.o[0m
[23.042s] [ 13%] [32m[1mLinking CXX static library libgtest_main.a[0m
[23.042s] [ 13%] Built target gtest_main
[42.370s] [ 16%] [32m[1mLinking CXX static library libgtest.a[0m
[42.508s] [ 16%] Built target gtest
[43.601s] [ 19%] [32m[1mLinking CXX shared library libmap_io.so[0m
[44.287s] [ 19%] Built target map_io
[44.364s] [ 22%] [32mBuilding CXX object test/map_saver_cli/CMakeFiles/test_map_saver_cli.dir/test_map_saver_cli.cpp.o[0m
[64.031s] [ 25%] [32mBuilding CXX object test/map_saver_cli/CMakeFiles/test_map_saver_cli.dir/__/test_constants.cpp.o[0m
[64.453s] [ 27%] [32m[1mLinking CXX executable test_map_saver_cli[0m
[64.947s] [ 27%] Built target test_map_saver_cli
[65.041s] [ 30%] [32mBuilding CXX object test/component/CMakeFiles/test_map_saver_publisher.dir/test_map_saver_publisher.cpp.o[0m
[81.111s] [ 33%] [32mBuilding CXX object test/component/CMakeFiles/test_map_saver_publisher.dir/__/test_constants.cpp.o[0m
[81.392s] [ 36%] [32m[1mLinking CXX executable test_map_saver_publisher[0m
[82.140s] [ 36%] Built target test_map_saver_publisher
[82.226s] [ 38%] [32mBuilding CXX object test/unit/CMakeFiles/test_map_io.dir/test_map_io.cpp.o[0m
[98.716s] [ 41%] [32mBuilding CXX object test/unit/CMakeFiles/test_map_io.dir/__/test_constants.cpp.o[0m
[99.013s] [ 44%] [32m[1mLinking CXX executable test_map_io[0m
[99.607s] [ 44%] Built target test_map_io
[99.650s] [ 47%] [32mBuilding CXX object CMakeFiles/map_server_core.dir/src/map_server/map_server.cpp.o[0m
[119.198s] [ 50%] [32mBuilding CXX object CMakeFiles/map_server_core.dir/src/costmap_filter_info/costmap_filter_info_server.cpp.o[0m
[131.768s] [ 52%] [32mBuilding CXX object CMakeFiles/map_server_core.dir/src/map_saver/map_saver.cpp.o[0m
[157.763s] [ 55%] [32m[1mLinking CXX shared library libmap_server_core.so[0m
[158.478s] [ 55%] Built target map_server_core
[158.519s] [ 58%] [32mBuilding CXX object CMakeFiles/map_server.dir/src/map_server/main.cpp.o[0m
[165.677s] [ 61%] [32m[1mLinking CXX executable map_server[0m
[166.325s] [ 61%] Built target map_server
[166.377s] [ 63%] [32mBuilding CXX object test/component/CMakeFiles/test_map_server_node.dir/test_map_server_node.cpp.o[0m
[181.809s] [ 66%] [32mBuilding CXX object test/component/CMakeFiles/test_map_server_node.dir/__/test_constants.cpp.o[0m
[182.062s] [ 69%] [32m[1mLinking CXX executable test_map_server_node[0m
[182.551s] [ 69%] Built target test_map_server_node
[182.597s] [ 72%] [32mBuilding CXX object test/component/CMakeFiles/test_map_saver_node.dir/test_map_saver_node.cpp.o[0m
[196.267s] [ 75%] [32mBuilding CXX object test/component/CMakeFiles/test_map_saver_node.dir/__/test_constants.cpp.o[0m
[196.711s] [ 77%] [32m[1mLinking CXX executable test_map_saver_node[0m
[197.402s] [ 77%] Built target test_map_saver_node
[197.535s] [ 80%] [32mBuilding CXX object test/unit/CMakeFiles/test_costmap_filter_info_server.dir/test_costmap_filter_info_server.cpp.o[0m
[197.562s] [ 83%] [32mBuilding CXX object CMakeFiles/costmap_filter_info_server.dir/src/costmap_filter_info/main.cpp.o[0m
[208.868s] [ 86%] [32m[1mLinking CXX executable costmap_filter_info_server[0m
[210.111s] [ 86%] Built target costmap_filter_info_server
[233.430s] [ 88%] [32m[1mLinking CXX executable test_costmap_filter_info_server[0m
[234.152s] [ 88%] Built target test_costmap_filter_info_server
[234.207s] [ 91%] [32mBuilding CXX object CMakeFiles/map_saver_server.dir/src/map_saver/main_server.cpp.o[0m
[241.423s] [ 94%] [32m[1mLinking CXX executable map_saver_server[0m
[242.064s] [ 94%] Built target map_saver_server
[242.105s] [ 97%] [32mBuilding CXX object CMakeFiles/map_saver_cli.dir/src/map_saver/main_cli.cpp.o[0m
[249.541s] [100%] [32m[1mLinking CXX executable map_saver_cli[0m
[250.215s] [100%] Built target map_saver_cli
[250.245s] Invoked command in '/home/jetson/robot_ws/build/nav2_map_server' returned '0': AMENT_PREFIX_PATH=/home/jetson/robot_ws/install/nav2_util:/home/jetson/robot_ws/install/nav2_msgs:/home/jetson/robot_ws/install/nav2_common:${AMENT_PREFIX_PATH} CMAKE_PREFIX_PATH=/home/jetson/robot_ws/install/nav2_util:/home/jetson/robot_ws/install/nav2_msgs:/home/jetson/robot_ws/install/nav2_common:/home/jetson/robot_ws/install/servicerobot_joy:/opt/ros/humble LD_LIBRARY_PATH=/home/jetson/robot_ws/install/nav2_util/lib:/home/jetson/robot_ws/install/nav2_msgs/lib:${LD_LIBRARY_PATH} PYTHONPATH=/home/jetson/robot_ws/install/nav2_msgs/local/lib/python3.10/dist-packages:/home/jetson/robot_ws/install/nav2_common/local/lib/python3.10/dist-packages:${PYTHONPATH} /usr/bin/cmake --build /home/jetson/robot_ws/build/nav2_map_server -- -j6 -l6
[250.246s] Invoking command in '/home/jetson/robot_ws/build/nav2_map_server': AMENT_PREFIX_PATH=/home/jetson/robot_ws/install/nav2_util:/home/jetson/robot_ws/install/nav2_msgs:/home/jetson/robot_ws/install/nav2_common:${AMENT_PREFIX_PATH} CMAKE_PREFIX_PATH=/home/jetson/robot_ws/install/nav2_util:/home/jetson/robot_ws/install/nav2_msgs:/home/jetson/robot_ws/install/nav2_common:/home/jetson/robot_ws/install/servicerobot_joy:/opt/ros/humble LD_LIBRARY_PATH=/home/jetson/robot_ws/install/nav2_util/lib:/home/jetson/robot_ws/install/nav2_msgs/lib:${LD_LIBRARY_PATH} PYTHONPATH=/home/jetson/robot_ws/install/nav2_msgs/local/lib/python3.10/dist-packages:/home/jetson/robot_ws/install/nav2_common/local/lib/python3.10/dist-packages:${PYTHONPATH} /usr/bin/cmake --install /home/jetson/robot_ws/build/nav2_map_server
[250.258s] -- Install configuration: "Release"
[250.258s] -- Installing: /home/jetson/robot_ws/install/nav2_map_server/lib/libmap_server_core.so
[250.263s] -- Set runtime path of "/home/jetson/robot_ws/install/nav2_map_server/lib/libmap_server_core.so" to ""
[250.263s] -- Installing: /home/jetson/robot_ws/install/nav2_map_server/lib/libmap_io.so
[250.265s] -- Set runtime path of "/home/jetson/robot_ws/install/nav2_map_server/lib/libmap_io.so" to ""
[250.265s] -- Installing: /home/jetson/robot_ws/install/nav2_map_server/lib/nav2_map_server/map_server
[250.265s] -- Set runtime path of "/home/jetson/robot_ws/install/nav2_map_server/lib/nav2_map_server/map_server" to ""
[250.266s] -- Installing: /home/jetson/robot_ws/install/nav2_map_server/lib/nav2_map_server/map_saver_cli
[250.266s] -- Set runtime path of "/home/jetson/robot_ws/install/nav2_map_server/lib/nav2_map_server/map_saver_cli" to ""
[250.266s] -- Installing: /home/jetson/robot_ws/install/nav2_map_server/lib/nav2_map_server/map_saver_server
[250.266s] -- Set runtime path of "/home/jetson/robot_ws/install/nav2_map_server/lib/nav2_map_server/map_saver_server" to ""
[250.266s] -- Installing: /home/jetson/robot_ws/install/nav2_map_server/lib/nav2_map_server/costmap_filter_info_server
[250.267s] -- Set runtime path of "/home/jetson/robot_ws/install/nav2_map_server/lib/nav2_map_server/costmap_filter_info_server" to ""
[250.267s] -- Installing: /home/jetson/robot_ws/install/nav2_map_server/include/
[250.267s] -- Installing: /home/jetson/robot_ws/install/nav2_map_server/include//nav2_map_server
[250.267s] -- Installing: /home/jetson/robot_ws/install/nav2_map_server/include//nav2_map_server/map_server.hpp
[250.268s] -- Installing: /home/jetson/robot_ws/install/nav2_map_server/include//nav2_map_server/map_mode.hpp
[250.268s] -- Installing: /home/jetson/robot_ws/install/nav2_map_server/include//nav2_map_server/costmap_filter_info_server.hpp
[250.268s] -- Installing: /home/jetson/robot_ws/install/nav2_map_server/include//nav2_map_server/map_saver.hpp
[250.268s] -- Installing: /home/jetson/robot_ws/install/nav2_map_server/include//nav2_map_server/map_io.hpp
[250.268s] -- Installing: /home/jetson/robot_ws/install/nav2_map_server/share/nav2_map_server/launch
[250.268s] -- Installing: /home/jetson/robot_ws/install/nav2_map_server/share/nav2_map_server/launch/map_saver_server.launch.py
[250.272s] -- Installing: /home/jetson/robot_ws/install/nav2_map_server/share/nav2_map_server/environment/library_path.sh
[250.272s] -- Installing: /home/jetson/robot_ws/install/nav2_map_server/share/nav2_map_server/environment/library_path.dsv
[250.272s] -- Installing: /home/jetson/robot_ws/install/nav2_map_server/share/ament_index/resource_index/package_run_dependencies/nav2_map_server
[250.272s] -- Installing: /home/jetson/robot_ws/install/nav2_map_server/share/ament_index/resource_index/parent_prefix_path/nav2_map_server
[250.273s] -- Installing: /home/jetson/robot_ws/install/nav2_map_server/share/nav2_map_server/environment/ament_prefix_path.sh
[250.273s] -- Installing: /home/jetson/robot_ws/install/nav2_map_server/share/nav2_map_server/environment/ament_prefix_path.dsv
[250.275s] -- Installing: /home/jetson/robot_ws/install/nav2_map_server/share/nav2_map_server/environment/path.sh
[250.275s] -- Installing: /home/jetson/robot_ws/install/nav2_map_server/share/nav2_map_server/environment/path.dsv
[250.277s] -- Installing: /home/jetson/robot_ws/install/nav2_map_server/share/nav2_map_server/local_setup.bash
[250.278s] -- Installing: /home/jetson/robot_ws/install/nav2_map_server/share/nav2_map_server/local_setup.sh
[250.278s] -- Installing: /home/jetson/robot_ws/install/nav2_map_server/share/nav2_map_server/local_setup.zsh
[250.279s] -- Installing: /home/jetson/robot_ws/install/nav2_map_server/share/nav2_map_server/local_setup.dsv
[250.279s] -- Installing: /home/jetson/robot_ws/install/nav2_map_server/share/nav2_map_server/package.dsv
[250.281s] -- Installing: /home/jetson/robot_ws/install/nav2_map_server/share/ament_index/resource_index/packages/nav2_map_server
[250.283s] -- Installing: /home/jetson/robot_ws/install/nav2_map_server/share/ament_index/resource_index/rclcpp_components/nav2_map_server
[250.283s] -- Installing: /home/jetson/robot_ws/install/nav2_map_server/share/nav2_map_server/cmake/ament_cmake_export_include_directories-extras.cmake
[250.283s] -- Installing: /home/jetson/robot_ws/install/nav2_map_server/share/nav2_map_server/cmake/ament_cmake_export_libraries-extras.cmake
[250.283s] -- Installing: /home/jetson/robot_ws/install/nav2_map_server/share/nav2_map_server/cmake/ament_cmake_export_dependencies-extras.cmake
[250.284s] -- Installing: /home/jetson/robot_ws/install/nav2_map_server/share/nav2_map_server/cmake/nav2_map_serverConfig.cmake
[250.284s] -- Installing: /home/jetson/robot_ws/install/nav2_map_server/share/nav2_map_server/cmake/nav2_map_serverConfig-version.cmake
[250.284s] -- Installing: /home/jetson/robot_ws/install/nav2_map_server/share/nav2_map_server/package.xml
[250.294s] Invoked command in '/home/jetson/robot_ws/build/nav2_map_server' returned '0': AMENT_PREFIX_PATH=/home/jetson/robot_ws/install/nav2_util:/home/jetson/robot_ws/install/nav2_msgs:/home/jetson/robot_ws/install/nav2_common:${AMENT_PREFIX_PATH} CMAKE_PREFIX_PATH=/home/jetson/robot_ws/install/nav2_util:/home/jetson/robot_ws/install/nav2_msgs:/home/jetson/robot_ws/install/nav2_common:/home/jetson/robot_ws/install/servicerobot_joy:/opt/ros/humble LD_LIBRARY_PATH=/home/jetson/robot_ws/install/nav2_util/lib:/home/jetson/robot_ws/install/nav2_msgs/lib:${LD_LIBRARY_PATH} PYTHONPATH=/home/jetson/robot_ws/install/nav2_msgs/local/lib/python3.10/dist-packages:/home/jetson/robot_ws/install/nav2_common/local/lib/python3.10/dist-packages:${PYTHONPATH} /usr/bin/cmake --install /home/jetson/robot_ws/build/nav2_map_server
