[1.081s] Invoking command in '/home/jetson/robot_ws/src/servicerobot_joy': PYTHONPATH=/home/jetson/robot_ws/build/servicerobot_joy/prefix_override:/usr/lib/python3/dist-packages/colcon_core/task/python/colcon_distutils_commands:/home/jetson/robot_ws/install/servicerobot_joy/lib/python3.10/site-packages:${PYTHONPATH} /usr/bin/python3 -W ignore:setup.py install is deprecated -W ignore:easy_install command is deprecated setup.py egg_info --egg-base ../../build/servicerobot_joy build --build-base /home/jetson/robot_ws/build/servicerobot_joy/build install --record /home/jetson/robot_ws/build/servicerobot_joy/install.log --single-version-externally-managed install_data
[1.502s] running egg_info
[1.503s] writing ../../build/servicerobot_joy/servicerobot_joy.egg-info/PKG-INFO
[1.503s] writing dependency_links to ../../build/servicerobot_joy/servicerobot_joy.egg-info/dependency_links.txt
[1.504s] writing entry points to ../../build/servicerobot_joy/servicerobot_joy.egg-info/entry_points.txt
[1.504s] writing requirements to ../../build/servicerobot_joy/servicerobot_joy.egg-info/requires.txt
[1.504s] writing top-level names to ../../build/servicerobot_joy/servicerobot_joy.egg-info/top_level.txt
[1.507s] reading manifest file '../../build/servicerobot_joy/servicerobot_joy.egg-info/SOURCES.txt'
[1.509s] writing manifest file '../../build/servicerobot_joy/servicerobot_joy.egg-info/SOURCES.txt'
[1.509s] running build
[1.509s] running build_py
[1.509s] copying servicerobot_joy/joy_control_node.py -> /home/jetson/robot_ws/build/servicerobot_joy/build/lib/servicerobot_joy
[1.510s] running install
[1.511s] running install_lib
[1.512s] copying /home/jetson/robot_ws/build/servicerobot_joy/build/lib/servicerobot_joy/joy_control_node.py -> /home/jetson/robot_ws/install/servicerobot_joy/lib/python3.10/site-packages/servicerobot_joy
[1.513s] byte-compiling /home/jetson/robot_ws/install/servicerobot_joy/lib/python3.10/site-packages/servicerobot_joy/joy_control_node.py to joy_control_node.cpython-310.pyc
[1.514s] Sorry: TabError: inconsistent use of tabs and spaces in indentation (joy_control_node.py, line 36)
[1.514s] running install_data
[1.514s] running install_egg_info
[1.517s] removing '/home/jetson/robot_ws/install/servicerobot_joy/lib/python3.10/site-packages/servicerobot_joy-0.0.0-py3.10.egg-info' (and everything under it)
[1.518s] Copying ../../build/servicerobot_joy/servicerobot_joy.egg-info to /home/jetson/robot_ws/install/servicerobot_joy/lib/python3.10/site-packages/servicerobot_joy-0.0.0-py3.10.egg-info
[1.520s] running install_scripts
[1.558s] Installing joy_control script to /home/jetson/robot_ws/install/servicerobot_joy/lib/servicerobot_joy
[1.558s] writing list of installed files to '/home/jetson/robot_ws/build/servicerobot_joy/install.log'
[1.623s] Invoked command in '/home/jetson/robot_ws/src/servicerobot_joy' returned '0': PYTHONPATH=/home/jetson/robot_ws/build/servicerobot_joy/prefix_override:/usr/lib/python3/dist-packages/colcon_core/task/python/colcon_distutils_commands:/home/jetson/robot_ws/install/servicerobot_joy/lib/python3.10/site-packages:${PYTHONPATH} /usr/bin/python3 -W ignore:setup.py install is deprecated -W ignore:easy_install command is deprecated setup.py egg_info --egg-base ../../build/servicerobot_joy build --build-base /home/jetson/robot_ws/build/servicerobot_joy/build install --record /home/jetson/robot_ws/build/servicerobot_joy/install.log --single-version-externally-managed install_data
