[0.043s] Invoking command in '/home/jetson/robot_ws/build/nav2_costmap_2d': AMENT_PREFIX_PATH=/home/jetson/robot_ws/install/nav2_map_server:/home/jetson/robot_ws/install/nav2_lifecycle_manager:/home/jetson/robot_ws/install/nav2_util:/home/jetson/robot_ws/install/nav2_voxel_grid:/home/jetson/robot_ws/install/nav2_msgs:/home/jetson/robot_ws/install/nav2_common:${AMENT_PREFIX_PATH} CMAKE_PREFIX_PATH=/home/jetson/robot_ws/install/nav2_map_server:/home/jetson/robot_ws/install/nav2_lifecycle_manager:/home/jetson/robot_ws/install/nav2_util:/home/jetson/robot_ws/install/nav2_voxel_grid:/home/jetson/robot_ws/install/nav2_msgs:/home/jetson/robot_ws/install/nav2_common:/opt/ros/humble LD_LIBRARY_PATH=/home/jetson/robot_ws/install/nav2_map_server/lib:/home/jetson/robot_ws/install/nav2_lifecycle_manager/lib:/home/jetson/robot_ws/install/nav2_util/lib:/home/jetson/robot_ws/install/nav2_voxel_grid/lib:/home/jetson/robot_ws/install/nav2_msgs/lib:${LD_LIBRARY_PATH} PYTHONPATH=/home/jetson/robot_ws/install/nav2_msgs/local/lib/python3.10/dist-packages:/home/jetson/robot_ws/install/nav2_common/local/lib/python3.10/dist-packages:${PYTHONPATH} /usr/bin/cmake /home/jetson/robot_ws/src/navigation2/nav2_costmap_2d -DCMAKE_INSTALL_PREFIX=/home/jetson/robot_ws/install/nav2_costmap_2d
[0.163s] -- The C compiler identification is GNU 11.4.0
[0.278s] -- The CXX compiler identification is GNU 11.4.0
[0.294s] -- Detecting C compiler ABI info
[0.444s] -- Detecting C compiler ABI info - done
[0.454s] -- Check for working C compiler: /usr/bin/cc - skipped
[0.455s] -- Detecting C compile features
[0.456s] -- Detecting C compile features - done
[0.462s] -- Detecting CXX compiler ABI info
[0.640s] -- Detecting CXX compiler ABI info - done
[0.651s] -- Check for working CXX compiler: /usr/bin/c++ - skipped
[0.652s] -- Detecting CXX compile features
[0.652s] -- Detecting CXX compile features - done
[0.658s] -- Found ament_cmake: 1.3.12 (/opt/ros/humble/share/ament_cmake/cmake)
[1.012s] -- Found Python3: /usr/bin/python3 (found version "3.10.12") found components: Interpreter 
[1.223s] -- Found geometry_msgs: 4.9.0 (/opt/ros/humble/share/geometry_msgs/cmake)
[1.299s] -- Found rosidl_generator_c: 3.1.7 (/opt/ros/humble/share/rosidl_generator_c/cmake)
[1.312s] -- Found rosidl_adapter: 3.1.7 (/opt/ros/humble/share/rosidl_adapter/cmake)
[1.330s] -- Found rosidl_generator_cpp: 3.1.7 (/opt/ros/humble/share/rosidl_generator_cpp/cmake)
[1.355s] -- Using all available rosidl_typesupport_c: rosidl_typesupport_fastrtps_c;rosidl_typesupport_introspection_c
[1.388s] -- Using all available rosidl_typesupport_cpp: rosidl_typesupport_fastrtps_cpp;rosidl_typesupport_introspection_cpp
[1.466s] -- Found laser_geometry: 2.4.1 (/opt/ros/humble/share/laser_geometry/cmake)
[1.567s] -- Found rmw_implementation_cmake: 6.1.2 (/opt/ros/humble/share/rmw_implementation_cmake/cmake)
[1.575s] -- Found rmw_fastrtps_cpp: 6.2.9 (/opt/ros/humble/share/rmw_fastrtps_cpp/cmake)
[1.740s] -- Found OpenSSL: /usr/lib/aarch64-linux-gnu/libcrypto.so (found version "3.0.2")  
[1.793s] -- Found FastRTPS: /opt/ros/humble/include  
[1.874s] -- Using RMW implementation 'rmw_fastrtps_cpp' as default
[1.892s] -- Looking for pthread.h
[2.041s] -- Looking for pthread.h - found
[2.042s] -- Performing Test CMAKE_HAVE_LIBC_PTHREAD
[2.188s] -- Performing Test CMAKE_HAVE_LIBC_PTHREAD - Success
[2.190s] -- Found Threads: TRUE  
[2.323s] -- Found map_msgs: 2.1.0 (/opt/ros/humble/share/map_msgs/cmake)
[2.393s] -- Found message_filters: 4.3.11 (/opt/ros/humble/share/message_filters/cmake)
[2.400s] -- Found nav2_common: 1.1.20 (/home/jetson/robot_ws/install/nav2_common/share/nav2_common/cmake)
[2.401s] -- Found nav2_msgs: 1.1.20 (/home/jetson/robot_ws/install/nav2_msgs/share/nav2_msgs/cmake)
[2.485s] -- Found nav2_util: 1.1.20 (/home/jetson/robot_ws/install/nav2_util/share/nav2_util/cmake)
[2.640s] -- Found Eigen3: TRUE (found version "3.4.0") 
[2.640s] -- Ensuring Eigen3 include directory is part of orocos-kdl CMake target
[2.738s] -- Found nav2_voxel_grid: 1.1.20 (/home/jetson/robot_ws/install/nav2_voxel_grid/share/nav2_voxel_grid/cmake)
[2.745s] -- Found pluginlib: 5.1.2 (/opt/ros/humble/share/pluginlib/cmake)
[2.778s] -- Found std_srvs: 4.9.0 (/opt/ros/humble/share/std_srvs/cmake)
[2.804s] -- Found tf2_sensor_msgs: 0.25.16 (/opt/ros/humble/share/tf2_sensor_msgs/cmake)
[2.814s] -- Found visualization_msgs: 4.9.0 (/opt/ros/humble/share/visualization_msgs/cmake)
[2.849s] -- Found angles: 1.15.0 (/opt/ros/humble/share/angles/cmake)
[2.854s] -- Found Eigen3: TRUE (found suitable version "3.4.0", minimum required is "3.3") 
[2.854s] -- Setting build type to Release as none was specified.
[3.158s] -- Found ament_lint_auto: 0.12.14 (/opt/ros/humble/share/ament_lint_auto/cmake)
[3.489s] -- Found gtest sources under '/opt/ros/humble/src/gtest_vendor': C++ tests using 'Google Test' will be built
[3.533s] -- Found gtest sources under '/opt/ros/humble/src/gtest_vendor': C++ tests using 'Google Test' will be built
[3.556s] -- Found gtest sources under '/opt/ros/humble/src/gtest_vendor': C++ tests using 'Google Test' will be built
[3.630s] -- Added test 'cppcheck' to perform static code analysis on C / C++ code
[3.632s] -- Configured cppcheck include dirs: $<BUILD_INTERFACE:/home/jetson/robot_ws/src/navigation2/nav2_costmap_2d/include>
[3.633s] -- Configured cppcheck exclude dirs and/or files: 
[3.635s] -- Added test 'flake8' to check Python code syntax and style conventions
[3.638s] -- Added test 'lint_cmake' to check CMake code style
[3.639s] -- Added test 'pep257' to check Python code against some of the docstring style conventions in PEP 257
[3.647s] -- Added test 'uncrustify' to check C / C++ code style
[3.647s] -- Configured uncrustify additional arguments: 
[3.649s] -- Added test 'xmllint' to check XML markup files
[3.654s] -- Configuring done
[4.850s] -- Generating done
[5.036s] -- Build files have been written to: /home/jetson/robot_ws/build/nav2_costmap_2d
[5.088s] Invoked command in '/home/jetson/robot_ws/build/nav2_costmap_2d' returned '0': AMENT_PREFIX_PATH=/home/jetson/robot_ws/install/nav2_map_server:/home/jetson/robot_ws/install/nav2_lifecycle_manager:/home/jetson/robot_ws/install/nav2_util:/home/jetson/robot_ws/install/nav2_voxel_grid:/home/jetson/robot_ws/install/nav2_msgs:/home/jetson/robot_ws/install/nav2_common:${AMENT_PREFIX_PATH} CMAKE_PREFIX_PATH=/home/jetson/robot_ws/install/nav2_map_server:/home/jetson/robot_ws/install/nav2_lifecycle_manager:/home/jetson/robot_ws/install/nav2_util:/home/jetson/robot_ws/install/nav2_voxel_grid:/home/jetson/robot_ws/install/nav2_msgs:/home/jetson/robot_ws/install/nav2_common:/opt/ros/humble LD_LIBRARY_PATH=/home/jetson/robot_ws/install/nav2_map_server/lib:/home/jetson/robot_ws/install/nav2_lifecycle_manager/lib:/home/jetson/robot_ws/install/nav2_util/lib:/home/jetson/robot_ws/install/nav2_voxel_grid/lib:/home/jetson/robot_ws/install/nav2_msgs/lib:${LD_LIBRARY_PATH} PYTHONPATH=/home/jetson/robot_ws/install/nav2_msgs/local/lib/python3.10/dist-packages:/home/jetson/robot_ws/install/nav2_common/local/lib/python3.10/dist-packages:${PYTHONPATH} /usr/bin/cmake /home/jetson/robot_ws/src/navigation2/nav2_costmap_2d -DCMAKE_INSTALL_PREFIX=/home/jetson/robot_ws/install/nav2_costmap_2d
[5.092s] Invoking command in '/home/jetson/robot_ws/build/nav2_costmap_2d': AMENT_PREFIX_PATH=/home/jetson/robot_ws/install/nav2_map_server:/home/jetson/robot_ws/install/nav2_lifecycle_manager:/home/jetson/robot_ws/install/nav2_util:/home/jetson/robot_ws/install/nav2_voxel_grid:/home/jetson/robot_ws/install/nav2_msgs:/home/jetson/robot_ws/install/nav2_common:${AMENT_PREFIX_PATH} CMAKE_PREFIX_PATH=/home/jetson/robot_ws/install/nav2_map_server:/home/jetson/robot_ws/install/nav2_lifecycle_manager:/home/jetson/robot_ws/install/nav2_util:/home/jetson/robot_ws/install/nav2_voxel_grid:/home/jetson/robot_ws/install/nav2_msgs:/home/jetson/robot_ws/install/nav2_common:/opt/ros/humble LD_LIBRARY_PATH=/home/jetson/robot_ws/install/nav2_map_server/lib:/home/jetson/robot_ws/install/nav2_lifecycle_manager/lib:/home/jetson/robot_ws/install/nav2_util/lib:/home/jetson/robot_ws/install/nav2_voxel_grid/lib:/home/jetson/robot_ws/install/nav2_msgs/lib:${LD_LIBRARY_PATH} PYTHONPATH=/home/jetson/robot_ws/install/nav2_msgs/local/lib/python3.10/dist-packages:/home/jetson/robot_ws/install/nav2_common/local/lib/python3.10/dist-packages:${PYTHONPATH} /usr/bin/cmake --build /home/jetson/robot_ws/build/nav2_costmap_2d -- -j6 -l6
[5.215s] [  1%] [32mBuilding CXX object CMakeFiles/nav2_costmap_2d_core.dir/src/array_parser.cpp.o[0m
[6.337s] [  2%] [32mBuilding CXX object CMakeFiles/nav2_costmap_2d_core.dir/src/layered_costmap.cpp.o[0m
[10.361s] [  3%] [32mBuilding CXX object CMakeFiles/nav2_costmap_2d_core.dir/src/costmap_2d_ros.cpp.o[0m
[11.416s] [  4%] [32mBuilding CXX object CMakeFiles/nav2_costmap_2d_core.dir/src/layer.cpp.o[0m
[12.512s] [  6%] [32mBuilding CXX object CMakeFiles/nav2_costmap_2d_core.dir/src/costmap_2d.cpp.o[0m
[30.297s] [  7%] [32mBuilding CXX object CMakeFiles/nav2_costmap_2d_core.dir/src/footprint.cpp.o[0m
[31.320s] [  8%] [32mBuilding CXX object CMakeFiles/nav2_costmap_2d_core.dir/src/costmap_math.cpp.o[0m
[32.370s] [  9%] [32mBuilding CXX object CMakeFiles/nav2_costmap_2d_core.dir/src/costmap_2d_publisher.cpp.o[0m
[33.167s] [ 10%] [32mBuilding CXX object CMakeFiles/nav2_costmap_2d_core.dir/src/costmap_layer.cpp.o[0m
[65.889s] [ 12%] [32mBuilding CXX object CMakeFiles/nav2_costmap_2d_core.dir/src/footprint_collision_checker.cpp.o[0m
[73.167s] [ 13%] [32mBuilding CXX object CMakeFiles/nav2_costmap_2d_core.dir/plugins/costmap_filters/costmap_filter.cpp.o[0m
[85.220s] [ 14%] [32mBuilding CXX object CMakeFiles/nav2_costmap_2d_core.dir/src/clear_costmap_service.cpp.o[0m
[105.343s] [ 15%] [32mBuilding CXX object CMakeFiles/nav2_costmap_2d_core.dir/src/observation_buffer.cpp.o[0m
[120.185s] [ 17%] [32m[1mLinking CXX shared library libnav2_costmap_2d_core.so[0m
[121.245s] [ 17%] Built target nav2_costmap_2d_core
[121.319s] [ 18%] [32mBuilding CXX object gtest/CMakeFiles/gtest.dir/src/gtest-all.cc.o[0m
[137.934s] [ 19%] [32m[1mLinking CXX static library libgtest.a[0m
[138.019s] [ 19%] Built target gtest
[138.064s] [ 20%] [32mBuilding CXX object CMakeFiles/nav2_costmap_2d_markers.dir/src/costmap_2d_markers.cpp.o[0m
[150.099s] [ 21%] [32mBuilding CXX object CMakeFiles/nav2_costmap_2d_cloud.dir/src/costmap_2d_cloud.cpp.o[0m
[151.138s] [ 23%] [32mBuilding CXX object CMakeFiles/nav2_costmap_2d_client.dir/src/footprint_subscriber.cpp.o[0m
[152.174s] [ 24%] [32mBuilding CXX object CMakeFiles/filters.dir/plugins/costmap_filters/keepout_filter.cpp.o[0m
[153.223s] [ 25%] [32mBuilding CXX object CMakeFiles/layers.dir/plugins/inflation_layer.cpp.o[0m
[153.310s] [ 26%] [32mBuilding CXX object gtest/CMakeFiles/gtest_main.dir/src/gtest_main.cc.o[0m
[156.342s] [ 28%] [32m[1mLinking CXX static library libgtest_main.a[0m
[156.544s] [ 28%] Built target gtest_main
[165.222s] [ 29%] [32mBuilding CXX object CMakeFiles/layers.dir/plugins/static_layer.cpp.o[0m
[167.228s] [ 30%] [32m[1mLinking CXX executable nav2_costmap_2d_markers[0m
[168.097s] [ 30%] Built target nav2_costmap_2d_markers
[179.845s] [ 31%] [32m[1mLinking CXX executable nav2_costmap_2d_cloud[0m
[180.343s] [ 32%] [32mBuilding CXX object CMakeFiles/nav2_costmap_2d_client.dir/src/costmap_subscriber.cpp.o[0m
[180.437s] [ 32%] Built target nav2_costmap_2d_cloud
[188.488s] [ 34%] [32mBuilding CXX object CMakeFiles/filters.dir/plugins/costmap_filters/speed_filter.cpp.o[0m
[200.176s] [ 35%] [32mBuilding CXX object CMakeFiles/layers.dir/plugins/obstacle_layer.cpp.o[0m
[205.734s] [ 36%] [32mBuilding CXX object CMakeFiles/nav2_costmap_2d_client.dir/src/costmap_topic_collision_checker.cpp.o[0m
[214.963s] [ 37%] [32m[1mLinking CXX shared library libnav2_costmap_2d_client.so[0m
[215.981s] [ 37%] Built target nav2_costmap_2d_client
[222.962s] [ 39%] [32mBuilding CXX object CMakeFiles/filters.dir/plugins/costmap_filters/binary_filter.cpp.o[0m
[240.027s] [ 40%] [32mBuilding CXX object CMakeFiles/layers.dir/plugins/voxel_layer.cpp.o[0m
[240.099s] [ 41%] [32mBuilding CXX object test/regression/CMakeFiles/plugin_api_order.dir/plugin_api_order.cpp.o[0m
[241.081s] [ 42%] [32mBuilding CXX object CMakeFiles/layers.dir/src/observation_buffer.cpp.o[0m
[241.195s] [ 43%] [32mBuilding CXX object test/regression/CMakeFiles/order_layer.dir/order_layer.cpp.o[0m
[261.701s] [ 45%] [32m[1mLinking CXX shared library liborder_layer.so[0m
[262.870s] [ 45%] Built target order_layer
[267.480s] [ 46%] [32m[1mLinking CXX executable plugin_api_order[0m
[268.332s] [ 46%] Built target plugin_api_order
[274.051s] [ 47%] [32m[1mLinking CXX shared library libfilters.so[0m
[275.194s] [ 47%] Built target filters
[278.564s] [ 48%] [32mBuilding CXX object CMakeFiles/layers.dir/plugins/denoise_layer.cpp.o[0m
[289.348s] [ 50%] [32mBuilding CXX object CMakeFiles/layers.dir/plugins/range_sensor_layer.cpp.o[0m
[305.385s] [ 51%] [32mBuilding CXX object test/unit/CMakeFiles/costmap_filter_test.dir/costmap_filter_test.cpp.o[0m
[306.417s] [ 52%] [32mBuilding CXX object test/unit/CMakeFiles/declare_parameter_test.dir/declare_parameter_test.cpp.o[0m
[307.552s] [ 53%] [32mBuilding CXX object test/unit/CMakeFiles/costmap_convesion_test.dir/costmap_conversion_test.cpp.o[0m
[308.616s] [ 54%] [32mBuilding CXX object test/unit/CMakeFiles/collision_footprint_test.dir/footprint_collision_checker_test.cpp.o[0m
[309.751s] [ 56%] [32mBuilding CXX object test/unit/CMakeFiles/array_parser_test.dir/array_parser_test.cpp.o[0m
[316.612s] [ 57%] [32m[1mLinking CXX executable array_parser_test[0m
[317.708s] [ 57%] Built target array_parser_test
[319.704s] [ 58%] [32m[1mLinking CXX shared library liblayers.so[0m
[321.726s] [ 58%] Built target layers
[323.092s] [ 59%] [32m[1mLinking CXX executable costmap_filter_test[0m
[324.080s] [ 59%] Built target costmap_filter_test
[325.792s] [ 60%] [32m[1mLinking CXX executable declare_parameter_test[0m
[326.363s] [ 62%] [32m[1mLinking CXX executable costmap_convesion_test[0m
[326.833s] [ 62%] Built target declare_parameter_test
[327.252s] [ 62%] Built target costmap_convesion_test
[327.819s] [ 63%] [32m[1mLinking CXX executable collision_footprint_test[0m
[328.351s] [ 63%] Built target collision_footprint_test
[328.400s] [ 64%] [32mBuilding CXX object test/unit/CMakeFiles/costmap_filter_service_test.dir/costmap_filter_service_test.cpp.o[0m
[341.769s] [ 65%] [32m[1mLinking CXX executable costmap_filter_service_test[0m
[342.350s] [ 65%] Built target costmap_filter_service_test
[342.398s] [ 67%] [32mBuilding CXX object test/unit/CMakeFiles/denoise_layer_test.dir/denoise_layer_test.cpp.o[0m
[350.420s] [ 68%] [32mBuilding CXX object test/integration/CMakeFiles/footprint_tests_exec.dir/footprint_tests.cpp.o[0m
[351.445s] [ 69%] [32mBuilding CXX object test/unit/CMakeFiles/copy_window_test.dir/copy_window_test.cpp.o[0m
[352.571s] [ 70%] [32mBuilding CXX object test/unit/CMakeFiles/binary_filter_test.dir/binary_filter_test.cpp.o[0m
[353.652s] [ 71%] [32mBuilding CXX object test/unit/CMakeFiles/speed_filter_test.dir/speed_filter_test.cpp.o[0m
[354.736s] [ 73%] [32mBuilding CXX object test/unit/CMakeFiles/keepout_filter_test.dir/keepout_filter_test.cpp.o[0m
[359.956s] [ 74%] [32mBuilding CXX object test/unit/CMakeFiles/denoise_layer_test.dir/image_test.cpp.o[0m
[368.884s] [ 75%] [32mBuilding CXX object test/unit/CMakeFiles/denoise_layer_test.dir/image_processing_test.cpp.o[0m
[370.194s] [ 76%] [32m[1mLinking CXX executable copy_window_test[0m
[370.541s] [ 78%] [32m[1mLinking CXX executable footprint_tests_exec[0m
[371.772s] [ 78%] Built target copy_window_test
[371.929s] [ 78%] Built target footprint_tests_exec
[384.453s] [ 79%] [32m[1mLinking CXX executable denoise_layer_test[0m
[386.140s] [ 79%] Built target denoise_layer_test
[390.066s] [ 80%] [32m[1mLinking CXX executable keepout_filter_test[0m
[390.798s] [ 80%] Built target keepout_filter_test
[402.769s] [ 81%] [32m[1mLinking CXX executable binary_filter_test[0m
[403.584s] [ 81%] Built target binary_filter_test
[405.066s] [ 82%] [32m[1mLinking CXX executable speed_filter_test[0m
[405.778s] [ 82%] Built target speed_filter_test
[405.814s] [ 84%] [32mBuilding CXX object test/integration/CMakeFiles/dyn_params_tests.dir/dyn_params_tests.cpp.o[0m
[423.545s] [ 85%] [32m[1mLinking CXX executable dyn_params_tests[0m
[424.322s] [ 85%] Built target dyn_params_tests
[424.444s] [ 86%] [32mBuilding CXX object test/regression/CMakeFiles/costmap_bresenham_2d.dir/costmap_bresenham_2d.cpp.o[0m
[428.127s] [ 87%] [32m[1mLinking CXX executable costmap_bresenham_2d[0m
[428.620s] [ 87%] Built target costmap_bresenham_2d
[428.663s] [ 89%] [32mBuilding CXX object CMakeFiles/nav2_costmap_2d.dir/src/costmap_2d_node.cpp.o[0m
[439.277s] [ 90%] [32m[1mLinking CXX executable nav2_costmap_2d[0m
[439.877s] [ 90%] Built target nav2_costmap_2d
[439.921s] [ 91%] [32mBuilding CXX object test/integration/CMakeFiles/range_tests_exec.dir/range_tests.cpp.o[0m
[439.921s] [ 92%] [32mBuilding CXX object test/integration/CMakeFiles/obstacle_tests_exec.dir/obstacle_tests.cpp.o[0m
[463.580s] [ 93%] [32m[1mLinking CXX executable range_tests_exec[0m
[464.651s] [ 93%] Built target range_tests_exec
[468.493s] [ 95%] [32m[1mLinking CXX executable obstacle_tests_exec[0m
[469.183s] [ 95%] Built target obstacle_tests_exec
[469.233s] [ 96%] [32mBuilding CXX object test/integration/CMakeFiles/inflation_tests_exec.dir/inflation_tests.cpp.o[0m
[495.833s] [ 97%] [32m[1mLinking CXX executable inflation_tests_exec[0m
[496.567s] [ 97%] Built target inflation_tests_exec
[496.610s] [ 98%] [32mBuilding CXX object test/integration/CMakeFiles/test_collision_checker_exec.dir/test_costmap_topic_collision_checker.cpp.o[0m
[522.341s] [100%] [32m[1mLinking CXX executable test_collision_checker_exec[0m
[523.325s] [100%] Built target test_collision_checker_exec
[523.351s] Invoked command in '/home/jetson/robot_ws/build/nav2_costmap_2d' returned '0': AMENT_PREFIX_PATH=/home/jetson/robot_ws/install/nav2_map_server:/home/jetson/robot_ws/install/nav2_lifecycle_manager:/home/jetson/robot_ws/install/nav2_util:/home/jetson/robot_ws/install/nav2_voxel_grid:/home/jetson/robot_ws/install/nav2_msgs:/home/jetson/robot_ws/install/nav2_common:${AMENT_PREFIX_PATH} CMAKE_PREFIX_PATH=/home/jetson/robot_ws/install/nav2_map_server:/home/jetson/robot_ws/install/nav2_lifecycle_manager:/home/jetson/robot_ws/install/nav2_util:/home/jetson/robot_ws/install/nav2_voxel_grid:/home/jetson/robot_ws/install/nav2_msgs:/home/jetson/robot_ws/install/nav2_common:/opt/ros/humble LD_LIBRARY_PATH=/home/jetson/robot_ws/install/nav2_map_server/lib:/home/jetson/robot_ws/install/nav2_lifecycle_manager/lib:/home/jetson/robot_ws/install/nav2_util/lib:/home/jetson/robot_ws/install/nav2_voxel_grid/lib:/home/jetson/robot_ws/install/nav2_msgs/lib:${LD_LIBRARY_PATH} PYTHONPATH=/home/jetson/robot_ws/install/nav2_msgs/local/lib/python3.10/dist-packages:/home/jetson/robot_ws/install/nav2_common/local/lib/python3.10/dist-packages:${PYTHONPATH} /usr/bin/cmake --build /home/jetson/robot_ws/build/nav2_costmap_2d -- -j6 -l6
[523.354s] Invoking command in '/home/jetson/robot_ws/build/nav2_costmap_2d': AMENT_PREFIX_PATH=/home/jetson/robot_ws/install/nav2_map_server:/home/jetson/robot_ws/install/nav2_lifecycle_manager:/home/jetson/robot_ws/install/nav2_util:/home/jetson/robot_ws/install/nav2_voxel_grid:/home/jetson/robot_ws/install/nav2_msgs:/home/jetson/robot_ws/install/nav2_common:${AMENT_PREFIX_PATH} CMAKE_PREFIX_PATH=/home/jetson/robot_ws/install/nav2_map_server:/home/jetson/robot_ws/install/nav2_lifecycle_manager:/home/jetson/robot_ws/install/nav2_util:/home/jetson/robot_ws/install/nav2_voxel_grid:/home/jetson/robot_ws/install/nav2_msgs:/home/jetson/robot_ws/install/nav2_common:/opt/ros/humble LD_LIBRARY_PATH=/home/jetson/robot_ws/install/nav2_map_server/lib:/home/jetson/robot_ws/install/nav2_lifecycle_manager/lib:/home/jetson/robot_ws/install/nav2_util/lib:/home/jetson/robot_ws/install/nav2_voxel_grid/lib:/home/jetson/robot_ws/install/nav2_msgs/lib:${LD_LIBRARY_PATH} PYTHONPATH=/home/jetson/robot_ws/install/nav2_msgs/local/lib/python3.10/dist-packages:/home/jetson/robot_ws/install/nav2_common/local/lib/python3.10/dist-packages:${PYTHONPATH} /usr/bin/cmake --install /home/jetson/robot_ws/build/nav2_costmap_2d
[523.367s] -- Install configuration: "Release"
[523.368s] -- Installing: /home/jetson/robot_ws/install/nav2_costmap_2d/lib/liblayers.so
[523.376s] -- Set runtime path of "/home/jetson/robot_ws/install/nav2_costmap_2d/lib/liblayers.so" to ""
[523.376s] -- Installing: /home/jetson/robot_ws/install/nav2_costmap_2d/lib/libfilters.so
[523.380s] -- Set runtime path of "/home/jetson/robot_ws/install/nav2_costmap_2d/lib/libfilters.so" to ""
[523.381s] -- Installing: /home/jetson/robot_ws/install/nav2_costmap_2d/lib/libnav2_costmap_2d_core.so
[523.386s] -- Set runtime path of "/home/jetson/robot_ws/install/nav2_costmap_2d/lib/libnav2_costmap_2d_core.so" to ""
[523.386s] -- Installing: /home/jetson/robot_ws/install/nav2_costmap_2d/lib/libnav2_costmap_2d_client.so
[523.390s] -- Set runtime path of "/home/jetson/robot_ws/install/nav2_costmap_2d/lib/libnav2_costmap_2d_client.so" to ""
[523.391s] -- Installing: /home/jetson/robot_ws/install/nav2_costmap_2d/lib/nav2_costmap_2d/nav2_costmap_2d_markers
[523.394s] -- Set runtime path of "/home/jetson/robot_ws/install/nav2_costmap_2d/lib/nav2_costmap_2d/nav2_costmap_2d_markers" to ""
[523.394s] -- Installing: /home/jetson/robot_ws/install/nav2_costmap_2d/lib/nav2_costmap_2d/nav2_costmap_2d_cloud
[523.396s] -- Set runtime path of "/home/jetson/robot_ws/install/nav2_costmap_2d/lib/nav2_costmap_2d/nav2_costmap_2d_cloud" to ""
[523.396s] -- Installing: /home/jetson/robot_ws/install/nav2_costmap_2d/lib/nav2_costmap_2d/nav2_costmap_2d
[523.396s] -- Set runtime path of "/home/jetson/robot_ws/install/nav2_costmap_2d/lib/nav2_costmap_2d/nav2_costmap_2d" to ""
[523.397s] -- Installing: /home/jetson/robot_ws/install/nav2_costmap_2d/share/nav2_costmap_2d/costmap_plugins.xml
[523.397s] -- Installing: /home/jetson/robot_ws/install/nav2_costmap_2d/include/nav2_costmap_2d
[523.397s] -- Installing: /home/jetson/robot_ws/install/nav2_costmap_2d/include/nav2_costmap_2d/nav2_costmap_2d
[523.397s] -- Installing: /home/jetson/robot_ws/install/nav2_costmap_2d/include/nav2_costmap_2d/nav2_costmap_2d/footprint.hpp
[523.398s] -- Installing: /home/jetson/robot_ws/install/nav2_costmap_2d/include/nav2_costmap_2d/nav2_costmap_2d/costmap_topic_collision_checker.hpp
[523.398s] -- Installing: /home/jetson/robot_ws/install/nav2_costmap_2d/include/nav2_costmap_2d/nav2_costmap_2d/layered_costmap.hpp
[523.398s] -- Installing: /home/jetson/robot_ws/install/nav2_costmap_2d/include/nav2_costmap_2d/nav2_costmap_2d/denoise
[523.398s] -- Installing: /home/jetson/robot_ws/install/nav2_costmap_2d/include/nav2_costmap_2d/nav2_costmap_2d/denoise/image_processing.hpp
[523.398s] -- Installing: /home/jetson/robot_ws/install/nav2_costmap_2d/include/nav2_costmap_2d/nav2_costmap_2d/denoise/image.hpp
[523.398s] -- Installing: /home/jetson/robot_ws/install/nav2_costmap_2d/include/nav2_costmap_2d/nav2_costmap_2d/obstacle_layer.hpp
[523.399s] -- Installing: /home/jetson/robot_ws/install/nav2_costmap_2d/include/nav2_costmap_2d/nav2_costmap_2d/static_layer.hpp
[523.399s] -- Installing: /home/jetson/robot_ws/install/nav2_costmap_2d/include/nav2_costmap_2d/nav2_costmap_2d/cost_values.hpp
[523.399s] -- Installing: /home/jetson/robot_ws/install/nav2_costmap_2d/include/nav2_costmap_2d/nav2_costmap_2d/costmap_math.hpp
[523.399s] -- Installing: /home/jetson/robot_ws/install/nav2_costmap_2d/include/nav2_costmap_2d/nav2_costmap_2d/voxel_layer.hpp
[523.399s] -- Installing: /home/jetson/robot_ws/install/nav2_costmap_2d/include/nav2_costmap_2d/nav2_costmap_2d/costmap_subscriber.hpp
[523.400s] -- Installing: /home/jetson/robot_ws/install/nav2_costmap_2d/include/nav2_costmap_2d/nav2_costmap_2d/costmap_filters
[523.400s] -- Installing: /home/jetson/robot_ws/install/nav2_costmap_2d/include/nav2_costmap_2d/nav2_costmap_2d/costmap_filters/filter_values.hpp
[523.400s] -- Installing: /home/jetson/robot_ws/install/nav2_costmap_2d/include/nav2_costmap_2d/nav2_costmap_2d/costmap_filters/costmap_filter.hpp
[523.400s] -- Installing: /home/jetson/robot_ws/install/nav2_costmap_2d/include/nav2_costmap_2d/nav2_costmap_2d/costmap_filters/speed_filter.hpp
[523.400s] -- Installing: /home/jetson/robot_ws/install/nav2_costmap_2d/include/nav2_costmap_2d/nav2_costmap_2d/costmap_filters/keepout_filter.hpp
[523.400s] -- Installing: /home/jetson/robot_ws/install/nav2_costmap_2d/include/nav2_costmap_2d/nav2_costmap_2d/costmap_filters/binary_filter.hpp
[523.401s] -- Installing: /home/jetson/robot_ws/install/nav2_costmap_2d/include/nav2_costmap_2d/nav2_costmap_2d/costmap_2d.hpp
[523.401s] -- Installing: /home/jetson/robot_ws/install/nav2_costmap_2d/include/nav2_costmap_2d/nav2_costmap_2d/layer.hpp
[523.401s] -- Installing: /home/jetson/robot_ws/install/nav2_costmap_2d/include/nav2_costmap_2d/nav2_costmap_2d/range_sensor_layer.hpp
[523.401s] -- Installing: /home/jetson/robot_ws/install/nav2_costmap_2d/include/nav2_costmap_2d/nav2_costmap_2d/denoise_layer.hpp
[523.401s] -- Installing: /home/jetson/robot_ws/install/nav2_costmap_2d/include/nav2_costmap_2d/nav2_costmap_2d/observation.hpp
[523.402s] -- Installing: /home/jetson/robot_ws/install/nav2_costmap_2d/include/nav2_costmap_2d/nav2_costmap_2d/observation_buffer.hpp
[523.402s] -- Installing: /home/jetson/robot_ws/install/nav2_costmap_2d/include/nav2_costmap_2d/nav2_costmap_2d/exceptions.hpp
[523.402s] -- Installing: /home/jetson/robot_ws/install/nav2_costmap_2d/include/nav2_costmap_2d/nav2_costmap_2d/inflation_layer.hpp
[523.402s] -- Installing: /home/jetson/robot_ws/install/nav2_costmap_2d/include/nav2_costmap_2d/nav2_costmap_2d/footprint_subscriber.hpp
[523.402s] -- Installing: /home/jetson/robot_ws/install/nav2_costmap_2d/include/nav2_costmap_2d/nav2_costmap_2d/costmap_2d_ros.hpp
[523.402s] -- Installing: /home/jetson/robot_ws/install/nav2_costmap_2d/include/nav2_costmap_2d/nav2_costmap_2d/costmap_2d_publisher.hpp
[523.403s] -- Installing: /home/jetson/robot_ws/install/nav2_costmap_2d/include/nav2_costmap_2d/nav2_costmap_2d/clear_costmap_service.hpp
[523.403s] -- Installing: /home/jetson/robot_ws/install/nav2_costmap_2d/include/nav2_costmap_2d/nav2_costmap_2d/costmap_layer.hpp
[523.403s] -- Installing: /home/jetson/robot_ws/install/nav2_costmap_2d/include/nav2_costmap_2d/nav2_costmap_2d/array_parser.hpp
[523.403s] -- Installing: /home/jetson/robot_ws/install/nav2_costmap_2d/include/nav2_costmap_2d/nav2_costmap_2d/footprint_collision_checker.hpp
[523.403s] -- Installing: /home/jetson/robot_ws/install/nav2_costmap_2d/share/nav2_costmap_2d/test/regression/order_layer.xml
[523.404s] -- Installing: /home/jetson/robot_ws/install/nav2_costmap_2d/share/nav2_costmap_2d/environment/library_path.sh
[523.404s] -- Installing: /home/jetson/robot_ws/install/nav2_costmap_2d/share/nav2_costmap_2d/environment/library_path.dsv
[523.404s] -- Up-to-date: /home/jetson/robot_ws/install/nav2_costmap_2d/share/nav2_costmap_2d/costmap_plugins.xml
[523.405s] -- Installing: /home/jetson/robot_ws/install/nav2_costmap_2d/share/ament_index/resource_index/package_run_dependencies/nav2_costmap_2d
[523.405s] -- Installing: /home/jetson/robot_ws/install/nav2_costmap_2d/share/ament_index/resource_index/parent_prefix_path/nav2_costmap_2d
[523.405s] -- Installing: /home/jetson/robot_ws/install/nav2_costmap_2d/share/nav2_costmap_2d/environment/ament_prefix_path.sh
[523.405s] -- Installing: /home/jetson/robot_ws/install/nav2_costmap_2d/share/nav2_costmap_2d/environment/ament_prefix_path.dsv
[523.405s] -- Installing: /home/jetson/robot_ws/install/nav2_costmap_2d/share/nav2_costmap_2d/environment/path.sh
[523.406s] -- Installing: /home/jetson/robot_ws/install/nav2_costmap_2d/share/nav2_costmap_2d/environment/path.dsv
[523.406s] -- Installing: /home/jetson/robot_ws/install/nav2_costmap_2d/share/nav2_costmap_2d/local_setup.bash
[523.406s] -- Installing: /home/jetson/robot_ws/install/nav2_costmap_2d/share/nav2_costmap_2d/local_setup.sh
[523.406s] -- Installing: /home/jetson/robot_ws/install/nav2_costmap_2d/share/nav2_costmap_2d/local_setup.zsh
[523.407s] -- Installing: /home/jetson/robot_ws/install/nav2_costmap_2d/share/nav2_costmap_2d/local_setup.dsv
[523.407s] -- Installing: /home/jetson/robot_ws/install/nav2_costmap_2d/share/nav2_costmap_2d/package.dsv
[523.407s] -- Installing: /home/jetson/robot_ws/install/nav2_costmap_2d/share/ament_index/resource_index/packages/nav2_costmap_2d
[523.407s] -- Installing: /home/jetson/robot_ws/install/nav2_costmap_2d/share/ament_index/resource_index/nav2_costmap_2d__pluginlib__plugin/nav2_costmap_2d
[523.408s] -- Installing: /home/jetson/robot_ws/install/nav2_costmap_2d/share/nav2_costmap_2d/cmake/export_nav2_costmap_2dExport.cmake
[523.408s] -- Installing: /home/jetson/robot_ws/install/nav2_costmap_2d/share/nav2_costmap_2d/cmake/export_nav2_costmap_2dExport-release.cmake
[523.408s] -- Installing: /home/jetson/robot_ws/install/nav2_costmap_2d/share/nav2_costmap_2d/cmake/ament_cmake_export_targets-extras.cmake
[523.408s] -- Installing: /home/jetson/robot_ws/install/nav2_costmap_2d/share/nav2_costmap_2d/cmake/ament_cmake_export_dependencies-extras.cmake
[523.409s] -- Installing: /home/jetson/robot_ws/install/nav2_costmap_2d/share/nav2_costmap_2d/cmake/nav2_costmap_2dConfig.cmake
[523.409s] -- Installing: /home/jetson/robot_ws/install/nav2_costmap_2d/share/nav2_costmap_2d/cmake/nav2_costmap_2dConfig-version.cmake
[523.409s] -- Installing: /home/jetson/robot_ws/install/nav2_costmap_2d/share/nav2_costmap_2d/package.xml
[523.410s] -- Installing: /home/jetson/robot_ws/install/nav2_costmap_2d/lib/liborder_layer.so
[523.411s] -- Set runtime path of "/home/jetson/robot_ws/install/nav2_costmap_2d/lib/liborder_layer.so" to ""
[523.416s] Invoked command in '/home/jetson/robot_ws/build/nav2_costmap_2d' returned '0': AMENT_PREFIX_PATH=/home/jetson/robot_ws/install/nav2_map_server:/home/jetson/robot_ws/install/nav2_lifecycle_manager:/home/jetson/robot_ws/install/nav2_util:/home/jetson/robot_ws/install/nav2_voxel_grid:/home/jetson/robot_ws/install/nav2_msgs:/home/jetson/robot_ws/install/nav2_common:${AMENT_PREFIX_PATH} CMAKE_PREFIX_PATH=/home/jetson/robot_ws/install/nav2_map_server:/home/jetson/robot_ws/install/nav2_lifecycle_manager:/home/jetson/robot_ws/install/nav2_util:/home/jetson/robot_ws/install/nav2_voxel_grid:/home/jetson/robot_ws/install/nav2_msgs:/home/jetson/robot_ws/install/nav2_common:/opt/ros/humble LD_LIBRARY_PATH=/home/jetson/robot_ws/install/nav2_map_server/lib:/home/jetson/robot_ws/install/nav2_lifecycle_manager/lib:/home/jetson/robot_ws/install/nav2_util/lib:/home/jetson/robot_ws/install/nav2_voxel_grid/lib:/home/jetson/robot_ws/install/nav2_msgs/lib:${LD_LIBRARY_PATH} PYTHONPATH=/home/jetson/robot_ws/install/nav2_msgs/local/lib/python3.10/dist-packages:/home/jetson/robot_ws/install/nav2_common/local/lib/python3.10/dist-packages:${PYTHONPATH} /usr/bin/cmake --install /home/jetson/robot_ws/build/nav2_costmap_2d
