[0.033s] Invoking command in '/home/jetson/robot_ws/build/nav2_amcl': AMENT_PREFIX_PATH=/home/jetson/robot_ws/install/nav2_util:/home/jetson/robot_ws/install/nav2_msgs:/home/jetson/robot_ws/install/nav2_common:${AMENT_PREFIX_PATH} CMAKE_PREFIX_PATH=/home/jetson/robot_ws/install/nav2_util:/home/jetson/robot_ws/install/nav2_msgs:/home/jetson/robot_ws/install/nav2_common:/opt/ros/humble LD_LIBRARY_PATH=/home/jetson/robot_ws/install/nav2_util/lib:/home/jetson/robot_ws/install/nav2_msgs/lib:${LD_LIBRARY_PATH} PYTHONPATH=/home/jetson/robot_ws/install/nav2_msgs/local/lib/python3.10/dist-packages:/home/jetson/robot_ws/install/nav2_common/local/lib/python3.10/dist-packages:${PYTHONPATH} /usr/bin/cmake /home/jetson/robot_ws/src/navigation2/nav2_amcl -DCMAKE_INSTALL_PREFIX=/home/jetson/robot_ws/install/nav2_amcl
[0.158s] -- The C compiler identification is GNU 11.4.0
[0.286s] -- The CXX compiler identification is GNU 11.4.0
[0.299s] -- Detecting C compiler ABI info
[0.427s] -- Detecting C compiler ABI info - done
[0.448s] -- Check for working C compiler: /usr/bin/cc - skipped
[0.448s] -- Detecting C compile features
[0.449s] -- Detecting C compile features - done
[0.458s] -- Detecting CXX compiler ABI info
[0.650s] -- Detecting CXX compiler ABI info - done
[0.662s] -- Check for working CXX compiler: /usr/bin/c++ - skipped
[0.663s] -- Detecting CXX compile features
[0.664s] -- Detecting CXX compile features - done
[0.671s] -- Found ament_cmake: 1.3.12 (/opt/ros/humble/share/ament_cmake/cmake)
[1.111s] -- Found Python3: /usr/bin/python3 (found version "3.10.12") found components: Interpreter 
[1.329s] -- Found nav2_common: 1.1.20 (/home/jetson/robot_ws/install/nav2_common/share/nav2_common/cmake)
[1.332s] -- Found rclcpp: 16.0.15 (/opt/ros/humble/share/rclcpp/cmake)
[1.405s] -- Found rosidl_generator_c: 3.1.7 (/opt/ros/humble/share/rosidl_generator_c/cmake)
[1.414s] -- Found rosidl_adapter: 3.1.7 (/opt/ros/humble/share/rosidl_adapter/cmake)
[1.428s] -- Found rosidl_generator_cpp: 3.1.7 (/opt/ros/humble/share/rosidl_generator_cpp/cmake)
[1.450s] -- Using all available rosidl_typesupport_c: rosidl_typesupport_fastrtps_c;rosidl_typesupport_introspection_c
[1.478s] -- Using all available rosidl_typesupport_cpp: rosidl_typesupport_fastrtps_cpp;rosidl_typesupport_introspection_cpp
[1.561s] -- Found rmw_implementation_cmake: 6.1.2 (/opt/ros/humble/share/rmw_implementation_cmake/cmake)
[1.565s] -- Found rmw_fastrtps_cpp: 6.2.9 (/opt/ros/humble/share/rmw_fastrtps_cpp/cmake)
[1.764s] -- Found OpenSSL: /usr/lib/aarch64-linux-gnu/libcrypto.so (found version "3.0.2")  
[1.822s] -- Found FastRTPS: /opt/ros/humble/include  
[1.896s] -- Using RMW implementation 'rmw_fastrtps_cpp' as default
[1.913s] -- Looking for pthread.h
[2.092s] -- Looking for pthread.h - found
[2.092s] -- Performing Test CMAKE_HAVE_LIBC_PTHREAD
[2.251s] -- Performing Test CMAKE_HAVE_LIBC_PTHREAD - Success
[2.253s] -- Found Threads: TRUE  
[2.346s] -- Found rclcpp_lifecycle: 16.0.15 (/opt/ros/humble/share/rclcpp_lifecycle/cmake)
[2.381s] -- Found rclcpp_components: 16.0.15 (/opt/ros/humble/share/rclcpp_components/cmake)
[2.431s] -- Found message_filters: 4.3.11 (/opt/ros/humble/share/message_filters/cmake)
[2.438s] -- Found tf2_geometry_msgs: 0.25.16 (/opt/ros/humble/share/tf2_geometry_msgs/cmake)
[2.487s] -- Found eigen3_cmake_module: 0.1.1 (/opt/ros/humble/share/eigen3_cmake_module/cmake)
[2.490s] -- Found Eigen3: TRUE (found version "3.4.0") 
[2.490s] -- Ensuring Eigen3 include directory is part of orocos-kdl CMake target
[2.615s] -- Found nav_msgs: 4.9.0 (/opt/ros/humble/share/nav_msgs/cmake)
[2.646s] -- Found sensor_msgs: 4.9.0 (/opt/ros/humble/share/sensor_msgs/cmake)
[2.681s] -- Found std_srvs: 4.9.0 (/opt/ros/humble/share/std_srvs/cmake)
[2.700s] -- Found nav2_util: 1.1.20 (/home/jetson/robot_ws/install/nav2_util/share/nav2_util/cmake)
[2.810s] -- Found pluginlib: 5.1.2 (/opt/ros/humble/share/pluginlib/cmake)
[2.837s] -- Setting build type to Release as none was specified.
[2.840s] -- Looking for drand48
[3.061s] -- Looking for drand48 - found
[3.286s] -- Found ament_lint_auto: 0.12.14 (/opt/ros/humble/share/ament_lint_auto/cmake)
[3.456s] -- Added test 'cppcheck' to perform static code analysis on C / C++ code
[3.457s] -- Configured cppcheck include dirs: /home/jetson/robot_ws/src/navigation2/nav2_amcl/include;/home/jetson/robot_ws/src/navigation2/nav2_amcl/src/include
[3.457s] -- Configured cppcheck exclude dirs and/or files: 
[3.460s] -- Added test 'lint_cmake' to check CMake code style
[3.466s] -- Added test 'uncrustify' to check C / C++ code style
[3.466s] -- Configured uncrustify additional arguments: 
[3.467s] -- Added test 'xmllint' to check XML markup files
[3.474s] -- Configuring done
[3.685s] -- Generating done
[3.777s] -- Build files have been written to: /home/jetson/robot_ws/build/nav2_amcl
[3.925s] Invoked command in '/home/jetson/robot_ws/build/nav2_amcl' returned '0': AMENT_PREFIX_PATH=/home/jetson/robot_ws/install/nav2_util:/home/jetson/robot_ws/install/nav2_msgs:/home/jetson/robot_ws/install/nav2_common:${AMENT_PREFIX_PATH} CMAKE_PREFIX_PATH=/home/jetson/robot_ws/install/nav2_util:/home/jetson/robot_ws/install/nav2_msgs:/home/jetson/robot_ws/install/nav2_common:/opt/ros/humble LD_LIBRARY_PATH=/home/jetson/robot_ws/install/nav2_util/lib:/home/jetson/robot_ws/install/nav2_msgs/lib:${LD_LIBRARY_PATH} PYTHONPATH=/home/jetson/robot_ws/install/nav2_msgs/local/lib/python3.10/dist-packages:/home/jetson/robot_ws/install/nav2_common/local/lib/python3.10/dist-packages:${PYTHONPATH} /usr/bin/cmake /home/jetson/robot_ws/src/navigation2/nav2_amcl -DCMAKE_INSTALL_PREFIX=/home/jetson/robot_ws/install/nav2_amcl
[3.926s] Invoking command in '/home/jetson/robot_ws/build/nav2_amcl': AMENT_PREFIX_PATH=/home/jetson/robot_ws/install/nav2_util:/home/jetson/robot_ws/install/nav2_msgs:/home/jetson/robot_ws/install/nav2_common:${AMENT_PREFIX_PATH} CMAKE_PREFIX_PATH=/home/jetson/robot_ws/install/nav2_util:/home/jetson/robot_ws/install/nav2_msgs:/home/jetson/robot_ws/install/nav2_common:/opt/ros/humble LD_LIBRARY_PATH=/home/jetson/robot_ws/install/nav2_util/lib:/home/jetson/robot_ws/install/nav2_msgs/lib:${LD_LIBRARY_PATH} PYTHONPATH=/home/jetson/robot_ws/install/nav2_msgs/local/lib/python3.10/dist-packages:/home/jetson/robot_ws/install/nav2_common/local/lib/python3.10/dist-packages:${PYTHONPATH} /usr/bin/cmake --build /home/jetson/robot_ws/build/nav2_amcl -- -j6 -l6
[4.600s] [  4%] [32mBuilding C object src/map/CMakeFiles/map_lib.dir/map.c.o[0m
[4.601s] [  8%] [32mBuilding C object src/pf/CMakeFiles/pf_lib.dir/pf.c.o[0m
[4.601s] [ 12%] [32mBuilding C object src/map/CMakeFiles/map_lib.dir/map_draw.c.o[0m
[4.601s] [ 20%] [32mBuilding C object src/pf/CMakeFiles/pf_lib.dir/pf_kdtree.c.o[0m
[4.601s] [ 20%] [32mBuilding CXX object src/map/CMakeFiles/map_lib.dir/map_cspace.cpp.o[0m
[4.601s] [ 25%] [32mBuilding C object src/map/CMakeFiles/map_lib.dir/map_range.c.o[0m
[4.601s] [ 29%] [32mBuilding C object src/pf/CMakeFiles/pf_lib.dir/pf_pdf.c.o[0m
[4.650s] [ 33%] [32mBuilding C object src/pf/CMakeFiles/pf_lib.dir/pf_vector.c.o[0m
[5.662s] [ 37%] [32mBuilding C object src/pf/CMakeFiles/pf_lib.dir/eig3.c.o[0m
[5.689s] [ 41%] [32mBuilding C object src/pf/CMakeFiles/pf_lib.dir/pf_draw.c.o[0m
[6.591s] [ 45%] [32m[1mLinking C shared library libpf_lib.so[0m
[6.911s] [ 45%] Built target pf_lib
[6.948s] [ 50%] [32m[1mLinking CXX shared library libmap_lib.so[0m
[7.095s] [ 54%] [32mBuilding CXX object src/motion_model/CMakeFiles/motions_lib.dir/omni_motion_model.cpp.o[0m
[7.114s] [ 58%] [32mBuilding CXX object src/motion_model/CMakeFiles/motions_lib.dir/differential_motion_model.cpp.o[0m
[7.633s] [ 58%] Built target map_lib
[7.918s] [ 62%] [32mBuilding CXX object src/sensors/CMakeFiles/sensors_lib.dir/laser/beam_model.cpp.o[0m
[7.960s] [ 66%] [32mBuilding CXX object src/sensors/CMakeFiles/sensors_lib.dir/laser/laser.cpp.o[0m
[10.173s] [ 70%] [32mBuilding CXX object src/sensors/CMakeFiles/sensors_lib.dir/laser/likelihood_field_model_prob.cpp.o[0m
[12.014s] [ 75%] [32mBuilding CXX object src/sensors/CMakeFiles/sensors_lib.dir/laser/likelihood_field_model.cpp.o[0m
[13.337s] [ 79%] [32m[1mLinking CXX shared library libmotions_lib.so[0m
[13.498s] [ 83%] [32m[1mLinking CXX shared library libsensors_lib.so[0m
[13.908s] [ 83%] Built target sensors_lib
[14.080s] [ 83%] Built target motions_lib
[14.274s] [ 87%] [32mBuilding CXX object CMakeFiles/amcl_core.dir/src/amcl_node.cpp.o[0m
[115.037s] [ 91%] [32m[1mLinking CXX shared library libamcl_core.so[0m
[115.916s] [ 91%] Built target amcl_core
[115.979s] [ 95%] [32mBuilding CXX object CMakeFiles/amcl.dir/src/main.cpp.o[0m
[127.130s] [100%] [32m[1mLinking CXX executable amcl[0m
[127.753s] [100%] Built target amcl
[127.785s] Invoked command in '/home/jetson/robot_ws/build/nav2_amcl' returned '0': AMENT_PREFIX_PATH=/home/jetson/robot_ws/install/nav2_util:/home/jetson/robot_ws/install/nav2_msgs:/home/jetson/robot_ws/install/nav2_common:${AMENT_PREFIX_PATH} CMAKE_PREFIX_PATH=/home/jetson/robot_ws/install/nav2_util:/home/jetson/robot_ws/install/nav2_msgs:/home/jetson/robot_ws/install/nav2_common:/opt/ros/humble LD_LIBRARY_PATH=/home/jetson/robot_ws/install/nav2_util/lib:/home/jetson/robot_ws/install/nav2_msgs/lib:${LD_LIBRARY_PATH} PYTHONPATH=/home/jetson/robot_ws/install/nav2_msgs/local/lib/python3.10/dist-packages:/home/jetson/robot_ws/install/nav2_common/local/lib/python3.10/dist-packages:${PYTHONPATH} /usr/bin/cmake --build /home/jetson/robot_ws/build/nav2_amcl -- -j6 -l6
[127.787s] Invoking command in '/home/jetson/robot_ws/build/nav2_amcl': AMENT_PREFIX_PATH=/home/jetson/robot_ws/install/nav2_util:/home/jetson/robot_ws/install/nav2_msgs:/home/jetson/robot_ws/install/nav2_common:${AMENT_PREFIX_PATH} CMAKE_PREFIX_PATH=/home/jetson/robot_ws/install/nav2_util:/home/jetson/robot_ws/install/nav2_msgs:/home/jetson/robot_ws/install/nav2_common:/opt/ros/humble LD_LIBRARY_PATH=/home/jetson/robot_ws/install/nav2_util/lib:/home/jetson/robot_ws/install/nav2_msgs/lib:${LD_LIBRARY_PATH} PYTHONPATH=/home/jetson/robot_ws/install/nav2_msgs/local/lib/python3.10/dist-packages:/home/jetson/robot_ws/install/nav2_common/local/lib/python3.10/dist-packages:${PYTHONPATH} /usr/bin/cmake --install /home/jetson/robot_ws/build/nav2_amcl
[127.805s] -- Install configuration: "Release"
[127.806s] -- Installing: /home/jetson/robot_ws/install/nav2_amcl/lib/libamcl_core.so
[127.811s] -- Set runtime path of "/home/jetson/robot_ws/install/nav2_amcl/lib/libamcl_core.so" to ""
[127.811s] -- Installing: /home/jetson/robot_ws/install/nav2_amcl/lib/nav2_amcl/amcl
[127.812s] -- Set runtime path of "/home/jetson/robot_ws/install/nav2_amcl/lib/nav2_amcl/amcl" to ""
[127.812s] -- Installing: /home/jetson/robot_ws/install/nav2_amcl/include/
[127.812s] -- Installing: /home/jetson/robot_ws/install/nav2_amcl/include//nav2_amcl
[127.812s] -- Installing: /home/jetson/robot_ws/install/nav2_amcl/include//nav2_amcl/amcl_node.hpp
[127.812s] -- Installing: /home/jetson/robot_ws/install/nav2_amcl/include//nav2_amcl/map
[127.812s] -- Installing: /home/jetson/robot_ws/install/nav2_amcl/include//nav2_amcl/map/map.hpp
[127.812s] -- Installing: /home/jetson/robot_ws/install/nav2_amcl/include//nav2_amcl/portable_utils.hpp
[127.814s] -- Installing: /home/jetson/robot_ws/install/nav2_amcl/include//nav2_amcl/motion_model
[127.814s] -- Installing: /home/jetson/robot_ws/install/nav2_amcl/include//nav2_amcl/motion_model/omni_motion_model.hpp
[127.814s] -- Installing: /home/jetson/robot_ws/install/nav2_amcl/include//nav2_amcl/motion_model/differential_motion_model.hpp
[127.814s] -- Installing: /home/jetson/robot_ws/install/nav2_amcl/include//nav2_amcl/motion_model/motion_model.hpp
[127.815s] -- Installing: /home/jetson/robot_ws/install/nav2_amcl/include//nav2_amcl/pf
[127.815s] -- Installing: /home/jetson/robot_ws/install/nav2_amcl/include//nav2_amcl/pf/eig3.hpp
[127.815s] -- Installing: /home/jetson/robot_ws/install/nav2_amcl/include//nav2_amcl/pf/pf.hpp
[127.816s] -- Installing: /home/jetson/robot_ws/install/nav2_amcl/include//nav2_amcl/pf/pf_vector.hpp
[127.816s] -- Installing: /home/jetson/robot_ws/install/nav2_amcl/include//nav2_amcl/pf/pf_kdtree.hpp
[127.816s] -- Installing: /home/jetson/robot_ws/install/nav2_amcl/include//nav2_amcl/pf/pf_pdf.hpp
[127.816s] -- Installing: /home/jetson/robot_ws/install/nav2_amcl/include//nav2_amcl/angleutils.hpp
[127.818s] -- Installing: /home/jetson/robot_ws/install/nav2_amcl/include//nav2_amcl/sensors
[127.818s] -- Installing: /home/jetson/robot_ws/install/nav2_amcl/include//nav2_amcl/sensors/laser
[127.818s] -- Installing: /home/jetson/robot_ws/install/nav2_amcl/include//nav2_amcl/sensors/laser/laser.hpp
[127.818s] -- Installing: /home/jetson/robot_ws/install/nav2_amcl/share/nav2_amcl/environment/library_path.sh
[127.818s] -- Installing: /home/jetson/robot_ws/install/nav2_amcl/share/nav2_amcl/environment/library_path.dsv
[127.818s] -- Installing: /home/jetson/robot_ws/install/nav2_amcl/share/nav2_amcl/plugins.xml
[127.818s] -- Installing: /home/jetson/robot_ws/install/nav2_amcl/share/ament_index/resource_index/package_run_dependencies/nav2_amcl
[127.819s] -- Installing: /home/jetson/robot_ws/install/nav2_amcl/share/ament_index/resource_index/parent_prefix_path/nav2_amcl
[127.819s] -- Installing: /home/jetson/robot_ws/install/nav2_amcl/share/nav2_amcl/environment/ament_prefix_path.sh
[127.819s] -- Installing: /home/jetson/robot_ws/install/nav2_amcl/share/nav2_amcl/environment/ament_prefix_path.dsv
[127.819s] -- Installing: /home/jetson/robot_ws/install/nav2_amcl/share/nav2_amcl/environment/path.sh
[127.819s] -- Installing: /home/jetson/robot_ws/install/nav2_amcl/share/nav2_amcl/environment/path.dsv
[127.820s] -- Installing: /home/jetson/robot_ws/install/nav2_amcl/share/nav2_amcl/local_setup.bash
[127.821s] -- Installing: /home/jetson/robot_ws/install/nav2_amcl/share/nav2_amcl/local_setup.sh
[127.821s] -- Installing: /home/jetson/robot_ws/install/nav2_amcl/share/nav2_amcl/local_setup.zsh
[127.821s] -- Installing: /home/jetson/robot_ws/install/nav2_amcl/share/nav2_amcl/local_setup.dsv
[127.821s] -- Installing: /home/jetson/robot_ws/install/nav2_amcl/share/nav2_amcl/package.dsv
[127.821s] -- Installing: /home/jetson/robot_ws/install/nav2_amcl/share/ament_index/resource_index/packages/nav2_amcl
[127.822s] -- Installing: /home/jetson/robot_ws/install/nav2_amcl/share/ament_index/resource_index/nav2_amcl__pluginlib__plugin/nav2_amcl
[127.822s] -- Installing: /home/jetson/robot_ws/install/nav2_amcl/share/ament_index/resource_index/rclcpp_components/nav2_amcl
[127.822s] -- Installing: /home/jetson/robot_ws/install/nav2_amcl/share/nav2_amcl/cmake/ament_cmake_export_include_directories-extras.cmake
[127.823s] -- Installing: /home/jetson/robot_ws/install/nav2_amcl/share/nav2_amcl/cmake/ament_cmake_export_libraries-extras.cmake
[127.823s] -- Installing: /home/jetson/robot_ws/install/nav2_amcl/share/nav2_amcl/cmake/ament_cmake_export_dependencies-extras.cmake
[127.823s] -- Installing: /home/jetson/robot_ws/install/nav2_amcl/share/nav2_amcl/cmake/nav2_amclConfig.cmake
[127.823s] -- Installing: /home/jetson/robot_ws/install/nav2_amcl/share/nav2_amcl/cmake/nav2_amclConfig-version.cmake
[127.823s] -- Installing: /home/jetson/robot_ws/install/nav2_amcl/share/nav2_amcl/package.xml
[127.824s] -- Installing: /home/jetson/robot_ws/install/nav2_amcl/lib/libpf_lib.so
[127.825s] -- Installing: /home/jetson/robot_ws/install/nav2_amcl/lib/libmap_lib.so
[127.825s] -- Installing: /home/jetson/robot_ws/install/nav2_amcl/lib/libmotions_lib.so
[127.826s] -- Set runtime path of "/home/jetson/robot_ws/install/nav2_amcl/lib/libmotions_lib.so" to ""
[127.826s] -- Installing: /home/jetson/robot_ws/install/nav2_amcl/lib/libsensors_lib.so
[127.827s] -- Set runtime path of "/home/jetson/robot_ws/install/nav2_amcl/lib/libsensors_lib.so" to ""
[127.844s] Invoked command in '/home/jetson/robot_ws/build/nav2_amcl' returned '0': AMENT_PREFIX_PATH=/home/jetson/robot_ws/install/nav2_util:/home/jetson/robot_ws/install/nav2_msgs:/home/jetson/robot_ws/install/nav2_common:${AMENT_PREFIX_PATH} CMAKE_PREFIX_PATH=/home/jetson/robot_ws/install/nav2_util:/home/jetson/robot_ws/install/nav2_msgs:/home/jetson/robot_ws/install/nav2_common:/opt/ros/humble LD_LIBRARY_PATH=/home/jetson/robot_ws/install/nav2_util/lib:/home/jetson/robot_ws/install/nav2_msgs/lib:${LD_LIBRARY_PATH} PYTHONPATH=/home/jetson/robot_ws/install/nav2_msgs/local/lib/python3.10/dist-packages:/home/jetson/robot_ws/install/nav2_common/local/lib/python3.10/dist-packages:${PYTHONPATH} /usr/bin/cmake --install /home/jetson/robot_ws/build/nav2_amcl
