[0.132s] Invoking command in '/home/jetson/robot_ws/build/nav2_smac_planner': AMENT_PREFIX_PATH=/home/jetson/robot_ws/install/nav2_core:/home/jetson/robot_ws/install/nav2_costmap_2d:/home/jetson/robot_ws/install/nav2_map_server:/home/jetson/robot_ws/install/nav2_lifecycle_manager:/home/jetson/robot_ws/install/nav2_util:/home/jetson/robot_ws/install/nav2_voxel_grid:/home/jetson/robot_ws/install/nav2_msgs:/home/jetson/robot_ws/install/nav2_common:${AMENT_PREFIX_PATH} CMAKE_PREFIX_PATH=/home/jetson/robot_ws/install/nav2_core:/home/jetson/robot_ws/install/nav2_costmap_2d:/home/jetson/robot_ws/install/nav2_map_server:/home/jetson/robot_ws/install/nav2_lifecycle_manager:/home/jetson/robot_ws/install/nav2_util:/home/jetson/robot_ws/install/nav2_voxel_grid:/home/jetson/robot_ws/install/nav2_msgs:/home/jetson/robot_ws/install/nav2_common:/home/jetson/robot_ws/install/servicerobot_joy:/opt/ros/humble LD_LIBRARY_PATH=/home/jetson/robot_ws/install/nav2_costmap_2d/lib:/home/jetson/robot_ws/install/nav2_map_server/lib:/home/jetson/robot_ws/install/nav2_lifecycle_manager/lib:/home/jetson/robot_ws/install/nav2_util/lib:/home/jetson/robot_ws/install/nav2_voxel_grid/lib:/home/jetson/robot_ws/install/nav2_msgs/lib:${LD_LIBRARY_PATH} PYTHONPATH=/home/jetson/robot_ws/install/nav2_msgs/local/lib/python3.10/dist-packages:/home/jetson/robot_ws/install/nav2_common/local/lib/python3.10/dist-packages:${PYTHONPATH} /usr/bin/cmake /home/jetson/robot_ws/src/navigation2/nav2_smac_planner -DCMAKE_INSTALL_PREFIX=/home/jetson/robot_ws/install/nav2_smac_planner
[15.512s] -- The C compiler identification is GNU 11.4.0
[15.513s] -- The CXX compiler identification is GNU 11.4.0
[15.515s] -- Detecting C compiler ABI info
[15.518s] -- Detecting C compiler ABI info - done
[15.520s] -- Check for working C compiler: /usr/bin/cc - skipped
[15.520s] -- Detecting C compile features
[15.520s] -- Detecting C compile features - done
[15.521s] -- Detecting CXX compiler ABI info
[15.521s] -- Detecting CXX compiler ABI info - done
[15.521s] -- Check for working CXX compiler: /usr/bin/c++ - skipped
[15.521s] -- Detecting CXX compile features
[15.521s] -- Detecting CXX compile features - done
[15.521s] -- Found ament_cmake: 1.3.12 (/opt/ros/humble/share/ament_cmake/cmake)
[15.521s] -- Found Python3: /usr/bin/python3 (found version "3.10.12") found components: Interpreter 
[15.522s] -- Found nav2_common: 1.1.20 (/home/jetson/robot_ws/install/nav2_common/share/nav2_common/cmake)
[15.522s] -- Found rclcpp: 16.0.15 (/opt/ros/humble/share/rclcpp/cmake)
[15.522s] -- Found rosidl_generator_c: 3.1.7 (/opt/ros/humble/share/rosidl_generator_c/cmake)
[15.522s] -- Found rosidl_adapter: 3.1.7 (/opt/ros/humble/share/rosidl_adapter/cmake)
[15.522s] -- Found rosidl_generator_cpp: 3.1.7 (/opt/ros/humble/share/rosidl_generator_cpp/cmake)
[15.522s] -- Using all available rosidl_typesupport_c: rosidl_typesupport_fastrtps_c;rosidl_typesupport_introspection_c
[15.522s] -- Using all available rosidl_typesupport_cpp: rosidl_typesupport_fastrtps_cpp;rosidl_typesupport_introspection_cpp
[15.522s] -- Found rmw_implementation_cmake: 6.1.2 (/opt/ros/humble/share/rmw_implementation_cmake/cmake)
[15.522s] -- Found rmw_fastrtps_cpp: 6.2.9 (/opt/ros/humble/share/rmw_fastrtps_cpp/cmake)
[15.523s] -- Found OpenSSL: /usr/lib/aarch64-linux-gnu/libcrypto.so (found version "3.0.2")  
[15.523s] -- Found FastRTPS: /opt/ros/humble/include  
[15.523s] -- Using RMW implementation 'rmw_fastrtps_cpp' as default
[15.523s] -- Looking for pthread.h
[15.523s] -- Looking for pthread.h - found
[15.523s] -- Performing Test CMAKE_HAVE_LIBC_PTHREAD
[15.523s] -- Performing Test CMAKE_HAVE_LIBC_PTHREAD - Success
[15.523s] -- Found Threads: TRUE  
[15.523s] -- Found rclcpp_action: 16.0.15 (/opt/ros/humble/share/rclcpp_action/cmake)
[15.523s] -- Found rclcpp_lifecycle: 16.0.15 (/opt/ros/humble/share/rclcpp_lifecycle/cmake)
[15.524s] -- Found visualization_msgs: 4.9.0 (/opt/ros/humble/share/visualization_msgs/cmake)
[15.524s] -- Found nav2_util: 1.1.20 (/home/jetson/robot_ws/install/nav2_util/share/nav2_util/cmake)
[15.524s] -- Found eigen3_cmake_module: 0.1.1 (/opt/ros/humble/share/eigen3_cmake_module/cmake)
[15.524s] -- Found Eigen3: TRUE (found version "3.4.0") 
[15.524s] -- Ensuring Eigen3 include directory is part of orocos-kdl CMake target
[15.524s] -- Found nav2_core: 1.1.20 (/home/jetson/robot_ws/install/nav2_core/share/nav2_core/cmake)
[15.524s] -- Found Boost: /usr/lib/aarch64-linux-gnu/cmake/Boost-1.74.0/BoostConfig.cmake (found version "1.74.0") found components: serialization filesystem system 
[15.524s] -- Found ompl: /opt/ros/humble/include/ompl-1.7;/usr/include;/usr/include/eigen3  
[15.524s] -- Found OpenMP_C: -fopenmp (found version "4.5") 
[15.525s] -- Found OpenMP_CXX: -fopenmp (found version "4.5") 
[15.525s] -- Found OpenMP: TRUE (found version "4.5")  
[15.525s] -- Found OpenMP_C: -fopenmp (found version "4.5") 
[15.525s] -- Found OpenMP_CXX: -fopenmp (found version "4.5") 
[15.525s] -- Found ament_lint_auto: 0.12.14 (/opt/ros/humble/share/ament_lint_auto/cmake)
[15.525s] -- Found gtest sources under '/opt/ros/humble/src/gtest_vendor': C++ tests using 'Google Test' will be built
[15.525s] -- Added test 'copyright' to check source files copyright and LICENSE
[15.525s] -- Added test 'cppcheck' to perform static code analysis on C / C++ code
[15.525s] -- Configured cppcheck include dirs: /home/jetson/robot_ws/src/navigation2/nav2_smac_planner/include
[15.526s] -- Configured cppcheck exclude dirs and/or files: include/nav2_smac_planner/thirdparty/robin_hood.h
[15.526s] -- Added test 'cpplint' to check C / C++ code against the Google style
[15.526s] -- Configured cpplint exclude dirs and/or files: include/nav2_smac_planner/thirdparty/robin_hood.h
[15.526s] -- Added test 'flake8' to check Python code syntax and style conventions
[15.526s] -- Added test 'lint_cmake' to check CMake code style
[15.526s] -- Added test 'pep257' to check Python code against some of the docstring style conventions in PEP 257
[15.526s] -- Added test 'uncrustify' to check C / C++ code style
[15.526s] -- Configured uncrustify additional arguments: 
[15.526s] -- Added test 'xmllint' to check XML markup files
[15.527s] -- Configuring done
[15.527s] -- Generating done
[15.527s] -- Build files have been written to: /home/jetson/robot_ws/build/nav2_smac_planner
[15.538s] Invoked command in '/home/jetson/robot_ws/build/nav2_smac_planner' returned '0': AMENT_PREFIX_PATH=/home/jetson/robot_ws/install/nav2_core:/home/jetson/robot_ws/install/nav2_costmap_2d:/home/jetson/robot_ws/install/nav2_map_server:/home/jetson/robot_ws/install/nav2_lifecycle_manager:/home/jetson/robot_ws/install/nav2_util:/home/jetson/robot_ws/install/nav2_voxel_grid:/home/jetson/robot_ws/install/nav2_msgs:/home/jetson/robot_ws/install/nav2_common:${AMENT_PREFIX_PATH} CMAKE_PREFIX_PATH=/home/jetson/robot_ws/install/nav2_core:/home/jetson/robot_ws/install/nav2_costmap_2d:/home/jetson/robot_ws/install/nav2_map_server:/home/jetson/robot_ws/install/nav2_lifecycle_manager:/home/jetson/robot_ws/install/nav2_util:/home/jetson/robot_ws/install/nav2_voxel_grid:/home/jetson/robot_ws/install/nav2_msgs:/home/jetson/robot_ws/install/nav2_common:/home/jetson/robot_ws/install/servicerobot_joy:/opt/ros/humble LD_LIBRARY_PATH=/home/jetson/robot_ws/install/nav2_costmap_2d/lib:/home/jetson/robot_ws/install/nav2_map_server/lib:/home/jetson/robot_ws/install/nav2_lifecycle_manager/lib:/home/jetson/robot_ws/install/nav2_util/lib:/home/jetson/robot_ws/install/nav2_voxel_grid/lib:/home/jetson/robot_ws/install/nav2_msgs/lib:${LD_LIBRARY_PATH} PYTHONPATH=/home/jetson/robot_ws/install/nav2_msgs/local/lib/python3.10/dist-packages:/home/jetson/robot_ws/install/nav2_common/local/lib/python3.10/dist-packages:${PYTHONPATH} /usr/bin/cmake /home/jetson/robot_ws/src/navigation2/nav2_smac_planner -DCMAKE_INSTALL_PREFIX=/home/jetson/robot_ws/install/nav2_smac_planner
[15.539s] Invoking command in '/home/jetson/robot_ws/build/nav2_smac_planner': AMENT_PREFIX_PATH=/home/jetson/robot_ws/install/nav2_core:/home/jetson/robot_ws/install/nav2_costmap_2d:/home/jetson/robot_ws/install/nav2_map_server:/home/jetson/robot_ws/install/nav2_lifecycle_manager:/home/jetson/robot_ws/install/nav2_util:/home/jetson/robot_ws/install/nav2_voxel_grid:/home/jetson/robot_ws/install/nav2_msgs:/home/jetson/robot_ws/install/nav2_common:${AMENT_PREFIX_PATH} CMAKE_PREFIX_PATH=/home/jetson/robot_ws/install/nav2_core:/home/jetson/robot_ws/install/nav2_costmap_2d:/home/jetson/robot_ws/install/nav2_map_server:/home/jetson/robot_ws/install/nav2_lifecycle_manager:/home/jetson/robot_ws/install/nav2_util:/home/jetson/robot_ws/install/nav2_voxel_grid:/home/jetson/robot_ws/install/nav2_msgs:/home/jetson/robot_ws/install/nav2_common:/home/jetson/robot_ws/install/servicerobot_joy:/opt/ros/humble LD_LIBRARY_PATH=/home/jetson/robot_ws/install/nav2_costmap_2d/lib:/home/jetson/robot_ws/install/nav2_map_server/lib:/home/jetson/robot_ws/install/nav2_lifecycle_manager/lib:/home/jetson/robot_ws/install/nav2_util/lib:/home/jetson/robot_ws/install/nav2_voxel_grid/lib:/home/jetson/robot_ws/install/nav2_msgs/lib:${LD_LIBRARY_PATH} PYTHONPATH=/home/jetson/robot_ws/install/nav2_msgs/local/lib/python3.10/dist-packages:/home/jetson/robot_ws/install/nav2_common/local/lib/python3.10/dist-packages:${PYTHONPATH} /usr/bin/cmake --build /home/jetson/robot_ws/build/nav2_smac_planner -- -j6 -l6
[15.757s] [  1%] [32mBuilding CXX object CMakeFiles/nav2_smac_planner.dir/src/smac_planner_hybrid.cpp.o[0m
[44.520s] [  3%] [32mBuilding CXX object CMakeFiles/nav2_smac_planner.dir/src/a_star.cpp.o[0m
[67.267s] [  5%] [32mBuilding CXX object CMakeFiles/nav2_smac_planner.dir/src/collision_checker.cpp.o[0m
[76.670s] [  6%] [32mBuilding CXX object CMakeFiles/nav2_smac_planner.dir/src/smoother.cpp.o[0m
[94.201s] [  8%] [32mBuilding CXX object CMakeFiles/nav2_smac_planner.dir/src/analytic_expansion.cpp.o[0m
[117.396s] [ 10%] [32mBuilding CXX object CMakeFiles/nav2_smac_planner.dir/src/node_hybrid.cpp.o[0m
[136.193s] [ 11%] [32mBuilding CXX object CMakeFiles/nav2_smac_planner.dir/src/node_lattice.cpp.o[0m
[165.790s] [ 13%] [32mBuilding CXX object CMakeFiles/nav2_smac_planner.dir/src/costmap_downsampler.cpp.o[0m
[177.040s] [ 15%] [32mBuilding CXX object CMakeFiles/nav2_smac_planner.dir/src/node_2d.cpp.o[0m
[191.671s] [ 16%] [32mBuilding CXX object CMakeFiles/nav2_smac_planner.dir/src/node_basic.cpp.o[0m
[206.859s] [ 18%] [32m[1mLinking CXX shared library libnav2_smac_planner.so[0m
[208.942s] [ 18%] Built target nav2_smac_planner
[208.988s] [ 20%] [32mBuilding CXX object gtest/CMakeFiles/gtest_main.dir/src/gtest_main.cc.o[0m
[211.458s] [ 22%] [32m[1mLinking CXX static library libgtest_main.a[0m
[211.537s] [ 22%] Built target gtest_main
[211.588s] [ 23%] [32mBuilding CXX object gtest/CMakeFiles/gtest.dir/src/gtest-all.cc.o[0m
[231.145s] [ 25%] [32m[1mLinking CXX static library libgtest.a[0m
[231.273s] [ 25%] Built target gtest
[231.316s] [ 27%] [32mBuilding CXX object CMakeFiles/nav2_smac_planner_lattice.dir/src/smac_planner_lattice.cpp.o[0m
[259.188s] [ 28%] [32mBuilding CXX object CMakeFiles/nav2_smac_planner_lattice.dir/src/a_star.cpp.o[0m
[279.992s] [ 30%] [32mBuilding CXX object CMakeFiles/nav2_smac_planner_lattice.dir/src/smoother.cpp.o[0m
[296.225s] [ 32%] [32mBuilding CXX object CMakeFiles/nav2_smac_planner_lattice.dir/src/collision_checker.cpp.o[0m
[306.052s] [ 33%] [32mBuilding CXX object CMakeFiles/nav2_smac_planner_lattice.dir/src/analytic_expansion.cpp.o[0m
[326.948s] [ 35%] [32mBuilding CXX object CMakeFiles/nav2_smac_planner_lattice.dir/src/node_hybrid.cpp.o[0m
[346.585s] [ 37%] [32mBuilding CXX object CMakeFiles/nav2_smac_planner_lattice.dir/src/node_lattice.cpp.o[0m
[375.756s] [ 38%] [32mBuilding CXX object CMakeFiles/nav2_smac_planner_lattice.dir/src/costmap_downsampler.cpp.o[0m
[388.654s] [ 40%] [32mBuilding CXX object CMakeFiles/nav2_smac_planner_lattice.dir/src/node_2d.cpp.o[0m
[405.569s] [ 42%] [32mBuilding CXX object CMakeFiles/nav2_smac_planner_lattice.dir/src/node_basic.cpp.o[0m
[422.395s] [ 44%] [32m[1mLinking CXX shared library libnav2_smac_planner_lattice.so[0m
[424.890s] [ 44%] Built target nav2_smac_planner_lattice
[424.952s] [ 45%] [32mBuilding CXX object test/CMakeFiles/test_nodebasic.dir/test_nodebasic.cpp.o[0m
[445.553s] [ 47%] [32m[1mLinking CXX executable test_nodebasic[0m
[446.280s] [ 47%] Built target test_nodebasic
[446.336s] [ 49%] [32mBuilding CXX object test/CMakeFiles/test_collision_checker.dir/test_collision_checker.cpp.o[0m
[459.560s] [ 50%] [32m[1mLinking CXX executable test_collision_checker[0m
[461.061s] [ 50%] Built target test_collision_checker
[461.109s] [ 52%] [32mBuilding CXX object test/CMakeFiles/test_a_star.dir/test_a_star.cpp.o[0m
[483.464s] [ 54%] [32m[1mLinking CXX executable test_a_star[0m
[484.488s] [ 54%] Built target test_a_star
[484.559s] [ 55%] [32mBuilding CXX object test/CMakeFiles/test_smac_hybrid.dir/test_smac_hybrid.cpp.o[0m
[513.369s] [ 57%] [32m[1mLinking CXX executable test_smac_hybrid[0m
[514.598s] [ 57%] Built target test_smac_hybrid
[514.658s] [ 59%] [32mBuilding CXX object test/CMakeFiles/test_smac_lattice.dir/test_smac_lattice.cpp.o[0m
[536.731s] [ 61%] [32m[1mLinking CXX executable test_smac_lattice[0m
[538.164s] [ 61%] Built target test_smac_lattice
[538.211s] [ 62%] [32mBuilding CXX object test/CMakeFiles/test_lattice_node.dir/test_nodelattice.cpp.o[0m
[567.649s] [ 64%] [32m[1mLinking CXX executable test_lattice_node[0m
[568.909s] [ 64%] Built target test_lattice_node
[568.965s] [ 66%] [32mBuilding CXX object test/CMakeFiles/test_nodehybrid.dir/test_nodehybrid.cpp.o[0m
[588.374s] [ 67%] [32m[1mLinking CXX executable test_nodehybrid[0m
[589.497s] [ 67%] Built target test_nodehybrid
[589.548s] [ 69%] [32mBuilding CXX object test/CMakeFiles/test_node2d.dir/test_node2d.cpp.o[0m
[613.241s] [ 71%] [32m[1mLinking CXX executable test_node2d[0m
[614.707s] [ 71%] Built target test_node2d
[614.830s] [ 72%] [32mBuilding CXX object test/CMakeFiles/test_costmap_downsampler.dir/test_costmap_downsampler.cpp.o[0m
[614.838s] [ 74%] [32mBuilding CXX object CMakeFiles/nav2_smac_planner_2d.dir/src/smac_planner_2d.cpp.o[0m
[614.859s] [ 76%] [32mBuilding CXX object CMakeFiles/nav2_smac_planner_2d.dir/src/a_star.cpp.o[0m
[637.202s] [ 77%] [32m[1mLinking CXX executable test_costmap_downsampler[0m
[639.177s] [ 77%] Built target test_costmap_downsampler
[648.752s] [ 79%] [32mBuilding CXX object CMakeFiles/nav2_smac_planner_2d.dir/src/node_lattice.cpp.o[0m
[656.790s] [ 81%] [32mBuilding CXX object CMakeFiles/nav2_smac_planner_2d.dir/src/costmap_downsampler.cpp.o[0m
[658.858s] [ 83%] [32mBuilding CXX object CMakeFiles/nav2_smac_planner_2d.dir/src/node_hybrid.cpp.o[0m
[660.934s] [ 84%] [32mBuilding CXX object CMakeFiles/nav2_smac_planner_2d.dir/src/analytic_expansion.cpp.o[0m
[683.640s] [ 86%] [32mBuilding CXX object CMakeFiles/nav2_smac_planner_2d.dir/src/node_basic.cpp.o[0m
[697.049s] [ 88%] [32mBuilding CXX object CMakeFiles/nav2_smac_planner_2d.dir/src/node_2d.cpp.o[0m
[697.053s] [ 89%] [32mBuilding CXX object CMakeFiles/nav2_smac_planner_2d.dir/src/collision_checker.cpp.o[0m
[704.752s] [ 91%] [32mBuilding CXX object CMakeFiles/nav2_smac_planner_2d.dir/src/smoother.cpp.o[0m
[718.174s] [ 93%] [32m[1mLinking CXX shared library libnav2_smac_planner_2d.so[0m
[719.679s] [ 93%] Built target nav2_smac_planner_2d
[719.731s] [ 94%] [32mBuilding CXX object test/CMakeFiles/test_smac_2d.dir/test_smac_2d.cpp.o[0m
[719.733s] [ 96%] [32mBuilding CXX object test/CMakeFiles/test_smoother.dir/test_smoother.cpp.o[0m
[745.881s] [ 98%] [32m[1mLinking CXX executable test_smac_2d[0m
[746.839s] [ 98%] Built target test_smac_2d
[747.995s] [100%] [32m[1mLinking CXX executable test_smoother[0m
[749.039s] [100%] Built target test_smoother
[749.068s] Invoked command in '/home/jetson/robot_ws/build/nav2_smac_planner' returned '0': AMENT_PREFIX_PATH=/home/jetson/robot_ws/install/nav2_core:/home/jetson/robot_ws/install/nav2_costmap_2d:/home/jetson/robot_ws/install/nav2_map_server:/home/jetson/robot_ws/install/nav2_lifecycle_manager:/home/jetson/robot_ws/install/nav2_util:/home/jetson/robot_ws/install/nav2_voxel_grid:/home/jetson/robot_ws/install/nav2_msgs:/home/jetson/robot_ws/install/nav2_common:${AMENT_PREFIX_PATH} CMAKE_PREFIX_PATH=/home/jetson/robot_ws/install/nav2_core:/home/jetson/robot_ws/install/nav2_costmap_2d:/home/jetson/robot_ws/install/nav2_map_server:/home/jetson/robot_ws/install/nav2_lifecycle_manager:/home/jetson/robot_ws/install/nav2_util:/home/jetson/robot_ws/install/nav2_voxel_grid:/home/jetson/robot_ws/install/nav2_msgs:/home/jetson/robot_ws/install/nav2_common:/home/jetson/robot_ws/install/servicerobot_joy:/opt/ros/humble LD_LIBRARY_PATH=/home/jetson/robot_ws/install/nav2_costmap_2d/lib:/home/jetson/robot_ws/install/nav2_map_server/lib:/home/jetson/robot_ws/install/nav2_lifecycle_manager/lib:/home/jetson/robot_ws/install/nav2_util/lib:/home/jetson/robot_ws/install/nav2_voxel_grid/lib:/home/jetson/robot_ws/install/nav2_msgs/lib:${LD_LIBRARY_PATH} PYTHONPATH=/home/jetson/robot_ws/install/nav2_msgs/local/lib/python3.10/dist-packages:/home/jetson/robot_ws/install/nav2_common/local/lib/python3.10/dist-packages:${PYTHONPATH} /usr/bin/cmake --build /home/jetson/robot_ws/build/nav2_smac_planner -- -j6 -l6
[749.069s] Invoking command in '/home/jetson/robot_ws/build/nav2_smac_planner': AMENT_PREFIX_PATH=/home/jetson/robot_ws/install/nav2_core:/home/jetson/robot_ws/install/nav2_costmap_2d:/home/jetson/robot_ws/install/nav2_map_server:/home/jetson/robot_ws/install/nav2_lifecycle_manager:/home/jetson/robot_ws/install/nav2_util:/home/jetson/robot_ws/install/nav2_voxel_grid:/home/jetson/robot_ws/install/nav2_msgs:/home/jetson/robot_ws/install/nav2_common:${AMENT_PREFIX_PATH} CMAKE_PREFIX_PATH=/home/jetson/robot_ws/install/nav2_core:/home/jetson/robot_ws/install/nav2_costmap_2d:/home/jetson/robot_ws/install/nav2_map_server:/home/jetson/robot_ws/install/nav2_lifecycle_manager:/home/jetson/robot_ws/install/nav2_util:/home/jetson/robot_ws/install/nav2_voxel_grid:/home/jetson/robot_ws/install/nav2_msgs:/home/jetson/robot_ws/install/nav2_common:/home/jetson/robot_ws/install/servicerobot_joy:/opt/ros/humble LD_LIBRARY_PATH=/home/jetson/robot_ws/install/nav2_costmap_2d/lib:/home/jetson/robot_ws/install/nav2_map_server/lib:/home/jetson/robot_ws/install/nav2_lifecycle_manager/lib:/home/jetson/robot_ws/install/nav2_util/lib:/home/jetson/robot_ws/install/nav2_voxel_grid/lib:/home/jetson/robot_ws/install/nav2_msgs/lib:${LD_LIBRARY_PATH} PYTHONPATH=/home/jetson/robot_ws/install/nav2_msgs/local/lib/python3.10/dist-packages:/home/jetson/robot_ws/install/nav2_common/local/lib/python3.10/dist-packages:${PYTHONPATH} /usr/bin/cmake --install /home/jetson/robot_ws/build/nav2_smac_planner
[749.086s] -- Install configuration: "Release"
[749.087s] -- Installing: /home/jetson/robot_ws/install/nav2_smac_planner/share/nav2_smac_planner/smac_plugin_hybrid.xml
[749.088s] -- Installing: /home/jetson/robot_ws/install/nav2_smac_planner/share/nav2_smac_planner/smac_plugin_2d.xml
[749.088s] -- Installing: /home/jetson/robot_ws/install/nav2_smac_planner/share/nav2_smac_planner/smac_plugin_lattice.xml
[749.089s] -- Installing: /home/jetson/robot_ws/install/nav2_smac_planner/lib/libnav2_smac_planner.so
[749.092s] -- Set runtime path of "/home/jetson/robot_ws/install/nav2_smac_planner/lib/libnav2_smac_planner.so" to ""
[749.092s] -- Installing: /home/jetson/robot_ws/install/nav2_smac_planner/lib/libnav2_smac_planner_2d.so
[749.096s] -- Set runtime path of "/home/jetson/robot_ws/install/nav2_smac_planner/lib/libnav2_smac_planner_2d.so" to ""
[749.096s] -- Installing: /home/jetson/robot_ws/install/nav2_smac_planner/lib/libnav2_smac_planner_lattice.so
[749.099s] -- Set runtime path of "/home/jetson/robot_ws/install/nav2_smac_planner/lib/libnav2_smac_planner_lattice.so" to ""
[749.099s] -- Installing: /home/jetson/robot_ws/install/nav2_smac_planner/include/
[749.100s] -- Installing: /home/jetson/robot_ws/install/nav2_smac_planner/include//nav2_smac_planner
[749.100s] -- Installing: /home/jetson/robot_ws/install/nav2_smac_planner/include//nav2_smac_planner/smac_planner_2d.hpp
[749.101s] -- Installing: /home/jetson/robot_ws/install/nav2_smac_planner/include//nav2_smac_planner/collision_checker.hpp
[749.101s] -- Installing: /home/jetson/robot_ws/install/nav2_smac_planner/include//nav2_smac_planner/node_2d.hpp
[749.102s] -- Installing: /home/jetson/robot_ws/install/nav2_smac_planner/include//nav2_smac_planner/node_lattice.hpp
[749.102s] -- Installing: /home/jetson/robot_ws/install/nav2_smac_planner/include//nav2_smac_planner/smac_planner_hybrid.hpp
[749.103s] -- Installing: /home/jetson/robot_ws/install/nav2_smac_planner/include//nav2_smac_planner/analytic_expansion.hpp
[749.103s] -- Installing: /home/jetson/robot_ws/install/nav2_smac_planner/include//nav2_smac_planner/utils.hpp
[749.104s] -- Installing: /home/jetson/robot_ws/install/nav2_smac_planner/include//nav2_smac_planner/node_basic.hpp
[749.104s] -- Installing: /home/jetson/robot_ws/install/nav2_smac_planner/include//nav2_smac_planner/a_star.hpp
[749.105s] -- Installing: /home/jetson/robot_ws/install/nav2_smac_planner/include//nav2_smac_planner/thirdparty
[749.106s] -- Installing: /home/jetson/robot_ws/install/nav2_smac_planner/include//nav2_smac_planner/thirdparty/robin_hood.h
[749.107s] -- Installing: /home/jetson/robot_ws/install/nav2_smac_planner/include//nav2_smac_planner/costmap_downsampler.hpp
[749.108s] -- Installing: /home/jetson/robot_ws/install/nav2_smac_planner/include//nav2_smac_planner/constants.hpp
[749.108s] -- Installing: /home/jetson/robot_ws/install/nav2_smac_planner/include//nav2_smac_planner/smoother.hpp
[749.109s] -- Installing: /home/jetson/robot_ws/install/nav2_smac_planner/include//nav2_smac_planner/smac_planner_lattice.hpp
[749.109s] -- Installing: /home/jetson/robot_ws/install/nav2_smac_planner/include//nav2_smac_planner/node_hybrid.hpp
[749.110s] -- Installing: /home/jetson/robot_ws/install/nav2_smac_planner/include//nav2_smac_planner/types.hpp
[749.110s] -- Installing: /home/jetson/robot_ws/install/nav2_smac_planner/share/nav2_smac_planner/sample_primitives
[749.111s] -- Installing: /home/jetson/robot_ws/install/nav2_smac_planner/share/nav2_smac_planner/sample_primitives/5cm_resolution
[749.111s] -- Installing: /home/jetson/robot_ws/install/nav2_smac_planner/share/nav2_smac_planner/sample_primitives/5cm_resolution/1m_turning_radius
[749.112s] -- Installing: /home/jetson/robot_ws/install/nav2_smac_planner/share/nav2_smac_planner/sample_primitives/5cm_resolution/1m_turning_radius/all_trajectories.png
[749.113s] -- Installing: /home/jetson/robot_ws/install/nav2_smac_planner/share/nav2_smac_planner/sample_primitives/5cm_resolution/1m_turning_radius/diff
[749.113s] -- Installing: /home/jetson/robot_ws/install/nav2_smac_planner/share/nav2_smac_planner/sample_primitives/5cm_resolution/1m_turning_radius/diff/output.json
[749.114s] -- Installing: /home/jetson/robot_ws/install/nav2_smac_planner/share/nav2_smac_planner/sample_primitives/5cm_resolution/1m_turning_radius/omni
[749.115s] -- Installing: /home/jetson/robot_ws/install/nav2_smac_planner/share/nav2_smac_planner/sample_primitives/5cm_resolution/1m_turning_radius/omni/output.json
[749.116s] -- Installing: /home/jetson/robot_ws/install/nav2_smac_planner/share/nav2_smac_planner/sample_primitives/5cm_resolution/1m_turning_radius/ackermann
[749.116s] -- Installing: /home/jetson/robot_ws/install/nav2_smac_planner/share/nav2_smac_planner/sample_primitives/5cm_resolution/1m_turning_radius/ackermann/output.json
[749.118s] -- Installing: /home/jetson/robot_ws/install/nav2_smac_planner/share/nav2_smac_planner/sample_primitives/5cm_resolution/0.5m_turning_radius
[749.118s] -- Installing: /home/jetson/robot_ws/install/nav2_smac_planner/share/nav2_smac_planner/sample_primitives/5cm_resolution/0.5m_turning_radius/all_trajectories.png
[749.119s] -- Installing: /home/jetson/robot_ws/install/nav2_smac_planner/share/nav2_smac_planner/sample_primitives/5cm_resolution/0.5m_turning_radius/diff
[749.120s] -- Installing: /home/jetson/robot_ws/install/nav2_smac_planner/share/nav2_smac_planner/sample_primitives/5cm_resolution/0.5m_turning_radius/diff/output.json
[749.121s] -- Installing: /home/jetson/robot_ws/install/nav2_smac_planner/share/nav2_smac_planner/sample_primitives/5cm_resolution/0.5m_turning_radius/omni
[749.121s] -- Installing: /home/jetson/robot_ws/install/nav2_smac_planner/share/nav2_smac_planner/sample_primitives/5cm_resolution/0.5m_turning_radius/omni/output.json
[749.122s] -- Installing: /home/jetson/robot_ws/install/nav2_smac_planner/share/nav2_smac_planner/sample_primitives/5cm_resolution/0.5m_turning_radius/ackermann
[749.123s] -- Installing: /home/jetson/robot_ws/install/nav2_smac_planner/share/nav2_smac_planner/sample_primitives/5cm_resolution/0.5m_turning_radius/ackermann/output.json
[749.124s] -- Installing: /home/jetson/robot_ws/install/nav2_smac_planner/share/nav2_smac_planner/environment/library_path.sh
[749.124s] -- Installing: /home/jetson/robot_ws/install/nav2_smac_planner/share/nav2_smac_planner/environment/library_path.dsv
[749.125s] -- Installing: /home/jetson/robot_ws/install/nav2_smac_planner/share/ament_index/resource_index/package_run_dependencies/nav2_smac_planner
[749.126s] -- Installing: /home/jetson/robot_ws/install/nav2_smac_planner/share/ament_index/resource_index/parent_prefix_path/nav2_smac_planner
[749.127s] -- Installing: /home/jetson/robot_ws/install/nav2_smac_planner/share/nav2_smac_planner/environment/ament_prefix_path.sh
[749.127s] -- Installing: /home/jetson/robot_ws/install/nav2_smac_planner/share/nav2_smac_planner/environment/ament_prefix_path.dsv
[749.128s] -- Installing: /home/jetson/robot_ws/install/nav2_smac_planner/share/nav2_smac_planner/environment/path.sh
[749.129s] -- Installing: /home/jetson/robot_ws/install/nav2_smac_planner/share/nav2_smac_planner/environment/path.dsv
[749.129s] -- Installing: /home/jetson/robot_ws/install/nav2_smac_planner/share/nav2_smac_planner/local_setup.bash
[749.130s] -- Installing: /home/jetson/robot_ws/install/nav2_smac_planner/share/nav2_smac_planner/local_setup.sh
[749.131s] -- Installing: /home/jetson/robot_ws/install/nav2_smac_planner/share/nav2_smac_planner/local_setup.zsh
[749.131s] -- Installing: /home/jetson/robot_ws/install/nav2_smac_planner/share/nav2_smac_planner/local_setup.dsv
[749.132s] -- Installing: /home/jetson/robot_ws/install/nav2_smac_planner/share/nav2_smac_planner/package.dsv
[749.133s] -- Installing: /home/jetson/robot_ws/install/nav2_smac_planner/share/ament_index/resource_index/packages/nav2_smac_planner
[749.134s] -- Installing: /home/jetson/robot_ws/install/nav2_smac_planner/share/ament_index/resource_index/nav2_core__pluginlib__plugin/nav2_smac_planner
[749.134s] -- Installing: /home/jetson/robot_ws/install/nav2_smac_planner/share/nav2_smac_planner/cmake/ament_cmake_export_include_directories-extras.cmake
[749.135s] -- Installing: /home/jetson/robot_ws/install/nav2_smac_planner/share/nav2_smac_planner/cmake/ament_cmake_export_libraries-extras.cmake
[749.136s] -- Installing: /home/jetson/robot_ws/install/nav2_smac_planner/share/nav2_smac_planner/cmake/ament_cmake_export_dependencies-extras.cmake
[749.136s] -- Installing: /home/jetson/robot_ws/install/nav2_smac_planner/share/nav2_smac_planner/cmake/nav2_smac_plannerConfig.cmake
[749.137s] -- Installing: /home/jetson/robot_ws/install/nav2_smac_planner/share/nav2_smac_planner/cmake/nav2_smac_plannerConfig-version.cmake
[749.137s] -- Installing: /home/jetson/robot_ws/install/nav2_smac_planner/share/nav2_smac_planner/package.xml
[749.144s] Invoked command in '/home/jetson/robot_ws/build/nav2_smac_planner' returned '0': AMENT_PREFIX_PATH=/home/jetson/robot_ws/install/nav2_core:/home/jetson/robot_ws/install/nav2_costmap_2d:/home/jetson/robot_ws/install/nav2_map_server:/home/jetson/robot_ws/install/nav2_lifecycle_manager:/home/jetson/robot_ws/install/nav2_util:/home/jetson/robot_ws/install/nav2_voxel_grid:/home/jetson/robot_ws/install/nav2_msgs:/home/jetson/robot_ws/install/nav2_common:${AMENT_PREFIX_PATH} CMAKE_PREFIX_PATH=/home/jetson/robot_ws/install/nav2_core:/home/jetson/robot_ws/install/nav2_costmap_2d:/home/jetson/robot_ws/install/nav2_map_server:/home/jetson/robot_ws/install/nav2_lifecycle_manager:/home/jetson/robot_ws/install/nav2_util:/home/jetson/robot_ws/install/nav2_voxel_grid:/home/jetson/robot_ws/install/nav2_msgs:/home/jetson/robot_ws/install/nav2_common:/home/jetson/robot_ws/install/servicerobot_joy:/opt/ros/humble LD_LIBRARY_PATH=/home/jetson/robot_ws/install/nav2_costmap_2d/lib:/home/jetson/robot_ws/install/nav2_map_server/lib:/home/jetson/robot_ws/install/nav2_lifecycle_manager/lib:/home/jetson/robot_ws/install/nav2_util/lib:/home/jetson/robot_ws/install/nav2_voxel_grid/lib:/home/jetson/robot_ws/install/nav2_msgs/lib:${LD_LIBRARY_PATH} PYTHONPATH=/home/jetson/robot_ws/install/nav2_msgs/local/lib/python3.10/dist-packages:/home/jetson/robot_ws/install/nav2_common/local/lib/python3.10/dist-packages:${PYTHONPATH} /usr/bin/cmake --install /home/jetson/robot_ws/build/nav2_smac_planner
