[0.097s] Invoking command in '/home/jetson/robot_ws/build/costmap_queue': AMENT_PREFIX_PATH=/home/jetson/robot_ws/install/nav2_costmap_2d:/home/jetson/robot_ws/install/nav2_map_server:/home/jetson/robot_ws/install/nav2_lifecycle_manager:/home/jetson/robot_ws/install/nav2_util:/home/jetson/robot_ws/install/nav2_voxel_grid:/home/jetson/robot_ws/install/nav2_msgs:/home/jetson/robot_ws/install/nav2_common:${AMENT_PREFIX_PATH} CMAKE_PREFIX_PATH=/home/jetson/robot_ws/install/nav2_costmap_2d:/home/jetson/robot_ws/install/nav2_map_server:/home/jetson/robot_ws/install/nav2_lifecycle_manager:/home/jetson/robot_ws/install/nav2_util:/home/jetson/robot_ws/install/nav2_voxel_grid:/home/jetson/robot_ws/install/nav2_msgs:/home/jetson/robot_ws/install/nav2_common:/home/jetson/robot_ws/install/servicerobot_joy:/opt/ros/humble LD_LIBRARY_PATH=/home/jetson/robot_ws/install/nav2_costmap_2d/lib:/home/jetson/robot_ws/install/nav2_map_server/lib:/home/jetson/robot_ws/install/nav2_lifecycle_manager/lib:/home/jetson/robot_ws/install/nav2_util/lib:/home/jetson/robot_ws/install/nav2_voxel_grid/lib:/home/jetson/robot_ws/install/nav2_msgs/lib:${LD_LIBRARY_PATH} PYTHONPATH=/home/jetson/robot_ws/install/nav2_msgs/local/lib/python3.10/dist-packages:/home/jetson/robot_ws/install/nav2_common/local/lib/python3.10/dist-packages:${PYTHONPATH} /usr/bin/cmake /home/jetson/robot_ws/src/navigation2/nav2_dwb_controller/costmap_queue -DCMAKE_INSTALL_PREFIX=/home/jetson/robot_ws/install/costmap_queue
[0.380s] -- The C compiler identification is GNU 11.4.0
[0.591s] -- The CXX compiler identification is GNU 11.4.0
[0.626s] -- Detecting C compiler ABI info
[0.961s] -- Detecting C compiler ABI info - done
[0.988s] -- Check for working C compiler: /usr/bin/cc - skipped
[1.002s] -- Detecting C compile features
[1.003s] -- Detecting C compile features - done
[1.016s] -- Detecting CXX compiler ABI info
[1.466s] -- Detecting CXX compiler ABI info - done
[1.479s] -- Check for working CXX compiler: /usr/bin/c++ - skipped
[1.485s] -- Detecting CXX compile features
[1.485s] -- Detecting CXX compile features - done
[1.492s] -- Found ament_cmake: 1.3.12 (/opt/ros/humble/share/ament_cmake/cmake)
[2.103s] -- Found Python3: /usr/bin/python3 (found version "3.10.12") found components: Interpreter 
[2.382s] -- Found nav2_common: 1.1.20 (/home/jetson/robot_ws/install/nav2_common/share/nav2_common/cmake)
[2.383s] -- Found nav2_costmap_2d: 1.1.20 (/home/jetson/robot_ws/install/nav2_costmap_2d/share/nav2_costmap_2d/cmake)
[2.516s] -- Found rosidl_generator_c: 3.1.7 (/opt/ros/humble/share/rosidl_generator_c/cmake)
[2.529s] -- Found rosidl_adapter: 3.1.7 (/opt/ros/humble/share/rosidl_adapter/cmake)
[2.549s] -- Found rosidl_generator_cpp: 3.1.7 (/opt/ros/humble/share/rosidl_generator_cpp/cmake)
[2.584s] -- Using all available rosidl_typesupport_c: rosidl_typesupport_fastrtps_c;rosidl_typesupport_introspection_c
[2.622s] -- Using all available rosidl_typesupport_cpp: rosidl_typesupport_fastrtps_cpp;rosidl_typesupport_introspection_cpp
[2.849s] -- Found rmw_implementation_cmake: 6.1.2 (/opt/ros/humble/share/rmw_implementation_cmake/cmake)
[2.856s] -- Found rmw_fastrtps_cpp: 6.2.9 (/opt/ros/humble/share/rmw_fastrtps_cpp/cmake)
[3.109s] -- Found OpenSSL: /usr/lib/aarch64-linux-gnu/libcrypto.so (found version "3.0.2")  
[3.176s] -- Found FastRTPS: /opt/ros/humble/include  
[3.280s] -- Using RMW implementation 'rmw_fastrtps_cpp' as default
[3.310s] -- Looking for pthread.h
[3.611s] -- Looking for pthread.h - found
[3.613s] -- Performing Test CMAKE_HAVE_LIBC_PTHREAD
[3.831s] -- Performing Test CMAKE_HAVE_LIBC_PTHREAD - Success
[3.834s] -- Found Threads: TRUE  
[4.281s] -- Found Eigen3: TRUE (found version "3.4.0") 
[4.282s] -- Ensuring Eigen3 include directory is part of orocos-kdl CMake target
[4.501s] -- Setting build type to Release as none was specified.
[4.511s] -- Found ament_lint_auto: 0.12.14 (/opt/ros/humble/share/ament_lint_auto/cmake)
[4.695s] -- Found gtest sources under '/opt/ros/humble/src/gtest_vendor': C++ tests using 'Google Test' will be built
[4.742s] -- Added test 'cppcheck' to perform static code analysis on C / C++ code
[4.744s] -- Configured cppcheck include dirs: /home/jetson/robot_ws/src/navigation2/nav2_dwb_controller/costmap_queue/include
[4.744s] -- Configured cppcheck exclude dirs and/or files: 
[4.749s] -- Added test 'cpplint' to check C / C++ code against the Google style
[4.749s] -- Configured cpplint exclude dirs and/or files: 
[4.749s] -- Added test 'lint_cmake' to check CMake code style
[4.750s] -- Added test 'uncrustify' to check C / C++ code style
[4.750s] -- Configured uncrustify additional arguments: 
[4.751s] -- Added test 'xmllint' to check XML markup files
[4.755s] -- Configuring done
[4.937s] -- Generating done
[4.975s] -- Build files have been written to: /home/jetson/robot_ws/build/costmap_queue
[5.026s] Invoked command in '/home/jetson/robot_ws/build/costmap_queue' returned '0': AMENT_PREFIX_PATH=/home/jetson/robot_ws/install/nav2_costmap_2d:/home/jetson/robot_ws/install/nav2_map_server:/home/jetson/robot_ws/install/nav2_lifecycle_manager:/home/jetson/robot_ws/install/nav2_util:/home/jetson/robot_ws/install/nav2_voxel_grid:/home/jetson/robot_ws/install/nav2_msgs:/home/jetson/robot_ws/install/nav2_common:${AMENT_PREFIX_PATH} CMAKE_PREFIX_PATH=/home/jetson/robot_ws/install/nav2_costmap_2d:/home/jetson/robot_ws/install/nav2_map_server:/home/jetson/robot_ws/install/nav2_lifecycle_manager:/home/jetson/robot_ws/install/nav2_util:/home/jetson/robot_ws/install/nav2_voxel_grid:/home/jetson/robot_ws/install/nav2_msgs:/home/jetson/robot_ws/install/nav2_common:/home/jetson/robot_ws/install/servicerobot_joy:/opt/ros/humble LD_LIBRARY_PATH=/home/jetson/robot_ws/install/nav2_costmap_2d/lib:/home/jetson/robot_ws/install/nav2_map_server/lib:/home/jetson/robot_ws/install/nav2_lifecycle_manager/lib:/home/jetson/robot_ws/install/nav2_util/lib:/home/jetson/robot_ws/install/nav2_voxel_grid/lib:/home/jetson/robot_ws/install/nav2_msgs/lib:${LD_LIBRARY_PATH} PYTHONPATH=/home/jetson/robot_ws/install/nav2_msgs/local/lib/python3.10/dist-packages:/home/jetson/robot_ws/install/nav2_common/local/lib/python3.10/dist-packages:${PYTHONPATH} /usr/bin/cmake /home/jetson/robot_ws/src/navigation2/nav2_dwb_controller/costmap_queue -DCMAKE_INSTALL_PREFIX=/home/jetson/robot_ws/install/costmap_queue
[5.029s] Invoking command in '/home/jetson/robot_ws/build/costmap_queue': AMENT_PREFIX_PATH=/home/jetson/robot_ws/install/nav2_costmap_2d:/home/jetson/robot_ws/install/nav2_map_server:/home/jetson/robot_ws/install/nav2_lifecycle_manager:/home/jetson/robot_ws/install/nav2_util:/home/jetson/robot_ws/install/nav2_voxel_grid:/home/jetson/robot_ws/install/nav2_msgs:/home/jetson/robot_ws/install/nav2_common:${AMENT_PREFIX_PATH} CMAKE_PREFIX_PATH=/home/jetson/robot_ws/install/nav2_costmap_2d:/home/jetson/robot_ws/install/nav2_map_server:/home/jetson/robot_ws/install/nav2_lifecycle_manager:/home/jetson/robot_ws/install/nav2_util:/home/jetson/robot_ws/install/nav2_voxel_grid:/home/jetson/robot_ws/install/nav2_msgs:/home/jetson/robot_ws/install/nav2_common:/home/jetson/robot_ws/install/servicerobot_joy:/opt/ros/humble LD_LIBRARY_PATH=/home/jetson/robot_ws/install/nav2_costmap_2d/lib:/home/jetson/robot_ws/install/nav2_map_server/lib:/home/jetson/robot_ws/install/nav2_lifecycle_manager/lib:/home/jetson/robot_ws/install/nav2_util/lib:/home/jetson/robot_ws/install/nav2_voxel_grid/lib:/home/jetson/robot_ws/install/nav2_msgs/lib:${LD_LIBRARY_PATH} PYTHONPATH=/home/jetson/robot_ws/install/nav2_msgs/local/lib/python3.10/dist-packages:/home/jetson/robot_ws/install/nav2_common/local/lib/python3.10/dist-packages:${PYTHONPATH} /usr/bin/cmake --build /home/jetson/robot_ws/build/costmap_queue -- -j6 -l6
[5.719s] [  9%] [32mBuilding CXX object CMakeFiles/costmap_queue.dir/src/costmap_queue.cpp.o[0m
[8.291s] [ 18%] [32mBuilding CXX object CMakeFiles/costmap_queue.dir/src/limited_costmap_queue.cpp.o[0m
[10.287s] [ 27%] [32m[1mLinking CXX shared library libcostmap_queue.so[0m
[10.997s] [ 27%] Built target costmap_queue
[11.078s] [ 36%] [32mBuilding CXX object gtest/CMakeFiles/gtest.dir/src/gtest-all.cc.o[0m
[34.735s] [ 45%] [32m[1mLinking CXX static library libgtest.a[0m
[34.819s] [ 45%] Built target gtest
[34.877s] [ 54%] [32mBuilding CXX object gtest/CMakeFiles/gtest_main.dir/src/gtest_main.cc.o[0m
[37.167s] [ 63%] [32m[1mLinking CXX static library libgtest_main.a[0m
[37.258s] [ 63%] Built target gtest_main
[37.306s] [ 72%] [32mBuilding CXX object CMakeFiles/mbq_test.dir/test/mbq_test.cpp.o[0m
[41.827s] [ 81%] [32m[1mLinking CXX executable mbq_test[0m
[42.909s] [ 81%] Built target mbq_test
[42.967s] [ 90%] [32mBuilding CXX object CMakeFiles/utest.dir/test/utest.cpp.o[0m
[55.513s] [100%] [32m[1mLinking CXX executable utest[0m
[56.239s] [100%] Built target utest
[56.267s] Invoked command in '/home/jetson/robot_ws/build/costmap_queue' returned '0': AMENT_PREFIX_PATH=/home/jetson/robot_ws/install/nav2_costmap_2d:/home/jetson/robot_ws/install/nav2_map_server:/home/jetson/robot_ws/install/nav2_lifecycle_manager:/home/jetson/robot_ws/install/nav2_util:/home/jetson/robot_ws/install/nav2_voxel_grid:/home/jetson/robot_ws/install/nav2_msgs:/home/jetson/robot_ws/install/nav2_common:${AMENT_PREFIX_PATH} CMAKE_PREFIX_PATH=/home/jetson/robot_ws/install/nav2_costmap_2d:/home/jetson/robot_ws/install/nav2_map_server:/home/jetson/robot_ws/install/nav2_lifecycle_manager:/home/jetson/robot_ws/install/nav2_util:/home/jetson/robot_ws/install/nav2_voxel_grid:/home/jetson/robot_ws/install/nav2_msgs:/home/jetson/robot_ws/install/nav2_common:/home/jetson/robot_ws/install/servicerobot_joy:/opt/ros/humble LD_LIBRARY_PATH=/home/jetson/robot_ws/install/nav2_costmap_2d/lib:/home/jetson/robot_ws/install/nav2_map_server/lib:/home/jetson/robot_ws/install/nav2_lifecycle_manager/lib:/home/jetson/robot_ws/install/nav2_util/lib:/home/jetson/robot_ws/install/nav2_voxel_grid/lib:/home/jetson/robot_ws/install/nav2_msgs/lib:${LD_LIBRARY_PATH} PYTHONPATH=/home/jetson/robot_ws/install/nav2_msgs/local/lib/python3.10/dist-packages:/home/jetson/robot_ws/install/nav2_common/local/lib/python3.10/dist-packages:${PYTHONPATH} /usr/bin/cmake --build /home/jetson/robot_ws/build/costmap_queue -- -j6 -l6
[56.273s] Invoking command in '/home/jetson/robot_ws/build/costmap_queue': AMENT_PREFIX_PATH=/home/jetson/robot_ws/install/nav2_costmap_2d:/home/jetson/robot_ws/install/nav2_map_server:/home/jetson/robot_ws/install/nav2_lifecycle_manager:/home/jetson/robot_ws/install/nav2_util:/home/jetson/robot_ws/install/nav2_voxel_grid:/home/jetson/robot_ws/install/nav2_msgs:/home/jetson/robot_ws/install/nav2_common:${AMENT_PREFIX_PATH} CMAKE_PREFIX_PATH=/home/jetson/robot_ws/install/nav2_costmap_2d:/home/jetson/robot_ws/install/nav2_map_server:/home/jetson/robot_ws/install/nav2_lifecycle_manager:/home/jetson/robot_ws/install/nav2_util:/home/jetson/robot_ws/install/nav2_voxel_grid:/home/jetson/robot_ws/install/nav2_msgs:/home/jetson/robot_ws/install/nav2_common:/home/jetson/robot_ws/install/servicerobot_joy:/opt/ros/humble LD_LIBRARY_PATH=/home/jetson/robot_ws/install/nav2_costmap_2d/lib:/home/jetson/robot_ws/install/nav2_map_server/lib:/home/jetson/robot_ws/install/nav2_lifecycle_manager/lib:/home/jetson/robot_ws/install/nav2_util/lib:/home/jetson/robot_ws/install/nav2_voxel_grid/lib:/home/jetson/robot_ws/install/nav2_msgs/lib:${LD_LIBRARY_PATH} PYTHONPATH=/home/jetson/robot_ws/install/nav2_msgs/local/lib/python3.10/dist-packages:/home/jetson/robot_ws/install/nav2_common/local/lib/python3.10/dist-packages:${PYTHONPATH} /usr/bin/cmake --install /home/jetson/robot_ws/build/costmap_queue
[110.873s] -- Install configuration: "Release"
[110.874s] -- Installing: /home/jetson/robot_ws/install/costmap_queue/lib/libcostmap_queue.so
[110.874s] -- Set runtime path of "/home/jetson/robot_ws/install/costmap_queue/lib/libcostmap_queue.so" to ""
[110.874s] -- Installing: /home/jetson/robot_ws/install/costmap_queue/include/
[110.874s] -- Installing: /home/jetson/robot_ws/install/costmap_queue/include//costmap_queue
[110.874s] -- Installing: /home/jetson/robot_ws/install/costmap_queue/include//costmap_queue/costmap_queue.hpp
[110.874s] -- Installing: /home/jetson/robot_ws/install/costmap_queue/include//costmap_queue/limited_costmap_queue.hpp
[110.874s] -- Installing: /home/jetson/robot_ws/install/costmap_queue/include//costmap_queue/map_based_queue.hpp
[110.875s] -- Installing: /home/jetson/robot_ws/install/costmap_queue/share/costmap_queue/environment/library_path.sh
[110.875s] -- Installing: /home/jetson/robot_ws/install/costmap_queue/share/costmap_queue/environment/library_path.dsv
[110.875s] -- Installing: /home/jetson/robot_ws/install/costmap_queue/share/ament_index/resource_index/package_run_dependencies/costmap_queue
[110.875s] -- Installing: /home/jetson/robot_ws/install/costmap_queue/share/ament_index/resource_index/parent_prefix_path/costmap_queue
[110.875s] -- Installing: /home/jetson/robot_ws/install/costmap_queue/share/costmap_queue/environment/ament_prefix_path.sh
[110.875s] -- Installing: /home/jetson/robot_ws/install/costmap_queue/share/costmap_queue/environment/ament_prefix_path.dsv
[110.875s] -- Installing: /home/jetson/robot_ws/install/costmap_queue/share/costmap_queue/environment/path.sh
[110.875s] -- Installing: /home/jetson/robot_ws/install/costmap_queue/share/costmap_queue/environment/path.dsv
[110.875s] -- Installing: /home/jetson/robot_ws/install/costmap_queue/share/costmap_queue/local_setup.bash
[110.875s] -- Installing: /home/jetson/robot_ws/install/costmap_queue/share/costmap_queue/local_setup.sh
[110.876s] -- Installing: /home/jetson/robot_ws/install/costmap_queue/share/costmap_queue/local_setup.zsh
[110.876s] -- Installing: /home/jetson/robot_ws/install/costmap_queue/share/costmap_queue/local_setup.dsv
[110.876s] -- Installing: /home/jetson/robot_ws/install/costmap_queue/share/costmap_queue/package.dsv
[110.878s] -- Installing: /home/jetson/robot_ws/install/costmap_queue/share/ament_index/resource_index/packages/costmap_queue
[110.878s] -- Installing: /home/jetson/robot_ws/install/costmap_queue/share/costmap_queue/cmake/ament_cmake_export_include_directories-extras.cmake
[110.878s] -- Installing: /home/jetson/robot_ws/install/costmap_queue/share/costmap_queue/cmake/ament_cmake_export_libraries-extras.cmake
[110.878s] -- Installing: /home/jetson/robot_ws/install/costmap_queue/share/costmap_queue/cmake/costmap_queueConfig.cmake
[110.878s] -- Installing: /home/jetson/robot_ws/install/costmap_queue/share/costmap_queue/cmake/costmap_queueConfig-version.cmake
[110.878s] -- Installing: /home/jetson/robot_ws/install/costmap_queue/share/costmap_queue/package.xml
[110.886s] Invoked command in '/home/jetson/robot_ws/build/costmap_queue' returned '0': AMENT_PREFIX_PATH=/home/jetson/robot_ws/install/nav2_costmap_2d:/home/jetson/robot_ws/install/nav2_map_server:/home/jetson/robot_ws/install/nav2_lifecycle_manager:/home/jetson/robot_ws/install/nav2_util:/home/jetson/robot_ws/install/nav2_voxel_grid:/home/jetson/robot_ws/install/nav2_msgs:/home/jetson/robot_ws/install/nav2_common:${AMENT_PREFIX_PATH} CMAKE_PREFIX_PATH=/home/jetson/robot_ws/install/nav2_costmap_2d:/home/jetson/robot_ws/install/nav2_map_server:/home/jetson/robot_ws/install/nav2_lifecycle_manager:/home/jetson/robot_ws/install/nav2_util:/home/jetson/robot_ws/install/nav2_voxel_grid:/home/jetson/robot_ws/install/nav2_msgs:/home/jetson/robot_ws/install/nav2_common:/home/jetson/robot_ws/install/servicerobot_joy:/opt/ros/humble LD_LIBRARY_PATH=/home/jetson/robot_ws/install/nav2_costmap_2d/lib:/home/jetson/robot_ws/install/nav2_map_server/lib:/home/jetson/robot_ws/install/nav2_lifecycle_manager/lib:/home/jetson/robot_ws/install/nav2_util/lib:/home/jetson/robot_ws/install/nav2_voxel_grid/lib:/home/jetson/robot_ws/install/nav2_msgs/lib:${LD_LIBRARY_PATH} PYTHONPATH=/home/jetson/robot_ws/install/nav2_msgs/local/lib/python3.10/dist-packages:/home/jetson/robot_ws/install/nav2_common/local/lib/python3.10/dist-packages:${PYTHONPATH} /usr/bin/cmake --install /home/jetson/robot_ws/build/costmap_queue
