[0.061s] Invoking command in '/home/jetson/robot_ws/build/dwb_plugins': AMENT_PREFIX_PATH=/home/jetson/robot_ws/install/dwb_core:/home/jetson/robot_ws/install/nav2_core:/home/jetson/robot_ws/install/nav2_costmap_2d:/home/jetson/robot_ws/install/nav_2d_utils:/home/jetson/robot_ws/install/nav2_map_server:/home/jetson/robot_ws/install/nav2_lifecycle_manager:/home/jetson/robot_ws/install/nav2_util:/home/jetson/robot_ws/install/nav2_voxel_grid:/home/jetson/robot_ws/install/nav2_msgs:/home/jetson/robot_ws/install/dwb_msgs:/home/jetson/robot_ws/install/nav_2d_msgs:/home/jetson/robot_ws/install/nav2_common:${AMENT_PREFIX_PATH} CMAKE_PREFIX_PATH=/home/jetson/robot_ws/install/dwb_core:/home/jetson/robot_ws/install/nav2_core:/home/jetson/robot_ws/install/nav2_costmap_2d:/home/jetson/robot_ws/install/nav_2d_utils:/home/jetson/robot_ws/install/nav2_map_server:/home/jetson/robot_ws/install/nav2_lifecycle_manager:/home/jetson/robot_ws/install/nav2_util:/home/jetson/robot_ws/install/nav2_voxel_grid:/home/jetson/robot_ws/install/nav2_msgs:/home/jetson/robot_ws/install/dwb_msgs:/home/jetson/robot_ws/install/nav_2d_msgs:/home/jetson/robot_ws/install/nav2_common:/opt/ros/humble LD_LIBRARY_PATH=/home/jetson/robot_ws/install/dwb_core/lib:/home/jetson/robot_ws/install/nav2_costmap_2d/lib:/home/jetson/robot_ws/install/nav_2d_utils/lib:/home/jetson/robot_ws/install/nav2_map_server/lib:/home/jetson/robot_ws/install/nav2_lifecycle_manager/lib:/home/jetson/robot_ws/install/nav2_util/lib:/home/jetson/robot_ws/install/nav2_voxel_grid/lib:/home/jetson/robot_ws/install/nav2_msgs/lib:/home/jetson/robot_ws/install/dwb_msgs/lib:/home/jetson/robot_ws/install/nav_2d_msgs/lib:${LD_LIBRARY_PATH} PYTHONPATH=/home/jetson/robot_ws/install/nav2_msgs/local/lib/python3.10/dist-packages:/home/jetson/robot_ws/install/dwb_msgs/local/lib/python3.10/dist-packages:/home/jetson/robot_ws/install/nav_2d_msgs/local/lib/python3.10/dist-packages:/home/jetson/robot_ws/install/nav2_common/local/lib/python3.10/dist-packages:${PYTHONPATH} /usr/bin/cmake /home/jetson/robot_ws/src/navigation2/nav2_dwb_controller/dwb_plugins -DCMAKE_INSTALL_PREFIX=/home/jetson/robot_ws/install/dwb_plugins
[32.805s] -- The C compiler identification is GNU 11.4.0
[32.805s] -- The CXX compiler identification is GNU 11.4.0
[32.805s] -- Detecting C compiler ABI info
[32.806s] -- Detecting C compiler ABI info - done
[32.806s] -- Check for working C compiler: /usr/bin/cc - skipped
[32.806s] -- Detecting C compile features
[32.806s] -- Detecting C compile features - done
[32.806s] -- Detecting CXX compiler ABI info
[32.806s] -- Detecting CXX compiler ABI info - done
[32.806s] -- Check for working CXX compiler: /usr/bin/c++ - skipped
[32.806s] -- Detecting CXX compile features
[32.806s] -- Detecting CXX compile features - done
[32.807s] -- Found ament_cmake: 1.3.12 (/opt/ros/humble/share/ament_cmake/cmake)
[32.807s] -- Found Python3: /usr/bin/python3 (found version "3.10.12") found components: Interpreter 
[32.807s] -- Found nav2_common: 1.1.20 (/home/jetson/robot_ws/install/nav2_common/share/nav2_common/cmake)
[32.807s] -- Found angles: 1.15.0 (/opt/ros/humble/share/angles/cmake)
[32.807s] -- Found dwb_core: 1.1.20 (/home/jetson/robot_ws/install/dwb_core/share/dwb_core/cmake)
[32.807s] -- Found rosidl_generator_c: 3.1.7 (/opt/ros/humble/share/rosidl_generator_c/cmake)
[32.807s] -- Found rosidl_adapter: 3.1.7 (/opt/ros/humble/share/rosidl_adapter/cmake)
[32.807s] -- Found rosidl_generator_cpp: 3.1.7 (/opt/ros/humble/share/rosidl_generator_cpp/cmake)
[32.807s] -- Using all available rosidl_typesupport_c: rosidl_typesupport_fastrtps_c;rosidl_typesupport_introspection_c
[32.807s] -- Using all available rosidl_typesupport_cpp: rosidl_typesupport_fastrtps_cpp;rosidl_typesupport_introspection_cpp
[32.808s] -- Found rmw_implementation_cmake: 6.1.2 (/opt/ros/humble/share/rmw_implementation_cmake/cmake)
[32.808s] -- Found rmw_fastrtps_cpp: 6.2.9 (/opt/ros/humble/share/rmw_fastrtps_cpp/cmake)
[32.808s] -- Found OpenSSL: /usr/lib/aarch64-linux-gnu/libcrypto.so (found version "3.0.2")  
[32.808s] -- Found FastRTPS: /opt/ros/humble/include  
[32.808s] -- Using RMW implementation 'rmw_fastrtps_cpp' as default
[32.808s] -- Looking for pthread.h
[32.808s] -- Looking for pthread.h - found
[32.808s] -- Performing Test CMAKE_HAVE_LIBC_PTHREAD
[32.808s] -- Performing Test CMAKE_HAVE_LIBC_PTHREAD - Success
[32.808s] -- Found Threads: TRUE  
[32.809s] -- Found Eigen3: TRUE (found version "3.4.0") 
[32.809s] -- Ensuring Eigen3 include directory is part of orocos-kdl CMake target
[32.809s] -- Setting build type to Release as none was specified.
[32.809s] -- Found ament_lint_auto: 0.12.14 (/opt/ros/humble/share/ament_lint_auto/cmake)
[32.809s] -- Found gtest sources under '/opt/ros/humble/src/gtest_vendor': C++ tests using 'Google Test' will be built
[32.809s] -- Added test 'cppcheck' to perform static code analysis on C / C++ code
[32.809s] -- Configured cppcheck include dirs: /home/jetson/robot_ws/src/navigation2/nav2_dwb_controller/dwb_plugins/include
[32.809s] -- Configured cppcheck exclude dirs and/or files: 
[32.809s] -- Added test 'cpplint' to check C / C++ code against the Google style
[32.809s] -- Configured cpplint exclude dirs and/or files: 
[32.809s] -- Added test 'lint_cmake' to check CMake code style
[32.810s] -- Added test 'uncrustify' to check C / C++ code style
[32.810s] -- Configured uncrustify additional arguments: 
[32.810s] -- Added test 'xmllint' to check XML markup files
[32.810s] -- Configuring done
[32.810s] -- Generating done
[32.810s] -- Build files have been written to: /home/jetson/robot_ws/build/dwb_plugins
[32.839s] Invoked command in '/home/jetson/robot_ws/build/dwb_plugins' returned '0': AMENT_PREFIX_PATH=/home/jetson/robot_ws/install/dwb_core:/home/jetson/robot_ws/install/nav2_core:/home/jetson/robot_ws/install/nav2_costmap_2d:/home/jetson/robot_ws/install/nav_2d_utils:/home/jetson/robot_ws/install/nav2_map_server:/home/jetson/robot_ws/install/nav2_lifecycle_manager:/home/jetson/robot_ws/install/nav2_util:/home/jetson/robot_ws/install/nav2_voxel_grid:/home/jetson/robot_ws/install/nav2_msgs:/home/jetson/robot_ws/install/dwb_msgs:/home/jetson/robot_ws/install/nav_2d_msgs:/home/jetson/robot_ws/install/nav2_common:${AMENT_PREFIX_PATH} CMAKE_PREFIX_PATH=/home/jetson/robot_ws/install/dwb_core:/home/jetson/robot_ws/install/nav2_core:/home/jetson/robot_ws/install/nav2_costmap_2d:/home/jetson/robot_ws/install/nav_2d_utils:/home/jetson/robot_ws/install/nav2_map_server:/home/jetson/robot_ws/install/nav2_lifecycle_manager:/home/jetson/robot_ws/install/nav2_util:/home/jetson/robot_ws/install/nav2_voxel_grid:/home/jetson/robot_ws/install/nav2_msgs:/home/jetson/robot_ws/install/dwb_msgs:/home/jetson/robot_ws/install/nav_2d_msgs:/home/jetson/robot_ws/install/nav2_common:/opt/ros/humble LD_LIBRARY_PATH=/home/jetson/robot_ws/install/dwb_core/lib:/home/jetson/robot_ws/install/nav2_costmap_2d/lib:/home/jetson/robot_ws/install/nav_2d_utils/lib:/home/jetson/robot_ws/install/nav2_map_server/lib:/home/jetson/robot_ws/install/nav2_lifecycle_manager/lib:/home/jetson/robot_ws/install/nav2_util/lib:/home/jetson/robot_ws/install/nav2_voxel_grid/lib:/home/jetson/robot_ws/install/nav2_msgs/lib:/home/jetson/robot_ws/install/dwb_msgs/lib:/home/jetson/robot_ws/install/nav_2d_msgs/lib:${LD_LIBRARY_PATH} PYTHONPATH=/home/jetson/robot_ws/install/nav2_msgs/local/lib/python3.10/dist-packages:/home/jetson/robot_ws/install/dwb_msgs/local/lib/python3.10/dist-packages:/home/jetson/robot_ws/install/nav_2d_msgs/local/lib/python3.10/dist-packages:/home/jetson/robot_ws/install/nav2_common/local/lib/python3.10/dist-packages:${PYTHONPATH} /usr/bin/cmake /home/jetson/robot_ws/src/navigation2/nav2_dwb_controller/dwb_plugins -DCMAKE_INSTALL_PREFIX=/home/jetson/robot_ws/install/dwb_plugins
[32.840s] Invoking command in '/home/jetson/robot_ws/build/dwb_plugins': AMENT_PREFIX_PATH=/home/jetson/robot_ws/install/dwb_core:/home/jetson/robot_ws/install/nav2_core:/home/jetson/robot_ws/install/nav2_costmap_2d:/home/jetson/robot_ws/install/nav_2d_utils:/home/jetson/robot_ws/install/nav2_map_server:/home/jetson/robot_ws/install/nav2_lifecycle_manager:/home/jetson/robot_ws/install/nav2_util:/home/jetson/robot_ws/install/nav2_voxel_grid:/home/jetson/robot_ws/install/nav2_msgs:/home/jetson/robot_ws/install/dwb_msgs:/home/jetson/robot_ws/install/nav_2d_msgs:/home/jetson/robot_ws/install/nav2_common:${AMENT_PREFIX_PATH} CMAKE_PREFIX_PATH=/home/jetson/robot_ws/install/dwb_core:/home/jetson/robot_ws/install/nav2_core:/home/jetson/robot_ws/install/nav2_costmap_2d:/home/jetson/robot_ws/install/nav_2d_utils:/home/jetson/robot_ws/install/nav2_map_server:/home/jetson/robot_ws/install/nav2_lifecycle_manager:/home/jetson/robot_ws/install/nav2_util:/home/jetson/robot_ws/install/nav2_voxel_grid:/home/jetson/robot_ws/install/nav2_msgs:/home/jetson/robot_ws/install/dwb_msgs:/home/jetson/robot_ws/install/nav_2d_msgs:/home/jetson/robot_ws/install/nav2_common:/opt/ros/humble LD_LIBRARY_PATH=/home/jetson/robot_ws/install/dwb_core/lib:/home/jetson/robot_ws/install/nav2_costmap_2d/lib:/home/jetson/robot_ws/install/nav_2d_utils/lib:/home/jetson/robot_ws/install/nav2_map_server/lib:/home/jetson/robot_ws/install/nav2_lifecycle_manager/lib:/home/jetson/robot_ws/install/nav2_util/lib:/home/jetson/robot_ws/install/nav2_voxel_grid/lib:/home/jetson/robot_ws/install/nav2_msgs/lib:/home/jetson/robot_ws/install/dwb_msgs/lib:/home/jetson/robot_ws/install/nav_2d_msgs/lib:${LD_LIBRARY_PATH} PYTHONPATH=/home/jetson/robot_ws/install/nav2_msgs/local/lib/python3.10/dist-packages:/home/jetson/robot_ws/install/dwb_msgs/local/lib/python3.10/dist-packages:/home/jetson/robot_ws/install/nav_2d_msgs/local/lib/python3.10/dist-packages:/home/jetson/robot_ws/install/nav2_common/local/lib/python3.10/dist-packages:${PYTHONPATH} /usr/bin/cmake --build /home/jetson/robot_ws/build/dwb_plugins -- -j6 -l6
[33.025s] [  5%] [32mBuilding CXX object CMakeFiles/standard_traj_generator.dir/src/standard_traj_generator.cpp.o[0m
[42.603s] [ 11%] [32mBuilding CXX object CMakeFiles/standard_traj_generator.dir/src/xy_theta_iterator.cpp.o[0m
[50.581s] [ 23%] [32mBuilding CXX object CMakeFiles/standard_traj_generator.dir/src/limited_accel_generator.cpp.o[0m
[50.582s] [ 23%] [32mBuilding CXX object CMakeFiles/standard_traj_generator.dir/src/kinematic_parameters.cpp.o[0m
[63.246s] [ 29%] [32m[1mLinking CXX shared library libstandard_traj_generator.so[0m
[64.116s] [ 29%] Built target standard_traj_generator
[64.263s] [ 35%] [32mBuilding CXX object gtest/CMakeFiles/gtest.dir/src/gtest-all.cc.o[0m
[82.435s] [ 41%] [32m[1mLinking CXX static library libgtest.a[0m
[82.519s] [ 41%] Built target gtest
[82.570s] [ 47%] [32mBuilding CXX object gtest/CMakeFiles/gtest_main.dir/src/gtest_main.cc.o[0m
[84.757s] [ 52%] [32m[1mLinking CXX static library libgtest_main.a[0m
[84.821s] [ 52%] Built target gtest_main
[84.866s] [ 58%] [32mBuilding CXX object test/CMakeFiles/vtest.dir/velocity_iterator_test.cpp.o[0m
[87.946s] [ 64%] [32m[1mLinking CXX executable vtest[0m
[88.147s] [ 64%] Built target vtest
[88.194s] [ 70%] [32mBuilding CXX object test/CMakeFiles/speed_limit_test.dir/speed_limit_test.cpp.o[0m
[99.001s] [ 76%] [32m[1mLinking CXX executable speed_limit_test[0m
[99.611s] [ 76%] Built target speed_limit_test
[99.660s] [ 82%] [32mBuilding CXX object test/CMakeFiles/kinematic_parameters_test.dir/kinematic_parameters_test.cpp.o[0m
[114.729s] [ 88%] [32m[1mLinking CXX executable kinematic_parameters_test[0m
[115.590s] [ 88%] Built target kinematic_parameters_test
[115.716s] [ 94%] [32mBuilding CXX object test/CMakeFiles/twist_gen_test.dir/twist_gen.cpp.o[0m
[135.742s] [100%] [32m[1mLinking CXX executable twist_gen_test[0m
[136.383s] [100%] Built target twist_gen_test
[136.419s] Invoked command in '/home/jetson/robot_ws/build/dwb_plugins' returned '0': AMENT_PREFIX_PATH=/home/jetson/robot_ws/install/dwb_core:/home/jetson/robot_ws/install/nav2_core:/home/jetson/robot_ws/install/nav2_costmap_2d:/home/jetson/robot_ws/install/nav_2d_utils:/home/jetson/robot_ws/install/nav2_map_server:/home/jetson/robot_ws/install/nav2_lifecycle_manager:/home/jetson/robot_ws/install/nav2_util:/home/jetson/robot_ws/install/nav2_voxel_grid:/home/jetson/robot_ws/install/nav2_msgs:/home/jetson/robot_ws/install/dwb_msgs:/home/jetson/robot_ws/install/nav_2d_msgs:/home/jetson/robot_ws/install/nav2_common:${AMENT_PREFIX_PATH} CMAKE_PREFIX_PATH=/home/jetson/robot_ws/install/dwb_core:/home/jetson/robot_ws/install/nav2_core:/home/jetson/robot_ws/install/nav2_costmap_2d:/home/jetson/robot_ws/install/nav_2d_utils:/home/jetson/robot_ws/install/nav2_map_server:/home/jetson/robot_ws/install/nav2_lifecycle_manager:/home/jetson/robot_ws/install/nav2_util:/home/jetson/robot_ws/install/nav2_voxel_grid:/home/jetson/robot_ws/install/nav2_msgs:/home/jetson/robot_ws/install/dwb_msgs:/home/jetson/robot_ws/install/nav_2d_msgs:/home/jetson/robot_ws/install/nav2_common:/opt/ros/humble LD_LIBRARY_PATH=/home/jetson/robot_ws/install/dwb_core/lib:/home/jetson/robot_ws/install/nav2_costmap_2d/lib:/home/jetson/robot_ws/install/nav_2d_utils/lib:/home/jetson/robot_ws/install/nav2_map_server/lib:/home/jetson/robot_ws/install/nav2_lifecycle_manager/lib:/home/jetson/robot_ws/install/nav2_util/lib:/home/jetson/robot_ws/install/nav2_voxel_grid/lib:/home/jetson/robot_ws/install/nav2_msgs/lib:/home/jetson/robot_ws/install/dwb_msgs/lib:/home/jetson/robot_ws/install/nav_2d_msgs/lib:${LD_LIBRARY_PATH} PYTHONPATH=/home/jetson/robot_ws/install/nav2_msgs/local/lib/python3.10/dist-packages:/home/jetson/robot_ws/install/dwb_msgs/local/lib/python3.10/dist-packages:/home/jetson/robot_ws/install/nav_2d_msgs/local/lib/python3.10/dist-packages:/home/jetson/robot_ws/install/nav2_common/local/lib/python3.10/dist-packages:${PYTHONPATH} /usr/bin/cmake --build /home/jetson/robot_ws/build/dwb_plugins -- -j6 -l6
[136.420s] Invoking command in '/home/jetson/robot_ws/build/dwb_plugins': AMENT_PREFIX_PATH=/home/jetson/robot_ws/install/dwb_core:/home/jetson/robot_ws/install/nav2_core:/home/jetson/robot_ws/install/nav2_costmap_2d:/home/jetson/robot_ws/install/nav_2d_utils:/home/jetson/robot_ws/install/nav2_map_server:/home/jetson/robot_ws/install/nav2_lifecycle_manager:/home/jetson/robot_ws/install/nav2_util:/home/jetson/robot_ws/install/nav2_voxel_grid:/home/jetson/robot_ws/install/nav2_msgs:/home/jetson/robot_ws/install/dwb_msgs:/home/jetson/robot_ws/install/nav_2d_msgs:/home/jetson/robot_ws/install/nav2_common:${AMENT_PREFIX_PATH} CMAKE_PREFIX_PATH=/home/jetson/robot_ws/install/dwb_core:/home/jetson/robot_ws/install/nav2_core:/home/jetson/robot_ws/install/nav2_costmap_2d:/home/jetson/robot_ws/install/nav_2d_utils:/home/jetson/robot_ws/install/nav2_map_server:/home/jetson/robot_ws/install/nav2_lifecycle_manager:/home/jetson/robot_ws/install/nav2_util:/home/jetson/robot_ws/install/nav2_voxel_grid:/home/jetson/robot_ws/install/nav2_msgs:/home/jetson/robot_ws/install/dwb_msgs:/home/jetson/robot_ws/install/nav_2d_msgs:/home/jetson/robot_ws/install/nav2_common:/opt/ros/humble LD_LIBRARY_PATH=/home/jetson/robot_ws/install/dwb_core/lib:/home/jetson/robot_ws/install/nav2_costmap_2d/lib:/home/jetson/robot_ws/install/nav_2d_utils/lib:/home/jetson/robot_ws/install/nav2_map_server/lib:/home/jetson/robot_ws/install/nav2_lifecycle_manager/lib:/home/jetson/robot_ws/install/nav2_util/lib:/home/jetson/robot_ws/install/nav2_voxel_grid/lib:/home/jetson/robot_ws/install/nav2_msgs/lib:/home/jetson/robot_ws/install/dwb_msgs/lib:/home/jetson/robot_ws/install/nav_2d_msgs/lib:${LD_LIBRARY_PATH} PYTHONPATH=/home/jetson/robot_ws/install/nav2_msgs/local/lib/python3.10/dist-packages:/home/jetson/robot_ws/install/dwb_msgs/local/lib/python3.10/dist-packages:/home/jetson/robot_ws/install/nav_2d_msgs/local/lib/python3.10/dist-packages:/home/jetson/robot_ws/install/nav2_common/local/lib/python3.10/dist-packages:${PYTHONPATH} /usr/bin/cmake --install /home/jetson/robot_ws/build/dwb_plugins
[136.442s] -- Install configuration: "Release"
[136.443s] -- Installing: /home/jetson/robot_ws/install/dwb_plugins/lib/libstandard_traj_generator.so
[136.444s] -- Set runtime path of "/home/jetson/robot_ws/install/dwb_plugins/lib/libstandard_traj_generator.so" to ""
[136.445s] -- Installing: /home/jetson/robot_ws/install/dwb_plugins/include/
[136.445s] -- Installing: /home/jetson/robot_ws/install/dwb_plugins/include//dwb_plugins
[136.446s] -- Installing: /home/jetson/robot_ws/install/dwb_plugins/include//dwb_plugins/xy_theta_iterator.hpp
[136.447s] -- Installing: /home/jetson/robot_ws/install/dwb_plugins/include//dwb_plugins/limited_accel_generator.hpp
[136.447s] -- Installing: /home/jetson/robot_ws/install/dwb_plugins/include//dwb_plugins/standard_traj_generator.hpp
[136.448s] -- Installing: /home/jetson/robot_ws/install/dwb_plugins/include//dwb_plugins/kinematic_parameters.hpp
[136.448s] -- Installing: /home/jetson/robot_ws/install/dwb_plugins/include//dwb_plugins/velocity_iterator.hpp
[136.449s] -- Installing: /home/jetson/robot_ws/install/dwb_plugins/include//dwb_plugins/one_d_velocity_iterator.hpp
[136.449s] -- Installing: /home/jetson/robot_ws/install/dwb_plugins/share/dwb_plugins/plugins.xml
[136.451s] -- Installing: /home/jetson/robot_ws/install/dwb_plugins/share/dwb_plugins/environment/library_path.sh
[136.452s] -- Installing: /home/jetson/robot_ws/install/dwb_plugins/share/dwb_plugins/environment/library_path.dsv
[136.452s] -- Up-to-date: /home/jetson/robot_ws/install/dwb_plugins/share/dwb_plugins/plugins.xml
[136.453s] -- Installing: /home/jetson/robot_ws/install/dwb_plugins/share/ament_index/resource_index/package_run_dependencies/dwb_plugins
[136.454s] -- Installing: /home/jetson/robot_ws/install/dwb_plugins/share/ament_index/resource_index/parent_prefix_path/dwb_plugins
[136.455s] -- Installing: /home/jetson/robot_ws/install/dwb_plugins/share/dwb_plugins/environment/ament_prefix_path.sh
[136.455s] -- Installing: /home/jetson/robot_ws/install/dwb_plugins/share/dwb_plugins/environment/ament_prefix_path.dsv
[136.456s] -- Installing: /home/jetson/robot_ws/install/dwb_plugins/share/dwb_plugins/environment/path.sh
[136.457s] -- Installing: /home/jetson/robot_ws/install/dwb_plugins/share/dwb_plugins/environment/path.dsv
[136.457s] -- Installing: /home/jetson/robot_ws/install/dwb_plugins/share/dwb_plugins/local_setup.bash
[136.458s] -- Installing: /home/jetson/robot_ws/install/dwb_plugins/share/dwb_plugins/local_setup.sh
[136.458s] -- Installing: /home/jetson/robot_ws/install/dwb_plugins/share/dwb_plugins/local_setup.zsh
[136.459s] -- Installing: /home/jetson/robot_ws/install/dwb_plugins/share/dwb_plugins/local_setup.dsv
[136.459s] -- Installing: /home/jetson/robot_ws/install/dwb_plugins/share/dwb_plugins/package.dsv
[136.459s] -- Installing: /home/jetson/robot_ws/install/dwb_plugins/share/ament_index/resource_index/packages/dwb_plugins
[136.460s] -- Installing: /home/jetson/robot_ws/install/dwb_plugins/share/ament_index/resource_index/dwb_core__pluginlib__plugin/dwb_plugins
[136.460s] -- Installing: /home/jetson/robot_ws/install/dwb_plugins/share/dwb_plugins/cmake/ament_cmake_export_include_directories-extras.cmake
[136.460s] -- Installing: /home/jetson/robot_ws/install/dwb_plugins/share/dwb_plugins/cmake/ament_cmake_export_libraries-extras.cmake
[136.460s] -- Installing: /home/jetson/robot_ws/install/dwb_plugins/share/dwb_plugins/cmake/dwb_pluginsConfig.cmake
[136.461s] -- Installing: /home/jetson/robot_ws/install/dwb_plugins/share/dwb_plugins/cmake/dwb_pluginsConfig-version.cmake
[136.461s] -- Installing: /home/jetson/robot_ws/install/dwb_plugins/share/dwb_plugins/package.xml
[136.467s] Invoked command in '/home/jetson/robot_ws/build/dwb_plugins' returned '0': AMENT_PREFIX_PATH=/home/jetson/robot_ws/install/dwb_core:/home/jetson/robot_ws/install/nav2_core:/home/jetson/robot_ws/install/nav2_costmap_2d:/home/jetson/robot_ws/install/nav_2d_utils:/home/jetson/robot_ws/install/nav2_map_server:/home/jetson/robot_ws/install/nav2_lifecycle_manager:/home/jetson/robot_ws/install/nav2_util:/home/jetson/robot_ws/install/nav2_voxel_grid:/home/jetson/robot_ws/install/nav2_msgs:/home/jetson/robot_ws/install/dwb_msgs:/home/jetson/robot_ws/install/nav_2d_msgs:/home/jetson/robot_ws/install/nav2_common:${AMENT_PREFIX_PATH} CMAKE_PREFIX_PATH=/home/jetson/robot_ws/install/dwb_core:/home/jetson/robot_ws/install/nav2_core:/home/jetson/robot_ws/install/nav2_costmap_2d:/home/jetson/robot_ws/install/nav_2d_utils:/home/jetson/robot_ws/install/nav2_map_server:/home/jetson/robot_ws/install/nav2_lifecycle_manager:/home/jetson/robot_ws/install/nav2_util:/home/jetson/robot_ws/install/nav2_voxel_grid:/home/jetson/robot_ws/install/nav2_msgs:/home/jetson/robot_ws/install/dwb_msgs:/home/jetson/robot_ws/install/nav_2d_msgs:/home/jetson/robot_ws/install/nav2_common:/opt/ros/humble LD_LIBRARY_PATH=/home/jetson/robot_ws/install/dwb_core/lib:/home/jetson/robot_ws/install/nav2_costmap_2d/lib:/home/jetson/robot_ws/install/nav_2d_utils/lib:/home/jetson/robot_ws/install/nav2_map_server/lib:/home/jetson/robot_ws/install/nav2_lifecycle_manager/lib:/home/jetson/robot_ws/install/nav2_util/lib:/home/jetson/robot_ws/install/nav2_voxel_grid/lib:/home/jetson/robot_ws/install/nav2_msgs/lib:/home/jetson/robot_ws/install/dwb_msgs/lib:/home/jetson/robot_ws/install/nav_2d_msgs/lib:${LD_LIBRARY_PATH} PYTHONPATH=/home/jetson/robot_ws/install/nav2_msgs/local/lib/python3.10/dist-packages:/home/jetson/robot_ws/install/dwb_msgs/local/lib/python3.10/dist-packages:/home/jetson/robot_ws/install/nav_2d_msgs/local/lib/python3.10/dist-packages:/home/jetson/robot_ws/install/nav2_common/local/lib/python3.10/dist-packages:${PYTHONPATH} /usr/bin/cmake --install /home/jetson/robot_ws/build/dwb_plugins
