running egg_info
creating ../../build/servicerobot_joy/servicerobot_joy.egg-info
writing ../../build/servicerobot_joy/servicerobot_joy.egg-info/PKG-INFO
writing dependency_links to ../../build/servicerobot_joy/servicerobot_joy.egg-info/dependency_links.txt
writing entry points to ../../build/servicerobot_joy/servicerobot_joy.egg-info/entry_points.txt
writing requirements to ../../build/servicerobot_joy/servicerobot_joy.egg-info/requires.txt
writing top-level names to ../../build/servicerobot_joy/servicerobot_joy.egg-info/top_level.txt
writing manifest file '../../build/servicerobot_joy/servicerobot_joy.egg-info/SOURCES.txt'
reading manifest file '../../build/servicerobot_joy/servicerobot_joy.egg-info/SOURCES.txt'
writing manifest file '../../build/servicerobot_joy/servicerobot_joy.egg-info/SOURCES.txt'
running build
running build_py
creating /home/jetson/robot_ws/build/servicerobot_joy/build
creating /home/jetson/robot_ws/build/servicerobot_joy/build/lib
creating /home/jetson/robot_ws/build/servicerobot_joy/build/lib/servicerobot_joy
copying servicerobot_joy/joy_control_node.py -> /home/jetson/robot_ws/build/servicerobot_joy/build/lib/servicerobot_joy
copying servicerobot_joy/__init__.py -> /home/jetson/robot_ws/build/servicerobot_joy/build/lib/servicerobot_joy
running install
running install_lib
creating /home/jetson/robot_ws/install/servicerobot_joy/lib/python3.10/site-packages/servicerobot_joy
copying /home/jetson/robot_ws/build/servicerobot_joy/build/lib/servicerobot_joy/joy_control_node.py -> /home/jetson/robot_ws/install/servicerobot_joy/lib/python3.10/site-packages/servicerobot_joy
copying /home/jetson/robot_ws/build/servicerobot_joy/build/lib/servicerobot_joy/__init__.py -> /home/jetson/robot_ws/install/servicerobot_joy/lib/python3.10/site-packages/servicerobot_joy
byte-compiling /home/jetson/robot_ws/install/servicerobot_joy/lib/python3.10/site-packages/servicerobot_joy/joy_control_node.py to joy_control_node.cpython-310.pyc
byte-compiling /home/jetson/robot_ws/install/servicerobot_joy/lib/python3.10/site-packages/servicerobot_joy/__init__.py to __init__.cpython-310.pyc
running install_data
creating /home/jetson/robot_ws/install/servicerobot_joy/share/ament_index
creating /home/jetson/robot_ws/install/servicerobot_joy/share/ament_index/resource_index
creating /home/jetson/robot_ws/install/servicerobot_joy/share/ament_index/resource_index/packages
copying resource/servicerobot_joy -> /home/jetson/robot_ws/install/servicerobot_joy/share/ament_index/resource_index/packages
copying package.xml -> /home/jetson/robot_ws/install/servicerobot_joy/share/servicerobot_joy
running install_egg_info
Copying ../../build/servicerobot_joy/servicerobot_joy.egg-info to /home/jetson/robot_ws/install/servicerobot_joy/lib/python3.10/site-packages/servicerobot_joy-0.0.0-py3.10.egg-info
running install_scripts
Installing joy_control script to /home/jetson/robot_ws/install/servicerobot_joy/lib/servicerobot_joy
writing list of installed files to '/home/jetson/robot_ws/build/servicerobot_joy/install.log'
