[1.095s] Invoking command in '/home/jetson/robot_ws/src/servicerobot_joy': PYTHONPATH=/home/jetson/robot_ws/build/servicerobot_joy/prefix_override:/usr/lib/python3/dist-packages/colcon_core/task/python/colcon_distutils_commands:/home/jetson/robot_ws/install/servicerobot_joy/lib/python3.10/site-packages:${PYTHONPATH} /usr/bin/python3 -W ignore:setup.py install is deprecated -W ignore:easy_install command is deprecated setup.py egg_info --egg-base ../../build/servicerobot_joy build --build-base /home/jetson/robot_ws/build/servicerobot_joy/build install --record /home/jetson/robot_ws/build/servicerobot_joy/install.log --single-version-externally-managed install_data
[1.521s] running egg_info
[1.522s] creating ../../build/servicerobot_joy/servicerobot_joy.egg-info
[1.523s] writing ../../build/servicerobot_joy/servicerobot_joy.egg-info/PKG-INFO
[1.524s] writing dependency_links to ../../build/servicerobot_joy/servicerobot_joy.egg-info/dependency_links.txt
[1.524s] writing entry points to ../../build/servicerobot_joy/servicerobot_joy.egg-info/entry_points.txt
[1.524s] writing requirements to ../../build/servicerobot_joy/servicerobot_joy.egg-info/requires.txt
[1.524s] writing top-level names to ../../build/servicerobot_joy/servicerobot_joy.egg-info/top_level.txt
[1.525s] writing manifest file '../../build/servicerobot_joy/servicerobot_joy.egg-info/SOURCES.txt'
[1.528s] reading manifest file '../../build/servicerobot_joy/servicerobot_joy.egg-info/SOURCES.txt'
[1.531s] writing manifest file '../../build/servicerobot_joy/servicerobot_joy.egg-info/SOURCES.txt'
[1.532s] running build
[1.534s] running build_py
[1.534s] creating /home/jetson/robot_ws/build/servicerobot_joy/build
[1.534s] creating /home/jetson/robot_ws/build/servicerobot_joy/build/lib
[1.535s] creating /home/jetson/robot_ws/build/servicerobot_joy/build/lib/servicerobot_joy
[1.535s] copying servicerobot_joy/joy_control_node.py -> /home/jetson/robot_ws/build/servicerobot_joy/build/lib/servicerobot_joy
[1.535s] copying servicerobot_joy/__init__.py -> /home/jetson/robot_ws/build/servicerobot_joy/build/lib/servicerobot_joy
[1.536s] running install
[1.536s] running install_lib
[1.537s] creating /home/jetson/robot_ws/install/servicerobot_joy/lib/python3.10/site-packages/servicerobot_joy
[1.537s] copying /home/jetson/robot_ws/build/servicerobot_joy/build/lib/servicerobot_joy/joy_control_node.py -> /home/jetson/robot_ws/install/servicerobot_joy/lib/python3.10/site-packages/servicerobot_joy
[1.538s] copying /home/jetson/robot_ws/build/servicerobot_joy/build/lib/servicerobot_joy/__init__.py -> /home/jetson/robot_ws/install/servicerobot_joy/lib/python3.10/site-packages/servicerobot_joy
[1.538s] byte-compiling /home/jetson/robot_ws/install/servicerobot_joy/lib/python3.10/site-packages/servicerobot_joy/joy_control_node.py to joy_control_node.cpython-310.pyc
[1.538s] byte-compiling /home/jetson/robot_ws/install/servicerobot_joy/lib/python3.10/site-packages/servicerobot_joy/__init__.py to __init__.cpython-310.pyc
[1.538s] running install_data
[1.539s] creating /home/jetson/robot_ws/install/servicerobot_joy/share/ament_index
[1.540s] creating /home/jetson/robot_ws/install/servicerobot_joy/share/ament_index/resource_index
[1.542s] creating /home/jetson/robot_ws/install/servicerobot_joy/share/ament_index/resource_index/packages
[1.543s] copying resource/servicerobot_joy -> /home/jetson/robot_ws/install/servicerobot_joy/share/ament_index/resource_index/packages
[1.543s] copying package.xml -> /home/jetson/robot_ws/install/servicerobot_joy/share/servicerobot_joy
[1.543s] running install_egg_info
[1.544s] Copying ../../build/servicerobot_joy/servicerobot_joy.egg-info to /home/jetson/robot_ws/install/servicerobot_joy/lib/python3.10/site-packages/servicerobot_joy-0.0.0-py3.10.egg-info
[1.544s] running install_scripts
[1.580s] Installing joy_control script to /home/jetson/robot_ws/install/servicerobot_joy/lib/servicerobot_joy
[1.581s] writing list of installed files to '/home/jetson/robot_ws/build/servicerobot_joy/install.log'
[1.646s] Invoked command in '/home/jetson/robot_ws/src/servicerobot_joy' returned '0': PYTHONPATH=/home/jetson/robot_ws/build/servicerobot_joy/prefix_override:/usr/lib/python3/dist-packages/colcon_core/task/python/colcon_distutils_commands:/home/jetson/robot_ws/install/servicerobot_joy/lib/python3.10/site-packages:${PYTHONPATH} /usr/bin/python3 -W ignore:setup.py install is deprecated -W ignore:easy_install command is deprecated setup.py egg_info --egg-base ../../build/servicerobot_joy build --build-base /home/jetson/robot_ws/build/servicerobot_joy/build install --record /home/jetson/robot_ws/build/servicerobot_joy/install.log --single-version-externally-managed install_data
