[0.048s] Invoking command in '/home/jetson/robot_ws/build/nav2_lifecycle_manager': AMENT_PREFIX_PATH=/home/jetson/robot_ws/install/nav2_util:/home/jetson/robot_ws/install/nav2_msgs:/home/jetson/robot_ws/install/nav2_common:${AMENT_PREFIX_PATH} CMAKE_PREFIX_PATH=/home/jetson/robot_ws/install/nav2_util:/home/jetson/robot_ws/install/nav2_msgs:/home/jetson/robot_ws/install/nav2_common:/opt/ros/humble LD_LIBRARY_PATH=/home/jetson/robot_ws/install/nav2_util/lib:/home/jetson/robot_ws/install/nav2_msgs/lib:${LD_LIBRARY_PATH} PYTHONPATH=/home/jetson/robot_ws/install/nav2_msgs/local/lib/python3.10/dist-packages:/home/jetson/robot_ws/install/nav2_common/local/lib/python3.10/dist-packages:${PYTHONPATH} /usr/bin/cmake /home/jetson/robot_ws/src/navigation2/nav2_lifecycle_manager -DCMAKE_INSTALL_PREFIX=/home/jetson/robot_ws/install/nav2_lifecycle_manager
[0.163s] -- The C compiler identification is GNU 11.4.0
[0.306s] -- The CXX compiler identification is GNU 11.4.0
[0.323s] -- Detecting C compiler ABI info
[0.470s] -- Detecting C compiler ABI info - done
[0.484s] -- Check for working C compiler: /usr/bin/cc - skipped
[0.484s] -- Detecting C compile features
[0.485s] -- Detecting C compile features - done
[0.493s] -- Detecting CXX compiler ABI info
[0.673s] -- Detecting CXX compiler ABI info - done
[0.700s] -- Check for working CXX compiler: /usr/bin/c++ - skipped
[0.701s] -- Detecting CXX compile features
[0.702s] -- Detecting CXX compile features - done
[0.712s] -- Found ament_cmake: 1.3.12 (/opt/ros/humble/share/ament_cmake/cmake)
[1.103s] -- Found Python3: /usr/bin/python3 (found version "3.10.12") found components: Interpreter 
[1.286s] -- Found geometry_msgs: 4.9.0 (/opt/ros/humble/share/geometry_msgs/cmake)
[1.349s] -- Found rosidl_generator_c: 3.1.7 (/opt/ros/humble/share/rosidl_generator_c/cmake)
[1.359s] -- Found rosidl_adapter: 3.1.7 (/opt/ros/humble/share/rosidl_adapter/cmake)
[1.374s] -- Found rosidl_generator_cpp: 3.1.7 (/opt/ros/humble/share/rosidl_generator_cpp/cmake)
[1.398s] -- Using all available rosidl_typesupport_c: rosidl_typesupport_fastrtps_c;rosidl_typesupport_introspection_c
[1.428s] -- Using all available rosidl_typesupport_cpp: rosidl_typesupport_fastrtps_cpp;rosidl_typesupport_introspection_cpp
[1.500s] -- Found lifecycle_msgs: 1.2.2 (/opt/ros/humble/share/lifecycle_msgs/cmake)
[1.517s] -- Found nav2_common: 1.1.20 (/home/jetson/robot_ws/install/nav2_common/share/nav2_common/cmake)
[1.519s] -- Found nav2_msgs: 1.1.20 (/home/jetson/robot_ws/install/nav2_msgs/share/nav2_msgs/cmake)
[1.637s] -- Found nav2_util: 1.1.20 (/home/jetson/robot_ws/install/nav2_util/share/nav2_util/cmake)
[1.770s] -- Found rmw_implementation_cmake: 6.1.2 (/opt/ros/humble/share/rmw_implementation_cmake/cmake)
[1.777s] -- Found rmw_fastrtps_cpp: 6.2.9 (/opt/ros/humble/share/rmw_fastrtps_cpp/cmake)
[2.049s] -- Found OpenSSL: /usr/lib/aarch64-linux-gnu/libcrypto.so (found version "3.0.2")  
[2.106s] -- Found FastRTPS: /opt/ros/humble/include  
[2.191s] -- Using RMW implementation 'rmw_fastrtps_cpp' as default
[2.211s] -- Looking for pthread.h
[2.371s] -- Looking for pthread.h - found
[2.372s] -- Performing Test CMAKE_HAVE_LIBC_PTHREAD
[2.523s] -- Performing Test CMAKE_HAVE_LIBC_PTHREAD - Success
[2.525s] -- Found Threads: TRUE  
[2.709s] -- Found eigen3_cmake_module: 0.1.1 (/opt/ros/humble/share/eigen3_cmake_module/cmake)
[2.711s] -- Found Eigen3: TRUE (found version "3.4.0") 
[2.711s] -- Ensuring Eigen3 include directory is part of orocos-kdl CMake target
[2.791s] -- Found std_srvs: 4.9.0 (/opt/ros/humble/share/std_srvs/cmake)
[2.814s] -- Found diagnostic_updater: 4.0.6 (/opt/ros/humble/share/diagnostic_updater/cmake)
[2.855s] -- Setting build type to Release as none was specified.
[2.942s] -- Found ament_lint_auto: 0.12.14 (/opt/ros/humble/share/ament_lint_auto/cmake)
[3.150s] -- Found gtest sources under '/opt/ros/humble/src/gtest_vendor': C++ tests using 'Google Test' will be built
[3.253s] -- Added test 'copyright' to check source files copyright and LICENSE
[3.257s] -- Added test 'cppcheck' to perform static code analysis on C / C++ code
[3.258s] -- Configured cppcheck include dirs: /home/jetson/robot_ws/src/navigation2/nav2_lifecycle_manager/include
[3.259s] -- Configured cppcheck exclude dirs and/or files: 
[3.261s] -- Added test 'cpplint' to check C / C++ code against the Google style
[3.262s] -- Configured cpplint exclude dirs and/or files: 
[3.263s] -- Added test 'flake8' to check Python code syntax and style conventions
[3.265s] -- Added test 'lint_cmake' to check CMake code style
[3.267s] -- Added test 'pep257' to check Python code against some of the docstring style conventions in PEP 257
[3.270s] -- Added test 'uncrustify' to check C / C++ code style
[3.270s] -- Configured uncrustify additional arguments: 
[3.272s] -- Added test 'xmllint' to check XML markup files
[3.278s] -- Configuring done
[3.463s] -- Generating done
[3.495s] -- Build files have been written to: /home/jetson/robot_ws/build/nav2_lifecycle_manager
[3.560s] Invoked command in '/home/jetson/robot_ws/build/nav2_lifecycle_manager' returned '0': AMENT_PREFIX_PATH=/home/jetson/robot_ws/install/nav2_util:/home/jetson/robot_ws/install/nav2_msgs:/home/jetson/robot_ws/install/nav2_common:${AMENT_PREFIX_PATH} CMAKE_PREFIX_PATH=/home/jetson/robot_ws/install/nav2_util:/home/jetson/robot_ws/install/nav2_msgs:/home/jetson/robot_ws/install/nav2_common:/opt/ros/humble LD_LIBRARY_PATH=/home/jetson/robot_ws/install/nav2_util/lib:/home/jetson/robot_ws/install/nav2_msgs/lib:${LD_LIBRARY_PATH} PYTHONPATH=/home/jetson/robot_ws/install/nav2_msgs/local/lib/python3.10/dist-packages:/home/jetson/robot_ws/install/nav2_common/local/lib/python3.10/dist-packages:${PYTHONPATH} /usr/bin/cmake /home/jetson/robot_ws/src/navigation2/nav2_lifecycle_manager -DCMAKE_INSTALL_PREFIX=/home/jetson/robot_ws/install/nav2_lifecycle_manager
[3.561s] Invoking command in '/home/jetson/robot_ws/build/nav2_lifecycle_manager': AMENT_PREFIX_PATH=/home/jetson/robot_ws/install/nav2_util:/home/jetson/robot_ws/install/nav2_msgs:/home/jetson/robot_ws/install/nav2_common:${AMENT_PREFIX_PATH} CMAKE_PREFIX_PATH=/home/jetson/robot_ws/install/nav2_util:/home/jetson/robot_ws/install/nav2_msgs:/home/jetson/robot_ws/install/nav2_common:/opt/ros/humble LD_LIBRARY_PATH=/home/jetson/robot_ws/install/nav2_util/lib:/home/jetson/robot_ws/install/nav2_msgs/lib:${LD_LIBRARY_PATH} PYTHONPATH=/home/jetson/robot_ws/install/nav2_msgs/local/lib/python3.10/dist-packages:/home/jetson/robot_ws/install/nav2_common/local/lib/python3.10/dist-packages:${PYTHONPATH} /usr/bin/cmake --build /home/jetson/robot_ws/build/nav2_lifecycle_manager -- -j6 -l6
[3.741s] [  7%] [32mBuilding CXX object CMakeFiles/nav2_lifecycle_manager_core.dir/src/lifecycle_manager.cpp.o[0m
[3.742s] [ 15%] [32mBuilding CXX object gtest/CMakeFiles/gtest_main.dir/src/gtest_main.cc.o[0m
[3.769s] [ 23%] [32mBuilding CXX object gtest/CMakeFiles/gtest.dir/src/gtest-all.cc.o[0m
[3.785s] [ 30%] [32mBuilding CXX object CMakeFiles/nav2_lifecycle_manager_core.dir/src/lifecycle_manager_client.cpp.o[0m
[10.627s] [ 38%] [32m[1mLinking CXX static library libgtest_main.a[0m
[10.787s] [ 38%] Built target gtest_main
[42.908s] [ 46%] [32m[1mLinking CXX static library libgtest.a[0m
[43.145s] [ 46%] Built target gtest
[49.814s] [ 53%] [32m[1mLinking CXX shared library libnav2_lifecycle_manager_core.so[0m
[50.658s] [ 53%] Built target nav2_lifecycle_manager_core
[50.797s] [ 61%] [32mBuilding CXX object CMakeFiles/lifecycle_manager.dir/src/main.cpp.o[0m
[63.559s] [ 69%] [32m[1mLinking CXX executable lifecycle_manager[0m
[64.031s] [ 69%] Built target lifecycle_manager
[64.070s] [ 76%] [32mBuilding CXX object test/CMakeFiles/test_bond_gtest.dir/test_bond.cpp.o[0m
[78.501s] [ 84%] [32m[1mLinking CXX executable test_bond_gtest[0m
[79.125s] [ 84%] Built target test_bond_gtest
[79.201s] [ 92%] [32mBuilding CXX object test/CMakeFiles/test_lifecycle_gtest.dir/test_lifecycle_manager.cpp.o[0m
[92.409s] [100%] [32m[1mLinking CXX executable test_lifecycle_gtest[0m
[92.954s] [100%] Built target test_lifecycle_gtest
[92.986s] Invoked command in '/home/jetson/robot_ws/build/nav2_lifecycle_manager' returned '0': AMENT_PREFIX_PATH=/home/jetson/robot_ws/install/nav2_util:/home/jetson/robot_ws/install/nav2_msgs:/home/jetson/robot_ws/install/nav2_common:${AMENT_PREFIX_PATH} CMAKE_PREFIX_PATH=/home/jetson/robot_ws/install/nav2_util:/home/jetson/robot_ws/install/nav2_msgs:/home/jetson/robot_ws/install/nav2_common:/opt/ros/humble LD_LIBRARY_PATH=/home/jetson/robot_ws/install/nav2_util/lib:/home/jetson/robot_ws/install/nav2_msgs/lib:${LD_LIBRARY_PATH} PYTHONPATH=/home/jetson/robot_ws/install/nav2_msgs/local/lib/python3.10/dist-packages:/home/jetson/robot_ws/install/nav2_common/local/lib/python3.10/dist-packages:${PYTHONPATH} /usr/bin/cmake --build /home/jetson/robot_ws/build/nav2_lifecycle_manager -- -j6 -l6
[92.986s] Invoking command in '/home/jetson/robot_ws/build/nav2_lifecycle_manager': AMENT_PREFIX_PATH=/home/jetson/robot_ws/install/nav2_util:/home/jetson/robot_ws/install/nav2_msgs:/home/jetson/robot_ws/install/nav2_common:${AMENT_PREFIX_PATH} CMAKE_PREFIX_PATH=/home/jetson/robot_ws/install/nav2_util:/home/jetson/robot_ws/install/nav2_msgs:/home/jetson/robot_ws/install/nav2_common:/opt/ros/humble LD_LIBRARY_PATH=/home/jetson/robot_ws/install/nav2_util/lib:/home/jetson/robot_ws/install/nav2_msgs/lib:${LD_LIBRARY_PATH} PYTHONPATH=/home/jetson/robot_ws/install/nav2_msgs/local/lib/python3.10/dist-packages:/home/jetson/robot_ws/install/nav2_common/local/lib/python3.10/dist-packages:${PYTHONPATH} /usr/bin/cmake --install /home/jetson/robot_ws/build/nav2_lifecycle_manager
[93.009s] -- Install configuration: "Release"
[93.009s] -- Installing: /home/jetson/robot_ws/install/nav2_lifecycle_manager/lib/libnav2_lifecycle_manager_core.so
[93.010s] -- Set runtime path of "/home/jetson/robot_ws/install/nav2_lifecycle_manager/lib/libnav2_lifecycle_manager_core.so" to ""
[93.010s] -- Installing: /home/jetson/robot_ws/install/nav2_lifecycle_manager/lib/nav2_lifecycle_manager/lifecycle_manager
[93.011s] -- Set runtime path of "/home/jetson/robot_ws/install/nav2_lifecycle_manager/lib/nav2_lifecycle_manager/lifecycle_manager" to ""
[93.014s] -- Installing: /home/jetson/robot_ws/install/nav2_lifecycle_manager/include/
[93.014s] -- Installing: /home/jetson/robot_ws/install/nav2_lifecycle_manager/include//nav2_lifecycle_manager
[93.014s] -- Installing: /home/jetson/robot_ws/install/nav2_lifecycle_manager/include//nav2_lifecycle_manager/lifecycle_manager.hpp
[93.015s] -- Installing: /home/jetson/robot_ws/install/nav2_lifecycle_manager/include//nav2_lifecycle_manager/lifecycle_manager_client.hpp
[93.015s] -- Installing: /home/jetson/robot_ws/install/nav2_lifecycle_manager/share/nav2_lifecycle_manager/environment/library_path.sh
[93.015s] -- Installing: /home/jetson/robot_ws/install/nav2_lifecycle_manager/share/nav2_lifecycle_manager/environment/library_path.dsv
[93.015s] -- Installing: /home/jetson/robot_ws/install/nav2_lifecycle_manager/share/ament_index/resource_index/package_run_dependencies/nav2_lifecycle_manager
[93.015s] -- Installing: /home/jetson/robot_ws/install/nav2_lifecycle_manager/share/ament_index/resource_index/parent_prefix_path/nav2_lifecycle_manager
[93.015s] -- Installing: /home/jetson/robot_ws/install/nav2_lifecycle_manager/share/nav2_lifecycle_manager/environment/ament_prefix_path.sh
[93.016s] -- Installing: /home/jetson/robot_ws/install/nav2_lifecycle_manager/share/nav2_lifecycle_manager/environment/ament_prefix_path.dsv
[93.016s] -- Installing: /home/jetson/robot_ws/install/nav2_lifecycle_manager/share/nav2_lifecycle_manager/environment/path.sh
[93.016s] -- Installing: /home/jetson/robot_ws/install/nav2_lifecycle_manager/share/nav2_lifecycle_manager/environment/path.dsv
[93.016s] -- Installing: /home/jetson/robot_ws/install/nav2_lifecycle_manager/share/nav2_lifecycle_manager/local_setup.bash
[93.016s] -- Installing: /home/jetson/robot_ws/install/nav2_lifecycle_manager/share/nav2_lifecycle_manager/local_setup.sh
[93.016s] -- Installing: /home/jetson/robot_ws/install/nav2_lifecycle_manager/share/nav2_lifecycle_manager/local_setup.zsh
[93.016s] -- Installing: /home/jetson/robot_ws/install/nav2_lifecycle_manager/share/nav2_lifecycle_manager/local_setup.dsv
[93.016s] -- Installing: /home/jetson/robot_ws/install/nav2_lifecycle_manager/share/nav2_lifecycle_manager/package.dsv
[93.017s] -- Installing: /home/jetson/robot_ws/install/nav2_lifecycle_manager/share/ament_index/resource_index/packages/nav2_lifecycle_manager
[93.017s] -- Installing: /home/jetson/robot_ws/install/nav2_lifecycle_manager/share/ament_index/resource_index/rclcpp_components/nav2_lifecycle_manager
[93.017s] -- Installing: /home/jetson/robot_ws/install/nav2_lifecycle_manager/share/nav2_lifecycle_manager/cmake/ament_cmake_export_include_directories-extras.cmake
[93.017s] -- Installing: /home/jetson/robot_ws/install/nav2_lifecycle_manager/share/nav2_lifecycle_manager/cmake/ament_cmake_export_libraries-extras.cmake
[93.017s] -- Installing: /home/jetson/robot_ws/install/nav2_lifecycle_manager/share/nav2_lifecycle_manager/cmake/ament_cmake_export_dependencies-extras.cmake
[93.017s] -- Installing: /home/jetson/robot_ws/install/nav2_lifecycle_manager/share/nav2_lifecycle_manager/cmake/nav2_lifecycle_managerConfig.cmake
[93.018s] -- Installing: /home/jetson/robot_ws/install/nav2_lifecycle_manager/share/nav2_lifecycle_manager/cmake/nav2_lifecycle_managerConfig-version.cmake
[93.018s] -- Installing: /home/jetson/robot_ws/install/nav2_lifecycle_manager/share/nav2_lifecycle_manager/package.xml
[93.054s] Invoked command in '/home/jetson/robot_ws/build/nav2_lifecycle_manager' returned '0': AMENT_PREFIX_PATH=/home/jetson/robot_ws/install/nav2_util:/home/jetson/robot_ws/install/nav2_msgs:/home/jetson/robot_ws/install/nav2_common:${AMENT_PREFIX_PATH} CMAKE_PREFIX_PATH=/home/jetson/robot_ws/install/nav2_util:/home/jetson/robot_ws/install/nav2_msgs:/home/jetson/robot_ws/install/nav2_common:/opt/ros/humble LD_LIBRARY_PATH=/home/jetson/robot_ws/install/nav2_util/lib:/home/jetson/robot_ws/install/nav2_msgs/lib:${LD_LIBRARY_PATH} PYTHONPATH=/home/jetson/robot_ws/install/nav2_msgs/local/lib/python3.10/dist-packages:/home/jetson/robot_ws/install/nav2_common/local/lib/python3.10/dist-packages:${PYTHONPATH} /usr/bin/cmake --install /home/jetson/robot_ws/build/nav2_lifecycle_manager
