[0.186s] Invoking command in '/home/jetson/robot_ws/build/nav2_core': AMENT_PREFIX_PATH=/home/jetson/robot_ws/install/nav2_costmap_2d:/home/jetson/robot_ws/install/nav2_map_server:/home/jetson/robot_ws/install/nav2_lifecycle_manager:/home/jetson/robot_ws/install/nav2_util:/home/jetson/robot_ws/install/nav2_voxel_grid:/home/jetson/robot_ws/install/nav2_msgs:/home/jetson/robot_ws/install/nav2_common:${AMENT_PREFIX_PATH} CMAKE_PREFIX_PATH=/home/jetson/robot_ws/install/nav2_costmap_2d:/home/jetson/robot_ws/install/nav2_map_server:/home/jetson/robot_ws/install/nav2_lifecycle_manager:/home/jetson/robot_ws/install/nav2_util:/home/jetson/robot_ws/install/nav2_voxel_grid:/home/jetson/robot_ws/install/nav2_msgs:/home/jetson/robot_ws/install/nav2_common:/home/jetson/robot_ws/install/servicerobot_joy:/opt/ros/humble LD_LIBRARY_PATH=/home/jetson/robot_ws/install/nav2_costmap_2d/lib:/home/jetson/robot_ws/install/nav2_map_server/lib:/home/jetson/robot_ws/install/nav2_lifecycle_manager/lib:/home/jetson/robot_ws/install/nav2_util/lib:/home/jetson/robot_ws/install/nav2_voxel_grid/lib:/home/jetson/robot_ws/install/nav2_msgs/lib:${LD_LIBRARY_PATH} PYTHONPATH=/home/jetson/robot_ws/install/nav2_msgs/local/lib/python3.10/dist-packages:/home/jetson/robot_ws/install/nav2_common/local/lib/python3.10/dist-packages:${PYTHONPATH} /usr/bin/cmake /home/jetson/robot_ws/src/navigation2/nav2_core -DCMAKE_INSTALL_PREFIX=/home/jetson/robot_ws/install/nav2_core
[0.413s] -- The C compiler identification is GNU 11.4.0
[0.666s] -- The CXX compiler identification is GNU 11.4.0
[0.695s] -- Detecting C compiler ABI info
[0.997s] -- Detecting C compiler ABI info - done
[1.028s] -- Check for working C compiler: /usr/bin/cc - skipped
[1.028s] -- Detecting C compile features
[1.030s] -- Detecting C compile features - done
[1.037s] -- Detecting CXX compiler ABI info
[1.417s] -- Detecting CXX compiler ABI info - done
[1.438s] -- Check for working CXX compiler: /usr/bin/c++ - skipped
[1.441s] -- Detecting CXX compile features
[1.442s] -- Detecting CXX compile features - done
[1.460s] -- Found ament_cmake: 1.3.12 (/opt/ros/humble/share/ament_cmake/cmake)
[2.119s] -- Found Python3: /usr/bin/python3 (found version "3.10.12") found components: Interpreter 
[2.321s] -- Found nav2_common: 1.1.20 (/home/jetson/robot_ws/install/nav2_common/share/nav2_common/cmake)
[2.322s] -- Found rclcpp: 16.0.15 (/opt/ros/humble/share/rclcpp/cmake)
[2.412s] -- Found rosidl_generator_c: 3.1.7 (/opt/ros/humble/share/rosidl_generator_c/cmake)
[2.424s] -- Found rosidl_adapter: 3.1.7 (/opt/ros/humble/share/rosidl_adapter/cmake)
[2.444s] -- Found rosidl_generator_cpp: 3.1.7 (/opt/ros/humble/share/rosidl_generator_cpp/cmake)
[2.469s] -- Using all available rosidl_typesupport_c: rosidl_typesupport_fastrtps_c;rosidl_typesupport_introspection_c
[2.500s] -- Using all available rosidl_typesupport_cpp: rosidl_typesupport_fastrtps_cpp;rosidl_typesupport_introspection_cpp
[2.593s] -- Found rmw_implementation_cmake: 6.1.2 (/opt/ros/humble/share/rmw_implementation_cmake/cmake)
[2.600s] -- Found rmw_fastrtps_cpp: 6.2.9 (/opt/ros/humble/share/rmw_fastrtps_cpp/cmake)
[2.823s] -- Found OpenSSL: /usr/lib/aarch64-linux-gnu/libcrypto.so (found version "3.0.2")  
[2.895s] -- Found FastRTPS: /opt/ros/humble/include  
[3.006s] -- Using RMW implementation 'rmw_fastrtps_cpp' as default
[3.034s] -- Looking for pthread.h
[3.242s] -- Looking for pthread.h - found
[3.242s] -- Performing Test CMAKE_HAVE_LIBC_PTHREAD
[3.435s] -- Performing Test CMAKE_HAVE_LIBC_PTHREAD - Success
[3.437s] -- Found Threads: TRUE  
[3.579s] -- Found rclcpp_lifecycle: 16.0.15 (/opt/ros/humble/share/rclcpp_lifecycle/cmake)
[3.625s] -- Found geometry_msgs: 4.9.0 (/opt/ros/humble/share/geometry_msgs/cmake)
[3.652s] -- Found nav2_costmap_2d: 1.1.20 (/home/jetson/robot_ws/install/nav2_costmap_2d/share/nav2_costmap_2d/cmake)
[4.103s] -- Found Eigen3: TRUE (found version "3.4.0") 
[4.104s] -- Ensuring Eigen3 include directory is part of orocos-kdl CMake target
[4.310s] -- Setting build type to Release as none was specified.
[4.313s] -- Found ament_lint_auto: 0.12.14 (/opt/ros/humble/share/ament_lint_auto/cmake)
[4.537s] -- Added test 'cppcheck' to perform static code analysis on C / C++ code
[4.537s] -- Configured cppcheck include dirs: 
[4.538s] -- Configured cppcheck exclude dirs and/or files: 
[4.541s] -- Added test 'cpplint' to check C / C++ code against the Google style
[4.541s] -- Configured cpplint exclude dirs and/or files: 
[4.542s] -- Added test 'lint_cmake' to check CMake code style
[4.545s] -- Added test 'uncrustify' to check C / C++ code style
[4.546s] -- Configured uncrustify additional arguments: 
[4.547s] -- Added test 'xmllint' to check XML markup files
[4.549s] -- Configuring done
[4.563s] -- Generating done
[4.569s] -- Build files have been written to: /home/jetson/robot_ws/build/nav2_core
[4.604s] Invoked command in '/home/jetson/robot_ws/build/nav2_core' returned '0': AMENT_PREFIX_PATH=/home/jetson/robot_ws/install/nav2_costmap_2d:/home/jetson/robot_ws/install/nav2_map_server:/home/jetson/robot_ws/install/nav2_lifecycle_manager:/home/jetson/robot_ws/install/nav2_util:/home/jetson/robot_ws/install/nav2_voxel_grid:/home/jetson/robot_ws/install/nav2_msgs:/home/jetson/robot_ws/install/nav2_common:${AMENT_PREFIX_PATH} CMAKE_PREFIX_PATH=/home/jetson/robot_ws/install/nav2_costmap_2d:/home/jetson/robot_ws/install/nav2_map_server:/home/jetson/robot_ws/install/nav2_lifecycle_manager:/home/jetson/robot_ws/install/nav2_util:/home/jetson/robot_ws/install/nav2_voxel_grid:/home/jetson/robot_ws/install/nav2_msgs:/home/jetson/robot_ws/install/nav2_common:/home/jetson/robot_ws/install/servicerobot_joy:/opt/ros/humble LD_LIBRARY_PATH=/home/jetson/robot_ws/install/nav2_costmap_2d/lib:/home/jetson/robot_ws/install/nav2_map_server/lib:/home/jetson/robot_ws/install/nav2_lifecycle_manager/lib:/home/jetson/robot_ws/install/nav2_util/lib:/home/jetson/robot_ws/install/nav2_voxel_grid/lib:/home/jetson/robot_ws/install/nav2_msgs/lib:${LD_LIBRARY_PATH} PYTHONPATH=/home/jetson/robot_ws/install/nav2_msgs/local/lib/python3.10/dist-packages:/home/jetson/robot_ws/install/nav2_common/local/lib/python3.10/dist-packages:${PYTHONPATH} /usr/bin/cmake /home/jetson/robot_ws/src/navigation2/nav2_core -DCMAKE_INSTALL_PREFIX=/home/jetson/robot_ws/install/nav2_core
[4.608s] Invoking command in '/home/jetson/robot_ws/build/nav2_core': AMENT_PREFIX_PATH=/home/jetson/robot_ws/install/nav2_costmap_2d:/home/jetson/robot_ws/install/nav2_map_server:/home/jetson/robot_ws/install/nav2_lifecycle_manager:/home/jetson/robot_ws/install/nav2_util:/home/jetson/robot_ws/install/nav2_voxel_grid:/home/jetson/robot_ws/install/nav2_msgs:/home/jetson/robot_ws/install/nav2_common:${AMENT_PREFIX_PATH} CMAKE_PREFIX_PATH=/home/jetson/robot_ws/install/nav2_costmap_2d:/home/jetson/robot_ws/install/nav2_map_server:/home/jetson/robot_ws/install/nav2_lifecycle_manager:/home/jetson/robot_ws/install/nav2_util:/home/jetson/robot_ws/install/nav2_voxel_grid:/home/jetson/robot_ws/install/nav2_msgs:/home/jetson/robot_ws/install/nav2_common:/home/jetson/robot_ws/install/servicerobot_joy:/opt/ros/humble LD_LIBRARY_PATH=/home/jetson/robot_ws/install/nav2_costmap_2d/lib:/home/jetson/robot_ws/install/nav2_map_server/lib:/home/jetson/robot_ws/install/nav2_lifecycle_manager/lib:/home/jetson/robot_ws/install/nav2_util/lib:/home/jetson/robot_ws/install/nav2_voxel_grid/lib:/home/jetson/robot_ws/install/nav2_msgs/lib:${LD_LIBRARY_PATH} PYTHONPATH=/home/jetson/robot_ws/install/nav2_msgs/local/lib/python3.10/dist-packages:/home/jetson/robot_ws/install/nav2_common/local/lib/python3.10/dist-packages:${PYTHONPATH} /usr/bin/cmake --build /home/jetson/robot_ws/build/nav2_core -- -j6 -l6
[4.705s] Invoked command in '/home/jetson/robot_ws/build/nav2_core' returned '0': AMENT_PREFIX_PATH=/home/jetson/robot_ws/install/nav2_costmap_2d:/home/jetson/robot_ws/install/nav2_map_server:/home/jetson/robot_ws/install/nav2_lifecycle_manager:/home/jetson/robot_ws/install/nav2_util:/home/jetson/robot_ws/install/nav2_voxel_grid:/home/jetson/robot_ws/install/nav2_msgs:/home/jetson/robot_ws/install/nav2_common:${AMENT_PREFIX_PATH} CMAKE_PREFIX_PATH=/home/jetson/robot_ws/install/nav2_costmap_2d:/home/jetson/robot_ws/install/nav2_map_server:/home/jetson/robot_ws/install/nav2_lifecycle_manager:/home/jetson/robot_ws/install/nav2_util:/home/jetson/robot_ws/install/nav2_voxel_grid:/home/jetson/robot_ws/install/nav2_msgs:/home/jetson/robot_ws/install/nav2_common:/home/jetson/robot_ws/install/servicerobot_joy:/opt/ros/humble LD_LIBRARY_PATH=/home/jetson/robot_ws/install/nav2_costmap_2d/lib:/home/jetson/robot_ws/install/nav2_map_server/lib:/home/jetson/robot_ws/install/nav2_lifecycle_manager/lib:/home/jetson/robot_ws/install/nav2_util/lib:/home/jetson/robot_ws/install/nav2_voxel_grid/lib:/home/jetson/robot_ws/install/nav2_msgs/lib:${LD_LIBRARY_PATH} PYTHONPATH=/home/jetson/robot_ws/install/nav2_msgs/local/lib/python3.10/dist-packages:/home/jetson/robot_ws/install/nav2_common/local/lib/python3.10/dist-packages:${PYTHONPATH} /usr/bin/cmake --build /home/jetson/robot_ws/build/nav2_core -- -j6 -l6
[4.708s] Invoking command in '/home/jetson/robot_ws/build/nav2_core': AMENT_PREFIX_PATH=/home/jetson/robot_ws/install/nav2_costmap_2d:/home/jetson/robot_ws/install/nav2_map_server:/home/jetson/robot_ws/install/nav2_lifecycle_manager:/home/jetson/robot_ws/install/nav2_util:/home/jetson/robot_ws/install/nav2_voxel_grid:/home/jetson/robot_ws/install/nav2_msgs:/home/jetson/robot_ws/install/nav2_common:${AMENT_PREFIX_PATH} CMAKE_PREFIX_PATH=/home/jetson/robot_ws/install/nav2_costmap_2d:/home/jetson/robot_ws/install/nav2_map_server:/home/jetson/robot_ws/install/nav2_lifecycle_manager:/home/jetson/robot_ws/install/nav2_util:/home/jetson/robot_ws/install/nav2_voxel_grid:/home/jetson/robot_ws/install/nav2_msgs:/home/jetson/robot_ws/install/nav2_common:/home/jetson/robot_ws/install/servicerobot_joy:/opt/ros/humble LD_LIBRARY_PATH=/home/jetson/robot_ws/install/nav2_costmap_2d/lib:/home/jetson/robot_ws/install/nav2_map_server/lib:/home/jetson/robot_ws/install/nav2_lifecycle_manager/lib:/home/jetson/robot_ws/install/nav2_util/lib:/home/jetson/robot_ws/install/nav2_voxel_grid/lib:/home/jetson/robot_ws/install/nav2_msgs/lib:${LD_LIBRARY_PATH} PYTHONPATH=/home/jetson/robot_ws/install/nav2_msgs/local/lib/python3.10/dist-packages:/home/jetson/robot_ws/install/nav2_common/local/lib/python3.10/dist-packages:${PYTHONPATH} /usr/bin/cmake --install /home/jetson/robot_ws/build/nav2_core
[4.733s] -- Install configuration: "Release"
[4.733s] -- Installing: /home/jetson/robot_ws/install/nav2_core/include/
[4.734s] -- Installing: /home/jetson/robot_ws/install/nav2_core/include//nav2_core
[4.734s] -- Installing: /home/jetson/robot_ws/install/nav2_core/include//nav2_core/goal_checker.hpp
[4.734s] -- Installing: /home/jetson/robot_ws/install/nav2_core/include//nav2_core/controller.hpp
[4.734s] -- Installing: /home/jetson/robot_ws/install/nav2_core/include//nav2_core/behavior.hpp
[4.735s] -- Installing: /home/jetson/robot_ws/install/nav2_core/include//nav2_core/progress_checker.hpp
[4.735s] -- Installing: /home/jetson/robot_ws/install/nav2_core/include//nav2_core/global_planner.hpp
[4.735s] -- Installing: /home/jetson/robot_ws/install/nav2_core/include//nav2_core/exceptions.hpp
[4.735s] -- Installing: /home/jetson/robot_ws/install/nav2_core/include//nav2_core/waypoint_task_executor.hpp
[4.736s] -- Installing: /home/jetson/robot_ws/install/nav2_core/include//nav2_core/smoother.hpp
[4.736s] -- Installing: /home/jetson/robot_ws/install/nav2_core/include//nav2_core/route_exceptions.hpp
[4.738s] -- Installing: /home/jetson/robot_ws/install/nav2_core/share/ament_index/resource_index/package_run_dependencies/nav2_core
[4.739s] -- Installing: /home/jetson/robot_ws/install/nav2_core/share/ament_index/resource_index/parent_prefix_path/nav2_core
[4.740s] -- Installing: /home/jetson/robot_ws/install/nav2_core/share/nav2_core/environment/ament_prefix_path.sh
[4.740s] -- Installing: /home/jetson/robot_ws/install/nav2_core/share/nav2_core/environment/ament_prefix_path.dsv
[4.740s] -- Installing: /home/jetson/robot_ws/install/nav2_core/share/nav2_core/environment/path.sh
[4.741s] -- Installing: /home/jetson/robot_ws/install/nav2_core/share/nav2_core/environment/path.dsv
[4.741s] -- Installing: /home/jetson/robot_ws/install/nav2_core/share/nav2_core/local_setup.bash
[4.741s] -- Installing: /home/jetson/robot_ws/install/nav2_core/share/nav2_core/local_setup.sh
[4.742s] -- Installing: /home/jetson/robot_ws/install/nav2_core/share/nav2_core/local_setup.zsh
[4.742s] -- Installing: /home/jetson/robot_ws/install/nav2_core/share/nav2_core/local_setup.dsv
[4.742s] -- Installing: /home/jetson/robot_ws/install/nav2_core/share/nav2_core/package.dsv
[4.743s] -- Installing: /home/jetson/robot_ws/install/nav2_core/share/ament_index/resource_index/packages/nav2_core
[4.743s] -- Installing: /home/jetson/robot_ws/install/nav2_core/share/nav2_core/cmake/ament_cmake_export_include_directories-extras.cmake
[4.744s] -- Installing: /home/jetson/robot_ws/install/nav2_core/share/nav2_core/cmake/ament_cmake_export_dependencies-extras.cmake
[4.744s] -- Installing: /home/jetson/robot_ws/install/nav2_core/share/nav2_core/cmake/nav2_coreConfig.cmake
[4.748s] -- Installing: /home/jetson/robot_ws/install/nav2_core/share/nav2_core/cmake/nav2_coreConfig-version.cmake
[4.748s] -- Installing: /home/jetson/robot_ws/install/nav2_core/share/nav2_core/package.xml
[4.756s] Invoked command in '/home/jetson/robot_ws/build/nav2_core' returned '0': AMENT_PREFIX_PATH=/home/jetson/robot_ws/install/nav2_costmap_2d:/home/jetson/robot_ws/install/nav2_map_server:/home/jetson/robot_ws/install/nav2_lifecycle_manager:/home/jetson/robot_ws/install/nav2_util:/home/jetson/robot_ws/install/nav2_voxel_grid:/home/jetson/robot_ws/install/nav2_msgs:/home/jetson/robot_ws/install/nav2_common:${AMENT_PREFIX_PATH} CMAKE_PREFIX_PATH=/home/jetson/robot_ws/install/nav2_costmap_2d:/home/jetson/robot_ws/install/nav2_map_server:/home/jetson/robot_ws/install/nav2_lifecycle_manager:/home/jetson/robot_ws/install/nav2_util:/home/jetson/robot_ws/install/nav2_voxel_grid:/home/jetson/robot_ws/install/nav2_msgs:/home/jetson/robot_ws/install/nav2_common:/home/jetson/robot_ws/install/servicerobot_joy:/opt/ros/humble LD_LIBRARY_PATH=/home/jetson/robot_ws/install/nav2_costmap_2d/lib:/home/jetson/robot_ws/install/nav2_map_server/lib:/home/jetson/robot_ws/install/nav2_lifecycle_manager/lib:/home/jetson/robot_ws/install/nav2_util/lib:/home/jetson/robot_ws/install/nav2_voxel_grid/lib:/home/jetson/robot_ws/install/nav2_msgs/lib:${LD_LIBRARY_PATH} PYTHONPATH=/home/jetson/robot_ws/install/nav2_msgs/local/lib/python3.10/dist-packages:/home/jetson/robot_ws/install/nav2_common/local/lib/python3.10/dist-packages:${PYTHONPATH} /usr/bin/cmake --install /home/jetson/robot_ws/build/nav2_core
