[0.053s] Invoking command in '/home/jetson/robot_ws/build/nav2_behavior_tree': AMENT_PREFIX_PATH=/home/jetson/robot_ws/install/nav2_util:/home/jetson/robot_ws/install/nav2_msgs:/home/jetson/robot_ws/install/nav2_common:${AMENT_PREFIX_PATH} CMAKE_PREFIX_PATH=/home/jetson/robot_ws/install/nav2_util:/home/jetson/robot_ws/install/nav2_msgs:/home/jetson/robot_ws/install/nav2_common:/home/jetson/robot_ws/install/servicerobot_joy:/opt/ros/humble LD_LIBRARY_PATH=/home/jetson/robot_ws/install/nav2_util/lib:/home/jetson/robot_ws/install/nav2_msgs/lib:${LD_LIBRARY_PATH} PYTHONPATH=/home/jetson/robot_ws/install/nav2_msgs/local/lib/python3.10/dist-packages:/home/jetson/robot_ws/install/nav2_common/local/lib/python3.10/dist-packages:${PYTHONPATH} /usr/bin/cmake /home/jetson/robot_ws/src/navigation2/nav2_behavior_tree -DCMAKE_INSTALL_PREFIX=/home/jetson/robot_ws/install/nav2_behavior_tree
[0.185s] -- The CXX compiler identification is GNU 11.4.0
[0.204s] -- Detecting CXX compiler ABI info
[0.407s] -- Detecting CXX compiler ABI info - done
[0.422s] -- Check for working CXX compiler: /usr/bin/c++ - skipped
[0.422s] -- Detecting CXX compile features
[0.423s] -- Detecting CXX compile features - done
[0.428s] -- Found ament_cmake: 1.3.12 (/opt/ros/humble/share/ament_cmake/cmake)
[0.901s] -- Found Python3: /usr/bin/python3 (found version "3.10.12") found components: Interpreter 
[1.116s] -- Found nav2_common: 1.1.20 (/home/jetson/robot_ws/install/nav2_common/share/nav2_common/cmake)
[1.121s] -- Found rclcpp: 16.0.15 (/opt/ros/humble/share/rclcpp/cmake)
[1.241s] -- Found rosidl_generator_c: 3.1.7 (/opt/ros/humble/share/rosidl_generator_c/cmake)
[1.255s] -- Found rosidl_adapter: 3.1.7 (/opt/ros/humble/share/rosidl_adapter/cmake)
[1.283s] -- Found rosidl_generator_cpp: 3.1.7 (/opt/ros/humble/share/rosidl_generator_cpp/cmake)
[1.311s] -- Using all available rosidl_typesupport_c: rosidl_typesupport_fastrtps_c;rosidl_typesupport_introspection_c
[1.358s] -- Using all available rosidl_typesupport_cpp: rosidl_typesupport_fastrtps_cpp;rosidl_typesupport_introspection_cpp
[1.464s] -- Found rmw_implementation_cmake: 6.1.2 (/opt/ros/humble/share/rmw_implementation_cmake/cmake)
[1.471s] -- Found rmw_fastrtps_cpp: 6.2.9 (/opt/ros/humble/share/rmw_fastrtps_cpp/cmake)
[1.668s] -- Found OpenSSL: /usr/lib/aarch64-linux-gnu/libcrypto.so (found version "3.0.2")  
[1.721s] -- Found FastRTPS: /opt/ros/humble/include  
[1.815s] -- Using RMW implementation 'rmw_fastrtps_cpp' as default
[1.836s] -- Looking for C++ include pthread.h
[2.033s] -- Looking for C++ include pthread.h - found
[2.034s] -- Performing Test CMAKE_HAVE_LIBC_PTHREAD
[2.231s] -- Performing Test CMAKE_HAVE_LIBC_PTHREAD - Success
[2.233s] -- Found Threads: TRUE  
[2.333s] -- Found rclcpp_action: 16.0.15 (/opt/ros/humble/share/rclcpp_action/cmake)
[2.396s] -- Found rclcpp_lifecycle: 16.0.15 (/opt/ros/humble/share/rclcpp_lifecycle/cmake)
[2.435s] -- Found geometry_msgs: 4.9.0 (/opt/ros/humble/share/geometry_msgs/cmake)
[2.463s] -- Found sensor_msgs: 4.9.0 (/opt/ros/humble/share/sensor_msgs/cmake)
[2.518s] -- Found nav2_msgs: 1.1.20 (/home/jetson/robot_ws/install/nav2_msgs/share/nav2_msgs/cmake)
[2.618s] -- Found tf2_ros: 0.25.16 (/opt/ros/humble/share/tf2_ros/cmake)
[2.762s] -- Found tf2_geometry_msgs: 0.25.16 (/opt/ros/humble/share/tf2_geometry_msgs/cmake)
[2.792s] -- Found eigen3_cmake_module: 0.1.1 (/opt/ros/humble/share/eigen3_cmake_module/cmake)
[2.796s] -- Found Eigen3: TRUE (found version "3.4.0") 
[2.796s] -- Ensuring Eigen3 include directory is part of orocos-kdl CMake target
[2.802s] -- Found std_srvs: 4.9.0 (/opt/ros/humble/share/std_srvs/cmake)
[2.823s] -- Found nav2_util: 1.1.20 (/home/jetson/robot_ws/install/nav2_util/share/nav2_util/cmake)
[2.895s] -- Setting build type to Release as none was specified.
[5.961s] -- Found ament_lint_auto: 0.12.14 (/opt/ros/humble/share/ament_lint_auto/cmake)
[6.203s] -- Found gtest sources under '/opt/ros/humble/src/gtest_vendor': C++ tests using 'Google Test' will be built
[6.689s] -- The C compiler identification is GNU 11.4.0
[6.756s] -- Detecting C compiler ABI info
[7.589s] -- Detecting C compiler ABI info - done
[7.622s] -- Check for working C compiler: /usr/bin/cc - skipped
[7.624s] -- Detecting C compile features
[7.629s] -- Detecting C compile features - done
[11.756s] -- Added test 'copyright' to check source files copyright and LICENSE
[11.791s] -- Added test 'cppcheck' to perform static code analysis on C / C++ code
[11.823s] -- Configured cppcheck include dirs: /home/jetson/robot_ws/src/navigation2/nav2_behavior_tree/include
[11.823s] -- Configured cppcheck exclude dirs and/or files: 
[11.850s] -- Added test 'cpplint' to check C / C++ code against the Google style
[11.850s] -- Configured cpplint exclude dirs and/or files: 
[11.860s] -- Added test 'lint_cmake' to check CMake code style
[11.890s] -- Added test 'uncrustify' to check C / C++ code style
[11.890s] -- Configured uncrustify additional arguments: 
[11.894s] -- Added test 'xmllint' to check XML markup files
[11.904s] -- Configuring done
[21.926s] -- Generating done
[22.858s] -- Build files have been written to: /home/jetson/robot_ws/build/nav2_behavior_tree
[23.020s] Invoked command in '/home/jetson/robot_ws/build/nav2_behavior_tree' returned '0': AMENT_PREFIX_PATH=/home/jetson/robot_ws/install/nav2_util:/home/jetson/robot_ws/install/nav2_msgs:/home/jetson/robot_ws/install/nav2_common:${AMENT_PREFIX_PATH} CMAKE_PREFIX_PATH=/home/jetson/robot_ws/install/nav2_util:/home/jetson/robot_ws/install/nav2_msgs:/home/jetson/robot_ws/install/nav2_common:/home/jetson/robot_ws/install/servicerobot_joy:/opt/ros/humble LD_LIBRARY_PATH=/home/jetson/robot_ws/install/nav2_util/lib:/home/jetson/robot_ws/install/nav2_msgs/lib:${LD_LIBRARY_PATH} PYTHONPATH=/home/jetson/robot_ws/install/nav2_msgs/local/lib/python3.10/dist-packages:/home/jetson/robot_ws/install/nav2_common/local/lib/python3.10/dist-packages:${PYTHONPATH} /usr/bin/cmake /home/jetson/robot_ws/src/navigation2/nav2_behavior_tree -DCMAKE_INSTALL_PREFIX=/home/jetson/robot_ws/install/nav2_behavior_tree
[23.035s] Invoking command in '/home/jetson/robot_ws/build/nav2_behavior_tree': AMENT_PREFIX_PATH=/home/jetson/robot_ws/install/nav2_util:/home/jetson/robot_ws/install/nav2_msgs:/home/jetson/robot_ws/install/nav2_common:${AMENT_PREFIX_PATH} CMAKE_PREFIX_PATH=/home/jetson/robot_ws/install/nav2_util:/home/jetson/robot_ws/install/nav2_msgs:/home/jetson/robot_ws/install/nav2_common:/home/jetson/robot_ws/install/servicerobot_joy:/opt/ros/humble LD_LIBRARY_PATH=/home/jetson/robot_ws/install/nav2_util/lib:/home/jetson/robot_ws/install/nav2_msgs/lib:${LD_LIBRARY_PATH} PYTHONPATH=/home/jetson/robot_ws/install/nav2_msgs/local/lib/python3.10/dist-packages:/home/jetson/robot_ws/install/nav2_common/local/lib/python3.10/dist-packages:${PYTHONPATH} /usr/bin/cmake --build /home/jetson/robot_ws/build/nav2_behavior_tree -- -j6 -l6
[90.679s] [  1%] [32mBuilding CXX object CMakeFiles/nav2_behavior_tree.dir/src/behavior_tree_engine.cpp.o[0m
[90.679s] [  1%] [32m[1mLinking CXX shared library libnav2_behavior_tree.so[0m
[90.679s] [  1%] Built target nav2_behavior_tree
[90.679s] [  2%] [32mBuilding CXX object CMakeFiles/nav2_spin_cancel_bt_node.dir/plugins/action/spin_cancel_node.cpp.o[0m
[90.680s] [  2%] [32m[1mLinking CXX shared library libnav2_spin_cancel_bt_node.so[0m
[90.680s] [  2%] Built target nav2_spin_cancel_bt_node
[90.680s] [  3%] [32mBuilding CXX object CMakeFiles/nav2_back_up_cancel_bt_node.dir/plugins/action/back_up_cancel_node.cpp.o[0m
[90.680s] [  3%] [32m[1mLinking CXX shared library libnav2_back_up_cancel_bt_node.so[0m
[90.680s] [  3%] Built target nav2_back_up_cancel_bt_node
[90.680s] [  4%] [32mBuilding CXX object CMakeFiles/nav2_assisted_teleop_cancel_bt_node.dir/plugins/action/assisted_teleop_cancel_node.cpp.o[0m
[95.004s] [  4%] [32m[1mLinking CXX shared library libnav2_assisted_teleop_cancel_bt_node.so[0m
[95.462s] [  4%] Built target nav2_assisted_teleop_cancel_bt_node
[95.517s] [  5%] [32mBuilding CXX object CMakeFiles/nav2_drive_on_heading_cancel_bt_node.dir/plugins/action/drive_on_heading_cancel_node.cpp.o[0m
[109.423s] [  5%] [32m[1mLinking CXX shared library libnav2_drive_on_heading_cancel_bt_node.so[0m
[109.998s] [  5%] Built target nav2_drive_on_heading_cancel_bt_node
[110.053s] [  5%] [32mBuilding CXX object CMakeFiles/nav2_smooth_path_action_bt_node.dir/plugins/action/smooth_path_action.cpp.o[0m
[129.017s] [  6%] [32m[1mLinking CXX shared library libnav2_smooth_path_action_bt_node.so[0m
[129.468s] [  6%] Built target nav2_smooth_path_action_bt_node
[129.516s] [  7%] [32mBuilding CXX object CMakeFiles/nav2_follow_path_action_bt_node.dir/plugins/action/follow_path_action.cpp.o[0m
[145.277s] [  7%] [32m[1mLinking CXX shared library libnav2_follow_path_action_bt_node.so[0m
[145.668s] [  7%] Built target nav2_follow_path_action_bt_node
[145.711s] [  8%] [32mBuilding CXX object CMakeFiles/nav2_back_up_action_bt_node.dir/plugins/action/back_up_action.cpp.o[0m
[161.041s] [  8%] [32m[1mLinking CXX shared library libnav2_back_up_action_bt_node.so[0m
[161.483s] [  8%] Built target nav2_back_up_action_bt_node
[161.537s] [  9%] [32mBuilding CXX object CMakeFiles/nav2_drive_on_heading_bt_node.dir/plugins/action/drive_on_heading_action.cpp.o[0m
[176.383s] [  9%] [32m[1mLinking CXX shared library libnav2_drive_on_heading_bt_node.so[0m
[176.810s] [  9%] Built target nav2_drive_on_heading_bt_node
[176.851s] [ 10%] [32mBuilding CXX object CMakeFiles/nav2_spin_action_bt_node.dir/plugins/action/spin_action.cpp.o[0m
[189.895s] [ 11%] [32mBuilding CXX object CMakeFiles/nav2_wait_action_bt_node.dir/plugins/action/wait_action.cpp.o[0m
[191.923s] [ 11%] [32mBuilding CXX object CMakeFiles/nav2_wait_cancel_bt_node.dir/plugins/action/wait_cancel_node.cpp.o[0m
[193.077s] [ 11%] [32m[1mLinking CXX shared library libnav2_spin_action_bt_node.so[0m
[193.508s] [ 11%] Built target nav2_spin_action_bt_node
[194.560s] [ 12%] [32mBuilding CXX object CMakeFiles/nav2_assisted_teleop_action_bt_node.dir/plugins/action/assisted_teleop_action.cpp.o[0m
[195.641s] [ 12%] [32mBuilding CXX object CMakeFiles/nav2_controller_cancel_bt_node.dir/plugins/action/controller_cancel_node.cpp.o[0m
[196.738s] [ 12%] [32mBuilding CXX object CMakeFiles/nav2_compute_path_through_poses_action_bt_node.dir/plugins/action/compute_path_through_poses_action.cpp.o[0m
[197.854s] [ 12%] [32mBuilding CXX object CMakeFiles/nav2_compute_path_to_pose_action_bt_node.dir/plugins/action/compute_path_to_pose_action.cpp.o[0m
[209.754s] [ 13%] [32m[1mLinking CXX shared library libnav2_wait_cancel_bt_node.so[0m
[210.740s] [ 13%] Built target nav2_wait_cancel_bt_node
[214.521s] [ 13%] [32m[1mLinking CXX shared library libnav2_wait_action_bt_node.so[0m
[215.055s] [ 13%] Built target nav2_wait_action_bt_node
[216.871s] [ 14%] [32m[1mLinking CXX shared library libnav2_controller_cancel_bt_node.so[0m
[217.557s] [ 14%] Built target nav2_controller_cancel_bt_node
[221.992s] [ 14%] [32m[1mLinking CXX shared library libnav2_assisted_teleop_action_bt_node.so[0m
[222.406s] [ 14%] Built target nav2_assisted_teleop_action_bt_node
[223.251s] [ 15%] [32m[1mLinking CXX shared library libnav2_compute_path_to_pose_action_bt_node.so[0m
[223.754s] [ 15%] Built target nav2_compute_path_to_pose_action_bt_node
[225.185s] [ 16%] [32m[1mLinking CXX shared library libnav2_compute_path_through_poses_action_bt_node.so[0m
[225.608s] [ 16%] Built target nav2_compute_path_through_poses_action_bt_node
[225.654s] [ 17%] [32mBuilding CXX object CMakeFiles/nav2_globally_updated_goal_condition_bt_node.dir/plugins/condition/globally_updated_goal_condition.cpp.o[0m
[234.638s] [ 17%] [32m[1mLinking CXX shared library libnav2_globally_updated_goal_condition_bt_node.so[0m
[234.925s] [ 17%] Built target nav2_globally_updated_goal_condition_bt_node
[234.975s] [ 17%] [32mBuilding CXX object CMakeFiles/nav2_goal_updated_condition_bt_node.dir/plugins/condition/goal_updated_condition.cpp.o[0m
[238.886s] [ 18%] [32m[1mLinking CXX shared library libnav2_goal_updated_condition_bt_node.so[0m
[239.156s] [ 18%] Built target nav2_goal_updated_condition_bt_node
[239.198s] [ 18%] [32mBuilding CXX object CMakeFiles/nav2_is_path_valid_condition_bt_node.dir/plugins/condition/is_path_valid_condition.cpp.o[0m
[250.230s] [ 19%] [32mBuilding CXX object CMakeFiles/nav2_time_expired_condition_bt_node.dir/plugins/condition/time_expired_condition.cpp.o[0m
[250.865s] [ 20%] [32m[1mLinking CXX shared library libnav2_is_path_valid_condition_bt_node.so[0m
[251.286s] [ 20%] Built target nav2_is_path_valid_condition_bt_node
[251.287s] [ 21%] [32mBuilding CXX object CMakeFiles/nav2_goal_reached_condition_bt_node.dir/plugins/condition/goal_reached_condition.cpp.o[0m
[251.337s] [ 22%] [32mBuilding CXX object CMakeFiles/nav2_transform_available_condition_bt_node.dir/plugins/condition/transform_available_condition.cpp.o[0m
[252.365s] [ 23%] [32mBuilding CXX object CMakeFiles/nav2_path_expiring_timer_condition.dir/plugins/condition/path_expiring_timer_condition.cpp.o[0m
[253.503s] [ 23%] [32mBuilding CXX object CMakeFiles/nav2_is_stuck_condition_bt_node.dir/plugins/condition/is_stuck_condition.cpp.o[0m
[264.401s] [ 23%] [32m[1mLinking CXX shared library libnav2_transform_available_condition_bt_node.so[0m
[264.767s] [ 23%] Built target nav2_transform_available_condition_bt_node
[265.088s] [ 23%] [32m[1mLinking CXX shared library libnav2_time_expired_condition_bt_node.so[0m
[265.462s] [ 23%] Built target nav2_time_expired_condition_bt_node
[268.147s] [ 23%] [32m[1mLinking CXX shared library libnav2_path_expiring_timer_condition.so[0m
[268.565s] [ 23%] Built target nav2_path_expiring_timer_condition
[268.881s] [ 23%] [32m[1mLinking CXX shared library libnav2_goal_reached_condition_bt_node.so[0m
[269.282s] [ 23%] Built target nav2_goal_reached_condition_bt_node
[282.580s] [ 23%] [32m[1mLinking CXX shared library libnav2_is_stuck_condition_bt_node.so[0m
[283.022s] [ 23%] Built target nav2_is_stuck_condition_bt_node
[283.062s] [ 23%] [32mBuilding CXX object CMakeFiles/nav2_is_battery_low_condition_bt_node.dir/plugins/condition/is_battery_low_condition.cpp.o[0m
[295.109s] [ 23%] [32mBuilding CXX object CMakeFiles/nav2_reinitialize_global_localization_service_bt_node.dir/plugins/action/reinitialize_global_localization_service.cpp.o[0m
[296.134s] [ 23%] [32mBuilding CXX object CMakeFiles/nav2_is_battery_charging_condition_bt_node.dir/plugins/condition/is_battery_charging_condition.cpp.o[0m
[297.261s] [ 23%] [32mBuilding CXX object CMakeFiles/nav2_initial_pose_received_condition_bt_node.dir/plugins/condition/initial_pose_received_condition.cpp.o[0m
[298.337s] [ 23%] [32mBuilding CXX object CMakeFiles/nav2_distance_traveled_condition_bt_node.dir/plugins/condition/distance_traveled_condition.cpp.o[0m
[304.721s] [ 24%] [32m[1mLinking CXX shared library libnav2_initial_pose_received_condition_bt_node.so[0m
[305.094s] [ 24%] Built target nav2_initial_pose_received_condition_bt_node
[308.225s] [ 25%] [32m[1mLinking CXX shared library libnav2_reinitialize_global_localization_service_bt_node.so[0m
[308.738s] [ 25%] Built target nav2_reinitialize_global_localization_service_bt_node
[314.636s] [ 25%] [32m[1mLinking CXX shared library libnav2_distance_traveled_condition_bt_node.so[0m
[315.051s] [ 25%] Built target nav2_distance_traveled_condition_bt_node
[316.819s] [ 26%] [32m[1mLinking CXX shared library libnav2_is_battery_low_condition_bt_node.so[0m
[317.376s] [ 26%] Built target nav2_is_battery_low_condition_bt_node
[327.250s] [ 27%] [32m[1mLinking CXX shared library libnav2_is_battery_charging_condition_bt_node.so[0m
[327.677s] [ 27%] Built target nav2_is_battery_charging_condition_bt_node
[327.723s] [ 28%] [32mBuilding CXX object CMakeFiles/nav2_truncate_path_action_bt_node.dir/plugins/action/truncate_path_action.cpp.o[0m
[338.490s] [ 28%] [32m[1mLinking CXX shared library libnav2_truncate_path_action_bt_node.so[0m
[338.844s] [ 28%] Built target nav2_truncate_path_action_bt_node
[338.887s] [ 29%] [32mBuilding CXX object CMakeFiles/nav2_truncate_path_local_action_bt_node.dir/plugins/action/truncate_path_local_action.cpp.o[0m
[339.923s] [ 29%] [32mBuilding CXX object CMakeFiles/nav2_goal_updater_node_bt_node.dir/plugins/decorator/goal_updater_node.cpp.o[0m
[341.004s] [ 30%] [32mBuilding CXX object CMakeFiles/nav2_speed_controller_bt_node.dir/plugins/decorator/speed_controller.cpp.o[0m
[342.126s] [ 30%] [32mBuilding CXX object CMakeFiles/nav2_distance_controller_bt_node.dir/plugins/decorator/distance_controller.cpp.o[0m
[343.206s] [ 30%] [32mBuilding CXX object CMakeFiles/nav2_rate_controller_bt_node.dir/plugins/decorator/rate_controller.cpp.o[0m
[344.278s] [ 31%] [32mBuilding CXX object CMakeFiles/nav2_clear_costmap_service_bt_node.dir/plugins/action/clear_costmap_service.cpp.o[0m
[352.357s] [ 32%] [32m[1mLinking CXX shared library libnav2_rate_controller_bt_node.so[0m
[353.212s] [ 32%] Built target nav2_rate_controller_bt_node
[358.787s] [ 32%] [32m[1mLinking CXX shared library libnav2_truncate_path_local_action_bt_node.so[0m
[359.240s] [ 32%] Built target nav2_truncate_path_local_action_bt_node
[360.199s] [ 32%] [32m[1mLinking CXX shared library libnav2_speed_controller_bt_node.so[0m
[360.687s] [ 32%] Built target nav2_speed_controller_bt_node
[362.754s] [ 33%] [32m[1mLinking CXX shared library libnav2_distance_controller_bt_node.so[0m
[363.197s] [ 33%] Built target nav2_distance_controller_bt_node
[365.202s] [ 33%] [32m[1mLinking CXX shared library libnav2_clear_costmap_service_bt_node.so[0m
[365.632s] [ 33%] Built target nav2_clear_costmap_service_bt_node
[374.700s] [ 33%] [32mBuilding CXX object CMakeFiles/nav2_remove_passed_goals_action_bt_node.dir/plugins/action/remove_passed_goals_action.cpp.o[0m
[375.724s] [ 34%] [32mBuilding CXX object CMakeFiles/nav2_navigate_through_poses_action_bt_node.dir/plugins/action/navigate_through_poses_action.cpp.o[0m
[376.345s] [ 35%] [32m[1mLinking CXX shared library libnav2_goal_updater_node_bt_node.so[0m
[376.808s] [ 36%] [32mBuilding CXX object CMakeFiles/nav2_navigate_to_pose_action_bt_node.dir/plugins/action/navigate_to_pose_action.cpp.o[0m
[376.827s] [ 36%] [32mBuilding CXX object CMakeFiles/nav2_recovery_node_bt_node.dir/plugins/control/recovery_node.cpp.o[0m
[377.029s] [ 36%] Built target nav2_goal_updater_node_bt_node
[377.177s] [ 37%] [32mBuilding CXX object CMakeFiles/nav2_path_longer_on_approach_bt_node.dir/plugins/decorator/path_longer_on_approach.cpp.o[0m
[378.289s] [ 38%] [32mBuilding CXX object CMakeFiles/nav2_get_pose_from_path_action_bt_node.dir/plugins/action/get_pose_from_path_action.cpp.o[0m
[389.519s] [ 39%] [32m[1mLinking CXX shared library libnav2_recovery_node_bt_node.so[0m
[390.166s] [ 39%] Built target nav2_recovery_node_bt_node
[394.816s] [ 39%] [32m[1mLinking CXX shared library libnav2_get_pose_from_path_action_bt_node.so[0m
[395.985s] [ 39%] Built target nav2_get_pose_from_path_action_bt_node
[402.647s] [ 40%] [32m[1mLinking CXX shared library libnav2_remove_passed_goals_action_bt_node.so[0m
[403.350s] [ 40%] Built target nav2_remove_passed_goals_action_bt_node
[405.601s] [ 40%] [32m[1mLinking CXX shared library libnav2_path_longer_on_approach_bt_node.so[0m
[406.151s] [ 40%] Built target nav2_path_longer_on_approach_bt_node
[412.666s] [ 40%] [32m[1mLinking CXX shared library libnav2_navigate_to_pose_action_bt_node.so[0m
[412.838s] [ 40%] [32m[1mLinking CXX shared library libnav2_navigate_through_poses_action_bt_node.so[0m
[413.201s] [ 40%] Built target nav2_navigate_to_pose_action_bt_node
[413.402s] [ 40%] Built target nav2_navigate_through_poses_action_bt_node
[413.489s] [ 40%] [32mBuilding CXX object CMakeFiles/nav2_controller_selector_bt_node.dir/plugins/action/controller_selector_node.cpp.o[0m
[442.847s] [ 41%] [32m[1mLinking CXX shared library libnav2_controller_selector_bt_node.so[0m
[443.315s] [ 41%] Built target nav2_controller_selector_bt_node
[443.357s] [ 41%] [32mBuilding CXX object CMakeFiles/nav2_smoother_selector_bt_node.dir/plugins/action/smoother_selector_node.cpp.o[0m
[470.146s] [ 41%] [32m[1mLinking CXX shared library libnav2_smoother_selector_bt_node.so[0m
[470.600s] [ 41%] Built target nav2_smoother_selector_bt_node
[470.640s] [ 42%] [32mBuilding CXX object CMakeFiles/nav2_goal_checker_selector_bt_node.dir/plugins/action/goal_checker_selector_node.cpp.o[0m
[484.685s] [ 43%] [32mBuilding CXX object CMakeFiles/nav2_progress_checker_selector_bt_node.dir/plugins/action/progress_checker_selector_node.cpp.o[0m
[485.749s] [ 44%] [32mBuilding CXX object CMakeFiles/nav2_planner_selector_bt_node.dir/plugins/action/planner_selector_node.cpp.o[0m
[486.859s] [ 44%] [32mBuilding CXX object CMakeFiles/nav2_single_trigger_bt_node.dir/plugins/decorator/single_trigger_node.cpp.o[0m
[486.961s] [ 44%] [32mBuilding CXX object CMakeFiles/nav2_round_robin_node_bt_node.dir/plugins/control/round_robin_node.cpp.o[0m
[488.011s] [ 45%] [32mBuilding CXX object CMakeFiles/nav2_pipeline_sequence_bt_node.dir/plugins/control/pipeline_sequence.cpp.o[0m
[493.268s] [ 45%] [32m[1mLinking CXX shared library libnav2_pipeline_sequence_bt_node.so[0m
[493.718s] [ 45%] Built target nav2_pipeline_sequence_bt_node
[494.021s] [ 46%] [32m[1mLinking CXX shared library libnav2_single_trigger_bt_node.so[0m
[494.101s] [ 47%] [32m[1mLinking CXX shared library libnav2_round_robin_node_bt_node.so[0m
[494.546s] [ 47%] Built target nav2_single_trigger_bt_node
[494.756s] [ 47%] Built target nav2_round_robin_node_bt_node
[503.798s] [ 47%] [32m[1mLinking CXX shared library libnav2_goal_checker_selector_bt_node.so[0m
[504.279s] [ 47%] Built target nav2_goal_checker_selector_bt_node
[518.564s] [ 47%] [32m[1mLinking CXX shared library libnav2_progress_checker_selector_bt_node.so[0m
[518.825s] [ 47%] [32m[1mLinking CXX shared library libnav2_planner_selector_bt_node.so[0m
[519.008s] [ 47%] Built target nav2_progress_checker_selector_bt_node
[519.277s] [ 47%] Built target nav2_planner_selector_bt_node
[519.313s] [ 47%] [32mBuilding CXX object gtest/CMakeFiles/gtest.dir/src/gtest-all.cc.o[0m
[535.362s] [ 47%] [32m[1mLinking CXX static library libgtest.a[0m
[535.437s] [ 47%] Built target gtest
[535.478s] [ 48%] [32mBuilding CXX object CMakeFiles/nav2_compute_route_bt_node.dir/plugins/action/compute_route_action.cpp.o[0m
[535.478s] [ 48%] [32mBuilding CXX object gtest/CMakeFiles/gtest_main.dir/src/gtest_main.cc.o[0m
[537.385s] [ 48%] [32m[1mLinking CXX static library libgtest_main.a[0m
[537.445s] [ 48%] Built target gtest_main
[537.483s] [ 48%] [32mBuilding CXX object CMakeFiles/nav2_compute_and_track_route_bt_node.dir/plugins/action/compute_and_track_route_action.cpp.o[0m
[538.512s] [ 48%] [32mBuilding CXX object test/plugins/condition/CMakeFiles/test_condition_time_expired.dir/test_time_expired.cpp.o[0m
[554.103s] [ 49%] [32m[1mLinking CXX shared library libnav2_compute_route_bt_node.so[0m
[554.558s] [ 49%] Built target nav2_compute_route_bt_node
[556.208s] [ 50%] [32m[1mLinking CXX executable test_condition_time_expired[0m
[556.331s] [ 51%] [32m[1mLinking CXX shared library libnav2_compute_and_track_route_bt_node.so[0m
[556.767s] [ 51%] Built target nav2_compute_and_track_route_bt_node
[556.941s] [ 51%] Built target test_condition_time_expired
[556.987s] [ 52%] [32mBuilding CXX object test/plugins/condition/CMakeFiles/test_condition_goal_reached.dir/test_goal_reached.cpp.o[0m
[573.870s] [ 52%] [32m[1mLinking CXX executable test_condition_goal_reached[0m
[574.425s] [ 52%] Built target test_condition_goal_reached
[574.468s] [ 53%] [32mBuilding CXX object test/plugins/condition/CMakeFiles/test_condition_goal_updated.dir/test_goal_updated.cpp.o[0m
[590.502s] [ 54%] [32mBuilding CXX object test/plugins/condition/CMakeFiles/test_condition_globally_updated_goal.dir/test_globally_updated_goal.cpp.o[0m
[590.549s] [ 54%] [32m[1mLinking CXX executable test_condition_goal_updated[0m
[591.088s] [ 54%] Built target test_condition_goal_updated
[592.135s] [ 55%] [32mBuilding CXX object test/plugins/condition/CMakeFiles/test_condition_initial_pose_received.dir/test_initial_pose_received.cpp.o[0m
[594.172s] [ 55%] [32mBuilding CXX object test/plugins/condition/CMakeFiles/test_condition_path_expiring_timer.dir/test_path_expiring_timer.cpp.o[0m
[596.249s] [ 55%] [32mBuilding CXX object test/plugins/condition/CMakeFiles/test_condition_distance_traveled.dir/test_distance_traveled.cpp.o[0m
[598.395s] [ 55%] [32mBuilding CXX object test/CMakeFiles/test_bt_conversions.dir/test_bt_conversions.cpp.o[0m
[613.839s] [ 56%] [32m[1mLinking CXX executable test_bt_conversions[0m
[614.634s] [ 56%] Built target test_bt_conversions
[615.102s] [ 56%] [32m[1mLinking CXX executable test_condition_globally_updated_goal[0m
[616.117s] [ 56%] Built target test_condition_globally_updated_goal
[616.483s] [ 56%] [32m[1mLinking CXX executable test_condition_initial_pose_received[0m
[617.072s] [ 56%] Built target test_condition_initial_pose_received
[617.383s] [ 57%] [32m[1mLinking CXX executable test_condition_path_expiring_timer[0m
[617.986s] [ 57%] Built target test_condition_path_expiring_timer
[621.199s] [ 57%] [32m[1mLinking CXX executable test_condition_distance_traveled[0m
[621.737s] [ 57%] Built target test_condition_distance_traveled
[621.789s] [ 58%] [32mBuilding CXX object test/plugins/condition/CMakeFiles/test_condition_is_battery_low.dir/test_is_battery_low.cpp.o[0m
[634.822s] [ 59%] [32mBuilding CXX object test/plugins/condition/CMakeFiles/test_condition_is_path_valid.dir/test_is_path_valid.cpp.o[0m
[636.861s] [ 60%] [32mBuilding CXX object test/plugins/condition/CMakeFiles/test_condition_is_battery_charging.dir/test_is_battery_charging.cpp.o[0m
[638.951s] [ 60%] [32mBuilding CXX object test/plugins/condition/CMakeFiles/test_condition_is_stuck.dir/test_is_stuck.cpp.o[0m
[639.617s] [ 60%] [32m[1mLinking CXX executable test_condition_is_battery_low[0m
[640.870s] [ 60%] Built target test_condition_is_battery_low
[659.279s] [ 60%] [32m[1mLinking CXX executable test_condition_is_path_valid[0m
[659.985s] [ 60%] Built target test_condition_is_path_valid
[660.314s] [ 61%] [32m[1mLinking CXX executable test_condition_is_stuck[0m
[660.971s] [ 61%] Built target test_condition_is_stuck
[661.118s] [ 61%] [32m[1mLinking CXX executable test_condition_is_battery_charging[0m
[661.660s] [ 61%] Built target test_condition_is_battery_charging
[661.712s] [ 62%] [32mBuilding CXX object test/plugins/decorator/CMakeFiles/test_decorator_rate_controller.dir/test_rate_controller.cpp.o[0m
[677.593s] [ 62%] [32m[1mLinking CXX executable test_decorator_rate_controller[0m
[678.151s] [ 62%] Built target test_decorator_rate_controller
[678.193s] [ 62%] [32mBuilding CXX object test/plugins/decorator/CMakeFiles/test_goal_updater_node.dir/test_goal_updater_node.cpp.o[0m
[680.221s] [ 62%] [32mBuilding CXX object test/plugins/decorator/CMakeFiles/test_single_trigger_node.dir/test_single_trigger_node.cpp.o[0m
[681.272s] [ 63%] [32mBuilding CXX object test/plugins/decorator/CMakeFiles/test_decorator_speed_controller.dir/test_speed_controller.cpp.o[0m
[682.373s] [ 64%] [32mBuilding CXX object test/plugins/decorator/CMakeFiles/test_decorator_distance_controller.dir/test_distance_controller.cpp.o[0m
[683.482s] [ 64%] [32mBuilding CXX object test/plugins/condition/CMakeFiles/test_condition_transform_available.dir/test_transform_available.cpp.o[0m
[684.592s] [ 64%] [32mBuilding CXX object CMakeFiles/nav2_goal_updated_controller_bt_node.dir/plugins/decorator/goal_updated_controller.cpp.o[0m
[702.589s] [ 65%] [32m[1mLinking CXX shared library libnav2_goal_updated_controller_bt_node.so[0m
[703.337s] [ 65%] Built target nav2_goal_updated_controller_bt_node
[717.645s] [ 66%] [32m[1mLinking CXX executable test_goal_updater_node[0m
[718.593s] [ 66%] Built target test_goal_updater_node
[718.610s] [ 66%] [32m[1mLinking CXX executable test_decorator_distance_controller[0m
[719.549s] [ 66%] Built target test_decorator_distance_controller
[720.926s] [ 67%] [32m[1mLinking CXX executable test_condition_transform_available[0m
[721.005s] [ 67%] [32m[1mLinking CXX executable test_decorator_speed_controller[0m
[721.756s] [ 67%] Built target test_decorator_speed_controller
[721.772s] [ 68%] [32m[1mLinking CXX executable test_single_trigger_node[0m
[721.906s] [ 68%] Built target test_condition_transform_available
[722.364s] [ 68%] Built target test_single_trigger_node
[722.409s] [ 68%] [32mBuilding CXX object test/plugins/action/CMakeFiles/test_bt_action_node.dir/test_bt_action_node.cpp.o[0m
[746.330s] [ 69%] [32m[1mLinking CXX executable test_bt_action_node[0m
[746.864s] [ 69%] Built target test_bt_action_node
[746.907s] [ 69%] [32mBuilding CXX object test/plugins/action/CMakeFiles/test_action_spin_action.dir/test_spin_action.cpp.o[0m
[764.886s] [ 70%] [32m[1mLinking CXX executable test_action_spin_action[0m
[764.948s] [ 70%] [32mBuilding CXX object test/plugins/action/CMakeFiles/test_action_back_up_action.dir/test_back_up_action.cpp.o[0m
[765.406s] [ 70%] Built target test_action_spin_action
[765.460s] [ 70%] [32mBuilding CXX object test/plugins/control/CMakeFiles/test_control_round_robin_node.dir/test_round_robin_node.cpp.o[0m
[767.498s] [ 71%] [32mBuilding CXX object test/plugins/action/CMakeFiles/test_action_drive_on_heading.dir/test_drive_on_heading_action.cpp.o[0m
[769.525s] [ 71%] [32mBuilding CXX object test/plugins/control/CMakeFiles/test_control_pipeline_sequence.dir/test_pipeline_sequence.cpp.o[0m
[770.629s] [ 71%] [32mBuilding CXX object test/plugins/control/CMakeFiles/test_control_recovery_node.dir/test_recovery_node.cpp.o[0m
[771.724s] [ 72%] [32mBuilding CXX object test/plugins/decorator/CMakeFiles/test_decorator_path_longer_on_approach.dir/test_path_longer_on_approach.cpp.o[0m
[789.609s] [ 73%] [32m[1mLinking CXX executable test_control_round_robin_node[0m
[790.529s] [ 73%] Built target test_control_round_robin_node
[791.228s] [ 74%] [32m[1mLinking CXX executable test_action_back_up_action[0m
[792.100s] [ 74%] [32m[1mLinking CXX executable test_decorator_path_longer_on_approach[0m
[792.207s] [ 74%] Built target test_action_back_up_action
[792.604s] [ 74%] Built target test_decorator_path_longer_on_approach
[794.808s] [ 75%] [32m[1mLinking CXX executable test_control_recovery_node[0m
[794.814s] [ 75%] [32m[1mLinking CXX executable test_action_drive_on_heading[0m
[794.864s] [ 76%] [32m[1mLinking CXX executable test_control_pipeline_sequence[0m
[795.522s] [ 76%] Built target test_control_recovery_node
[795.560s] [ 76%] Built target test_control_pipeline_sequence
[795.560s] [ 76%] Built target test_action_drive_on_heading
[795.604s] [ 76%] [32mBuilding CXX object test/plugins/action/CMakeFiles/test_action_wait_cancel_action.dir/test_wait_cancel_node.cpp.o[0m
[810.640s] [ 76%] [32mBuilding CXX object test/plugins/action/CMakeFiles/test_action_back_up_cancel_action.dir/test_back_up_cancel_node.cpp.o[0m
[811.673s] [ 76%] [32mBuilding CXX object test/plugins/action/CMakeFiles/test_action_spin_cancel_action.dir/test_spin_cancel_node.cpp.o[0m
[812.706s] [ 77%] [32mBuilding CXX object test/plugins/action/CMakeFiles/test_action_controller_cancel_action.dir/test_controller_cancel_node.cpp.o[0m
[813.778s] [ 78%] [32m[1mLinking CXX executable test_action_wait_cancel_action[0m
[813.822s] [ 78%] [32mBuilding CXX object test/plugins/action/CMakeFiles/test_action_assisted_teleop_action.dir/test_assisted_teleop_action.cpp.o[0m
[813.874s] [ 78%] [32mBuilding CXX object test/plugins/action/CMakeFiles/test_action_wait_action.dir/test_wait_action.cpp.o[0m
[814.539s] [ 78%] Built target test_action_wait_cancel_action
[814.674s] [ 78%] [32mBuilding CXX object test/plugins/action/CMakeFiles/test_action_assisted_teleop_cancel_action.dir/test_assisted_teleop_cancel_node.cpp.o[0m
[839.585s] [ 78%] [32m[1mLinking CXX executable test_action_controller_cancel_action[0m
[840.593s] [ 78%] Built target test_action_controller_cancel_action
[841.426s] [ 79%] [32m[1mLinking CXX executable test_action_assisted_teleop_action[0m
[842.083s] [ 80%] [32m[1mLinking CXX executable test_action_back_up_cancel_action[0m
[842.458s] [ 80%] Built target test_action_assisted_teleop_action
[842.807s] [ 80%] Built target test_action_back_up_cancel_action
[843.861s] [ 81%] [32m[1mLinking CXX executable test_action_spin_cancel_action[0m
[843.921s] [ 82%] [32m[1mLinking CXX executable test_action_wait_action[0m
[844.541s] [ 82%] Built target test_action_spin_cancel_action
[844.715s] [ 82%] Built target test_action_wait_action
[845.730s] [ 83%] [32m[1mLinking CXX executable test_action_assisted_teleop_cancel_action[0m
[846.331s] [ 83%] Built target test_action_assisted_teleop_cancel_action
[846.397s] [ 83%] [32mBuilding CXX object test/plugins/action/CMakeFiles/test_action_compute_path_through_poses_action.dir/test_compute_path_through_poses_action.cpp.o[0m
[873.371s] [ 84%] [32m[1mLinking CXX executable test_action_compute_path_through_poses_action[0m
[874.057s] [ 84%] Built target test_action_compute_path_through_poses_action
[874.126s] [ 84%] [32mBuilding CXX object test/plugins/action/CMakeFiles/test_action_smooth_path_action.dir/test_smooth_path_action.cpp.o[0m
[899.316s] [ 85%] [32m[1mLinking CXX executable test_action_smooth_path_action[0m
[899.902s] [ 85%] Built target test_action_smooth_path_action
[899.966s] [ 86%] [32mBuilding CXX object test/plugins/action/CMakeFiles/test_action_follow_path_action.dir/test_follow_path_action.cpp.o[0m
[923.175s] [ 86%] [32m[1mLinking CXX executable test_action_follow_path_action[0m
[923.914s] [ 86%] Built target test_action_follow_path_action
[923.967s] [ 87%] [32mBuilding CXX object test/plugins/action/CMakeFiles/test_action_navigate_to_pose_action.dir/test_navigate_to_pose_action.cpp.o[0m
[945.194s] [ 87%] [32m[1mLinking CXX executable test_action_navigate_to_pose_action[0m
[946.046s] [ 87%] Built target test_action_navigate_to_pose_action
[946.112s] [ 88%] [32mBuilding CXX object test/plugins/action/CMakeFiles/test_action_navigate_through_poses_action.dir/test_navigate_through_poses_action.cpp.o[0m
[967.929s] [ 88%] [32m[1mLinking CXX executable test_action_navigate_through_poses_action[0m
[968.457s] [ 88%] Built target test_action_navigate_through_poses_action
[968.506s] [ 88%] [32mBuilding CXX object test/plugins/action/CMakeFiles/test_truncate_path_action.dir/test_truncate_path_action.cpp.o[0m
[984.087s] [ 89%] [32m[1mLinking CXX executable test_truncate_path_action[0m
[984.719s] [ 89%] Built target test_truncate_path_action
[984.792s] [ 89%] [32mBuilding CXX object test/plugins/action/CMakeFiles/test_truncate_path_local_action.dir/test_truncate_path_local_action.cpp.o[0m
[1009.765s] [ 90%] [32m[1mLinking CXX executable test_truncate_path_local_action[0m
[1010.517s] [ 90%] Built target test_truncate_path_local_action
[1010.575s] [ 90%] [32mBuilding CXX object test/plugins/action/CMakeFiles/test_remove_passed_goals_action.dir/test_remove_passed_goals_action.cpp.o[0m
[1031.377s] [ 91%] [32m[1mLinking CXX executable test_remove_passed_goals_action[0m
[1032.049s] [ 91%] Built target test_remove_passed_goals_action
[1032.111s] [ 92%] [32mBuilding CXX object test/plugins/action/CMakeFiles/test_get_pose_from_path_action.dir/test_get_pose_from_path_action.cpp.o[0m
[1050.043s] [ 92%] [32m[1mLinking CXX executable test_get_pose_from_path_action[0m
[1050.739s] [ 92%] Built target test_get_pose_from_path_action
[1050.791s] [ 92%] [32mBuilding CXX object test/plugins/action/CMakeFiles/test_planner_selector_node.dir/test_planner_selector_node.cpp.o[0m
[1071.817s] [ 93%] [32m[1mLinking CXX executable test_planner_selector_node[0m
[1072.745s] [ 93%] Built target test_planner_selector_node
[1072.816s] [ 93%] [32mBuilding CXX object test/plugins/action/CMakeFiles/test_controller_selector_node.dir/test_controller_selector_node.cpp.o[0m
[1094.061s] [ 93%] [32m[1mLinking CXX executable test_controller_selector_node[0m
[1094.949s] [ 93%] Built target test_controller_selector_node
[1095.079s] [ 93%] [32mBuilding CXX object test/plugins/action/CMakeFiles/test_smoother_selector_node.dir/test_smoother_selector_node.cpp.o[0m
[1115.503s] [ 94%] [32m[1mLinking CXX executable test_smoother_selector_node[0m
[1116.288s] [ 94%] Built target test_smoother_selector_node
[1116.333s] [ 95%] [32mBuilding CXX object test/plugins/action/CMakeFiles/test_goal_checker_selector_node.dir/test_goal_checker_selector_node.cpp.o[0m
[1137.442s] [ 95%] [32m[1mLinking CXX executable test_goal_checker_selector_node[0m
[1138.258s] [ 95%] Built target test_goal_checker_selector_node
[1138.310s] [ 95%] [32mBuilding CXX object test/plugins/action/CMakeFiles/test_progress_checker_selector_node.dir/test_progress_checker_selector_node.cpp.o[0m
[1156.224s] [ 96%] [32m[1mLinking CXX executable test_progress_checker_selector_node[0m
[1156.771s] [ 96%] Built target test_progress_checker_selector_node
[1156.837s] [ 97%] [32mBuilding CXX object test/plugins/decorator/CMakeFiles/test_goal_updated_controller.dir/test_goal_updated_controller.cpp.o[0m
[1175.842s] [ 97%] [32m[1mLinking CXX executable test_goal_updated_controller[0m
[1176.723s] [ 97%] Built target test_goal_updated_controller
[1176.777s] [ 97%] [32mBuilding CXX object test/plugins/action/CMakeFiles/test_action_compute_path_to_pose_action.dir/test_compute_path_to_pose_action.cpp.o[0m
[1197.009s] [ 97%] [32m[1mLinking CXX executable test_action_compute_path_to_pose_action[0m
[1197.620s] [ 97%] Built target test_action_compute_path_to_pose_action
[1197.674s] [ 98%] [32mBuilding CXX object test/plugins/action/CMakeFiles/test_action_reinitialize_global_localization_service.dir/test_reinitialize_global_localization_service.cpp.o[0m
[1215.619s] [ 98%] [32m[1mLinking CXX executable test_action_reinitialize_global_localization_service[0m
[1216.224s] [ 98%] Built target test_action_reinitialize_global_localization_service
[1216.270s] [ 98%] [32mBuilding CXX object test/plugins/action/CMakeFiles/test_action_clear_costmap_service.dir/test_clear_costmap_service.cpp.o[0m
[1237.002s] [ 99%] [32m[1mLinking CXX executable test_action_clear_costmap_service[0m
[1237.794s] [ 99%] Built target test_action_clear_costmap_service
[1237.844s] [100%] [32mBuilding CXX object test/plugins/action/CMakeFiles/test_action_drive_on_heading_cancel_action.dir/test_drive_on_heading_cancel_node.cpp.o[0m
[1258.924s] [100%] [32m[1mLinking CXX executable test_action_drive_on_heading_cancel_action[0m
[1259.612s] [100%] Built target test_action_drive_on_heading_cancel_action
[1259.671s] Invoked command in '/home/jetson/robot_ws/build/nav2_behavior_tree' returned '0': AMENT_PREFIX_PATH=/home/jetson/robot_ws/install/nav2_util:/home/jetson/robot_ws/install/nav2_msgs:/home/jetson/robot_ws/install/nav2_common:${AMENT_PREFIX_PATH} CMAKE_PREFIX_PATH=/home/jetson/robot_ws/install/nav2_util:/home/jetson/robot_ws/install/nav2_msgs:/home/jetson/robot_ws/install/nav2_common:/home/jetson/robot_ws/install/servicerobot_joy:/opt/ros/humble LD_LIBRARY_PATH=/home/jetson/robot_ws/install/nav2_util/lib:/home/jetson/robot_ws/install/nav2_msgs/lib:${LD_LIBRARY_PATH} PYTHONPATH=/home/jetson/robot_ws/install/nav2_msgs/local/lib/python3.10/dist-packages:/home/jetson/robot_ws/install/nav2_common/local/lib/python3.10/dist-packages:${PYTHONPATH} /usr/bin/cmake --build /home/jetson/robot_ws/build/nav2_behavior_tree -- -j6 -l6
[1259.672s] Invoking command in '/home/jetson/robot_ws/build/nav2_behavior_tree': AMENT_PREFIX_PATH=/home/jetson/robot_ws/install/nav2_util:/home/jetson/robot_ws/install/nav2_msgs:/home/jetson/robot_ws/install/nav2_common:${AMENT_PREFIX_PATH} CMAKE_PREFIX_PATH=/home/jetson/robot_ws/install/nav2_util:/home/jetson/robot_ws/install/nav2_msgs:/home/jetson/robot_ws/install/nav2_common:/home/jetson/robot_ws/install/servicerobot_joy:/opt/ros/humble LD_LIBRARY_PATH=/home/jetson/robot_ws/install/nav2_util/lib:/home/jetson/robot_ws/install/nav2_msgs/lib:${LD_LIBRARY_PATH} PYTHONPATH=/home/jetson/robot_ws/install/nav2_msgs/local/lib/python3.10/dist-packages:/home/jetson/robot_ws/install/nav2_common/local/lib/python3.10/dist-packages:${PYTHONPATH} /usr/bin/cmake --install /home/jetson/robot_ws/build/nav2_behavior_tree
[1259.683s] -- Install configuration: "Release"
[1259.684s] -- Installing: /home/jetson/robot_ws/install/nav2_behavior_tree/lib/libnav2_behavior_tree.so
[1259.684s] -- Set runtime path of "/home/jetson/robot_ws/install/nav2_behavior_tree/lib/libnav2_behavior_tree.so" to ""
[1259.685s] -- Installing: /home/jetson/robot_ws/install/nav2_behavior_tree/lib/libnav2_compute_path_to_pose_action_bt_node.so
[1259.686s] -- Set runtime path of "/home/jetson/robot_ws/install/nav2_behavior_tree/lib/libnav2_compute_path_to_pose_action_bt_node.so" to ""
[1259.687s] -- Installing: /home/jetson/robot_ws/install/nav2_behavior_tree/lib/libnav2_compute_path_through_poses_action_bt_node.so
[1259.688s] -- Set runtime path of "/home/jetson/robot_ws/install/nav2_behavior_tree/lib/libnav2_compute_path_through_poses_action_bt_node.so" to ""
[1259.688s] -- Installing: /home/jetson/robot_ws/install/nav2_behavior_tree/lib/libnav2_controller_cancel_bt_node.so
[1259.690s] -- Set runtime path of "/home/jetson/robot_ws/install/nav2_behavior_tree/lib/libnav2_controller_cancel_bt_node.so" to ""
[1259.690s] -- Installing: /home/jetson/robot_ws/install/nav2_behavior_tree/lib/libnav2_wait_cancel_bt_node.so
[1259.691s] -- Set runtime path of "/home/jetson/robot_ws/install/nav2_behavior_tree/lib/libnav2_wait_cancel_bt_node.so" to ""
[1259.691s] -- Installing: /home/jetson/robot_ws/install/nav2_behavior_tree/lib/libnav2_spin_cancel_bt_node.so
[1259.692s] -- Set runtime path of "/home/jetson/robot_ws/install/nav2_behavior_tree/lib/libnav2_spin_cancel_bt_node.so" to ""
[1259.692s] -- Installing: /home/jetson/robot_ws/install/nav2_behavior_tree/lib/libnav2_back_up_cancel_bt_node.so
[1259.694s] -- Set runtime path of "/home/jetson/robot_ws/install/nav2_behavior_tree/lib/libnav2_back_up_cancel_bt_node.so" to ""
[1259.694s] -- Installing: /home/jetson/robot_ws/install/nav2_behavior_tree/lib/libnav2_assisted_teleop_cancel_bt_node.so
[1259.695s] -- Set runtime path of "/home/jetson/robot_ws/install/nav2_behavior_tree/lib/libnav2_assisted_teleop_cancel_bt_node.so" to ""
[1259.695s] -- Installing: /home/jetson/robot_ws/install/nav2_behavior_tree/lib/libnav2_drive_on_heading_cancel_bt_node.so
[1259.699s] -- Set runtime path of "/home/jetson/robot_ws/install/nav2_behavior_tree/lib/libnav2_drive_on_heading_cancel_bt_node.so" to ""
[1259.699s] -- Installing: /home/jetson/robot_ws/install/nav2_behavior_tree/lib/libnav2_smooth_path_action_bt_node.so
[1259.699s] -- Set runtime path of "/home/jetson/robot_ws/install/nav2_behavior_tree/lib/libnav2_smooth_path_action_bt_node.so" to ""
[1259.700s] -- Installing: /home/jetson/robot_ws/install/nav2_behavior_tree/lib/libnav2_follow_path_action_bt_node.so
[1259.701s] -- Set runtime path of "/home/jetson/robot_ws/install/nav2_behavior_tree/lib/libnav2_follow_path_action_bt_node.so" to ""
[1259.716s] -- Installing: /home/jetson/robot_ws/install/nav2_behavior_tree/lib/libnav2_back_up_action_bt_node.so
[1259.717s] -- Set runtime path of "/home/jetson/robot_ws/install/nav2_behavior_tree/lib/libnav2_back_up_action_bt_node.so" to ""
[1259.717s] -- Installing: /home/jetson/robot_ws/install/nav2_behavior_tree/lib/libnav2_drive_on_heading_bt_node.so
[1259.717s] -- Set runtime path of "/home/jetson/robot_ws/install/nav2_behavior_tree/lib/libnav2_drive_on_heading_bt_node.so" to ""
[1259.717s] -- Installing: /home/jetson/robot_ws/install/nav2_behavior_tree/lib/libnav2_spin_action_bt_node.so
[1259.717s] -- Set runtime path of "/home/jetson/robot_ws/install/nav2_behavior_tree/lib/libnav2_spin_action_bt_node.so" to ""
[1259.718s] -- Installing: /home/jetson/robot_ws/install/nav2_behavior_tree/lib/libnav2_wait_action_bt_node.so
[1259.718s] -- Set runtime path of "/home/jetson/robot_ws/install/nav2_behavior_tree/lib/libnav2_wait_action_bt_node.so" to ""
[1259.718s] -- Installing: /home/jetson/robot_ws/install/nav2_behavior_tree/lib/libnav2_assisted_teleop_action_bt_node.so
[1259.718s] -- Set runtime path of "/home/jetson/robot_ws/install/nav2_behavior_tree/lib/libnav2_assisted_teleop_action_bt_node.so" to ""
[1259.718s] -- Installing: /home/jetson/robot_ws/install/nav2_behavior_tree/lib/libnav2_clear_costmap_service_bt_node.so
[1259.718s] -- Set runtime path of "/home/jetson/robot_ws/install/nav2_behavior_tree/lib/libnav2_clear_costmap_service_bt_node.so" to ""
[1259.718s] -- Installing: /home/jetson/robot_ws/install/nav2_behavior_tree/lib/libnav2_is_stuck_condition_bt_node.so
[1259.718s] -- Set runtime path of "/home/jetson/robot_ws/install/nav2_behavior_tree/lib/libnav2_is_stuck_condition_bt_node.so" to ""
[1259.718s] -- Installing: /home/jetson/robot_ws/install/nav2_behavior_tree/lib/libnav2_transform_available_condition_bt_node.so
[1259.719s] -- Set runtime path of "/home/jetson/robot_ws/install/nav2_behavior_tree/lib/libnav2_transform_available_condition_bt_node.so" to ""
[1259.719s] -- Installing: /home/jetson/robot_ws/install/nav2_behavior_tree/lib/libnav2_goal_reached_condition_bt_node.so
[1259.719s] -- Set runtime path of "/home/jetson/robot_ws/install/nav2_behavior_tree/lib/libnav2_goal_reached_condition_bt_node.so" to ""
[1259.719s] -- Installing: /home/jetson/robot_ws/install/nav2_behavior_tree/lib/libnav2_globally_updated_goal_condition_bt_node.so
[1259.719s] -- Set runtime path of "/home/jetson/robot_ws/install/nav2_behavior_tree/lib/libnav2_globally_updated_goal_condition_bt_node.so" to ""
[1259.719s] -- Installing: /home/jetson/robot_ws/install/nav2_behavior_tree/lib/libnav2_goal_updated_condition_bt_node.so
[1259.724s] -- Set runtime path of "/home/jetson/robot_ws/install/nav2_behavior_tree/lib/libnav2_goal_updated_condition_bt_node.so" to ""
[1259.724s] -- Installing: /home/jetson/robot_ws/install/nav2_behavior_tree/lib/libnav2_is_path_valid_condition_bt_node.so
[1259.724s] -- Set runtime path of "/home/jetson/robot_ws/install/nav2_behavior_tree/lib/libnav2_is_path_valid_condition_bt_node.so" to ""
[1259.724s] -- Installing: /home/jetson/robot_ws/install/nav2_behavior_tree/lib/libnav2_time_expired_condition_bt_node.so
[1259.725s] -- Set runtime path of "/home/jetson/robot_ws/install/nav2_behavior_tree/lib/libnav2_time_expired_condition_bt_node.so" to ""
[1259.725s] -- Installing: /home/jetson/robot_ws/install/nav2_behavior_tree/lib/libnav2_path_expiring_timer_condition.so
[1259.727s] -- Set runtime path of "/home/jetson/robot_ws/install/nav2_behavior_tree/lib/libnav2_path_expiring_timer_condition.so" to ""
[1259.730s] -- Installing: /home/jetson/robot_ws/install/nav2_behavior_tree/lib/libnav2_distance_traveled_condition_bt_node.so
[1259.730s] -- Set runtime path of "/home/jetson/robot_ws/install/nav2_behavior_tree/lib/libnav2_distance_traveled_condition_bt_node.so" to ""
[1259.731s] -- Installing: /home/jetson/robot_ws/install/nav2_behavior_tree/lib/libnav2_initial_pose_received_condition_bt_node.so
[1259.732s] -- Set runtime path of "/home/jetson/robot_ws/install/nav2_behavior_tree/lib/libnav2_initial_pose_received_condition_bt_node.so" to ""
[1259.732s] -- Installing: /home/jetson/robot_ws/install/nav2_behavior_tree/lib/libnav2_is_battery_charging_condition_bt_node.so
[1259.732s] -- Set runtime path of "/home/jetson/robot_ws/install/nav2_behavior_tree/lib/libnav2_is_battery_charging_condition_bt_node.so" to ""
[1259.732s] -- Installing: /home/jetson/robot_ws/install/nav2_behavior_tree/lib/libnav2_is_battery_low_condition_bt_node.so
[1259.733s] -- Set runtime path of "/home/jetson/robot_ws/install/nav2_behavior_tree/lib/libnav2_is_battery_low_condition_bt_node.so" to ""
[1259.733s] -- Installing: /home/jetson/robot_ws/install/nav2_behavior_tree/lib/libnav2_reinitialize_global_localization_service_bt_node.so
[1259.736s] -- Set runtime path of "/home/jetson/robot_ws/install/nav2_behavior_tree/lib/libnav2_reinitialize_global_localization_service_bt_node.so" to ""
[1259.737s] -- Installing: /home/jetson/robot_ws/install/nav2_behavior_tree/lib/libnav2_rate_controller_bt_node.so
[1259.737s] -- Set runtime path of "/home/jetson/robot_ws/install/nav2_behavior_tree/lib/libnav2_rate_controller_bt_node.so" to ""
[1259.738s] -- Installing: /home/jetson/robot_ws/install/nav2_behavior_tree/lib/libnav2_distance_controller_bt_node.so
[1259.739s] -- Set runtime path of "/home/jetson/robot_ws/install/nav2_behavior_tree/lib/libnav2_distance_controller_bt_node.so" to ""
[1259.739s] -- Installing: /home/jetson/robot_ws/install/nav2_behavior_tree/lib/libnav2_speed_controller_bt_node.so
[1259.739s] -- Set runtime path of "/home/jetson/robot_ws/install/nav2_behavior_tree/lib/libnav2_speed_controller_bt_node.so" to ""
[1259.739s] -- Installing: /home/jetson/robot_ws/install/nav2_behavior_tree/lib/libnav2_truncate_path_action_bt_node.so
[1259.739s] -- Set runtime path of "/home/jetson/robot_ws/install/nav2_behavior_tree/lib/libnav2_truncate_path_action_bt_node.so" to ""
[1259.739s] -- Installing: /home/jetson/robot_ws/install/nav2_behavior_tree/lib/libnav2_truncate_path_local_action_bt_node.so
[1259.740s] -- Set runtime path of "/home/jetson/robot_ws/install/nav2_behavior_tree/lib/libnav2_truncate_path_local_action_bt_node.so" to ""
[1259.740s] -- Installing: /home/jetson/robot_ws/install/nav2_behavior_tree/lib/libnav2_goal_updater_node_bt_node.so
[1259.745s] -- Set runtime path of "/home/jetson/robot_ws/install/nav2_behavior_tree/lib/libnav2_goal_updater_node_bt_node.so" to ""
[1259.745s] -- Installing: /home/jetson/robot_ws/install/nav2_behavior_tree/lib/libnav2_path_longer_on_approach_bt_node.so
[1259.748s] -- Set runtime path of "/home/jetson/robot_ws/install/nav2_behavior_tree/lib/libnav2_path_longer_on_approach_bt_node.so" to ""
[1259.748s] -- Installing: /home/jetson/robot_ws/install/nav2_behavior_tree/lib/libnav2_recovery_node_bt_node.so
[1259.748s] -- Set runtime path of "/home/jetson/robot_ws/install/nav2_behavior_tree/lib/libnav2_recovery_node_bt_node.so" to ""
[1259.748s] -- Installing: /home/jetson/robot_ws/install/nav2_behavior_tree/lib/libnav2_navigate_to_pose_action_bt_node.so
[1259.749s] -- Set runtime path of "/home/jetson/robot_ws/install/nav2_behavior_tree/lib/libnav2_navigate_to_pose_action_bt_node.so" to ""
[1259.751s] -- Installing: /home/jetson/robot_ws/install/nav2_behavior_tree/lib/libnav2_navigate_through_poses_action_bt_node.so
[1259.751s] -- Set runtime path of "/home/jetson/robot_ws/install/nav2_behavior_tree/lib/libnav2_navigate_through_poses_action_bt_node.so" to ""
[1259.751s] -- Installing: /home/jetson/robot_ws/install/nav2_behavior_tree/lib/libnav2_remove_passed_goals_action_bt_node.so
[1259.752s] -- Set runtime path of "/home/jetson/robot_ws/install/nav2_behavior_tree/lib/libnav2_remove_passed_goals_action_bt_node.so" to ""
[1259.752s] -- Installing: /home/jetson/robot_ws/install/nav2_behavior_tree/lib/libnav2_get_pose_from_path_action_bt_node.so
[1259.753s] -- Set runtime path of "/home/jetson/robot_ws/install/nav2_behavior_tree/lib/libnav2_get_pose_from_path_action_bt_node.so" to ""
[1259.753s] -- Installing: /home/jetson/robot_ws/install/nav2_behavior_tree/lib/libnav2_pipeline_sequence_bt_node.so
[1259.754s] -- Set runtime path of "/home/jetson/robot_ws/install/nav2_behavior_tree/lib/libnav2_pipeline_sequence_bt_node.so" to ""
[1259.754s] -- Installing: /home/jetson/robot_ws/install/nav2_behavior_tree/lib/libnav2_round_robin_node_bt_node.so
[1259.755s] -- Set runtime path of "/home/jetson/robot_ws/install/nav2_behavior_tree/lib/libnav2_round_robin_node_bt_node.so" to ""
[1259.760s] -- Installing: /home/jetson/robot_ws/install/nav2_behavior_tree/lib/libnav2_single_trigger_bt_node.so
[1259.760s] -- Set runtime path of "/home/jetson/robot_ws/install/nav2_behavior_tree/lib/libnav2_single_trigger_bt_node.so" to ""
[1259.765s] -- Installing: /home/jetson/robot_ws/install/nav2_behavior_tree/lib/libnav2_planner_selector_bt_node.so
[1259.766s] -- Set runtime path of "/home/jetson/robot_ws/install/nav2_behavior_tree/lib/libnav2_planner_selector_bt_node.so" to ""
[1259.767s] -- Installing: /home/jetson/robot_ws/install/nav2_behavior_tree/lib/libnav2_controller_selector_bt_node.so
[1259.767s] -- Set runtime path of "/home/jetson/robot_ws/install/nav2_behavior_tree/lib/libnav2_controller_selector_bt_node.so" to ""
[1259.767s] -- Installing: /home/jetson/robot_ws/install/nav2_behavior_tree/lib/libnav2_smoother_selector_bt_node.so
[1259.767s] -- Set runtime path of "/home/jetson/robot_ws/install/nav2_behavior_tree/lib/libnav2_smoother_selector_bt_node.so" to ""
[1259.780s] -- Installing: /home/jetson/robot_ws/install/nav2_behavior_tree/lib/libnav2_goal_checker_selector_bt_node.so
[1259.783s] -- Set runtime path of "/home/jetson/robot_ws/install/nav2_behavior_tree/lib/libnav2_goal_checker_selector_bt_node.so" to ""
[1259.785s] -- Installing: /home/jetson/robot_ws/install/nav2_behavior_tree/lib/libnav2_progress_checker_selector_bt_node.so
[1259.787s] -- Set runtime path of "/home/jetson/robot_ws/install/nav2_behavior_tree/lib/libnav2_progress_checker_selector_bt_node.so" to ""
[1259.788s] -- Installing: /home/jetson/robot_ws/install/nav2_behavior_tree/lib/libnav2_goal_updated_controller_bt_node.so
[1259.790s] -- Set runtime path of "/home/jetson/robot_ws/install/nav2_behavior_tree/lib/libnav2_goal_updated_controller_bt_node.so" to ""
[1259.791s] -- Installing: /home/jetson/robot_ws/install/nav2_behavior_tree/lib/libnav2_compute_and_track_route_bt_node.so
[1259.797s] -- Set runtime path of "/home/jetson/robot_ws/install/nav2_behavior_tree/lib/libnav2_compute_and_track_route_bt_node.so" to ""
[1259.801s] -- Installing: /home/jetson/robot_ws/install/nav2_behavior_tree/lib/libnav2_compute_route_bt_node.so
[1259.801s] -- Set runtime path of "/home/jetson/robot_ws/install/nav2_behavior_tree/lib/libnav2_compute_route_bt_node.so" to ""
[1259.801s] -- Installing: /home/jetson/robot_ws/install/nav2_behavior_tree/include/
[1259.801s] -- Installing: /home/jetson/robot_ws/install/nav2_behavior_tree/include//nav2_behavior_tree
[1259.802s] -- Installing: /home/jetson/robot_ws/install/nav2_behavior_tree/include//nav2_behavior_tree/bt_cancel_action_node.hpp
[1259.802s] -- Installing: /home/jetson/robot_ws/install/nav2_behavior_tree/include//nav2_behavior_tree/plugins
[1259.807s] -- Installing: /home/jetson/robot_ws/install/nav2_behavior_tree/include//nav2_behavior_tree/plugins/decorator
[1259.807s] -- Installing: /home/jetson/robot_ws/install/nav2_behavior_tree/include//nav2_behavior_tree/plugins/decorator/speed_controller.hpp
[1259.807s] -- Installing: /home/jetson/robot_ws/install/nav2_behavior_tree/include//nav2_behavior_tree/plugins/decorator/goal_updated_controller.hpp
[1259.807s] -- Installing: /home/jetson/robot_ws/install/nav2_behavior_tree/include//nav2_behavior_tree/plugins/decorator/path_longer_on_approach.hpp
[1259.807s] -- Installing: /home/jetson/robot_ws/install/nav2_behavior_tree/include//nav2_behavior_tree/plugins/decorator/single_trigger_node.hpp
[1259.808s] -- Installing: /home/jetson/robot_ws/install/nav2_behavior_tree/include//nav2_behavior_tree/plugins/decorator/distance_controller.hpp
[1259.808s] -- Installing: /home/jetson/robot_ws/install/nav2_behavior_tree/include//nav2_behavior_tree/plugins/decorator/goal_updater_node.hpp
[1259.808s] -- Installing: /home/jetson/robot_ws/install/nav2_behavior_tree/include//nav2_behavior_tree/plugins/decorator/rate_controller.hpp
[1259.808s] -- Installing: /home/jetson/robot_ws/install/nav2_behavior_tree/include//nav2_behavior_tree/plugins/action
[1259.808s] -- Installing: /home/jetson/robot_ws/install/nav2_behavior_tree/include//nav2_behavior_tree/plugins/action/wait_cancel_node.hpp
[1259.808s] -- Installing: /home/jetson/robot_ws/install/nav2_behavior_tree/include//nav2_behavior_tree/plugins/action/back_up_cancel_node.hpp
[1259.808s] -- Installing: /home/jetson/robot_ws/install/nav2_behavior_tree/include//nav2_behavior_tree/plugins/action/smooth_path_action.hpp
[1259.808s] -- Installing: /home/jetson/robot_ws/install/nav2_behavior_tree/include//nav2_behavior_tree/plugins/action/compute_and_track_route_action.hpp
[1259.809s] -- Installing: /home/jetson/robot_ws/install/nav2_behavior_tree/include//nav2_behavior_tree/plugins/action/back_up_action.hpp
[1259.809s] -- Installing: /home/jetson/robot_ws/install/nav2_behavior_tree/include//nav2_behavior_tree/plugins/action/assisted_teleop_action.hpp
[1259.809s] -- Installing: /home/jetson/robot_ws/install/nav2_behavior_tree/include//nav2_behavior_tree/plugins/action/wait_action.hpp
[1259.809s] -- Installing: /home/jetson/robot_ws/install/nav2_behavior_tree/include//nav2_behavior_tree/plugins/action/reinitialize_global_localization_service.hpp
[1259.809s] -- Installing: /home/jetson/robot_ws/install/nav2_behavior_tree/include//nav2_behavior_tree/plugins/action/compute_path_through_poses_action.hpp
[1259.809s] -- Installing: /home/jetson/robot_ws/install/nav2_behavior_tree/include//nav2_behavior_tree/plugins/action/planner_selector_node.hpp
[1259.809s] -- Installing: /home/jetson/robot_ws/install/nav2_behavior_tree/include//nav2_behavior_tree/plugins/action/progress_checker_selector_node.hpp
[1259.809s] -- Installing: /home/jetson/robot_ws/install/nav2_behavior_tree/include//nav2_behavior_tree/plugins/action/smoother_selector_node.hpp
[1259.809s] -- Installing: /home/jetson/robot_ws/install/nav2_behavior_tree/include//nav2_behavior_tree/plugins/action/navigate_to_pose_action.hpp
[1259.809s] -- Installing: /home/jetson/robot_ws/install/nav2_behavior_tree/include//nav2_behavior_tree/plugins/action/controller_cancel_node.hpp
[1259.810s] -- Installing: /home/jetson/robot_ws/install/nav2_behavior_tree/include//nav2_behavior_tree/plugins/action/navigate_through_poses_action.hpp
[1259.810s] -- Installing: /home/jetson/robot_ws/install/nav2_behavior_tree/include//nav2_behavior_tree/plugins/action/compute_path_to_pose_action.hpp
[1259.810s] -- Installing: /home/jetson/robot_ws/install/nav2_behavior_tree/include//nav2_behavior_tree/plugins/action/truncate_path_local_action.hpp
[1259.810s] -- Installing: /home/jetson/robot_ws/install/nav2_behavior_tree/include//nav2_behavior_tree/plugins/action/compute_route_action.hpp
[1259.810s] -- Installing: /home/jetson/robot_ws/install/nav2_behavior_tree/include//nav2_behavior_tree/plugins/action/remove_passed_goals_action.hpp
[1259.810s] -- Installing: /home/jetson/robot_ws/install/nav2_behavior_tree/include//nav2_behavior_tree/plugins/action/clear_costmap_service.hpp
[1259.810s] -- Installing: /home/jetson/robot_ws/install/nav2_behavior_tree/include//nav2_behavior_tree/plugins/action/truncate_path_action.hpp
[1259.810s] -- Installing: /home/jetson/robot_ws/install/nav2_behavior_tree/include//nav2_behavior_tree/plugins/action/controller_selector_node.hpp
[1259.827s] -- Installing: /home/jetson/robot_ws/install/nav2_behavior_tree/include//nav2_behavior_tree/plugins/action/goal_checker_selector_node.hpp
[1259.827s] -- Installing: /home/jetson/robot_ws/install/nav2_behavior_tree/include//nav2_behavior_tree/plugins/action/get_pose_from_path_action.hpp
[1259.828s] -- Installing: /home/jetson/robot_ws/install/nav2_behavior_tree/include//nav2_behavior_tree/plugins/action/follow_path_action.hpp
[1259.828s] -- Installing: /home/jetson/robot_ws/install/nav2_behavior_tree/include//nav2_behavior_tree/plugins/action/spin_cancel_node.hpp
[1259.828s] -- Installing: /home/jetson/robot_ws/install/nav2_behavior_tree/include//nav2_behavior_tree/plugins/action/drive_on_heading_action.hpp
[1259.828s] -- Installing: /home/jetson/robot_ws/install/nav2_behavior_tree/include//nav2_behavior_tree/plugins/action/drive_on_heading_cancel_node.hpp
[1259.828s] -- Installing: /home/jetson/robot_ws/install/nav2_behavior_tree/include//nav2_behavior_tree/plugins/action/assisted_teleop_cancel_node.hpp
[1259.828s] -- Installing: /home/jetson/robot_ws/install/nav2_behavior_tree/include//nav2_behavior_tree/plugins/action/spin_action.hpp
[1259.828s] -- Installing: /home/jetson/robot_ws/install/nav2_behavior_tree/include//nav2_behavior_tree/plugins/condition
[1259.828s] -- Installing: /home/jetson/robot_ws/install/nav2_behavior_tree/include//nav2_behavior_tree/plugins/condition/distance_traveled_condition.hpp
[1259.829s] -- Installing: /home/jetson/robot_ws/install/nav2_behavior_tree/include//nav2_behavior_tree/plugins/condition/is_battery_charging_condition.hpp
[1259.829s] -- Installing: /home/jetson/robot_ws/install/nav2_behavior_tree/include//nav2_behavior_tree/plugins/condition/is_path_valid_condition.hpp
[1259.829s] -- Installing: /home/jetson/robot_ws/install/nav2_behavior_tree/include//nav2_behavior_tree/plugins/condition/path_expiring_timer_condition.hpp
[1259.829s] -- Installing: /home/jetson/robot_ws/install/nav2_behavior_tree/include//nav2_behavior_tree/plugins/condition/transform_available_condition.hpp
[1259.829s] -- Installing: /home/jetson/robot_ws/install/nav2_behavior_tree/include//nav2_behavior_tree/plugins/condition/is_stuck_condition.hpp
[1259.829s] -- Installing: /home/jetson/robot_ws/install/nav2_behavior_tree/include//nav2_behavior_tree/plugins/condition/goal_reached_condition.hpp
[1259.829s] -- Installing: /home/jetson/robot_ws/install/nav2_behavior_tree/include//nav2_behavior_tree/plugins/condition/globally_updated_goal_condition.hpp
[1259.829s] -- Installing: /home/jetson/robot_ws/install/nav2_behavior_tree/include//nav2_behavior_tree/plugins/condition/is_battery_low_condition.hpp
[1259.829s] -- Installing: /home/jetson/robot_ws/install/nav2_behavior_tree/include//nav2_behavior_tree/plugins/condition/time_expired_condition.hpp
[1259.829s] -- Installing: /home/jetson/robot_ws/install/nav2_behavior_tree/include//nav2_behavior_tree/plugins/condition/goal_updated_condition.hpp
[1259.830s] -- Installing: /home/jetson/robot_ws/install/nav2_behavior_tree/include//nav2_behavior_tree/plugins/condition/initial_pose_received_condition.hpp
[1259.830s] -- Installing: /home/jetson/robot_ws/install/nav2_behavior_tree/include//nav2_behavior_tree/plugins/control
[1259.830s] -- Installing: /home/jetson/robot_ws/install/nav2_behavior_tree/include//nav2_behavior_tree/plugins/control/round_robin_node.hpp
[1259.830s] -- Installing: /home/jetson/robot_ws/install/nav2_behavior_tree/include//nav2_behavior_tree/plugins/control/pipeline_sequence.hpp
[1259.830s] -- Installing: /home/jetson/robot_ws/install/nav2_behavior_tree/include//nav2_behavior_tree/plugins/control/recovery_node.hpp
[1259.830s] -- Installing: /home/jetson/robot_ws/install/nav2_behavior_tree/include//nav2_behavior_tree/bt_action_node.hpp
[1259.830s] -- Installing: /home/jetson/robot_ws/install/nav2_behavior_tree/include//nav2_behavior_tree/bt_action_server_impl.hpp
[1259.830s] -- Installing: /home/jetson/robot_ws/install/nav2_behavior_tree/include//nav2_behavior_tree/bt_conversions.hpp
[1259.830s] -- Installing: /home/jetson/robot_ws/install/nav2_behavior_tree/include//nav2_behavior_tree/bt_action_server.hpp
[1259.830s] -- Installing: /home/jetson/robot_ws/install/nav2_behavior_tree/include//nav2_behavior_tree/ros_topic_logger.hpp
[1259.830s] -- Installing: /home/jetson/robot_ws/install/nav2_behavior_tree/include//nav2_behavior_tree/bt_service_node.hpp
[1259.831s] -- Installing: /home/jetson/robot_ws/install/nav2_behavior_tree/include//nav2_behavior_tree/behavior_tree_engine.hpp
[1259.831s] -- Installing: /home/jetson/robot_ws/install/nav2_behavior_tree/share/nav2_behavior_tree/nav2_tree_nodes.xml
[1259.831s] -- Installing: /home/jetson/robot_ws/install/nav2_behavior_tree/share/nav2_behavior_tree/environment/library_path.sh
[1259.831s] -- Installing: /home/jetson/robot_ws/install/nav2_behavior_tree/share/nav2_behavior_tree/environment/library_path.dsv
[1259.831s] -- Installing: /home/jetson/robot_ws/install/nav2_behavior_tree/share/ament_index/resource_index/package_run_dependencies/nav2_behavior_tree
[1259.831s] -- Installing: /home/jetson/robot_ws/install/nav2_behavior_tree/share/ament_index/resource_index/parent_prefix_path/nav2_behavior_tree
[1259.831s] -- Installing: /home/jetson/robot_ws/install/nav2_behavior_tree/share/nav2_behavior_tree/environment/ament_prefix_path.sh
[1259.831s] -- Installing: /home/jetson/robot_ws/install/nav2_behavior_tree/share/nav2_behavior_tree/environment/ament_prefix_path.dsv
[1259.831s] -- Installing: /home/jetson/robot_ws/install/nav2_behavior_tree/share/nav2_behavior_tree/environment/path.sh
[1259.831s] -- Installing: /home/jetson/robot_ws/install/nav2_behavior_tree/share/nav2_behavior_tree/environment/path.dsv
[1259.832s] -- Installing: /home/jetson/robot_ws/install/nav2_behavior_tree/share/nav2_behavior_tree/local_setup.bash
[1259.832s] -- Installing: /home/jetson/robot_ws/install/nav2_behavior_tree/share/nav2_behavior_tree/local_setup.sh
[1259.833s] -- Installing: /home/jetson/robot_ws/install/nav2_behavior_tree/share/nav2_behavior_tree/local_setup.zsh
[1259.833s] -- Installing: /home/jetson/robot_ws/install/nav2_behavior_tree/share/nav2_behavior_tree/local_setup.dsv
[1259.834s] -- Installing: /home/jetson/robot_ws/install/nav2_behavior_tree/share/nav2_behavior_tree/package.dsv
[1259.834s] -- Installing: /home/jetson/robot_ws/install/nav2_behavior_tree/share/ament_index/resource_index/packages/nav2_behavior_tree
[1259.843s] -- Installing: /home/jetson/robot_ws/install/nav2_behavior_tree/share/nav2_behavior_tree/cmake/ament_cmake_export_include_directories-extras.cmake
[1259.844s] -- Installing: /home/jetson/robot_ws/install/nav2_behavior_tree/share/nav2_behavior_tree/cmake/ament_cmake_export_libraries-extras.cmake
[1259.844s] -- Installing: /home/jetson/robot_ws/install/nav2_behavior_tree/share/nav2_behavior_tree/cmake/ament_cmake_export_dependencies-extras.cmake
[1259.844s] -- Installing: /home/jetson/robot_ws/install/nav2_behavior_tree/share/nav2_behavior_tree/cmake/nav2_behavior_treeConfig.cmake
[1259.844s] -- Installing: /home/jetson/robot_ws/install/nav2_behavior_tree/share/nav2_behavior_tree/cmake/nav2_behavior_treeConfig-version.cmake
[1259.844s] -- Installing: /home/jetson/robot_ws/install/nav2_behavior_tree/share/nav2_behavior_tree/package.xml
[1259.845s] Invoked command in '/home/jetson/robot_ws/build/nav2_behavior_tree' returned '0': AMENT_PREFIX_PATH=/home/jetson/robot_ws/install/nav2_util:/home/jetson/robot_ws/install/nav2_msgs:/home/jetson/robot_ws/install/nav2_common:${AMENT_PREFIX_PATH} CMAKE_PREFIX_PATH=/home/jetson/robot_ws/install/nav2_util:/home/jetson/robot_ws/install/nav2_msgs:/home/jetson/robot_ws/install/nav2_common:/home/jetson/robot_ws/install/servicerobot_joy:/opt/ros/humble LD_LIBRARY_PATH=/home/jetson/robot_ws/install/nav2_util/lib:/home/jetson/robot_ws/install/nav2_msgs/lib:${LD_LIBRARY_PATH} PYTHONPATH=/home/jetson/robot_ws/install/nav2_msgs/local/lib/python3.10/dist-packages:/home/jetson/robot_ws/install/nav2_common/local/lib/python3.10/dist-packages:${PYTHONPATH} /usr/bin/cmake --install /home/jetson/robot_ws/build/nav2_behavior_tree
