[0.016s] Invoking command in '/home/jetson/servicerobot_ws/src/servicerobot_slam/build/servicerobot_slam': CMAKE_PREFIX_PATH=${CMAKE_PREFIX_PATH}:/home/jetson/robot_ws/install/servicerobot_teleop:/home/jetson/robot_ws/install/servicerobot_joy:/opt/ros/humble /usr/bin/cmake /home/jetson/servicerobot_ws/src/servicerobot_slam -DCMAKE_INSTALL_PREFIX=/home/jetson/servicerobot_ws/src/servicerobot_slam/install/servicerobot_slam
[0.154s] -- The C compiler identification is GNU 11.4.0
[0.298s] -- The CXX compiler identification is GNU 11.4.0
[0.321s] -- Detecting C compiler ABI info
[0.451s] -- Detecting C compiler ABI info - done
[0.476s] -- Check for working C compiler: /usr/bin/cc - skipped
[0.477s] -- Detecting C compile features
[0.478s] -- Detecting C compile features - done
[0.490s] -- Detecting CXX compiler ABI info
[0.644s] -- Detecting CXX compiler ABI info - done
[0.669s] -- Check for working CXX compiler: /usr/bin/c++ - skipped
[0.670s] -- Detecting CXX compile features
[0.672s] -- Detecting CXX compile features - done
[0.685s] -- Found ament_cmake: 1.3.12 (/opt/ros/humble/share/ament_cmake/cmake)
[0.997s] -- Found Python3: /usr/bin/python3 (found version "3.10.12") found components: Interpreter 
[1.199s] -- Found ament_lint_auto: 0.12.14 (/opt/ros/humble/share/ament_lint_auto/cmake)
[1.396s] -- Added test 'cppcheck' to perform static code analysis on C / C++ code
[1.396s] -- Configured cppcheck include dirs: 
[1.397s] -- Configured cppcheck exclude dirs and/or files: 
[1.399s] -- Added test 'flake8' to check Python code syntax and style conventions
[1.405s] -- Added test 'lint_cmake' to check CMake code style
[1.408s] -- Added test 'pep257' to check Python code against some of the docstring style conventions in PEP 257
[1.423s] -- Added test 'uncrustify' to check C / C++ code style
[1.423s] -- Configured uncrustify additional arguments: 
[1.426s] -- Added test 'xmllint' to check XML markup files
[1.430s] -- Configuring done
[1.439s] -- Generating done
[1.443s] -- Build files have been written to: /home/jetson/servicerobot_ws/src/servicerobot_slam/build/servicerobot_slam
[1.453s] Invoked command in '/home/jetson/servicerobot_ws/src/servicerobot_slam/build/servicerobot_slam' returned '0': CMAKE_PREFIX_PATH=${CMAKE_PREFIX_PATH}:/home/jetson/robot_ws/install/servicerobot_teleop:/home/jetson/robot_ws/install/servicerobot_joy:/opt/ros/humble /usr/bin/cmake /home/jetson/servicerobot_ws/src/servicerobot_slam -DCMAKE_INSTALL_PREFIX=/home/jetson/servicerobot_ws/src/servicerobot_slam/install/servicerobot_slam
[1.460s] Invoking command in '/home/jetson/servicerobot_ws/src/servicerobot_slam/build/servicerobot_slam': CMAKE_PREFIX_PATH=${CMAKE_PREFIX_PATH}:/home/jetson/robot_ws/install/servicerobot_teleop:/home/jetson/robot_ws/install/servicerobot_joy:/opt/ros/humble /usr/bin/cmake --build /home/jetson/servicerobot_ws/src/servicerobot_slam/build/servicerobot_slam -- -j6 -l6
[1.530s] Invoked command in '/home/jetson/servicerobot_ws/src/servicerobot_slam/build/servicerobot_slam' returned '0': CMAKE_PREFIX_PATH=${CMAKE_PREFIX_PATH}:/home/jetson/robot_ws/install/servicerobot_teleop:/home/jetson/robot_ws/install/servicerobot_joy:/opt/ros/humble /usr/bin/cmake --build /home/jetson/servicerobot_ws/src/servicerobot_slam/build/servicerobot_slam -- -j6 -l6
[1.552s] Invoking command in '/home/jetson/servicerobot_ws/src/servicerobot_slam/build/servicerobot_slam': CMAKE_PREFIX_PATH=${CMAKE_PREFIX_PATH}:/home/jetson/robot_ws/install/servicerobot_teleop:/home/jetson/robot_ws/install/servicerobot_joy:/opt/ros/humble /usr/bin/cmake --install /home/jetson/servicerobot_ws/src/servicerobot_slam/build/servicerobot_slam
[1.565s] -- Install configuration: ""
[1.566s] -- Installing: /home/jetson/servicerobot_ws/src/servicerobot_slam/install/servicerobot_slam/share/servicerobot_slam/launch
[1.566s] -- Installing: /home/jetson/servicerobot_ws/src/servicerobot_slam/install/servicerobot_slam/share/servicerobot_slam/launch/start_slam_toolbox.launch.py
[1.566s] -- Installing: /home/jetson/servicerobot_ws/src/servicerobot_slam/install/servicerobot_slam/share/servicerobot_slam/rviz
[1.567s] -- Installing: /home/jetson/servicerobot_ws/src/servicerobot_slam/install/servicerobot_slam/share/servicerobot_slam/rviz/servicerobot_gmapping.rviz
[1.570s] -- Installing: /home/jetson/servicerobot_ws/src/servicerobot_slam/install/servicerobot_slam/share/servicerobot_slam/config
[1.570s] -- Installing: /home/jetson/servicerobot_ws/src/servicerobot_slam/install/servicerobot_slam/share/servicerobot_slam/config/slam_toolbox_params.yaml.save
[1.570s] -- Installing: /home/jetson/servicerobot_ws/src/servicerobot_slam/install/servicerobot_slam/share/servicerobot_slam/config/slam_toolbox_params.yaml
[1.571s] -- Installing: /home/jetson/servicerobot_ws/src/servicerobot_slam/install/servicerobot_slam/share/servicerobot_slam/config/mapper.yaml
[1.571s] -- Installing: /home/jetson/servicerobot_ws/src/servicerobot_slam/install/servicerobot_slam/share/ament_index/resource_index/package_run_dependencies/servicerobot_slam
[1.572s] -- Installing: /home/jetson/servicerobot_ws/src/servicerobot_slam/install/servicerobot_slam/share/ament_index/resource_index/parent_prefix_path/servicerobot_slam
[1.572s] -- Installing: /home/jetson/servicerobot_ws/src/servicerobot_slam/install/servicerobot_slam/share/servicerobot_slam/environment/ament_prefix_path.sh
[1.573s] -- Installing: /home/jetson/servicerobot_ws/src/servicerobot_slam/install/servicerobot_slam/share/servicerobot_slam/environment/ament_prefix_path.dsv
[1.573s] -- Installing: /home/jetson/servicerobot_ws/src/servicerobot_slam/install/servicerobot_slam/share/servicerobot_slam/environment/path.sh
[1.573s] -- Installing: /home/jetson/servicerobot_ws/src/servicerobot_slam/install/servicerobot_slam/share/servicerobot_slam/environment/path.dsv
[1.573s] -- Installing: /home/jetson/servicerobot_ws/src/servicerobot_slam/install/servicerobot_slam/share/servicerobot_slam/local_setup.bash
[1.574s] -- Installing: /home/jetson/servicerobot_ws/src/servicerobot_slam/install/servicerobot_slam/share/servicerobot_slam/local_setup.sh
[1.574s] -- Installing: /home/jetson/servicerobot_ws/src/servicerobot_slam/install/servicerobot_slam/share/servicerobot_slam/local_setup.zsh
[1.574s] -- Installing: /home/jetson/servicerobot_ws/src/servicerobot_slam/install/servicerobot_slam/share/servicerobot_slam/local_setup.dsv
[1.575s] -- Installing: /home/jetson/servicerobot_ws/src/servicerobot_slam/install/servicerobot_slam/share/servicerobot_slam/package.dsv
[1.575s] -- Installing: /home/jetson/servicerobot_ws/src/servicerobot_slam/install/servicerobot_slam/share/ament_index/resource_index/packages/servicerobot_slam
[1.575s] -- Installing: /home/jetson/servicerobot_ws/src/servicerobot_slam/install/servicerobot_slam/share/servicerobot_slam/cmake/servicerobot_slamConfig.cmake
[1.576s] -- Installing: /home/jetson/servicerobot_ws/src/servicerobot_slam/install/servicerobot_slam/share/servicerobot_slam/cmake/servicerobot_slamConfig-version.cmake
[1.576s] -- Installing: /home/jetson/servicerobot_ws/src/servicerobot_slam/install/servicerobot_slam/share/servicerobot_slam/package.xml
[1.580s] Invoked command in '/home/jetson/servicerobot_ws/src/servicerobot_slam/build/servicerobot_slam' returned '0': CMAKE_PREFIX_PATH=${CMAKE_PREFIX_PATH}:/home/jetson/robot_ws/install/servicerobot_teleop:/home/jetson/robot_ws/install/servicerobot_joy:/opt/ros/humble /usr/bin/cmake --install /home/jetson/servicerobot_ws/src/servicerobot_slam/build/servicerobot_slam
