running egg_info
creating ../../build/servicerobot_teleop/servicerobot_teleop.egg-info
writing ../../build/servicerobot_teleop/servicerobot_teleop.egg-info/PKG-INFO
writing dependency_links to ../../build/servicerobot_teleop/servicerobot_teleop.egg-info/dependency_links.txt
writing entry points to ../../build/servicerobot_teleop/servicerobot_teleop.egg-info/entry_points.txt
writing requirements to ../../build/servicerobot_teleop/servicerobot_teleop.egg-info/requires.txt
writing top-level names to ../../build/servicerobot_teleop/servicerobot_teleop.egg-info/top_level.txt
writing manifest file '../../build/servicerobot_teleop/servicerobot_teleop.egg-info/SOURCES.txt'
reading manifest file '../../build/servicerobot_teleop/servicerobot_teleop.egg-info/SOURCES.txt'
writing manifest file '../../build/servicerobot_teleop/servicerobot_teleop.egg-info/SOURCES.txt'
running build
running build_py
creating /home/jetson/robot_ws/build/servicerobot_teleop/build
creating /home/jetson/robot_ws/build/servicerobot_teleop/build/lib
creating /home/jetson/robot_ws/build/servicerobot_teleop/build/lib/servicerobot_teleop
copying servicerobot_teleop/teleop_node.py -> /home/jetson/robot_ws/build/servicerobot_teleop/build/lib/servicerobot_teleop
copying servicerobot_teleop/__init__.py -> /home/jetson/robot_ws/build/servicerobot_teleop/build/lib/servicerobot_teleop
running install
running install_lib
creating /home/jetson/robot_ws/install/servicerobot_teleop/lib/python3.10/site-packages/servicerobot_teleop
copying /home/jetson/robot_ws/build/servicerobot_teleop/build/lib/servicerobot_teleop/teleop_node.py -> /home/jetson/robot_ws/install/servicerobot_teleop/lib/python3.10/site-packages/servicerobot_teleop
copying /home/jetson/robot_ws/build/servicerobot_teleop/build/lib/servicerobot_teleop/__init__.py -> /home/jetson/robot_ws/install/servicerobot_teleop/lib/python3.10/site-packages/servicerobot_teleop
byte-compiling /home/jetson/robot_ws/install/servicerobot_teleop/lib/python3.10/site-packages/servicerobot_teleop/teleop_node.py to teleop_node.cpython-310.pyc
byte-compiling /home/jetson/robot_ws/install/servicerobot_teleop/lib/python3.10/site-packages/servicerobot_teleop/__init__.py to __init__.cpython-310.pyc
running install_data
creating /home/jetson/robot_ws/install/servicerobot_teleop/share/ament_index
creating /home/jetson/robot_ws/install/servicerobot_teleop/share/ament_index/resource_index
creating /home/jetson/robot_ws/install/servicerobot_teleop/share/ament_index/resource_index/packages
copying resource/servicerobot_teleop -> /home/jetson/robot_ws/install/servicerobot_teleop/share/ament_index/resource_index/packages
copying package.xml -> /home/jetson/robot_ws/install/servicerobot_teleop/share/servicerobot_teleop
running install_egg_info
Copying ../../build/servicerobot_teleop/servicerobot_teleop.egg-info to /home/jetson/robot_ws/install/servicerobot_teleop/lib/python3.10/site-packages/servicerobot_teleop-0.0.0-py3.10.egg-info
running install_scripts
Installing teleop_node script to /home/jetson/robot_ws/install/servicerobot_teleop/lib/servicerobot_teleop
writing list of installed files to '/home/jetson/robot_ws/build/servicerobot_teleop/install.log'
