[1.866s] Invoking command in '/home/jetson/robot_ws/src/servicerobot_teleop': PYTHONPATH=/home/jetson/robot_ws/build/servicerobot_teleop/prefix_override:/usr/lib/python3/dist-packages/colcon_core/task/python/colcon_distutils_commands:/home/jetson/robot_ws/install/servicerobot_teleop/lib/python3.10/site-packages:${PYTHONPATH} /usr/bin/python3 -W ignore:setup.py install is deprecated -W ignore:easy_install command is deprecated setup.py egg_info --egg-base ../../build/servicerobot_teleop build --build-base /home/jetson/robot_ws/build/servicerobot_teleop/build install --record /home/jetson/robot_ws/build/servicerobot_teleop/install.log --single-version-externally-managed install_data
[2.575s] running egg_info
[2.576s] creating ../../build/servicerobot_teleop/servicerobot_teleop.egg-info
[2.577s] writing ../../build/servicerobot_teleop/servicerobot_teleop.egg-info/PKG-INFO
[2.577s] writing dependency_links to ../../build/servicerobot_teleop/servicerobot_teleop.egg-info/dependency_links.txt
[2.577s] writing entry points to ../../build/servicerobot_teleop/servicerobot_teleop.egg-info/entry_points.txt
[2.578s] writing requirements to ../../build/servicerobot_teleop/servicerobot_teleop.egg-info/requires.txt
[2.578s] writing top-level names to ../../build/servicerobot_teleop/servicerobot_teleop.egg-info/top_level.txt
[2.578s] writing manifest file '../../build/servicerobot_teleop/servicerobot_teleop.egg-info/SOURCES.txt'
[2.584s] reading manifest file '../../build/servicerobot_teleop/servicerobot_teleop.egg-info/SOURCES.txt'
[2.585s] writing manifest file '../../build/servicerobot_teleop/servicerobot_teleop.egg-info/SOURCES.txt'
[2.585s] running build
[2.586s] running build_py
[2.586s] creating /home/jetson/robot_ws/build/servicerobot_teleop/build
[2.586s] creating /home/jetson/robot_ws/build/servicerobot_teleop/build/lib
[2.586s] creating /home/jetson/robot_ws/build/servicerobot_teleop/build/lib/servicerobot_teleop
[2.586s] copying servicerobot_teleop/teleop_node.py -> /home/jetson/robot_ws/build/servicerobot_teleop/build/lib/servicerobot_teleop
[2.587s] copying servicerobot_teleop/__init__.py -> /home/jetson/robot_ws/build/servicerobot_teleop/build/lib/servicerobot_teleop
[2.587s] running install
[2.588s] running install_lib
[2.591s] creating /home/jetson/robot_ws/install/servicerobot_teleop/lib/python3.10/site-packages/servicerobot_teleop
[2.592s] copying /home/jetson/robot_ws/build/servicerobot_teleop/build/lib/servicerobot_teleop/teleop_node.py -> /home/jetson/robot_ws/install/servicerobot_teleop/lib/python3.10/site-packages/servicerobot_teleop
[2.593s] copying /home/jetson/robot_ws/build/servicerobot_teleop/build/lib/servicerobot_teleop/__init__.py -> /home/jetson/robot_ws/install/servicerobot_teleop/lib/python3.10/site-packages/servicerobot_teleop
[2.595s] byte-compiling /home/jetson/robot_ws/install/servicerobot_teleop/lib/python3.10/site-packages/servicerobot_teleop/teleop_node.py to teleop_node.cpython-310.pyc
[2.599s] byte-compiling /home/jetson/robot_ws/install/servicerobot_teleop/lib/python3.10/site-packages/servicerobot_teleop/__init__.py to __init__.cpython-310.pyc
[2.601s] running install_data
[2.601s] creating /home/jetson/robot_ws/install/servicerobot_teleop/share/ament_index
[2.601s] creating /home/jetson/robot_ws/install/servicerobot_teleop/share/ament_index/resource_index
[2.601s] creating /home/jetson/robot_ws/install/servicerobot_teleop/share/ament_index/resource_index/packages
[2.601s] copying resource/servicerobot_teleop -> /home/jetson/robot_ws/install/servicerobot_teleop/share/ament_index/resource_index/packages
[2.601s] copying package.xml -> /home/jetson/robot_ws/install/servicerobot_teleop/share/servicerobot_teleop
[2.602s] running install_egg_info
[2.605s] Copying ../../build/servicerobot_teleop/servicerobot_teleop.egg-info to /home/jetson/robot_ws/install/servicerobot_teleop/lib/python3.10/site-packages/servicerobot_teleop-0.0.0-py3.10.egg-info
[2.606s] running install_scripts
[2.650s] Installing teleop_node script to /home/jetson/robot_ws/install/servicerobot_teleop/lib/servicerobot_teleop
[2.650s] writing list of installed files to '/home/jetson/robot_ws/build/servicerobot_teleop/install.log'
[2.725s] Invoked command in '/home/jetson/robot_ws/src/servicerobot_teleop' returned '0': PYTHONPATH=/home/jetson/robot_ws/build/servicerobot_teleop/prefix_override:/usr/lib/python3/dist-packages/colcon_core/task/python/colcon_distutils_commands:/home/jetson/robot_ws/install/servicerobot_teleop/lib/python3.10/site-packages:${PYTHONPATH} /usr/bin/python3 -W ignore:setup.py install is deprecated -W ignore:easy_install command is deprecated setup.py egg_info --egg-base ../../build/servicerobot_teleop build --build-base /home/jetson/robot_ws/build/servicerobot_teleop/build install --record /home/jetson/robot_ws/build/servicerobot_teleop/install.log --single-version-externally-managed install_data
