[0.078s] Invoking command in '/home/jetson/robot_ws/build/nav2_theta_star_planner': AMENT_PREFIX_PATH=/home/jetson/robot_ws/install/nav2_core:/home/jetson/robot_ws/install/nav2_costmap_2d:/home/jetson/robot_ws/install/nav2_map_server:/home/jetson/robot_ws/install/nav2_lifecycle_manager:/home/jetson/robot_ws/install/nav2_util:/home/jetson/robot_ws/install/nav2_voxel_grid:/home/jetson/robot_ws/install/nav2_msgs:/home/jetson/robot_ws/install/nav2_common:${AMENT_PREFIX_PATH} CMAKE_PREFIX_PATH=/home/jetson/robot_ws/install/nav2_core:/home/jetson/robot_ws/install/nav2_costmap_2d:/home/jetson/robot_ws/install/nav2_map_server:/home/jetson/robot_ws/install/nav2_lifecycle_manager:/home/jetson/robot_ws/install/nav2_util:/home/jetson/robot_ws/install/nav2_voxel_grid:/home/jetson/robot_ws/install/nav2_msgs:/home/jetson/robot_ws/install/nav2_common:/home/jetson/robot_ws/install/servicerobot_joy:/opt/ros/humble LD_LIBRARY_PATH=/home/jetson/robot_ws/install/nav2_costmap_2d/lib:/home/jetson/robot_ws/install/nav2_map_server/lib:/home/jetson/robot_ws/install/nav2_lifecycle_manager/lib:/home/jetson/robot_ws/install/nav2_util/lib:/home/jetson/robot_ws/install/nav2_voxel_grid/lib:/home/jetson/robot_ws/install/nav2_msgs/lib:${LD_LIBRARY_PATH} PYTHONPATH=/home/jetson/robot_ws/install/nav2_msgs/local/lib/python3.10/dist-packages:/home/jetson/robot_ws/install/nav2_common/local/lib/python3.10/dist-packages:${PYTHONPATH} /usr/bin/cmake /home/jetson/robot_ws/src/navigation2/nav2_theta_star_planner -DCMAKE_INSTALL_PREFIX=/home/jetson/robot_ws/install/nav2_theta_star_planner
[84.997s] -- The C compiler identification is GNU 11.4.0
[84.998s] -- The CXX compiler identification is GNU 11.4.0
[84.998s] -- Detecting C compiler ABI info
[84.998s] -- Detecting C compiler ABI info - done
[84.998s] -- Check for working C compiler: /usr/bin/cc - skipped
[84.998s] -- Detecting C compile features
[84.998s] -- Detecting C compile features - done
[84.998s] -- Detecting CXX compiler ABI info
[84.998s] -- Detecting CXX compiler ABI info - done
[84.999s] -- Check for working CXX compiler: /usr/bin/c++ - skipped
[84.999s] -- Detecting CXX compile features
[84.999s] -- Detecting CXX compile features - done
[84.999s] -- Found ament_cmake: 1.3.12 (/opt/ros/humble/share/ament_cmake/cmake)
[84.999s] -- Found Python3: /usr/bin/python3 (found version "3.10.12") found components: Interpreter 
[84.999s] -- Found builtin_interfaces: 1.2.2 (/opt/ros/humble/share/builtin_interfaces/cmake)
[84.999s] -- Found rosidl_generator_c: 3.1.7 (/opt/ros/humble/share/rosidl_generator_c/cmake)
[84.999s] -- Found rosidl_adapter: 3.1.7 (/opt/ros/humble/share/rosidl_adapter/cmake)
[84.999s] -- Found rosidl_generator_cpp: 3.1.7 (/opt/ros/humble/share/rosidl_generator_cpp/cmake)
[85.000s] -- Using all available rosidl_typesupport_c: rosidl_typesupport_fastrtps_c;rosidl_typesupport_introspection_c
[85.000s] -- Using all available rosidl_typesupport_cpp: rosidl_typesupport_fastrtps_cpp;rosidl_typesupport_introspection_cpp
[85.000s] -- Found nav2_common: 1.1.20 (/home/jetson/robot_ws/install/nav2_common/share/nav2_common/cmake)
[85.000s] -- Found nav2_core: 1.1.20 (/home/jetson/robot_ws/install/nav2_core/share/nav2_core/cmake)
[85.000s] -- Found rmw_implementation_cmake: 6.1.2 (/opt/ros/humble/share/rmw_implementation_cmake/cmake)
[85.000s] -- Found rmw_fastrtps_cpp: 6.2.9 (/opt/ros/humble/share/rmw_fastrtps_cpp/cmake)
[85.000s] -- Found OpenSSL: /usr/lib/aarch64-linux-gnu/libcrypto.so (found version "3.0.2")  
[85.000s] -- Found FastRTPS: /opt/ros/humble/include  
[85.000s] -- Using RMW implementation 'rmw_fastrtps_cpp' as default
[85.010s] -- Looking for pthread.h
[85.011s] -- Looking for pthread.h - found
[85.012s] -- Performing Test CMAKE_HAVE_LIBC_PTHREAD
[85.012s] -- Performing Test CMAKE_HAVE_LIBC_PTHREAD - Success
[85.012s] -- Found Threads: TRUE  
[85.012s] -- Found Eigen3: TRUE (found version "3.4.0") 
[85.012s] -- Ensuring Eigen3 include directory is part of orocos-kdl CMake target
[85.012s] -- Setting build type to Release as none was specified.
[85.012s] -- Found ament_lint_auto: 0.12.14 (/opt/ros/humble/share/ament_lint_auto/cmake)
[85.012s] -- Found gtest sources under '/opt/ros/humble/src/gtest_vendor': C++ tests using 'Google Test' will be built
[85.013s] -- Added test 'copyright' to check source files copyright and LICENSE
[85.013s] -- Added test 'cppcheck' to perform static code analysis on C / C++ code
[85.013s] -- Configured cppcheck include dirs: /home/jetson/robot_ws/src/navigation2/nav2_theta_star_planner/include
[85.013s] -- Configured cppcheck exclude dirs and/or files: 
[85.013s] -- Added test 'cpplint' to check C / C++ code against the Google style
[85.013s] -- Configured cpplint exclude dirs and/or files: 
[85.013s] -- Added test 'lint_cmake' to check CMake code style
[85.013s] -- Added test 'uncrustify' to check C / C++ code style
[85.013s] -- Configured uncrustify additional arguments: 
[85.013s] -- Added test 'xmllint' to check XML markup files
[85.014s] -- Configuring done
[85.014s] -- Generating done
[85.014s] -- Build files have been written to: /home/jetson/robot_ws/build/nav2_theta_star_planner
[85.028s] Invoked command in '/home/jetson/robot_ws/build/nav2_theta_star_planner' returned '0': AMENT_PREFIX_PATH=/home/jetson/robot_ws/install/nav2_core:/home/jetson/robot_ws/install/nav2_costmap_2d:/home/jetson/robot_ws/install/nav2_map_server:/home/jetson/robot_ws/install/nav2_lifecycle_manager:/home/jetson/robot_ws/install/nav2_util:/home/jetson/robot_ws/install/nav2_voxel_grid:/home/jetson/robot_ws/install/nav2_msgs:/home/jetson/robot_ws/install/nav2_common:${AMENT_PREFIX_PATH} CMAKE_PREFIX_PATH=/home/jetson/robot_ws/install/nav2_core:/home/jetson/robot_ws/install/nav2_costmap_2d:/home/jetson/robot_ws/install/nav2_map_server:/home/jetson/robot_ws/install/nav2_lifecycle_manager:/home/jetson/robot_ws/install/nav2_util:/home/jetson/robot_ws/install/nav2_voxel_grid:/home/jetson/robot_ws/install/nav2_msgs:/home/jetson/robot_ws/install/nav2_common:/home/jetson/robot_ws/install/servicerobot_joy:/opt/ros/humble LD_LIBRARY_PATH=/home/jetson/robot_ws/install/nav2_costmap_2d/lib:/home/jetson/robot_ws/install/nav2_map_server/lib:/home/jetson/robot_ws/install/nav2_lifecycle_manager/lib:/home/jetson/robot_ws/install/nav2_util/lib:/home/jetson/robot_ws/install/nav2_voxel_grid/lib:/home/jetson/robot_ws/install/nav2_msgs/lib:${LD_LIBRARY_PATH} PYTHONPATH=/home/jetson/robot_ws/install/nav2_msgs/local/lib/python3.10/dist-packages:/home/jetson/robot_ws/install/nav2_common/local/lib/python3.10/dist-packages:${PYTHONPATH} /usr/bin/cmake /home/jetson/robot_ws/src/navigation2/nav2_theta_star_planner -DCMAKE_INSTALL_PREFIX=/home/jetson/robot_ws/install/nav2_theta_star_planner
[85.031s] Invoking command in '/home/jetson/robot_ws/build/nav2_theta_star_planner': AMENT_PREFIX_PATH=/home/jetson/robot_ws/install/nav2_core:/home/jetson/robot_ws/install/nav2_costmap_2d:/home/jetson/robot_ws/install/nav2_map_server:/home/jetson/robot_ws/install/nav2_lifecycle_manager:/home/jetson/robot_ws/install/nav2_util:/home/jetson/robot_ws/install/nav2_voxel_grid:/home/jetson/robot_ws/install/nav2_msgs:/home/jetson/robot_ws/install/nav2_common:${AMENT_PREFIX_PATH} CMAKE_PREFIX_PATH=/home/jetson/robot_ws/install/nav2_core:/home/jetson/robot_ws/install/nav2_costmap_2d:/home/jetson/robot_ws/install/nav2_map_server:/home/jetson/robot_ws/install/nav2_lifecycle_manager:/home/jetson/robot_ws/install/nav2_util:/home/jetson/robot_ws/install/nav2_voxel_grid:/home/jetson/robot_ws/install/nav2_msgs:/home/jetson/robot_ws/install/nav2_common:/home/jetson/robot_ws/install/servicerobot_joy:/opt/ros/humble LD_LIBRARY_PATH=/home/jetson/robot_ws/install/nav2_costmap_2d/lib:/home/jetson/robot_ws/install/nav2_map_server/lib:/home/jetson/robot_ws/install/nav2_lifecycle_manager/lib:/home/jetson/robot_ws/install/nav2_util/lib:/home/jetson/robot_ws/install/nav2_voxel_grid/lib:/home/jetson/robot_ws/install/nav2_msgs/lib:${LD_LIBRARY_PATH} PYTHONPATH=/home/jetson/robot_ws/install/nav2_msgs/local/lib/python3.10/dist-packages:/home/jetson/robot_ws/install/nav2_common/local/lib/python3.10/dist-packages:${PYTHONPATH} /usr/bin/cmake --build /home/jetson/robot_ws/build/nav2_theta_star_planner -- -j6 -l6
[85.251s] [ 11%] [32mBuilding CXX object CMakeFiles/nav2_theta_star_planner.dir/src/theta_star.cpp.o[0m
[100.128s] [ 22%] [32mBuilding CXX object CMakeFiles/nav2_theta_star_planner.dir/src/theta_star_planner.cpp.o[0m
[116.170s] [ 33%] [32m[1mLinking CXX shared library libnav2_theta_star_planner.so[0m
[117.066s] [ 33%] Built target nav2_theta_star_planner
[117.111s] [ 44%] [32mBuilding CXX object gtest/CMakeFiles/gtest.dir/src/gtest-all.cc.o[0m
[136.477s] [ 55%] [32m[1mLinking CXX static library libgtest.a[0m
[136.587s] [ 55%] Built target gtest
[136.660s] [ 66%] [32mBuilding CXX object gtest/CMakeFiles/gtest_main.dir/src/gtest_main.cc.o[0m
[139.016s] [ 77%] [32m[1mLinking CXX static library libgtest_main.a[0m
[139.121s] [ 77%] Built target gtest_main
[139.199s] [ 88%] [32mBuilding CXX object CMakeFiles/test_theta_star.dir/test/test_theta_star.cpp.o[0m
[156.285s] [100%] [32m[1mLinking CXX executable test_theta_star[0m
[157.757s] [100%] Built target test_theta_star
[157.810s] Invoked command in '/home/jetson/robot_ws/build/nav2_theta_star_planner' returned '0': AMENT_PREFIX_PATH=/home/jetson/robot_ws/install/nav2_core:/home/jetson/robot_ws/install/nav2_costmap_2d:/home/jetson/robot_ws/install/nav2_map_server:/home/jetson/robot_ws/install/nav2_lifecycle_manager:/home/jetson/robot_ws/install/nav2_util:/home/jetson/robot_ws/install/nav2_voxel_grid:/home/jetson/robot_ws/install/nav2_msgs:/home/jetson/robot_ws/install/nav2_common:${AMENT_PREFIX_PATH} CMAKE_PREFIX_PATH=/home/jetson/robot_ws/install/nav2_core:/home/jetson/robot_ws/install/nav2_costmap_2d:/home/jetson/robot_ws/install/nav2_map_server:/home/jetson/robot_ws/install/nav2_lifecycle_manager:/home/jetson/robot_ws/install/nav2_util:/home/jetson/robot_ws/install/nav2_voxel_grid:/home/jetson/robot_ws/install/nav2_msgs:/home/jetson/robot_ws/install/nav2_common:/home/jetson/robot_ws/install/servicerobot_joy:/opt/ros/humble LD_LIBRARY_PATH=/home/jetson/robot_ws/install/nav2_costmap_2d/lib:/home/jetson/robot_ws/install/nav2_map_server/lib:/home/jetson/robot_ws/install/nav2_lifecycle_manager/lib:/home/jetson/robot_ws/install/nav2_util/lib:/home/jetson/robot_ws/install/nav2_voxel_grid/lib:/home/jetson/robot_ws/install/nav2_msgs/lib:${LD_LIBRARY_PATH} PYTHONPATH=/home/jetson/robot_ws/install/nav2_msgs/local/lib/python3.10/dist-packages:/home/jetson/robot_ws/install/nav2_common/local/lib/python3.10/dist-packages:${PYTHONPATH} /usr/bin/cmake --build /home/jetson/robot_ws/build/nav2_theta_star_planner -- -j6 -l6
[157.811s] Invoking command in '/home/jetson/robot_ws/build/nav2_theta_star_planner': AMENT_PREFIX_PATH=/home/jetson/robot_ws/install/nav2_core:/home/jetson/robot_ws/install/nav2_costmap_2d:/home/jetson/robot_ws/install/nav2_map_server:/home/jetson/robot_ws/install/nav2_lifecycle_manager:/home/jetson/robot_ws/install/nav2_util:/home/jetson/robot_ws/install/nav2_voxel_grid:/home/jetson/robot_ws/install/nav2_msgs:/home/jetson/robot_ws/install/nav2_common:${AMENT_PREFIX_PATH} CMAKE_PREFIX_PATH=/home/jetson/robot_ws/install/nav2_core:/home/jetson/robot_ws/install/nav2_costmap_2d:/home/jetson/robot_ws/install/nav2_map_server:/home/jetson/robot_ws/install/nav2_lifecycle_manager:/home/jetson/robot_ws/install/nav2_util:/home/jetson/robot_ws/install/nav2_voxel_grid:/home/jetson/robot_ws/install/nav2_msgs:/home/jetson/robot_ws/install/nav2_common:/home/jetson/robot_ws/install/servicerobot_joy:/opt/ros/humble LD_LIBRARY_PATH=/home/jetson/robot_ws/install/nav2_costmap_2d/lib:/home/jetson/robot_ws/install/nav2_map_server/lib:/home/jetson/robot_ws/install/nav2_lifecycle_manager/lib:/home/jetson/robot_ws/install/nav2_util/lib:/home/jetson/robot_ws/install/nav2_voxel_grid/lib:/home/jetson/robot_ws/install/nav2_msgs/lib:${LD_LIBRARY_PATH} PYTHONPATH=/home/jetson/robot_ws/install/nav2_msgs/local/lib/python3.10/dist-packages:/home/jetson/robot_ws/install/nav2_common/local/lib/python3.10/dist-packages:${PYTHONPATH} /usr/bin/cmake --install /home/jetson/robot_ws/build/nav2_theta_star_planner
[157.844s] -- Install configuration: "Release"
[157.850s] -- Installing: /home/jetson/robot_ws/install/nav2_theta_star_planner/share/nav2_theta_star_planner/theta_star_planner.xml
[157.853s] -- Installing: /home/jetson/robot_ws/install/nav2_theta_star_planner/lib/libnav2_theta_star_planner.so
[157.856s] -- Set runtime path of "/home/jetson/robot_ws/install/nav2_theta_star_planner/lib/libnav2_theta_star_planner.so" to ""
[157.857s] -- Installing: /home/jetson/robot_ws/install/nav2_theta_star_planner/include/
[157.858s] -- Installing: /home/jetson/robot_ws/install/nav2_theta_star_planner/include//nav2_theta_star_planner
[157.858s] -- Installing: /home/jetson/robot_ws/install/nav2_theta_star_planner/include//nav2_theta_star_planner/theta_star_planner.hpp
[157.864s] -- Installing: /home/jetson/robot_ws/install/nav2_theta_star_planner/include//nav2_theta_star_planner/theta_star.hpp
[157.865s] -- Up-to-date: /home/jetson/robot_ws/install/nav2_theta_star_planner/share/nav2_theta_star_planner/theta_star_planner.xml
[157.866s] -- Installing: /home/jetson/robot_ws/install/nav2_theta_star_planner/share/nav2_theta_star_planner/environment/library_path.sh
[157.867s] -- Installing: /home/jetson/robot_ws/install/nav2_theta_star_planner/share/nav2_theta_star_planner/environment/library_path.dsv
[157.868s] -- Installing: /home/jetson/robot_ws/install/nav2_theta_star_planner/share/ament_index/resource_index/package_run_dependencies/nav2_theta_star_planner
[157.869s] -- Installing: /home/jetson/robot_ws/install/nav2_theta_star_planner/share/ament_index/resource_index/parent_prefix_path/nav2_theta_star_planner
[157.870s] -- Installing: /home/jetson/robot_ws/install/nav2_theta_star_planner/share/nav2_theta_star_planner/environment/ament_prefix_path.sh
[157.870s] -- Installing: /home/jetson/robot_ws/install/nav2_theta_star_planner/share/nav2_theta_star_planner/environment/ament_prefix_path.dsv
[157.871s] -- Installing: /home/jetson/robot_ws/install/nav2_theta_star_planner/share/nav2_theta_star_planner/environment/path.sh
[157.877s] -- Installing: /home/jetson/robot_ws/install/nav2_theta_star_planner/share/nav2_theta_star_planner/environment/path.dsv
[157.878s] -- Installing: /home/jetson/robot_ws/install/nav2_theta_star_planner/share/nav2_theta_star_planner/local_setup.bash
[157.879s] -- Installing: /home/jetson/robot_ws/install/nav2_theta_star_planner/share/nav2_theta_star_planner/local_setup.sh
[157.880s] -- Installing: /home/jetson/robot_ws/install/nav2_theta_star_planner/share/nav2_theta_star_planner/local_setup.zsh
[157.881s] -- Installing: /home/jetson/robot_ws/install/nav2_theta_star_planner/share/nav2_theta_star_planner/local_setup.dsv
[157.882s] -- Installing: /home/jetson/robot_ws/install/nav2_theta_star_planner/share/nav2_theta_star_planner/package.dsv
[157.882s] -- Installing: /home/jetson/robot_ws/install/nav2_theta_star_planner/share/ament_index/resource_index/packages/nav2_theta_star_planner
[157.883s] -- Installing: /home/jetson/robot_ws/install/nav2_theta_star_planner/share/ament_index/resource_index/nav2_core__pluginlib__plugin/nav2_theta_star_planner
[157.884s] -- Installing: /home/jetson/robot_ws/install/nav2_theta_star_planner/share/nav2_theta_star_planner/cmake/ament_cmake_export_include_directories-extras.cmake
[157.885s] -- Installing: /home/jetson/robot_ws/install/nav2_theta_star_planner/share/nav2_theta_star_planner/cmake/ament_cmake_export_libraries-extras.cmake
[157.891s] -- Installing: /home/jetson/robot_ws/install/nav2_theta_star_planner/share/nav2_theta_star_planner/cmake/ament_cmake_export_dependencies-extras.cmake
[157.893s] -- Installing: /home/jetson/robot_ws/install/nav2_theta_star_planner/share/nav2_theta_star_planner/cmake/nav2_theta_star_plannerConfig.cmake
[157.893s] -- Installing: /home/jetson/robot_ws/install/nav2_theta_star_planner/share/nav2_theta_star_planner/cmake/nav2_theta_star_plannerConfig-version.cmake
[157.894s] -- Installing: /home/jetson/robot_ws/install/nav2_theta_star_planner/share/nav2_theta_star_planner/package.xml
[157.916s] Invoked command in '/home/jetson/robot_ws/build/nav2_theta_star_planner' returned '0': AMENT_PREFIX_PATH=/home/jetson/robot_ws/install/nav2_core:/home/jetson/robot_ws/install/nav2_costmap_2d:/home/jetson/robot_ws/install/nav2_map_server:/home/jetson/robot_ws/install/nav2_lifecycle_manager:/home/jetson/robot_ws/install/nav2_util:/home/jetson/robot_ws/install/nav2_voxel_grid:/home/jetson/robot_ws/install/nav2_msgs:/home/jetson/robot_ws/install/nav2_common:${AMENT_PREFIX_PATH} CMAKE_PREFIX_PATH=/home/jetson/robot_ws/install/nav2_core:/home/jetson/robot_ws/install/nav2_costmap_2d:/home/jetson/robot_ws/install/nav2_map_server:/home/jetson/robot_ws/install/nav2_lifecycle_manager:/home/jetson/robot_ws/install/nav2_util:/home/jetson/robot_ws/install/nav2_voxel_grid:/home/jetson/robot_ws/install/nav2_msgs:/home/jetson/robot_ws/install/nav2_common:/home/jetson/robot_ws/install/servicerobot_joy:/opt/ros/humble LD_LIBRARY_PATH=/home/jetson/robot_ws/install/nav2_costmap_2d/lib:/home/jetson/robot_ws/install/nav2_map_server/lib:/home/jetson/robot_ws/install/nav2_lifecycle_manager/lib:/home/jetson/robot_ws/install/nav2_util/lib:/home/jetson/robot_ws/install/nav2_voxel_grid/lib:/home/jetson/robot_ws/install/nav2_msgs/lib:${LD_LIBRARY_PATH} PYTHONPATH=/home/jetson/robot_ws/install/nav2_msgs/local/lib/python3.10/dist-packages:/home/jetson/robot_ws/install/nav2_common/local/lib/python3.10/dist-packages:${PYTHONPATH} /usr/bin/cmake --install /home/jetson/robot_ws/build/nav2_theta_star_planner
