[0.067s] Invoking command in '/home/jetson/robot_ws/build/nav2_smoother': AMENT_PREFIX_PATH=/home/jetson/robot_ws/install/nav2_core:/home/jetson/robot_ws/install/nav2_costmap_2d:/home/jetson/robot_ws/install/nav_2d_utils:/home/jetson/robot_ws/install/nav2_map_server:/home/jetson/robot_ws/install/nav2_lifecycle_manager:/home/jetson/robot_ws/install/nav2_util:/home/jetson/robot_ws/install/nav2_voxel_grid:/home/jetson/robot_ws/install/nav2_msgs:/home/jetson/robot_ws/install/nav_2d_msgs:/home/jetson/robot_ws/install/nav2_common:${AMENT_PREFIX_PATH} CMAKE_PREFIX_PATH=/home/jetson/robot_ws/install/nav2_core:/home/jetson/robot_ws/install/nav2_costmap_2d:/home/jetson/robot_ws/install/nav_2d_utils:/home/jetson/robot_ws/install/nav2_map_server:/home/jetson/robot_ws/install/nav2_lifecycle_manager:/home/jetson/robot_ws/install/nav2_util:/home/jetson/robot_ws/install/nav2_voxel_grid:/home/jetson/robot_ws/install/nav2_msgs:/home/jetson/robot_ws/install/nav_2d_msgs:/home/jetson/robot_ws/install/nav2_common:/opt/ros/humble LD_LIBRARY_PATH=/home/jetson/robot_ws/install/nav2_costmap_2d/lib:/home/jetson/robot_ws/install/nav_2d_utils/lib:/home/jetson/robot_ws/install/nav2_map_server/lib:/home/jetson/robot_ws/install/nav2_lifecycle_manager/lib:/home/jetson/robot_ws/install/nav2_util/lib:/home/jetson/robot_ws/install/nav2_voxel_grid/lib:/home/jetson/robot_ws/install/nav2_msgs/lib:/home/jetson/robot_ws/install/nav_2d_msgs/lib:${LD_LIBRARY_PATH} PYTHONPATH=/home/jetson/robot_ws/install/nav2_msgs/local/lib/python3.10/dist-packages:/home/jetson/robot_ws/install/nav_2d_msgs/local/lib/python3.10/dist-packages:/home/jetson/robot_ws/install/nav2_common/local/lib/python3.10/dist-packages:${PYTHONPATH} /usr/bin/cmake /home/jetson/robot_ws/src/navigation2/nav2_smoother -DCMAKE_INSTALL_PREFIX=/home/jetson/robot_ws/install/nav2_smoother
[29.038s] -- The C compiler identification is GNU 11.4.0
[29.039s] -- The CXX compiler identification is GNU 11.4.0
[29.039s] -- Detecting C compiler ABI info
[29.040s] -- Detecting C compiler ABI info - done
[29.040s] -- Check for working C compiler: /usr/bin/cc - skipped
[29.042s] -- Detecting C compile features
[29.043s] -- Detecting C compile features - done
[29.043s] -- Detecting CXX compiler ABI info
[29.043s] -- Detecting CXX compiler ABI info - done
[29.043s] -- Check for working CXX compiler: /usr/bin/c++ - skipped
[29.043s] -- Detecting CXX compile features
[29.044s] -- Detecting CXX compile features - done
[29.044s] -- Found ament_cmake: 1.3.12 (/opt/ros/humble/share/ament_cmake/cmake)
[29.044s] -- Found Python3: /usr/bin/python3 (found version "3.10.12") found components: Interpreter 
[29.044s] -- Found nav2_core: 1.1.20 (/home/jetson/robot_ws/install/nav2_core/share/nav2_core/cmake)
[29.044s] -- Found rosidl_generator_c: 3.1.7 (/opt/ros/humble/share/rosidl_generator_c/cmake)
[29.044s] -- Found rosidl_adapter: 3.1.7 (/opt/ros/humble/share/rosidl_adapter/cmake)
[29.044s] -- Found rosidl_generator_cpp: 3.1.7 (/opt/ros/humble/share/rosidl_generator_cpp/cmake)
[29.044s] -- Using all available rosidl_typesupport_c: rosidl_typesupport_fastrtps_c;rosidl_typesupport_introspection_c
[29.044s] -- Using all available rosidl_typesupport_cpp: rosidl_typesupport_fastrtps_cpp;rosidl_typesupport_introspection_cpp
[29.044s] -- Found rmw_implementation_cmake: 6.1.2 (/opt/ros/humble/share/rmw_implementation_cmake/cmake)
[29.045s] -- Found rmw_fastrtps_cpp: 6.2.9 (/opt/ros/humble/share/rmw_fastrtps_cpp/cmake)
[29.045s] -- Found OpenSSL: /usr/lib/aarch64-linux-gnu/libcrypto.so (found version "3.0.2")  
[29.045s] -- Found FastRTPS: /opt/ros/humble/include  
[29.045s] -- Using RMW implementation 'rmw_fastrtps_cpp' as default
[29.045s] -- Looking for pthread.h
[29.045s] -- Looking for pthread.h - found
[29.045s] -- Performing Test CMAKE_HAVE_LIBC_PTHREAD
[29.045s] -- Performing Test CMAKE_HAVE_LIBC_PTHREAD - Success
[29.045s] -- Found Threads: TRUE  
[29.045s] -- Found Eigen3: TRUE (found version "3.4.0") 
[29.046s] -- Ensuring Eigen3 include directory is part of orocos-kdl CMake target
[29.046s] -- Found nav2_common: 1.1.20 (/home/jetson/robot_ws/install/nav2_common/share/nav2_common/cmake)
[29.046s] -- Found nav_2d_utils: 1.1.20 (/home/jetson/robot_ws/install/nav_2d_utils/share/nav_2d_utils/cmake)
[29.046s] -- Setting build type to Release as none was specified.
[29.046s] -- Found ament_lint_auto: 0.12.14 (/opt/ros/humble/share/ament_lint_auto/cmake)
[29.046s] -- Found gtest sources under '/opt/ros/humble/src/gtest_vendor': C++ tests using 'Google Test' will be built
[29.046s] -- Added test 'cppcheck' to perform static code analysis on C / C++ code
[29.046s] -- Configured cppcheck include dirs: /home/jetson/robot_ws/src/navigation2/nav2_smoother/include
[29.046s] -- Configured cppcheck exclude dirs and/or files: 
[29.046s] -- Added test 'cpplint' to check C / C++ code against the Google style
[29.047s] -- Configured cpplint exclude dirs and/or files: 
[29.047s] -- Added test 'lint_cmake' to check CMake code style
[29.047s] -- Added test 'uncrustify' to check C / C++ code style
[29.047s] -- Configured uncrustify additional arguments: 
[29.047s] -- Added test 'xmllint' to check XML markup files
[29.047s] -- Configuring done
[29.047s] -- Generating done
[29.047s] -- Build files have been written to: /home/jetson/robot_ws/build/nav2_smoother
[29.057s] Invoked command in '/home/jetson/robot_ws/build/nav2_smoother' returned '0': AMENT_PREFIX_PATH=/home/jetson/robot_ws/install/nav2_core:/home/jetson/robot_ws/install/nav2_costmap_2d:/home/jetson/robot_ws/install/nav_2d_utils:/home/jetson/robot_ws/install/nav2_map_server:/home/jetson/robot_ws/install/nav2_lifecycle_manager:/home/jetson/robot_ws/install/nav2_util:/home/jetson/robot_ws/install/nav2_voxel_grid:/home/jetson/robot_ws/install/nav2_msgs:/home/jetson/robot_ws/install/nav_2d_msgs:/home/jetson/robot_ws/install/nav2_common:${AMENT_PREFIX_PATH} CMAKE_PREFIX_PATH=/home/jetson/robot_ws/install/nav2_core:/home/jetson/robot_ws/install/nav2_costmap_2d:/home/jetson/robot_ws/install/nav_2d_utils:/home/jetson/robot_ws/install/nav2_map_server:/home/jetson/robot_ws/install/nav2_lifecycle_manager:/home/jetson/robot_ws/install/nav2_util:/home/jetson/robot_ws/install/nav2_voxel_grid:/home/jetson/robot_ws/install/nav2_msgs:/home/jetson/robot_ws/install/nav_2d_msgs:/home/jetson/robot_ws/install/nav2_common:/opt/ros/humble LD_LIBRARY_PATH=/home/jetson/robot_ws/install/nav2_costmap_2d/lib:/home/jetson/robot_ws/install/nav_2d_utils/lib:/home/jetson/robot_ws/install/nav2_map_server/lib:/home/jetson/robot_ws/install/nav2_lifecycle_manager/lib:/home/jetson/robot_ws/install/nav2_util/lib:/home/jetson/robot_ws/install/nav2_voxel_grid/lib:/home/jetson/robot_ws/install/nav2_msgs/lib:/home/jetson/robot_ws/install/nav_2d_msgs/lib:${LD_LIBRARY_PATH} PYTHONPATH=/home/jetson/robot_ws/install/nav2_msgs/local/lib/python3.10/dist-packages:/home/jetson/robot_ws/install/nav_2d_msgs/local/lib/python3.10/dist-packages:/home/jetson/robot_ws/install/nav2_common/local/lib/python3.10/dist-packages:${PYTHONPATH} /usr/bin/cmake /home/jetson/robot_ws/src/navigation2/nav2_smoother -DCMAKE_INSTALL_PREFIX=/home/jetson/robot_ws/install/nav2_smoother
[29.070s] Invoking command in '/home/jetson/robot_ws/build/nav2_smoother': AMENT_PREFIX_PATH=/home/jetson/robot_ws/install/nav2_core:/home/jetson/robot_ws/install/nav2_costmap_2d:/home/jetson/robot_ws/install/nav_2d_utils:/home/jetson/robot_ws/install/nav2_map_server:/home/jetson/robot_ws/install/nav2_lifecycle_manager:/home/jetson/robot_ws/install/nav2_util:/home/jetson/robot_ws/install/nav2_voxel_grid:/home/jetson/robot_ws/install/nav2_msgs:/home/jetson/robot_ws/install/nav_2d_msgs:/home/jetson/robot_ws/install/nav2_common:${AMENT_PREFIX_PATH} CMAKE_PREFIX_PATH=/home/jetson/robot_ws/install/nav2_core:/home/jetson/robot_ws/install/nav2_costmap_2d:/home/jetson/robot_ws/install/nav_2d_utils:/home/jetson/robot_ws/install/nav2_map_server:/home/jetson/robot_ws/install/nav2_lifecycle_manager:/home/jetson/robot_ws/install/nav2_util:/home/jetson/robot_ws/install/nav2_voxel_grid:/home/jetson/robot_ws/install/nav2_msgs:/home/jetson/robot_ws/install/nav_2d_msgs:/home/jetson/robot_ws/install/nav2_common:/opt/ros/humble LD_LIBRARY_PATH=/home/jetson/robot_ws/install/nav2_costmap_2d/lib:/home/jetson/robot_ws/install/nav_2d_utils/lib:/home/jetson/robot_ws/install/nav2_map_server/lib:/home/jetson/robot_ws/install/nav2_lifecycle_manager/lib:/home/jetson/robot_ws/install/nav2_util/lib:/home/jetson/robot_ws/install/nav2_voxel_grid/lib:/home/jetson/robot_ws/install/nav2_msgs/lib:/home/jetson/robot_ws/install/nav_2d_msgs/lib:${LD_LIBRARY_PATH} PYTHONPATH=/home/jetson/robot_ws/install/nav2_msgs/local/lib/python3.10/dist-packages:/home/jetson/robot_ws/install/nav_2d_msgs/local/lib/python3.10/dist-packages:/home/jetson/robot_ws/install/nav2_common/local/lib/python3.10/dist-packages:${PYTHONPATH} /usr/bin/cmake --build /home/jetson/robot_ws/build/nav2_smoother -- -j6 -l6
[29.200s] [  5%] [32mBuilding CXX object CMakeFiles/smoother_server_core.dir/src/nav2_smoother.cpp.o[0m
[65.908s] [ 11%] [32m[1mLinking CXX shared library libsmoother_server_core.so[0m
[66.818s] [ 11%] Built target smoother_server_core
[66.860s] [ 16%] [32mBuilding CXX object gtest/CMakeFiles/gtest.dir/src/gtest-all.cc.o[0m
[83.610s] [ 22%] [32m[1mLinking CXX static library libgtest.a[0m
[83.702s] [ 22%] Built target gtest
[83.755s] [ 27%] [32mBuilding CXX object CMakeFiles/smoother_server.dir/src/main.cpp.o[0m
[103.125s] [ 33%] [32m[1mLinking CXX executable smoother_server[0m
[104.855s] [ 33%] Built target smoother_server
[105.010s] [ 38%] [32mBuilding CXX object gtest/CMakeFiles/gtest_main.dir/src/gtest_main.cc.o[0m
[108.641s] [ 44%] [32m[1mLinking CXX static library libgtest_main.a[0m
[108.868s] [ 44%] Built target gtest_main
[109.012s] [ 50%] [32mBuilding CXX object CMakeFiles/savitzky_golay_smoother.dir/src/savitzky_golay_smoother.cpp.o[0m
[131.497s] [ 55%] [32m[1mLinking CXX shared library libsavitzky_golay_smoother.so[0m
[132.272s] [ 55%] Built target savitzky_golay_smoother
[132.395s] [ 61%] [32mBuilding CXX object test/CMakeFiles/test_smoother_server.dir/test_smoother_server.cpp.o[0m
[157.814s] [ 66%] [32m[1mLinking CXX executable test_smoother_server[0m
[159.068s] [ 66%] Built target test_smoother_server
[159.119s] [ 72%] [32mBuilding CXX object test/CMakeFiles/test_savitzky_golay_smoother.dir/test_savitzky_golay_smoother.cpp.o[0m
[174.840s] [ 77%] [32m[1mLinking CXX executable test_savitzky_golay_smoother[0m
[175.649s] [ 77%] Built target test_savitzky_golay_smoother
[175.696s] [ 83%] [32mBuilding CXX object CMakeFiles/simple_smoother.dir/src/simple_smoother.cpp.o[0m
[189.223s] [ 88%] [32m[1mLinking CXX shared library libsimple_smoother.so[0m
[190.031s] [ 88%] Built target simple_smoother
[190.078s] [ 94%] [32mBuilding CXX object test/CMakeFiles/test_simple_smoother.dir/test_simple_smoother.cpp.o[0m
[205.056s] [100%] [32m[1mLinking CXX executable test_simple_smoother[0m
[205.889s] [100%] Built target test_simple_smoother
[205.928s] Invoked command in '/home/jetson/robot_ws/build/nav2_smoother' returned '0': AMENT_PREFIX_PATH=/home/jetson/robot_ws/install/nav2_core:/home/jetson/robot_ws/install/nav2_costmap_2d:/home/jetson/robot_ws/install/nav_2d_utils:/home/jetson/robot_ws/install/nav2_map_server:/home/jetson/robot_ws/install/nav2_lifecycle_manager:/home/jetson/robot_ws/install/nav2_util:/home/jetson/robot_ws/install/nav2_voxel_grid:/home/jetson/robot_ws/install/nav2_msgs:/home/jetson/robot_ws/install/nav_2d_msgs:/home/jetson/robot_ws/install/nav2_common:${AMENT_PREFIX_PATH} CMAKE_PREFIX_PATH=/home/jetson/robot_ws/install/nav2_core:/home/jetson/robot_ws/install/nav2_costmap_2d:/home/jetson/robot_ws/install/nav_2d_utils:/home/jetson/robot_ws/install/nav2_map_server:/home/jetson/robot_ws/install/nav2_lifecycle_manager:/home/jetson/robot_ws/install/nav2_util:/home/jetson/robot_ws/install/nav2_voxel_grid:/home/jetson/robot_ws/install/nav2_msgs:/home/jetson/robot_ws/install/nav_2d_msgs:/home/jetson/robot_ws/install/nav2_common:/opt/ros/humble LD_LIBRARY_PATH=/home/jetson/robot_ws/install/nav2_costmap_2d/lib:/home/jetson/robot_ws/install/nav_2d_utils/lib:/home/jetson/robot_ws/install/nav2_map_server/lib:/home/jetson/robot_ws/install/nav2_lifecycle_manager/lib:/home/jetson/robot_ws/install/nav2_util/lib:/home/jetson/robot_ws/install/nav2_voxel_grid/lib:/home/jetson/robot_ws/install/nav2_msgs/lib:/home/jetson/robot_ws/install/nav_2d_msgs/lib:${LD_LIBRARY_PATH} PYTHONPATH=/home/jetson/robot_ws/install/nav2_msgs/local/lib/python3.10/dist-packages:/home/jetson/robot_ws/install/nav_2d_msgs/local/lib/python3.10/dist-packages:/home/jetson/robot_ws/install/nav2_common/local/lib/python3.10/dist-packages:${PYTHONPATH} /usr/bin/cmake --build /home/jetson/robot_ws/build/nav2_smoother -- -j6 -l6
[205.929s] Invoking command in '/home/jetson/robot_ws/build/nav2_smoother': AMENT_PREFIX_PATH=/home/jetson/robot_ws/install/nav2_core:/home/jetson/robot_ws/install/nav2_costmap_2d:/home/jetson/robot_ws/install/nav_2d_utils:/home/jetson/robot_ws/install/nav2_map_server:/home/jetson/robot_ws/install/nav2_lifecycle_manager:/home/jetson/robot_ws/install/nav2_util:/home/jetson/robot_ws/install/nav2_voxel_grid:/home/jetson/robot_ws/install/nav2_msgs:/home/jetson/robot_ws/install/nav_2d_msgs:/home/jetson/robot_ws/install/nav2_common:${AMENT_PREFIX_PATH} CMAKE_PREFIX_PATH=/home/jetson/robot_ws/install/nav2_core:/home/jetson/robot_ws/install/nav2_costmap_2d:/home/jetson/robot_ws/install/nav_2d_utils:/home/jetson/robot_ws/install/nav2_map_server:/home/jetson/robot_ws/install/nav2_lifecycle_manager:/home/jetson/robot_ws/install/nav2_util:/home/jetson/robot_ws/install/nav2_voxel_grid:/home/jetson/robot_ws/install/nav2_msgs:/home/jetson/robot_ws/install/nav_2d_msgs:/home/jetson/robot_ws/install/nav2_common:/opt/ros/humble LD_LIBRARY_PATH=/home/jetson/robot_ws/install/nav2_costmap_2d/lib:/home/jetson/robot_ws/install/nav_2d_utils/lib:/home/jetson/robot_ws/install/nav2_map_server/lib:/home/jetson/robot_ws/install/nav2_lifecycle_manager/lib:/home/jetson/robot_ws/install/nav2_util/lib:/home/jetson/robot_ws/install/nav2_voxel_grid/lib:/home/jetson/robot_ws/install/nav2_msgs/lib:/home/jetson/robot_ws/install/nav_2d_msgs/lib:${LD_LIBRARY_PATH} PYTHONPATH=/home/jetson/robot_ws/install/nav2_msgs/local/lib/python3.10/dist-packages:/home/jetson/robot_ws/install/nav_2d_msgs/local/lib/python3.10/dist-packages:/home/jetson/robot_ws/install/nav2_common/local/lib/python3.10/dist-packages:${PYTHONPATH} /usr/bin/cmake --install /home/jetson/robot_ws/build/nav2_smoother
[205.946s] -- Install configuration: "Release"
[205.947s] -- Installing: /home/jetson/robot_ws/install/nav2_smoother/share/nav2_smoother/plugins.xml
[205.948s] -- Installing: /home/jetson/robot_ws/install/nav2_smoother/lib/libsmoother_server_core.so
[205.953s] -- Set runtime path of "/home/jetson/robot_ws/install/nav2_smoother/lib/libsmoother_server_core.so" to ""
[205.954s] -- Installing: /home/jetson/robot_ws/install/nav2_smoother/lib/libsimple_smoother.so
[205.956s] -- Set runtime path of "/home/jetson/robot_ws/install/nav2_smoother/lib/libsimple_smoother.so" to ""
[205.956s] -- Installing: /home/jetson/robot_ws/install/nav2_smoother/lib/libsavitzky_golay_smoother.so
[205.958s] -- Set runtime path of "/home/jetson/robot_ws/install/nav2_smoother/lib/libsavitzky_golay_smoother.so" to ""
[205.959s] -- Installing: /home/jetson/robot_ws/install/nav2_smoother/lib/nav2_smoother/smoother_server
[205.960s] -- Set runtime path of "/home/jetson/robot_ws/install/nav2_smoother/lib/nav2_smoother/smoother_server" to ""
[205.961s] -- Installing: /home/jetson/robot_ws/install/nav2_smoother/include/
[205.962s] -- Installing: /home/jetson/robot_ws/install/nav2_smoother/include//nav2_smoother
[205.962s] -- Installing: /home/jetson/robot_ws/install/nav2_smoother/include//nav2_smoother/nav2_smoother.hpp
[205.963s] -- Installing: /home/jetson/robot_ws/install/nav2_smoother/include//nav2_smoother/smoother_utils.hpp
[205.964s] -- Installing: /home/jetson/robot_ws/install/nav2_smoother/include//nav2_smoother/simple_smoother.hpp
[205.964s] -- Installing: /home/jetson/robot_ws/install/nav2_smoother/include//nav2_smoother/savitzky_golay_smoother.hpp
[205.965s] -- Installing: /home/jetson/robot_ws/install/nav2_smoother/share/nav2_smoother/environment/library_path.sh
[205.966s] -- Installing: /home/jetson/robot_ws/install/nav2_smoother/share/nav2_smoother/environment/library_path.dsv
[205.967s] -- Installing: /home/jetson/robot_ws/install/nav2_smoother/share/ament_index/resource_index/package_run_dependencies/nav2_smoother
[205.968s] -- Installing: /home/jetson/robot_ws/install/nav2_smoother/share/ament_index/resource_index/parent_prefix_path/nav2_smoother
[205.969s] -- Installing: /home/jetson/robot_ws/install/nav2_smoother/share/nav2_smoother/environment/ament_prefix_path.sh
[205.970s] -- Installing: /home/jetson/robot_ws/install/nav2_smoother/share/nav2_smoother/environment/ament_prefix_path.dsv
[205.971s] -- Installing: /home/jetson/robot_ws/install/nav2_smoother/share/nav2_smoother/environment/path.sh
[205.972s] -- Installing: /home/jetson/robot_ws/install/nav2_smoother/share/nav2_smoother/environment/path.dsv
[205.973s] -- Installing: /home/jetson/robot_ws/install/nav2_smoother/share/nav2_smoother/local_setup.bash
[205.973s] -- Installing: /home/jetson/robot_ws/install/nav2_smoother/share/nav2_smoother/local_setup.sh
[205.974s] -- Installing: /home/jetson/robot_ws/install/nav2_smoother/share/nav2_smoother/local_setup.zsh
[205.975s] -- Installing: /home/jetson/robot_ws/install/nav2_smoother/share/nav2_smoother/local_setup.dsv
[205.976s] -- Installing: /home/jetson/robot_ws/install/nav2_smoother/share/nav2_smoother/package.dsv
[205.977s] -- Installing: /home/jetson/robot_ws/install/nav2_smoother/share/ament_index/resource_index/packages/nav2_smoother
[205.978s] -- Installing: /home/jetson/robot_ws/install/nav2_smoother/share/ament_index/resource_index/nav2_core__pluginlib__plugin/nav2_smoother
[205.979s] -- Installing: /home/jetson/robot_ws/install/nav2_smoother/share/ament_index/resource_index/rclcpp_components/nav2_smoother
[205.980s] -- Installing: /home/jetson/robot_ws/install/nav2_smoother/share/nav2_smoother/cmake/ament_cmake_export_include_directories-extras.cmake
[205.980s] -- Installing: /home/jetson/robot_ws/install/nav2_smoother/share/nav2_smoother/cmake/ament_cmake_export_libraries-extras.cmake
[205.981s] -- Installing: /home/jetson/robot_ws/install/nav2_smoother/share/nav2_smoother/cmake/ament_cmake_export_dependencies-extras.cmake
[205.982s] -- Installing: /home/jetson/robot_ws/install/nav2_smoother/share/nav2_smoother/cmake/nav2_smootherConfig.cmake
[205.983s] -- Installing: /home/jetson/robot_ws/install/nav2_smoother/share/nav2_smoother/cmake/nav2_smootherConfig-version.cmake
[205.984s] -- Installing: /home/jetson/robot_ws/install/nav2_smoother/share/nav2_smoother/package.xml
[205.993s] Invoked command in '/home/jetson/robot_ws/build/nav2_smoother' returned '0': AMENT_PREFIX_PATH=/home/jetson/robot_ws/install/nav2_core:/home/jetson/robot_ws/install/nav2_costmap_2d:/home/jetson/robot_ws/install/nav_2d_utils:/home/jetson/robot_ws/install/nav2_map_server:/home/jetson/robot_ws/install/nav2_lifecycle_manager:/home/jetson/robot_ws/install/nav2_util:/home/jetson/robot_ws/install/nav2_voxel_grid:/home/jetson/robot_ws/install/nav2_msgs:/home/jetson/robot_ws/install/nav_2d_msgs:/home/jetson/robot_ws/install/nav2_common:${AMENT_PREFIX_PATH} CMAKE_PREFIX_PATH=/home/jetson/robot_ws/install/nav2_core:/home/jetson/robot_ws/install/nav2_costmap_2d:/home/jetson/robot_ws/install/nav_2d_utils:/home/jetson/robot_ws/install/nav2_map_server:/home/jetson/robot_ws/install/nav2_lifecycle_manager:/home/jetson/robot_ws/install/nav2_util:/home/jetson/robot_ws/install/nav2_voxel_grid:/home/jetson/robot_ws/install/nav2_msgs:/home/jetson/robot_ws/install/nav_2d_msgs:/home/jetson/robot_ws/install/nav2_common:/opt/ros/humble LD_LIBRARY_PATH=/home/jetson/robot_ws/install/nav2_costmap_2d/lib:/home/jetson/robot_ws/install/nav_2d_utils/lib:/home/jetson/robot_ws/install/nav2_map_server/lib:/home/jetson/robot_ws/install/nav2_lifecycle_manager/lib:/home/jetson/robot_ws/install/nav2_util/lib:/home/jetson/robot_ws/install/nav2_voxel_grid/lib:/home/jetson/robot_ws/install/nav2_msgs/lib:/home/jetson/robot_ws/install/nav_2d_msgs/lib:${LD_LIBRARY_PATH} PYTHONPATH=/home/jetson/robot_ws/install/nav2_msgs/local/lib/python3.10/dist-packages:/home/jetson/robot_ws/install/nav_2d_msgs/local/lib/python3.10/dist-packages:/home/jetson/robot_ws/install/nav2_common/local/lib/python3.10/dist-packages:${PYTHONPATH} /usr/bin/cmake --install /home/jetson/robot_ws/build/nav2_smoother
