[0.018s] Invoking command in '/home/jetson/robot_ws/build/dwb_msgs': AMENT_PREFIX_PATH=/home/jetson/robot_ws/install/nav_2d_msgs:${AMENT_PREFIX_PATH} CMAKE_PREFIX_PATH=/home/jetson/robot_ws/install/nav_2d_msgs:/opt/ros/humble LD_LIBRARY_PATH=/home/jetson/robot_ws/install/nav_2d_msgs/lib:${LD_LIBRARY_PATH} PYTHONPATH=/home/jetson/robot_ws/install/nav_2d_msgs/local/lib/python3.10/dist-packages:${PYTHONPATH} /usr/bin/cmake /home/jetson/robot_ws/src/navigation2/nav2_dwb_controller/dwb_msgs -DCMAKE_INSTALL_PREFIX=/home/jetson/robot_ws/install/dwb_msgs
[0.139s] -- The C compiler identification is GNU 11.4.0
[0.240s] -- The CXX compiler identification is GNU 11.4.0
[0.264s] -- Detecting C compiler ABI info
[0.425s] -- Detecting C compiler ABI info - done
[0.437s] -- Check for working C compiler: /usr/bin/cc - skipped
[0.437s] -- Detecting C compile features
[0.439s] -- Detecting C compile features - done
[0.444s] -- Detecting CXX compiler ABI info
[0.613s] -- Detecting CXX compiler ABI info - done
[0.639s] -- Check for working CXX compiler: /usr/bin/c++ - skipped
[0.639s] -- Detecting CXX compile features
[0.640s] -- Detecting CXX compile features - done
[0.643s] -- Found builtin_interfaces: 1.2.2 (/opt/ros/humble/share/builtin_interfaces/cmake)
[0.945s] -- Found Python3: /usr/bin/python3 (found version "3.10.12") found components: Interpreter 
[1.181s] -- Found rosidl_generator_c: 3.1.7 (/opt/ros/humble/share/rosidl_generator_c/cmake)
[1.190s] -- Found rosidl_adapter: 3.1.7 (/opt/ros/humble/share/rosidl_adapter/cmake)
[1.206s] -- Found rosidl_generator_cpp: 3.1.7 (/opt/ros/humble/share/rosidl_generator_cpp/cmake)
[1.229s] -- Using all available rosidl_typesupport_c: rosidl_typesupport_fastrtps_c;rosidl_typesupport_introspection_c
[1.257s] -- Using all available rosidl_typesupport_cpp: rosidl_typesupport_fastrtps_cpp;rosidl_typesupport_introspection_cpp
[1.284s] -- Found geometry_msgs: 4.9.0 (/opt/ros/humble/share/geometry_msgs/cmake)
[1.336s] -- Found nav_2d_msgs: 1.1.20 (/home/jetson/robot_ws/install/nav_2d_msgs/share/nav_2d_msgs/cmake)
[1.369s] -- Found nav_msgs: 4.9.0 (/opt/ros/humble/share/nav_msgs/cmake)
[1.399s] -- Found rosidl_default_generators: 1.2.0 (/opt/ros/humble/share/rosidl_default_generators/cmake)
[2.253s] -- Found ament_cmake_ros: 0.10.0 (/opt/ros/humble/share/ament_cmake_ros/cmake)
[3.231s] -- Using all available rosidl_typesupport_c: rosidl_typesupport_fastrtps_c;rosidl_typesupport_introspection_c
[3.595s] -- Using all available rosidl_typesupport_cpp: rosidl_typesupport_fastrtps_cpp;rosidl_typesupport_introspection_cpp
[3.652s] -- Found PythonInterp: /usr/bin/python3 (found suitable version "3.10.12", minimum required is "3.6") 
[3.653s] -- Found python_cmake_module: 0.10.0 (/opt/ros/humble/share/python_cmake_module/cmake)
[3.716s] -- Found PythonLibs: /usr/lib/aarch64-linux-gnu/libpython3.10.so (found suitable version "3.10.12", minimum required is "3.5") 
[3.716s] -- Using PYTHON_EXECUTABLE: /usr/bin/python3
[3.716s] -- Using PYTHON_INCLUDE_DIRS: /usr/include/python3.10
[3.716s] -- Using PYTHON_LIBRARIES: /usr/lib/aarch64-linux-gnu/libpython3.10.so
[3.767s] -- Found PythonExtra: .so  
[3.915s] -- Configuring done
[4.012s] -- Generating done
[4.039s] -- Build files have been written to: /home/jetson/robot_ws/build/dwb_msgs
[4.069s] Invoked command in '/home/jetson/robot_ws/build/dwb_msgs' returned '0': AMENT_PREFIX_PATH=/home/jetson/robot_ws/install/nav_2d_msgs:${AMENT_PREFIX_PATH} CMAKE_PREFIX_PATH=/home/jetson/robot_ws/install/nav_2d_msgs:/opt/ros/humble LD_LIBRARY_PATH=/home/jetson/robot_ws/install/nav_2d_msgs/lib:${LD_LIBRARY_PATH} PYTHONPATH=/home/jetson/robot_ws/install/nav_2d_msgs/local/lib/python3.10/dist-packages:${PYTHONPATH} /usr/bin/cmake /home/jetson/robot_ws/src/navigation2/nav2_dwb_controller/dwb_msgs -DCMAKE_INSTALL_PREFIX=/home/jetson/robot_ws/install/dwb_msgs
[4.073s] Invoking command in '/home/jetson/robot_ws/build/dwb_msgs': AMENT_PREFIX_PATH=/home/jetson/robot_ws/install/nav_2d_msgs:${AMENT_PREFIX_PATH} CMAKE_PREFIX_PATH=/home/jetson/robot_ws/install/nav_2d_msgs:/opt/ros/humble LD_LIBRARY_PATH=/home/jetson/robot_ws/install/nav_2d_msgs/lib:${LD_LIBRARY_PATH} PYTHONPATH=/home/jetson/robot_ws/install/nav_2d_msgs/local/lib/python3.10/dist-packages:${PYTHONPATH} /usr/bin/cmake --build /home/jetson/robot_ws/build/dwb_msgs -- -j6 -l6
[4.176s] [  1%] [34m[1mGenerating C code for ROS interfaces[0m
[4.206s] [  2%] [34m[1mGenerating C++ code for ROS interfaces[0m
[6.557s] [  3%] [32mBuilding C object CMakeFiles/dwb_msgs__rosidl_generator_c.dir/rosidl_generator_c/dwb_msgs/msg/detail/critic_score__functions.c.o[0m
[6.571s] [  4%] [32mBuilding C object CMakeFiles/dwb_msgs__rosidl_generator_c.dir/rosidl_generator_c/dwb_msgs/msg/detail/local_plan_evaluation__functions.c.o[0m
[6.664s] [  5%] [32mBuilding C object CMakeFiles/dwb_msgs__rosidl_generator_c.dir/rosidl_generator_c/dwb_msgs/msg/detail/trajectory_score__functions.c.o[0m
[6.683s] [  6%] [32mBuilding C object CMakeFiles/dwb_msgs__rosidl_generator_c.dir/rosidl_generator_c/dwb_msgs/srv/detail/debug_local_plan__functions.c.o[0m
[6.766s] [  7%] [32mBuilding C object CMakeFiles/dwb_msgs__rosidl_generator_c.dir/rosidl_generator_c/dwb_msgs/srv/detail/generate_trajectory__functions.c.o[0m
[6.827s] [  8%] [32mBuilding C object CMakeFiles/dwb_msgs__rosidl_generator_c.dir/rosidl_generator_c/dwb_msgs/srv/detail/generate_twists__functions.c.o[0m
[6.923s] [  9%] [32mBuilding C object CMakeFiles/dwb_msgs__rosidl_generator_c.dir/rosidl_generator_c/dwb_msgs/srv/detail/get_critic_score__functions.c.o[0m
[6.970s] [  9%] Built target dwb_msgs__cpp
[7.001s] [ 10%] [32mBuilding C object CMakeFiles/dwb_msgs__rosidl_generator_c.dir/rosidl_generator_c/dwb_msgs/srv/detail/score_trajectory__functions.c.o[0m
[7.025s] [ 10%] Built target ament_cmake_python_copy_dwb_msgs
[7.045s] [ 11%] [34m[1mGenerating C++ type support for eProsima Fast-RTPS[0m
[7.125s] [ 12%] [32mBuilding C object CMakeFiles/dwb_msgs__rosidl_generator_c.dir/rosidl_generator_c/dwb_msgs/msg/detail/trajectory2_d__functions.c.o[0m
[7.269s] [ 13%] [32m[1mLinking C shared library libdwb_msgs__rosidl_generator_c.so[0m
[7.351s] [ 13%] Built target dwb_msgs__rosidl_generator_c
[7.974s] running egg_info
[7.976s] creating dwb_msgs.egg-info
[7.976s] writing dwb_msgs.egg-info/PKG-INFO
[7.976s] writing dependency_links to dwb_msgs.egg-info/dependency_links.txt
[7.976s] writing top-level names to dwb_msgs.egg-info/top_level.txt
[7.977s] writing manifest file 'dwb_msgs.egg-info/SOURCES.txt'
[7.982s] reading manifest file 'dwb_msgs.egg-info/SOURCES.txt'
[7.983s] writing manifest file 'dwb_msgs.egg-info/SOURCES.txt'
[8.066s] [ 14%] Built target ament_cmake_python_build_dwb_msgs_egg
[8.067s] [ 14%] [34m[1mGenerating C introspection for ROS interfaces[0m
[8.102s] [ 15%] [34m[1mGenerating C type support for eProsima Fast-RTPS[0m
[9.481s] [ 16%] [32mBuilding CXX object CMakeFiles/dwb_msgs__rosidl_typesupport_fastrtps_cpp.dir/rosidl_typesupport_fastrtps_cpp/dwb_msgs/msg/detail/dds_fastrtps/critic_score__type_support.cpp.o[0m
[10.518s] [ 17%] [32mBuilding CXX object CMakeFiles/dwb_msgs__rosidl_typesupport_fastrtps_cpp.dir/rosidl_typesupport_fastrtps_cpp/dwb_msgs/msg/detail/dds_fastrtps/local_plan_evaluation__type_support.cpp.o[0m
[10.598s] [ 18%] [32mBuilding C object CMakeFiles/dwb_msgs__rosidl_typesupport_introspection_c.dir/rosidl_typesupport_introspection_c/dwb_msgs/msg/detail/critic_score__type_support.c.o[0m
[10.672s] [ 20%] [32mBuilding CXX object CMakeFiles/dwb_msgs__rosidl_typesupport_fastrtps_c.dir/rosidl_typesupport_fastrtps_c/dwb_msgs/msg/detail/critic_score__type_support_c.cpp.o[0m
[10.794s] [ 21%] [32mBuilding C object CMakeFiles/dwb_msgs__rosidl_typesupport_introspection_c.dir/rosidl_typesupport_introspection_c/dwb_msgs/msg/detail/local_plan_evaluation__type_support.c.o[0m
[10.974s] [ 22%] [32mBuilding C object CMakeFiles/dwb_msgs__rosidl_typesupport_introspection_c.dir/rosidl_typesupport_introspection_c/dwb_msgs/msg/detail/trajectory2_d__type_support.c.o[0m
[11.178s] [ 23%] [32mBuilding C object CMakeFiles/dwb_msgs__rosidl_typesupport_introspection_c.dir/rosidl_typesupport_introspection_c/dwb_msgs/msg/detail/trajectory_score__type_support.c.o[0m
[11.390s] [ 24%] [32mBuilding C object CMakeFiles/dwb_msgs__rosidl_typesupport_introspection_c.dir/rosidl_typesupport_introspection_c/dwb_msgs/srv/detail/debug_local_plan__type_support.c.o[0m
[11.606s] [ 25%] [32mBuilding C object CMakeFiles/dwb_msgs__rosidl_typesupport_introspection_c.dir/rosidl_typesupport_introspection_c/dwb_msgs/srv/detail/generate_trajectory__type_support.c.o[0m
[11.755s] [ 26%] [32mBuilding C object CMakeFiles/dwb_msgs__rosidl_typesupport_introspection_c.dir/rosidl_typesupport_introspection_c/dwb_msgs/srv/detail/generate_twists__type_support.c.o[0m
[11.839s] [ 27%] [32mBuilding CXX object CMakeFiles/dwb_msgs__rosidl_typesupport_fastrtps_cpp.dir/rosidl_typesupport_fastrtps_cpp/dwb_msgs/msg/detail/dds_fastrtps/trajectory2_d__type_support.cpp.o[0m
[11.844s] [ 28%] [32mBuilding CXX object CMakeFiles/dwb_msgs__rosidl_typesupport_fastrtps_c.dir/rosidl_typesupport_fastrtps_c/dwb_msgs/msg/detail/local_plan_evaluation__type_support_c.cpp.o[0m
[11.953s] [ 29%] [32mBuilding C object CMakeFiles/dwb_msgs__rosidl_typesupport_introspection_c.dir/rosidl_typesupport_introspection_c/dwb_msgs/srv/detail/get_critic_score__type_support.c.o[0m
[12.126s] [ 30%] [32mBuilding C object CMakeFiles/dwb_msgs__rosidl_typesupport_introspection_c.dir/rosidl_typesupport_introspection_c/dwb_msgs/srv/detail/score_trajectory__type_support.c.o[0m
[12.303s] [ 31%] [32m[1mLinking C shared library libdwb_msgs__rosidl_typesupport_introspection_c.so[0m
[12.507s] [ 31%] Built target dwb_msgs__rosidl_typesupport_introspection_c
[12.551s] [ 32%] [34m[1mGenerating C type support dispatch for ROS interfaces[0m
[12.571s] [ 33%] [32mBuilding CXX object CMakeFiles/dwb_msgs__rosidl_typesupport_fastrtps_cpp.dir/rosidl_typesupport_fastrtps_cpp/dwb_msgs/msg/detail/dds_fastrtps/trajectory_score__type_support.cpp.o[0m
[13.032s] [ 34%] [32mBuilding CXX object CMakeFiles/dwb_msgs__rosidl_typesupport_fastrtps_cpp.dir/rosidl_typesupport_fastrtps_cpp/dwb_msgs/srv/detail/dds_fastrtps/debug_local_plan__type_support.cpp.o[0m
[13.065s] [ 35%] [32mBuilding CXX object CMakeFiles/dwb_msgs__rosidl_typesupport_fastrtps_c.dir/rosidl_typesupport_fastrtps_c/dwb_msgs/msg/detail/trajectory2_d__type_support_c.cpp.o[0m
[13.793s] [ 36%] [32mBuilding CXX object CMakeFiles/dwb_msgs__rosidl_typesupport_fastrtps_cpp.dir/rosidl_typesupport_fastrtps_cpp/dwb_msgs/srv/detail/dds_fastrtps/generate_trajectory__type_support.cpp.o[0m
[14.131s] [ 37%] [32mBuilding CXX object CMakeFiles/dwb_msgs__rosidl_typesupport_fastrtps_c.dir/rosidl_typesupport_fastrtps_c/dwb_msgs/msg/detail/trajectory_score__type_support_c.cpp.o[0m
[14.372s] [ 38%] [32mBuilding CXX object CMakeFiles/dwb_msgs__rosidl_typesupport_fastrtps_cpp.dir/rosidl_typesupport_fastrtps_cpp/dwb_msgs/srv/detail/dds_fastrtps/generate_twists__type_support.cpp.o[0m
[14.528s] [ 40%] [32mBuilding CXX object CMakeFiles/dwb_msgs__rosidl_typesupport_c.dir/rosidl_typesupport_c/dwb_msgs/msg/critic_score__type_support.cpp.o[0m
[14.595s] [ 41%] [32mBuilding CXX object CMakeFiles/dwb_msgs__rosidl_typesupport_c.dir/rosidl_typesupport_c/dwb_msgs/msg/local_plan_evaluation__type_support.cpp.o[0m
[14.663s] [ 42%] [32mBuilding CXX object CMakeFiles/dwb_msgs__rosidl_typesupport_c.dir/rosidl_typesupport_c/dwb_msgs/msg/trajectory2_d__type_support.cpp.o[0m
[14.731s] [ 43%] [32mBuilding CXX object CMakeFiles/dwb_msgs__rosidl_typesupport_c.dir/rosidl_typesupport_c/dwb_msgs/msg/trajectory_score__type_support.cpp.o[0m
[14.820s] [ 44%] [32mBuilding CXX object CMakeFiles/dwb_msgs__rosidl_typesupport_fastrtps_cpp.dir/rosidl_typesupport_fastrtps_cpp/dwb_msgs/srv/detail/dds_fastrtps/get_critic_score__type_support.cpp.o[0m
[14.840s] [ 45%] [32mBuilding CXX object CMakeFiles/dwb_msgs__rosidl_typesupport_c.dir/rosidl_typesupport_c/dwb_msgs/srv/debug_local_plan__type_support.cpp.o[0m
[14.983s] [ 46%] [32mBuilding CXX object CMakeFiles/dwb_msgs__rosidl_typesupport_c.dir/rosidl_typesupport_c/dwb_msgs/srv/generate_trajectory__type_support.cpp.o[0m
[15.010s] [ 47%] [32mBuilding CXX object CMakeFiles/dwb_msgs__rosidl_typesupport_fastrtps_c.dir/rosidl_typesupport_fastrtps_c/dwb_msgs/srv/detail/debug_local_plan__type_support_c.cpp.o[0m
[15.102s] [ 48%] [32mBuilding CXX object CMakeFiles/dwb_msgs__rosidl_typesupport_c.dir/rosidl_typesupport_c/dwb_msgs/srv/generate_twists__type_support.cpp.o[0m
[15.278s] [ 49%] [32mBuilding CXX object CMakeFiles/dwb_msgs__rosidl_typesupport_c.dir/rosidl_typesupport_c/dwb_msgs/srv/get_critic_score__type_support.cpp.o[0m
[15.433s] [ 50%] [32mBuilding CXX object CMakeFiles/dwb_msgs__rosidl_typesupport_c.dir/rosidl_typesupport_c/dwb_msgs/srv/score_trajectory__type_support.cpp.o[0m
[15.511s] [ 51%] [32mBuilding CXX object CMakeFiles/dwb_msgs__rosidl_typesupport_fastrtps_cpp.dir/rosidl_typesupport_fastrtps_cpp/dwb_msgs/srv/detail/dds_fastrtps/score_trajectory__type_support.cpp.o[0m
[15.558s] [ 52%] [32m[1mLinking CXX shared library libdwb_msgs__rosidl_typesupport_c.so[0m
[15.707s] [ 52%] Built target dwb_msgs__rosidl_typesupport_c
[15.766s] [ 53%] [32mBuilding CXX object CMakeFiles/dwb_msgs__rosidl_typesupport_fastrtps_c.dir/rosidl_typesupport_fastrtps_c/dwb_msgs/srv/detail/generate_trajectory__type_support_c.cpp.o[0m
[15.786s] [ 54%] [34m[1mGenerating C++ introspection for ROS interfaces[0m
[15.925s] [ 55%] [32mBuilding CXX object CMakeFiles/dwb_msgs__rosidl_typesupport_fastrtps_c.dir/rosidl_typesupport_fastrtps_c/dwb_msgs/srv/detail/generate_twists__type_support_c.cpp.o[0m
[16.596s] [ 56%] [32m[1mLinking CXX shared library libdwb_msgs__rosidl_typesupport_fastrtps_cpp.so[0m
[16.612s] [ 57%] [32mBuilding CXX object CMakeFiles/dwb_msgs__rosidl_typesupport_fastrtps_c.dir/rosidl_typesupport_fastrtps_c/dwb_msgs/srv/detail/get_critic_score__type_support_c.cpp.o[0m
[16.926s] [ 57%] Built target dwb_msgs__rosidl_typesupport_fastrtps_cpp
[16.939s] [ 58%] [32mBuilding CXX object CMakeFiles/dwb_msgs__rosidl_typesupport_fastrtps_c.dir/rosidl_typesupport_fastrtps_c/dwb_msgs/srv/detail/score_trajectory__type_support_c.cpp.o[0m
[16.946s] [ 60%] [34m[1mGenerating C++ type support dispatch for ROS interfaces[0m
[17.947s] [ 61%] [32mBuilding CXX object CMakeFiles/dwb_msgs__rosidl_typesupport_introspection_cpp.dir/rosidl_typesupport_introspection_cpp/dwb_msgs/msg/detail/critic_score__type_support.cpp.o[0m
[17.997s] [ 62%] [32m[1mLinking CXX shared library libdwb_msgs__rosidl_typesupport_fastrtps_c.so[0m
[18.318s] [ 62%] Built target dwb_msgs__rosidl_typesupport_fastrtps_c
[18.511s] [ 63%] [32mBuilding CXX object CMakeFiles/dwb_msgs__rosidl_typesupport_cpp.dir/rosidl_typesupport_cpp/dwb_msgs/msg/critic_score__type_support.cpp.o[0m
[18.729s] [ 64%] [32mBuilding CXX object CMakeFiles/dwb_msgs__rosidl_typesupport_introspection_cpp.dir/rosidl_typesupport_introspection_cpp/dwb_msgs/srv/detail/debug_local_plan__type_support.cpp.o[0m
[19.117s] [ 65%] [32mBuilding CXX object CMakeFiles/dwb_msgs__rosidl_typesupport_cpp.dir/rosidl_typesupport_cpp/dwb_msgs/msg/local_plan_evaluation__type_support.cpp.o[0m
[19.614s] [ 66%] [32mBuilding CXX object CMakeFiles/dwb_msgs__rosidl_typesupport_introspection_cpp.dir/rosidl_typesupport_introspection_cpp/dwb_msgs/srv/detail/generate_trajectory__type_support.cpp.o[0m
[19.669s] [ 67%] [32mBuilding CXX object CMakeFiles/dwb_msgs__rosidl_typesupport_cpp.dir/rosidl_typesupport_cpp/dwb_msgs/msg/trajectory2_d__type_support.cpp.o[0m
[20.215s] [ 68%] [32mBuilding CXX object CMakeFiles/dwb_msgs__rosidl_typesupport_cpp.dir/rosidl_typesupport_cpp/dwb_msgs/msg/trajectory_score__type_support.cpp.o[0m
[20.460s] [ 69%] [32mBuilding CXX object CMakeFiles/dwb_msgs__rosidl_typesupport_introspection_cpp.dir/rosidl_typesupport_introspection_cpp/dwb_msgs/srv/detail/generate_twists__type_support.cpp.o[0m
[20.777s] [ 70%] [32mBuilding CXX object CMakeFiles/dwb_msgs__rosidl_typesupport_cpp.dir/rosidl_typesupport_cpp/dwb_msgs/srv/debug_local_plan__type_support.cpp.o[0m
[21.331s] [ 71%] [32mBuilding CXX object CMakeFiles/dwb_msgs__rosidl_typesupport_introspection_cpp.dir/rosidl_typesupport_introspection_cpp/dwb_msgs/srv/detail/get_critic_score__type_support.cpp.o[0m
[21.363s] [ 72%] [32mBuilding CXX object CMakeFiles/dwb_msgs__rosidl_typesupport_cpp.dir/rosidl_typesupport_cpp/dwb_msgs/srv/generate_trajectory__type_support.cpp.o[0m
[21.959s] [ 73%] [32mBuilding CXX object CMakeFiles/dwb_msgs__rosidl_typesupport_cpp.dir/rosidl_typesupport_cpp/dwb_msgs/srv/generate_twists__type_support.cpp.o[0m
[22.196s] [ 74%] [32mBuilding CXX object CMakeFiles/dwb_msgs__rosidl_typesupport_introspection_cpp.dir/rosidl_typesupport_introspection_cpp/dwb_msgs/srv/detail/score_trajectory__type_support.cpp.o[0m
[22.524s] [ 75%] [32mBuilding CXX object CMakeFiles/dwb_msgs__rosidl_typesupport_cpp.dir/rosidl_typesupport_cpp/dwb_msgs/srv/get_critic_score__type_support.cpp.o[0m
[23.097s] [ 76%] [32mBuilding CXX object CMakeFiles/dwb_msgs__rosidl_typesupport_cpp.dir/rosidl_typesupport_cpp/dwb_msgs/srv/score_trajectory__type_support.cpp.o[0m
[23.098s] [ 77%] [32mBuilding CXX object CMakeFiles/dwb_msgs__rosidl_typesupport_introspection_cpp.dir/rosidl_typesupport_introspection_cpp/dwb_msgs/msg/detail/trajectory_score__type_support.cpp.o[0m
[23.650s] [ 78%] [32m[1mLinking CXX shared library libdwb_msgs__rosidl_typesupport_cpp.so[0m
[23.743s] [ 78%] Built target dwb_msgs__rosidl_typesupport_cpp
[23.990s] [ 80%] [32mBuilding CXX object CMakeFiles/dwb_msgs__rosidl_typesupport_introspection_cpp.dir/rosidl_typesupport_introspection_cpp/dwb_msgs/msg/detail/trajectory2_d__type_support.cpp.o[0m
[24.881s] [ 81%] [32mBuilding CXX object CMakeFiles/dwb_msgs__rosidl_typesupport_introspection_cpp.dir/rosidl_typesupport_introspection_cpp/dwb_msgs/msg/detail/local_plan_evaluation__type_support.cpp.o[0m
[26.023s] [ 82%] [32m[1mLinking CXX shared library libdwb_msgs__rosidl_typesupport_introspection_cpp.so[0m
[26.207s] [ 82%] Built target dwb_msgs__rosidl_typesupport_introspection_cpp
[26.249s] [ 82%] Built target dwb_msgs
[26.290s] [ 83%] [34m[1mGenerating Python code for ROS interfaces[0m
[29.628s] [ 83%] Built target dwb_msgs__py
[29.667s] [ 84%] [32mBuilding C object CMakeFiles/dwb_msgs__rosidl_generator_py.dir/rosidl_generator_py/dwb_msgs/msg/_local_plan_evaluation_s.c.o[0m
[29.677s] [ 85%] [32mBuilding C object CMakeFiles/dwb_msgs__rosidl_generator_py.dir/rosidl_generator_py/dwb_msgs/msg/_critic_score_s.c.o[0m
[29.913s] [ 86%] [32mBuilding C object CMakeFiles/dwb_msgs__rosidl_generator_py.dir/rosidl_generator_py/dwb_msgs/srv/_generate_trajectory_s.c.o[0m
[29.992s] [ 87%] [32mBuilding C object CMakeFiles/dwb_msgs__rosidl_generator_py.dir/rosidl_generator_py/dwb_msgs/srv/_generate_twists_s.c.o[0m
[30.213s] [ 88%] [32mBuilding C object CMakeFiles/dwb_msgs__rosidl_generator_py.dir/rosidl_generator_py/dwb_msgs/srv/_get_critic_score_s.c.o[0m
[30.399s] [ 89%] [32mBuilding C object CMakeFiles/dwb_msgs__rosidl_generator_py.dir/rosidl_generator_py/dwb_msgs/srv/_score_trajectory_s.c.o[0m
[30.437s] [ 90%] [32mBuilding C object CMakeFiles/dwb_msgs__rosidl_generator_py.dir/rosidl_generator_py/dwb_msgs/srv/_debug_local_plan_s.c.o[0m
[30.643s] [ 91%] [32mBuilding C object CMakeFiles/dwb_msgs__rosidl_generator_py.dir/rosidl_generator_py/dwb_msgs/msg/_trajectory_score_s.c.o[0m
[30.662s] [ 92%] [32mBuilding C object CMakeFiles/dwb_msgs__rosidl_generator_py.dir/rosidl_generator_py/dwb_msgs/msg/_trajectory2_d_s.c.o[0m
[30.876s] [ 93%] [32m[1mLinking C shared library rosidl_generator_py/dwb_msgs/libdwb_msgs__rosidl_generator_py.so[0m
[30.981s] [ 93%] Built target dwb_msgs__rosidl_generator_py
[31.020s] [ 95%] [32mBuilding C object CMakeFiles/dwb_msgs__rosidl_typesupport_introspection_c__pyext.dir/rosidl_generator_py/dwb_msgs/_dwb_msgs_s.ep.rosidl_typesupport_introspection_c.c.o[0m
[31.023s] [ 95%] [32mBuilding C object CMakeFiles/dwb_msgs__rosidl_typesupport_fastrtps_c__pyext.dir/rosidl_generator_py/dwb_msgs/_dwb_msgs_s.ep.rosidl_typesupport_fastrtps_c.c.o[0m
[31.331s] [ 96%] [32m[1mLinking C shared library rosidl_generator_py/dwb_msgs/dwb_msgs_s__rosidl_typesupport_introspection_c.cpython-310-aarch64-linux-gnu.so[0m
[31.403s] [ 97%] [32m[1mLinking C shared library rosidl_generator_py/dwb_msgs/dwb_msgs_s__rosidl_typesupport_fastrtps_c.cpython-310-aarch64-linux-gnu.so[0m
[31.443s] [ 97%] Built target dwb_msgs__rosidl_typesupport_introspection_c__pyext
[31.491s] [ 98%] [32mBuilding C object CMakeFiles/dwb_msgs__rosidl_typesupport_c__pyext.dir/rosidl_generator_py/dwb_msgs/_dwb_msgs_s.ep.rosidl_typesupport_c.c.o[0m
[31.544s] [ 98%] Built target dwb_msgs__rosidl_typesupport_fastrtps_c__pyext
[31.777s] [100%] [32m[1mLinking C shared library rosidl_generator_py/dwb_msgs/dwb_msgs_s__rosidl_typesupport_c.cpython-310-aarch64-linux-gnu.so[0m
[31.905s] [100%] Built target dwb_msgs__rosidl_typesupport_c__pyext
[31.938s] Invoked command in '/home/jetson/robot_ws/build/dwb_msgs' returned '0': AMENT_PREFIX_PATH=/home/jetson/robot_ws/install/nav_2d_msgs:${AMENT_PREFIX_PATH} CMAKE_PREFIX_PATH=/home/jetson/robot_ws/install/nav_2d_msgs:/opt/ros/humble LD_LIBRARY_PATH=/home/jetson/robot_ws/install/nav_2d_msgs/lib:${LD_LIBRARY_PATH} PYTHONPATH=/home/jetson/robot_ws/install/nav_2d_msgs/local/lib/python3.10/dist-packages:${PYTHONPATH} /usr/bin/cmake --build /home/jetson/robot_ws/build/dwb_msgs -- -j6 -l6
[31.939s] Invoking command in '/home/jetson/robot_ws/build/dwb_msgs': AMENT_PREFIX_PATH=/home/jetson/robot_ws/install/nav_2d_msgs:${AMENT_PREFIX_PATH} CMAKE_PREFIX_PATH=/home/jetson/robot_ws/install/nav_2d_msgs:/opt/ros/humble LD_LIBRARY_PATH=/home/jetson/robot_ws/install/nav_2d_msgs/lib:${LD_LIBRARY_PATH} PYTHONPATH=/home/jetson/robot_ws/install/nav_2d_msgs/local/lib/python3.10/dist-packages:${PYTHONPATH} /usr/bin/cmake --install /home/jetson/robot_ws/build/dwb_msgs
[31.955s] -- Install configuration: ""
[31.956s] -- Installing: /home/jetson/robot_ws/install/dwb_msgs/share/ament_index/resource_index/rosidl_interfaces/dwb_msgs
[31.957s] -- Installing: /home/jetson/robot_ws/install/dwb_msgs/include/dwb_msgs/dwb_msgs
[31.957s] -- Installing: /home/jetson/robot_ws/install/dwb_msgs/include/dwb_msgs/dwb_msgs/msg
[31.958s] -- Installing: /home/jetson/robot_ws/install/dwb_msgs/include/dwb_msgs/dwb_msgs/msg/rosidl_generator_c__visibility_control.h
[31.958s] -- Installing: /home/jetson/robot_ws/install/dwb_msgs/include/dwb_msgs/dwb_msgs/msg/critic_score.h
[31.959s] -- Installing: /home/jetson/robot_ws/install/dwb_msgs/include/dwb_msgs/dwb_msgs/msg/trajectory2_d.h
[31.959s] -- Installing: /home/jetson/robot_ws/install/dwb_msgs/include/dwb_msgs/dwb_msgs/msg/local_plan_evaluation.h
[31.960s] -- Installing: /home/jetson/robot_ws/install/dwb_msgs/include/dwb_msgs/dwb_msgs/msg/detail
[31.960s] -- Installing: /home/jetson/robot_ws/install/dwb_msgs/include/dwb_msgs/dwb_msgs/msg/detail/local_plan_evaluation__functions.c
[31.961s] -- Installing: /home/jetson/robot_ws/install/dwb_msgs/include/dwb_msgs/dwb_msgs/msg/detail/trajectory_score__functions.h
[31.961s] -- Installing: /home/jetson/robot_ws/install/dwb_msgs/include/dwb_msgs/dwb_msgs/msg/detail/trajectory_score__struct.h
[31.962s] -- Installing: /home/jetson/robot_ws/install/dwb_msgs/include/dwb_msgs/dwb_msgs/msg/detail/critic_score__functions.h
[31.962s] -- Installing: /home/jetson/robot_ws/install/dwb_msgs/include/dwb_msgs/dwb_msgs/msg/detail/local_plan_evaluation__functions.h
[31.963s] -- Installing: /home/jetson/robot_ws/install/dwb_msgs/include/dwb_msgs/dwb_msgs/msg/detail/trajectory_score__functions.c
[31.963s] -- Installing: /home/jetson/robot_ws/install/dwb_msgs/include/dwb_msgs/dwb_msgs/msg/detail/local_plan_evaluation__type_support.h
[31.964s] -- Installing: /home/jetson/robot_ws/install/dwb_msgs/include/dwb_msgs/dwb_msgs/msg/detail/trajectory2_d__functions.c
[31.964s] -- Installing: /home/jetson/robot_ws/install/dwb_msgs/include/dwb_msgs/dwb_msgs/msg/detail/trajectory_score__type_support.h
[31.965s] -- Installing: /home/jetson/robot_ws/install/dwb_msgs/include/dwb_msgs/dwb_msgs/msg/detail/trajectory2_d__type_support.h
[31.965s] -- Installing: /home/jetson/robot_ws/install/dwb_msgs/include/dwb_msgs/dwb_msgs/msg/detail/trajectory2_d__struct.h
[31.966s] -- Installing: /home/jetson/robot_ws/install/dwb_msgs/include/dwb_msgs/dwb_msgs/msg/detail/critic_score__type_support.h
[31.966s] -- Installing: /home/jetson/robot_ws/install/dwb_msgs/include/dwb_msgs/dwb_msgs/msg/detail/critic_score__struct.h
[31.967s] -- Installing: /home/jetson/robot_ws/install/dwb_msgs/include/dwb_msgs/dwb_msgs/msg/detail/critic_score__functions.c
[31.968s] -- Installing: /home/jetson/robot_ws/install/dwb_msgs/include/dwb_msgs/dwb_msgs/msg/detail/trajectory2_d__functions.h
[31.968s] -- Installing: /home/jetson/robot_ws/install/dwb_msgs/include/dwb_msgs/dwb_msgs/msg/detail/local_plan_evaluation__struct.h
[31.968s] -- Installing: /home/jetson/robot_ws/install/dwb_msgs/include/dwb_msgs/dwb_msgs/msg/trajectory_score.h
[31.968s] -- Installing: /home/jetson/robot_ws/install/dwb_msgs/include/dwb_msgs/dwb_msgs/srv
[31.969s] -- Installing: /home/jetson/robot_ws/install/dwb_msgs/include/dwb_msgs/dwb_msgs/srv/get_critic_score.h
[31.969s] -- Installing: /home/jetson/robot_ws/install/dwb_msgs/include/dwb_msgs/dwb_msgs/srv/generate_trajectory.h
[31.969s] -- Installing: /home/jetson/robot_ws/install/dwb_msgs/include/dwb_msgs/dwb_msgs/srv/generate_twists.h
[31.970s] -- Installing: /home/jetson/robot_ws/install/dwb_msgs/include/dwb_msgs/dwb_msgs/srv/detail
[31.970s] -- Installing: /home/jetson/robot_ws/install/dwb_msgs/include/dwb_msgs/dwb_msgs/srv/detail/debug_local_plan__struct.h
[31.971s] -- Installing: /home/jetson/robot_ws/install/dwb_msgs/include/dwb_msgs/dwb_msgs/srv/detail/score_trajectory__functions.c
[31.971s] -- Installing: /home/jetson/robot_ws/install/dwb_msgs/include/dwb_msgs/dwb_msgs/srv/detail/generate_trajectory__struct.h
[31.971s] -- Installing: /home/jetson/robot_ws/install/dwb_msgs/include/dwb_msgs/dwb_msgs/srv/detail/get_critic_score__struct.h
[31.971s] -- Installing: /home/jetson/robot_ws/install/dwb_msgs/include/dwb_msgs/dwb_msgs/srv/detail/score_trajectory__struct.h
[31.971s] -- Installing: /home/jetson/robot_ws/install/dwb_msgs/include/dwb_msgs/dwb_msgs/srv/detail/generate_twists__struct.h
[31.972s] -- Installing: /home/jetson/robot_ws/install/dwb_msgs/include/dwb_msgs/dwb_msgs/srv/detail/generate_twists__functions.h
[31.972s] -- Installing: /home/jetson/robot_ws/install/dwb_msgs/include/dwb_msgs/dwb_msgs/srv/detail/generate_trajectory__functions.h
[31.973s] -- Installing: /home/jetson/robot_ws/install/dwb_msgs/include/dwb_msgs/dwb_msgs/srv/detail/score_trajectory__functions.h
[31.974s] -- Installing: /home/jetson/robot_ws/install/dwb_msgs/include/dwb_msgs/dwb_msgs/srv/detail/debug_local_plan__functions.c
[31.975s] -- Installing: /home/jetson/robot_ws/install/dwb_msgs/include/dwb_msgs/dwb_msgs/srv/detail/generate_twists__type_support.h
[31.975s] -- Installing: /home/jetson/robot_ws/install/dwb_msgs/include/dwb_msgs/dwb_msgs/srv/detail/debug_local_plan__type_support.h
[31.976s] -- Installing: /home/jetson/robot_ws/install/dwb_msgs/include/dwb_msgs/dwb_msgs/srv/detail/generate_trajectory__type_support.h
[31.976s] -- Installing: /home/jetson/robot_ws/install/dwb_msgs/include/dwb_msgs/dwb_msgs/srv/detail/get_critic_score__type_support.h
[31.976s] -- Installing: /home/jetson/robot_ws/install/dwb_msgs/include/dwb_msgs/dwb_msgs/srv/detail/get_critic_score__functions.c
[31.976s] -- Installing: /home/jetson/robot_ws/install/dwb_msgs/include/dwb_msgs/dwb_msgs/srv/detail/generate_twists__functions.c
[31.976s] -- Installing: /home/jetson/robot_ws/install/dwb_msgs/include/dwb_msgs/dwb_msgs/srv/detail/debug_local_plan__functions.h
[31.976s] -- Installing: /home/jetson/robot_ws/install/dwb_msgs/include/dwb_msgs/dwb_msgs/srv/detail/score_trajectory__type_support.h
[31.976s] -- Installing: /home/jetson/robot_ws/install/dwb_msgs/include/dwb_msgs/dwb_msgs/srv/detail/get_critic_score__functions.h
[31.977s] -- Installing: /home/jetson/robot_ws/install/dwb_msgs/include/dwb_msgs/dwb_msgs/srv/detail/generate_trajectory__functions.c
[31.977s] -- Installing: /home/jetson/robot_ws/install/dwb_msgs/include/dwb_msgs/dwb_msgs/srv/score_trajectory.h
[31.977s] -- Installing: /home/jetson/robot_ws/install/dwb_msgs/include/dwb_msgs/dwb_msgs/srv/debug_local_plan.h
[31.977s] -- Installing: /home/jetson/robot_ws/install/dwb_msgs/share/dwb_msgs/environment/library_path.sh
[31.978s] -- Installing: /home/jetson/robot_ws/install/dwb_msgs/share/dwb_msgs/environment/library_path.dsv
[31.978s] -- Installing: /home/jetson/robot_ws/install/dwb_msgs/lib/libdwb_msgs__rosidl_generator_c.so
[31.979s] -- Set runtime path of "/home/jetson/robot_ws/install/dwb_msgs/lib/libdwb_msgs__rosidl_generator_c.so" to ""
[31.979s] -- Up-to-date: /home/jetson/robot_ws/install/dwb_msgs/include/dwb_msgs/dwb_msgs
[31.979s] -- Up-to-date: /home/jetson/robot_ws/install/dwb_msgs/include/dwb_msgs/dwb_msgs/msg
[31.980s] -- Up-to-date: /home/jetson/robot_ws/install/dwb_msgs/include/dwb_msgs/dwb_msgs/msg/detail
[31.980s] -- Installing: /home/jetson/robot_ws/install/dwb_msgs/include/dwb_msgs/dwb_msgs/msg/detail/local_plan_evaluation__rosidl_typesupport_fastrtps_c.h
[31.983s] -- Installing: /home/jetson/robot_ws/install/dwb_msgs/include/dwb_msgs/dwb_msgs/msg/detail/critic_score__rosidl_typesupport_fastrtps_c.h
[31.983s] -- Installing: /home/jetson/robot_ws/install/dwb_msgs/include/dwb_msgs/dwb_msgs/msg/detail/trajectory2_d__rosidl_typesupport_fastrtps_c.h
[31.984s] -- Installing: /home/jetson/robot_ws/install/dwb_msgs/include/dwb_msgs/dwb_msgs/msg/detail/trajectory_score__rosidl_typesupport_fastrtps_c.h
[31.984s] -- Installing: /home/jetson/robot_ws/install/dwb_msgs/include/dwb_msgs/dwb_msgs/msg/rosidl_typesupport_fastrtps_c__visibility_control.h
[31.985s] -- Up-to-date: /home/jetson/robot_ws/install/dwb_msgs/include/dwb_msgs/dwb_msgs/srv
[31.985s] -- Up-to-date: /home/jetson/robot_ws/install/dwb_msgs/include/dwb_msgs/dwb_msgs/srv/detail
[31.985s] -- Installing: /home/jetson/robot_ws/install/dwb_msgs/include/dwb_msgs/dwb_msgs/srv/detail/debug_local_plan__rosidl_typesupport_fastrtps_c.h
[31.985s] -- Installing: /home/jetson/robot_ws/install/dwb_msgs/include/dwb_msgs/dwb_msgs/srv/detail/score_trajectory__rosidl_typesupport_fastrtps_c.h
[31.986s] -- Installing: /home/jetson/robot_ws/install/dwb_msgs/include/dwb_msgs/dwb_msgs/srv/detail/generate_trajectory__rosidl_typesupport_fastrtps_c.h
[31.986s] -- Installing: /home/jetson/robot_ws/install/dwb_msgs/include/dwb_msgs/dwb_msgs/srv/detail/get_critic_score__rosidl_typesupport_fastrtps_c.h
[31.986s] -- Installing: /home/jetson/robot_ws/install/dwb_msgs/include/dwb_msgs/dwb_msgs/srv/detail/generate_twists__rosidl_typesupport_fastrtps_c.h
[31.986s] -- Installing: /home/jetson/robot_ws/install/dwb_msgs/lib/libdwb_msgs__rosidl_typesupport_fastrtps_c.so
[31.986s] -- Set runtime path of "/home/jetson/robot_ws/install/dwb_msgs/lib/libdwb_msgs__rosidl_typesupport_fastrtps_c.so" to ""
[31.986s] -- Up-to-date: /home/jetson/robot_ws/install/dwb_msgs/include/dwb_msgs/dwb_msgs
[31.987s] -- Up-to-date: /home/jetson/robot_ws/install/dwb_msgs/include/dwb_msgs/dwb_msgs/msg
[31.987s] -- Installing: /home/jetson/robot_ws/install/dwb_msgs/include/dwb_msgs/dwb_msgs/msg/local_plan_evaluation.hpp
[31.987s] -- Installing: /home/jetson/robot_ws/install/dwb_msgs/include/dwb_msgs/dwb_msgs/msg/trajectory_score.hpp
[31.987s] -- Installing: /home/jetson/robot_ws/install/dwb_msgs/include/dwb_msgs/dwb_msgs/msg/rosidl_generator_cpp__visibility_control.hpp
[31.987s] -- Up-to-date: /home/jetson/robot_ws/install/dwb_msgs/include/dwb_msgs/dwb_msgs/msg/detail
[31.987s] -- Installing: /home/jetson/robot_ws/install/dwb_msgs/include/dwb_msgs/dwb_msgs/msg/detail/critic_score__builder.hpp
[31.987s] -- Installing: /home/jetson/robot_ws/install/dwb_msgs/include/dwb_msgs/dwb_msgs/msg/detail/trajectory2_d__traits.hpp
[31.988s] -- Installing: /home/jetson/robot_ws/install/dwb_msgs/include/dwb_msgs/dwb_msgs/msg/detail/local_plan_evaluation__builder.hpp
[31.988s] -- Installing: /home/jetson/robot_ws/install/dwb_msgs/include/dwb_msgs/dwb_msgs/msg/detail/trajectory2_d__type_support.hpp
[31.988s] -- Installing: /home/jetson/robot_ws/install/dwb_msgs/include/dwb_msgs/dwb_msgs/msg/detail/critic_score__type_support.hpp
[31.988s] -- Installing: /home/jetson/robot_ws/install/dwb_msgs/include/dwb_msgs/dwb_msgs/msg/detail/local_plan_evaluation__traits.hpp
[31.988s] -- Installing: /home/jetson/robot_ws/install/dwb_msgs/include/dwb_msgs/dwb_msgs/msg/detail/critic_score__traits.hpp
[31.988s] -- Installing: /home/jetson/robot_ws/install/dwb_msgs/include/dwb_msgs/dwb_msgs/msg/detail/trajectory_score__struct.hpp
[31.988s] -- Installing: /home/jetson/robot_ws/install/dwb_msgs/include/dwb_msgs/dwb_msgs/msg/detail/critic_score__struct.hpp
[31.988s] -- Installing: /home/jetson/robot_ws/install/dwb_msgs/include/dwb_msgs/dwb_msgs/msg/detail/trajectory_score__type_support.hpp
[31.989s] -- Installing: /home/jetson/robot_ws/install/dwb_msgs/include/dwb_msgs/dwb_msgs/msg/detail/local_plan_evaluation__struct.hpp
[31.989s] -- Installing: /home/jetson/robot_ws/install/dwb_msgs/include/dwb_msgs/dwb_msgs/msg/detail/trajectory2_d__struct.hpp
[31.989s] -- Installing: /home/jetson/robot_ws/install/dwb_msgs/include/dwb_msgs/dwb_msgs/msg/detail/local_plan_evaluation__type_support.hpp
[31.989s] -- Installing: /home/jetson/robot_ws/install/dwb_msgs/include/dwb_msgs/dwb_msgs/msg/detail/trajectory_score__builder.hpp
[31.990s] -- Installing: /home/jetson/robot_ws/install/dwb_msgs/include/dwb_msgs/dwb_msgs/msg/detail/trajectory_score__traits.hpp
[31.991s] -- Installing: /home/jetson/robot_ws/install/dwb_msgs/include/dwb_msgs/dwb_msgs/msg/detail/trajectory2_d__builder.hpp
[31.991s] -- Installing: /home/jetson/robot_ws/install/dwb_msgs/include/dwb_msgs/dwb_msgs/msg/trajectory2_d.hpp
[31.991s] -- Installing: /home/jetson/robot_ws/install/dwb_msgs/include/dwb_msgs/dwb_msgs/msg/critic_score.hpp
[31.991s] -- Up-to-date: /home/jetson/robot_ws/install/dwb_msgs/include/dwb_msgs/dwb_msgs/srv
[31.991s] -- Installing: /home/jetson/robot_ws/install/dwb_msgs/include/dwb_msgs/dwb_msgs/srv/get_critic_score.hpp
[31.991s] -- Installing: /home/jetson/robot_ws/install/dwb_msgs/include/dwb_msgs/dwb_msgs/srv/score_trajectory.hpp
[31.991s] -- Up-to-date: /home/jetson/robot_ws/install/dwb_msgs/include/dwb_msgs/dwb_msgs/srv/detail
[31.992s] -- Installing: /home/jetson/robot_ws/install/dwb_msgs/include/dwb_msgs/dwb_msgs/srv/detail/score_trajectory__type_support.hpp
[31.992s] -- Installing: /home/jetson/robot_ws/install/dwb_msgs/include/dwb_msgs/dwb_msgs/srv/detail/score_trajectory__traits.hpp
[31.992s] -- Installing: /home/jetson/robot_ws/install/dwb_msgs/include/dwb_msgs/dwb_msgs/srv/detail/generate_trajectory__struct.hpp
[31.993s] -- Installing: /home/jetson/robot_ws/install/dwb_msgs/include/dwb_msgs/dwb_msgs/srv/detail/debug_local_plan__builder.hpp
[31.993s] -- Installing: /home/jetson/robot_ws/install/dwb_msgs/include/dwb_msgs/dwb_msgs/srv/detail/debug_local_plan__type_support.hpp
[31.993s] -- Installing: /home/jetson/robot_ws/install/dwb_msgs/include/dwb_msgs/dwb_msgs/srv/detail/generate_twists__traits.hpp
[31.994s] -- Installing: /home/jetson/robot_ws/install/dwb_msgs/include/dwb_msgs/dwb_msgs/srv/detail/generate_trajectory__traits.hpp
[31.994s] -- Installing: /home/jetson/robot_ws/install/dwb_msgs/include/dwb_msgs/dwb_msgs/srv/detail/score_trajectory__builder.hpp
[31.994s] -- Installing: /home/jetson/robot_ws/install/dwb_msgs/include/dwb_msgs/dwb_msgs/srv/detail/generate_twists__type_support.hpp
[31.995s] -- Installing: /home/jetson/robot_ws/install/dwb_msgs/include/dwb_msgs/dwb_msgs/srv/detail/get_critic_score__builder.hpp
[31.996s] -- Installing: /home/jetson/robot_ws/install/dwb_msgs/include/dwb_msgs/dwb_msgs/srv/detail/score_trajectory__struct.hpp
[31.996s] -- Installing: /home/jetson/robot_ws/install/dwb_msgs/include/dwb_msgs/dwb_msgs/srv/detail/debug_local_plan__traits.hpp
[31.998s] -- Installing: /home/jetson/robot_ws/install/dwb_msgs/include/dwb_msgs/dwb_msgs/srv/detail/generate_twists__builder.hpp
[31.998s] -- Installing: /home/jetson/robot_ws/install/dwb_msgs/include/dwb_msgs/dwb_msgs/srv/detail/debug_local_plan__struct.hpp
[31.998s] -- Installing: /home/jetson/robot_ws/install/dwb_msgs/include/dwb_msgs/dwb_msgs/srv/detail/generate_trajectory__builder.hpp
[31.998s] -- Installing: /home/jetson/robot_ws/install/dwb_msgs/include/dwb_msgs/dwb_msgs/srv/detail/get_critic_score__type_support.hpp
[31.998s] -- Installing: /home/jetson/robot_ws/install/dwb_msgs/include/dwb_msgs/dwb_msgs/srv/detail/get_critic_score__traits.hpp
[31.999s] -- Installing: /home/jetson/robot_ws/install/dwb_msgs/include/dwb_msgs/dwb_msgs/srv/detail/get_critic_score__struct.hpp
[32.001s] -- Installing: /home/jetson/robot_ws/install/dwb_msgs/include/dwb_msgs/dwb_msgs/srv/detail/generate_trajectory__type_support.hpp
[32.001s] -- Installing: /home/jetson/robot_ws/install/dwb_msgs/include/dwb_msgs/dwb_msgs/srv/detail/generate_twists__struct.hpp
[32.001s] -- Installing: /home/jetson/robot_ws/install/dwb_msgs/include/dwb_msgs/dwb_msgs/srv/debug_local_plan.hpp
[32.002s] -- Installing: /home/jetson/robot_ws/install/dwb_msgs/include/dwb_msgs/dwb_msgs/srv/generate_twists.hpp
[32.002s] -- Installing: /home/jetson/robot_ws/install/dwb_msgs/include/dwb_msgs/dwb_msgs/srv/generate_trajectory.hpp
[32.002s] -- Up-to-date: /home/jetson/robot_ws/install/dwb_msgs/include/dwb_msgs/dwb_msgs
[32.002s] -- Up-to-date: /home/jetson/robot_ws/install/dwb_msgs/include/dwb_msgs/dwb_msgs/msg
[32.002s] -- Up-to-date: /home/jetson/robot_ws/install/dwb_msgs/include/dwb_msgs/dwb_msgs/msg/detail
[32.002s] -- Installing: /home/jetson/robot_ws/install/dwb_msgs/include/dwb_msgs/dwb_msgs/msg/detail/dds_fastrtps
[32.003s] -- Installing: /home/jetson/robot_ws/install/dwb_msgs/include/dwb_msgs/dwb_msgs/msg/detail/critic_score__rosidl_typesupport_fastrtps_cpp.hpp
[32.003s] -- Installing: /home/jetson/robot_ws/install/dwb_msgs/include/dwb_msgs/dwb_msgs/msg/detail/trajectory2_d__rosidl_typesupport_fastrtps_cpp.hpp
[32.003s] -- Installing: /home/jetson/robot_ws/install/dwb_msgs/include/dwb_msgs/dwb_msgs/msg/detail/local_plan_evaluation__rosidl_typesupport_fastrtps_cpp.hpp
[32.003s] -- Installing: /home/jetson/robot_ws/install/dwb_msgs/include/dwb_msgs/dwb_msgs/msg/detail/trajectory_score__rosidl_typesupport_fastrtps_cpp.hpp
[32.003s] -- Installing: /home/jetson/robot_ws/install/dwb_msgs/include/dwb_msgs/dwb_msgs/msg/rosidl_typesupport_fastrtps_cpp__visibility_control.h
[32.003s] -- Up-to-date: /home/jetson/robot_ws/install/dwb_msgs/include/dwb_msgs/dwb_msgs/srv
[32.003s] -- Up-to-date: /home/jetson/robot_ws/install/dwb_msgs/include/dwb_msgs/dwb_msgs/srv/detail
[32.004s] -- Installing: /home/jetson/robot_ws/install/dwb_msgs/include/dwb_msgs/dwb_msgs/srv/detail/dds_fastrtps
[32.004s] -- Installing: /home/jetson/robot_ws/install/dwb_msgs/include/dwb_msgs/dwb_msgs/srv/detail/debug_local_plan__rosidl_typesupport_fastrtps_cpp.hpp
[32.004s] -- Installing: /home/jetson/robot_ws/install/dwb_msgs/include/dwb_msgs/dwb_msgs/srv/detail/score_trajectory__rosidl_typesupport_fastrtps_cpp.hpp
[32.004s] -- Installing: /home/jetson/robot_ws/install/dwb_msgs/include/dwb_msgs/dwb_msgs/srv/detail/get_critic_score__rosidl_typesupport_fastrtps_cpp.hpp
[32.004s] -- Installing: /home/jetson/robot_ws/install/dwb_msgs/include/dwb_msgs/dwb_msgs/srv/detail/generate_trajectory__rosidl_typesupport_fastrtps_cpp.hpp
[32.004s] -- Installing: /home/jetson/robot_ws/install/dwb_msgs/include/dwb_msgs/dwb_msgs/srv/detail/generate_twists__rosidl_typesupport_fastrtps_cpp.hpp
[32.004s] -- Installing: /home/jetson/robot_ws/install/dwb_msgs/lib/libdwb_msgs__rosidl_typesupport_fastrtps_cpp.so
[32.005s] -- Set runtime path of "/home/jetson/robot_ws/install/dwb_msgs/lib/libdwb_msgs__rosidl_typesupport_fastrtps_cpp.so" to ""
[32.005s] -- Up-to-date: /home/jetson/robot_ws/install/dwb_msgs/include/dwb_msgs/dwb_msgs
[32.006s] -- Up-to-date: /home/jetson/robot_ws/install/dwb_msgs/include/dwb_msgs/dwb_msgs/msg
[32.006s] -- Up-to-date: /home/jetson/robot_ws/install/dwb_msgs/include/dwb_msgs/dwb_msgs/msg/detail
[32.006s] -- Installing: /home/jetson/robot_ws/install/dwb_msgs/include/dwb_msgs/dwb_msgs/msg/detail/trajectory_score__type_support.c
[32.006s] -- Installing: /home/jetson/robot_ws/install/dwb_msgs/include/dwb_msgs/dwb_msgs/msg/detail/trajectory2_d__rosidl_typesupport_introspection_c.h
[32.007s] -- Installing: /home/jetson/robot_ws/install/dwb_msgs/include/dwb_msgs/dwb_msgs/msg/detail/critic_score__rosidl_typesupport_introspection_c.h
[32.007s] -- Installing: /home/jetson/robot_ws/install/dwb_msgs/include/dwb_msgs/dwb_msgs/msg/detail/trajectory2_d__type_support.c
[32.008s] -- Installing: /home/jetson/robot_ws/install/dwb_msgs/include/dwb_msgs/dwb_msgs/msg/detail/trajectory_score__rosidl_typesupport_introspection_c.h
[32.008s] -- Installing: /home/jetson/robot_ws/install/dwb_msgs/include/dwb_msgs/dwb_msgs/msg/detail/local_plan_evaluation__type_support.c
[32.008s] -- Installing: /home/jetson/robot_ws/install/dwb_msgs/include/dwb_msgs/dwb_msgs/msg/detail/critic_score__type_support.c
[32.009s] -- Installing: /home/jetson/robot_ws/install/dwb_msgs/include/dwb_msgs/dwb_msgs/msg/detail/local_plan_evaluation__rosidl_typesupport_introspection_c.h
[32.010s] -- Installing: /home/jetson/robot_ws/install/dwb_msgs/include/dwb_msgs/dwb_msgs/msg/rosidl_typesupport_introspection_c__visibility_control.h
[32.010s] -- Up-to-date: /home/jetson/robot_ws/install/dwb_msgs/include/dwb_msgs/dwb_msgs/srv
[32.011s] -- Up-to-date: /home/jetson/robot_ws/install/dwb_msgs/include/dwb_msgs/dwb_msgs/srv/detail
[32.011s] -- Installing: /home/jetson/robot_ws/install/dwb_msgs/include/dwb_msgs/dwb_msgs/srv/detail/score_trajectory__rosidl_typesupport_introspection_c.h
[32.011s] -- Installing: /home/jetson/robot_ws/install/dwb_msgs/include/dwb_msgs/dwb_msgs/srv/detail/get_critic_score__rosidl_typesupport_introspection_c.h
[32.011s] -- Installing: /home/jetson/robot_ws/install/dwb_msgs/include/dwb_msgs/dwb_msgs/srv/detail/debug_local_plan__type_support.c
[32.012s] -- Installing: /home/jetson/robot_ws/install/dwb_msgs/include/dwb_msgs/dwb_msgs/srv/detail/get_critic_score__type_support.c
[32.014s] -- Installing: /home/jetson/robot_ws/install/dwb_msgs/include/dwb_msgs/dwb_msgs/srv/detail/generate_trajectory__type_support.c
[32.014s] -- Installing: /home/jetson/robot_ws/install/dwb_msgs/include/dwb_msgs/dwb_msgs/srv/detail/generate_twists__rosidl_typesupport_introspection_c.h
[32.015s] -- Installing: /home/jetson/robot_ws/install/dwb_msgs/include/dwb_msgs/dwb_msgs/srv/detail/generate_twists__type_support.c
[32.015s] -- Installing: /home/jetson/robot_ws/install/dwb_msgs/include/dwb_msgs/dwb_msgs/srv/detail/debug_local_plan__rosidl_typesupport_introspection_c.h
[32.015s] -- Installing: /home/jetson/robot_ws/install/dwb_msgs/include/dwb_msgs/dwb_msgs/srv/detail/generate_trajectory__rosidl_typesupport_introspection_c.h
[32.015s] -- Installing: /home/jetson/robot_ws/install/dwb_msgs/include/dwb_msgs/dwb_msgs/srv/detail/score_trajectory__type_support.c
[32.015s] -- Installing: /home/jetson/robot_ws/install/dwb_msgs/lib/libdwb_msgs__rosidl_typesupport_introspection_c.so
[32.016s] -- Set runtime path of "/home/jetson/robot_ws/install/dwb_msgs/lib/libdwb_msgs__rosidl_typesupport_introspection_c.so" to ""
[32.016s] -- Installing: /home/jetson/robot_ws/install/dwb_msgs/lib/libdwb_msgs__rosidl_typesupport_c.so
[32.016s] -- Set runtime path of "/home/jetson/robot_ws/install/dwb_msgs/lib/libdwb_msgs__rosidl_typesupport_c.so" to ""
[32.016s] -- Up-to-date: /home/jetson/robot_ws/install/dwb_msgs/include/dwb_msgs/dwb_msgs
[32.016s] -- Up-to-date: /home/jetson/robot_ws/install/dwb_msgs/include/dwb_msgs/dwb_msgs/msg
[32.016s] -- Up-to-date: /home/jetson/robot_ws/install/dwb_msgs/include/dwb_msgs/dwb_msgs/msg/detail
[32.017s] -- Installing: /home/jetson/robot_ws/install/dwb_msgs/include/dwb_msgs/dwb_msgs/msg/detail/trajectory_score__type_support.cpp
[32.017s] -- Installing: /home/jetson/robot_ws/install/dwb_msgs/include/dwb_msgs/dwb_msgs/msg/detail/local_plan_evaluation__type_support.cpp
[32.017s] -- Installing: /home/jetson/robot_ws/install/dwb_msgs/include/dwb_msgs/dwb_msgs/msg/detail/local_plan_evaluation__rosidl_typesupport_introspection_cpp.hpp
[32.017s] -- Installing: /home/jetson/robot_ws/install/dwb_msgs/include/dwb_msgs/dwb_msgs/msg/detail/trajectory2_d__rosidl_typesupport_introspection_cpp.hpp
[32.017s] -- Installing: /home/jetson/robot_ws/install/dwb_msgs/include/dwb_msgs/dwb_msgs/msg/detail/trajectory2_d__type_support.cpp
[32.017s] -- Installing: /home/jetson/robot_ws/install/dwb_msgs/include/dwb_msgs/dwb_msgs/msg/detail/critic_score__rosidl_typesupport_introspection_cpp.hpp
[32.018s] -- Installing: /home/jetson/robot_ws/install/dwb_msgs/include/dwb_msgs/dwb_msgs/msg/detail/critic_score__type_support.cpp
[32.018s] -- Installing: /home/jetson/robot_ws/install/dwb_msgs/include/dwb_msgs/dwb_msgs/msg/detail/trajectory_score__rosidl_typesupport_introspection_cpp.hpp
[32.018s] -- Up-to-date: /home/jetson/robot_ws/install/dwb_msgs/include/dwb_msgs/dwb_msgs/srv
[32.018s] -- Up-to-date: /home/jetson/robot_ws/install/dwb_msgs/include/dwb_msgs/dwb_msgs/srv/detail
[32.018s] -- Installing: /home/jetson/robot_ws/install/dwb_msgs/include/dwb_msgs/dwb_msgs/srv/detail/score_trajectory__rosidl_typesupport_introspection_cpp.hpp
[32.018s] -- Installing: /home/jetson/robot_ws/install/dwb_msgs/include/dwb_msgs/dwb_msgs/srv/detail/get_critic_score__rosidl_typesupport_introspection_cpp.hpp
[32.018s] -- Installing: /home/jetson/robot_ws/install/dwb_msgs/include/dwb_msgs/dwb_msgs/srv/detail/get_critic_score__type_support.cpp
[32.019s] -- Installing: /home/jetson/robot_ws/install/dwb_msgs/include/dwb_msgs/dwb_msgs/srv/detail/generate_twists__rosidl_typesupport_introspection_cpp.hpp
[32.019s] -- Installing: /home/jetson/robot_ws/install/dwb_msgs/include/dwb_msgs/dwb_msgs/srv/detail/debug_local_plan__type_support.cpp
[32.019s] -- Installing: /home/jetson/robot_ws/install/dwb_msgs/include/dwb_msgs/dwb_msgs/srv/detail/generate_trajectory__type_support.cpp
[32.019s] -- Installing: /home/jetson/robot_ws/install/dwb_msgs/include/dwb_msgs/dwb_msgs/srv/detail/debug_local_plan__rosidl_typesupport_introspection_cpp.hpp
[32.019s] -- Installing: /home/jetson/robot_ws/install/dwb_msgs/include/dwb_msgs/dwb_msgs/srv/detail/generate_twists__type_support.cpp
[32.019s] -- Installing: /home/jetson/robot_ws/install/dwb_msgs/include/dwb_msgs/dwb_msgs/srv/detail/score_trajectory__type_support.cpp
[32.019s] -- Installing: /home/jetson/robot_ws/install/dwb_msgs/include/dwb_msgs/dwb_msgs/srv/detail/generate_trajectory__rosidl_typesupport_introspection_cpp.hpp
[32.019s] -- Installing: /home/jetson/robot_ws/install/dwb_msgs/lib/libdwb_msgs__rosidl_typesupport_introspection_cpp.so
[32.020s] -- Set runtime path of "/home/jetson/robot_ws/install/dwb_msgs/lib/libdwb_msgs__rosidl_typesupport_introspection_cpp.so" to ""
[32.021s] -- Installing: /home/jetson/robot_ws/install/dwb_msgs/lib/libdwb_msgs__rosidl_typesupport_cpp.so
[32.022s] -- Set runtime path of "/home/jetson/robot_ws/install/dwb_msgs/lib/libdwb_msgs__rosidl_typesupport_cpp.so" to ""
[32.022s] -- Installing: /home/jetson/robot_ws/install/dwb_msgs/share/dwb_msgs/environment/pythonpath.sh
[32.023s] -- Installing: /home/jetson/robot_ws/install/dwb_msgs/share/dwb_msgs/environment/pythonpath.dsv
[32.023s] -- Installing: /home/jetson/robot_ws/install/dwb_msgs/local/lib/python3.10/dist-packages/dwb_msgs-1.1.20-py3.10.egg-info
[32.024s] -- Installing: /home/jetson/robot_ws/install/dwb_msgs/local/lib/python3.10/dist-packages/dwb_msgs-1.1.20-py3.10.egg-info/top_level.txt
[32.024s] -- Installing: /home/jetson/robot_ws/install/dwb_msgs/local/lib/python3.10/dist-packages/dwb_msgs-1.1.20-py3.10.egg-info/SOURCES.txt
[32.025s] -- Installing: /home/jetson/robot_ws/install/dwb_msgs/local/lib/python3.10/dist-packages/dwb_msgs-1.1.20-py3.10.egg-info/PKG-INFO
[32.025s] -- Installing: /home/jetson/robot_ws/install/dwb_msgs/local/lib/python3.10/dist-packages/dwb_msgs-1.1.20-py3.10.egg-info/dependency_links.txt
[32.026s] -- Installing: /home/jetson/robot_ws/install/dwb_msgs/local/lib/python3.10/dist-packages/dwb_msgs
[32.026s] -- Installing: /home/jetson/robot_ws/install/dwb_msgs/local/lib/python3.10/dist-packages/dwb_msgs/dwb_msgs_s__rosidl_typesupport_c.cpython-310-aarch64-linux-gnu.so
[32.026s] -- Installing: /home/jetson/robot_ws/install/dwb_msgs/local/lib/python3.10/dist-packages/dwb_msgs/libdwb_msgs__rosidl_generator_py.so
[32.027s] -- Installing: /home/jetson/robot_ws/install/dwb_msgs/local/lib/python3.10/dist-packages/dwb_msgs/_dwb_msgs_s.ep.rosidl_typesupport_c.c
[32.027s] -- Installing: /home/jetson/robot_ws/install/dwb_msgs/local/lib/python3.10/dist-packages/dwb_msgs/_dwb_msgs_s.ep.rosidl_typesupport_introspection_c.c
[32.027s] -- Installing: /home/jetson/robot_ws/install/dwb_msgs/local/lib/python3.10/dist-packages/dwb_msgs/dwb_msgs_s__rosidl_typesupport_introspection_c.cpython-310-aarch64-linux-gnu.so
[32.028s] -- Installing: /home/jetson/robot_ws/install/dwb_msgs/local/lib/python3.10/dist-packages/dwb_msgs/msg
[32.028s] -- Installing: /home/jetson/robot_ws/install/dwb_msgs/local/lib/python3.10/dist-packages/dwb_msgs/msg/_critic_score_s.c
[32.028s] -- Installing: /home/jetson/robot_ws/install/dwb_msgs/local/lib/python3.10/dist-packages/dwb_msgs/msg/_trajectory_score.py
[32.029s] -- Installing: /home/jetson/robot_ws/install/dwb_msgs/local/lib/python3.10/dist-packages/dwb_msgs/msg/_trajectory_score_s.c
[32.029s] -- Installing: /home/jetson/robot_ws/install/dwb_msgs/local/lib/python3.10/dist-packages/dwb_msgs/msg/_trajectory2_d.py
[32.029s] -- Installing: /home/jetson/robot_ws/install/dwb_msgs/local/lib/python3.10/dist-packages/dwb_msgs/msg/_critic_score.py
[32.029s] -- Installing: /home/jetson/robot_ws/install/dwb_msgs/local/lib/python3.10/dist-packages/dwb_msgs/msg/_local_plan_evaluation.py
[32.029s] -- Installing: /home/jetson/robot_ws/install/dwb_msgs/local/lib/python3.10/dist-packages/dwb_msgs/msg/_local_plan_evaluation_s.c
[32.029s] -- Installing: /home/jetson/robot_ws/install/dwb_msgs/local/lib/python3.10/dist-packages/dwb_msgs/msg/_trajectory2_d_s.c
[32.029s] -- Installing: /home/jetson/robot_ws/install/dwb_msgs/local/lib/python3.10/dist-packages/dwb_msgs/msg/__init__.py
[32.030s] -- Installing: /home/jetson/robot_ws/install/dwb_msgs/local/lib/python3.10/dist-packages/dwb_msgs/_dwb_msgs_s.ep.rosidl_typesupport_fastrtps_c.c
[32.030s] -- Installing: /home/jetson/robot_ws/install/dwb_msgs/local/lib/python3.10/dist-packages/dwb_msgs/dwb_msgs_s__rosidl_typesupport_fastrtps_c.cpython-310-aarch64-linux-gnu.so
[32.030s] -- Installing: /home/jetson/robot_ws/install/dwb_msgs/local/lib/python3.10/dist-packages/dwb_msgs/srv
[32.030s] -- Installing: /home/jetson/robot_ws/install/dwb_msgs/local/lib/python3.10/dist-packages/dwb_msgs/srv/_debug_local_plan.py
[32.031s] -- Installing: /home/jetson/robot_ws/install/dwb_msgs/local/lib/python3.10/dist-packages/dwb_msgs/srv/_get_critic_score_s.c
[32.031s] -- Installing: /home/jetson/robot_ws/install/dwb_msgs/local/lib/python3.10/dist-packages/dwb_msgs/srv/_generate_trajectory.py
[32.031s] -- Installing: /home/jetson/robot_ws/install/dwb_msgs/local/lib/python3.10/dist-packages/dwb_msgs/srv/_score_trajectory.py
[32.031s] -- Installing: /home/jetson/robot_ws/install/dwb_msgs/local/lib/python3.10/dist-packages/dwb_msgs/srv/_generate_twists.py
[32.031s] -- Installing: /home/jetson/robot_ws/install/dwb_msgs/local/lib/python3.10/dist-packages/dwb_msgs/srv/_get_critic_score.py
[32.032s] -- Installing: /home/jetson/robot_ws/install/dwb_msgs/local/lib/python3.10/dist-packages/dwb_msgs/srv/_generate_twists_s.c
[32.032s] -- Installing: /home/jetson/robot_ws/install/dwb_msgs/local/lib/python3.10/dist-packages/dwb_msgs/srv/_score_trajectory_s.c
[32.032s] -- Installing: /home/jetson/robot_ws/install/dwb_msgs/local/lib/python3.10/dist-packages/dwb_msgs/srv/_generate_trajectory_s.c
[32.032s] -- Installing: /home/jetson/robot_ws/install/dwb_msgs/local/lib/python3.10/dist-packages/dwb_msgs/srv/_debug_local_plan_s.c
[32.032s] -- Installing: /home/jetson/robot_ws/install/dwb_msgs/local/lib/python3.10/dist-packages/dwb_msgs/srv/__init__.py
[32.033s] -- Installing: /home/jetson/robot_ws/install/dwb_msgs/local/lib/python3.10/dist-packages/dwb_msgs/__init__.py
[32.176s] Listing '/home/jetson/robot_ws/install/dwb_msgs/local/lib/python3.10/dist-packages/dwb_msgs'...
[32.176s] Compiling '/home/jetson/robot_ws/install/dwb_msgs/local/lib/python3.10/dist-packages/dwb_msgs/__init__.py'...
[32.176s] Listing '/home/jetson/robot_ws/install/dwb_msgs/local/lib/python3.10/dist-packages/dwb_msgs/msg'...
[32.176s] Compiling '/home/jetson/robot_ws/install/dwb_msgs/local/lib/python3.10/dist-packages/dwb_msgs/msg/__init__.py'...
[32.176s] Compiling '/home/jetson/robot_ws/install/dwb_msgs/local/lib/python3.10/dist-packages/dwb_msgs/msg/_critic_score.py'...
[32.176s] Compiling '/home/jetson/robot_ws/install/dwb_msgs/local/lib/python3.10/dist-packages/dwb_msgs/msg/_local_plan_evaluation.py'...
[32.177s] Compiling '/home/jetson/robot_ws/install/dwb_msgs/local/lib/python3.10/dist-packages/dwb_msgs/msg/_trajectory2_d.py'...
[32.177s] Compiling '/home/jetson/robot_ws/install/dwb_msgs/local/lib/python3.10/dist-packages/dwb_msgs/msg/_trajectory_score.py'...
[32.177s] Listing '/home/jetson/robot_ws/install/dwb_msgs/local/lib/python3.10/dist-packages/dwb_msgs/srv'...
[32.177s] Compiling '/home/jetson/robot_ws/install/dwb_msgs/local/lib/python3.10/dist-packages/dwb_msgs/srv/__init__.py'...
[32.177s] Compiling '/home/jetson/robot_ws/install/dwb_msgs/local/lib/python3.10/dist-packages/dwb_msgs/srv/_debug_local_plan.py'...
[32.177s] Compiling '/home/jetson/robot_ws/install/dwb_msgs/local/lib/python3.10/dist-packages/dwb_msgs/srv/_generate_trajectory.py'...
[32.177s] Compiling '/home/jetson/robot_ws/install/dwb_msgs/local/lib/python3.10/dist-packages/dwb_msgs/srv/_generate_twists.py'...
[32.177s] Compiling '/home/jetson/robot_ws/install/dwb_msgs/local/lib/python3.10/dist-packages/dwb_msgs/srv/_get_critic_score.py'...
[32.177s] Compiling '/home/jetson/robot_ws/install/dwb_msgs/local/lib/python3.10/dist-packages/dwb_msgs/srv/_score_trajectory.py'...
[32.199s] -- Installing: /home/jetson/robot_ws/install/dwb_msgs/local/lib/python3.10/dist-packages/dwb_msgs/dwb_msgs_s__rosidl_typesupport_fastrtps_c.cpython-310-aarch64-linux-gnu.so
[32.200s] -- Set runtime path of "/home/jetson/robot_ws/install/dwb_msgs/local/lib/python3.10/dist-packages/dwb_msgs/dwb_msgs_s__rosidl_typesupport_fastrtps_c.cpython-310-aarch64-linux-gnu.so" to ""
[32.200s] -- Installing: /home/jetson/robot_ws/install/dwb_msgs/local/lib/python3.10/dist-packages/dwb_msgs/dwb_msgs_s__rosidl_typesupport_introspection_c.cpython-310-aarch64-linux-gnu.so
[32.201s] -- Set runtime path of "/home/jetson/robot_ws/install/dwb_msgs/local/lib/python3.10/dist-packages/dwb_msgs/dwb_msgs_s__rosidl_typesupport_introspection_c.cpython-310-aarch64-linux-gnu.so" to ""
[32.201s] -- Installing: /home/jetson/robot_ws/install/dwb_msgs/local/lib/python3.10/dist-packages/dwb_msgs/dwb_msgs_s__rosidl_typesupport_c.cpython-310-aarch64-linux-gnu.so
[32.202s] -- Set runtime path of "/home/jetson/robot_ws/install/dwb_msgs/local/lib/python3.10/dist-packages/dwb_msgs/dwb_msgs_s__rosidl_typesupport_c.cpython-310-aarch64-linux-gnu.so" to ""
[32.202s] -- Installing: /home/jetson/robot_ws/install/dwb_msgs/lib/libdwb_msgs__rosidl_generator_py.so
[32.203s] -- Set runtime path of "/home/jetson/robot_ws/install/dwb_msgs/lib/libdwb_msgs__rosidl_generator_py.so" to ""
[32.203s] -- Installing: /home/jetson/robot_ws/install/dwb_msgs/share/dwb_msgs/msg/CriticScore.idl
[32.204s] -- Installing: /home/jetson/robot_ws/install/dwb_msgs/share/dwb_msgs/msg/LocalPlanEvaluation.idl
[32.204s] -- Installing: /home/jetson/robot_ws/install/dwb_msgs/share/dwb_msgs/msg/Trajectory2D.idl
[32.205s] -- Installing: /home/jetson/robot_ws/install/dwb_msgs/share/dwb_msgs/msg/TrajectoryScore.idl
[32.205s] -- Installing: /home/jetson/robot_ws/install/dwb_msgs/share/dwb_msgs/srv/DebugLocalPlan.idl
[32.205s] -- Installing: /home/jetson/robot_ws/install/dwb_msgs/share/dwb_msgs/srv/GenerateTrajectory.idl
[32.206s] -- Installing: /home/jetson/robot_ws/install/dwb_msgs/share/dwb_msgs/srv/GenerateTwists.idl
[32.206s] -- Installing: /home/jetson/robot_ws/install/dwb_msgs/share/dwb_msgs/srv/GetCriticScore.idl
[32.206s] -- Installing: /home/jetson/robot_ws/install/dwb_msgs/share/dwb_msgs/srv/ScoreTrajectory.idl
[32.207s] -- Installing: /home/jetson/robot_ws/install/dwb_msgs/share/dwb_msgs/msg/CriticScore.msg
[32.207s] -- Installing: /home/jetson/robot_ws/install/dwb_msgs/share/dwb_msgs/msg/LocalPlanEvaluation.msg
[32.207s] -- Installing: /home/jetson/robot_ws/install/dwb_msgs/share/dwb_msgs/msg/Trajectory2D.msg
[32.208s] -- Installing: /home/jetson/robot_ws/install/dwb_msgs/share/dwb_msgs/msg/TrajectoryScore.msg
[32.208s] -- Installing: /home/jetson/robot_ws/install/dwb_msgs/share/dwb_msgs/srv/DebugLocalPlan.srv
[32.209s] -- Installing: /home/jetson/robot_ws/install/dwb_msgs/share/dwb_msgs/srv/DebugLocalPlan_Request.msg
[32.211s] -- Installing: /home/jetson/robot_ws/install/dwb_msgs/share/dwb_msgs/srv/DebugLocalPlan_Response.msg
[32.212s] -- Installing: /home/jetson/robot_ws/install/dwb_msgs/share/dwb_msgs/srv/GenerateTrajectory.srv
[32.212s] -- Installing: /home/jetson/robot_ws/install/dwb_msgs/share/dwb_msgs/srv/GenerateTrajectory_Request.msg
[32.213s] -- Installing: /home/jetson/robot_ws/install/dwb_msgs/share/dwb_msgs/srv/GenerateTrajectory_Response.msg
[32.213s] -- Installing: /home/jetson/robot_ws/install/dwb_msgs/share/dwb_msgs/srv/GenerateTwists.srv
[32.213s] -- Installing: /home/jetson/robot_ws/install/dwb_msgs/share/dwb_msgs/srv/GenerateTwists_Request.msg
[32.224s] -- Installing: /home/jetson/robot_ws/install/dwb_msgs/share/dwb_msgs/srv/GenerateTwists_Response.msg
[32.225s] -- Installing: /home/jetson/robot_ws/install/dwb_msgs/share/dwb_msgs/srv/GetCriticScore.srv
[32.225s] -- Installing: /home/jetson/robot_ws/install/dwb_msgs/share/dwb_msgs/srv/GetCriticScore_Request.msg
[32.226s] -- Installing: /home/jetson/robot_ws/install/dwb_msgs/share/dwb_msgs/srv/GetCriticScore_Response.msg
[32.226s] -- Installing: /home/jetson/robot_ws/install/dwb_msgs/share/dwb_msgs/srv/ScoreTrajectory.srv
[32.226s] -- Installing: /home/jetson/robot_ws/install/dwb_msgs/share/dwb_msgs/srv/ScoreTrajectory_Request.msg
[32.227s] -- Installing: /home/jetson/robot_ws/install/dwb_msgs/share/dwb_msgs/srv/ScoreTrajectory_Response.msg
[32.227s] -- Installing: /home/jetson/robot_ws/install/dwb_msgs/share/ament_index/resource_index/package_run_dependencies/dwb_msgs
[32.228s] -- Installing: /home/jetson/robot_ws/install/dwb_msgs/share/ament_index/resource_index/parent_prefix_path/dwb_msgs
[32.228s] -- Installing: /home/jetson/robot_ws/install/dwb_msgs/share/dwb_msgs/environment/ament_prefix_path.sh
[32.229s] -- Installing: /home/jetson/robot_ws/install/dwb_msgs/share/dwb_msgs/environment/ament_prefix_path.dsv
[32.229s] -- Installing: /home/jetson/robot_ws/install/dwb_msgs/share/dwb_msgs/environment/path.sh
[32.230s] -- Installing: /home/jetson/robot_ws/install/dwb_msgs/share/dwb_msgs/environment/path.dsv
[32.230s] -- Installing: /home/jetson/robot_ws/install/dwb_msgs/share/dwb_msgs/local_setup.bash
[32.230s] -- Installing: /home/jetson/robot_ws/install/dwb_msgs/share/dwb_msgs/local_setup.sh
[32.231s] -- Installing: /home/jetson/robot_ws/install/dwb_msgs/share/dwb_msgs/local_setup.zsh
[32.231s] -- Installing: /home/jetson/robot_ws/install/dwb_msgs/share/dwb_msgs/local_setup.dsv
[32.231s] -- Installing: /home/jetson/robot_ws/install/dwb_msgs/share/dwb_msgs/package.dsv
[32.232s] -- Installing: /home/jetson/robot_ws/install/dwb_msgs/share/ament_index/resource_index/packages/dwb_msgs
[32.232s] -- Installing: /home/jetson/robot_ws/install/dwb_msgs/share/dwb_msgs/cmake/export_dwb_msgs__rosidl_generator_cExport.cmake
[32.233s] -- Installing: /home/jetson/robot_ws/install/dwb_msgs/share/dwb_msgs/cmake/export_dwb_msgs__rosidl_generator_cExport-noconfig.cmake
[32.233s] -- Installing: /home/jetson/robot_ws/install/dwb_msgs/share/dwb_msgs/cmake/export_dwb_msgs__rosidl_typesupport_fastrtps_cExport.cmake
[32.234s] -- Installing: /home/jetson/robot_ws/install/dwb_msgs/share/dwb_msgs/cmake/export_dwb_msgs__rosidl_typesupport_fastrtps_cExport-noconfig.cmake
[32.234s] -- Installing: /home/jetson/robot_ws/install/dwb_msgs/share/dwb_msgs/cmake/export_dwb_msgs__rosidl_generator_cppExport.cmake
[32.234s] -- Installing: /home/jetson/robot_ws/install/dwb_msgs/share/dwb_msgs/cmake/export_dwb_msgs__rosidl_typesupport_fastrtps_cppExport.cmake
[32.235s] -- Installing: /home/jetson/robot_ws/install/dwb_msgs/share/dwb_msgs/cmake/export_dwb_msgs__rosidl_typesupport_fastrtps_cppExport-noconfig.cmake
[32.237s] -- Installing: /home/jetson/robot_ws/install/dwb_msgs/share/dwb_msgs/cmake/dwb_msgs__rosidl_typesupport_introspection_cExport.cmake
[32.237s] -- Installing: /home/jetson/robot_ws/install/dwb_msgs/share/dwb_msgs/cmake/dwb_msgs__rosidl_typesupport_introspection_cExport-noconfig.cmake
[32.239s] -- Installing: /home/jetson/robot_ws/install/dwb_msgs/share/dwb_msgs/cmake/dwb_msgs__rosidl_typesupport_cExport.cmake
[32.241s] -- Installing: /home/jetson/robot_ws/install/dwb_msgs/share/dwb_msgs/cmake/dwb_msgs__rosidl_typesupport_cExport-noconfig.cmake
[32.241s] -- Installing: /home/jetson/robot_ws/install/dwb_msgs/share/dwb_msgs/cmake/dwb_msgs__rosidl_typesupport_introspection_cppExport.cmake
[32.242s] -- Installing: /home/jetson/robot_ws/install/dwb_msgs/share/dwb_msgs/cmake/dwb_msgs__rosidl_typesupport_introspection_cppExport-noconfig.cmake
[32.244s] -- Installing: /home/jetson/robot_ws/install/dwb_msgs/share/dwb_msgs/cmake/dwb_msgs__rosidl_typesupport_cppExport.cmake
[32.244s] -- Installing: /home/jetson/robot_ws/install/dwb_msgs/share/dwb_msgs/cmake/dwb_msgs__rosidl_typesupport_cppExport-noconfig.cmake
[32.245s] -- Installing: /home/jetson/robot_ws/install/dwb_msgs/share/dwb_msgs/cmake/export_dwb_msgs__rosidl_generator_pyExport.cmake
[32.249s] -- Installing: /home/jetson/robot_ws/install/dwb_msgs/share/dwb_msgs/cmake/export_dwb_msgs__rosidl_generator_pyExport-noconfig.cmake
[32.249s] -- Installing: /home/jetson/robot_ws/install/dwb_msgs/share/dwb_msgs/cmake/rosidl_cmake-extras.cmake
[32.249s] -- Installing: /home/jetson/robot_ws/install/dwb_msgs/share/dwb_msgs/cmake/ament_cmake_export_dependencies-extras.cmake
[32.250s] -- Installing: /home/jetson/robot_ws/install/dwb_msgs/share/dwb_msgs/cmake/ament_cmake_export_include_directories-extras.cmake
[32.250s] -- Installing: /home/jetson/robot_ws/install/dwb_msgs/share/dwb_msgs/cmake/ament_cmake_export_libraries-extras.cmake
[32.251s] -- Installing: /home/jetson/robot_ws/install/dwb_msgs/share/dwb_msgs/cmake/ament_cmake_export_targets-extras.cmake
[32.251s] -- Installing: /home/jetson/robot_ws/install/dwb_msgs/share/dwb_msgs/cmake/rosidl_cmake_export_typesupport_targets-extras.cmake
[32.251s] -- Installing: /home/jetson/robot_ws/install/dwb_msgs/share/dwb_msgs/cmake/rosidl_cmake_export_typesupport_libraries-extras.cmake
[32.252s] -- Installing: /home/jetson/robot_ws/install/dwb_msgs/share/dwb_msgs/cmake/dwb_msgsConfig.cmake
[32.255s] -- Installing: /home/jetson/robot_ws/install/dwb_msgs/share/dwb_msgs/cmake/dwb_msgsConfig-version.cmake
[32.255s] -- Installing: /home/jetson/robot_ws/install/dwb_msgs/share/dwb_msgs/package.xml
[32.278s] Invoked command in '/home/jetson/robot_ws/build/dwb_msgs' returned '0': AMENT_PREFIX_PATH=/home/jetson/robot_ws/install/nav_2d_msgs:${AMENT_PREFIX_PATH} CMAKE_PREFIX_PATH=/home/jetson/robot_ws/install/nav_2d_msgs:/opt/ros/humble LD_LIBRARY_PATH=/home/jetson/robot_ws/install/nav_2d_msgs/lib:${LD_LIBRARY_PATH} PYTHONPATH=/home/jetson/robot_ws/install/nav_2d_msgs/local/lib/python3.10/dist-packages:${PYTHONPATH} /usr/bin/cmake --install /home/jetson/robot_ws/build/dwb_msgs
