[0.039s] Invoking command in '/home/jetson/robot_ws/build/nav_2d_utils': AMENT_PREFIX_PATH=/home/jetson/robot_ws/install/nav2_util:/home/jetson/robot_ws/install/nav2_msgs:/home/jetson/robot_ws/install/nav_2d_msgs:/home/jetson/robot_ws/install/nav2_common:${AMENT_PREFIX_PATH} CMAKE_PREFIX_PATH=/home/jetson/robot_ws/install/nav2_util:/home/jetson/robot_ws/install/nav2_msgs:/home/jetson/robot_ws/install/nav_2d_msgs:/home/jetson/robot_ws/install/nav2_common:/opt/ros/humble LD_LIBRARY_PATH=/home/jetson/robot_ws/install/nav2_util/lib:/home/jetson/robot_ws/install/nav2_msgs/lib:/home/jetson/robot_ws/install/nav_2d_msgs/lib:${LD_LIBRARY_PATH} PYTHONPATH=/home/jetson/robot_ws/install/nav2_msgs/local/lib/python3.10/dist-packages:/home/jetson/robot_ws/install/nav_2d_msgs/local/lib/python3.10/dist-packages:/home/jetson/robot_ws/install/nav2_common/local/lib/python3.10/dist-packages:${PYTHONPATH} /usr/bin/cmake /home/jetson/robot_ws/src/navigation2/nav2_dwb_controller/nav_2d_utils -DCMAKE_INSTALL_PREFIX=/home/jetson/robot_ws/install/nav_2d_utils
[0.155s] -- The C compiler identification is GNU 11.4.0
[0.263s] -- The CXX compiler identification is GNU 11.4.0
[0.279s] -- Detecting C compiler ABI info
[0.425s] -- Detecting C compiler ABI info - done
[0.437s] -- Check for working C compiler: /usr/bin/cc - skipped
[0.438s] -- Detecting C compile features
[0.439s] -- Detecting C compile features - done
[0.445s] -- Detecting CXX compiler ABI info
[0.641s] -- Detecting CXX compiler ABI info - done
[0.656s] -- Check for working CXX compiler: /usr/bin/c++ - skipped
[0.657s] -- Detecting CXX compile features
[0.657s] -- Detecting CXX compile features - done
[0.664s] -- Found ament_cmake: 1.3.12 (/opt/ros/humble/share/ament_cmake/cmake)
[1.085s] -- Found Python3: /usr/bin/python3 (found version "3.10.12") found components: Interpreter 
[1.297s] -- Found nav2_common: 1.1.20 (/home/jetson/robot_ws/install/nav2_common/share/nav2_common/cmake)
[1.297s] -- Found geometry_msgs: 4.9.0 (/opt/ros/humble/share/geometry_msgs/cmake)
[1.371s] -- Found rosidl_generator_c: 3.1.7 (/opt/ros/humble/share/rosidl_generator_c/cmake)
[1.381s] -- Found rosidl_adapter: 3.1.7 (/opt/ros/humble/share/rosidl_adapter/cmake)
[1.397s] -- Found rosidl_generator_cpp: 3.1.7 (/opt/ros/humble/share/rosidl_generator_cpp/cmake)
[1.420s] -- Using all available rosidl_typesupport_c: rosidl_typesupport_fastrtps_c;rosidl_typesupport_introspection_c
[1.450s] -- Using all available rosidl_typesupport_cpp: rosidl_typesupport_fastrtps_cpp;rosidl_typesupport_introspection_cpp
[1.524s] -- Found nav_2d_msgs: 1.1.20 (/home/jetson/robot_ws/install/nav_2d_msgs/share/nav_2d_msgs/cmake)
[1.553s] -- Found nav_msgs: 4.9.0 (/opt/ros/humble/share/nav_msgs/cmake)
[1.589s] -- Found rclcpp: 16.0.15 (/opt/ros/humble/share/rclcpp/cmake)
[1.671s] -- Found rmw_implementation_cmake: 6.1.2 (/opt/ros/humble/share/rmw_implementation_cmake/cmake)
[1.676s] -- Found rmw_fastrtps_cpp: 6.2.9 (/opt/ros/humble/share/rmw_fastrtps_cpp/cmake)
[1.871s] -- Found OpenSSL: /usr/lib/aarch64-linux-gnu/libcrypto.so (found version "3.0.2")  
[1.940s] -- Found FastRTPS: /opt/ros/humble/include  
[2.029s] -- Using RMW implementation 'rmw_fastrtps_cpp' as default
[2.045s] -- Looking for pthread.h
[2.254s] -- Looking for pthread.h - found
[2.255s] -- Performing Test CMAKE_HAVE_LIBC_PTHREAD
[2.404s] -- Performing Test CMAKE_HAVE_LIBC_PTHREAD - Success
[2.406s] -- Found Threads: TRUE  
[2.484s] -- Found tf2: 0.25.16 (/opt/ros/humble/share/tf2/cmake)
[2.507s] -- Found tf2_geometry_msgs: 0.25.16 (/opt/ros/humble/share/tf2_geometry_msgs/cmake)
[2.535s] -- Found eigen3_cmake_module: 0.1.1 (/opt/ros/humble/share/eigen3_cmake_module/cmake)
[2.537s] -- Found Eigen3: TRUE (found version "3.4.0") 
[2.537s] -- Ensuring Eigen3 include directory is part of orocos-kdl CMake target
[2.711s] -- Found nav2_msgs: 1.1.20 (/home/jetson/robot_ws/install/nav2_msgs/share/nav2_msgs/cmake)
[2.754s] -- Found nav2_util: 1.1.20 (/home/jetson/robot_ws/install/nav2_util/share/nav2_util/cmake)
[2.854s] -- Setting build type to Release as none was specified.
[2.967s] -- Found ament_lint_auto: 0.12.14 (/opt/ros/humble/share/ament_lint_auto/cmake)
[3.153s] -- Found gtest sources under '/opt/ros/humble/src/gtest_vendor': C++ tests using 'Google Test' will be built
[3.176s] -- Added test 'cppcheck' to perform static code analysis on C / C++ code
[3.177s] -- Configured cppcheck include dirs: /home/jetson/robot_ws/src/navigation2/nav2_dwb_controller/nav_2d_utils/include
[3.177s] -- Configured cppcheck exclude dirs and/or files: 
[3.180s] -- Added test 'cpplint' to check C / C++ code against the Google style
[3.180s] -- Configured cpplint exclude dirs and/or files: 
[3.181s] -- Added test 'lint_cmake' to check CMake code style
[3.184s] -- Added test 'uncrustify' to check C / C++ code style
[3.184s] -- Configured uncrustify additional arguments: 
[3.185s] -- Added test 'xmllint' to check XML markup files
[3.190s] -- Configuring done
[3.442s] -- Generating done
[3.485s] -- Build files have been written to: /home/jetson/robot_ws/build/nav_2d_utils
[3.558s] Invoked command in '/home/jetson/robot_ws/build/nav_2d_utils' returned '0': AMENT_PREFIX_PATH=/home/jetson/robot_ws/install/nav2_util:/home/jetson/robot_ws/install/nav2_msgs:/home/jetson/robot_ws/install/nav_2d_msgs:/home/jetson/robot_ws/install/nav2_common:${AMENT_PREFIX_PATH} CMAKE_PREFIX_PATH=/home/jetson/robot_ws/install/nav2_util:/home/jetson/robot_ws/install/nav2_msgs:/home/jetson/robot_ws/install/nav_2d_msgs:/home/jetson/robot_ws/install/nav2_common:/opt/ros/humble LD_LIBRARY_PATH=/home/jetson/robot_ws/install/nav2_util/lib:/home/jetson/robot_ws/install/nav2_msgs/lib:/home/jetson/robot_ws/install/nav_2d_msgs/lib:${LD_LIBRARY_PATH} PYTHONPATH=/home/jetson/robot_ws/install/nav2_msgs/local/lib/python3.10/dist-packages:/home/jetson/robot_ws/install/nav_2d_msgs/local/lib/python3.10/dist-packages:/home/jetson/robot_ws/install/nav2_common/local/lib/python3.10/dist-packages:${PYTHONPATH} /usr/bin/cmake /home/jetson/robot_ws/src/navigation2/nav2_dwb_controller/nav_2d_utils -DCMAKE_INSTALL_PREFIX=/home/jetson/robot_ws/install/nav_2d_utils
[3.559s] Invoking command in '/home/jetson/robot_ws/build/nav_2d_utils': AMENT_PREFIX_PATH=/home/jetson/robot_ws/install/nav2_util:/home/jetson/robot_ws/install/nav2_msgs:/home/jetson/robot_ws/install/nav_2d_msgs:/home/jetson/robot_ws/install/nav2_common:${AMENT_PREFIX_PATH} CMAKE_PREFIX_PATH=/home/jetson/robot_ws/install/nav2_util:/home/jetson/robot_ws/install/nav2_msgs:/home/jetson/robot_ws/install/nav_2d_msgs:/home/jetson/robot_ws/install/nav2_common:/opt/ros/humble LD_LIBRARY_PATH=/home/jetson/robot_ws/install/nav2_util/lib:/home/jetson/robot_ws/install/nav2_msgs/lib:/home/jetson/robot_ws/install/nav_2d_msgs/lib:${LD_LIBRARY_PATH} PYTHONPATH=/home/jetson/robot_ws/install/nav2_msgs/local/lib/python3.10/dist-packages:/home/jetson/robot_ws/install/nav_2d_msgs/local/lib/python3.10/dist-packages:/home/jetson/robot_ws/install/nav2_common/local/lib/python3.10/dist-packages:${PYTHONPATH} /usr/bin/cmake --build /home/jetson/robot_ws/build/nav_2d_utils -- -j6 -l6
[3.931s] [  6%] [32mBuilding CXX object CMakeFiles/conversions.dir/src/conversions.cpp.o[0m
[3.931s] [ 12%] [32mBuilding CXX object CMakeFiles/path_ops.dir/src/path_ops.cpp.o[0m
[3.931s] [ 18%] [32mBuilding CXX object gtest/CMakeFiles/gtest.dir/src/gtest-all.cc.o[0m
[3.931s] [ 25%] [32mBuilding CXX object gtest/CMakeFiles/gtest_main.dir/src/gtest_main.cc.o[0m
[9.631s] [ 31%] [32m[1mLinking CXX shared library libpath_ops.so[0m
[10.519s] [ 37%] [32m[1mLinking CXX static library libgtest_main.a[0m
[10.795s] [ 37%] Built target gtest_main
[21.399s] [ 37%] Built target path_ops
[23.109s] [ 43%] [32m[1mLinking CXX shared library libconversions.so[0m
[24.144s] [ 43%] Built target conversions
[40.401s] [ 50%] [32m[1mLinking CXX static library libgtest.a[0m
[40.562s] [ 50%] Built target gtest
[40.678s] [ 56%] [32mBuilding CXX object CMakeFiles/tf_help.dir/src/tf_help.cpp.o[0m
[51.902s] [ 62%] [32m[1mLinking CXX shared library libtf_help.so[0m
[52.451s] [ 62%] Built target tf_help
[52.583s] [ 68%] [32mBuilding CXX object test/CMakeFiles/path_ops_tests.dir/path_ops_test.cpp.o[0m
[56.240s] [ 75%] [32m[1mLinking CXX executable path_ops_tests[0m
[56.586s] [ 75%] Built target path_ops_tests
[56.661s] [ 81%] [32mBuilding CXX object test/CMakeFiles/tf_help_tests.dir/tf_help_test.cpp.o[0m
[69.336s] [ 87%] [32m[1mLinking CXX executable tf_help_tests[0m
[69.829s] [ 87%] Built target tf_help_tests
[69.911s] [ 93%] [32mBuilding CXX object test/CMakeFiles/2d_utils_tests.dir/2d_utils_test.cpp.o[0m
[83.821s] [100%] [32m[1mLinking CXX executable 2d_utils_tests[0m
[84.208s] [100%] Built target 2d_utils_tests
[84.240s] Invoked command in '/home/jetson/robot_ws/build/nav_2d_utils' returned '0': AMENT_PREFIX_PATH=/home/jetson/robot_ws/install/nav2_util:/home/jetson/robot_ws/install/nav2_msgs:/home/jetson/robot_ws/install/nav_2d_msgs:/home/jetson/robot_ws/install/nav2_common:${AMENT_PREFIX_PATH} CMAKE_PREFIX_PATH=/home/jetson/robot_ws/install/nav2_util:/home/jetson/robot_ws/install/nav2_msgs:/home/jetson/robot_ws/install/nav_2d_msgs:/home/jetson/robot_ws/install/nav2_common:/opt/ros/humble LD_LIBRARY_PATH=/home/jetson/robot_ws/install/nav2_util/lib:/home/jetson/robot_ws/install/nav2_msgs/lib:/home/jetson/robot_ws/install/nav_2d_msgs/lib:${LD_LIBRARY_PATH} PYTHONPATH=/home/jetson/robot_ws/install/nav2_msgs/local/lib/python3.10/dist-packages:/home/jetson/robot_ws/install/nav_2d_msgs/local/lib/python3.10/dist-packages:/home/jetson/robot_ws/install/nav2_common/local/lib/python3.10/dist-packages:${PYTHONPATH} /usr/bin/cmake --build /home/jetson/robot_ws/build/nav_2d_utils -- -j6 -l6
[84.241s] Invoking command in '/home/jetson/robot_ws/build/nav_2d_utils': AMENT_PREFIX_PATH=/home/jetson/robot_ws/install/nav2_util:/home/jetson/robot_ws/install/nav2_msgs:/home/jetson/robot_ws/install/nav_2d_msgs:/home/jetson/robot_ws/install/nav2_common:${AMENT_PREFIX_PATH} CMAKE_PREFIX_PATH=/home/jetson/robot_ws/install/nav2_util:/home/jetson/robot_ws/install/nav2_msgs:/home/jetson/robot_ws/install/nav_2d_msgs:/home/jetson/robot_ws/install/nav2_common:/opt/ros/humble LD_LIBRARY_PATH=/home/jetson/robot_ws/install/nav2_util/lib:/home/jetson/robot_ws/install/nav2_msgs/lib:/home/jetson/robot_ws/install/nav_2d_msgs/lib:${LD_LIBRARY_PATH} PYTHONPATH=/home/jetson/robot_ws/install/nav2_msgs/local/lib/python3.10/dist-packages:/home/jetson/robot_ws/install/nav_2d_msgs/local/lib/python3.10/dist-packages:/home/jetson/robot_ws/install/nav2_common/local/lib/python3.10/dist-packages:${PYTHONPATH} /usr/bin/cmake --install /home/jetson/robot_ws/build/nav_2d_utils
[92.963s] -- Install configuration: "Release"
[92.963s] -- Installing: /home/jetson/robot_ws/install/nav_2d_utils/lib/libconversions.so
[92.963s] -- Set runtime path of "/home/jetson/robot_ws/install/nav_2d_utils/lib/libconversions.so" to ""
[92.963s] -- Installing: /home/jetson/robot_ws/install/nav_2d_utils/lib/libpath_ops.so
[92.963s] -- Set runtime path of "/home/jetson/robot_ws/install/nav_2d_utils/lib/libpath_ops.so" to ""
[92.963s] -- Installing: /home/jetson/robot_ws/install/nav_2d_utils/lib/libtf_help.so
[92.964s] -- Set runtime path of "/home/jetson/robot_ws/install/nav_2d_utils/lib/libtf_help.so" to ""
[92.964s] -- Installing: /home/jetson/robot_ws/install/nav_2d_utils/include/
[92.964s] -- Installing: /home/jetson/robot_ws/install/nav_2d_utils/include//nav_2d_utils
[92.964s] -- Installing: /home/jetson/robot_ws/install/nav_2d_utils/include//nav_2d_utils/odom_subscriber.hpp
[92.964s] -- Installing: /home/jetson/robot_ws/install/nav_2d_utils/include//nav_2d_utils/tf_help.hpp
[92.964s] -- Installing: /home/jetson/robot_ws/install/nav_2d_utils/include//nav_2d_utils/path_ops.hpp
[92.964s] -- Installing: /home/jetson/robot_ws/install/nav_2d_utils/include//nav_2d_utils/conversions.hpp
[92.964s] -- Installing: /home/jetson/robot_ws/install/nav_2d_utils/include//nav_2d_utils/parameters.hpp
[92.964s] -- Installing: /home/jetson/robot_ws/install/nav_2d_utils/share/nav_2d_utils/environment/library_path.sh
[92.964s] -- Installing: /home/jetson/robot_ws/install/nav_2d_utils/share/nav_2d_utils/environment/library_path.dsv
[92.965s] -- Installing: /home/jetson/robot_ws/install/nav_2d_utils/share/ament_index/resource_index/package_run_dependencies/nav_2d_utils
[92.965s] -- Installing: /home/jetson/robot_ws/install/nav_2d_utils/share/ament_index/resource_index/parent_prefix_path/nav_2d_utils
[92.965s] -- Installing: /home/jetson/robot_ws/install/nav_2d_utils/share/nav_2d_utils/environment/ament_prefix_path.sh
[92.965s] -- Installing: /home/jetson/robot_ws/install/nav_2d_utils/share/nav_2d_utils/environment/ament_prefix_path.dsv
[92.965s] -- Installing: /home/jetson/robot_ws/install/nav_2d_utils/share/nav_2d_utils/environment/path.sh
[92.965s] -- Installing: /home/jetson/robot_ws/install/nav_2d_utils/share/nav_2d_utils/environment/path.dsv
[92.965s] -- Installing: /home/jetson/robot_ws/install/nav_2d_utils/share/nav_2d_utils/local_setup.bash
[92.965s] -- Installing: /home/jetson/robot_ws/install/nav_2d_utils/share/nav_2d_utils/local_setup.sh
[92.965s] -- Installing: /home/jetson/robot_ws/install/nav_2d_utils/share/nav_2d_utils/local_setup.zsh
[92.965s] -- Installing: /home/jetson/robot_ws/install/nav_2d_utils/share/nav_2d_utils/local_setup.dsv
[92.966s] -- Installing: /home/jetson/robot_ws/install/nav_2d_utils/share/nav_2d_utils/package.dsv
[92.966s] -- Installing: /home/jetson/robot_ws/install/nav_2d_utils/share/ament_index/resource_index/packages/nav_2d_utils
[92.966s] -- Installing: /home/jetson/robot_ws/install/nav_2d_utils/share/nav_2d_utils/cmake/ament_cmake_export_include_directories-extras.cmake
[92.966s] -- Installing: /home/jetson/robot_ws/install/nav_2d_utils/share/nav_2d_utils/cmake/ament_cmake_export_libraries-extras.cmake
[92.966s] -- Installing: /home/jetson/robot_ws/install/nav_2d_utils/share/nav_2d_utils/cmake/ament_cmake_export_dependencies-extras.cmake
[92.966s] -- Installing: /home/jetson/robot_ws/install/nav_2d_utils/share/nav_2d_utils/cmake/nav_2d_utilsConfig.cmake
[92.966s] -- Installing: /home/jetson/robot_ws/install/nav_2d_utils/share/nav_2d_utils/cmake/nav_2d_utilsConfig-version.cmake
[92.966s] -- Installing: /home/jetson/robot_ws/install/nav_2d_utils/share/nav_2d_utils/package.xml
[92.985s] Invoked command in '/home/jetson/robot_ws/build/nav_2d_utils' returned '0': AMENT_PREFIX_PATH=/home/jetson/robot_ws/install/nav2_util:/home/jetson/robot_ws/install/nav2_msgs:/home/jetson/robot_ws/install/nav_2d_msgs:/home/jetson/robot_ws/install/nav2_common:${AMENT_PREFIX_PATH} CMAKE_PREFIX_PATH=/home/jetson/robot_ws/install/nav2_util:/home/jetson/robot_ws/install/nav2_msgs:/home/jetson/robot_ws/install/nav_2d_msgs:/home/jetson/robot_ws/install/nav2_common:/opt/ros/humble LD_LIBRARY_PATH=/home/jetson/robot_ws/install/nav2_util/lib:/home/jetson/robot_ws/install/nav2_msgs/lib:/home/jetson/robot_ws/install/nav_2d_msgs/lib:${LD_LIBRARY_PATH} PYTHONPATH=/home/jetson/robot_ws/install/nav2_msgs/local/lib/python3.10/dist-packages:/home/jetson/robot_ws/install/nav_2d_msgs/local/lib/python3.10/dist-packages:/home/jetson/robot_ws/install/nav2_common/local/lib/python3.10/dist-packages:${PYTHONPATH} /usr/bin/cmake --install /home/jetson/robot_ws/build/nav_2d_utils
