[0.043s] Invoking command in '/home/jetson/robot_ws/build/nav2_costmap_2d': AMENT_PREFIX_PATH=/home/jetson/robot_ws/install/nav2_map_server:/home/jetson/robot_ws/install/nav2_lifecycle_manager:/home/jetson/robot_ws/install/nav2_util:/home/jetson/robot_ws/install/nav2_voxel_grid:/home/jetson/robot_ws/install/nav2_msgs:/home/jetson/robot_ws/install/nav2_common:${AMENT_PREFIX_PATH} CMAKE_PREFIX_PATH=/home/jetson/robot_ws/install/nav2_map_server:/home/jetson/robot_ws/install/nav2_lifecycle_manager:/home/jetson/robot_ws/install/nav2_util:/home/jetson/robot_ws/install/nav2_voxel_grid:/home/jetson/robot_ws/install/nav2_msgs:/home/jetson/robot_ws/install/nav2_common:/home/jetson/robot_ws/install/servicerobot_joy:/opt/ros/humble LD_LIBRARY_PATH=/home/jetson/robot_ws/install/nav2_map_server/lib:/home/jetson/robot_ws/install/nav2_lifecycle_manager/lib:/home/jetson/robot_ws/install/nav2_util/lib:/home/jetson/robot_ws/install/nav2_voxel_grid/lib:/home/jetson/robot_ws/install/nav2_msgs/lib:${LD_LIBRARY_PATH} PYTHONPATH=/home/jetson/robot_ws/install/nav2_msgs/local/lib/python3.10/dist-packages:/home/jetson/robot_ws/install/nav2_common/local/lib/python3.10/dist-packages:${PYTHONPATH} /usr/bin/cmake /home/jetson/robot_ws/src/navigation2/nav2_costmap_2d -DCMAKE_INSTALL_PREFIX=/home/jetson/robot_ws/install/nav2_costmap_2d
[0.155s] -- The C compiler identification is GNU 11.4.0
[0.258s] -- The CXX compiler identification is GNU 11.4.0
[0.270s] -- Detecting C compiler ABI info
[0.393s] -- Detecting C compiler ABI info - done
[0.404s] -- Check for working C compiler: /usr/bin/cc - skipped
[0.404s] -- Detecting C compile features
[0.405s] -- Detecting C compile features - done
[0.413s] -- Detecting CXX compiler ABI info
[0.584s] -- Detecting CXX compiler ABI info - done
[0.596s] -- Check for working CXX compiler: /usr/bin/c++ - skipped
[0.596s] -- Detecting CXX compile features
[0.597s] -- Detecting CXX compile features - done
[0.604s] -- Found ament_cmake: 1.3.12 (/opt/ros/humble/share/ament_cmake/cmake)
[1.011s] -- Found Python3: /usr/bin/python3 (found version "3.10.12") found components: Interpreter 
[1.260s] -- Found geometry_msgs: 4.9.0 (/opt/ros/humble/share/geometry_msgs/cmake)
[1.358s] -- Found rosidl_generator_c: 3.1.7 (/opt/ros/humble/share/rosidl_generator_c/cmake)
[1.370s] -- Found rosidl_adapter: 3.1.7 (/opt/ros/humble/share/rosidl_adapter/cmake)
[1.391s] -- Found rosidl_generator_cpp: 3.1.7 (/opt/ros/humble/share/rosidl_generator_cpp/cmake)
[1.421s] -- Using all available rosidl_typesupport_c: rosidl_typesupport_fastrtps_c;rosidl_typesupport_introspection_c
[1.468s] -- Using all available rosidl_typesupport_cpp: rosidl_typesupport_fastrtps_cpp;rosidl_typesupport_introspection_cpp
[1.565s] -- Found laser_geometry: 2.4.1 (/opt/ros/humble/share/laser_geometry/cmake)
[1.693s] -- Found rmw_implementation_cmake: 6.1.2 (/opt/ros/humble/share/rmw_implementation_cmake/cmake)
[1.699s] -- Found rmw_fastrtps_cpp: 6.2.9 (/opt/ros/humble/share/rmw_fastrtps_cpp/cmake)
[1.939s] -- Found OpenSSL: /usr/lib/aarch64-linux-gnu/libcrypto.so (found version "3.0.2")  
[1.995s] -- Found FastRTPS: /opt/ros/humble/include  
[2.239s] -- Using RMW implementation 'rmw_fastrtps_cpp' as default
[2.281s] -- Looking for pthread.h
[2.605s] -- Looking for pthread.h - found
[2.606s] -- Performing Test CMAKE_HAVE_LIBC_PTHREAD
[2.865s] -- Performing Test CMAKE_HAVE_LIBC_PTHREAD - Success
[2.871s] -- Found Threads: TRUE  
[3.035s] -- Found map_msgs: 2.1.0 (/opt/ros/humble/share/map_msgs/cmake)
[3.169s] -- Found message_filters: 4.3.11 (/opt/ros/humble/share/message_filters/cmake)
[3.191s] -- Found nav2_common: 1.1.20 (/home/jetson/robot_ws/install/nav2_common/share/nav2_common/cmake)
[3.198s] -- Found nav2_msgs: 1.1.20 (/home/jetson/robot_ws/install/nav2_msgs/share/nav2_msgs/cmake)
[3.426s] -- Found nav2_util: 1.1.20 (/home/jetson/robot_ws/install/nav2_util/share/nav2_util/cmake)
[3.604s] -- Found Eigen3: TRUE (found version "3.4.0") 
[3.605s] -- Ensuring Eigen3 include directory is part of orocos-kdl CMake target
[3.714s] -- Found nav2_voxel_grid: 1.1.20 (/home/jetson/robot_ws/install/nav2_voxel_grid/share/nav2_voxel_grid/cmake)
[3.722s] -- Found pluginlib: 5.1.2 (/opt/ros/humble/share/pluginlib/cmake)
[3.763s] -- Found std_srvs: 4.9.0 (/opt/ros/humble/share/std_srvs/cmake)
[3.789s] -- Found tf2_sensor_msgs: 0.25.16 (/opt/ros/humble/share/tf2_sensor_msgs/cmake)
[3.812s] -- Found visualization_msgs: 4.9.0 (/opt/ros/humble/share/visualization_msgs/cmake)
[4.064s] -- Found angles: 1.15.0 (/opt/ros/humble/share/angles/cmake)
[4.089s] -- Found Eigen3: TRUE (found suitable version "3.4.0", minimum required is "3.3") 
[4.089s] -- Setting build type to Release as none was specified.
[4.476s] -- Found ament_lint_auto: 0.12.14 (/opt/ros/humble/share/ament_lint_auto/cmake)
[5.201s] -- Found gtest sources under '/opt/ros/humble/src/gtest_vendor': C++ tests using 'Google Test' will be built
[5.403s] -- Found gtest sources under '/opt/ros/humble/src/gtest_vendor': C++ tests using 'Google Test' will be built
[5.462s] -- Found gtest sources under '/opt/ros/humble/src/gtest_vendor': C++ tests using 'Google Test' will be built
[5.638s] -- Added test 'cppcheck' to perform static code analysis on C / C++ code
[5.641s] -- Configured cppcheck include dirs: $<BUILD_INTERFACE:/home/jetson/robot_ws/src/navigation2/nav2_costmap_2d/include>
[5.641s] -- Configured cppcheck exclude dirs and/or files: 
[5.643s] -- Added test 'flake8' to check Python code syntax and style conventions
[5.655s] -- Added test 'lint_cmake' to check CMake code style
[5.672s] -- Added test 'pep257' to check Python code against some of the docstring style conventions in PEP 257
[5.678s] -- Added test 'uncrustify' to check C / C++ code style
[5.679s] -- Configured uncrustify additional arguments: 
[5.687s] -- Added test 'xmllint' to check XML markup files
[5.701s] -- Configuring done
[7.898s] -- Generating done
[8.332s] -- Build files have been written to: /home/jetson/robot_ws/build/nav2_costmap_2d
[8.439s] Invoked command in '/home/jetson/robot_ws/build/nav2_costmap_2d' returned '0': AMENT_PREFIX_PATH=/home/jetson/robot_ws/install/nav2_map_server:/home/jetson/robot_ws/install/nav2_lifecycle_manager:/home/jetson/robot_ws/install/nav2_util:/home/jetson/robot_ws/install/nav2_voxel_grid:/home/jetson/robot_ws/install/nav2_msgs:/home/jetson/robot_ws/install/nav2_common:${AMENT_PREFIX_PATH} CMAKE_PREFIX_PATH=/home/jetson/robot_ws/install/nav2_map_server:/home/jetson/robot_ws/install/nav2_lifecycle_manager:/home/jetson/robot_ws/install/nav2_util:/home/jetson/robot_ws/install/nav2_voxel_grid:/home/jetson/robot_ws/install/nav2_msgs:/home/jetson/robot_ws/install/nav2_common:/home/jetson/robot_ws/install/servicerobot_joy:/opt/ros/humble LD_LIBRARY_PATH=/home/jetson/robot_ws/install/nav2_map_server/lib:/home/jetson/robot_ws/install/nav2_lifecycle_manager/lib:/home/jetson/robot_ws/install/nav2_util/lib:/home/jetson/robot_ws/install/nav2_voxel_grid/lib:/home/jetson/robot_ws/install/nav2_msgs/lib:${LD_LIBRARY_PATH} PYTHONPATH=/home/jetson/robot_ws/install/nav2_msgs/local/lib/python3.10/dist-packages:/home/jetson/robot_ws/install/nav2_common/local/lib/python3.10/dist-packages:${PYTHONPATH} /usr/bin/cmake /home/jetson/robot_ws/src/navigation2/nav2_costmap_2d -DCMAKE_INSTALL_PREFIX=/home/jetson/robot_ws/install/nav2_costmap_2d
[8.440s] Invoking command in '/home/jetson/robot_ws/build/nav2_costmap_2d': AMENT_PREFIX_PATH=/home/jetson/robot_ws/install/nav2_map_server:/home/jetson/robot_ws/install/nav2_lifecycle_manager:/home/jetson/robot_ws/install/nav2_util:/home/jetson/robot_ws/install/nav2_voxel_grid:/home/jetson/robot_ws/install/nav2_msgs:/home/jetson/robot_ws/install/nav2_common:${AMENT_PREFIX_PATH} CMAKE_PREFIX_PATH=/home/jetson/robot_ws/install/nav2_map_server:/home/jetson/robot_ws/install/nav2_lifecycle_manager:/home/jetson/robot_ws/install/nav2_util:/home/jetson/robot_ws/install/nav2_voxel_grid:/home/jetson/robot_ws/install/nav2_msgs:/home/jetson/robot_ws/install/nav2_common:/home/jetson/robot_ws/install/servicerobot_joy:/opt/ros/humble LD_LIBRARY_PATH=/home/jetson/robot_ws/install/nav2_map_server/lib:/home/jetson/robot_ws/install/nav2_lifecycle_manager/lib:/home/jetson/robot_ws/install/nav2_util/lib:/home/jetson/robot_ws/install/nav2_voxel_grid/lib:/home/jetson/robot_ws/install/nav2_msgs/lib:${LD_LIBRARY_PATH} PYTHONPATH=/home/jetson/robot_ws/install/nav2_msgs/local/lib/python3.10/dist-packages:/home/jetson/robot_ws/install/nav2_common/local/lib/python3.10/dist-packages:${PYTHONPATH} /usr/bin/cmake --build /home/jetson/robot_ws/build/nav2_costmap_2d -- -j6 -l6
[8.697s] [  1%] [32mBuilding CXX object CMakeFiles/nav2_costmap_2d_core.dir/src/array_parser.cpp.o[0m
[10.795s] [  2%] [32mBuilding CXX object CMakeFiles/nav2_costmap_2d_core.dir/src/layered_costmap.cpp.o[0m
[21.189s] [  3%] [32mBuilding CXX object CMakeFiles/nav2_costmap_2d_core.dir/src/costmap_2d_ros.cpp.o[0m
[44.228s] [  4%] [32mBuilding CXX object CMakeFiles/nav2_costmap_2d_core.dir/src/costmap_2d_publisher.cpp.o[0m
[45.252s] [  6%] [32mBuilding CXX object CMakeFiles/nav2_costmap_2d_core.dir/src/layer.cpp.o[0m
[46.352s] [  7%] [32mBuilding CXX object CMakeFiles/nav2_costmap_2d_core.dir/src/costmap_2d.cpp.o[0m
[69.844s] [  8%] [32mBuilding CXX object CMakeFiles/nav2_costmap_2d_core.dir/src/costmap_layer.cpp.o[0m
[76.810s] [  9%] [32mBuilding CXX object CMakeFiles/nav2_costmap_2d_core.dir/src/observation_buffer.cpp.o[0m
[89.556s] [ 12%] [32mBuilding CXX object CMakeFiles/nav2_costmap_2d_core.dir/src/footprint.cpp.o[0m
[89.556s] [ 12%] [32mBuilding CXX object CMakeFiles/nav2_costmap_2d_core.dir/src/clear_costmap_service.cpp.o[0m
[90.591s] [ 13%] [32mBuilding CXX object CMakeFiles/nav2_costmap_2d_core.dir/src/footprint_collision_checker.cpp.o[0m
[91.685s] [ 14%] [32mBuilding CXX object CMakeFiles/nav2_costmap_2d_core.dir/src/costmap_math.cpp.o[0m
[112.383s] [ 15%] [32mBuilding CXX object CMakeFiles/nav2_costmap_2d_core.dir/plugins/costmap_filters/costmap_filter.cpp.o[0m
[123.149s] [ 17%] [32m[1mLinking CXX shared library libnav2_costmap_2d_core.so[0m
[123.926s] [ 17%] Built target nav2_costmap_2d_core
[123.966s] [ 18%] [32mBuilding CXX object gtest/CMakeFiles/gtest.dir/src/gtest-all.cc.o[0m
[125.016s] [ 19%] [32mBuilding CXX object CMakeFiles/nav2_costmap_2d_markers.dir/src/costmap_2d_markers.cpp.o[0m
[126.092s] [ 20%] [32mBuilding CXX object CMakeFiles/nav2_costmap_2d_client.dir/src/footprint_subscriber.cpp.o[0m
[127.197s] [ 21%] [32mBuilding CXX object CMakeFiles/filters.dir/plugins/costmap_filters/keepout_filter.cpp.o[0m
[128.249s] [ 23%] [32mBuilding CXX object CMakeFiles/layers.dir/plugins/inflation_layer.cpp.o[0m
[141.408s] [ 24%] [32mBuilding CXX object CMakeFiles/layers.dir/plugins/static_layer.cpp.o[0m
[160.926s] [ 25%] [32m[1mLinking CXX static library libgtest.a[0m
[161.098s] [ 25%] Built target gtest
[168.773s] [ 26%] [32m[1mLinking CXX executable nav2_costmap_2d_markers[0m
[169.302s] [ 26%] Built target nav2_costmap_2d_markers
[169.627s] [ 28%] [32mBuilding CXX object CMakeFiles/nav2_costmap_2d_client.dir/src/costmap_subscriber.cpp.o[0m
[180.485s] [ 29%] [32mBuilding CXX object CMakeFiles/filters.dir/plugins/costmap_filters/speed_filter.cpp.o[0m
[186.342s] [ 30%] [32mBuilding CXX object CMakeFiles/layers.dir/plugins/obstacle_layer.cpp.o[0m
[194.707s] [ 31%] [32mBuilding CXX object CMakeFiles/nav2_costmap_2d_client.dir/src/costmap_topic_collision_checker.cpp.o[0m
[202.906s] [ 32%] [32m[1mLinking CXX shared library libnav2_costmap_2d_client.so[0m
[204.102s] [ 32%] Built target nav2_costmap_2d_client
[215.653s] [ 34%] [32mBuilding CXX object CMakeFiles/filters.dir/plugins/costmap_filters/binary_filter.cpp.o[0m
[233.673s] [ 35%] [32mBuilding CXX object CMakeFiles/layers.dir/src/observation_buffer.cpp.o[0m
[234.706s] [ 36%] [32mBuilding CXX object CMakeFiles/layers.dir/plugins/voxel_layer.cpp.o[0m
[258.225s] [ 37%] [32m[1mLinking CXX shared library libfilters.so[0m
[259.398s] [ 37%] Built target filters
[260.380s] [ 39%] [32mBuilding CXX object CMakeFiles/layers.dir/plugins/denoise_layer.cpp.o[0m
[272.306s] [ 40%] [32mBuilding CXX object CMakeFiles/layers.dir/plugins/range_sensor_layer.cpp.o[0m
[297.898s] [ 41%] [32m[1mLinking CXX shared library liblayers.so[0m
[299.322s] [ 41%] Built target layers
[299.373s] [ 42%] [32mBuilding CXX object test/regression/CMakeFiles/order_layer.dir/order_layer.cpp.o[0m
[308.124s] [ 43%] [32m[1mLinking CXX shared library liborder_layer.so[0m
[308.565s] [ 43%] Built target order_layer
[308.613s] [ 45%] [32mBuilding CXX object CMakeFiles/nav2_costmap_2d.dir/src/costmap_2d_node.cpp.o[0m
[318.397s] [ 46%] [32m[1mLinking CXX executable nav2_costmap_2d[0m
[318.984s] [ 46%] Built target nav2_costmap_2d
[319.029s] [ 47%] [32mBuilding CXX object CMakeFiles/nav2_costmap_2d_cloud.dir/src/costmap_2d_cloud.cpp.o[0m
[342.790s] [ 48%] [32m[1mLinking CXX executable nav2_costmap_2d_cloud[0m
[343.317s] [ 48%] Built target nav2_costmap_2d_cloud
[343.375s] [ 50%] [32mBuilding CXX object gtest/CMakeFiles/gtest_main.dir/src/gtest_main.cc.o[0m
[345.348s] [ 51%] [32m[1mLinking CXX static library libgtest_main.a[0m
[345.418s] [ 51%] Built target gtest_main
[345.477s] [ 52%] [32mBuilding CXX object test/unit/CMakeFiles/array_parser_test.dir/array_parser_test.cpp.o[0m
[345.486s] [ 53%] [32mBuilding CXX object test/unit/CMakeFiles/collision_footprint_test.dir/footprint_collision_checker_test.cpp.o[0m
[347.595s] [ 54%] [32mBuilding CXX object test/unit/CMakeFiles/keepout_filter_test.dir/keepout_filter_test.cpp.o[0m
[349.673s] [ 56%] [32m[1mLinking CXX executable array_parser_test[0m
[350.807s] [ 56%] Built target array_parser_test
[364.482s] [ 57%] [32m[1mLinking CXX executable collision_footprint_test[0m
[365.434s] [ 57%] Built target collision_footprint_test
[372.769s] [ 58%] [32m[1mLinking CXX executable keepout_filter_test[0m
[373.465s] [ 58%] Built target keepout_filter_test
[373.511s] [ 59%] [32mBuilding CXX object test/unit/CMakeFiles/binary_filter_test.dir/binary_filter_test.cpp.o[0m
[384.544s] [ 60%] [32mBuilding CXX object test/unit/CMakeFiles/copy_window_test.dir/copy_window_test.cpp.o[0m
[386.603s] [ 62%] [32mBuilding CXX object test/unit/CMakeFiles/speed_filter_test.dir/speed_filter_test.cpp.o[0m
[388.662s] [ 63%] [32mBuilding CXX object test/unit/CMakeFiles/costmap_filter_test.dir/costmap_filter_test.cpp.o[0m
[398.854s] [ 64%] [32m[1mLinking CXX executable copy_window_test[0m
[399.723s] [ 64%] Built target copy_window_test
[405.660s] [ 65%] [32m[1mLinking CXX executable costmap_filter_test[0m
[406.650s] [ 65%] Built target costmap_filter_test
[415.086s] [ 67%] [32m[1mLinking CXX executable binary_filter_test[0m
[415.986s] [ 67%] Built target binary_filter_test
[426.175s] [ 68%] [32m[1mLinking CXX executable speed_filter_test[0m
[426.954s] [ 68%] Built target speed_filter_test
[427.000s] [ 69%] [32mBuilding CXX object test/integration/CMakeFiles/footprint_tests_exec.dir/footprint_tests.cpp.o[0m
[430.031s] [ 70%] [32mBuilding CXX object test/integration/CMakeFiles/test_collision_checker_exec.dir/test_costmap_topic_collision_checker.cpp.o[0m
[431.106s] [ 71%] [32mBuilding CXX object test/unit/CMakeFiles/denoise_layer_test.dir/denoise_layer_test.cpp.o[0m
[432.163s] [ 73%] [32mBuilding CXX object test/unit/CMakeFiles/costmap_filter_service_test.dir/costmap_filter_service_test.cpp.o[0m
[433.282s] [ 74%] [32mBuilding CXX object test/unit/CMakeFiles/declare_parameter_test.dir/declare_parameter_test.cpp.o[0m
[434.511s] [ 75%] [32mBuilding CXX object test/unit/CMakeFiles/costmap_convesion_test.dir/costmap_conversion_test.cpp.o[0m
[442.569s] [ 76%] [32m[1mLinking CXX executable footprint_tests_exec[0m
[444.104s] [ 76%] Built target footprint_tests_exec
[457.623s] [ 78%] [32m[1mLinking CXX executable costmap_convesion_test[0m
[458.914s] [ 78%] Built target costmap_convesion_test
[459.969s] [ 79%] [32m[1mLinking CXX executable declare_parameter_test[0m
[460.271s] [ 80%] [32m[1mLinking CXX executable costmap_filter_service_test[0m
[461.136s] [ 80%] Built target declare_parameter_test
[461.207s] [ 80%] Built target costmap_filter_service_test
[462.800s] [ 81%] [32mBuilding CXX object test/unit/CMakeFiles/denoise_layer_test.dir/image_test.cpp.o[0m
[468.617s] [ 82%] [32mBuilding CXX object test/unit/CMakeFiles/denoise_layer_test.dir/image_processing_test.cpp.o[0m
[476.288s] [ 84%] [32m[1mLinking CXX executable test_collision_checker_exec[0m
[477.180s] [ 84%] Built target test_collision_checker_exec
[477.396s] [ 85%] [32m[1mLinking CXX executable denoise_layer_test[0m
[478.230s] [ 85%] Built target denoise_layer_test
[478.279s] [ 86%] [32mBuilding CXX object test/regression/CMakeFiles/costmap_bresenham_2d.dir/costmap_bresenham_2d.cpp.o[0m
[481.491s] [ 87%] [32m[1mLinking CXX executable costmap_bresenham_2d[0m
[481.980s] [ 87%] Built target costmap_bresenham_2d
[482.020s] [ 89%] [32mBuilding CXX object test/regression/CMakeFiles/plugin_api_order.dir/plugin_api_order.cpp.o[0m
[493.207s] [ 90%] [32m[1mLinking CXX executable plugin_api_order[0m
[493.721s] [ 90%] Built target plugin_api_order
[493.772s] [ 91%] [32mBuilding CXX object test/integration/CMakeFiles/dyn_params_tests.dir/dyn_params_tests.cpp.o[0m
[509.735s] [ 92%] [32m[1mLinking CXX executable dyn_params_tests[0m
[510.311s] [ 92%] Built target dyn_params_tests
[510.361s] [ 93%] [32mBuilding CXX object test/integration/CMakeFiles/range_tests_exec.dir/range_tests.cpp.o[0m
[533.791s] [ 95%] [32m[1mLinking CXX executable range_tests_exec[0m
[535.475s] [ 95%] Built target range_tests_exec
[535.627s] [ 96%] [32mBuilding CXX object test/integration/CMakeFiles/obstacle_tests_exec.dir/obstacle_tests.cpp.o[0m
[559.339s] [ 97%] [32m[1mLinking CXX executable obstacle_tests_exec[0m
[560.132s] [ 97%] Built target obstacle_tests_exec
[560.174s] [ 98%] [32mBuilding CXX object test/integration/CMakeFiles/inflation_tests_exec.dir/inflation_tests.cpp.o[0m
[589.218s] [100%] [32m[1mLinking CXX executable inflation_tests_exec[0m
[590.260s] [100%] Built target inflation_tests_exec
[590.302s] Invoked command in '/home/jetson/robot_ws/build/nav2_costmap_2d' returned '0': AMENT_PREFIX_PATH=/home/jetson/robot_ws/install/nav2_map_server:/home/jetson/robot_ws/install/nav2_lifecycle_manager:/home/jetson/robot_ws/install/nav2_util:/home/jetson/robot_ws/install/nav2_voxel_grid:/home/jetson/robot_ws/install/nav2_msgs:/home/jetson/robot_ws/install/nav2_common:${AMENT_PREFIX_PATH} CMAKE_PREFIX_PATH=/home/jetson/robot_ws/install/nav2_map_server:/home/jetson/robot_ws/install/nav2_lifecycle_manager:/home/jetson/robot_ws/install/nav2_util:/home/jetson/robot_ws/install/nav2_voxel_grid:/home/jetson/robot_ws/install/nav2_msgs:/home/jetson/robot_ws/install/nav2_common:/home/jetson/robot_ws/install/servicerobot_joy:/opt/ros/humble LD_LIBRARY_PATH=/home/jetson/robot_ws/install/nav2_map_server/lib:/home/jetson/robot_ws/install/nav2_lifecycle_manager/lib:/home/jetson/robot_ws/install/nav2_util/lib:/home/jetson/robot_ws/install/nav2_voxel_grid/lib:/home/jetson/robot_ws/install/nav2_msgs/lib:${LD_LIBRARY_PATH} PYTHONPATH=/home/jetson/robot_ws/install/nav2_msgs/local/lib/python3.10/dist-packages:/home/jetson/robot_ws/install/nav2_common/local/lib/python3.10/dist-packages:${PYTHONPATH} /usr/bin/cmake --build /home/jetson/robot_ws/build/nav2_costmap_2d -- -j6 -l6
[590.310s] Invoking command in '/home/jetson/robot_ws/build/nav2_costmap_2d': AMENT_PREFIX_PATH=/home/jetson/robot_ws/install/nav2_map_server:/home/jetson/robot_ws/install/nav2_lifecycle_manager:/home/jetson/robot_ws/install/nav2_util:/home/jetson/robot_ws/install/nav2_voxel_grid:/home/jetson/robot_ws/install/nav2_msgs:/home/jetson/robot_ws/install/nav2_common:${AMENT_PREFIX_PATH} CMAKE_PREFIX_PATH=/home/jetson/robot_ws/install/nav2_map_server:/home/jetson/robot_ws/install/nav2_lifecycle_manager:/home/jetson/robot_ws/install/nav2_util:/home/jetson/robot_ws/install/nav2_voxel_grid:/home/jetson/robot_ws/install/nav2_msgs:/home/jetson/robot_ws/install/nav2_common:/home/jetson/robot_ws/install/servicerobot_joy:/opt/ros/humble LD_LIBRARY_PATH=/home/jetson/robot_ws/install/nav2_map_server/lib:/home/jetson/robot_ws/install/nav2_lifecycle_manager/lib:/home/jetson/robot_ws/install/nav2_util/lib:/home/jetson/robot_ws/install/nav2_voxel_grid/lib:/home/jetson/robot_ws/install/nav2_msgs/lib:${LD_LIBRARY_PATH} PYTHONPATH=/home/jetson/robot_ws/install/nav2_msgs/local/lib/python3.10/dist-packages:/home/jetson/robot_ws/install/nav2_common/local/lib/python3.10/dist-packages:${PYTHONPATH} /usr/bin/cmake --install /home/jetson/robot_ws/build/nav2_costmap_2d
[590.329s] -- Install configuration: "Release"
[590.329s] -- Installing: /home/jetson/robot_ws/install/nav2_costmap_2d/lib/liblayers.so
[590.340s] -- Set runtime path of "/home/jetson/robot_ws/install/nav2_costmap_2d/lib/liblayers.so" to ""
[590.340s] -- Installing: /home/jetson/robot_ws/install/nav2_costmap_2d/lib/libfilters.so
[590.345s] -- Set runtime path of "/home/jetson/robot_ws/install/nav2_costmap_2d/lib/libfilters.so" to ""
[590.346s] -- Installing: /home/jetson/robot_ws/install/nav2_costmap_2d/lib/libnav2_costmap_2d_core.so
[590.356s] -- Set runtime path of "/home/jetson/robot_ws/install/nav2_costmap_2d/lib/libnav2_costmap_2d_core.so" to ""
[590.356s] -- Installing: /home/jetson/robot_ws/install/nav2_costmap_2d/lib/libnav2_costmap_2d_client.so
[590.363s] -- Set runtime path of "/home/jetson/robot_ws/install/nav2_costmap_2d/lib/libnav2_costmap_2d_client.so" to ""
[590.364s] -- Installing: /home/jetson/robot_ws/install/nav2_costmap_2d/lib/nav2_costmap_2d/nav2_costmap_2d_markers
[590.369s] -- Set runtime path of "/home/jetson/robot_ws/install/nav2_costmap_2d/lib/nav2_costmap_2d/nav2_costmap_2d_markers" to ""
[590.369s] -- Installing: /home/jetson/robot_ws/install/nav2_costmap_2d/lib/nav2_costmap_2d/nav2_costmap_2d_cloud
[590.373s] -- Set runtime path of "/home/jetson/robot_ws/install/nav2_costmap_2d/lib/nav2_costmap_2d/nav2_costmap_2d_cloud" to ""
[590.373s] -- Installing: /home/jetson/robot_ws/install/nav2_costmap_2d/lib/nav2_costmap_2d/nav2_costmap_2d
[590.374s] -- Set runtime path of "/home/jetson/robot_ws/install/nav2_costmap_2d/lib/nav2_costmap_2d/nav2_costmap_2d" to ""
[590.374s] -- Installing: /home/jetson/robot_ws/install/nav2_costmap_2d/share/nav2_costmap_2d/costmap_plugins.xml
[590.375s] -- Installing: /home/jetson/robot_ws/install/nav2_costmap_2d/include/nav2_costmap_2d
[590.375s] -- Installing: /home/jetson/robot_ws/install/nav2_costmap_2d/include/nav2_costmap_2d/nav2_costmap_2d
[590.375s] -- Installing: /home/jetson/robot_ws/install/nav2_costmap_2d/include/nav2_costmap_2d/nav2_costmap_2d/footprint.hpp
[590.375s] -- Installing: /home/jetson/robot_ws/install/nav2_costmap_2d/include/nav2_costmap_2d/nav2_costmap_2d/costmap_topic_collision_checker.hpp
[590.375s] -- Installing: /home/jetson/robot_ws/install/nav2_costmap_2d/include/nav2_costmap_2d/nav2_costmap_2d/layered_costmap.hpp
[590.376s] -- Installing: /home/jetson/robot_ws/install/nav2_costmap_2d/include/nav2_costmap_2d/nav2_costmap_2d/denoise
[590.376s] -- Installing: /home/jetson/robot_ws/install/nav2_costmap_2d/include/nav2_costmap_2d/nav2_costmap_2d/denoise/image_processing.hpp
[590.379s] -- Installing: /home/jetson/robot_ws/install/nav2_costmap_2d/include/nav2_costmap_2d/nav2_costmap_2d/denoise/image.hpp
[590.380s] -- Installing: /home/jetson/robot_ws/install/nav2_costmap_2d/include/nav2_costmap_2d/nav2_costmap_2d/obstacle_layer.hpp
[590.380s] -- Installing: /home/jetson/robot_ws/install/nav2_costmap_2d/include/nav2_costmap_2d/nav2_costmap_2d/static_layer.hpp
[590.380s] -- Installing: /home/jetson/robot_ws/install/nav2_costmap_2d/include/nav2_costmap_2d/nav2_costmap_2d/cost_values.hpp
[590.380s] -- Installing: /home/jetson/robot_ws/install/nav2_costmap_2d/include/nav2_costmap_2d/nav2_costmap_2d/costmap_math.hpp
[590.380s] -- Installing: /home/jetson/robot_ws/install/nav2_costmap_2d/include/nav2_costmap_2d/nav2_costmap_2d/voxel_layer.hpp
[590.380s] -- Installing: /home/jetson/robot_ws/install/nav2_costmap_2d/include/nav2_costmap_2d/nav2_costmap_2d/costmap_subscriber.hpp
[590.380s] -- Installing: /home/jetson/robot_ws/install/nav2_costmap_2d/include/nav2_costmap_2d/nav2_costmap_2d/costmap_filters
[590.381s] -- Installing: /home/jetson/robot_ws/install/nav2_costmap_2d/include/nav2_costmap_2d/nav2_costmap_2d/costmap_filters/filter_values.hpp
[590.381s] -- Installing: /home/jetson/robot_ws/install/nav2_costmap_2d/include/nav2_costmap_2d/nav2_costmap_2d/costmap_filters/costmap_filter.hpp
[590.381s] -- Installing: /home/jetson/robot_ws/install/nav2_costmap_2d/include/nav2_costmap_2d/nav2_costmap_2d/costmap_filters/speed_filter.hpp
[590.382s] -- Installing: /home/jetson/robot_ws/install/nav2_costmap_2d/include/nav2_costmap_2d/nav2_costmap_2d/costmap_filters/keepout_filter.hpp
[590.382s] -- Installing: /home/jetson/robot_ws/install/nav2_costmap_2d/include/nav2_costmap_2d/nav2_costmap_2d/costmap_filters/binary_filter.hpp
[590.383s] -- Installing: /home/jetson/robot_ws/install/nav2_costmap_2d/include/nav2_costmap_2d/nav2_costmap_2d/costmap_2d.hpp
[590.383s] -- Installing: /home/jetson/robot_ws/install/nav2_costmap_2d/include/nav2_costmap_2d/nav2_costmap_2d/layer.hpp
[590.383s] -- Installing: /home/jetson/robot_ws/install/nav2_costmap_2d/include/nav2_costmap_2d/nav2_costmap_2d/range_sensor_layer.hpp
[590.384s] -- Installing: /home/jetson/robot_ws/install/nav2_costmap_2d/include/nav2_costmap_2d/nav2_costmap_2d/denoise_layer.hpp
[590.384s] -- Installing: /home/jetson/robot_ws/install/nav2_costmap_2d/include/nav2_costmap_2d/nav2_costmap_2d/observation.hpp
[590.384s] -- Installing: /home/jetson/robot_ws/install/nav2_costmap_2d/include/nav2_costmap_2d/nav2_costmap_2d/observation_buffer.hpp
[590.385s] -- Installing: /home/jetson/robot_ws/install/nav2_costmap_2d/include/nav2_costmap_2d/nav2_costmap_2d/exceptions.hpp
[590.385s] -- Installing: /home/jetson/robot_ws/install/nav2_costmap_2d/include/nav2_costmap_2d/nav2_costmap_2d/inflation_layer.hpp
[590.385s] -- Installing: /home/jetson/robot_ws/install/nav2_costmap_2d/include/nav2_costmap_2d/nav2_costmap_2d/footprint_subscriber.hpp
[590.385s] -- Installing: /home/jetson/robot_ws/install/nav2_costmap_2d/include/nav2_costmap_2d/nav2_costmap_2d/costmap_2d_ros.hpp
[590.386s] -- Installing: /home/jetson/robot_ws/install/nav2_costmap_2d/include/nav2_costmap_2d/nav2_costmap_2d/costmap_2d_publisher.hpp
[590.386s] -- Installing: /home/jetson/robot_ws/install/nav2_costmap_2d/include/nav2_costmap_2d/nav2_costmap_2d/clear_costmap_service.hpp
[590.386s] -- Installing: /home/jetson/robot_ws/install/nav2_costmap_2d/include/nav2_costmap_2d/nav2_costmap_2d/costmap_layer.hpp
[590.387s] -- Installing: /home/jetson/robot_ws/install/nav2_costmap_2d/include/nav2_costmap_2d/nav2_costmap_2d/array_parser.hpp
[590.389s] -- Installing: /home/jetson/robot_ws/install/nav2_costmap_2d/include/nav2_costmap_2d/nav2_costmap_2d/footprint_collision_checker.hpp
[590.390s] -- Installing: /home/jetson/robot_ws/install/nav2_costmap_2d/share/nav2_costmap_2d/test/regression/order_layer.xml
[590.391s] -- Installing: /home/jetson/robot_ws/install/nav2_costmap_2d/share/nav2_costmap_2d/environment/library_path.sh
[590.391s] -- Installing: /home/jetson/robot_ws/install/nav2_costmap_2d/share/nav2_costmap_2d/environment/library_path.dsv
[590.392s] -- Up-to-date: /home/jetson/robot_ws/install/nav2_costmap_2d/share/nav2_costmap_2d/costmap_plugins.xml
[590.392s] -- Installing: /home/jetson/robot_ws/install/nav2_costmap_2d/share/ament_index/resource_index/package_run_dependencies/nav2_costmap_2d
[590.393s] -- Installing: /home/jetson/robot_ws/install/nav2_costmap_2d/share/ament_index/resource_index/parent_prefix_path/nav2_costmap_2d
[590.393s] -- Installing: /home/jetson/robot_ws/install/nav2_costmap_2d/share/nav2_costmap_2d/environment/ament_prefix_path.sh
[590.394s] -- Installing: /home/jetson/robot_ws/install/nav2_costmap_2d/share/nav2_costmap_2d/environment/ament_prefix_path.dsv
[590.394s] -- Installing: /home/jetson/robot_ws/install/nav2_costmap_2d/share/nav2_costmap_2d/environment/path.sh
[590.395s] -- Installing: /home/jetson/robot_ws/install/nav2_costmap_2d/share/nav2_costmap_2d/environment/path.dsv
[590.395s] -- Installing: /home/jetson/robot_ws/install/nav2_costmap_2d/share/nav2_costmap_2d/local_setup.bash
[590.396s] -- Installing: /home/jetson/robot_ws/install/nav2_costmap_2d/share/nav2_costmap_2d/local_setup.sh
[590.396s] -- Installing: /home/jetson/robot_ws/install/nav2_costmap_2d/share/nav2_costmap_2d/local_setup.zsh
[590.398s] -- Installing: /home/jetson/robot_ws/install/nav2_costmap_2d/share/nav2_costmap_2d/local_setup.dsv
[590.398s] -- Installing: /home/jetson/robot_ws/install/nav2_costmap_2d/share/nav2_costmap_2d/package.dsv
[590.399s] -- Installing: /home/jetson/robot_ws/install/nav2_costmap_2d/share/ament_index/resource_index/packages/nav2_costmap_2d
[590.399s] -- Installing: /home/jetson/robot_ws/install/nav2_costmap_2d/share/ament_index/resource_index/nav2_costmap_2d__pluginlib__plugin/nav2_costmap_2d
[590.402s] -- Installing: /home/jetson/robot_ws/install/nav2_costmap_2d/share/nav2_costmap_2d/cmake/export_nav2_costmap_2dExport.cmake
[590.402s] -- Installing: /home/jetson/robot_ws/install/nav2_costmap_2d/share/nav2_costmap_2d/cmake/export_nav2_costmap_2dExport-release.cmake
[590.403s] -- Installing: /home/jetson/robot_ws/install/nav2_costmap_2d/share/nav2_costmap_2d/cmake/ament_cmake_export_targets-extras.cmake
[590.403s] -- Installing: /home/jetson/robot_ws/install/nav2_costmap_2d/share/nav2_costmap_2d/cmake/ament_cmake_export_dependencies-extras.cmake
[590.403s] -- Installing: /home/jetson/robot_ws/install/nav2_costmap_2d/share/nav2_costmap_2d/cmake/nav2_costmap_2dConfig.cmake
[590.404s] -- Installing: /home/jetson/robot_ws/install/nav2_costmap_2d/share/nav2_costmap_2d/cmake/nav2_costmap_2dConfig-version.cmake
[590.404s] -- Installing: /home/jetson/robot_ws/install/nav2_costmap_2d/share/nav2_costmap_2d/package.xml
[590.407s] -- Installing: /home/jetson/robot_ws/install/nav2_costmap_2d/lib/liborder_layer.so
[590.407s] -- Set runtime path of "/home/jetson/robot_ws/install/nav2_costmap_2d/lib/liborder_layer.so" to ""
[590.418s] Invoked command in '/home/jetson/robot_ws/build/nav2_costmap_2d' returned '0': AMENT_PREFIX_PATH=/home/jetson/robot_ws/install/nav2_map_server:/home/jetson/robot_ws/install/nav2_lifecycle_manager:/home/jetson/robot_ws/install/nav2_util:/home/jetson/robot_ws/install/nav2_voxel_grid:/home/jetson/robot_ws/install/nav2_msgs:/home/jetson/robot_ws/install/nav2_common:${AMENT_PREFIX_PATH} CMAKE_PREFIX_PATH=/home/jetson/robot_ws/install/nav2_map_server:/home/jetson/robot_ws/install/nav2_lifecycle_manager:/home/jetson/robot_ws/install/nav2_util:/home/jetson/robot_ws/install/nav2_voxel_grid:/home/jetson/robot_ws/install/nav2_msgs:/home/jetson/robot_ws/install/nav2_common:/home/jetson/robot_ws/install/servicerobot_joy:/opt/ros/humble LD_LIBRARY_PATH=/home/jetson/robot_ws/install/nav2_map_server/lib:/home/jetson/robot_ws/install/nav2_lifecycle_manager/lib:/home/jetson/robot_ws/install/nav2_util/lib:/home/jetson/robot_ws/install/nav2_voxel_grid/lib:/home/jetson/robot_ws/install/nav2_msgs/lib:${LD_LIBRARY_PATH} PYTHONPATH=/home/jetson/robot_ws/install/nav2_msgs/local/lib/python3.10/dist-packages:/home/jetson/robot_ws/install/nav2_common/local/lib/python3.10/dist-packages:${PYTHONPATH} /usr/bin/cmake --install /home/jetson/robot_ws/build/nav2_costmap_2d
