[0.050s] Invoking command in '/home/jetson/robot_ws/build/nav2_planner': AMENT_PREFIX_PATH=/home/jetson/robot_ws/install/nav2_core:/home/jetson/robot_ws/install/nav2_costmap_2d:/home/jetson/robot_ws/install/nav2_map_server:/home/jetson/robot_ws/install/nav2_lifecycle_manager:/home/jetson/robot_ws/install/nav2_util:/home/jetson/robot_ws/install/nav2_voxel_grid:/home/jetson/robot_ws/install/nav2_msgs:/home/jetson/robot_ws/install/nav2_common:${AMENT_PREFIX_PATH} CMAKE_PREFIX_PATH=/home/jetson/robot_ws/install/nav2_core:/home/jetson/robot_ws/install/nav2_costmap_2d:/home/jetson/robot_ws/install/nav2_map_server:/home/jetson/robot_ws/install/nav2_lifecycle_manager:/home/jetson/robot_ws/install/nav2_util:/home/jetson/robot_ws/install/nav2_voxel_grid:/home/jetson/robot_ws/install/nav2_msgs:/home/jetson/robot_ws/install/nav2_common:/opt/ros/humble LD_LIBRARY_PATH=/home/jetson/robot_ws/install/nav2_costmap_2d/lib:/home/jetson/robot_ws/install/nav2_map_server/lib:/home/jetson/robot_ws/install/nav2_lifecycle_manager/lib:/home/jetson/robot_ws/install/nav2_util/lib:/home/jetson/robot_ws/install/nav2_voxel_grid/lib:/home/jetson/robot_ws/install/nav2_msgs/lib:${LD_LIBRARY_PATH} PYTHONPATH=/home/jetson/robot_ws/install/nav2_msgs/local/lib/python3.10/dist-packages:/home/jetson/robot_ws/install/nav2_common/local/lib/python3.10/dist-packages:${PYTHONPATH} /usr/bin/cmake /home/jetson/robot_ws/src/navigation2/nav2_planner -DCMAKE_INSTALL_PREFIX=/home/jetson/robot_ws/install/nav2_planner
[52.142s] -- The C compiler identification is GNU 11.4.0
[52.142s] -- The CXX compiler identification is GNU 11.4.0
[52.142s] -- Detecting C compiler ABI info
[52.142s] -- Detecting C compiler ABI info - done
[52.142s] -- Check for working C compiler: /usr/bin/cc - skipped
[52.143s] -- Detecting C compile features
[52.143s] -- Detecting C compile features - done
[52.143s] -- Detecting CXX compiler ABI info
[52.143s] -- Detecting CXX compiler ABI info - done
[52.143s] -- Check for working CXX compiler: /usr/bin/c++ - skipped
[52.143s] -- Detecting CXX compile features
[52.143s] -- Detecting CXX compile features - done
[52.143s] -- Found ament_cmake: 1.3.12 (/opt/ros/humble/share/ament_cmake/cmake)
[52.143s] -- Found Python3: /usr/bin/python3 (found version "3.10.12") found components: Interpreter 
[52.143s] -- Found nav2_common: 1.1.20 (/home/jetson/robot_ws/install/nav2_common/share/nav2_common/cmake)
[52.144s] -- Found rclcpp: 16.0.15 (/opt/ros/humble/share/rclcpp/cmake)
[52.144s] -- Found rosidl_generator_c: 3.1.7 (/opt/ros/humble/share/rosidl_generator_c/cmake)
[52.144s] -- Found rosidl_adapter: 3.1.7 (/opt/ros/humble/share/rosidl_adapter/cmake)
[52.144s] -- Found rosidl_generator_cpp: 3.1.7 (/opt/ros/humble/share/rosidl_generator_cpp/cmake)
[52.144s] -- Using all available rosidl_typesupport_c: rosidl_typesupport_fastrtps_c;rosidl_typesupport_introspection_c
[52.144s] -- Using all available rosidl_typesupport_cpp: rosidl_typesupport_fastrtps_cpp;rosidl_typesupport_introspection_cpp
[52.144s] -- Found rmw_implementation_cmake: 6.1.2 (/opt/ros/humble/share/rmw_implementation_cmake/cmake)
[52.144s] -- Found rmw_fastrtps_cpp: 6.2.9 (/opt/ros/humble/share/rmw_fastrtps_cpp/cmake)
[52.144s] -- Found OpenSSL: /usr/lib/aarch64-linux-gnu/libcrypto.so (found version "3.0.2")  
[52.144s] -- Found FastRTPS: /opt/ros/humble/include  
[52.144s] -- Using RMW implementation 'rmw_fastrtps_cpp' as default
[52.145s] -- Looking for pthread.h
[52.145s] -- Looking for pthread.h - found
[52.145s] -- Performing Test CMAKE_HAVE_LIBC_PTHREAD
[52.145s] -- Performing Test CMAKE_HAVE_LIBC_PTHREAD - Success
[52.145s] -- Found Threads: TRUE  
[52.145s] -- Found rclcpp_action: 16.0.15 (/opt/ros/humble/share/rclcpp_action/cmake)
[52.145s] -- Found rclcpp_lifecycle: 16.0.15 (/opt/ros/humble/share/rclcpp_lifecycle/cmake)
[52.145s] -- Found rclcpp_components: 16.0.15 (/opt/ros/humble/share/rclcpp_components/cmake)
[52.145s] -- Found visualization_msgs: 4.9.0 (/opt/ros/humble/share/visualization_msgs/cmake)
[52.145s] -- Found nav2_util: 1.1.20 (/home/jetson/robot_ws/install/nav2_util/share/nav2_util/cmake)
[52.146s] -- Found eigen3_cmake_module: 0.1.1 (/opt/ros/humble/share/eigen3_cmake_module/cmake)
[52.146s] -- Found Eigen3: TRUE (found version "3.4.0") 
[52.146s] -- Ensuring Eigen3 include directory is part of orocos-kdl CMake target
[52.146s] -- Found nav2_costmap_2d: 1.1.20 (/home/jetson/robot_ws/install/nav2_costmap_2d/share/nav2_costmap_2d/cmake)
[52.146s] -- Found nav2_core: 1.1.20 (/home/jetson/robot_ws/install/nav2_core/share/nav2_core/cmake)
[52.146s] -- Setting build type to Release as none was specified.
[52.146s] -- Found ament_lint_auto: 0.12.14 (/opt/ros/humble/share/ament_lint_auto/cmake)
[52.146s] -- Found ament_cmake_gtest: 1.3.12 (/opt/ros/humble/share/ament_cmake_gtest/cmake)
[52.146s] -- Found gtest sources under '/opt/ros/humble/src/gtest_vendor': C++ tests using 'Google Test' will be built
[52.146s] -- Added test 'copyright' to check source files copyright and LICENSE
[52.146s] -- Added test 'cppcheck' to perform static code analysis on C / C++ code
[52.147s] -- Configured cppcheck include dirs: /home/jetson/robot_ws/src/navigation2/nav2_planner/include
[52.147s] -- Configured cppcheck exclude dirs and/or files: 
[52.147s] -- Added test 'cpplint' to check C / C++ code against the Google style
[52.147s] -- Configured cpplint exclude dirs and/or files: 
[52.151s] -- Added test 'lint_cmake' to check CMake code style
[52.151s] -- Added test 'uncrustify' to check C / C++ code style
[52.151s] -- Configured uncrustify additional arguments: 
[52.151s] -- Added test 'xmllint' to check XML markup files
[52.151s] -- Configuring done
[52.151s] -- Generating done
[52.151s] -- Build files have been written to: /home/jetson/robot_ws/build/nav2_planner
[52.173s] Invoked command in '/home/jetson/robot_ws/build/nav2_planner' returned '0': AMENT_PREFIX_PATH=/home/jetson/robot_ws/install/nav2_core:/home/jetson/robot_ws/install/nav2_costmap_2d:/home/jetson/robot_ws/install/nav2_map_server:/home/jetson/robot_ws/install/nav2_lifecycle_manager:/home/jetson/robot_ws/install/nav2_util:/home/jetson/robot_ws/install/nav2_voxel_grid:/home/jetson/robot_ws/install/nav2_msgs:/home/jetson/robot_ws/install/nav2_common:${AMENT_PREFIX_PATH} CMAKE_PREFIX_PATH=/home/jetson/robot_ws/install/nav2_core:/home/jetson/robot_ws/install/nav2_costmap_2d:/home/jetson/robot_ws/install/nav2_map_server:/home/jetson/robot_ws/install/nav2_lifecycle_manager:/home/jetson/robot_ws/install/nav2_util:/home/jetson/robot_ws/install/nav2_voxel_grid:/home/jetson/robot_ws/install/nav2_msgs:/home/jetson/robot_ws/install/nav2_common:/opt/ros/humble LD_LIBRARY_PATH=/home/jetson/robot_ws/install/nav2_costmap_2d/lib:/home/jetson/robot_ws/install/nav2_map_server/lib:/home/jetson/robot_ws/install/nav2_lifecycle_manager/lib:/home/jetson/robot_ws/install/nav2_util/lib:/home/jetson/robot_ws/install/nav2_voxel_grid/lib:/home/jetson/robot_ws/install/nav2_msgs/lib:${LD_LIBRARY_PATH} PYTHONPATH=/home/jetson/robot_ws/install/nav2_msgs/local/lib/python3.10/dist-packages:/home/jetson/robot_ws/install/nav2_common/local/lib/python3.10/dist-packages:${PYTHONPATH} /usr/bin/cmake /home/jetson/robot_ws/src/navigation2/nav2_planner -DCMAKE_INSTALL_PREFIX=/home/jetson/robot_ws/install/nav2_planner
[52.174s] Invoking command in '/home/jetson/robot_ws/build/nav2_planner': AMENT_PREFIX_PATH=/home/jetson/robot_ws/install/nav2_core:/home/jetson/robot_ws/install/nav2_costmap_2d:/home/jetson/robot_ws/install/nav2_map_server:/home/jetson/robot_ws/install/nav2_lifecycle_manager:/home/jetson/robot_ws/install/nav2_util:/home/jetson/robot_ws/install/nav2_voxel_grid:/home/jetson/robot_ws/install/nav2_msgs:/home/jetson/robot_ws/install/nav2_common:${AMENT_PREFIX_PATH} CMAKE_PREFIX_PATH=/home/jetson/robot_ws/install/nav2_core:/home/jetson/robot_ws/install/nav2_costmap_2d:/home/jetson/robot_ws/install/nav2_map_server:/home/jetson/robot_ws/install/nav2_lifecycle_manager:/home/jetson/robot_ws/install/nav2_util:/home/jetson/robot_ws/install/nav2_voxel_grid:/home/jetson/robot_ws/install/nav2_msgs:/home/jetson/robot_ws/install/nav2_common:/opt/ros/humble LD_LIBRARY_PATH=/home/jetson/robot_ws/install/nav2_costmap_2d/lib:/home/jetson/robot_ws/install/nav2_map_server/lib:/home/jetson/robot_ws/install/nav2_lifecycle_manager/lib:/home/jetson/robot_ws/install/nav2_util/lib:/home/jetson/robot_ws/install/nav2_voxel_grid/lib:/home/jetson/robot_ws/install/nav2_msgs/lib:${LD_LIBRARY_PATH} PYTHONPATH=/home/jetson/robot_ws/install/nav2_msgs/local/lib/python3.10/dist-packages:/home/jetson/robot_ws/install/nav2_common/local/lib/python3.10/dist-packages:${PYTHONPATH} /usr/bin/cmake --build /home/jetson/robot_ws/build/nav2_planner -- -j6 -l6
[52.294s] [ 10%] [32mBuilding CXX object CMakeFiles/planner_server_core.dir/src/planner_server.cpp.o[0m
[103.419s] [ 20%] [32m[1mLinking CXX shared library libplanner_server_core.so[0m
[104.523s] [ 20%] Built target planner_server_core
[104.566s] [ 30%] [32mBuilding CXX object gtest/CMakeFiles/gtest.dir/src/gtest-all.cc.o[0m
[122.902s] [ 40%] [32m[1mLinking CXX static library libgtest.a[0m
[123.039s] [ 40%] Built target gtest
[123.135s] [ 50%] [32mBuilding CXX object CMakeFiles/planner_server.dir/src/main.cpp.o[0m
[136.984s] [ 60%] [32m[1mLinking CXX executable planner_server[0m
[137.718s] [ 60%] Built target planner_server
[137.754s] [ 70%] [32mBuilding CXX object gtest/CMakeFiles/gtest_main.dir/src/gtest_main.cc.o[0m
[139.740s] [ 80%] [32m[1mLinking CXX static library libgtest_main.a[0m
[139.806s] [ 80%] Built target gtest_main
[139.853s] [ 90%] [32mBuilding CXX object test/CMakeFiles/test_dynamic_parameters.dir/test_dynamic_parameters.cpp.o[0m
[155.268s] [100%] [32m[1mLinking CXX executable test_dynamic_parameters[0m
[156.087s] [100%] Built target test_dynamic_parameters
[156.120s] Invoked command in '/home/jetson/robot_ws/build/nav2_planner' returned '0': AMENT_PREFIX_PATH=/home/jetson/robot_ws/install/nav2_core:/home/jetson/robot_ws/install/nav2_costmap_2d:/home/jetson/robot_ws/install/nav2_map_server:/home/jetson/robot_ws/install/nav2_lifecycle_manager:/home/jetson/robot_ws/install/nav2_util:/home/jetson/robot_ws/install/nav2_voxel_grid:/home/jetson/robot_ws/install/nav2_msgs:/home/jetson/robot_ws/install/nav2_common:${AMENT_PREFIX_PATH} CMAKE_PREFIX_PATH=/home/jetson/robot_ws/install/nav2_core:/home/jetson/robot_ws/install/nav2_costmap_2d:/home/jetson/robot_ws/install/nav2_map_server:/home/jetson/robot_ws/install/nav2_lifecycle_manager:/home/jetson/robot_ws/install/nav2_util:/home/jetson/robot_ws/install/nav2_voxel_grid:/home/jetson/robot_ws/install/nav2_msgs:/home/jetson/robot_ws/install/nav2_common:/opt/ros/humble LD_LIBRARY_PATH=/home/jetson/robot_ws/install/nav2_costmap_2d/lib:/home/jetson/robot_ws/install/nav2_map_server/lib:/home/jetson/robot_ws/install/nav2_lifecycle_manager/lib:/home/jetson/robot_ws/install/nav2_util/lib:/home/jetson/robot_ws/install/nav2_voxel_grid/lib:/home/jetson/robot_ws/install/nav2_msgs/lib:${LD_LIBRARY_PATH} PYTHONPATH=/home/jetson/robot_ws/install/nav2_msgs/local/lib/python3.10/dist-packages:/home/jetson/robot_ws/install/nav2_common/local/lib/python3.10/dist-packages:${PYTHONPATH} /usr/bin/cmake --build /home/jetson/robot_ws/build/nav2_planner -- -j6 -l6
[156.121s] Invoking command in '/home/jetson/robot_ws/build/nav2_planner': AMENT_PREFIX_PATH=/home/jetson/robot_ws/install/nav2_core:/home/jetson/robot_ws/install/nav2_costmap_2d:/home/jetson/robot_ws/install/nav2_map_server:/home/jetson/robot_ws/install/nav2_lifecycle_manager:/home/jetson/robot_ws/install/nav2_util:/home/jetson/robot_ws/install/nav2_voxel_grid:/home/jetson/robot_ws/install/nav2_msgs:/home/jetson/robot_ws/install/nav2_common:${AMENT_PREFIX_PATH} CMAKE_PREFIX_PATH=/home/jetson/robot_ws/install/nav2_core:/home/jetson/robot_ws/install/nav2_costmap_2d:/home/jetson/robot_ws/install/nav2_map_server:/home/jetson/robot_ws/install/nav2_lifecycle_manager:/home/jetson/robot_ws/install/nav2_util:/home/jetson/robot_ws/install/nav2_voxel_grid:/home/jetson/robot_ws/install/nav2_msgs:/home/jetson/robot_ws/install/nav2_common:/opt/ros/humble LD_LIBRARY_PATH=/home/jetson/robot_ws/install/nav2_costmap_2d/lib:/home/jetson/robot_ws/install/nav2_map_server/lib:/home/jetson/robot_ws/install/nav2_lifecycle_manager/lib:/home/jetson/robot_ws/install/nav2_util/lib:/home/jetson/robot_ws/install/nav2_voxel_grid/lib:/home/jetson/robot_ws/install/nav2_msgs/lib:${LD_LIBRARY_PATH} PYTHONPATH=/home/jetson/robot_ws/install/nav2_msgs/local/lib/python3.10/dist-packages:/home/jetson/robot_ws/install/nav2_common/local/lib/python3.10/dist-packages:${PYTHONPATH} /usr/bin/cmake --install /home/jetson/robot_ws/build/nav2_planner
[156.133s] -- Install configuration: "Release"
[156.134s] -- Installing: /home/jetson/robot_ws/install/nav2_planner/lib/libplanner_server_core.so
[156.137s] -- Set runtime path of "/home/jetson/robot_ws/install/nav2_planner/lib/libplanner_server_core.so" to ""
[156.137s] -- Installing: /home/jetson/robot_ws/install/nav2_planner/lib/nav2_planner/planner_server
[156.138s] -- Set runtime path of "/home/jetson/robot_ws/install/nav2_planner/lib/nav2_planner/planner_server" to ""
[156.138s] -- Installing: /home/jetson/robot_ws/install/nav2_planner/include/
[156.138s] -- Installing: /home/jetson/robot_ws/install/nav2_planner/include//nav2_planner
[156.138s] -- Installing: /home/jetson/robot_ws/install/nav2_planner/include//nav2_planner/planner_server.hpp
[156.139s] -- Installing: /home/jetson/robot_ws/install/nav2_planner/share/nav2_planner/environment/library_path.sh
[156.139s] -- Installing: /home/jetson/robot_ws/install/nav2_planner/share/nav2_planner/environment/library_path.dsv
[156.139s] -- Installing: /home/jetson/robot_ws/install/nav2_planner/share/ament_index/resource_index/package_run_dependencies/nav2_planner
[156.140s] -- Installing: /home/jetson/robot_ws/install/nav2_planner/share/ament_index/resource_index/parent_prefix_path/nav2_planner
[156.140s] -- Installing: /home/jetson/robot_ws/install/nav2_planner/share/nav2_planner/environment/ament_prefix_path.sh
[156.141s] -- Installing: /home/jetson/robot_ws/install/nav2_planner/share/nav2_planner/environment/ament_prefix_path.dsv
[156.142s] -- Installing: /home/jetson/robot_ws/install/nav2_planner/share/nav2_planner/environment/path.sh
[156.142s] -- Installing: /home/jetson/robot_ws/install/nav2_planner/share/nav2_planner/environment/path.dsv
[156.142s] -- Installing: /home/jetson/robot_ws/install/nav2_planner/share/nav2_planner/local_setup.bash
[156.142s] -- Installing: /home/jetson/robot_ws/install/nav2_planner/share/nav2_planner/local_setup.sh
[156.142s] -- Installing: /home/jetson/robot_ws/install/nav2_planner/share/nav2_planner/local_setup.zsh
[156.143s] -- Installing: /home/jetson/robot_ws/install/nav2_planner/share/nav2_planner/local_setup.dsv
[156.143s] -- Installing: /home/jetson/robot_ws/install/nav2_planner/share/nav2_planner/package.dsv
[156.144s] -- Installing: /home/jetson/robot_ws/install/nav2_planner/share/ament_index/resource_index/packages/nav2_planner
[156.144s] -- Installing: /home/jetson/robot_ws/install/nav2_planner/share/ament_index/resource_index/rclcpp_components/nav2_planner
[156.146s] -- Installing: /home/jetson/robot_ws/install/nav2_planner/share/nav2_planner/cmake/ament_cmake_export_include_directories-extras.cmake
[156.147s] -- Installing: /home/jetson/robot_ws/install/nav2_planner/share/nav2_planner/cmake/ament_cmake_export_libraries-extras.cmake
[156.147s] -- Installing: /home/jetson/robot_ws/install/nav2_planner/share/nav2_planner/cmake/ament_cmake_export_dependencies-extras.cmake
[156.147s] -- Installing: /home/jetson/robot_ws/install/nav2_planner/share/nav2_planner/cmake/nav2_plannerConfig.cmake
[156.147s] -- Installing: /home/jetson/robot_ws/install/nav2_planner/share/nav2_planner/cmake/nav2_plannerConfig-version.cmake
[156.147s] -- Installing: /home/jetson/robot_ws/install/nav2_planner/share/nav2_planner/package.xml
[156.153s] Invoked command in '/home/jetson/robot_ws/build/nav2_planner' returned '0': AMENT_PREFIX_PATH=/home/jetson/robot_ws/install/nav2_core:/home/jetson/robot_ws/install/nav2_costmap_2d:/home/jetson/robot_ws/install/nav2_map_server:/home/jetson/robot_ws/install/nav2_lifecycle_manager:/home/jetson/robot_ws/install/nav2_util:/home/jetson/robot_ws/install/nav2_voxel_grid:/home/jetson/robot_ws/install/nav2_msgs:/home/jetson/robot_ws/install/nav2_common:${AMENT_PREFIX_PATH} CMAKE_PREFIX_PATH=/home/jetson/robot_ws/install/nav2_core:/home/jetson/robot_ws/install/nav2_costmap_2d:/home/jetson/robot_ws/install/nav2_map_server:/home/jetson/robot_ws/install/nav2_lifecycle_manager:/home/jetson/robot_ws/install/nav2_util:/home/jetson/robot_ws/install/nav2_voxel_grid:/home/jetson/robot_ws/install/nav2_msgs:/home/jetson/robot_ws/install/nav2_common:/opt/ros/humble LD_LIBRARY_PATH=/home/jetson/robot_ws/install/nav2_costmap_2d/lib:/home/jetson/robot_ws/install/nav2_map_server/lib:/home/jetson/robot_ws/install/nav2_lifecycle_manager/lib:/home/jetson/robot_ws/install/nav2_util/lib:/home/jetson/robot_ws/install/nav2_voxel_grid/lib:/home/jetson/robot_ws/install/nav2_msgs/lib:${LD_LIBRARY_PATH} PYTHONPATH=/home/jetson/robot_ws/install/nav2_msgs/local/lib/python3.10/dist-packages:/home/jetson/robot_ws/install/nav2_common/local/lib/python3.10/dist-packages:${PYTHONPATH} /usr/bin/cmake --install /home/jetson/robot_ws/build/nav2_planner
