[0.191s] DEBUG:colcon:Command line arguments: ['/usr/bin/colcon', 'build']
[0.191s] DEBUG:colcon:Parsed command line arguments: Namespace(log_base=None, log_level=None, verb_name='build', build_base='build', install_base='install', merge_install=False, symlink_install=False, test_result_base=None, continue_on_error=False, executor='parallel', parallel_workers=6, event_handlers=None, ignore_user_meta=False, metas=['./colcon.meta'], base_paths=['.'], packages_ignore=None, packages_ignore_regex=None, paths=None, packages_up_to=None, packages_up_to_regex=None, packages_above=None, packages_above_and_dependencies=None, packages_above_depth=None, packages_select_by_dep=None, packages_skip_by_dep=None, packages_skip_up_to=None, packages_select_build_failed=False, packages_skip_build_finished=False, packages_select_test_failures=False, packages_skip_test_passed=False, packages_select=None, packages_skip=None, packages_select_regex=None, packages_skip_regex=None, packages_start=None, packages_end=None, allow_overriding=[], cmake_args=None, cmake_target=None, cmake_target_skip_unavailable=False, cmake_clean_cache=False, cmake_clean_first=False, cmake_force_configure=False, ament_cmake_args=None, catkin_cmake_args=None, catkin_skip_building_tests=False, verb_parser=<colcon_defaults.argument_parser.defaults.DefaultArgumentsDecorator object at 0xffff95404880>, verb_extension=<colcon_core.verb.build.BuildVerb object at 0xffff955c1bd0>, main=<bound method BuildVerb.main of <colcon_core.verb.build.BuildVerb object at 0xffff955c1bd0>>)
[0.483s] Level 1:colcon.colcon_core.package_discovery:discover_packages(colcon_meta) check parameters
[0.484s] Level 1:colcon.colcon_core.package_discovery:discover_packages(recursive) check parameters
[0.484s] Level 1:colcon.colcon_core.package_discovery:discover_packages(ignore) check parameters
[0.484s] Level 1:colcon.colcon_core.package_discovery:discover_packages(path) check parameters
[0.484s] Level 1:colcon.colcon_core.package_discovery:discover_packages(colcon_meta) discover
[0.484s] Level 1:colcon.colcon_core.package_discovery:discover_packages(recursive) discover
[0.484s] INFO:colcon.colcon_core.package_discovery:Crawling recursively for packages in '/home/jetson/servicerobot_ws/src/servicerobot_slam'
[0.485s] Level 1:colcon.colcon_core.package_identification:_identify(.) by extensions ['ignore', 'ignore_ament_install']
[0.485s] Level 1:colcon.colcon_core.package_identification:_identify(.) by extension 'ignore'
[0.485s] Level 1:colcon.colcon_core.package_identification:_identify(.) by extension 'ignore_ament_install'
[0.485s] Level 1:colcon.colcon_core.package_identification:_identify(.) by extensions ['colcon_pkg']
[0.485s] Level 1:colcon.colcon_core.package_identification:_identify(.) by extension 'colcon_pkg'
[0.485s] Level 1:colcon.colcon_core.package_identification:_identify(.) by extensions ['colcon_meta']
[0.485s] Level 1:colcon.colcon_core.package_identification:_identify(.) by extension 'colcon_meta'
[0.485s] Level 1:colcon.colcon_core.package_identification:_identify(.) by extensions ['ros']
[0.485s] Level 1:colcon.colcon_core.package_identification:_identify(.) by extension 'ros'
[0.510s] DEBUG:colcon.colcon_core.package_identification:Package '.' with type 'ros.ament_cmake' and name 'servicerobot_slam'
[0.510s] Level 1:colcon.colcon_core.package_discovery:discover_packages(recursive) using defaults
[0.510s] Level 1:colcon.colcon_core.package_discovery:discover_packages(ignore) discover
[0.511s] Level 1:colcon.colcon_core.package_discovery:discover_packages(ignore) using defaults
[0.511s] Level 1:colcon.colcon_core.package_discovery:discover_packages(path) discover
[0.511s] Level 1:colcon.colcon_core.package_discovery:discover_packages(path) using defaults
[0.545s] Level 1:colcon.colcon_core.package_discovery:discover_packages(prefix_path) check parameters
[0.546s] Level 1:colcon.colcon_core.package_discovery:discover_packages(prefix_path) discover
[0.549s] DEBUG:colcon.colcon_installed_package_information.package_discovery:Found 2 installed packages in /home/jetson/servicerobot_ws/install
[0.550s] DEBUG:colcon.colcon_installed_package_information.package_discovery:Found 2 installed packages in /home/jetson/robot_ws/install
[0.552s] DEBUG:colcon.colcon_installed_package_information.package_discovery:Found 281 installed packages in /opt/ros/humble
[0.556s] Level 1:colcon.colcon_core.package_discovery:discover_packages(prefix_path) using defaults
[0.653s] Level 5:colcon.colcon_core.verb:set package 'servicerobot_slam' build argument 'cmake_args' from command line to 'None'
[0.653s] Level 5:colcon.colcon_core.verb:set package 'servicerobot_slam' build argument 'cmake_target' from command line to 'None'
[0.653s] Level 5:colcon.colcon_core.verb:set package 'servicerobot_slam' build argument 'cmake_target_skip_unavailable' from command line to 'False'
[0.653s] Level 5:colcon.colcon_core.verb:set package 'servicerobot_slam' build argument 'cmake_clean_cache' from command line to 'False'
[0.653s] Level 5:colcon.colcon_core.verb:set package 'servicerobot_slam' build argument 'cmake_clean_first' from command line to 'False'
[0.653s] Level 5:colcon.colcon_core.verb:set package 'servicerobot_slam' build argument 'cmake_force_configure' from command line to 'False'
[0.653s] Level 5:colcon.colcon_core.verb:set package 'servicerobot_slam' build argument 'ament_cmake_args' from command line to 'None'
[0.653s] Level 5:colcon.colcon_core.verb:set package 'servicerobot_slam' build argument 'catkin_cmake_args' from command line to 'None'
[0.653s] Level 5:colcon.colcon_core.verb:set package 'servicerobot_slam' build argument 'catkin_skip_building_tests' from command line to 'False'
[0.653s] DEBUG:colcon.colcon_core.verb:Building package 'servicerobot_slam' with the following arguments: {'ament_cmake_args': None, 'build_base': '/home/jetson/servicerobot_ws/src/servicerobot_slam/build/servicerobot_slam', 'catkin_cmake_args': None, 'catkin_skip_building_tests': False, 'cmake_args': None, 'cmake_clean_cache': False, 'cmake_clean_first': False, 'cmake_force_configure': False, 'cmake_target': None, 'cmake_target_skip_unavailable': False, 'install_base': '/home/jetson/servicerobot_ws/src/servicerobot_slam/install/servicerobot_slam', 'merge_install': False, 'path': '/home/jetson/servicerobot_ws/src/servicerobot_slam', 'symlink_install': False, 'test_result_base': None}
[0.653s] INFO:colcon.colcon_core.executor:Executing jobs using 'parallel' executor
[0.655s] DEBUG:colcon.colcon_parallel_executor.executor.parallel:run_until_complete
[0.656s] INFO:colcon.colcon_ros.task.ament_cmake.build:Building ROS package in '/home/jetson/servicerobot_ws/src/servicerobot_slam' with build type 'ament_cmake'
[0.656s] INFO:colcon.colcon_cmake.task.cmake.build:Building CMake package in '/home/jetson/servicerobot_ws/src/servicerobot_slam'
[0.660s] INFO:colcon.colcon_core.plugin_system:Skipping extension 'colcon_core.shell.bat': Not used on non-Windows systems
[0.660s] INFO:colcon.colcon_core.shell:Skip shell extension 'powershell' for command environment: Not usable outside of PowerShell
[0.660s] DEBUG:colcon.colcon_core.shell:Skip shell extension 'dsv' for command environment
[0.672s] DEBUG:colcon.colcon_core.event_handler.log_command:Invoking command in '/home/jetson/servicerobot_ws/src/servicerobot_slam/build/servicerobot_slam': CMAKE_PREFIX_PATH=${CMAKE_PREFIX_PATH}:/home/jetson/robot_ws/install/servicerobot_teleop:/home/jetson/robot_ws/install/servicerobot_joy:/opt/ros/humble /usr/bin/cmake /home/jetson/servicerobot_ws/src/servicerobot_slam -DCMAKE_INSTALL_PREFIX=/home/jetson/servicerobot_ws/src/servicerobot_slam/install/servicerobot_slam
[2.110s] DEBUG:colcon.colcon_core.event_handler.log_command:Invoked command in '/home/jetson/servicerobot_ws/src/servicerobot_slam/build/servicerobot_slam' returned '0': CMAKE_PREFIX_PATH=${CMAKE_PREFIX_PATH}:/home/jetson/robot_ws/install/servicerobot_teleop:/home/jetson/robot_ws/install/servicerobot_joy:/opt/ros/humble /usr/bin/cmake /home/jetson/servicerobot_ws/src/servicerobot_slam -DCMAKE_INSTALL_PREFIX=/home/jetson/servicerobot_ws/src/servicerobot_slam/install/servicerobot_slam
[2.117s] DEBUG:colcon.colcon_core.event_handler.log_command:Invoking command in '/home/jetson/servicerobot_ws/src/servicerobot_slam/build/servicerobot_slam': CMAKE_PREFIX_PATH=${CMAKE_PREFIX_PATH}:/home/jetson/robot_ws/install/servicerobot_teleop:/home/jetson/robot_ws/install/servicerobot_joy:/opt/ros/humble /usr/bin/cmake --build /home/jetson/servicerobot_ws/src/servicerobot_slam/build/servicerobot_slam -- -j6 -l6
[2.186s] DEBUG:colcon.colcon_core.event_handler.log_command:Invoked command in '/home/jetson/servicerobot_ws/src/servicerobot_slam/build/servicerobot_slam' returned '0': CMAKE_PREFIX_PATH=${CMAKE_PREFIX_PATH}:/home/jetson/robot_ws/install/servicerobot_teleop:/home/jetson/robot_ws/install/servicerobot_joy:/opt/ros/humble /usr/bin/cmake --build /home/jetson/servicerobot_ws/src/servicerobot_slam/build/servicerobot_slam -- -j6 -l6
[2.209s] DEBUG:colcon.colcon_core.event_handler.log_command:Invoking command in '/home/jetson/servicerobot_ws/src/servicerobot_slam/build/servicerobot_slam': CMAKE_PREFIX_PATH=${CMAKE_PREFIX_PATH}:/home/jetson/robot_ws/install/servicerobot_teleop:/home/jetson/robot_ws/install/servicerobot_joy:/opt/ros/humble /usr/bin/cmake --install /home/jetson/servicerobot_ws/src/servicerobot_slam/build/servicerobot_slam
[2.235s] Level 1:colcon.colcon_core.environment:create_environment_scripts_only(servicerobot_slam)
[2.237s] DEBUG:colcon.colcon_core.event_handler.log_command:Invoked command in '/home/jetson/servicerobot_ws/src/servicerobot_slam/build/servicerobot_slam' returned '0': CMAKE_PREFIX_PATH=${CMAKE_PREFIX_PATH}:/home/jetson/robot_ws/install/servicerobot_teleop:/home/jetson/robot_ws/install/servicerobot_joy:/opt/ros/humble /usr/bin/cmake --install /home/jetson/servicerobot_ws/src/servicerobot_slam/build/servicerobot_slam
[2.245s] Level 1:colcon.colcon_core.environment:checking '/home/jetson/servicerobot_ws/src/servicerobot_slam/install/servicerobot_slam' for CMake module files
[2.247s] Level 1:colcon.colcon_core.environment:checking '/home/jetson/servicerobot_ws/src/servicerobot_slam/install/servicerobot_slam' for CMake config files
[2.248s] Level 1:colcon.colcon_core.shell:create_environment_hook('servicerobot_slam', 'cmake_prefix_path')
[2.249s] INFO:colcon.colcon_core.shell:Creating environment hook '/home/jetson/servicerobot_ws/src/servicerobot_slam/install/servicerobot_slam/share/servicerobot_slam/hook/cmake_prefix_path.ps1'
[2.251s] INFO:colcon.colcon_core.shell:Creating environment descriptor '/home/jetson/servicerobot_ws/src/servicerobot_slam/install/servicerobot_slam/share/servicerobot_slam/hook/cmake_prefix_path.dsv'
[2.253s] INFO:colcon.colcon_core.shell:Creating environment hook '/home/jetson/servicerobot_ws/src/servicerobot_slam/install/servicerobot_slam/share/servicerobot_slam/hook/cmake_prefix_path.sh'
[2.256s] Level 1:colcon.colcon_core.environment:checking '/home/jetson/servicerobot_ws/src/servicerobot_slam/install/servicerobot_slam/bin'
[2.256s] Level 1:colcon.colcon_core.environment:checking '/home/jetson/servicerobot_ws/src/servicerobot_slam/install/servicerobot_slam/lib/pkgconfig/servicerobot_slam.pc'
[2.257s] Level 1:colcon.colcon_core.environment:checking '/home/jetson/servicerobot_ws/src/servicerobot_slam/install/servicerobot_slam/lib/python3.10/site-packages'
[2.258s] Level 1:colcon.colcon_core.environment:checking '/home/jetson/servicerobot_ws/src/servicerobot_slam/install/servicerobot_slam/bin'
[2.259s] INFO:colcon.colcon_core.shell:Creating package script '/home/jetson/servicerobot_ws/src/servicerobot_slam/install/servicerobot_slam/share/servicerobot_slam/package.ps1'
[2.263s] INFO:colcon.colcon_core.shell:Creating package descriptor '/home/jetson/servicerobot_ws/src/servicerobot_slam/install/servicerobot_slam/share/servicerobot_slam/package.dsv'
[2.265s] INFO:colcon.colcon_core.shell:Creating package script '/home/jetson/servicerobot_ws/src/servicerobot_slam/install/servicerobot_slam/share/servicerobot_slam/package.sh'
[2.267s] INFO:colcon.colcon_core.shell:Creating package script '/home/jetson/servicerobot_ws/src/servicerobot_slam/install/servicerobot_slam/share/servicerobot_slam/package.bash'
[2.270s] INFO:colcon.colcon_core.shell:Creating package script '/home/jetson/servicerobot_ws/src/servicerobot_slam/install/servicerobot_slam/share/servicerobot_slam/package.zsh'
[2.273s] Level 1:colcon.colcon_core.environment:create_file_with_runtime_dependencies(/home/jetson/servicerobot_ws/src/servicerobot_slam/install/servicerobot_slam/share/colcon-core/packages/servicerobot_slam)
[2.275s] Level 1:colcon.colcon_core.environment:create_environment_scripts_only(servicerobot_slam)
[2.276s] Level 1:colcon.colcon_core.environment:checking '/home/jetson/servicerobot_ws/src/servicerobot_slam/install/servicerobot_slam' for CMake module files
[2.277s] Level 1:colcon.colcon_core.environment:checking '/home/jetson/servicerobot_ws/src/servicerobot_slam/install/servicerobot_slam' for CMake config files
[2.278s] Level 1:colcon.colcon_core.shell:create_environment_hook('servicerobot_slam', 'cmake_prefix_path')
[2.279s] INFO:colcon.colcon_core.shell:Creating environment hook '/home/jetson/servicerobot_ws/src/servicerobot_slam/install/servicerobot_slam/share/servicerobot_slam/hook/cmake_prefix_path.ps1'
[2.281s] INFO:colcon.colcon_core.shell:Creating environment descriptor '/home/jetson/servicerobot_ws/src/servicerobot_slam/install/servicerobot_slam/share/servicerobot_slam/hook/cmake_prefix_path.dsv'
[2.282s] INFO:colcon.colcon_core.shell:Creating environment hook '/home/jetson/servicerobot_ws/src/servicerobot_slam/install/servicerobot_slam/share/servicerobot_slam/hook/cmake_prefix_path.sh'
[2.284s] Level 1:colcon.colcon_core.environment:checking '/home/jetson/servicerobot_ws/src/servicerobot_slam/install/servicerobot_slam/bin'
[2.284s] Level 1:colcon.colcon_core.environment:checking '/home/jetson/servicerobot_ws/src/servicerobot_slam/install/servicerobot_slam/lib/pkgconfig/servicerobot_slam.pc'
[2.285s] Level 1:colcon.colcon_core.environment:checking '/home/jetson/servicerobot_ws/src/servicerobot_slam/install/servicerobot_slam/lib/python3.10/site-packages'
[2.286s] Level 1:colcon.colcon_core.environment:checking '/home/jetson/servicerobot_ws/src/servicerobot_slam/install/servicerobot_slam/bin'
[2.287s] INFO:colcon.colcon_core.shell:Creating package script '/home/jetson/servicerobot_ws/src/servicerobot_slam/install/servicerobot_slam/share/servicerobot_slam/package.ps1'
[2.290s] INFO:colcon.colcon_core.shell:Creating package descriptor '/home/jetson/servicerobot_ws/src/servicerobot_slam/install/servicerobot_slam/share/servicerobot_slam/package.dsv'
[2.291s] INFO:colcon.colcon_core.shell:Creating package script '/home/jetson/servicerobot_ws/src/servicerobot_slam/install/servicerobot_slam/share/servicerobot_slam/package.sh'
[2.293s] INFO:colcon.colcon_core.shell:Creating package script '/home/jetson/servicerobot_ws/src/servicerobot_slam/install/servicerobot_slam/share/servicerobot_slam/package.bash'
[2.294s] INFO:colcon.colcon_core.shell:Creating package script '/home/jetson/servicerobot_ws/src/servicerobot_slam/install/servicerobot_slam/share/servicerobot_slam/package.zsh'
[2.295s] Level 1:colcon.colcon_core.environment:create_file_with_runtime_dependencies(/home/jetson/servicerobot_ws/src/servicerobot_slam/install/servicerobot_slam/share/colcon-core/packages/servicerobot_slam)
[2.296s] DEBUG:colcon.colcon_parallel_executor.executor.parallel:closing loop
[2.297s] DEBUG:colcon.colcon_parallel_executor.executor.parallel:loop closed
[2.297s] DEBUG:colcon.colcon_parallel_executor.executor.parallel:run_until_complete finished with '0'
[2.298s] DEBUG:colcon.colcon_core.event_reactor:joining thread
[2.316s] INFO:colcon.colcon_core.plugin_system:Skipping extension 'colcon_notification.desktop_notification.terminal_notifier': Not used on non-Darwin systems
[2.316s] INFO:colcon.colcon_core.plugin_system:Skipping extension 'colcon_notification.desktop_notification.win32': Not used on non-Windows systems
[2.316s] INFO:colcon.colcon_notification.desktop_notification:Sending desktop notification using 'notify2'
[2.345s] DEBUG:colcon.colcon_notification.desktop_notification.notify2:Failed to initialize notify2: org.freedesktop.DBus.Error.Spawn.ChildExited: Process org.freedesktop.Notifications exited with status 1
[2.346s] DEBUG:colcon.colcon_core.event_reactor:joined thread
[2.347s] INFO:colcon.colcon_core.shell:Creating prefix script '/home/jetson/servicerobot_ws/src/servicerobot_slam/install/local_setup.ps1'
[2.350s] INFO:colcon.colcon_core.shell:Creating prefix util module '/home/jetson/servicerobot_ws/src/servicerobot_slam/install/_local_setup_util_ps1.py'
[2.355s] INFO:colcon.colcon_core.shell:Creating prefix chain script '/home/jetson/servicerobot_ws/src/servicerobot_slam/install/setup.ps1'
[2.361s] INFO:colcon.colcon_core.shell:Creating prefix script '/home/jetson/servicerobot_ws/src/servicerobot_slam/install/local_setup.sh'
[2.363s] INFO:colcon.colcon_core.shell:Creating prefix util module '/home/jetson/servicerobot_ws/src/servicerobot_slam/install/_local_setup_util_sh.py'
[2.365s] INFO:colcon.colcon_core.shell:Creating prefix chain script '/home/jetson/servicerobot_ws/src/servicerobot_slam/install/setup.sh'
[2.369s] INFO:colcon.colcon_core.shell:Creating prefix script '/home/jetson/servicerobot_ws/src/servicerobot_slam/install/local_setup.bash'
[2.371s] INFO:colcon.colcon_core.shell:Creating prefix chain script '/home/jetson/servicerobot_ws/src/servicerobot_slam/install/setup.bash'
[2.375s] INFO:colcon.colcon_core.shell:Creating prefix script '/home/jetson/servicerobot_ws/src/servicerobot_slam/install/local_setup.zsh'
[2.377s] INFO:colcon.colcon_core.shell:Creating prefix chain script '/home/jetson/servicerobot_ws/src/servicerobot_slam/install/setup.zsh'
