[0.145s] Invoking command in '/home/jetson/robot_ws/build/nav2_bt_navigator': AMENT_PREFIX_PATH=/home/jetson/robot_ws/install/nav2_core:/home/jetson/robot_ws/install/nav2_costmap_2d:/home/jetson/robot_ws/install/nav2_map_server:/home/jetson/robot_ws/install/nav2_lifecycle_manager:/home/jetson/robot_ws/install/nav2_behavior_tree:/home/jetson/robot_ws/install/nav2_util:/home/jetson/robot_ws/install/nav2_voxel_grid:/home/jetson/robot_ws/install/nav2_msgs:/home/jetson/robot_ws/install/nav2_common:${AMENT_PREFIX_PATH} CMAKE_PREFIX_PATH=/home/jetson/robot_ws/install/nav2_core:/home/jetson/robot_ws/install/nav2_costmap_2d:/home/jetson/robot_ws/install/nav2_map_server:/home/jetson/robot_ws/install/nav2_lifecycle_manager:/home/jetson/robot_ws/install/nav2_behavior_tree:/home/jetson/robot_ws/install/nav2_util:/home/jetson/robot_ws/install/nav2_voxel_grid:/home/jetson/robot_ws/install/nav2_msgs:/home/jetson/robot_ws/install/nav2_common:/opt/ros/humble LD_LIBRARY_PATH=/home/jetson/robot_ws/install/nav2_costmap_2d/lib:/home/jetson/robot_ws/install/nav2_map_server/lib:/home/jetson/robot_ws/install/nav2_lifecycle_manager/lib:/home/jetson/robot_ws/install/nav2_behavior_tree/lib:/home/jetson/robot_ws/install/nav2_util/lib:/home/jetson/robot_ws/install/nav2_voxel_grid/lib:/home/jetson/robot_ws/install/nav2_msgs/lib:${LD_LIBRARY_PATH} PYTHONPATH=/home/jetson/robot_ws/install/nav2_msgs/local/lib/python3.10/dist-packages:/home/jetson/robot_ws/install/nav2_common/local/lib/python3.10/dist-packages:${PYTHONPATH} /usr/bin/cmake /home/jetson/robot_ws/src/navigation2/nav2_bt_navigator -DCMAKE_INSTALL_PREFIX=/home/jetson/robot_ws/install/nav2_bt_navigator
[33.132s] -- The C compiler identification is GNU 11.4.0
[33.133s] -- The CXX compiler identification is GNU 11.4.0
[33.147s] -- Detecting C compiler ABI info
[33.148s] -- Detecting C compiler ABI info - done
[33.148s] -- Check for working C compiler: /usr/bin/cc - skipped
[33.149s] -- Detecting C compile features
[33.149s] -- Detecting C compile features - done
[33.149s] -- Detecting CXX compiler ABI info
[33.149s] -- Detecting CXX compiler ABI info - done
[33.149s] -- Check for working CXX compiler: /usr/bin/c++ - skipped
[33.149s] -- Detecting CXX compile features
[33.149s] -- Detecting CXX compile features - done
[33.149s] -- Found ament_cmake: 1.3.12 (/opt/ros/humble/share/ament_cmake/cmake)
[33.149s] -- Found Python3: /usr/bin/python3 (found version "3.10.12") found components: Interpreter 
[33.149s] -- Found nav2_common: 1.1.20 (/home/jetson/robot_ws/install/nav2_common/share/nav2_common/cmake)
[33.150s] -- Found rclcpp: 16.0.15 (/opt/ros/humble/share/rclcpp/cmake)
[33.150s] -- Found rosidl_generator_c: 3.1.7 (/opt/ros/humble/share/rosidl_generator_c/cmake)
[33.150s] -- Found rosidl_adapter: 3.1.7 (/opt/ros/humble/share/rosidl_adapter/cmake)
[33.150s] -- Found rosidl_generator_cpp: 3.1.7 (/opt/ros/humble/share/rosidl_generator_cpp/cmake)
[33.150s] -- Using all available rosidl_typesupport_c: rosidl_typesupport_fastrtps_c;rosidl_typesupport_introspection_c
[33.150s] -- Using all available rosidl_typesupport_cpp: rosidl_typesupport_fastrtps_cpp;rosidl_typesupport_introspection_cpp
[33.150s] -- Found rmw_implementation_cmake: 6.1.2 (/opt/ros/humble/share/rmw_implementation_cmake/cmake)
[33.150s] -- Found rmw_fastrtps_cpp: 6.2.9 (/opt/ros/humble/share/rmw_fastrtps_cpp/cmake)
[33.150s] -- Found OpenSSL: /usr/lib/aarch64-linux-gnu/libcrypto.so (found version "3.0.2")  
[33.151s] -- Found FastRTPS: /opt/ros/humble/include  
[33.151s] -- Using RMW implementation 'rmw_fastrtps_cpp' as default
[33.151s] -- Looking for pthread.h
[33.151s] -- Looking for pthread.h - found
[33.151s] -- Performing Test CMAKE_HAVE_LIBC_PTHREAD
[33.151s] -- Performing Test CMAKE_HAVE_LIBC_PTHREAD - Success
[33.151s] -- Found Threads: TRUE  
[33.151s] -- Found rclcpp_action: 16.0.15 (/opt/ros/humble/share/rclcpp_action/cmake)
[33.151s] -- Found rclcpp_lifecycle: 16.0.15 (/opt/ros/humble/share/rclcpp_lifecycle/cmake)
[33.151s] -- Found rclcpp_components: 16.0.15 (/opt/ros/humble/share/rclcpp_components/cmake)
[33.152s] -- Found geometry_msgs: 4.9.0 (/opt/ros/humble/share/geometry_msgs/cmake)
[33.152s] -- Found nav2_behavior_tree: 1.1.20 (/home/jetson/robot_ws/install/nav2_behavior_tree/share/nav2_behavior_tree/cmake)
[33.152s] -- Found eigen3_cmake_module: 0.1.1 (/opt/ros/humble/share/eigen3_cmake_module/cmake)
[33.152s] -- Found Eigen3: TRUE (found version "3.4.0") 
[33.152s] -- Ensuring Eigen3 include directory is part of orocos-kdl CMake target
[33.152s] -- Found nav2_core: 1.1.20 (/home/jetson/robot_ws/install/nav2_core/share/nav2_core/cmake)
[33.152s] -- Setting build type to Release as none was specified.
[33.152s] -- Found ament_lint_auto: 0.12.14 (/opt/ros/humble/share/ament_lint_auto/cmake)
[33.152s] -- Added test 'copyright' to check source files copyright and LICENSE
[33.152s] -- Added test 'cppcheck' to perform static code analysis on C / C++ code
[33.153s] -- Configured cppcheck include dirs: /home/jetson/robot_ws/src/navigation2/nav2_bt_navigator/include
[33.153s] -- Configured cppcheck exclude dirs and/or files: 
[33.153s] -- Added test 'cpplint' to check C / C++ code against the Google style
[33.153s] -- Configured cpplint exclude dirs and/or files: 
[33.153s] -- Added test 'lint_cmake' to check CMake code style
[33.153s] -- Added test 'uncrustify' to check C / C++ code style
[33.153s] -- Configured uncrustify additional arguments: 
[33.153s] -- Added test 'xmllint' to check XML markup files
[33.153s] -- Configuring done
[33.153s] -- Generating done
[33.153s] -- Build files have been written to: /home/jetson/robot_ws/build/nav2_bt_navigator
[33.161s] Invoked command in '/home/jetson/robot_ws/build/nav2_bt_navigator' returned '0': AMENT_PREFIX_PATH=/home/jetson/robot_ws/install/nav2_core:/home/jetson/robot_ws/install/nav2_costmap_2d:/home/jetson/robot_ws/install/nav2_map_server:/home/jetson/robot_ws/install/nav2_lifecycle_manager:/home/jetson/robot_ws/install/nav2_behavior_tree:/home/jetson/robot_ws/install/nav2_util:/home/jetson/robot_ws/install/nav2_voxel_grid:/home/jetson/robot_ws/install/nav2_msgs:/home/jetson/robot_ws/install/nav2_common:${AMENT_PREFIX_PATH} CMAKE_PREFIX_PATH=/home/jetson/robot_ws/install/nav2_core:/home/jetson/robot_ws/install/nav2_costmap_2d:/home/jetson/robot_ws/install/nav2_map_server:/home/jetson/robot_ws/install/nav2_lifecycle_manager:/home/jetson/robot_ws/install/nav2_behavior_tree:/home/jetson/robot_ws/install/nav2_util:/home/jetson/robot_ws/install/nav2_voxel_grid:/home/jetson/robot_ws/install/nav2_msgs:/home/jetson/robot_ws/install/nav2_common:/opt/ros/humble LD_LIBRARY_PATH=/home/jetson/robot_ws/install/nav2_costmap_2d/lib:/home/jetson/robot_ws/install/nav2_map_server/lib:/home/jetson/robot_ws/install/nav2_lifecycle_manager/lib:/home/jetson/robot_ws/install/nav2_behavior_tree/lib:/home/jetson/robot_ws/install/nav2_util/lib:/home/jetson/robot_ws/install/nav2_voxel_grid/lib:/home/jetson/robot_ws/install/nav2_msgs/lib:${LD_LIBRARY_PATH} PYTHONPATH=/home/jetson/robot_ws/install/nav2_msgs/local/lib/python3.10/dist-packages:/home/jetson/robot_ws/install/nav2_common/local/lib/python3.10/dist-packages:${PYTHONPATH} /usr/bin/cmake /home/jetson/robot_ws/src/navigation2/nav2_bt_navigator -DCMAKE_INSTALL_PREFIX=/home/jetson/robot_ws/install/nav2_bt_navigator
[33.175s] Invoking command in '/home/jetson/robot_ws/build/nav2_bt_navigator': AMENT_PREFIX_PATH=/home/jetson/robot_ws/install/nav2_core:/home/jetson/robot_ws/install/nav2_costmap_2d:/home/jetson/robot_ws/install/nav2_map_server:/home/jetson/robot_ws/install/nav2_lifecycle_manager:/home/jetson/robot_ws/install/nav2_behavior_tree:/home/jetson/robot_ws/install/nav2_util:/home/jetson/robot_ws/install/nav2_voxel_grid:/home/jetson/robot_ws/install/nav2_msgs:/home/jetson/robot_ws/install/nav2_common:${AMENT_PREFIX_PATH} CMAKE_PREFIX_PATH=/home/jetson/robot_ws/install/nav2_core:/home/jetson/robot_ws/install/nav2_costmap_2d:/home/jetson/robot_ws/install/nav2_map_server:/home/jetson/robot_ws/install/nav2_lifecycle_manager:/home/jetson/robot_ws/install/nav2_behavior_tree:/home/jetson/robot_ws/install/nav2_util:/home/jetson/robot_ws/install/nav2_voxel_grid:/home/jetson/robot_ws/install/nav2_msgs:/home/jetson/robot_ws/install/nav2_common:/opt/ros/humble LD_LIBRARY_PATH=/home/jetson/robot_ws/install/nav2_costmap_2d/lib:/home/jetson/robot_ws/install/nav2_map_server/lib:/home/jetson/robot_ws/install/nav2_lifecycle_manager/lib:/home/jetson/robot_ws/install/nav2_behavior_tree/lib:/home/jetson/robot_ws/install/nav2_util/lib:/home/jetson/robot_ws/install/nav2_voxel_grid/lib:/home/jetson/robot_ws/install/nav2_msgs/lib:${LD_LIBRARY_PATH} PYTHONPATH=/home/jetson/robot_ws/install/nav2_msgs/local/lib/python3.10/dist-packages:/home/jetson/robot_ws/install/nav2_common/local/lib/python3.10/dist-packages:${PYTHONPATH} /usr/bin/cmake --build /home/jetson/robot_ws/build/nav2_bt_navigator -- -j6 -l6
[33.478s] [ 16%] [32mBuilding CXX object CMakeFiles/bt_navigator_core.dir/src/bt_navigator.cpp.o[0m
[90.926s] [ 33%] [32mBuilding CXX object CMakeFiles/bt_navigator_core.dir/src/navigators/navigate_through_poses.cpp.o[0m
[115.157s] [ 50%] [32mBuilding CXX object CMakeFiles/bt_navigator_core.dir/src/navigators/navigate_to_pose.cpp.o[0m
[157.691s] [ 66%] [32m[1mLinking CXX shared library libbt_navigator_core.so[0m
[158.954s] [ 66%] Built target bt_navigator_core
[159.001s] [ 83%] [32mBuilding CXX object CMakeFiles/bt_navigator.dir/src/main.cpp.o[0m
[172.812s] [100%] [32m[1mLinking CXX executable bt_navigator[0m
[173.947s] [100%] Built target bt_navigator
[173.982s] Invoked command in '/home/jetson/robot_ws/build/nav2_bt_navigator' returned '0': AMENT_PREFIX_PATH=/home/jetson/robot_ws/install/nav2_core:/home/jetson/robot_ws/install/nav2_costmap_2d:/home/jetson/robot_ws/install/nav2_map_server:/home/jetson/robot_ws/install/nav2_lifecycle_manager:/home/jetson/robot_ws/install/nav2_behavior_tree:/home/jetson/robot_ws/install/nav2_util:/home/jetson/robot_ws/install/nav2_voxel_grid:/home/jetson/robot_ws/install/nav2_msgs:/home/jetson/robot_ws/install/nav2_common:${AMENT_PREFIX_PATH} CMAKE_PREFIX_PATH=/home/jetson/robot_ws/install/nav2_core:/home/jetson/robot_ws/install/nav2_costmap_2d:/home/jetson/robot_ws/install/nav2_map_server:/home/jetson/robot_ws/install/nav2_lifecycle_manager:/home/jetson/robot_ws/install/nav2_behavior_tree:/home/jetson/robot_ws/install/nav2_util:/home/jetson/robot_ws/install/nav2_voxel_grid:/home/jetson/robot_ws/install/nav2_msgs:/home/jetson/robot_ws/install/nav2_common:/opt/ros/humble LD_LIBRARY_PATH=/home/jetson/robot_ws/install/nav2_costmap_2d/lib:/home/jetson/robot_ws/install/nav2_map_server/lib:/home/jetson/robot_ws/install/nav2_lifecycle_manager/lib:/home/jetson/robot_ws/install/nav2_behavior_tree/lib:/home/jetson/robot_ws/install/nav2_util/lib:/home/jetson/robot_ws/install/nav2_voxel_grid/lib:/home/jetson/robot_ws/install/nav2_msgs/lib:${LD_LIBRARY_PATH} PYTHONPATH=/home/jetson/robot_ws/install/nav2_msgs/local/lib/python3.10/dist-packages:/home/jetson/robot_ws/install/nav2_common/local/lib/python3.10/dist-packages:${PYTHONPATH} /usr/bin/cmake --build /home/jetson/robot_ws/build/nav2_bt_navigator -- -j6 -l6
[173.982s] Invoking command in '/home/jetson/robot_ws/build/nav2_bt_navigator': AMENT_PREFIX_PATH=/home/jetson/robot_ws/install/nav2_core:/home/jetson/robot_ws/install/nav2_costmap_2d:/home/jetson/robot_ws/install/nav2_map_server:/home/jetson/robot_ws/install/nav2_lifecycle_manager:/home/jetson/robot_ws/install/nav2_behavior_tree:/home/jetson/robot_ws/install/nav2_util:/home/jetson/robot_ws/install/nav2_voxel_grid:/home/jetson/robot_ws/install/nav2_msgs:/home/jetson/robot_ws/install/nav2_common:${AMENT_PREFIX_PATH} CMAKE_PREFIX_PATH=/home/jetson/robot_ws/install/nav2_core:/home/jetson/robot_ws/install/nav2_costmap_2d:/home/jetson/robot_ws/install/nav2_map_server:/home/jetson/robot_ws/install/nav2_lifecycle_manager:/home/jetson/robot_ws/install/nav2_behavior_tree:/home/jetson/robot_ws/install/nav2_util:/home/jetson/robot_ws/install/nav2_voxel_grid:/home/jetson/robot_ws/install/nav2_msgs:/home/jetson/robot_ws/install/nav2_common:/opt/ros/humble LD_LIBRARY_PATH=/home/jetson/robot_ws/install/nav2_costmap_2d/lib:/home/jetson/robot_ws/install/nav2_map_server/lib:/home/jetson/robot_ws/install/nav2_lifecycle_manager/lib:/home/jetson/robot_ws/install/nav2_behavior_tree/lib:/home/jetson/robot_ws/install/nav2_util/lib:/home/jetson/robot_ws/install/nav2_voxel_grid/lib:/home/jetson/robot_ws/install/nav2_msgs/lib:${LD_LIBRARY_PATH} PYTHONPATH=/home/jetson/robot_ws/install/nav2_msgs/local/lib/python3.10/dist-packages:/home/jetson/robot_ws/install/nav2_common/local/lib/python3.10/dist-packages:${PYTHONPATH} /usr/bin/cmake --install /home/jetson/robot_ws/build/nav2_bt_navigator
[174.016s] -- Install configuration: "Release"
[174.016s] -- Installing: /home/jetson/robot_ws/install/nav2_bt_navigator/lib/libbt_navigator_core.so
[174.017s] -- Set runtime path of "/home/jetson/robot_ws/install/nav2_bt_navigator/lib/libbt_navigator_core.so" to ""
[174.017s] -- Installing: /home/jetson/robot_ws/install/nav2_bt_navigator/lib/nav2_bt_navigator/bt_navigator
[174.017s] -- Set runtime path of "/home/jetson/robot_ws/install/nav2_bt_navigator/lib/nav2_bt_navigator/bt_navigator" to ""
[174.017s] -- Installing: /home/jetson/robot_ws/install/nav2_bt_navigator/include/
[174.017s] -- Installing: /home/jetson/robot_ws/install/nav2_bt_navigator/include//nav2_bt_navigator
[174.017s] -- Installing: /home/jetson/robot_ws/install/nav2_bt_navigator/include//nav2_bt_navigator/navigators
[174.017s] -- Installing: /home/jetson/robot_ws/install/nav2_bt_navigator/include//nav2_bt_navigator/navigators/navigate_through_poses.hpp
[174.017s] -- Installing: /home/jetson/robot_ws/install/nav2_bt_navigator/include//nav2_bt_navigator/navigators/navigate_to_pose.hpp
[174.018s] -- Installing: /home/jetson/robot_ws/install/nav2_bt_navigator/include//nav2_bt_navigator/bt_navigator.hpp
[174.018s] -- Installing: /home/jetson/robot_ws/install/nav2_bt_navigator/include//nav2_bt_navigator/navigator.hpp
[174.018s] -- Installing: /home/jetson/robot_ws/install/nav2_bt_navigator/share/nav2_bt_navigator/behavior_trees
[174.018s] -- Installing: /home/jetson/robot_ws/install/nav2_bt_navigator/share/nav2_bt_navigator/behavior_trees/navigate_to_pose_w_replanning_goal_patience_and_recovery.xml
[174.018s] -- Installing: /home/jetson/robot_ws/install/nav2_bt_navigator/share/nav2_bt_navigator/behavior_trees/navigate_to_pose_w_replanning_and_recovery.xml
[174.018s] -- Installing: /home/jetson/robot_ws/install/nav2_bt_navigator/share/nav2_bt_navigator/behavior_trees/navigate_w_replanning_only_if_goal_is_updated.xml
[174.018s] -- Installing: /home/jetson/robot_ws/install/nav2_bt_navigator/share/nav2_bt_navigator/behavior_trees/navigate_through_poses_w_replanning_and_recovery.xml
[174.018s] -- Installing: /home/jetson/robot_ws/install/nav2_bt_navigator/share/nav2_bt_navigator/behavior_trees/nav_to_pose_with_consistent_replanning_and_if_path_becomes_invalid.xml
[174.019s] -- Installing: /home/jetson/robot_ws/install/nav2_bt_navigator/share/nav2_bt_navigator/behavior_trees/follow_point.xml
[174.019s] -- Installing: /home/jetson/robot_ws/install/nav2_bt_navigator/share/nav2_bt_navigator/behavior_trees/odometry_calibration.xml
[174.019s] -- Installing: /home/jetson/robot_ws/install/nav2_bt_navigator/share/nav2_bt_navigator/behavior_trees/navigate_w_replanning_only_if_path_becomes_invalid.xml
[174.019s] -- Installing: /home/jetson/robot_ws/install/nav2_bt_navigator/share/nav2_bt_navigator/behavior_trees/navigate_w_replanning_distance.xml
[174.019s] -- Installing: /home/jetson/robot_ws/install/nav2_bt_navigator/share/nav2_bt_navigator/behavior_trees/navigate_w_recovery_and_replanning_only_if_path_becomes_invalid.xml
[174.019s] -- Installing: /home/jetson/robot_ws/install/nav2_bt_navigator/share/nav2_bt_navigator/behavior_trees/navigate_w_replanning_time.xml
[174.019s] -- Installing: /home/jetson/robot_ws/install/nav2_bt_navigator/share/nav2_bt_navigator/behavior_trees/navigate_w_replanning_speed.xml
[174.020s] -- Installing: /home/jetson/robot_ws/install/nav2_bt_navigator/share/nav2_bt_navigator/environment/library_path.sh
[174.020s] -- Installing: /home/jetson/robot_ws/install/nav2_bt_navigator/share/nav2_bt_navigator/environment/library_path.dsv
[174.020s] -- Installing: /home/jetson/robot_ws/install/nav2_bt_navigator/share/ament_index/resource_index/package_run_dependencies/nav2_bt_navigator
[174.020s] -- Installing: /home/jetson/robot_ws/install/nav2_bt_navigator/share/ament_index/resource_index/parent_prefix_path/nav2_bt_navigator
[174.020s] -- Installing: /home/jetson/robot_ws/install/nav2_bt_navigator/share/nav2_bt_navigator/environment/ament_prefix_path.sh
[174.020s] -- Installing: /home/jetson/robot_ws/install/nav2_bt_navigator/share/nav2_bt_navigator/environment/ament_prefix_path.dsv
[174.021s] -- Installing: /home/jetson/robot_ws/install/nav2_bt_navigator/share/nav2_bt_navigator/environment/path.sh
[174.021s] -- Installing: /home/jetson/robot_ws/install/nav2_bt_navigator/share/nav2_bt_navigator/environment/path.dsv
[174.021s] -- Installing: /home/jetson/robot_ws/install/nav2_bt_navigator/share/nav2_bt_navigator/local_setup.bash
[174.021s] -- Installing: /home/jetson/robot_ws/install/nav2_bt_navigator/share/nav2_bt_navigator/local_setup.sh
[174.021s] -- Installing: /home/jetson/robot_ws/install/nav2_bt_navigator/share/nav2_bt_navigator/local_setup.zsh
[174.021s] -- Installing: /home/jetson/robot_ws/install/nav2_bt_navigator/share/nav2_bt_navigator/local_setup.dsv
[174.021s] -- Installing: /home/jetson/robot_ws/install/nav2_bt_navigator/share/nav2_bt_navigator/package.dsv
[174.022s] -- Installing: /home/jetson/robot_ws/install/nav2_bt_navigator/share/ament_index/resource_index/packages/nav2_bt_navigator
[174.022s] -- Installing: /home/jetson/robot_ws/install/nav2_bt_navigator/share/ament_index/resource_index/rclcpp_components/nav2_bt_navigator
[174.022s] -- Installing: /home/jetson/robot_ws/install/nav2_bt_navigator/share/nav2_bt_navigator/cmake/ament_cmake_export_include_directories-extras.cmake
[174.022s] -- Installing: /home/jetson/robot_ws/install/nav2_bt_navigator/share/nav2_bt_navigator/cmake/ament_cmake_export_libraries-extras.cmake
[174.022s] -- Installing: /home/jetson/robot_ws/install/nav2_bt_navigator/share/nav2_bt_navigator/cmake/ament_cmake_export_dependencies-extras.cmake
[174.022s] -- Installing: /home/jetson/robot_ws/install/nav2_bt_navigator/share/nav2_bt_navigator/cmake/nav2_bt_navigatorConfig.cmake
[174.023s] -- Installing: /home/jetson/robot_ws/install/nav2_bt_navigator/share/nav2_bt_navigator/cmake/nav2_bt_navigatorConfig-version.cmake
[174.028s] -- Installing: /home/jetson/robot_ws/install/nav2_bt_navigator/share/nav2_bt_navigator/package.xml
[174.029s] Invoked command in '/home/jetson/robot_ws/build/nav2_bt_navigator' returned '0': AMENT_PREFIX_PATH=/home/jetson/robot_ws/install/nav2_core:/home/jetson/robot_ws/install/nav2_costmap_2d:/home/jetson/robot_ws/install/nav2_map_server:/home/jetson/robot_ws/install/nav2_lifecycle_manager:/home/jetson/robot_ws/install/nav2_behavior_tree:/home/jetson/robot_ws/install/nav2_util:/home/jetson/robot_ws/install/nav2_voxel_grid:/home/jetson/robot_ws/install/nav2_msgs:/home/jetson/robot_ws/install/nav2_common:${AMENT_PREFIX_PATH} CMAKE_PREFIX_PATH=/home/jetson/robot_ws/install/nav2_core:/home/jetson/robot_ws/install/nav2_costmap_2d:/home/jetson/robot_ws/install/nav2_map_server:/home/jetson/robot_ws/install/nav2_lifecycle_manager:/home/jetson/robot_ws/install/nav2_behavior_tree:/home/jetson/robot_ws/install/nav2_util:/home/jetson/robot_ws/install/nav2_voxel_grid:/home/jetson/robot_ws/install/nav2_msgs:/home/jetson/robot_ws/install/nav2_common:/opt/ros/humble LD_LIBRARY_PATH=/home/jetson/robot_ws/install/nav2_costmap_2d/lib:/home/jetson/robot_ws/install/nav2_map_server/lib:/home/jetson/robot_ws/install/nav2_lifecycle_manager/lib:/home/jetson/robot_ws/install/nav2_behavior_tree/lib:/home/jetson/robot_ws/install/nav2_util/lib:/home/jetson/robot_ws/install/nav2_voxel_grid/lib:/home/jetson/robot_ws/install/nav2_msgs/lib:${LD_LIBRARY_PATH} PYTHONPATH=/home/jetson/robot_ws/install/nav2_msgs/local/lib/python3.10/dist-packages:/home/jetson/robot_ws/install/nav2_common/local/lib/python3.10/dist-packages:${PYTHONPATH} /usr/bin/cmake --install /home/jetson/robot_ws/build/nav2_bt_navigator
