[0.035s] Invoking command in '/home/jetson/robot_ws/build/nav2_behavior_tree': AMENT_PREFIX_PATH=/home/jetson/robot_ws/install/nav2_util:/home/jetson/robot_ws/install/nav2_msgs:/home/jetson/robot_ws/install/nav2_common:${AMENT_PREFIX_PATH} CMAKE_PREFIX_PATH=/home/jetson/robot_ws/install/nav2_util:/home/jetson/robot_ws/install/nav2_msgs:/home/jetson/robot_ws/install/nav2_common:/opt/ros/humble LD_LIBRARY_PATH=/home/jetson/robot_ws/install/nav2_util/lib:/home/jetson/robot_ws/install/nav2_msgs/lib:${LD_LIBRARY_PATH} PYTHONPATH=/home/jetson/robot_ws/install/nav2_msgs/local/lib/python3.10/dist-packages:/home/jetson/robot_ws/install/nav2_common/local/lib/python3.10/dist-packages:${PYTHONPATH} /usr/bin/cmake /home/jetson/robot_ws/src/navigation2/nav2_behavior_tree -DCMAKE_INSTALL_PREFIX=/home/jetson/robot_ws/install/nav2_behavior_tree
[0.176s] -- The CXX compiler identification is GNU 11.4.0
[0.192s] -- Detecting CXX compiler ABI info
[0.359s] -- Detecting CXX compiler ABI info - done
[0.373s] -- Check for working CXX compiler: /usr/bin/c++ - skipped
[0.374s] -- Detecting CXX compile features
[0.376s] -- Detecting CXX compile features - done
[0.381s] -- Found ament_cmake: 1.3.12 (/opt/ros/humble/share/ament_cmake/cmake)
[0.739s] -- Found Python3: /usr/bin/python3 (found version "3.10.12") found components: Interpreter 
[0.933s] -- Found nav2_common: 1.1.20 (/home/jetson/robot_ws/install/nav2_common/share/nav2_common/cmake)
[0.936s] -- Found rclcpp: 16.0.15 (/opt/ros/humble/share/rclcpp/cmake)
[1.026s] -- Found rosidl_generator_c: 3.1.7 (/opt/ros/humble/share/rosidl_generator_c/cmake)
[1.037s] -- Found rosidl_adapter: 3.1.7 (/opt/ros/humble/share/rosidl_adapter/cmake)
[1.054s] -- Found rosidl_generator_cpp: 3.1.7 (/opt/ros/humble/share/rosidl_generator_cpp/cmake)
[1.084s] -- Using all available rosidl_typesupport_c: rosidl_typesupport_fastrtps_c;rosidl_typesupport_introspection_c
[1.141s] -- Using all available rosidl_typesupport_cpp: rosidl_typesupport_fastrtps_cpp;rosidl_typesupport_introspection_cpp
[1.253s] -- Found rmw_implementation_cmake: 6.1.2 (/opt/ros/humble/share/rmw_implementation_cmake/cmake)
[1.258s] -- Found rmw_fastrtps_cpp: 6.2.9 (/opt/ros/humble/share/rmw_fastrtps_cpp/cmake)
[1.441s] -- Found OpenSSL: /usr/lib/aarch64-linux-gnu/libcrypto.so (found version "3.0.2")  
[1.503s] -- Found FastRTPS: /opt/ros/humble/include  
[1.645s] -- Using RMW implementation 'rmw_fastrtps_cpp' as default
[1.683s] -- Looking for C++ include pthread.h
[1.892s] -- Looking for C++ include pthread.h - found
[1.892s] -- Performing Test CMAKE_HAVE_LIBC_PTHREAD
[2.095s] -- Performing Test CMAKE_HAVE_LIBC_PTHREAD - Success
[2.097s] -- Found Threads: TRUE  
[2.194s] -- Found rclcpp_action: 16.0.15 (/opt/ros/humble/share/rclcpp_action/cmake)
[2.267s] -- Found rclcpp_lifecycle: 16.0.15 (/opt/ros/humble/share/rclcpp_lifecycle/cmake)
[2.334s] -- Found geometry_msgs: 4.9.0 (/opt/ros/humble/share/geometry_msgs/cmake)
[2.369s] -- Found sensor_msgs: 4.9.0 (/opt/ros/humble/share/sensor_msgs/cmake)
[2.422s] -- Found nav2_msgs: 1.1.20 (/home/jetson/robot_ws/install/nav2_msgs/share/nav2_msgs/cmake)
[2.537s] -- Found tf2_ros: 0.25.16 (/opt/ros/humble/share/tf2_ros/cmake)
[2.665s] -- Found tf2_geometry_msgs: 0.25.16 (/opt/ros/humble/share/tf2_geometry_msgs/cmake)
[2.690s] -- Found eigen3_cmake_module: 0.1.1 (/opt/ros/humble/share/eigen3_cmake_module/cmake)
[2.692s] -- Found Eigen3: TRUE (found version "3.4.0") 
[2.692s] -- Ensuring Eigen3 include directory is part of orocos-kdl CMake target
[2.697s] -- Found std_srvs: 4.9.0 (/opt/ros/humble/share/std_srvs/cmake)
[2.713s] -- Found nav2_util: 1.1.20 (/home/jetson/robot_ws/install/nav2_util/share/nav2_util/cmake)
[2.778s] -- Setting build type to Release as none was specified.
[7.958s] -- Found ament_lint_auto: 0.12.14 (/opt/ros/humble/share/ament_lint_auto/cmake)
[8.769s] -- Found gtest sources under '/opt/ros/humble/src/gtest_vendor': C++ tests using 'Google Test' will be built
[9.144s] -- The C compiler identification is GNU 11.4.0
[9.187s] -- Detecting C compiler ABI info
[9.857s] -- Detecting C compiler ABI info - done
[9.892s] -- Check for working C compiler: /usr/bin/cc - skipped
[9.893s] -- Detecting C compile features
[9.895s] -- Detecting C compile features - done
[15.528s] -- Added test 'copyright' to check source files copyright and LICENSE
[15.565s] -- Added test 'cppcheck' to perform static code analysis on C / C++ code
[15.602s] -- Configured cppcheck include dirs: /home/jetson/robot_ws/src/navigation2/nav2_behavior_tree/include
[15.603s] -- Configured cppcheck exclude dirs and/or files: 
[15.632s] -- Added test 'cpplint' to check C / C++ code against the Google style
[15.633s] -- Configured cpplint exclude dirs and/or files: 
[15.649s] -- Added test 'lint_cmake' to check CMake code style
[15.686s] -- Added test 'uncrustify' to check C / C++ code style
[15.686s] -- Configured uncrustify additional arguments: 
[15.690s] -- Added test 'xmllint' to check XML markup files
[15.696s] -- Configuring done
[24.216s] -- Generating done
[25.965s] -- Build files have been written to: /home/jetson/robot_ws/build/nav2_behavior_tree
[26.188s] Invoked command in '/home/jetson/robot_ws/build/nav2_behavior_tree' returned '0': AMENT_PREFIX_PATH=/home/jetson/robot_ws/install/nav2_util:/home/jetson/robot_ws/install/nav2_msgs:/home/jetson/robot_ws/install/nav2_common:${AMENT_PREFIX_PATH} CMAKE_PREFIX_PATH=/home/jetson/robot_ws/install/nav2_util:/home/jetson/robot_ws/install/nav2_msgs:/home/jetson/robot_ws/install/nav2_common:/opt/ros/humble LD_LIBRARY_PATH=/home/jetson/robot_ws/install/nav2_util/lib:/home/jetson/robot_ws/install/nav2_msgs/lib:${LD_LIBRARY_PATH} PYTHONPATH=/home/jetson/robot_ws/install/nav2_msgs/local/lib/python3.10/dist-packages:/home/jetson/robot_ws/install/nav2_common/local/lib/python3.10/dist-packages:${PYTHONPATH} /usr/bin/cmake /home/jetson/robot_ws/src/navigation2/nav2_behavior_tree -DCMAKE_INSTALL_PREFIX=/home/jetson/robot_ws/install/nav2_behavior_tree
[26.193s] Invoking command in '/home/jetson/robot_ws/build/nav2_behavior_tree': AMENT_PREFIX_PATH=/home/jetson/robot_ws/install/nav2_util:/home/jetson/robot_ws/install/nav2_msgs:/home/jetson/robot_ws/install/nav2_common:${AMENT_PREFIX_PATH} CMAKE_PREFIX_PATH=/home/jetson/robot_ws/install/nav2_util:/home/jetson/robot_ws/install/nav2_msgs:/home/jetson/robot_ws/install/nav2_common:/opt/ros/humble LD_LIBRARY_PATH=/home/jetson/robot_ws/install/nav2_util/lib:/home/jetson/robot_ws/install/nav2_msgs/lib:${LD_LIBRARY_PATH} PYTHONPATH=/home/jetson/robot_ws/install/nav2_msgs/local/lib/python3.10/dist-packages:/home/jetson/robot_ws/install/nav2_common/local/lib/python3.10/dist-packages:${PYTHONPATH} /usr/bin/cmake --build /home/jetson/robot_ws/build/nav2_behavior_tree -- -j6 -l6
[84.224s] [  1%] [32mBuilding CXX object CMakeFiles/nav2_behavior_tree.dir/src/behavior_tree_engine.cpp.o[0m
[84.225s] [  1%] [32m[1mLinking CXX shared library libnav2_behavior_tree.so[0m
[84.225s] [  1%] Built target nav2_behavior_tree
[84.225s] [  2%] [32mBuilding CXX object CMakeFiles/nav2_spin_cancel_bt_node.dir/plugins/action/spin_cancel_node.cpp.o[0m
[84.225s] [  2%] [32m[1mLinking CXX shared library libnav2_spin_cancel_bt_node.so[0m
[84.225s] [  2%] Built target nav2_spin_cancel_bt_node
[84.225s] [  3%] [32mBuilding CXX object CMakeFiles/nav2_back_up_cancel_bt_node.dir/plugins/action/back_up_cancel_node.cpp.o[0m
[84.225s] [  3%] [32m[1mLinking CXX shared library libnav2_back_up_cancel_bt_node.so[0m
[84.225s] [  3%] Built target nav2_back_up_cancel_bt_node
[84.226s] [  4%] [32mBuilding CXX object CMakeFiles/nav2_assisted_teleop_cancel_bt_node.dir/plugins/action/assisted_teleop_cancel_node.cpp.o[0m
[93.427s] [  4%] [32m[1mLinking CXX shared library libnav2_assisted_teleop_cancel_bt_node.so[0m
[93.821s] [  4%] Built target nav2_assisted_teleop_cancel_bt_node
[93.874s] [  5%] [32mBuilding CXX object CMakeFiles/nav2_drive_on_heading_cancel_bt_node.dir/plugins/action/drive_on_heading_cancel_node.cpp.o[0m
[107.443s] [  5%] [32m[1mLinking CXX shared library libnav2_drive_on_heading_cancel_bt_node.so[0m
[107.895s] [  5%] Built target nav2_drive_on_heading_cancel_bt_node
[107.980s] [  5%] [32mBuilding CXX object CMakeFiles/nav2_smooth_path_action_bt_node.dir/plugins/action/smooth_path_action.cpp.o[0m
[125.927s] [  6%] [32m[1mLinking CXX shared library libnav2_smooth_path_action_bt_node.so[0m
[126.465s] [  6%] Built target nav2_smooth_path_action_bt_node
[126.516s] [  7%] [32mBuilding CXX object CMakeFiles/nav2_follow_path_action_bt_node.dir/plugins/action/follow_path_action.cpp.o[0m
[141.942s] [  7%] [32m[1mLinking CXX shared library libnav2_follow_path_action_bt_node.so[0m
[142.335s] [  7%] Built target nav2_follow_path_action_bt_node
[142.373s] [  8%] [32mBuilding CXX object CMakeFiles/nav2_back_up_action_bt_node.dir/plugins/action/back_up_action.cpp.o[0m
[155.417s] [  9%] [32mBuilding CXX object CMakeFiles/nav2_drive_on_heading_bt_node.dir/plugins/action/drive_on_heading_action.cpp.o[0m
[156.458s] [  9%] [32mBuilding CXX object CMakeFiles/nav2_wait_cancel_bt_node.dir/plugins/action/wait_cancel_node.cpp.o[0m
[157.533s] [  9%] [32mBuilding CXX object CMakeFiles/nav2_controller_cancel_bt_node.dir/plugins/action/controller_cancel_node.cpp.o[0m
[157.554s] [  9%] [32m[1mLinking CXX shared library libnav2_back_up_action_bt_node.so[0m
[157.985s] [  9%] Built target nav2_back_up_action_bt_node
[158.042s] [  9%] [32mBuilding CXX object CMakeFiles/nav2_compute_path_through_poses_action_bt_node.dir/plugins/action/compute_path_through_poses_action.cpp.o[0m
[158.065s] [  9%] [32mBuilding CXX object CMakeFiles/nav2_compute_path_to_pose_action_bt_node.dir/plugins/action/compute_path_to_pose_action.cpp.o[0m
[159.164s] [ 10%] [32mBuilding CXX object CMakeFiles/nav2_spin_action_bt_node.dir/plugins/action/spin_action.cpp.o[0m
[178.911s] [ 11%] [32m[1mLinking CXX shared library libnav2_controller_cancel_bt_node.so[0m
[179.346s] [ 12%] [32m[1mLinking CXX shared library libnav2_wait_cancel_bt_node.so[0m
[179.819s] [ 12%] Built target nav2_wait_cancel_bt_node
[179.835s] [ 12%] Built target nav2_controller_cancel_bt_node
[180.024s] [ 12%] [32m[1mLinking CXX shared library libnav2_drive_on_heading_bt_node.so[0m
[181.103s] [ 12%] Built target nav2_drive_on_heading_bt_node
[183.066s] [ 13%] [32m[1mLinking CXX shared library libnav2_compute_path_to_pose_action_bt_node.so[0m
[183.390s] [ 14%] [32m[1mLinking CXX shared library libnav2_compute_path_through_poses_action_bt_node.so[0m
[183.626s] [ 14%] Built target nav2_compute_path_to_pose_action_bt_node
[183.823s] [ 14%] Built target nav2_compute_path_through_poses_action_bt_node
[183.905s] [ 14%] [32m[1mLinking CXX shared library libnav2_spin_action_bt_node.so[0m
[184.294s] [ 14%] Built target nav2_spin_action_bt_node
[184.337s] [ 15%] [32mBuilding CXX object CMakeFiles/nav2_transform_available_condition_bt_node.dir/plugins/condition/transform_available_condition.cpp.o[0m
[194.024s] [ 15%] [32m[1mLinking CXX shared library libnav2_transform_available_condition_bt_node.so[0m
[194.367s] [ 15%] Built target nav2_transform_available_condition_bt_node
[194.416s] [ 16%] [32mBuilding CXX object CMakeFiles/nav2_goal_reached_condition_bt_node.dir/plugins/condition/goal_reached_condition.cpp.o[0m
[206.127s] [ 16%] [32m[1mLinking CXX shared library libnav2_goal_reached_condition_bt_node.so[0m
[206.508s] [ 16%] Built target nav2_goal_reached_condition_bt_node
[206.551s] [ 17%] [32mBuilding CXX object CMakeFiles/nav2_globally_updated_goal_condition_bt_node.dir/plugins/condition/globally_updated_goal_condition.cpp.o[0m
[215.304s] [ 17%] [32m[1mLinking CXX shared library libnav2_globally_updated_goal_condition_bt_node.so[0m
[215.585s] [ 17%] Built target nav2_globally_updated_goal_condition_bt_node
[215.592s] [ 17%] [32mBuilding CXX object CMakeFiles/nav2_goal_updated_condition_bt_node.dir/plugins/condition/goal_updated_condition.cpp.o[0m
[215.632s] [ 17%] [32mBuilding CXX object CMakeFiles/nav2_is_stuck_condition_bt_node.dir/plugins/condition/is_stuck_condition.cpp.o[0m
[216.669s] [ 17%] [32mBuilding CXX object CMakeFiles/nav2_is_path_valid_condition_bt_node.dir/plugins/condition/is_path_valid_condition.cpp.o[0m
[217.775s] [ 18%] [32mBuilding CXX object CMakeFiles/nav2_clear_costmap_service_bt_node.dir/plugins/action/clear_costmap_service.cpp.o[0m
[218.859s] [ 19%] [32mBuilding CXX object CMakeFiles/nav2_assisted_teleop_action_bt_node.dir/plugins/action/assisted_teleop_action.cpp.o[0m
[219.972s] [ 20%] [32mBuilding CXX object CMakeFiles/nav2_wait_action_bt_node.dir/plugins/action/wait_action.cpp.o[0m
[221.026s] [ 21%] [32m[1mLinking CXX shared library libnav2_goal_updated_condition_bt_node.so[0m
[221.741s] [ 21%] Built target nav2_goal_updated_condition_bt_node
[233.892s] [ 22%] [32m[1mLinking CXX shared library libnav2_is_path_valid_condition_bt_node.so[0m
[234.463s] [ 22%] Built target nav2_is_path_valid_condition_bt_node
[242.773s] [ 22%] [32m[1mLinking CXX shared library libnav2_clear_costmap_service_bt_node.so[0m
[242.807s] [ 22%] [32m[1mLinking CXX shared library libnav2_wait_action_bt_node.so[0m
[243.085s] [ 22%] [32m[1mLinking CXX shared library libnav2_assisted_teleop_action_bt_node.so[0m
[243.222s] [ 22%] Built target nav2_clear_costmap_service_bt_node
[243.378s] [ 22%] Built target nav2_wait_action_bt_node
[243.577s] [ 22%] Built target nav2_assisted_teleop_action_bt_node
[248.360s] [ 22%] [32m[1mLinking CXX shared library libnav2_is_stuck_condition_bt_node.so[0m
[248.814s] [ 22%] Built target nav2_is_stuck_condition_bt_node
[248.861s] [ 22%] [32mBuilding CXX object CMakeFiles/nav2_is_battery_charging_condition_bt_node.dir/plugins/condition/is_battery_charging_condition.cpp.o[0m
[250.887s] [ 22%] [32mBuilding CXX object CMakeFiles/nav2_is_battery_low_condition_bt_node.dir/plugins/condition/is_battery_low_condition.cpp.o[0m
[251.933s] [ 22%] [32mBuilding CXX object CMakeFiles/nav2_initial_pose_received_condition_bt_node.dir/plugins/condition/initial_pose_received_condition.cpp.o[0m
[253.022s] [ 22%] [32mBuilding CXX object CMakeFiles/nav2_distance_traveled_condition_bt_node.dir/plugins/condition/distance_traveled_condition.cpp.o[0m
[254.135s] [ 23%] [32mBuilding CXX object CMakeFiles/nav2_path_expiring_timer_condition.dir/plugins/condition/path_expiring_timer_condition.cpp.o[0m
[256.615s] [ 24%] [32m[1mLinking CXX shared library libnav2_initial_pose_received_condition_bt_node.so[0m
[257.179s] [ 24%] Built target nav2_initial_pose_received_condition_bt_node
[268.189s] [ 24%] [32m[1mLinking CXX shared library libnav2_path_expiring_timer_condition.so[0m
[268.570s] [ 24%] [32m[1mLinking CXX shared library libnav2_distance_traveled_condition_bt_node.so[0m
[268.599s] [ 24%] Built target nav2_path_expiring_timer_condition
[268.980s] [ 24%] Built target nav2_distance_traveled_condition_bt_node
[275.032s] [ 24%] [32mBuilding CXX object CMakeFiles/nav2_distance_controller_bt_node.dir/plugins/decorator/distance_controller.cpp.o[0m
[276.080s] [ 24%] [32mBuilding CXX object CMakeFiles/nav2_rate_controller_bt_node.dir/plugins/decorator/rate_controller.cpp.o[0m
[277.183s] [ 24%] [32mBuilding CXX object CMakeFiles/nav2_reinitialize_global_localization_service_bt_node.dir/plugins/action/reinitialize_global_localization_service.cpp.o[0m
[277.950s] [ 25%] [32m[1mLinking CXX shared library libnav2_is_battery_charging_condition_bt_node.so[0m
[278.271s] [ 26%] [32mBuilding CXX object CMakeFiles/nav2_time_expired_condition_bt_node.dir/plugins/condition/time_expired_condition.cpp.o[0m
[278.831s] [ 26%] Built target nav2_is_battery_charging_condition_bt_node
[278.984s] [ 27%] [32mBuilding CXX object CMakeFiles/nav2_speed_controller_bt_node.dir/plugins/decorator/speed_controller.cpp.o[0m
[283.011s] [ 28%] [32m[1mLinking CXX shared library libnav2_is_battery_low_condition_bt_node.so[0m
[283.303s] [ 29%] [32m[1mLinking CXX shared library libnav2_rate_controller_bt_node.so[0m
[283.939s] [ 29%] Built target nav2_rate_controller_bt_node
[284.068s] [ 29%] Built target nav2_is_battery_low_condition_bt_node
[292.372s] [ 30%] [32m[1mLinking CXX shared library libnav2_distance_controller_bt_node.so[0m
[292.451s] [ 30%] [32m[1mLinking CXX shared library libnav2_time_expired_condition_bt_node.so[0m
[292.816s] [ 30%] Built target nav2_distance_controller_bt_node
[293.014s] [ 30%] Built target nav2_time_expired_condition_bt_node
[293.359s] [ 31%] [32m[1mLinking CXX shared library libnav2_reinitialize_global_localization_service_bt_node.so[0m
[293.725s] [ 31%] Built target nav2_reinitialize_global_localization_service_bt_node
[295.163s] [ 31%] [32m[1mLinking CXX shared library libnav2_speed_controller_bt_node.so[0m
[295.511s] [ 31%] Built target nav2_speed_controller_bt_node
[295.553s] [ 31%] [32mBuilding CXX object CMakeFiles/nav2_recovery_node_bt_node.dir/plugins/control/recovery_node.cpp.o[0m
[296.582s] [ 32%] [32mBuilding CXX object CMakeFiles/nav2_navigate_to_pose_action_bt_node.dir/plugins/action/navigate_to_pose_action.cpp.o[0m
[297.639s] [ 33%] [32mBuilding CXX object CMakeFiles/nav2_path_longer_on_approach_bt_node.dir/plugins/decorator/path_longer_on_approach.cpp.o[0m
[297.741s] [ 33%] [32mBuilding CXX object CMakeFiles/nav2_goal_updater_node_bt_node.dir/plugins/decorator/goal_updater_node.cpp.o[0m
[298.821s] [ 34%] [32mBuilding CXX object CMakeFiles/nav2_truncate_path_local_action_bt_node.dir/plugins/action/truncate_path_local_action.cpp.o[0m
[299.916s] [ 35%] [32mBuilding CXX object CMakeFiles/nav2_truncate_path_action_bt_node.dir/plugins/action/truncate_path_action.cpp.o[0m
[302.100s] [ 36%] [32m[1mLinking CXX shared library libnav2_recovery_node_bt_node.so[0m
[302.812s] [ 36%] Built target nav2_recovery_node_bt_node
[316.569s] [ 36%] [32m[1mLinking CXX shared library libnav2_path_longer_on_approach_bt_node.so[0m
[317.201s] [ 36%] Built target nav2_path_longer_on_approach_bt_node
[318.908s] [ 36%] [32m[1mLinking CXX shared library libnav2_truncate_path_action_bt_node.so[0m
[319.071s] [ 36%] [32m[1mLinking CXX shared library libnav2_truncate_path_local_action_bt_node.so[0m
[319.499s] [ 36%] Built target nav2_truncate_path_action_bt_node
[319.526s] [ 36%] Built target nav2_truncate_path_local_action_bt_node
[321.013s] [ 36%] [32m[1mLinking CXX shared library libnav2_navigate_to_pose_action_bt_node.so[0m
[321.445s] [ 36%] Built target nav2_navigate_to_pose_action_bt_node
[333.664s] [ 37%] [32m[1mLinking CXX shared library libnav2_goal_updater_node_bt_node.so[0m
[334.106s] [ 37%] Built target nav2_goal_updater_node_bt_node
[334.151s] [ 37%] [32mBuilding CXX object CMakeFiles/nav2_round_robin_node_bt_node.dir/plugins/control/round_robin_node.cpp.o[0m
[337.030s] [ 38%] [32m[1mLinking CXX shared library libnav2_round_robin_node_bt_node.so[0m
[337.293s] [ 38%] Built target nav2_round_robin_node_bt_node
[337.343s] [ 38%] [32mBuilding CXX object CMakeFiles/nav2_single_trigger_bt_node.dir/plugins/decorator/single_trigger_node.cpp.o[0m
[340.088s] [ 39%] [32m[1mLinking CXX shared library libnav2_single_trigger_bt_node.so[0m
[340.359s] [ 39%] Built target nav2_single_trigger_bt_node
[340.397s] [ 40%] [32mBuilding CXX object CMakeFiles/nav2_planner_selector_bt_node.dir/plugins/action/planner_selector_node.cpp.o[0m
[345.424s] [ 41%] [32mBuilding CXX object CMakeFiles/nav2_pipeline_sequence_bt_node.dir/plugins/control/pipeline_sequence.cpp.o[0m
[345.426s] [ 41%] [32mBuilding CXX object CMakeFiles/nav2_controller_selector_bt_node.dir/plugins/action/controller_selector_node.cpp.o[0m
[346.480s] [ 42%] [32mBuilding CXX object CMakeFiles/nav2_get_pose_from_path_action_bt_node.dir/plugins/action/get_pose_from_path_action.cpp.o[0m
[347.572s] [ 42%] [32mBuilding CXX object CMakeFiles/nav2_remove_passed_goals_action_bt_node.dir/plugins/action/remove_passed_goals_action.cpp.o[0m
[348.659s] [ 43%] [32mBuilding CXX object CMakeFiles/nav2_navigate_through_poses_action_bt_node.dir/plugins/action/navigate_through_poses_action.cpp.o[0m
[348.821s] [ 43%] [32m[1mLinking CXX shared library libnav2_pipeline_sequence_bt_node.so[0m
[349.407s] [ 43%] Built target nav2_pipeline_sequence_bt_node
[349.565s] [ 43%] [32mBuilding CXX object CMakeFiles/nav2_smoother_selector_bt_node.dir/plugins/action/smoother_selector_node.cpp.o[0m
[362.927s] [ 43%] [32m[1mLinking CXX shared library libnav2_get_pose_from_path_action_bt_node.so[0m
[363.519s] [ 43%] Built target nav2_get_pose_from_path_action_bt_node
[367.043s] [ 44%] [32m[1mLinking CXX shared library libnav2_remove_passed_goals_action_bt_node.so[0m
[367.698s] [ 44%] Built target nav2_remove_passed_goals_action_bt_node
[369.400s] [ 44%] [32m[1mLinking CXX shared library libnav2_navigate_through_poses_action_bt_node.so[0m
[369.870s] [ 44%] Built target nav2_navigate_through_poses_action_bt_node
[372.028s] [ 44%] [32m[1mLinking CXX shared library libnav2_planner_selector_bt_node.so[0m
[372.511s] [ 44%] Built target nav2_planner_selector_bt_node
[375.568s] [ 44%] [32mBuilding CXX object CMakeFiles/nav2_compute_and_track_route_bt_node.dir/plugins/action/compute_and_track_route_action.cpp.o[0m
[377.595s] [ 44%] [32mBuilding CXX object CMakeFiles/nav2_goal_updated_controller_bt_node.dir/plugins/decorator/goal_updated_controller.cpp.o[0m
[378.626s] [ 45%] [32mBuilding CXX object CMakeFiles/nav2_progress_checker_selector_bt_node.dir/plugins/action/progress_checker_selector_node.cpp.o[0m
[378.922s] [ 46%] [32m[1mLinking CXX shared library libnav2_controller_selector_bt_node.so[0m
[379.669s] [ 46%] Built target nav2_controller_selector_bt_node
[380.766s] [ 46%] [32mBuilding CXX object CMakeFiles/nav2_compute_route_bt_node.dir/plugins/action/compute_route_action.cpp.o[0m
[381.658s] [ 46%] [32m[1mLinking CXX shared library libnav2_smoother_selector_bt_node.so[0m
[382.333s] [ 46%] Built target nav2_smoother_selector_bt_node
[383.406s] [ 47%] [32mBuilding CXX object gtest/CMakeFiles/gtest_main.dir/src/gtest_main.cc.o[0m
[386.076s] [ 47%] [32m[1mLinking CXX static library libgtest_main.a[0m
[386.179s] [ 47%] Built target gtest_main
[387.643s] [ 48%] [32m[1mLinking CXX shared library libnav2_goal_updated_controller_bt_node.so[0m
[387.996s] [ 48%] Built target nav2_goal_updated_controller_bt_node
[394.640s] [ 49%] [32m[1mLinking CXX shared library libnav2_compute_and_track_route_bt_node.so[0m
[395.055s] [ 49%] Built target nav2_compute_and_track_route_bt_node
[399.017s] [ 50%] [32m[1mLinking CXX shared library libnav2_compute_route_bt_node.so[0m
[399.409s] [ 50%] Built target nav2_compute_route_bt_node
[406.941s] [ 50%] [32m[1mLinking CXX shared library libnav2_progress_checker_selector_bt_node.so[0m
[407.371s] [ 50%] Built target nav2_progress_checker_selector_bt_node
[407.414s] [ 50%] [32mBuilding CXX object gtest/CMakeFiles/gtest.dir/src/gtest-all.cc.o[0m
[424.846s] [ 50%] [32m[1mLinking CXX static library libgtest.a[0m
[424.975s] [ 50%] Built target gtest
[425.081s] [ 51%] [32mBuilding CXX object CMakeFiles/nav2_goal_checker_selector_bt_node.dir/plugins/action/goal_checker_selector_node.cpp.o[0m
[457.638s] [ 51%] [32m[1mLinking CXX shared library libnav2_goal_checker_selector_bt_node.so[0m
[458.084s] [ 51%] Built target nav2_goal_checker_selector_bt_node
[458.133s] [ 52%] [32mBuilding CXX object test/plugins/condition/CMakeFiles/test_condition_goal_reached.dir/test_goal_reached.cpp.o[0m
[476.247s] [ 52%] [32m[1mLinking CXX executable test_condition_goal_reached[0m
[476.819s] [ 52%] Built target test_condition_goal_reached
[476.862s] [ 53%] [32mBuilding CXX object test/plugins/condition/CMakeFiles/test_condition_goal_updated.dir/test_goal_updated.cpp.o[0m
[493.561s] [ 53%] [32m[1mLinking CXX executable test_condition_goal_updated[0m
[494.129s] [ 53%] Built target test_condition_goal_updated
[494.170s] [ 54%] [32mBuilding CXX object test/plugins/condition/CMakeFiles/test_condition_globally_updated_goal.dir/test_globally_updated_goal.cpp.o[0m
[505.209s] [ 55%] [32mBuilding CXX object test/plugins/condition/CMakeFiles/test_condition_initial_pose_received.dir/test_initial_pose_received.cpp.o[0m
[506.304s] [ 55%] [32mBuilding CXX object test/plugins/condition/CMakeFiles/test_condition_path_expiring_timer.dir/test_path_expiring_timer.cpp.o[0m
[507.430s] [ 55%] [32mBuilding CXX object test/plugins/condition/CMakeFiles/test_condition_time_expired.dir/test_time_expired.cpp.o[0m
[508.521s] [ 55%] [32mBuilding CXX object test/plugins/condition/CMakeFiles/test_condition_distance_traveled.dir/test_distance_traveled.cpp.o[0m
[509.647s] [ 55%] [32mBuilding CXX object test/CMakeFiles/test_bt_conversions.dir/test_bt_conversions.cpp.o[0m
[517.282s] [ 55%] [32m[1mLinking CXX executable test_condition_globally_updated_goal[0m
[519.134s] [ 55%] Built target test_condition_globally_updated_goal
[529.557s] [ 56%] [32m[1mLinking CXX executable test_bt_conversions[0m
[530.695s] [ 56%] Built target test_bt_conversions
[537.979s] [ 56%] [32m[1mLinking CXX executable test_condition_initial_pose_received[0m
[538.953s] [ 56%] Built target test_condition_initial_pose_received
[540.426s] [ 57%] [32m[1mLinking CXX executable test_condition_time_expired[0m
[540.657s] [ 58%] [32m[1mLinking CXX executable test_condition_path_expiring_timer[0m
[541.209s] [ 58%] Built target test_condition_time_expired
[541.303s] [ 58%] Built target test_condition_path_expiring_timer
[542.389s] [ 58%] [32m[1mLinking CXX executable test_condition_distance_traveled[0m
[542.942s] [ 58%] Built target test_condition_distance_traveled
[542.988s] [ 59%] [32mBuilding CXX object test/plugins/condition/CMakeFiles/test_condition_is_path_valid.dir/test_is_path_valid.cpp.o[0m
[557.804s] [ 59%] [32m[1mLinking CXX executable test_condition_is_path_valid[0m
[558.261s] [ 59%] Built target test_condition_is_path_valid
[558.309s] [ 60%] [32mBuilding CXX object test/plugins/decorator/CMakeFiles/test_decorator_distance_controller.dir/test_distance_controller.cpp.o[0m
[570.338s] [ 61%] [32mBuilding CXX object test/plugins/decorator/CMakeFiles/test_decorator_speed_controller.dir/test_speed_controller.cpp.o[0m
[571.362s] [ 62%] [32mBuilding CXX object test/plugins/condition/CMakeFiles/test_condition_is_battery_low.dir/test_is_battery_low.cpp.o[0m
[572.477s] [ 63%] [32mBuilding CXX object test/plugins/condition/CMakeFiles/test_condition_is_battery_charging.dir/test_is_battery_charging.cpp.o[0m
[573.556s] [ 63%] [32mBuilding CXX object test/plugins/condition/CMakeFiles/test_condition_is_stuck.dir/test_is_stuck.cpp.o[0m
[574.654s] [ 63%] [32mBuilding CXX object test/plugins/condition/CMakeFiles/test_condition_transform_available.dir/test_transform_available.cpp.o[0m
[576.163s] [ 63%] [32m[1mLinking CXX executable test_decorator_distance_controller[0m
[577.705s] [ 63%] Built target test_decorator_distance_controller
[598.933s] [ 63%] [32m[1mLinking CXX executable test_condition_is_battery_low[0m
[599.474s] [ 63%] Built target test_condition_is_battery_low
[600.500s] [ 63%] [32m[1mLinking CXX executable test_condition_is_battery_charging[0m
[600.758s] [ 64%] [32m[1mLinking CXX executable test_condition_is_stuck[0m
[601.042s] [ 65%] [32m[1mLinking CXX executable test_condition_transform_available[0m
[601.051s] [ 65%] Built target test_condition_is_battery_charging
[601.344s] [ 65%] Built target test_condition_is_stuck
[601.356s] [ 65%] [32m[1mLinking CXX executable test_decorator_speed_controller[0m
[601.600s] [ 65%] Built target test_condition_transform_available
[601.906s] [ 65%] Built target test_decorator_speed_controller
[601.952s] [ 66%] [32mBuilding CXX object test/plugins/decorator/CMakeFiles/test_decorator_path_longer_on_approach.dir/test_path_longer_on_approach.cpp.o[0m
[615.067s] [ 66%] [32m[1mLinking CXX executable test_decorator_path_longer_on_approach[0m
[615.499s] [ 66%] Built target test_decorator_path_longer_on_approach
[615.544s] [ 66%] [32mBuilding CXX object test/plugins/control/CMakeFiles/test_control_recovery_node.dir/test_recovery_node.cpp.o[0m
[616.562s] [ 66%] [32mBuilding CXX object test/plugins/control/CMakeFiles/test_control_pipeline_sequence.dir/test_pipeline_sequence.cpp.o[0m
[617.592s] [ 67%] [32mBuilding CXX object test/plugins/decorator/CMakeFiles/test_goal_updated_controller.dir/test_goal_updated_controller.cpp.o[0m
[618.695s] [ 67%] [32mBuilding CXX object test/plugins/decorator/CMakeFiles/test_single_trigger_node.dir/test_single_trigger_node.cpp.o[0m
[618.725s] [ 67%] [32mBuilding CXX object test/plugins/decorator/CMakeFiles/test_goal_updater_node.dir/test_goal_updater_node.cpp.o[0m
[619.797s] [ 68%] [32mBuilding CXX object test/plugins/decorator/CMakeFiles/test_decorator_rate_controller.dir/test_rate_controller.cpp.o[0m
[645.468s] [ 69%] [32m[1mLinking CXX executable test_control_recovery_node[0m
[646.488s] [ 69%] Built target test_control_recovery_node
[649.707s] [ 70%] [32m[1mLinking CXX executable test_goal_updater_node[0m
[649.836s] [ 71%] [32m[1mLinking CXX executable test_single_trigger_node[0m
[650.792s] [ 71%] Built target test_goal_updater_node
[650.976s] [ 71%] Built target test_single_trigger_node
[651.078s] [ 72%] [32m[1mLinking CXX executable test_control_pipeline_sequence[0m
[651.912s] [ 72%] Built target test_control_pipeline_sequence
[652.331s] [ 72%] [32m[1mLinking CXX executable test_goal_updated_controller[0m
[652.891s] [ 72%] [32m[1mLinking CXX executable test_decorator_rate_controller[0m
[652.932s] [ 72%] Built target test_goal_updated_controller
[653.442s] [ 72%] Built target test_decorator_rate_controller
[653.481s] [ 73%] [32mBuilding CXX object test/plugins/action/CMakeFiles/test_action_drive_on_heading.dir/test_drive_on_heading_action.cpp.o[0m
[671.731s] [ 73%] [32m[1mLinking CXX executable test_action_drive_on_heading[0m
[672.247s] [ 73%] Built target test_action_drive_on_heading
[672.293s] [ 73%] [32mBuilding CXX object test/plugins/action/CMakeFiles/test_action_wait_action.dir/test_wait_action.cpp.o[0m
[680.319s] [ 73%] [32mBuilding CXX object test/plugins/action/CMakeFiles/test_action_assisted_teleop_action.dir/test_assisted_teleop_action.cpp.o[0m
[681.344s] [ 73%] [32mBuilding CXX object test/plugins/action/CMakeFiles/test_action_back_up_action.dir/test_back_up_action.cpp.o[0m
[682.369s] [ 73%] [32mBuilding CXX object test/plugins/action/CMakeFiles/test_action_spin_action.dir/test_spin_action.cpp.o[0m
[683.396s] [ 73%] [32mBuilding CXX object test/plugins/action/CMakeFiles/test_bt_action_node.dir/test_bt_action_node.cpp.o[0m
[684.511s] [ 73%] [32mBuilding CXX object test/plugins/control/CMakeFiles/test_control_round_robin_node.dir/test_round_robin_node.cpp.o[0m
[691.452s] [ 74%] [32m[1mLinking CXX executable test_action_wait_action[0m
[692.168s] [ 74%] Built target test_action_wait_action
[701.350s] [ 75%] [32m[1mLinking CXX executable test_action_assisted_teleop_action[0m
[701.915s] [ 75%] Built target test_action_assisted_teleop_action
[702.166s] [ 76%] [32m[1mLinking CXX executable test_action_back_up_action[0m
[702.742s] [ 76%] Built target test_action_back_up_action
[703.877s] [ 77%] [32m[1mLinking CXX executable test_control_round_robin_node[0m
[704.435s] [ 77%] Built target test_control_round_robin_node
[704.866s] [ 78%] [32m[1mLinking CXX executable test_action_spin_action[0m
[705.383s] [ 78%] Built target test_action_spin_action
[705.402s] [ 78%] [32mBuilding CXX object test/plugins/action/CMakeFiles/test_action_back_up_cancel_action.dir/test_back_up_cancel_node.cpp.o[0m
[705.423s] [ 78%] [32mBuilding CXX object test/plugins/action/CMakeFiles/test_action_spin_cancel_action.dir/test_spin_cancel_node.cpp.o[0m
[706.451s] [ 78%] [32mBuilding CXX object test/plugins/action/CMakeFiles/test_action_assisted_teleop_cancel_action.dir/test_assisted_teleop_cancel_node.cpp.o[0m
[707.563s] [ 78%] [32mBuilding CXX object test/plugins/action/CMakeFiles/test_action_wait_cancel_action.dir/test_wait_cancel_node.cpp.o[0m
[708.639s] [ 79%] [32mBuilding CXX object test/plugins/action/CMakeFiles/test_action_controller_cancel_action.dir/test_controller_cancel_node.cpp.o[0m
[711.981s] [ 80%] [32m[1mLinking CXX executable test_bt_action_node[0m
[713.120s] [ 80%] Built target test_bt_action_node
[728.744s] [ 81%] [32m[1mLinking CXX executable test_action_back_up_cancel_action[0m
[729.549s] [ 81%] Built target test_action_back_up_cancel_action
[729.859s] [ 82%] [32m[1mLinking CXX executable test_action_assisted_teleop_cancel_action[0m
[729.877s] [ 83%] [32m[1mLinking CXX executable test_action_spin_cancel_action[0m
[730.451s] [ 83%] Built target test_action_spin_cancel_action
[730.463s] [ 83%] Built target test_action_assisted_teleop_cancel_action
[731.983s] [ 84%] [32m[1mLinking CXX executable test_action_wait_cancel_action[0m
[732.489s] [ 84%] Built target test_action_wait_cancel_action
[732.559s] [ 84%] [32m[1mLinking CXX executable test_action_controller_cancel_action[0m
[733.049s] [ 84%] Built target test_action_controller_cancel_action
[733.095s] [ 84%] [32mBuilding CXX object test/plugins/action/CMakeFiles/test_action_compute_path_through_poses_action.dir/test_compute_path_through_poses_action.cpp.o[0m
[736.116s] [ 84%] [32mBuilding CXX object test/plugins/action/CMakeFiles/test_action_smooth_path_action.dir/test_smooth_path_action.cpp.o[0m
[737.140s] [ 84%] [32mBuilding CXX object test/plugins/action/CMakeFiles/test_action_compute_path_to_pose_action.dir/test_compute_path_to_pose_action.cpp.o[0m
[738.166s] [ 85%] [32mBuilding CXX object test/plugins/action/CMakeFiles/test_action_reinitialize_global_localization_service.dir/test_reinitialize_global_localization_service.cpp.o[0m
[739.190s] [ 85%] [32mBuilding CXX object test/plugins/action/CMakeFiles/test_action_clear_costmap_service.dir/test_clear_costmap_service.cpp.o[0m
[740.295s] [ 86%] [32mBuilding CXX object test/plugins/action/CMakeFiles/test_action_drive_on_heading_cancel_action.dir/test_drive_on_heading_cancel_node.cpp.o[0m
[755.564s] [ 87%] [32m[1mLinking CXX executable test_action_compute_path_through_poses_action[0m
[756.128s] [ 87%] [32m[1mLinking CXX executable test_action_reinitialize_global_localization_service[0m
[756.404s] [ 87%] Built target test_action_compute_path_through_poses_action
[756.829s] [ 87%] Built target test_action_reinitialize_global_localization_service
[758.295s] [ 88%] [32m[1mLinking CXX executable test_action_smooth_path_action[0m
[758.804s] [ 88%] Built target test_action_smooth_path_action
[759.817s] [ 88%] [32m[1mLinking CXX executable test_action_compute_path_to_pose_action[0m
[760.336s] [ 88%] Built target test_action_compute_path_to_pose_action
[761.449s] [ 89%] [32m[1mLinking CXX executable test_action_clear_costmap_service[0m
[761.986s] [ 89%] Built target test_action_clear_costmap_service
[762.860s] [ 89%] [32m[1mLinking CXX executable test_action_drive_on_heading_cancel_action[0m
[763.359s] [ 89%] Built target test_action_drive_on_heading_cancel_action
[763.404s] [ 89%] [32mBuilding CXX object test/plugins/action/CMakeFiles/test_truncate_path_local_action.dir/test_truncate_path_local_action.cpp.o[0m
[765.423s] [ 89%] [32mBuilding CXX object test/plugins/action/CMakeFiles/test_truncate_path_action.dir/test_truncate_path_action.cpp.o[0m
[765.423s] [ 89%] [32mBuilding CXX object test/plugins/action/CMakeFiles/test_remove_passed_goals_action.dir/test_remove_passed_goals_action.cpp.o[0m
[766.450s] [ 90%] [32mBuilding CXX object test/plugins/action/CMakeFiles/test_action_navigate_through_poses_action.dir/test_navigate_through_poses_action.cpp.o[0m
[767.477s] [ 91%] [32mBuilding CXX object test/plugins/action/CMakeFiles/test_action_navigate_to_pose_action.dir/test_navigate_to_pose_action.cpp.o[0m
[768.571s] [ 92%] [32mBuilding CXX object test/plugins/action/CMakeFiles/test_action_follow_path_action.dir/test_follow_path_action.cpp.o[0m
[780.920s] [ 93%] [32m[1mLinking CXX executable test_truncate_path_action[0m
[781.431s] [ 93%] Built target test_truncate_path_action
[786.401s] [ 94%] [32m[1mLinking CXX executable test_remove_passed_goals_action[0m
[787.030s] [ 94%] Built target test_remove_passed_goals_action
[787.305s] [ 94%] [32m[1mLinking CXX executable test_action_navigate_through_poses_action[0m
[787.842s] [ 94%] Built target test_action_navigate_through_poses_action
[788.039s] [ 95%] [32m[1mLinking CXX executable test_truncate_path_local_action[0m
[788.199s] [ 95%] [32m[1mLinking CXX executable test_action_navigate_to_pose_action[0m
[788.679s] [ 95%] Built target test_truncate_path_local_action
[788.771s] [ 95%] Built target test_action_navigate_to_pose_action
[790.812s] [ 96%] [32mBuilding CXX object test/plugins/action/CMakeFiles/test_goal_checker_selector_node.dir/test_goal_checker_selector_node.cpp.o[0m
[791.024s] [ 96%] [32m[1mLinking CXX executable test_action_follow_path_action[0m
[791.530s] [ 96%] Built target test_action_follow_path_action
[791.572s] [ 96%] [32mBuilding CXX object test/plugins/action/CMakeFiles/test_smoother_selector_node.dir/test_smoother_selector_node.cpp.o[0m
[818.131s] [ 96%] [32m[1mLinking CXX executable test_goal_checker_selector_node[0m
[818.939s] [ 96%] Built target test_goal_checker_selector_node
[819.836s] [ 97%] [32m[1mLinking CXX executable test_smoother_selector_node[0m
[820.436s] [ 97%] Built target test_smoother_selector_node
[820.483s] [ 97%] [32mBuilding CXX object test/plugins/action/CMakeFiles/test_progress_checker_selector_node.dir/test_progress_checker_selector_node.cpp.o[0m
[839.907s] [ 98%] [32m[1mLinking CXX executable test_progress_checker_selector_node[0m
[840.442s] [ 98%] Built target test_progress_checker_selector_node
[840.484s] [ 98%] [32mBuilding CXX object test/plugins/action/CMakeFiles/test_controller_selector_node.dir/test_controller_selector_node.cpp.o[0m
[858.277s] [ 98%] [32m[1mLinking CXX executable test_controller_selector_node[0m
[858.822s] [ 98%] Built target test_controller_selector_node
[858.863s] [ 98%] [32mBuilding CXX object test/plugins/action/CMakeFiles/test_planner_selector_node.dir/test_planner_selector_node.cpp.o[0m
[877.093s] [ 99%] [32m[1mLinking CXX executable test_planner_selector_node[0m
[877.771s] [ 99%] Built target test_planner_selector_node
[877.819s] [100%] [32mBuilding CXX object test/plugins/action/CMakeFiles/test_get_pose_from_path_action.dir/test_get_pose_from_path_action.cpp.o[0m
[893.950s] [100%] [32m[1mLinking CXX executable test_get_pose_from_path_action[0m
[894.416s] [100%] Built target test_get_pose_from_path_action
[894.443s] Invoked command in '/home/jetson/robot_ws/build/nav2_behavior_tree' returned '0': AMENT_PREFIX_PATH=/home/jetson/robot_ws/install/nav2_util:/home/jetson/robot_ws/install/nav2_msgs:/home/jetson/robot_ws/install/nav2_common:${AMENT_PREFIX_PATH} CMAKE_PREFIX_PATH=/home/jetson/robot_ws/install/nav2_util:/home/jetson/robot_ws/install/nav2_msgs:/home/jetson/robot_ws/install/nav2_common:/opt/ros/humble LD_LIBRARY_PATH=/home/jetson/robot_ws/install/nav2_util/lib:/home/jetson/robot_ws/install/nav2_msgs/lib:${LD_LIBRARY_PATH} PYTHONPATH=/home/jetson/robot_ws/install/nav2_msgs/local/lib/python3.10/dist-packages:/home/jetson/robot_ws/install/nav2_common/local/lib/python3.10/dist-packages:${PYTHONPATH} /usr/bin/cmake --build /home/jetson/robot_ws/build/nav2_behavior_tree -- -j6 -l6
[894.452s] Invoking command in '/home/jetson/robot_ws/build/nav2_behavior_tree': AMENT_PREFIX_PATH=/home/jetson/robot_ws/install/nav2_util:/home/jetson/robot_ws/install/nav2_msgs:/home/jetson/robot_ws/install/nav2_common:${AMENT_PREFIX_PATH} CMAKE_PREFIX_PATH=/home/jetson/robot_ws/install/nav2_util:/home/jetson/robot_ws/install/nav2_msgs:/home/jetson/robot_ws/install/nav2_common:/opt/ros/humble LD_LIBRARY_PATH=/home/jetson/robot_ws/install/nav2_util/lib:/home/jetson/robot_ws/install/nav2_msgs/lib:${LD_LIBRARY_PATH} PYTHONPATH=/home/jetson/robot_ws/install/nav2_msgs/local/lib/python3.10/dist-packages:/home/jetson/robot_ws/install/nav2_common/local/lib/python3.10/dist-packages:${PYTHONPATH} /usr/bin/cmake --install /home/jetson/robot_ws/build/nav2_behavior_tree
[896.962s] -- Install configuration: "Release"
[896.963s] -- Installing: /home/jetson/robot_ws/install/nav2_behavior_tree/lib/libnav2_behavior_tree.so
[896.963s] -- Set runtime path of "/home/jetson/robot_ws/install/nav2_behavior_tree/lib/libnav2_behavior_tree.so" to ""
[896.963s] -- Installing: /home/jetson/robot_ws/install/nav2_behavior_tree/lib/libnav2_compute_path_to_pose_action_bt_node.so
[896.963s] -- Set runtime path of "/home/jetson/robot_ws/install/nav2_behavior_tree/lib/libnav2_compute_path_to_pose_action_bt_node.so" to ""
[896.963s] -- Installing: /home/jetson/robot_ws/install/nav2_behavior_tree/lib/libnav2_compute_path_through_poses_action_bt_node.so
[896.963s] -- Set runtime path of "/home/jetson/robot_ws/install/nav2_behavior_tree/lib/libnav2_compute_path_through_poses_action_bt_node.so" to ""
[896.963s] -- Installing: /home/jetson/robot_ws/install/nav2_behavior_tree/lib/libnav2_controller_cancel_bt_node.so
[896.963s] -- Set runtime path of "/home/jetson/robot_ws/install/nav2_behavior_tree/lib/libnav2_controller_cancel_bt_node.so" to ""
[896.963s] -- Installing: /home/jetson/robot_ws/install/nav2_behavior_tree/lib/libnav2_wait_cancel_bt_node.so
[896.964s] -- Set runtime path of "/home/jetson/robot_ws/install/nav2_behavior_tree/lib/libnav2_wait_cancel_bt_node.so" to ""
[896.964s] -- Installing: /home/jetson/robot_ws/install/nav2_behavior_tree/lib/libnav2_spin_cancel_bt_node.so
[896.964s] -- Set runtime path of "/home/jetson/robot_ws/install/nav2_behavior_tree/lib/libnav2_spin_cancel_bt_node.so" to ""
[896.964s] -- Installing: /home/jetson/robot_ws/install/nav2_behavior_tree/lib/libnav2_back_up_cancel_bt_node.so
[896.964s] -- Set runtime path of "/home/jetson/robot_ws/install/nav2_behavior_tree/lib/libnav2_back_up_cancel_bt_node.so" to ""
[896.964s] -- Installing: /home/jetson/robot_ws/install/nav2_behavior_tree/lib/libnav2_assisted_teleop_cancel_bt_node.so
[896.964s] -- Set runtime path of "/home/jetson/robot_ws/install/nav2_behavior_tree/lib/libnav2_assisted_teleop_cancel_bt_node.so" to ""
[896.964s] -- Installing: /home/jetson/robot_ws/install/nav2_behavior_tree/lib/libnav2_drive_on_heading_cancel_bt_node.so
[896.964s] -- Set runtime path of "/home/jetson/robot_ws/install/nav2_behavior_tree/lib/libnav2_drive_on_heading_cancel_bt_node.so" to ""
[896.964s] -- Installing: /home/jetson/robot_ws/install/nav2_behavior_tree/lib/libnav2_smooth_path_action_bt_node.so
[896.965s] -- Set runtime path of "/home/jetson/robot_ws/install/nav2_behavior_tree/lib/libnav2_smooth_path_action_bt_node.so" to ""
[896.965s] -- Installing: /home/jetson/robot_ws/install/nav2_behavior_tree/lib/libnav2_follow_path_action_bt_node.so
[896.965s] -- Set runtime path of "/home/jetson/robot_ws/install/nav2_behavior_tree/lib/libnav2_follow_path_action_bt_node.so" to ""
[896.965s] -- Installing: /home/jetson/robot_ws/install/nav2_behavior_tree/lib/libnav2_back_up_action_bt_node.so
[896.965s] -- Set runtime path of "/home/jetson/robot_ws/install/nav2_behavior_tree/lib/libnav2_back_up_action_bt_node.so" to ""
[896.965s] -- Installing: /home/jetson/robot_ws/install/nav2_behavior_tree/lib/libnav2_drive_on_heading_bt_node.so
[896.965s] -- Set runtime path of "/home/jetson/robot_ws/install/nav2_behavior_tree/lib/libnav2_drive_on_heading_bt_node.so" to ""
[896.965s] -- Installing: /home/jetson/robot_ws/install/nav2_behavior_tree/lib/libnav2_spin_action_bt_node.so
[896.965s] -- Set runtime path of "/home/jetson/robot_ws/install/nav2_behavior_tree/lib/libnav2_spin_action_bt_node.so" to ""
[896.965s] -- Installing: /home/jetson/robot_ws/install/nav2_behavior_tree/lib/libnav2_wait_action_bt_node.so
[896.966s] -- Set runtime path of "/home/jetson/robot_ws/install/nav2_behavior_tree/lib/libnav2_wait_action_bt_node.so" to ""
[896.966s] -- Installing: /home/jetson/robot_ws/install/nav2_behavior_tree/lib/libnav2_assisted_teleop_action_bt_node.so
[896.967s] -- Set runtime path of "/home/jetson/robot_ws/install/nav2_behavior_tree/lib/libnav2_assisted_teleop_action_bt_node.so" to ""
[896.967s] -- Installing: /home/jetson/robot_ws/install/nav2_behavior_tree/lib/libnav2_clear_costmap_service_bt_node.so
[896.967s] -- Set runtime path of "/home/jetson/robot_ws/install/nav2_behavior_tree/lib/libnav2_clear_costmap_service_bt_node.so" to ""
[896.967s] -- Installing: /home/jetson/robot_ws/install/nav2_behavior_tree/lib/libnav2_is_stuck_condition_bt_node.so
[896.967s] -- Set runtime path of "/home/jetson/robot_ws/install/nav2_behavior_tree/lib/libnav2_is_stuck_condition_bt_node.so" to ""
[896.967s] -- Installing: /home/jetson/robot_ws/install/nav2_behavior_tree/lib/libnav2_transform_available_condition_bt_node.so
[896.967s] -- Set runtime path of "/home/jetson/robot_ws/install/nav2_behavior_tree/lib/libnav2_transform_available_condition_bt_node.so" to ""
[896.968s] -- Installing: /home/jetson/robot_ws/install/nav2_behavior_tree/lib/libnav2_goal_reached_condition_bt_node.so
[896.968s] -- Set runtime path of "/home/jetson/robot_ws/install/nav2_behavior_tree/lib/libnav2_goal_reached_condition_bt_node.so" to ""
[896.968s] -- Installing: /home/jetson/robot_ws/install/nav2_behavior_tree/lib/libnav2_globally_updated_goal_condition_bt_node.so
[896.968s] -- Set runtime path of "/home/jetson/robot_ws/install/nav2_behavior_tree/lib/libnav2_globally_updated_goal_condition_bt_node.so" to ""
[896.968s] -- Installing: /home/jetson/robot_ws/install/nav2_behavior_tree/lib/libnav2_goal_updated_condition_bt_node.so
[896.968s] -- Set runtime path of "/home/jetson/robot_ws/install/nav2_behavior_tree/lib/libnav2_goal_updated_condition_bt_node.so" to ""
[896.968s] -- Installing: /home/jetson/robot_ws/install/nav2_behavior_tree/lib/libnav2_is_path_valid_condition_bt_node.so
[896.968s] -- Set runtime path of "/home/jetson/robot_ws/install/nav2_behavior_tree/lib/libnav2_is_path_valid_condition_bt_node.so" to ""
[896.969s] -- Installing: /home/jetson/robot_ws/install/nav2_behavior_tree/lib/libnav2_time_expired_condition_bt_node.so
[896.969s] -- Set runtime path of "/home/jetson/robot_ws/install/nav2_behavior_tree/lib/libnav2_time_expired_condition_bt_node.so" to ""
[896.969s] -- Installing: /home/jetson/robot_ws/install/nav2_behavior_tree/lib/libnav2_path_expiring_timer_condition.so
[896.969s] -- Set runtime path of "/home/jetson/robot_ws/install/nav2_behavior_tree/lib/libnav2_path_expiring_timer_condition.so" to ""
[896.969s] -- Installing: /home/jetson/robot_ws/install/nav2_behavior_tree/lib/libnav2_distance_traveled_condition_bt_node.so
[896.969s] -- Set runtime path of "/home/jetson/robot_ws/install/nav2_behavior_tree/lib/libnav2_distance_traveled_condition_bt_node.so" to ""
[896.970s] -- Installing: /home/jetson/robot_ws/install/nav2_behavior_tree/lib/libnav2_initial_pose_received_condition_bt_node.so
[896.970s] -- Set runtime path of "/home/jetson/robot_ws/install/nav2_behavior_tree/lib/libnav2_initial_pose_received_condition_bt_node.so" to ""
[896.970s] -- Installing: /home/jetson/robot_ws/install/nav2_behavior_tree/lib/libnav2_is_battery_charging_condition_bt_node.so
[896.970s] -- Set runtime path of "/home/jetson/robot_ws/install/nav2_behavior_tree/lib/libnav2_is_battery_charging_condition_bt_node.so" to ""
[896.970s] -- Installing: /home/jetson/robot_ws/install/nav2_behavior_tree/lib/libnav2_is_battery_low_condition_bt_node.so
[896.970s] -- Set runtime path of "/home/jetson/robot_ws/install/nav2_behavior_tree/lib/libnav2_is_battery_low_condition_bt_node.so" to ""
[896.970s] -- Installing: /home/jetson/robot_ws/install/nav2_behavior_tree/lib/libnav2_reinitialize_global_localization_service_bt_node.so
[896.971s] -- Set runtime path of "/home/jetson/robot_ws/install/nav2_behavior_tree/lib/libnav2_reinitialize_global_localization_service_bt_node.so" to ""
[896.971s] -- Installing: /home/jetson/robot_ws/install/nav2_behavior_tree/lib/libnav2_rate_controller_bt_node.so
[896.971s] -- Set runtime path of "/home/jetson/robot_ws/install/nav2_behavior_tree/lib/libnav2_rate_controller_bt_node.so" to ""
[896.971s] -- Installing: /home/jetson/robot_ws/install/nav2_behavior_tree/lib/libnav2_distance_controller_bt_node.so
[896.971s] -- Set runtime path of "/home/jetson/robot_ws/install/nav2_behavior_tree/lib/libnav2_distance_controller_bt_node.so" to ""
[896.971s] -- Installing: /home/jetson/robot_ws/install/nav2_behavior_tree/lib/libnav2_speed_controller_bt_node.so
[896.971s] -- Set runtime path of "/home/jetson/robot_ws/install/nav2_behavior_tree/lib/libnav2_speed_controller_bt_node.so" to ""
[896.972s] -- Installing: /home/jetson/robot_ws/install/nav2_behavior_tree/lib/libnav2_truncate_path_action_bt_node.so
[896.972s] -- Set runtime path of "/home/jetson/robot_ws/install/nav2_behavior_tree/lib/libnav2_truncate_path_action_bt_node.so" to ""
[896.972s] -- Installing: /home/jetson/robot_ws/install/nav2_behavior_tree/lib/libnav2_truncate_path_local_action_bt_node.so
[896.972s] -- Set runtime path of "/home/jetson/robot_ws/install/nav2_behavior_tree/lib/libnav2_truncate_path_local_action_bt_node.so" to ""
[896.972s] -- Installing: /home/jetson/robot_ws/install/nav2_behavior_tree/lib/libnav2_goal_updater_node_bt_node.so
[896.972s] -- Set runtime path of "/home/jetson/robot_ws/install/nav2_behavior_tree/lib/libnav2_goal_updater_node_bt_node.so" to ""
[896.972s] -- Installing: /home/jetson/robot_ws/install/nav2_behavior_tree/lib/libnav2_path_longer_on_approach_bt_node.so
[896.973s] -- Set runtime path of "/home/jetson/robot_ws/install/nav2_behavior_tree/lib/libnav2_path_longer_on_approach_bt_node.so" to ""
[896.973s] -- Installing: /home/jetson/robot_ws/install/nav2_behavior_tree/lib/libnav2_recovery_node_bt_node.so
[896.973s] -- Set runtime path of "/home/jetson/robot_ws/install/nav2_behavior_tree/lib/libnav2_recovery_node_bt_node.so" to ""
[896.973s] -- Installing: /home/jetson/robot_ws/install/nav2_behavior_tree/lib/libnav2_navigate_to_pose_action_bt_node.so
[896.973s] -- Set runtime path of "/home/jetson/robot_ws/install/nav2_behavior_tree/lib/libnav2_navigate_to_pose_action_bt_node.so" to ""
[896.973s] -- Installing: /home/jetson/robot_ws/install/nav2_behavior_tree/lib/libnav2_navigate_through_poses_action_bt_node.so
[896.973s] -- Set runtime path of "/home/jetson/robot_ws/install/nav2_behavior_tree/lib/libnav2_navigate_through_poses_action_bt_node.so" to ""
[896.973s] -- Installing: /home/jetson/robot_ws/install/nav2_behavior_tree/lib/libnav2_remove_passed_goals_action_bt_node.so
[896.974s] -- Set runtime path of "/home/jetson/robot_ws/install/nav2_behavior_tree/lib/libnav2_remove_passed_goals_action_bt_node.so" to ""
[896.974s] -- Installing: /home/jetson/robot_ws/install/nav2_behavior_tree/lib/libnav2_get_pose_from_path_action_bt_node.so
[896.974s] -- Set runtime path of "/home/jetson/robot_ws/install/nav2_behavior_tree/lib/libnav2_get_pose_from_path_action_bt_node.so" to ""
[896.974s] -- Installing: /home/jetson/robot_ws/install/nav2_behavior_tree/lib/libnav2_pipeline_sequence_bt_node.so
[896.974s] -- Set runtime path of "/home/jetson/robot_ws/install/nav2_behavior_tree/lib/libnav2_pipeline_sequence_bt_node.so" to ""
[896.974s] -- Installing: /home/jetson/robot_ws/install/nav2_behavior_tree/lib/libnav2_round_robin_node_bt_node.so
[896.974s] -- Set runtime path of "/home/jetson/robot_ws/install/nav2_behavior_tree/lib/libnav2_round_robin_node_bt_node.so" to ""
[896.974s] -- Installing: /home/jetson/robot_ws/install/nav2_behavior_tree/lib/libnav2_single_trigger_bt_node.so
[896.974s] -- Set runtime path of "/home/jetson/robot_ws/install/nav2_behavior_tree/lib/libnav2_single_trigger_bt_node.so" to ""
[896.974s] -- Installing: /home/jetson/robot_ws/install/nav2_behavior_tree/lib/libnav2_planner_selector_bt_node.so
[896.975s] -- Set runtime path of "/home/jetson/robot_ws/install/nav2_behavior_tree/lib/libnav2_planner_selector_bt_node.so" to ""
[896.975s] -- Installing: /home/jetson/robot_ws/install/nav2_behavior_tree/lib/libnav2_controller_selector_bt_node.so
[896.975s] -- Set runtime path of "/home/jetson/robot_ws/install/nav2_behavior_tree/lib/libnav2_controller_selector_bt_node.so" to ""
[896.975s] -- Installing: /home/jetson/robot_ws/install/nav2_behavior_tree/lib/libnav2_smoother_selector_bt_node.so
[896.975s] -- Set runtime path of "/home/jetson/robot_ws/install/nav2_behavior_tree/lib/libnav2_smoother_selector_bt_node.so" to ""
[896.975s] -- Installing: /home/jetson/robot_ws/install/nav2_behavior_tree/lib/libnav2_goal_checker_selector_bt_node.so
[896.975s] -- Set runtime path of "/home/jetson/robot_ws/install/nav2_behavior_tree/lib/libnav2_goal_checker_selector_bt_node.so" to ""
[896.975s] -- Installing: /home/jetson/robot_ws/install/nav2_behavior_tree/lib/libnav2_progress_checker_selector_bt_node.so
[896.975s] -- Set runtime path of "/home/jetson/robot_ws/install/nav2_behavior_tree/lib/libnav2_progress_checker_selector_bt_node.so" to ""
[896.975s] -- Installing: /home/jetson/robot_ws/install/nav2_behavior_tree/lib/libnav2_goal_updated_controller_bt_node.so
[896.976s] -- Set runtime path of "/home/jetson/robot_ws/install/nav2_behavior_tree/lib/libnav2_goal_updated_controller_bt_node.so" to ""
[896.976s] -- Installing: /home/jetson/robot_ws/install/nav2_behavior_tree/lib/libnav2_compute_and_track_route_bt_node.so
[896.976s] -- Set runtime path of "/home/jetson/robot_ws/install/nav2_behavior_tree/lib/libnav2_compute_and_track_route_bt_node.so" to ""
[896.976s] -- Installing: /home/jetson/robot_ws/install/nav2_behavior_tree/lib/libnav2_compute_route_bt_node.so
[896.976s] -- Set runtime path of "/home/jetson/robot_ws/install/nav2_behavior_tree/lib/libnav2_compute_route_bt_node.so" to ""
[896.976s] -- Installing: /home/jetson/robot_ws/install/nav2_behavior_tree/include/
[896.976s] -- Installing: /home/jetson/robot_ws/install/nav2_behavior_tree/include//nav2_behavior_tree
[896.976s] -- Installing: /home/jetson/robot_ws/install/nav2_behavior_tree/include//nav2_behavior_tree/bt_cancel_action_node.hpp
[896.976s] -- Installing: /home/jetson/robot_ws/install/nav2_behavior_tree/include//nav2_behavior_tree/plugins
[896.976s] -- Installing: /home/jetson/robot_ws/install/nav2_behavior_tree/include//nav2_behavior_tree/plugins/decorator
[896.977s] -- Installing: /home/jetson/robot_ws/install/nav2_behavior_tree/include//nav2_behavior_tree/plugins/decorator/speed_controller.hpp
[896.977s] -- Installing: /home/jetson/robot_ws/install/nav2_behavior_tree/include//nav2_behavior_tree/plugins/decorator/goal_updated_controller.hpp
[896.977s] -- Installing: /home/jetson/robot_ws/install/nav2_behavior_tree/include//nav2_behavior_tree/plugins/decorator/path_longer_on_approach.hpp
[896.977s] -- Installing: /home/jetson/robot_ws/install/nav2_behavior_tree/include//nav2_behavior_tree/plugins/decorator/single_trigger_node.hpp
[896.977s] -- Installing: /home/jetson/robot_ws/install/nav2_behavior_tree/include//nav2_behavior_tree/plugins/decorator/distance_controller.hpp
[896.977s] -- Installing: /home/jetson/robot_ws/install/nav2_behavior_tree/include//nav2_behavior_tree/plugins/decorator/goal_updater_node.hpp
[896.977s] -- Installing: /home/jetson/robot_ws/install/nav2_behavior_tree/include//nav2_behavior_tree/plugins/decorator/rate_controller.hpp
[896.977s] -- Installing: /home/jetson/robot_ws/install/nav2_behavior_tree/include//nav2_behavior_tree/plugins/action
[896.977s] -- Installing: /home/jetson/robot_ws/install/nav2_behavior_tree/include//nav2_behavior_tree/plugins/action/wait_cancel_node.hpp
[896.978s] -- Installing: /home/jetson/robot_ws/install/nav2_behavior_tree/include//nav2_behavior_tree/plugins/action/back_up_cancel_node.hpp
[896.978s] -- Installing: /home/jetson/robot_ws/install/nav2_behavior_tree/include//nav2_behavior_tree/plugins/action/smooth_path_action.hpp
[896.978s] -- Installing: /home/jetson/robot_ws/install/nav2_behavior_tree/include//nav2_behavior_tree/plugins/action/compute_and_track_route_action.hpp
[896.978s] -- Installing: /home/jetson/robot_ws/install/nav2_behavior_tree/include//nav2_behavior_tree/plugins/action/back_up_action.hpp
[896.978s] -- Installing: /home/jetson/robot_ws/install/nav2_behavior_tree/include//nav2_behavior_tree/plugins/action/assisted_teleop_action.hpp
[896.978s] -- Installing: /home/jetson/robot_ws/install/nav2_behavior_tree/include//nav2_behavior_tree/plugins/action/wait_action.hpp
[896.978s] -- Installing: /home/jetson/robot_ws/install/nav2_behavior_tree/include//nav2_behavior_tree/plugins/action/reinitialize_global_localization_service.hpp
[896.978s] -- Installing: /home/jetson/robot_ws/install/nav2_behavior_tree/include//nav2_behavior_tree/plugins/action/compute_path_through_poses_action.hpp
[896.978s] -- Installing: /home/jetson/robot_ws/install/nav2_behavior_tree/include//nav2_behavior_tree/plugins/action/planner_selector_node.hpp
[896.978s] -- Installing: /home/jetson/robot_ws/install/nav2_behavior_tree/include//nav2_behavior_tree/plugins/action/progress_checker_selector_node.hpp
[896.979s] -- Installing: /home/jetson/robot_ws/install/nav2_behavior_tree/include//nav2_behavior_tree/plugins/action/smoother_selector_node.hpp
[896.979s] -- Installing: /home/jetson/robot_ws/install/nav2_behavior_tree/include//nav2_behavior_tree/plugins/action/navigate_to_pose_action.hpp
[896.979s] -- Installing: /home/jetson/robot_ws/install/nav2_behavior_tree/include//nav2_behavior_tree/plugins/action/controller_cancel_node.hpp
[896.979s] -- Installing: /home/jetson/robot_ws/install/nav2_behavior_tree/include//nav2_behavior_tree/plugins/action/navigate_through_poses_action.hpp
[896.979s] -- Installing: /home/jetson/robot_ws/install/nav2_behavior_tree/include//nav2_behavior_tree/plugins/action/compute_path_to_pose_action.hpp
[896.979s] -- Installing: /home/jetson/robot_ws/install/nav2_behavior_tree/include//nav2_behavior_tree/plugins/action/truncate_path_local_action.hpp
[896.979s] -- Installing: /home/jetson/robot_ws/install/nav2_behavior_tree/include//nav2_behavior_tree/plugins/action/compute_route_action.hpp
[896.979s] -- Installing: /home/jetson/robot_ws/install/nav2_behavior_tree/include//nav2_behavior_tree/plugins/action/remove_passed_goals_action.hpp
[896.979s] -- Installing: /home/jetson/robot_ws/install/nav2_behavior_tree/include//nav2_behavior_tree/plugins/action/clear_costmap_service.hpp
[896.979s] -- Installing: /home/jetson/robot_ws/install/nav2_behavior_tree/include//nav2_behavior_tree/plugins/action/truncate_path_action.hpp
[896.980s] -- Installing: /home/jetson/robot_ws/install/nav2_behavior_tree/include//nav2_behavior_tree/plugins/action/controller_selector_node.hpp
[896.980s] -- Installing: /home/jetson/robot_ws/install/nav2_behavior_tree/include//nav2_behavior_tree/plugins/action/goal_checker_selector_node.hpp
[896.980s] -- Installing: /home/jetson/robot_ws/install/nav2_behavior_tree/include//nav2_behavior_tree/plugins/action/get_pose_from_path_action.hpp
[896.980s] -- Installing: /home/jetson/robot_ws/install/nav2_behavior_tree/include//nav2_behavior_tree/plugins/action/follow_path_action.hpp
[896.980s] -- Installing: /home/jetson/robot_ws/install/nav2_behavior_tree/include//nav2_behavior_tree/plugins/action/spin_cancel_node.hpp
[896.980s] -- Installing: /home/jetson/robot_ws/install/nav2_behavior_tree/include//nav2_behavior_tree/plugins/action/drive_on_heading_action.hpp
[896.980s] -- Installing: /home/jetson/robot_ws/install/nav2_behavior_tree/include//nav2_behavior_tree/plugins/action/drive_on_heading_cancel_node.hpp
[896.986s] -- Installing: /home/jetson/robot_ws/install/nav2_behavior_tree/include//nav2_behavior_tree/plugins/action/assisted_teleop_cancel_node.hpp
[896.986s] -- Installing: /home/jetson/robot_ws/install/nav2_behavior_tree/include//nav2_behavior_tree/plugins/action/spin_action.hpp
[896.987s] -- Installing: /home/jetson/robot_ws/install/nav2_behavior_tree/include//nav2_behavior_tree/plugins/condition
[896.987s] -- Installing: /home/jetson/robot_ws/install/nav2_behavior_tree/include//nav2_behavior_tree/plugins/condition/distance_traveled_condition.hpp
[896.987s] -- Installing: /home/jetson/robot_ws/install/nav2_behavior_tree/include//nav2_behavior_tree/plugins/condition/is_battery_charging_condition.hpp
[896.987s] -- Installing: /home/jetson/robot_ws/install/nav2_behavior_tree/include//nav2_behavior_tree/plugins/condition/is_path_valid_condition.hpp
[896.988s] -- Installing: /home/jetson/robot_ws/install/nav2_behavior_tree/include//nav2_behavior_tree/plugins/condition/path_expiring_timer_condition.hpp
[896.988s] -- Installing: /home/jetson/robot_ws/install/nav2_behavior_tree/include//nav2_behavior_tree/plugins/condition/transform_available_condition.hpp
[896.988s] -- Installing: /home/jetson/robot_ws/install/nav2_behavior_tree/include//nav2_behavior_tree/plugins/condition/is_stuck_condition.hpp
[896.989s] -- Installing: /home/jetson/robot_ws/install/nav2_behavior_tree/include//nav2_behavior_tree/plugins/condition/goal_reached_condition.hpp
[896.989s] -- Installing: /home/jetson/robot_ws/install/nav2_behavior_tree/include//nav2_behavior_tree/plugins/condition/globally_updated_goal_condition.hpp
[896.989s] -- Installing: /home/jetson/robot_ws/install/nav2_behavior_tree/include//nav2_behavior_tree/plugins/condition/is_battery_low_condition.hpp
[896.989s] -- Installing: /home/jetson/robot_ws/install/nav2_behavior_tree/include//nav2_behavior_tree/plugins/condition/time_expired_condition.hpp
[896.990s] -- Installing: /home/jetson/robot_ws/install/nav2_behavior_tree/include//nav2_behavior_tree/plugins/condition/goal_updated_condition.hpp
[896.990s] -- Installing: /home/jetson/robot_ws/install/nav2_behavior_tree/include//nav2_behavior_tree/plugins/condition/initial_pose_received_condition.hpp
[896.990s] -- Installing: /home/jetson/robot_ws/install/nav2_behavior_tree/include//nav2_behavior_tree/plugins/control
[896.990s] -- Installing: /home/jetson/robot_ws/install/nav2_behavior_tree/include//nav2_behavior_tree/plugins/control/round_robin_node.hpp
[896.991s] -- Installing: /home/jetson/robot_ws/install/nav2_behavior_tree/include//nav2_behavior_tree/plugins/control/pipeline_sequence.hpp
[896.991s] -- Installing: /home/jetson/robot_ws/install/nav2_behavior_tree/include//nav2_behavior_tree/plugins/control/recovery_node.hpp
[896.991s] -- Installing: /home/jetson/robot_ws/install/nav2_behavior_tree/include//nav2_behavior_tree/bt_action_node.hpp
[896.991s] -- Installing: /home/jetson/robot_ws/install/nav2_behavior_tree/include//nav2_behavior_tree/bt_action_server_impl.hpp
[896.991s] -- Installing: /home/jetson/robot_ws/install/nav2_behavior_tree/include//nav2_behavior_tree/bt_conversions.hpp
[896.992s] -- Installing: /home/jetson/robot_ws/install/nav2_behavior_tree/include//nav2_behavior_tree/bt_action_server.hpp
[896.993s] -- Installing: /home/jetson/robot_ws/install/nav2_behavior_tree/include//nav2_behavior_tree/ros_topic_logger.hpp
[896.993s] -- Installing: /home/jetson/robot_ws/install/nav2_behavior_tree/include//nav2_behavior_tree/bt_service_node.hpp
[896.994s] -- Installing: /home/jetson/robot_ws/install/nav2_behavior_tree/include//nav2_behavior_tree/behavior_tree_engine.hpp
[896.994s] -- Installing: /home/jetson/robot_ws/install/nav2_behavior_tree/share/nav2_behavior_tree/nav2_tree_nodes.xml
[896.994s] -- Installing: /home/jetson/robot_ws/install/nav2_behavior_tree/share/nav2_behavior_tree/environment/library_path.sh
[896.995s] -- Installing: /home/jetson/robot_ws/install/nav2_behavior_tree/share/nav2_behavior_tree/environment/library_path.dsv
[896.995s] -- Installing: /home/jetson/robot_ws/install/nav2_behavior_tree/share/ament_index/resource_index/package_run_dependencies/nav2_behavior_tree
[896.995s] -- Installing: /home/jetson/robot_ws/install/nav2_behavior_tree/share/ament_index/resource_index/parent_prefix_path/nav2_behavior_tree
[896.996s] -- Installing: /home/jetson/robot_ws/install/nav2_behavior_tree/share/nav2_behavior_tree/environment/ament_prefix_path.sh
[896.996s] -- Installing: /home/jetson/robot_ws/install/nav2_behavior_tree/share/nav2_behavior_tree/environment/ament_prefix_path.dsv
[896.997s] -- Installing: /home/jetson/robot_ws/install/nav2_behavior_tree/share/nav2_behavior_tree/environment/path.sh
[896.997s] -- Installing: /home/jetson/robot_ws/install/nav2_behavior_tree/share/nav2_behavior_tree/environment/path.dsv
[896.997s] -- Installing: /home/jetson/robot_ws/install/nav2_behavior_tree/share/nav2_behavior_tree/local_setup.bash
[896.998s] -- Installing: /home/jetson/robot_ws/install/nav2_behavior_tree/share/nav2_behavior_tree/local_setup.sh
[896.998s] -- Installing: /home/jetson/robot_ws/install/nav2_behavior_tree/share/nav2_behavior_tree/local_setup.zsh
[896.998s] -- Installing: /home/jetson/robot_ws/install/nav2_behavior_tree/share/nav2_behavior_tree/local_setup.dsv
[896.999s] -- Installing: /home/jetson/robot_ws/install/nav2_behavior_tree/share/nav2_behavior_tree/package.dsv
[896.999s] -- Installing: /home/jetson/robot_ws/install/nav2_behavior_tree/share/ament_index/resource_index/packages/nav2_behavior_tree
[896.999s] -- Installing: /home/jetson/robot_ws/install/nav2_behavior_tree/share/nav2_behavior_tree/cmake/ament_cmake_export_include_directories-extras.cmake
[896.999s] -- Installing: /home/jetson/robot_ws/install/nav2_behavior_tree/share/nav2_behavior_tree/cmake/ament_cmake_export_libraries-extras.cmake
[897.000s] -- Installing: /home/jetson/robot_ws/install/nav2_behavior_tree/share/nav2_behavior_tree/cmake/ament_cmake_export_dependencies-extras.cmake
[897.001s] -- Installing: /home/jetson/robot_ws/install/nav2_behavior_tree/share/nav2_behavior_tree/cmake/nav2_behavior_treeConfig.cmake
[897.002s] -- Installing: /home/jetson/robot_ws/install/nav2_behavior_tree/share/nav2_behavior_tree/cmake/nav2_behavior_treeConfig-version.cmake
[897.002s] -- Installing: /home/jetson/robot_ws/install/nav2_behavior_tree/share/nav2_behavior_tree/package.xml
[897.002s] Invoked command in '/home/jetson/robot_ws/build/nav2_behavior_tree' returned '0': AMENT_PREFIX_PATH=/home/jetson/robot_ws/install/nav2_util:/home/jetson/robot_ws/install/nav2_msgs:/home/jetson/robot_ws/install/nav2_common:${AMENT_PREFIX_PATH} CMAKE_PREFIX_PATH=/home/jetson/robot_ws/install/nav2_util:/home/jetson/robot_ws/install/nav2_msgs:/home/jetson/robot_ws/install/nav2_common:/opt/ros/humble LD_LIBRARY_PATH=/home/jetson/robot_ws/install/nav2_util/lib:/home/jetson/robot_ws/install/nav2_msgs/lib:${LD_LIBRARY_PATH} PYTHONPATH=/home/jetson/robot_ws/install/nav2_msgs/local/lib/python3.10/dist-packages:/home/jetson/robot_ws/install/nav2_common/local/lib/python3.10/dist-packages:${PYTHONPATH} /usr/bin/cmake --install /home/jetson/robot_ws/build/nav2_behavior_tree
