[0.034s] Invoking command in '/home/jetson/robot_ws/build/nav2_util': AMENT_PREFIX_PATH=/home/jetson/robot_ws/install/nav2_msgs:/home/jetson/robot_ws/install/nav2_common:${AMENT_PREFIX_PATH} CMAKE_PREFIX_PATH=/home/jetson/robot_ws/install/nav2_msgs:/home/jetson/robot_ws/install/nav2_common:/opt/ros/humble LD_LIBRARY_PATH=/home/jetson/robot_ws/install/nav2_msgs/lib:${LD_LIBRARY_PATH} PYTHONPATH=/home/jetson/robot_ws/install/nav2_msgs/local/lib/python3.10/dist-packages:/home/jetson/robot_ws/install/nav2_common/local/lib/python3.10/dist-packages:${PYTHONPATH} /usr/bin/cmake /home/jetson/robot_ws/src/navigation2/nav2_util -DCMAKE_INSTALL_PREFIX=/home/jetson/robot_ws/install/nav2_util
[0.135s] -- The C compiler identification is GNU 11.4.0
[0.243s] -- The CXX compiler identification is GNU 11.4.0
[0.265s] -- Detecting C compiler ABI info
[0.397s] -- Detecting C compiler ABI info - done
[0.407s] -- Check for working C compiler: /usr/bin/cc - skipped
[0.407s] -- Detecting C compile features
[0.407s] -- Detecting C compile features - done
[0.413s] -- Detecting CXX compiler ABI info
[0.550s] -- Detecting CXX compiler ABI info - done
[0.565s] -- Check for working CXX compiler: /usr/bin/c++ - skipped
[0.565s] -- Detecting CXX compile features
[0.566s] -- Detecting CXX compile features - done
[0.572s] -- Found ament_cmake: 1.3.12 (/opt/ros/humble/share/ament_cmake/cmake)
[0.868s] -- Found Python3: /usr/bin/python3 (found version "3.10.12") found components: Interpreter 
[1.069s] -- Found nav2_common: 1.1.20 (/home/jetson/robot_ws/install/nav2_common/share/nav2_common/cmake)
[1.070s] -- Found nav2_msgs: 1.1.20 (/home/jetson/robot_ws/install/nav2_msgs/share/nav2_msgs/cmake)
[1.146s] -- Found rosidl_generator_c: 3.1.7 (/opt/ros/humble/share/rosidl_generator_c/cmake)
[1.157s] -- Found rosidl_adapter: 3.1.7 (/opt/ros/humble/share/rosidl_adapter/cmake)
[1.169s] -- Found rosidl_generator_cpp: 3.1.7 (/opt/ros/humble/share/rosidl_generator_cpp/cmake)
[1.189s] -- Using all available rosidl_typesupport_c: rosidl_typesupport_fastrtps_c;rosidl_typesupport_introspection_c
[1.216s] -- Using all available rosidl_typesupport_cpp: rosidl_typesupport_fastrtps_cpp;rosidl_typesupport_introspection_cpp
[1.394s] -- Found tf2_ros: 0.25.16 (/opt/ros/humble/share/tf2_ros/cmake)
[1.503s] -- Found rmw_implementation_cmake: 6.1.2 (/opt/ros/humble/share/rmw_implementation_cmake/cmake)
[1.508s] -- Found rmw_fastrtps_cpp: 6.2.9 (/opt/ros/humble/share/rmw_fastrtps_cpp/cmake)
[1.644s] -- Found OpenSSL: /usr/lib/aarch64-linux-gnu/libcrypto.so (found version "3.0.2")  
[1.698s] -- Found FastRTPS: /opt/ros/humble/include  
[1.767s] -- Using RMW implementation 'rmw_fastrtps_cpp' as default
[1.782s] -- Looking for pthread.h
[1.922s] -- Looking for pthread.h - found
[1.922s] -- Performing Test CMAKE_HAVE_LIBC_PTHREAD
[2.069s] -- Performing Test CMAKE_HAVE_LIBC_PTHREAD - Success
[2.073s] -- Found Threads: TRUE  
[2.249s] -- Found tf2_geometry_msgs: 0.25.16 (/opt/ros/humble/share/tf2_geometry_msgs/cmake)
[2.270s] -- Found eigen3_cmake_module: 0.1.1 (/opt/ros/humble/share/eigen3_cmake_module/cmake)
[2.272s] -- Found Eigen3: TRUE (found version "3.4.0") 
[2.272s] -- Ensuring Eigen3 include directory is part of orocos-kdl CMake target
[2.278s] -- Found lifecycle_msgs: 1.2.2 (/opt/ros/humble/share/lifecycle_msgs/cmake)
[2.295s] -- Found rclcpp_lifecycle: 16.0.15 (/opt/ros/humble/share/rclcpp_lifecycle/cmake)
[2.310s] -- Found bondcpp: 4.1.2 (/opt/ros/humble/share/bondcpp/cmake)
[2.345s] -- Setting build type to Release as none was specified.
[2.379s] -- Found Boost: /usr/lib/aarch64-linux-gnu/cmake/Boost-1.74.0/BoostConfig.cmake (found version "1.74.0") found components: program_options 
[2.384s] -- Found ament_lint_auto: 0.12.14 (/opt/ros/humble/share/ament_lint_auto/cmake)
[2.388s] -- Found ament_cmake_pytest: 1.3.12 (/opt/ros/humble/share/ament_cmake_pytest/cmake)
[2.392s] -- Found launch_testing_ament_cmake: 1.0.11 (/opt/ros/humble/share/launch_testing_ament_cmake/cmake)
[2.396s] -- Found python_cmake_module: 0.10.0 (/opt/ros/humble/share/python_cmake_module/cmake)
[2.437s] -- Found PythonInterp: /usr/bin/python3 (found suitable version "3.10.12", minimum required is "3.6") 
[2.449s] -- Found PythonLibs: /usr/lib/aarch64-linux-gnu/libpython3.10.so (found suitable version "3.10.12", minimum required is "3.5") 
[2.450s] -- Using PYTHON_EXECUTABLE: /usr/bin/python3
[2.450s] -- Using PYTHON_INCLUDE_DIRS: /usr/include/python3.10
[2.450s] -- Using PYTHON_LIBRARIES: /usr/lib/aarch64-linux-gnu/libpython3.10.so
[2.496s] -- Found PythonExtra: .so  
[2.799s] -- Found gtest sources under '/opt/ros/humble/src/gtest_vendor': C++ tests using 'Google Test' will be built
[2.855s] -- Added test 'copyright' to check source files copyright and LICENSE
[2.859s] -- Added test 'cppcheck' to perform static code analysis on C / C++ code
[2.859s] -- Configured cppcheck include dirs: /home/jetson/robot_ws/src/navigation2/nav2_util/include
[2.859s] -- Configured cppcheck exclude dirs and/or files: 
[2.862s] -- Added test 'cpplint' to check C / C++ code against the Google style
[2.862s] -- Configured cpplint exclude dirs and/or files: 
[2.864s] -- Added test 'lint_cmake' to check CMake code style
[2.867s] -- Added test 'uncrustify' to check C / C++ code style
[2.867s] -- Configured uncrustify additional arguments: 
[2.868s] -- Added test 'xmllint' to check XML markup files
[2.873s] -- Configuring done
[3.012s] -- Generating done
[3.068s] -- Build files have been written to: /home/jetson/robot_ws/build/nav2_util
[3.109s] Invoked command in '/home/jetson/robot_ws/build/nav2_util' returned '0': AMENT_PREFIX_PATH=/home/jetson/robot_ws/install/nav2_msgs:/home/jetson/robot_ws/install/nav2_common:${AMENT_PREFIX_PATH} CMAKE_PREFIX_PATH=/home/jetson/robot_ws/install/nav2_msgs:/home/jetson/robot_ws/install/nav2_common:/opt/ros/humble LD_LIBRARY_PATH=/home/jetson/robot_ws/install/nav2_msgs/lib:${LD_LIBRARY_PATH} PYTHONPATH=/home/jetson/robot_ws/install/nav2_msgs/local/lib/python3.10/dist-packages:/home/jetson/robot_ws/install/nav2_common/local/lib/python3.10/dist-packages:${PYTHONPATH} /usr/bin/cmake /home/jetson/robot_ws/src/navigation2/nav2_util -DCMAKE_INSTALL_PREFIX=/home/jetson/robot_ws/install/nav2_util
[3.114s] Invoking command in '/home/jetson/robot_ws/build/nav2_util': AMENT_PREFIX_PATH=/home/jetson/robot_ws/install/nav2_msgs:/home/jetson/robot_ws/install/nav2_common:${AMENT_PREFIX_PATH} CMAKE_PREFIX_PATH=/home/jetson/robot_ws/install/nav2_msgs:/home/jetson/robot_ws/install/nav2_common:/opt/ros/humble LD_LIBRARY_PATH=/home/jetson/robot_ws/install/nav2_msgs/lib:${LD_LIBRARY_PATH} PYTHONPATH=/home/jetson/robot_ws/install/nav2_msgs/local/lib/python3.10/dist-packages:/home/jetson/robot_ws/install/nav2_common/local/lib/python3.10/dist-packages:${PYTHONPATH} /usr/bin/cmake --build /home/jetson/robot_ws/build/nav2_util -- -j6 -l6
[3.217s] [  2%] [32mBuilding CXX object gtest/CMakeFiles/gtest_main.dir/src/gtest_main.cc.o[0m
[3.220s] [  7%] [32mBuilding CXX object src/CMakeFiles/nav2_util_core.dir/node_utils.cpp.o[0m
[3.220s] [  7%] [32mBuilding CXX object src/CMakeFiles/nav2_util_core.dir/costmap.cpp.o[0m
[3.220s] [ 10%] [32mBuilding CXX object src/CMakeFiles/nav2_util_core.dir/lifecycle_service_client.cpp.o[0m
[3.225s] [ 12%] [32mBuilding CXX object src/CMakeFiles/nav2_util_core.dir/string_utils.cpp.o[0m
[3.229s] [ 15%] [32mBuilding CXX object gtest/CMakeFiles/gtest.dir/src/gtest-all.cc.o[0m
[4.052s] [ 17%] [32mBuilding CXX object src/CMakeFiles/nav2_util_core.dir/lifecycle_utils.cpp.o[0m
[5.381s] [ 20%] [32m[1mLinking CXX static library libgtest_main.a[0m
[5.452s] [ 20%] Built target gtest_main
[5.471s] [ 22%] [32mBuilding CXX object src/CMakeFiles/nav2_util_core.dir/lifecycle_node.cpp.o[0m
[10.309s] [ 25%] [32mBuilding CXX object src/CMakeFiles/nav2_util_core.dir/robot_utils.cpp.o[0m
[12.223s] [ 27%] [32mBuilding CXX object src/CMakeFiles/nav2_util_core.dir/node_thread.cpp.o[0m
[14.205s] [ 30%] [32mBuilding CXX object src/CMakeFiles/nav2_util_core.dir/odometry_utils.cpp.o[0m
[22.436s] [ 32%] [32m[1mLinking CXX static library libgtest.a[0m
[22.513s] [ 32%] Built target gtest
[22.554s] [ 35%] [32mBuilding CXX object test/CMakeFiles/test_execution_timer.dir/test_execution_timer.cpp.o[0m
[25.169s] [ 37%] [32m[1mLinking CXX executable test_execution_timer[0m
[25.332s] [ 37%] Built target test_execution_timer
[37.164s] [ 40%] [32m[1mLinking CXX shared library libnav2_util_core.so[0m
[37.548s] [ 40%] Built target nav2_util_core
[37.586s] [ 50%] [32mBuilding CXX object src/CMakeFiles/lifecycle_bringup.dir/lifecycle_bringup_commandline.cpp.o[0m
[37.586s] [ 50%] [32mBuilding CXX object test/CMakeFiles/test_lifecycle_utils.dir/test_lifecycle_utils.cpp.o[0m
[37.586s] [ 50%] [32mBuilding CXX object test/CMakeFiles/test_service_client.dir/test_service_client.cpp.o[0m
[37.586s] [ 50%] [32mBuilding CXX object test/CMakeFiles/test_node_utils.dir/test_node_utils.cpp.o[0m
[37.591s] [ 52%] [32mBuilding CXX object test/CMakeFiles/test_actions.dir/test_actions.cpp.o[0m
[37.593s] [ 55%] [32mBuilding CXX object test/CMakeFiles/test_string_utils.dir/test_string_utils.cpp.o[0m
[41.414s] [ 57%] [32m[1mLinking CXX executable test_string_utils[0m
[41.899s] [ 57%] Built target test_string_utils
[41.953s] [ 60%] [32mBuilding CXX object test/CMakeFiles/test_lifecycle_node.dir/test_lifecycle_node.cpp.o[0m
[44.204s] [ 62%] [32m[1mLinking CXX executable lifecycle_bringup[0m
[44.518s] [ 62%] Built target lifecycle_bringup
[44.560s] [ 65%] [32mBuilding CXX object test/CMakeFiles/test_lifecycle_cli_node.dir/test_lifecycle_cli_node.cpp.o[0m
[50.633s] [ 67%] [32m[1mLinking CXX executable test_lifecycle_utils[0m
[51.065s] [ 70%] [32m[1mLinking CXX executable test_node_utils[0m
[51.110s] [ 70%] Built target test_lifecycle_utils
[51.194s] [ 72%] [32mBuilding CXX object test/CMakeFiles/test_geometry_utils.dir/test_geometry_utils.cpp.o[0m
[51.555s] [ 72%] Built target test_node_utils
[51.611s] [ 75%] [32mBuilding CXX object test/CMakeFiles/test_odometry_utils.dir/test_odometry_utils.cpp.o[0m
[54.316s] [ 77%] [32m[1mLinking CXX executable test_lifecycle_cli_node[0m
[54.661s] [ 77%] Built target test_lifecycle_cli_node
[54.700s] [ 80%] [32mBuilding CXX object test/CMakeFiles/test_robot_utils.dir/test_robot_utils.cpp.o[0m
[56.609s] [ 82%] [32m[1mLinking CXX executable test_lifecycle_node[0m
[57.300s] [ 82%] Built target test_lifecycle_node
[57.386s] [ 85%] [32mBuilding CXX object test/CMakeFiles/test_validation_messages.dir/test_validation_messages.cpp.o[0m
[62.345s] [ 87%] [32m[1mLinking CXX executable test_validation_messages[0m
[62.353s] [ 90%] [32m[1mLinking CXX executable test_geometry_utils[0m
[62.681s] [ 90%] Built target test_validation_messages
[62.827s] [ 90%] Built target test_geometry_utils
[64.510s] [ 92%] [32m[1mLinking CXX executable test_robot_utils[0m
[64.870s] [ 92%] Built target test_robot_utils
[68.721s] [ 95%] [32m[1mLinking CXX executable test_odometry_utils[0m
[69.068s] [ 95%] Built target test_odometry_utils
[73.636s] [ 97%] [32m[1mLinking CXX executable test_service_client[0m
[74.027s] [ 97%] Built target test_service_client
[79.853s] [100%] [32m[1mLinking CXX executable test_actions[0m
[80.317s] [100%] Built target test_actions
[80.341s] Invoked command in '/home/jetson/robot_ws/build/nav2_util' returned '0': AMENT_PREFIX_PATH=/home/jetson/robot_ws/install/nav2_msgs:/home/jetson/robot_ws/install/nav2_common:${AMENT_PREFIX_PATH} CMAKE_PREFIX_PATH=/home/jetson/robot_ws/install/nav2_msgs:/home/jetson/robot_ws/install/nav2_common:/opt/ros/humble LD_LIBRARY_PATH=/home/jetson/robot_ws/install/nav2_msgs/lib:${LD_LIBRARY_PATH} PYTHONPATH=/home/jetson/robot_ws/install/nav2_msgs/local/lib/python3.10/dist-packages:/home/jetson/robot_ws/install/nav2_common/local/lib/python3.10/dist-packages:${PYTHONPATH} /usr/bin/cmake --build /home/jetson/robot_ws/build/nav2_util -- -j6 -l6
[80.345s] Invoking command in '/home/jetson/robot_ws/build/nav2_util': AMENT_PREFIX_PATH=/home/jetson/robot_ws/install/nav2_msgs:/home/jetson/robot_ws/install/nav2_common:${AMENT_PREFIX_PATH} CMAKE_PREFIX_PATH=/home/jetson/robot_ws/install/nav2_msgs:/home/jetson/robot_ws/install/nav2_common:/opt/ros/humble LD_LIBRARY_PATH=/home/jetson/robot_ws/install/nav2_msgs/lib:${LD_LIBRARY_PATH} PYTHONPATH=/home/jetson/robot_ws/install/nav2_msgs/local/lib/python3.10/dist-packages:/home/jetson/robot_ws/install/nav2_common/local/lib/python3.10/dist-packages:${PYTHONPATH} /usr/bin/cmake --install /home/jetson/robot_ws/build/nav2_util
[80.360s] -- Install configuration: "Release"
[80.360s] -- Installing: /home/jetson/robot_ws/install/nav2_util/include/
[80.360s] -- Installing: /home/jetson/robot_ws/install/nav2_util/include//nav2_util
[80.360s] -- Installing: /home/jetson/robot_ws/install/nav2_util/include//nav2_util/clear_entirely_costmap_service_client.hpp
[80.360s] -- Installing: /home/jetson/robot_ws/install/nav2_util/include//nav2_util/robot_utils.hpp
[80.361s] -- Installing: /home/jetson/robot_ws/install/nav2_util/include//nav2_util/line_iterator.hpp
[80.361s] -- Installing: /home/jetson/robot_ws/install/nav2_util/include//nav2_util/simple_action_server.hpp
[80.361s] -- Installing: /home/jetson/robot_ws/install/nav2_util/include//nav2_util/node_thread.hpp
[80.361s] -- Installing: /home/jetson/robot_ws/install/nav2_util/include//nav2_util/execution_timer.hpp
[80.361s] -- Installing: /home/jetson/robot_ws/install/nav2_util/include//nav2_util/service_client.hpp
[80.362s] -- Installing: /home/jetson/robot_ws/install/nav2_util/include//nav2_util/node_utils.hpp
[80.362s] -- Installing: /home/jetson/robot_ws/install/nav2_util/include//nav2_util/validate_messages.hpp
[80.362s] -- Installing: /home/jetson/robot_ws/install/nav2_util/include//nav2_util/costmap.hpp
[80.362s] -- Installing: /home/jetson/robot_ws/install/nav2_util/include//nav2_util/lifecycle_utils.hpp
[80.362s] -- Installing: /home/jetson/robot_ws/install/nav2_util/include//nav2_util/occ_grid_values.hpp
[80.363s] -- Installing: /home/jetson/robot_ws/install/nav2_util/include//nav2_util/lifecycle_service_client.hpp
[80.363s] -- Installing: /home/jetson/robot_ws/install/nav2_util/include//nav2_util/odometry_utils.hpp
[80.363s] -- Installing: /home/jetson/robot_ws/install/nav2_util/include//nav2_util/geometry_utils.hpp
[80.363s] -- Installing: /home/jetson/robot_ws/install/nav2_util/include//nav2_util/lifecycle_node.hpp
[80.363s] -- Installing: /home/jetson/robot_ws/install/nav2_util/include//nav2_util/string_utils.hpp
[80.364s] -- Installing: /home/jetson/robot_ws/install/nav2_util/share/nav2_util/environment/library_path.sh
[80.364s] -- Installing: /home/jetson/robot_ws/install/nav2_util/share/nav2_util/environment/library_path.dsv
[80.364s] -- Installing: /home/jetson/robot_ws/install/nav2_util/share/ament_index/resource_index/package_run_dependencies/nav2_util
[80.365s] -- Installing: /home/jetson/robot_ws/install/nav2_util/share/ament_index/resource_index/parent_prefix_path/nav2_util
[80.365s] -- Installing: /home/jetson/robot_ws/install/nav2_util/share/nav2_util/environment/ament_prefix_path.sh
[80.365s] -- Installing: /home/jetson/robot_ws/install/nav2_util/share/nav2_util/environment/ament_prefix_path.dsv
[80.366s] -- Installing: /home/jetson/robot_ws/install/nav2_util/share/nav2_util/environment/path.sh
[80.366s] -- Installing: /home/jetson/robot_ws/install/nav2_util/share/nav2_util/environment/path.dsv
[80.366s] -- Installing: /home/jetson/robot_ws/install/nav2_util/share/nav2_util/local_setup.bash
[80.366s] -- Installing: /home/jetson/robot_ws/install/nav2_util/share/nav2_util/local_setup.sh
[80.367s] -- Installing: /home/jetson/robot_ws/install/nav2_util/share/nav2_util/local_setup.zsh
[80.367s] -- Installing: /home/jetson/robot_ws/install/nav2_util/share/nav2_util/local_setup.dsv
[80.367s] -- Installing: /home/jetson/robot_ws/install/nav2_util/share/nav2_util/package.dsv
[80.367s] -- Installing: /home/jetson/robot_ws/install/nav2_util/share/ament_index/resource_index/packages/nav2_util
[80.368s] -- Installing: /home/jetson/robot_ws/install/nav2_util/share/nav2_util/cmake/ament_cmake_export_include_directories-extras.cmake
[80.368s] -- Installing: /home/jetson/robot_ws/install/nav2_util/share/nav2_util/cmake/ament_cmake_export_libraries-extras.cmake
[80.368s] -- Installing: /home/jetson/robot_ws/install/nav2_util/share/nav2_util/cmake/ament_cmake_export_dependencies-extras.cmake
[80.368s] -- Installing: /home/jetson/robot_ws/install/nav2_util/share/nav2_util/cmake/nav2_utilConfig.cmake
[80.369s] -- Installing: /home/jetson/robot_ws/install/nav2_util/share/nav2_util/cmake/nav2_utilConfig-version.cmake
[80.369s] -- Installing: /home/jetson/robot_ws/install/nav2_util/share/nav2_util/package.xml
[80.370s] -- Installing: /home/jetson/robot_ws/install/nav2_util/lib/libnav2_util_core.so
[80.373s] -- Set runtime path of "/home/jetson/robot_ws/install/nav2_util/lib/libnav2_util_core.so" to ""
[80.374s] -- Installing: /home/jetson/robot_ws/install/nav2_util/lib/nav2_util/lifecycle_bringup
[80.374s] -- Set runtime path of "/home/jetson/robot_ws/install/nav2_util/lib/nav2_util/lifecycle_bringup" to ""
[80.380s] Invoked command in '/home/jetson/robot_ws/build/nav2_util' returned '0': AMENT_PREFIX_PATH=/home/jetson/robot_ws/install/nav2_msgs:/home/jetson/robot_ws/install/nav2_common:${AMENT_PREFIX_PATH} CMAKE_PREFIX_PATH=/home/jetson/robot_ws/install/nav2_msgs:/home/jetson/robot_ws/install/nav2_common:/opt/ros/humble LD_LIBRARY_PATH=/home/jetson/robot_ws/install/nav2_msgs/lib:${LD_LIBRARY_PATH} PYTHONPATH=/home/jetson/robot_ws/install/nav2_msgs/local/lib/python3.10/dist-packages:/home/jetson/robot_ws/install/nav2_common/local/lib/python3.10/dist-packages:${PYTHONPATH} /usr/bin/cmake --install /home/jetson/robot_ws/build/nav2_util
