[0.287s] Invoking command in '/home/jetson/robot_ws/build/nav2_navfn_planner': AMENT_PREFIX_PATH=/home/jetson/robot_ws/install/nav2_core:/home/jetson/robot_ws/install/nav2_costmap_2d:/home/jetson/robot_ws/install/nav2_map_server:/home/jetson/robot_ws/install/nav2_lifecycle_manager:/home/jetson/robot_ws/install/nav2_util:/home/jetson/robot_ws/install/nav2_voxel_grid:/home/jetson/robot_ws/install/nav2_msgs:/home/jetson/robot_ws/install/nav2_common:${AMENT_PREFIX_PATH} CMAKE_PREFIX_PATH=/home/jetson/robot_ws/install/nav2_core:/home/jetson/robot_ws/install/nav2_costmap_2d:/home/jetson/robot_ws/install/nav2_map_server:/home/jetson/robot_ws/install/nav2_lifecycle_manager:/home/jetson/robot_ws/install/nav2_util:/home/jetson/robot_ws/install/nav2_voxel_grid:/home/jetson/robot_ws/install/nav2_msgs:/home/jetson/robot_ws/install/nav2_common:/opt/ros/humble LD_LIBRARY_PATH=/home/jetson/robot_ws/install/nav2_costmap_2d/lib:/home/jetson/robot_ws/install/nav2_map_server/lib:/home/jetson/robot_ws/install/nav2_lifecycle_manager/lib:/home/jetson/robot_ws/install/nav2_util/lib:/home/jetson/robot_ws/install/nav2_voxel_grid/lib:/home/jetson/robot_ws/install/nav2_msgs/lib:${LD_LIBRARY_PATH} PYTHONPATH=/home/jetson/robot_ws/install/nav2_msgs/local/lib/python3.10/dist-packages:/home/jetson/robot_ws/install/nav2_common/local/lib/python3.10/dist-packages:${PYTHONPATH} /usr/bin/cmake /home/jetson/robot_ws/src/navigation2/nav2_navfn_planner -DCMAKE_INSTALL_PREFIX=/home/jetson/robot_ws/install/nav2_navfn_planner
[17.872s] -- The C compiler identification is GNU 11.4.0
[17.872s] -- The CXX compiler identification is GNU 11.4.0
[17.872s] -- Detecting C compiler ABI info
[17.872s] -- Detecting C compiler ABI info - done
[17.873s] -- Check for working C compiler: /usr/bin/cc - skipped
[17.873s] -- Detecting C compile features
[17.873s] -- Detecting C compile features - done
[17.874s] -- Detecting CXX compiler ABI info
[17.874s] -- Detecting CXX compiler ABI info - done
[17.874s] -- Check for working CXX compiler: /usr/bin/c++ - skipped
[17.874s] -- Detecting CXX compile features
[17.874s] -- Detecting CXX compile features - done
[17.875s] -- Found ament_cmake: 1.3.12 (/opt/ros/humble/share/ament_cmake/cmake)
[17.875s] -- Found Python3: /usr/bin/python3 (found version "3.10.12") found components: Interpreter 
[17.875s] -- Found nav2_common: 1.1.20 (/home/jetson/robot_ws/install/nav2_common/share/nav2_common/cmake)
[17.876s] -- Found rclcpp: 16.0.15 (/opt/ros/humble/share/rclcpp/cmake)
[17.878s] -- Found rosidl_generator_c: 3.1.7 (/opt/ros/humble/share/rosidl_generator_c/cmake)
[17.879s] -- Found rosidl_adapter: 3.1.7 (/opt/ros/humble/share/rosidl_adapter/cmake)
[17.879s] -- Found rosidl_generator_cpp: 3.1.7 (/opt/ros/humble/share/rosidl_generator_cpp/cmake)
[17.879s] -- Using all available rosidl_typesupport_c: rosidl_typesupport_fastrtps_c;rosidl_typesupport_introspection_c
[17.879s] -- Using all available rosidl_typesupport_cpp: rosidl_typesupport_fastrtps_cpp;rosidl_typesupport_introspection_cpp
[17.879s] -- Found rmw_implementation_cmake: 6.1.2 (/opt/ros/humble/share/rmw_implementation_cmake/cmake)
[17.879s] -- Found rmw_fastrtps_cpp: 6.2.9 (/opt/ros/humble/share/rmw_fastrtps_cpp/cmake)
[17.879s] -- Found OpenSSL: /usr/lib/aarch64-linux-gnu/libcrypto.so (found version "3.0.2")  
[17.879s] -- Found FastRTPS: /opt/ros/humble/include  
[17.879s] -- Using RMW implementation 'rmw_fastrtps_cpp' as default
[17.880s] -- Looking for pthread.h
[17.880s] -- Looking for pthread.h - found
[17.880s] -- Performing Test CMAKE_HAVE_LIBC_PTHREAD
[17.880s] -- Performing Test CMAKE_HAVE_LIBC_PTHREAD - Success
[17.880s] -- Found Threads: TRUE  
[17.880s] -- Found rclcpp_action: 16.0.15 (/opt/ros/humble/share/rclcpp_action/cmake)
[17.880s] -- Found rclcpp_lifecycle: 16.0.15 (/opt/ros/humble/share/rclcpp_lifecycle/cmake)
[17.880s] -- Found visualization_msgs: 4.9.0 (/opt/ros/humble/share/visualization_msgs/cmake)
[17.880s] -- Found nav2_util: 1.1.20 (/home/jetson/robot_ws/install/nav2_util/share/nav2_util/cmake)
[17.880s] -- Found eigen3_cmake_module: 0.1.1 (/opt/ros/humble/share/eigen3_cmake_module/cmake)
[17.881s] -- Found Eigen3: TRUE (found version "3.4.0") 
[17.881s] -- Ensuring Eigen3 include directory is part of orocos-kdl CMake target
[17.881s] -- Found nav2_core: 1.1.20 (/home/jetson/robot_ws/install/nav2_core/share/nav2_core/cmake)
[17.881s] -- Setting build type to Release as none was specified.
[17.881s] -- Found ament_lint_auto: 0.12.14 (/opt/ros/humble/share/ament_lint_auto/cmake)
[17.881s] -- Found ament_cmake_gtest: 1.3.12 (/opt/ros/humble/share/ament_cmake_gtest/cmake)
[17.881s] -- Found gtest sources under '/opt/ros/humble/src/gtest_vendor': C++ tests using 'Google Test' will be built
[17.881s] -- Added test 'copyright' to check source files copyright and LICENSE
[17.882s] -- Added test 'cppcheck' to perform static code analysis on C / C++ code
[17.882s] -- Configured cppcheck include dirs: /home/jetson/robot_ws/src/navigation2/nav2_navfn_planner/include
[17.882s] -- Configured cppcheck exclude dirs and/or files: 
[17.882s] -- Added test 'cpplint' to check C / C++ code against the Google style
[17.882s] -- Configured cpplint exclude dirs and/or files: 
[17.882s] -- Added test 'lint_cmake' to check CMake code style
[17.883s] -- Added test 'uncrustify' to check C / C++ code style
[17.883s] -- Configured uncrustify additional arguments: 
[17.883s] -- Added test 'xmllint' to check XML markup files
[17.883s] -- Configuring done
[17.883s] -- Generating done
[17.883s] -- Build files have been written to: /home/jetson/robot_ws/build/nav2_navfn_planner
[17.889s] Invoked command in '/home/jetson/robot_ws/build/nav2_navfn_planner' returned '0': AMENT_PREFIX_PATH=/home/jetson/robot_ws/install/nav2_core:/home/jetson/robot_ws/install/nav2_costmap_2d:/home/jetson/robot_ws/install/nav2_map_server:/home/jetson/robot_ws/install/nav2_lifecycle_manager:/home/jetson/robot_ws/install/nav2_util:/home/jetson/robot_ws/install/nav2_voxel_grid:/home/jetson/robot_ws/install/nav2_msgs:/home/jetson/robot_ws/install/nav2_common:${AMENT_PREFIX_PATH} CMAKE_PREFIX_PATH=/home/jetson/robot_ws/install/nav2_core:/home/jetson/robot_ws/install/nav2_costmap_2d:/home/jetson/robot_ws/install/nav2_map_server:/home/jetson/robot_ws/install/nav2_lifecycle_manager:/home/jetson/robot_ws/install/nav2_util:/home/jetson/robot_ws/install/nav2_voxel_grid:/home/jetson/robot_ws/install/nav2_msgs:/home/jetson/robot_ws/install/nav2_common:/opt/ros/humble LD_LIBRARY_PATH=/home/jetson/robot_ws/install/nav2_costmap_2d/lib:/home/jetson/robot_ws/install/nav2_map_server/lib:/home/jetson/robot_ws/install/nav2_lifecycle_manager/lib:/home/jetson/robot_ws/install/nav2_util/lib:/home/jetson/robot_ws/install/nav2_voxel_grid/lib:/home/jetson/robot_ws/install/nav2_msgs/lib:${LD_LIBRARY_PATH} PYTHONPATH=/home/jetson/robot_ws/install/nav2_msgs/local/lib/python3.10/dist-packages:/home/jetson/robot_ws/install/nav2_common/local/lib/python3.10/dist-packages:${PYTHONPATH} /usr/bin/cmake /home/jetson/robot_ws/src/navigation2/nav2_navfn_planner -DCMAKE_INSTALL_PREFIX=/home/jetson/robot_ws/install/nav2_navfn_planner
[17.890s] Invoking command in '/home/jetson/robot_ws/build/nav2_navfn_planner': AMENT_PREFIX_PATH=/home/jetson/robot_ws/install/nav2_core:/home/jetson/robot_ws/install/nav2_costmap_2d:/home/jetson/robot_ws/install/nav2_map_server:/home/jetson/robot_ws/install/nav2_lifecycle_manager:/home/jetson/robot_ws/install/nav2_util:/home/jetson/robot_ws/install/nav2_voxel_grid:/home/jetson/robot_ws/install/nav2_msgs:/home/jetson/robot_ws/install/nav2_common:${AMENT_PREFIX_PATH} CMAKE_PREFIX_PATH=/home/jetson/robot_ws/install/nav2_core:/home/jetson/robot_ws/install/nav2_costmap_2d:/home/jetson/robot_ws/install/nav2_map_server:/home/jetson/robot_ws/install/nav2_lifecycle_manager:/home/jetson/robot_ws/install/nav2_util:/home/jetson/robot_ws/install/nav2_voxel_grid:/home/jetson/robot_ws/install/nav2_msgs:/home/jetson/robot_ws/install/nav2_common:/opt/ros/humble LD_LIBRARY_PATH=/home/jetson/robot_ws/install/nav2_costmap_2d/lib:/home/jetson/robot_ws/install/nav2_map_server/lib:/home/jetson/robot_ws/install/nav2_lifecycle_manager/lib:/home/jetson/robot_ws/install/nav2_util/lib:/home/jetson/robot_ws/install/nav2_voxel_grid/lib:/home/jetson/robot_ws/install/nav2_msgs/lib:${LD_LIBRARY_PATH} PYTHONPATH=/home/jetson/robot_ws/install/nav2_msgs/local/lib/python3.10/dist-packages:/home/jetson/robot_ws/install/nav2_common/local/lib/python3.10/dist-packages:${PYTHONPATH} /usr/bin/cmake --build /home/jetson/robot_ws/build/nav2_navfn_planner -- -j6 -l6
[18.039s] [ 11%] [32mBuilding CXX object CMakeFiles/nav2_navfn_planner.dir/src/navfn_planner.cpp.o[0m
[32.534s] [ 22%] [32mBuilding CXX object CMakeFiles/nav2_navfn_planner.dir/src/navfn.cpp.o[0m
[41.509s] [ 33%] [32m[1mLinking CXX shared library libnav2_navfn_planner.so[0m
[43.044s] [ 33%] Built target nav2_navfn_planner
[43.198s] [ 44%] [32mBuilding CXX object gtest/CMakeFiles/gtest.dir/src/gtest-all.cc.o[0m
[67.533s] [ 55%] [32m[1mLinking CXX static library libgtest.a[0m
[67.615s] [ 55%] Built target gtest
[67.661s] [ 66%] [32mBuilding CXX object gtest/CMakeFiles/gtest_main.dir/src/gtest_main.cc.o[0m
[69.731s] [ 77%] [32m[1mLinking CXX static library libgtest_main.a[0m
[69.799s] [ 77%] Built target gtest_main
[69.852s] [ 88%] [32mBuilding CXX object test/CMakeFiles/test_dynamic_parameters.dir/test_dynamic_parameters.cpp.o[0m
[86.717s] [100%] [32m[1mLinking CXX executable test_dynamic_parameters[0m
[87.655s] [100%] Built target test_dynamic_parameters
[87.691s] Invoked command in '/home/jetson/robot_ws/build/nav2_navfn_planner' returned '0': AMENT_PREFIX_PATH=/home/jetson/robot_ws/install/nav2_core:/home/jetson/robot_ws/install/nav2_costmap_2d:/home/jetson/robot_ws/install/nav2_map_server:/home/jetson/robot_ws/install/nav2_lifecycle_manager:/home/jetson/robot_ws/install/nav2_util:/home/jetson/robot_ws/install/nav2_voxel_grid:/home/jetson/robot_ws/install/nav2_msgs:/home/jetson/robot_ws/install/nav2_common:${AMENT_PREFIX_PATH} CMAKE_PREFIX_PATH=/home/jetson/robot_ws/install/nav2_core:/home/jetson/robot_ws/install/nav2_costmap_2d:/home/jetson/robot_ws/install/nav2_map_server:/home/jetson/robot_ws/install/nav2_lifecycle_manager:/home/jetson/robot_ws/install/nav2_util:/home/jetson/robot_ws/install/nav2_voxel_grid:/home/jetson/robot_ws/install/nav2_msgs:/home/jetson/robot_ws/install/nav2_common:/opt/ros/humble LD_LIBRARY_PATH=/home/jetson/robot_ws/install/nav2_costmap_2d/lib:/home/jetson/robot_ws/install/nav2_map_server/lib:/home/jetson/robot_ws/install/nav2_lifecycle_manager/lib:/home/jetson/robot_ws/install/nav2_util/lib:/home/jetson/robot_ws/install/nav2_voxel_grid/lib:/home/jetson/robot_ws/install/nav2_msgs/lib:${LD_LIBRARY_PATH} PYTHONPATH=/home/jetson/robot_ws/install/nav2_msgs/local/lib/python3.10/dist-packages:/home/jetson/robot_ws/install/nav2_common/local/lib/python3.10/dist-packages:${PYTHONPATH} /usr/bin/cmake --build /home/jetson/robot_ws/build/nav2_navfn_planner -- -j6 -l6
[87.692s] Invoking command in '/home/jetson/robot_ws/build/nav2_navfn_planner': AMENT_PREFIX_PATH=/home/jetson/robot_ws/install/nav2_core:/home/jetson/robot_ws/install/nav2_costmap_2d:/home/jetson/robot_ws/install/nav2_map_server:/home/jetson/robot_ws/install/nav2_lifecycle_manager:/home/jetson/robot_ws/install/nav2_util:/home/jetson/robot_ws/install/nav2_voxel_grid:/home/jetson/robot_ws/install/nav2_msgs:/home/jetson/robot_ws/install/nav2_common:${AMENT_PREFIX_PATH} CMAKE_PREFIX_PATH=/home/jetson/robot_ws/install/nav2_core:/home/jetson/robot_ws/install/nav2_costmap_2d:/home/jetson/robot_ws/install/nav2_map_server:/home/jetson/robot_ws/install/nav2_lifecycle_manager:/home/jetson/robot_ws/install/nav2_util:/home/jetson/robot_ws/install/nav2_voxel_grid:/home/jetson/robot_ws/install/nav2_msgs:/home/jetson/robot_ws/install/nav2_common:/opt/ros/humble LD_LIBRARY_PATH=/home/jetson/robot_ws/install/nav2_costmap_2d/lib:/home/jetson/robot_ws/install/nav2_map_server/lib:/home/jetson/robot_ws/install/nav2_lifecycle_manager/lib:/home/jetson/robot_ws/install/nav2_util/lib:/home/jetson/robot_ws/install/nav2_voxel_grid/lib:/home/jetson/robot_ws/install/nav2_msgs/lib:${LD_LIBRARY_PATH} PYTHONPATH=/home/jetson/robot_ws/install/nav2_msgs/local/lib/python3.10/dist-packages:/home/jetson/robot_ws/install/nav2_common/local/lib/python3.10/dist-packages:${PYTHONPATH} /usr/bin/cmake --install /home/jetson/robot_ws/build/nav2_navfn_planner
[87.718s] -- Install configuration: "Release"
[87.719s] -- Installing: /home/jetson/robot_ws/install/nav2_navfn_planner/share/nav2_navfn_planner/global_planner_plugin.xml
[87.721s] -- Installing: /home/jetson/robot_ws/install/nav2_navfn_planner/lib/libnav2_navfn_planner.so
[87.723s] -- Set runtime path of "/home/jetson/robot_ws/install/nav2_navfn_planner/lib/libnav2_navfn_planner.so" to ""
[87.723s] -- Installing: /home/jetson/robot_ws/install/nav2_navfn_planner/include/
[87.724s] -- Installing: /home/jetson/robot_ws/install/nav2_navfn_planner/include//nav2_navfn_planner
[87.724s] -- Installing: /home/jetson/robot_ws/install/nav2_navfn_planner/include//nav2_navfn_planner/navfn_planner.hpp
[87.725s] -- Installing: /home/jetson/robot_ws/install/nav2_navfn_planner/include//nav2_navfn_planner/navfn.hpp
[87.726s] -- Up-to-date: /home/jetson/robot_ws/install/nav2_navfn_planner/share/nav2_navfn_planner/global_planner_plugin.xml
[87.726s] -- Installing: /home/jetson/robot_ws/install/nav2_navfn_planner/share/nav2_navfn_planner/environment/library_path.sh
[87.727s] -- Installing: /home/jetson/robot_ws/install/nav2_navfn_planner/share/nav2_navfn_planner/environment/library_path.dsv
[87.728s] -- Installing: /home/jetson/robot_ws/install/nav2_navfn_planner/share/ament_index/resource_index/package_run_dependencies/nav2_navfn_planner
[87.729s] -- Installing: /home/jetson/robot_ws/install/nav2_navfn_planner/share/ament_index/resource_index/parent_prefix_path/nav2_navfn_planner
[87.730s] -- Installing: /home/jetson/robot_ws/install/nav2_navfn_planner/share/nav2_navfn_planner/environment/ament_prefix_path.sh
[87.730s] -- Installing: /home/jetson/robot_ws/install/nav2_navfn_planner/share/nav2_navfn_planner/environment/ament_prefix_path.dsv
[87.731s] -- Installing: /home/jetson/robot_ws/install/nav2_navfn_planner/share/nav2_navfn_planner/environment/path.sh
[87.732s] -- Installing: /home/jetson/robot_ws/install/nav2_navfn_planner/share/nav2_navfn_planner/environment/path.dsv
[87.732s] -- Installing: /home/jetson/robot_ws/install/nav2_navfn_planner/share/nav2_navfn_planner/local_setup.bash
[87.733s] -- Installing: /home/jetson/robot_ws/install/nav2_navfn_planner/share/nav2_navfn_planner/local_setup.sh
[87.734s] -- Installing: /home/jetson/robot_ws/install/nav2_navfn_planner/share/nav2_navfn_planner/local_setup.zsh
[87.734s] -- Installing: /home/jetson/robot_ws/install/nav2_navfn_planner/share/nav2_navfn_planner/local_setup.dsv
[87.735s] -- Installing: /home/jetson/robot_ws/install/nav2_navfn_planner/share/nav2_navfn_planner/package.dsv
[87.736s] -- Installing: /home/jetson/robot_ws/install/nav2_navfn_planner/share/ament_index/resource_index/packages/nav2_navfn_planner
[87.737s] -- Installing: /home/jetson/robot_ws/install/nav2_navfn_planner/share/ament_index/resource_index/nav2_core__pluginlib__plugin/nav2_navfn_planner
[87.738s] -- Installing: /home/jetson/robot_ws/install/nav2_navfn_planner/share/nav2_navfn_planner/cmake/ament_cmake_export_include_directories-extras.cmake
[87.738s] -- Installing: /home/jetson/robot_ws/install/nav2_navfn_planner/share/nav2_navfn_planner/cmake/ament_cmake_export_libraries-extras.cmake
[87.739s] -- Installing: /home/jetson/robot_ws/install/nav2_navfn_planner/share/nav2_navfn_planner/cmake/ament_cmake_export_dependencies-extras.cmake
[87.740s] -- Installing: /home/jetson/robot_ws/install/nav2_navfn_planner/share/nav2_navfn_planner/cmake/nav2_navfn_plannerConfig.cmake
[87.740s] -- Installing: /home/jetson/robot_ws/install/nav2_navfn_planner/share/nav2_navfn_planner/cmake/nav2_navfn_plannerConfig-version.cmake
[87.741s] -- Installing: /home/jetson/robot_ws/install/nav2_navfn_planner/share/nav2_navfn_planner/package.xml
[87.749s] Invoked command in '/home/jetson/robot_ws/build/nav2_navfn_planner' returned '0': AMENT_PREFIX_PATH=/home/jetson/robot_ws/install/nav2_core:/home/jetson/robot_ws/install/nav2_costmap_2d:/home/jetson/robot_ws/install/nav2_map_server:/home/jetson/robot_ws/install/nav2_lifecycle_manager:/home/jetson/robot_ws/install/nav2_util:/home/jetson/robot_ws/install/nav2_voxel_grid:/home/jetson/robot_ws/install/nav2_msgs:/home/jetson/robot_ws/install/nav2_common:${AMENT_PREFIX_PATH} CMAKE_PREFIX_PATH=/home/jetson/robot_ws/install/nav2_core:/home/jetson/robot_ws/install/nav2_costmap_2d:/home/jetson/robot_ws/install/nav2_map_server:/home/jetson/robot_ws/install/nav2_lifecycle_manager:/home/jetson/robot_ws/install/nav2_util:/home/jetson/robot_ws/install/nav2_voxel_grid:/home/jetson/robot_ws/install/nav2_msgs:/home/jetson/robot_ws/install/nav2_common:/opt/ros/humble LD_LIBRARY_PATH=/home/jetson/robot_ws/install/nav2_costmap_2d/lib:/home/jetson/robot_ws/install/nav2_map_server/lib:/home/jetson/robot_ws/install/nav2_lifecycle_manager/lib:/home/jetson/robot_ws/install/nav2_util/lib:/home/jetson/robot_ws/install/nav2_voxel_grid/lib:/home/jetson/robot_ws/install/nav2_msgs/lib:${LD_LIBRARY_PATH} PYTHONPATH=/home/jetson/robot_ws/install/nav2_msgs/local/lib/python3.10/dist-packages:/home/jetson/robot_ws/install/nav2_common/local/lib/python3.10/dist-packages:${PYTHONPATH} /usr/bin/cmake --install /home/jetson/robot_ws/build/nav2_navfn_planner
