[0.548s] Invoking command in '/home/jetson/robot_ws/build/servicerobot_slam': CMAKE_PREFIX_PATH=/home/jetson/robot_ws/install/servicerobot_joy:/opt/ros/humble /usr/bin/cmake /home/jetson/robot_ws/src/servicerobot_slam -DCMAKE_INSTALL_PREFIX=/home/jetson/robot_ws/install/servicerobot_slam
[0.670s] -- The C compiler identification is GNU 11.4.0
[0.777s] -- The CXX compiler identification is GNU 11.4.0
[0.791s] -- Detecting C compiler ABI info
[0.992s] -- Detecting C compiler ABI info - done
[1.010s] -- Check for working C compiler: /usr/bin/cc - skipped
[1.011s] -- Detecting C compile features
[1.012s] -- Detecting C compile features - done
[1.019s] -- Detecting CXX compiler ABI info
[1.182s] -- Detecting CXX compiler ABI info - done
[1.205s] -- Check for working CXX compiler: /usr/bin/c++ - skipped
[1.206s] -- Detecting CXX compile features
[1.207s] -- Detecting CXX compile features - done
[1.213s] -- Found ament_cmake: 1.3.12 (/opt/ros/humble/share/ament_cmake/cmake)
[1.557s] -- Found Python3: /usr/bin/python3 (found version "3.10.12") found components: Interpreter 
[1.734s] -- Found ament_lint_auto: 0.12.14 (/opt/ros/humble/share/ament_lint_auto/cmake)
[1.979s] -- Added test 'cppcheck' to perform static code analysis on C / C++ code
[1.979s] -- Configured cppcheck include dirs: 
[1.979s] -- Configured cppcheck exclude dirs and/or files: 
[1.983s] -- Added test 'flake8' to check Python code syntax and style conventions
[1.991s] -- Added test 'lint_cmake' to check CMake code style
[1.995s] -- Added test 'pep257' to check Python code against some of the docstring style conventions in PEP 257
[2.022s] -- Added test 'uncrustify' to check C / C++ code style
[2.022s] -- Configured uncrustify additional arguments: 
[2.026s] -- Added test 'xmllint' to check XML markup files
[2.031s] -- Configuring done
[2.041s] -- Generating done
[2.046s] -- Build files have been written to: /home/jetson/robot_ws/build/servicerobot_slam
[2.076s] Invoked command in '/home/jetson/robot_ws/build/servicerobot_slam' returned '0': CMAKE_PREFIX_PATH=/home/jetson/robot_ws/install/servicerobot_joy:/opt/ros/humble /usr/bin/cmake /home/jetson/robot_ws/src/servicerobot_slam -DCMAKE_INSTALL_PREFIX=/home/jetson/robot_ws/install/servicerobot_slam
[2.078s] Invoking command in '/home/jetson/robot_ws/build/servicerobot_slam': CMAKE_PREFIX_PATH=/home/jetson/robot_ws/install/servicerobot_joy:/opt/ros/humble /usr/bin/cmake --build /home/jetson/robot_ws/build/servicerobot_slam -- -j6 -l6
[2.185s] Invoked command in '/home/jetson/robot_ws/build/servicerobot_slam' returned '0': CMAKE_PREFIX_PATH=/home/jetson/robot_ws/install/servicerobot_joy:/opt/ros/humble /usr/bin/cmake --build /home/jetson/robot_ws/build/servicerobot_slam -- -j6 -l6
[2.190s] Invoking command in '/home/jetson/robot_ws/build/servicerobot_slam': CMAKE_PREFIX_PATH=/home/jetson/robot_ws/install/servicerobot_joy:/opt/ros/humble /usr/bin/cmake --install /home/jetson/robot_ws/build/servicerobot_slam
[2.307s] -- Install configuration: ""
[2.307s] -- Installing: /home/jetson/robot_ws/install/servicerobot_slam/share/servicerobot_slam/launch
[2.307s] -- Installing: /home/jetson/robot_ws/install/servicerobot_slam/share/servicerobot_slam/launch/start_slam_toolbox.launch.py
[2.307s] -- Installing: /home/jetson/robot_ws/install/servicerobot_slam/share/servicerobot_slam/rviz
[2.307s] -- Installing: /home/jetson/robot_ws/install/servicerobot_slam/share/servicerobot_slam/rviz/servicerobot_gmapping.rviz
[2.307s] -- Installing: /home/jetson/robot_ws/install/servicerobot_slam/share/servicerobot_slam/config
[2.307s] -- Installing: /home/jetson/robot_ws/install/servicerobot_slam/share/servicerobot_slam/config/slam_toolbox_params.yaml.save
[2.308s] -- Installing: /home/jetson/robot_ws/install/servicerobot_slam/share/servicerobot_slam/config/mapper.yaml
[2.309s] -- Installing: /home/jetson/robot_ws/install/servicerobot_slam/share/ament_index/resource_index/package_run_dependencies/servicerobot_slam
[2.309s] -- Installing: /home/jetson/robot_ws/install/servicerobot_slam/share/ament_index/resource_index/parent_prefix_path/servicerobot_slam
[2.309s] -- Installing: /home/jetson/robot_ws/install/servicerobot_slam/share/servicerobot_slam/environment/ament_prefix_path.sh
[2.309s] -- Installing: /home/jetson/robot_ws/install/servicerobot_slam/share/servicerobot_slam/environment/ament_prefix_path.dsv
[2.309s] -- Installing: /home/jetson/robot_ws/install/servicerobot_slam/share/servicerobot_slam/environment/path.sh
[2.310s] -- Installing: /home/jetson/robot_ws/install/servicerobot_slam/share/servicerobot_slam/environment/path.dsv
[2.310s] -- Installing: /home/jetson/robot_ws/install/servicerobot_slam/share/servicerobot_slam/local_setup.bash
[2.310s] -- Installing: /home/jetson/robot_ws/install/servicerobot_slam/share/servicerobot_slam/local_setup.sh
[2.311s] -- Installing: /home/jetson/robot_ws/install/servicerobot_slam/share/servicerobot_slam/local_setup.zsh
[2.311s] -- Installing: /home/jetson/robot_ws/install/servicerobot_slam/share/servicerobot_slam/local_setup.dsv
[2.311s] -- Installing: /home/jetson/robot_ws/install/servicerobot_slam/share/servicerobot_slam/package.dsv
[2.311s] -- Installing: /home/jetson/robot_ws/install/servicerobot_slam/share/ament_index/resource_index/packages/servicerobot_slam
[2.312s] -- Installing: /home/jetson/robot_ws/install/servicerobot_slam/share/servicerobot_slam/cmake/servicerobot_slamConfig.cmake
[2.312s] -- Installing: /home/jetson/robot_ws/install/servicerobot_slam/share/servicerobot_slam/cmake/servicerobot_slamConfig-version.cmake
[2.312s] -- Installing: /home/jetson/robot_ws/install/servicerobot_slam/share/servicerobot_slam/package.xml
[2.352s] Invoked command in '/home/jetson/robot_ws/build/servicerobot_slam' returned '0': CMAKE_PREFIX_PATH=/home/jetson/robot_ws/install/servicerobot_joy:/opt/ros/humble /usr/bin/cmake --install /home/jetson/robot_ws/build/servicerobot_slam
